ARM GAS  C:\Users\rens_\AppData\Local\Temp\cc3761dY.s 			page 1


   1              		.syntax unified
   2              		.cpu cortex-m3
   3              		.fpu softvfp
   4              		.eabi_attribute 20, 1
   5              		.eabi_attribute 21, 1
   6              		.eabi_attribute 23, 3
   7              		.eabi_attribute 24, 1
   8              		.eabi_attribute 25, 1
   9              		.eabi_attribute 26, 1
  10              		.eabi_attribute 30, 1
  11              		.eabi_attribute 34, 1
  12              		.eabi_attribute 18, 4
  13              		.thumb
  14              		.syntax unified
  15              		.file	"cymetadata.c"
  16              		.text
  17              	.Ltext0:
  18              		.cfi_sections	.debug_frame
  19              		.global	cy_metadata
  20              		.global	cy_meta_flashprotect
  21              		.global	cy_meta_wonvl
  22              		.global	cy_meta_custnvl
  23              		.global	cy_meta_configecc
  24              		.section	.cyconfigecc,"a",%progbits
  25              		.align	2
  26              		.type	cy_meta_configecc, %object
  27              		.size	cy_meta_configecc, 1100
  28              	cy_meta_configecc:
  29 0000 06       		.byte	6
  30 0001 5A       		.byte	90
  31 0002 00       		.byte	0
  32 0003 40       		.byte	64
  33 0004 01       		.byte	1
  34 0005 5B       		.byte	91
  35 0006 00       		.byte	0
  36 0007 40       		.byte	64
  37 0008 03       		.byte	3
  38 0009 65       		.byte	101
  39 000a 00       		.byte	0
  40 000b 40       		.byte	64
  41 000c 01       		.byte	1
  42 000d 05       		.byte	5
  43 000e 01       		.byte	1
  44 000f 40       		.byte	64
  45 0010 01       		.byte	1
  46 0011 07       		.byte	7
  47 0012 01       		.byte	1
  48 0013 40       		.byte	64
  49 0014 04       		.byte	4
  50 0015 09       		.byte	9
  51 0016 01       		.byte	1
  52 0017 40       		.byte	64
  53 0018 04       		.byte	4
  54 0019 0B       		.byte	11
  55 001a 01       		.byte	1
  56 001b 40       		.byte	64
  57 001c 01       		.byte	1
ARM GAS  C:\Users\rens_\AppData\Local\Temp\cc3761dY.s 			page 2


  58 001d 0D       		.byte	13
  59 001e 01       		.byte	1
  60 001f 40       		.byte	64
  61 0020 02       		.byte	2
  62 0021 15       		.byte	21
  63 0022 01       		.byte	1
  64 0023 40       		.byte	64
  65 0024 01       		.byte	1
  66 0025 17       		.byte	23
  67 0026 01       		.byte	1
  68 0027 40       		.byte	64
  69 0028 37       		.byte	55
  70 0029 18       		.byte	24
  71 002a 01       		.byte	1
  72 002b 40       		.byte	64
  73 002c 44       		.byte	68
  74 002d 19       		.byte	25
  75 002e 01       		.byte	1
  76 002f 40       		.byte	64
  77 0030 56       		.byte	86
  78 0031 1A       		.byte	26
  79 0032 01       		.byte	1
  80 0033 40       		.byte	64
  81 0034 58       		.byte	88
  82 0035 1B       		.byte	27
  83 0036 01       		.byte	1
  84 0037 40       		.byte	64
  85 0038 07       		.byte	7
  86 0039 40       		.byte	64
  87 003a 01       		.byte	1
  88 003b 40       		.byte	64
  89 003c 05       		.byte	5
  90 003d 41       		.byte	65
  91 003e 01       		.byte	1
  92 003f 40       		.byte	64
  93 0040 08       		.byte	8
  94 0041 42       		.byte	66
  95 0042 01       		.byte	1
  96 0043 40       		.byte	64
  97 0044 04       		.byte	4
  98 0045 43       		.byte	67
  99 0046 01       		.byte	1
 100 0047 40       		.byte	64
 101 0048 02       		.byte	2
 102 0049 44       		.byte	68
 103 004a 01       		.byte	1
 104 004b 40       		.byte	64
 105 004c 05       		.byte	5
 106 004d 45       		.byte	69
 107 004e 01       		.byte	1
 108 004f 40       		.byte	64
 109 0050 0B       		.byte	11
 110 0051 46       		.byte	70
 111 0052 01       		.byte	1
 112 0053 40       		.byte	64
 113 0054 09       		.byte	9
 114 0055 47       		.byte	71
ARM GAS  C:\Users\rens_\AppData\Local\Temp\cc3761dY.s 			page 3


 115 0056 01       		.byte	1
 116 0057 40       		.byte	64
 117 0058 05       		.byte	5
 118 0059 48       		.byte	72
 119 005a 01       		.byte	1
 120 005b 40       		.byte	64
 121 005c 05       		.byte	5
 122 005d 49       		.byte	73
 123 005e 01       		.byte	1
 124 005f 40       		.byte	64
 125 0060 07       		.byte	7
 126 0061 4C       		.byte	76
 127 0062 01       		.byte	1
 128 0063 40       		.byte	64
 129 0064 0C       		.byte	12
 130 0065 4D       		.byte	77
 131 0066 01       		.byte	1
 132 0067 40       		.byte	64
 133 0068 02       		.byte	2
 134 0069 50       		.byte	80
 135 006a 01       		.byte	1
 136 006b 40       		.byte	64
 137 006c 03       		.byte	3
 138 006d 51       		.byte	81
 139 006e 01       		.byte	1
 140 006f 40       		.byte	64
 141 0070 2B       		.byte	43
 142 0071 04       		.byte	4
 143 0072 2C       		.byte	44
 144 0073 04       		.byte	4
 145 0074 3B       		.byte	59
 146 0075 04       		.byte	4
 147 0076 3C       		.byte	60
 148 0077 04       		.byte	4
 149 0078 C7       		.byte	-57
 150 0079 04       		.byte	4
 151 007a CF       		.byte	-49
 152 007b 04       		.byte	4
 153 007c 27       		.byte	39
 154 007d 21       		.byte	33
 155 007e 88       		.byte	-120
 156 007f 0F       		.byte	15
 157 0080 89       		.byte	-119
 158 0081 38       		.byte	56
 159 0082 8A       		.byte	-118
 160 0083 72       		.byte	114
 161 0084 E2       		.byte	-30
 162 0085 48       		.byte	72
 163 0086 EE       		.byte	-18
 164 0087 04       		.byte	4
 165 0088 9B       		.byte	-101
 166 0089 20       		.byte	32
 167 008a A2       		.byte	-94
 168 008b 10       		.byte	16
 169 008c A4       		.byte	-92
 170 008d 10       		.byte	16
 171 008e EE       		.byte	-18
ARM GAS  C:\Users\rens_\AppData\Local\Temp\cc3761dY.s 			page 4


 172 008f 04       		.byte	4
 173 0090 84       		.byte	-124
 174 0091 10       		.byte	16
 175 0092 87       		.byte	-121
 176 0093 20       		.byte	32
 177 0094 A2       		.byte	-94
 178 0095 10       		.byte	16
 179 0096 E2       		.byte	-30
 180 0097 42       		.byte	66
 181 0098 8A       		.byte	-118
 182 0099 10       		.byte	16
 183 009a E4       		.byte	-28
 184 009b 01       		.byte	1
 185 009c EE       		.byte	-18
 186 009d 02       		.byte	2
 187 009e E2       		.byte	-30
 188 009f 20       		.byte	32
 189 00a0 00       		.byte	0
 190 00a1 DC       		.byte	-36
 191 00a2 02       		.byte	2
 192 00a3 22       		.byte	34
 193 00a4 04       		.byte	4
 194 00a5 10       		.byte	16
 195 00a6 06       		.byte	6
 196 00a7 40       		.byte	64
 197 00a8 09       		.byte	9
 198 00a9 03       		.byte	3
 199 00aa 0B       		.byte	11
 200 00ab 44       		.byte	68
 201 00ac 11       		.byte	17
 202 00ad 2A       		.byte	42
 203 00ae 13       		.byte	19
 204 00af 44       		.byte	68
 205 00b0 16       		.byte	22
 206 00b1 03       		.byte	3
 207 00b2 18       		.byte	24
 208 00b3 14       		.byte	20
 209 00b4 19       		.byte	25
 210 00b5 73       		.byte	115
 211 00b6 1B       		.byte	27
 212 00b7 0C       		.byte	12
 213 00b8 1F       		.byte	31
 214 00b9 08       		.byte	8
 215 00ba 20       		.byte	32
 216 00bb 0C       		.byte	12
 217 00bc 21       		.byte	33
 218 00bd 73       		.byte	115
 219 00be 22       		.byte	34
 220 00bf 71       		.byte	113
 221 00c0 23       		.byte	35
 222 00c1 04       		.byte	4
 223 00c2 26       		.byte	38
 224 00c3 20       		.byte	32
 225 00c4 27       		.byte	39
 226 00c5 55       		.byte	85
 227 00c6 28       		.byte	40
 228 00c7 10       		.byte	16
ARM GAS  C:\Users\rens_\AppData\Local\Temp\cc3761dY.s 			page 5


 229 00c8 2A       		.byte	42
 230 00c9 AC       		.byte	-84
 231 00ca 2C       		.byte	44
 232 00cb 09       		.byte	9
 233 00cc 2E       		.byte	46
 234 00cd D0       		.byte	-48
 235 00ce 32       		.byte	50
 236 00cf 1F       		.byte	31
 237 00d0 33       		.byte	51
 238 00d1 0F       		.byte	15
 239 00d2 35       		.byte	53
 240 00d3 30       		.byte	48
 241 00d4 36       		.byte	54
 242 00d5 E0       		.byte	-32
 243 00d6 37       		.byte	55
 244 00d7 40       		.byte	64
 245 00d8 39       		.byte	57
 246 00d9 20       		.byte	32
 247 00da 3A       		.byte	58
 248 00db 80       		.byte	-128
 249 00dc 3B       		.byte	59
 250 00dd 08       		.byte	8
 251 00de 3F       		.byte	63
 252 00df 50       		.byte	80
 253 00e0 40       		.byte	64
 254 00e1 23       		.byte	35
 255 00e2 41       		.byte	65
 256 00e3 04       		.byte	4
 257 00e4 45       		.byte	69
 258 00e5 0B       		.byte	11
 259 00e6 46       		.byte	70
 260 00e7 C0       		.byte	-64
 261 00e8 47       		.byte	71
 262 00e9 0E       		.byte	14
 263 00ea 48       		.byte	72
 264 00eb 19       		.byte	25
 265 00ec 49       		.byte	73
 266 00ed FF       		.byte	-1
 267 00ee 4A       		.byte	74
 268 00ef FF       		.byte	-1
 269 00f0 4B       		.byte	75
 270 00f1 FF       		.byte	-1
 271 00f2 4E       		.byte	78
 272 00f3 F0       		.byte	-16
 273 00f4 4F       		.byte	79
 274 00f5 44       		.byte	68
 275 00f6 50       		.byte	80
 276 00f7 0C       		.byte	12
 277 00f8 54       		.byte	84
 278 00f9 01       		.byte	1
 279 00fa 58       		.byte	88
 280 00fb 04       		.byte	4
 281 00fc 59       		.byte	89
 282 00fd 04       		.byte	4
 283 00fe 5A       		.byte	90
 284 00ff 04       		.byte	4
 285 0100 5B       		.byte	91
ARM GAS  C:\Users\rens_\AppData\Local\Temp\cc3761dY.s 			page 6


 286 0101 04       		.byte	4
 287 0102 5C       		.byte	92
 288 0103 11       		.byte	17
 289 0104 5D       		.byte	93
 290 0105 11       		.byte	17
 291 0106 5F       		.byte	95
 292 0107 01       		.byte	1
 293 0108 66       		.byte	102
 294 0109 C0       		.byte	-64
 295 010a 6A       		.byte	106
 296 010b 40       		.byte	64
 297 010c 6B       		.byte	107
 298 010d 02       		.byte	2
 299 010e 00       		.byte	0
 300 010f 02       		.byte	2
 301 0110 03       		.byte	3
 302 0111 1A       		.byte	26
 303 0112 05       		.byte	5
 304 0113 02       		.byte	2
 305 0114 06       		.byte	6
 306 0115 10       		.byte	16
 307 0116 08       		.byte	8
 308 0117 91       		.byte	-111
 309 0118 0B       		.byte	11
 310 0119 20       		.byte	32
 311 011a 0E       		.byte	14
 312 011b 10       		.byte	16
 313 011c 0F       		.byte	15
 314 011d 08       		.byte	8
 315 011e 11       		.byte	17
 316 011f 08       		.byte	8
 317 0120 12       		.byte	18
 318 0121 19       		.byte	25
 319 0122 13       		.byte	19
 320 0123 01       		.byte	1
 321 0124 14       		.byte	20
 322 0125 50       		.byte	80
 323 0126 17       		.byte	23
 324 0127 50       		.byte	80
 325 0128 19       		.byte	25
 326 0129 92       		.byte	-110
 327 012a 1B       		.byte	27
 328 012b 08       		.byte	8
 329 012c 1C       		.byte	28
 330 012d 02       		.byte	2
 331 012e 1E       		.byte	30
 332 012f 10       		.byte	16
 333 0130 1F       		.byte	31
 334 0131 40       		.byte	64
 335 0132 20       		.byte	32
 336 0133 41       		.byte	65
 337 0134 21       		.byte	33
 338 0135 18       		.byte	24
 339 0136 22       		.byte	34
 340 0137 22       		.byte	34
 341 0138 23       		.byte	35
 342 0139 10       		.byte	16
ARM GAS  C:\Users\rens_\AppData\Local\Temp\cc3761dY.s 			page 7


 343 013a 26       		.byte	38
 344 013b 40       		.byte	64
 345 013c 27       		.byte	39
 346 013d 14       		.byte	20
 347 013e 28       		.byte	40
 348 013f 20       		.byte	32
 349 0140 2C       		.byte	44
 350 0141 50       		.byte	80
 351 0142 2F       		.byte	47
 352 0143 60       		.byte	96
 353 0144 31       		.byte	49
 354 0145 08       		.byte	8
 355 0146 32       		.byte	50
 356 0147 50       		.byte	80
 357 0148 34       		.byte	52
 358 0149 81       		.byte	-127
 359 014a 35       		.byte	53
 360 014b 82       		.byte	-126
 361 014c 37       		.byte	55
 362 014d 50       		.byte	80
 363 014e 38       		.byte	56
 364 014f 40       		.byte	64
 365 0150 39       		.byte	57
 366 0151 04       		.byte	4
 367 0152 3D       		.byte	61
 368 0153 10       		.byte	16
 369 0154 3F       		.byte	63
 370 0155 20       		.byte	32
 371 0156 40       		.byte	64
 372 0157 01       		.byte	1
 373 0158 41       		.byte	65
 374 0159 10       		.byte	16
 375 015a 42       		.byte	66
 376 015b 20       		.byte	32
 377 015c 43       		.byte	67
 378 015d 02       		.byte	2
 379 015e 44       		.byte	68
 380 015f 50       		.byte	80
 381 0160 47       		.byte	71
 382 0161 10       		.byte	16
 383 0162 49       		.byte	73
 384 0163 20       		.byte	32
 385 0164 4B       		.byte	75
 386 0165 20       		.byte	32
 387 0166 4F       		.byte	79
 388 0167 08       		.byte	8
 389 0168 50       		.byte	80
 390 0169 40       		.byte	64
 391 016a 52       		.byte	82
 392 016b 01       		.byte	1
 393 016c 54       		.byte	84
 394 016d 04       		.byte	4
 395 016e 57       		.byte	87
 396 016f 10       		.byte	16
 397 0170 5A       		.byte	90
 398 0171 02       		.byte	2
 399 0172 5D       		.byte	93
ARM GAS  C:\Users\rens_\AppData\Local\Temp\cc3761dY.s 			page 8


 400 0173 10       		.byte	16
 401 0174 5E       		.byte	94
 402 0175 88       		.byte	-120
 403 0176 5F       		.byte	95
 404 0177 02       		.byte	2
 405 0178 61       		.byte	97
 406 0179 50       		.byte	80
 407 017a 9B       		.byte	-101
 408 017b 20       		.byte	32
 409 017c A2       		.byte	-94
 410 017d 10       		.byte	16
 411 017e A4       		.byte	-92
 412 017f 10       		.byte	16
 413 0180 C0       		.byte	-64
 414 0181 3F       		.byte	63
 415 0182 C2       		.byte	-62
 416 0183 6F       		.byte	111
 417 0184 C4       		.byte	-60
 418 0185 FF       		.byte	-1
 419 0186 CA       		.byte	-54
 420 0187 C2       		.byte	-62
 421 0188 CC       		.byte	-52
 422 0189 BE       		.byte	-66
 423 018a CE       		.byte	-50
 424 018b 2A       		.byte	42
 425 018c D0       		.byte	-48
 426 018d EF       		.byte	-17
 427 018e D2       		.byte	-46
 428 018f 04       		.byte	4
 429 0190 D6       		.byte	-42
 430 0191 F1       		.byte	-15
 431 0192 D8       		.byte	-40
 432 0193 0C       		.byte	12
 433 0194 E2       		.byte	-30
 434 0195 20       		.byte	32
 435 0196 00       		.byte	0
 436 0197 01       		.byte	1
 437 0198 01       		.byte	1
 438 0199 FF       		.byte	-1
 439 019a 02       		.byte	2
 440 019b 40       		.byte	64
 441 019c 04       		.byte	4
 442 019d 3F       		.byte	63
 443 019e 05       		.byte	5
 444 019f 08       		.byte	8
 445 01a0 08       		.byte	8
 446 01a1 1C       		.byte	28
 447 01a2 09       		.byte	9
 448 01a3 80       		.byte	-128
 449 01a4 0A       		.byte	10
 450 01a5 23       		.byte	35
 451 01a6 0C       		.byte	12
 452 01a7 1F       		.byte	31
 453 01a8 0D       		.byte	13
 454 01a9 44       		.byte	68
 455 01aa 0E       		.byte	14
 456 01ab 20       		.byte	32
ARM GAS  C:\Users\rens_\AppData\Local\Temp\cc3761dY.s 			page 9


 457 01ac 11       		.byte	17
 458 01ad C0       		.byte	-64
 459 01ae 14       		.byte	20
 460 01af 0C       		.byte	12
 461 01b0 15       		.byte	21
 462 01b1 18       		.byte	24
 463 01b2 18       		.byte	24
 464 01b3 04       		.byte	4
 465 01b4 1B       		.byte	27
 466 01b5 E3       		.byte	-29
 467 01b6 1C       		.byte	28
 468 01b7 33       		.byte	51
 469 01b8 1D       		.byte	29
 470 01b9 10       		.byte	16
 471 01ba 1E       		.byte	30
 472 01bb 0C       		.byte	12
 473 01bc 20       		.byte	32
 474 01bd 08       		.byte	8
 475 01be 21       		.byte	33
 476 01bf E7       		.byte	-25
 477 01c0 23       		.byte	35
 478 01c1 18       		.byte	24
 479 01c2 26       		.byte	38
 480 01c3 23       		.byte	35
 481 01c4 27       		.byte	39
 482 01c5 04       		.byte	4
 483 01c6 28       		.byte	40
 484 01c7 02       		.byte	2
 485 01c8 29       		.byte	41
 486 01c9 3C       		.byte	60
 487 01ca 2B       		.byte	43
 488 01cb C2       		.byte	-62
 489 01cc 2C       		.byte	44
 490 01cd 03       		.byte	3
 491 01ce 2D       		.byte	45
 492 01cf 1C       		.byte	28
 493 01d0 2F       		.byte	47
 494 01d1 E1       		.byte	-31
 495 01d2 30       		.byte	48
 496 01d3 10       		.byte	16
 497 01d4 31       		.byte	49
 498 01d5 C0       		.byte	-64
 499 01d6 32       		.byte	50
 500 01d7 40       		.byte	64
 501 01d8 33       		.byte	51
 502 01d9 1F       		.byte	31
 503 01da 34       		.byte	52
 504 01db 0F       		.byte	15
 505 01dc 35       		.byte	53
 506 01dd 38       		.byte	56
 507 01de 36       		.byte	54
 508 01df 2C       		.byte	44
 509 01e0 3A       		.byte	58
 510 01e1 A0       		.byte	-96
 511 01e2 3B       		.byte	59
 512 01e3 08       		.byte	8
 513 01e4 3E       		.byte	62
ARM GAS  C:\Users\rens_\AppData\Local\Temp\cc3761dY.s 			page 10


 514 01e5 01       		.byte	1
 515 01e6 56       		.byte	86
 516 01e7 02       		.byte	2
 517 01e8 57       		.byte	87
 518 01e9 13       		.byte	19
 519 01ea 58       		.byte	88
 520 01eb 04       		.byte	4
 521 01ec 59       		.byte	89
 522 01ed 04       		.byte	4
 523 01ee 5B       		.byte	91
 524 01ef 04       		.byte	4
 525 01f0 5C       		.byte	92
 526 01f1 11       		.byte	17
 527 01f2 5D       		.byte	93
 528 01f3 10       		.byte	16
 529 01f4 5F       		.byte	95
 530 01f5 01       		.byte	1
 531 01f6 82       		.byte	-126
 532 01f7 04       		.byte	4
 533 01f8 85       		.byte	-123
 534 01f9 01       		.byte	1
 535 01fa 86       		.byte	-122
 536 01fb 02       		.byte	2
 537 01fc 89       		.byte	-119
 538 01fd 02       		.byte	2
 539 01fe 8E       		.byte	-114
 540 01ff 08       		.byte	8
 541 0200 96       		.byte	-106
 542 0201 01       		.byte	1
 543 0202 9A       		.byte	-102
 544 0203 08       		.byte	8
 545 0204 A2       		.byte	-94
 546 0205 04       		.byte	4
 547 0206 AA       		.byte	-86
 548 0207 03       		.byte	3
 549 0208 B0       		.byte	-80
 550 0209 04       		.byte	4
 551 020a B1       		.byte	-79
 552 020b 02       		.byte	2
 553 020c B2       		.byte	-78
 554 020d 03       		.byte	3
 555 020e B3       		.byte	-77
 556 020f 01       		.byte	1
 557 0210 B6       		.byte	-74
 558 0211 08       		.byte	8
 559 0212 BA       		.byte	-70
 560 0213 20       		.byte	32
 561 0214 BE       		.byte	-66
 562 0215 45       		.byte	69
 563 0216 BF       		.byte	-65
 564 0217 05       		.byte	5
 565 0218 C0       		.byte	-64
 566 0219 03       		.byte	3
 567 021a C7       		.byte	-57
 568 021b 04       		.byte	4
 569 021c C9       		.byte	-55
 570 021d FF       		.byte	-1
ARM GAS  C:\Users\rens_\AppData\Local\Temp\cc3761dY.s 			page 11


 571 021e CA       		.byte	-54
 572 021f 07       		.byte	7
 573 0220 CB       		.byte	-53
 574 0221 FF       		.byte	-1
 575 0222 CC       		.byte	-52
 576 0223 40       		.byte	64
 577 0224 CD       		.byte	-51
 578 0225 20       		.byte	32
 579 0226 CE       		.byte	-50
 580 0227 F0       		.byte	-16
 581 0228 CF       		.byte	-49
 582 0229 05       		.byte	5
 583 022a D0       		.byte	-48
 584 022b 08       		.byte	8
 585 022c D8       		.byte	-40
 586 022d 04       		.byte	4
 587 022e D9       		.byte	-39
 588 022f 04       		.byte	4
 589 0230 DA       		.byte	-38
 590 0231 04       		.byte	4
 591 0232 DB       		.byte	-37
 592 0233 04       		.byte	4
 593 0234 DC       		.byte	-36
 594 0235 01       		.byte	1
 595 0236 DD       		.byte	-35
 596 0237 01       		.byte	1
 597 0238 DF       		.byte	-33
 598 0239 01       		.byte	1
 599 023a E0       		.byte	-32
 600 023b 40       		.byte	64
 601 023c E1       		.byte	-31
 602 023d A8       		.byte	-88
 603 023e E2       		.byte	-30
 604 023f 40       		.byte	64
 605 0240 E3       		.byte	-29
 606 0241 20       		.byte	32
 607 0242 00       		.byte	0
 608 0243 04       		.byte	4
 609 0244 01       		.byte	1
 610 0245 80       		.byte	-128
 611 0246 02       		.byte	2
 612 0247 08       		.byte	8
 613 0248 03       		.byte	3
 614 0249 88       		.byte	-120
 615 024a 04       		.byte	4
 616 024b 80       		.byte	-128
 617 024c 07       		.byte	7
 618 024d 60       		.byte	96
 619 024e 08       		.byte	8
 620 024f 80       		.byte	-128
 621 0250 09       		.byte	9
 622 0251 08       		.byte	8
 623 0252 0A       		.byte	10
 624 0253 04       		.byte	4
 625 0254 0E       		.byte	14
 626 0255 20       		.byte	32
 627 0256 0F       		.byte	15
ARM GAS  C:\Users\rens_\AppData\Local\Temp\cc3761dY.s 			page 12


 628 0257 04       		.byte	4
 629 0258 10       		.byte	16
 630 0259 80       		.byte	-128
 631 025a 12       		.byte	18
 632 025b 22       		.byte	34
 633 025c 13       		.byte	19
 634 025d 10       		.byte	16
 635 025e 15       		.byte	21
 636 025f 10       		.byte	16
 637 0260 17       		.byte	23
 638 0261 01       		.byte	1
 639 0262 19       		.byte	25
 640 0263 A5       		.byte	-91
 641 0264 1C       		.byte	28
 642 0265 24       		.byte	36
 643 0266 1D       		.byte	29
 644 0267 40       		.byte	64
 645 0268 1E       		.byte	30
 646 0269 40       		.byte	64
 647 026a 22       		.byte	34
 648 026b 09       		.byte	9
 649 026c 23       		.byte	35
 650 026d 04       		.byte	4
 651 026e 25       		.byte	37
 652 026f 01       		.byte	1
 653 0270 26       		.byte	38
 654 0271 04       		.byte	4
 655 0272 28       		.byte	40
 656 0273 80       		.byte	-128
 657 0274 29       		.byte	41
 658 0275 84       		.byte	-124
 659 0276 2B       		.byte	43
 660 0277 08       		.byte	8
 661 0278 2F       		.byte	47
 662 0279 03       		.byte	3
 663 027a 30       		.byte	48
 664 027b 80       		.byte	-128
 665 027c 31       		.byte	49
 666 027d 08       		.byte	8
 667 027e 32       		.byte	50
 668 027f 22       		.byte	34
 669 0280 39       		.byte	57
 670 0281 40       		.byte	64
 671 0282 3A       		.byte	58
 672 0283 08       		.byte	8
 673 0284 3B       		.byte	59
 674 0285 12       		.byte	18
 675 0286 3C       		.byte	60
 676 0287 08       		.byte	8
 677 0288 3E       		.byte	62
 678 0289 10       		.byte	16
 679 028a 47       		.byte	71
 680 028b 04       		.byte	4
 681 028c 55       		.byte	85
 682 028d 04       		.byte	4
 683 028e 57       		.byte	87
 684 028f 20       		.byte	32
ARM GAS  C:\Users\rens_\AppData\Local\Temp\cc3761dY.s 			page 13


 685 0290 59       		.byte	89
 686 0291 01       		.byte	1
 687 0292 5E       		.byte	94
 688 0293 40       		.byte	64
 689 0294 65       		.byte	101
 690 0295 80       		.byte	-128
 691 0296 66       		.byte	102
 692 0297 20       		.byte	32
 693 0298 67       		.byte	103
 694 0299 05       		.byte	5
 695 029a 69       		.byte	105
 696 029b 04       		.byte	4
 697 029c 6A       		.byte	106
 698 029d A0       		.byte	-96
 699 029e 6D       		.byte	109
 700 029f 10       		.byte	16
 701 02a0 6F       		.byte	111
 702 02a1 01       		.byte	1
 703 02a2 70       		.byte	112
 704 02a3 80       		.byte	-128
 705 02a4 71       		.byte	113
 706 02a5 08       		.byte	8
 707 02a6 72       		.byte	114
 708 02a7 0C       		.byte	12
 709 02a8 80       		.byte	-128
 710 02a9 04       		.byte	4
 711 02aa 83       		.byte	-125
 712 02ab 42       		.byte	66
 713 02ac 88       		.byte	-120
 714 02ad 80       		.byte	-128
 715 02ae 89       		.byte	-119
 716 02af 20       		.byte	32
 717 02b0 8C       		.byte	-116
 718 02b1 20       		.byte	32
 719 02b2 8D       		.byte	-115
 720 02b3 41       		.byte	65
 721 02b4 8F       		.byte	-113
 722 02b5 80       		.byte	-128
 723 02b6 90       		.byte	-112
 724 02b7 80       		.byte	-128
 725 02b8 92       		.byte	-110
 726 02b9 10       		.byte	16
 727 02ba 93       		.byte	-109
 728 02bb 10       		.byte	16
 729 02bc 95       		.byte	-107
 730 02bd 04       		.byte	4
 731 02be 96       		.byte	-106
 732 02bf E2       		.byte	-30
 733 02c0 97       		.byte	-105
 734 02c1 01       		.byte	1
 735 02c2 9B       		.byte	-101
 736 02c3 24       		.byte	36
 737 02c4 9C       		.byte	-100
 738 02c5 20       		.byte	32
 739 02c6 9D       		.byte	-99
 740 02c7 60       		.byte	96
 741 02c8 9E       		.byte	-98
ARM GAS  C:\Users\rens_\AppData\Local\Temp\cc3761dY.s 			page 14


 742 02c9 20       		.byte	32
 743 02ca A0       		.byte	-96
 744 02cb 04       		.byte	4
 745 02cc A2       		.byte	-94
 746 02cd 32       		.byte	50
 747 02ce A4       		.byte	-92
 748 02cf 10       		.byte	16
 749 02d0 A5       		.byte	-91
 750 02d1 04       		.byte	4
 751 02d2 A6       		.byte	-90
 752 02d3 0C       		.byte	12
 753 02d4 A7       		.byte	-89
 754 02d5 22       		.byte	34
 755 02d6 AA       		.byte	-86
 756 02d7 40       		.byte	64
 757 02d8 B0       		.byte	-80
 758 02d9 04       		.byte	4
 759 02da B3       		.byte	-77
 760 02db 02       		.byte	2
 761 02dc C0       		.byte	-64
 762 02dd BF       		.byte	-65
 763 02de C2       		.byte	-62
 764 02df 67       		.byte	103
 765 02e0 C4       		.byte	-60
 766 02e1 5F       		.byte	95
 767 02e2 CA       		.byte	-54
 768 02e3 0F       		.byte	15
 769 02e4 CC       		.byte	-52
 770 02e5 0F       		.byte	15
 771 02e6 CE       		.byte	-50
 772 02e7 6F       		.byte	111
 773 02e8 D0       		.byte	-48
 774 02e9 40       		.byte	64
 775 02ea D6       		.byte	-42
 776 02eb 11       		.byte	17
 777 02ec E4       		.byte	-28
 778 02ed 01       		.byte	1
 779 02ee E8       		.byte	-24
 780 02ef 04       		.byte	4
 781 02f0 EE       		.byte	-18
 782 02f1 02       		.byte	2
 783 02f2 30       		.byte	48
 784 02f3 02       		.byte	2
 785 02f4 36       		.byte	54
 786 02f5 04       		.byte	4
 787 02f6 39       		.byte	57
 788 02f7 04       		.byte	4
 789 02f8 3B       		.byte	59
 790 02f9 40       		.byte	64
 791 02fa 3C       		.byte	60
 792 02fb 40       		.byte	64
 793 02fc CC       		.byte	-52
 794 02fd C0       		.byte	-64
 795 02fe CE       		.byte	-50
 796 02ff 70       		.byte	112
 797 0300 94       		.byte	-108
 798 0301 40       		.byte	64
ARM GAS  C:\Users\rens_\AppData\Local\Temp\cc3761dY.s 			page 15


 799 0302 95       		.byte	-107
 800 0303 04       		.byte	4
 801 0304 97       		.byte	-105
 802 0305 40       		.byte	64
 803 0306 A4       		.byte	-92
 804 0307 02       		.byte	2
 805 0308 A6       		.byte	-90
 806 0309 04       		.byte	4
 807 030a 84       		.byte	-124
 808 030b 02       		.byte	2
 809 030c 8E       		.byte	-114
 810 030d 04       		.byte	4
 811 030e 94       		.byte	-108
 812 030f 40       		.byte	64
 813 0310 95       		.byte	-107
 814 0311 04       		.byte	4
 815 0312 97       		.byte	-105
 816 0313 40       		.byte	64
 817 0314 A4       		.byte	-92
 818 0315 02       		.byte	2
 819 0316 A6       		.byte	-90
 820 0317 04       		.byte	4
 821 0318 E2       		.byte	-30
 822 0319 10       		.byte	16
 823 031a 95       		.byte	-107
 824 031b 04       		.byte	4
 825 031c 97       		.byte	-105
 826 031d 40       		.byte	64
 827 031e A8       		.byte	-88
 828 031f 40       		.byte	64
 829 0320 EE       		.byte	-18
 830 0321 20       		.byte	32
 831 0322 2B       		.byte	43
 832 0323 01       		.byte	1
 833 0324 CA       		.byte	-54
 834 0325 08       		.byte	8
 835 0326 10       		.byte	16
 836 0327 20       		.byte	32
 837 0328 8B       		.byte	-117
 838 0329 01       		.byte	1
 839 032a A3       		.byte	-93
 840 032b 01       		.byte	1
 841 032c C4       		.byte	-60
 842 032d 08       		.byte	8
 843 032e E2       		.byte	-30
 844 032f 01       		.byte	1
 845 0330 1A       		.byte	26
 846 0331 20       		.byte	32
 847 0332 1B       		.byte	27
 848 0333 04       		.byte	4
 849 0334 30       		.byte	48
 850 0335 02       		.byte	2
 851 0336 49       		.byte	73
 852 0337 20       		.byte	32
 853 0338 84       		.byte	-124
 854 0339 20       		.byte	32
 855 033a 8E       		.byte	-114
ARM GAS  C:\Users\rens_\AppData\Local\Temp\cc3761dY.s 			page 16


 856 033b 10       		.byte	16
 857 033c A0       		.byte	-96
 858 033d 20       		.byte	32
 859 033e C6       		.byte	-58
 860 033f 08       		.byte	8
 861 0340 CC       		.byte	-52
 862 0341 02       		.byte	2
 863 0342 D2       		.byte	-46
 864 0343 08       		.byte	8
 865 0344 E2       		.byte	-30
 866 0345 02       		.byte	2
 867 0346 30       		.byte	48
 868 0347 02       		.byte	2
 869 0348 3F       		.byte	63
 870 0349 02       		.byte	2
 871 034a 57       		.byte	87
 872 034b 01       		.byte	1
 873 034c 5D       		.byte	93
 874 034d 20       		.byte	32
 875 034e 9D       		.byte	-99
 876 034f 20       		.byte	32
 877 0350 A4       		.byte	-92
 878 0351 02       		.byte	2
 879 0352 AB       		.byte	-85
 880 0353 04       		.byte	4
 881 0354 CC       		.byte	-52
 882 0355 02       		.byte	2
 883 0356 CE       		.byte	-50
 884 0357 01       		.byte	1
 885 0358 27       		.byte	39
 886 0359 40       		.byte	64
 887 035a 89       		.byte	-119
 888 035b 04       		.byte	4
 889 035c 95       		.byte	-107
 890 035d 04       		.byte	4
 891 035e 97       		.byte	-105
 892 035f 40       		.byte	64
 893 0360 C8       		.byte	-56
 894 0361 80       		.byte	-128
 895 0362 83       		.byte	-125
 896 0363 40       		.byte	64
 897 0364 9B       		.byte	-101
 898 0365 40       		.byte	64
 899 0366 AF       		.byte	-81
 900 0367 40       		.byte	64
 901 0368 E4       		.byte	-28
 902 0369 80       		.byte	-128
 903 036a EE       		.byte	-18
 904 036b 40       		.byte	64
 905 036c 1C       		.byte	28
 906 036d 08       		.byte	8
 907 036e 1F       		.byte	31
 908 036f 10       		.byte	16
 909 0370 88       		.byte	-120
 910 0371 04       		.byte	4
 911 0372 9D       		.byte	-99
 912 0373 20       		.byte	32
ARM GAS  C:\Users\rens_\AppData\Local\Temp\cc3761dY.s 			page 17


 913 0374 A4       		.byte	-92
 914 0375 02       		.byte	2
 915 0376 C6       		.byte	-58
 916 0377 01       		.byte	1
 917 0378 E2       		.byte	-30
 918 0379 04       		.byte	4
 919 037a 12       		.byte	18
 920 037b 80       		.byte	-128
 921 037c 75       		.byte	117
 922 037d 04       		.byte	4
 923 037e 81       		.byte	-127
 924 037f 20       		.byte	32
 925 0380 8D       		.byte	-115
 926 0381 04       		.byte	4
 927 0382 8E       		.byte	-114
 928 0383 80       		.byte	-128
 929 0384 9D       		.byte	-99
 930 0385 20       		.byte	32
 931 0386 A8       		.byte	-88
 932 0387 02       		.byte	2
 933 0388 AF       		.byte	-81
 934 0389 10       		.byte	16
 935 038a C4       		.byte	-60
 936 038b 08       		.byte	8
 937 038c DE       		.byte	-34
 938 038d 04       		.byte	4
 939 038e E0       		.byte	-32
 940 038f 08       		.byte	8
 941 0390 E2       		.byte	-30
 942 0391 02       		.byte	2
 943 0392 10       		.byte	16
 944 0393 02       		.byte	2
 945 0394 1C       		.byte	28
 946 0395 02       		.byte	2
 947 0396 00       		.byte	0
 948 0397 F5       		.byte	-11
 949 0398 01       		.byte	1
 950 0399 03       		.byte	3
 951 039a 10       		.byte	16
 952 039b 0A       		.byte	10
 953 039c 80       		.byte	-128
 954 039d 80       		.byte	-128
 955 039e 00       		.byte	0
 956 039f 00       		.byte	0
 957 03a0 40       		.byte	64
 958 03a1 00       		.byte	0
 959 03a2 00       		.byte	0
 960 03a3 00       		.byte	0
 961 03a4 11       		.byte	17
 962 03a5 00       		.byte	0
 963 03a6 0E       		.byte	14
 964 03a7 00       		.byte	0
 965 03a8 11       		.byte	17
 966 03a9 E7       		.byte	-25
 967 03aa 06       		.byte	6
 968 03ab 00       		.byte	0
 969 03ac 00       		.byte	0
ARM GAS  C:\Users\rens_\AppData\Local\Temp\cc3761dY.s 			page 18


 970 03ad 00       		.byte	0
 971 03ae 80       		.byte	-128
 972 03af 00       		.byte	0
 973 03b0 40       		.byte	64
 974 03b1 01       		.byte	1
 975 03b2 00       		.byte	0
 976 03b3 0E       		.byte	14
 977 03b4 0C       		.byte	12
 978 03b5 00       		.byte	0
 979 03b6 13       		.byte	19
 980 03b7 00       		.byte	0
 981 03b8 40       		.byte	64
 982 03b9 44       		.byte	68
 983 03ba 00       		.byte	0
 984 03bb 31       		.byte	49
 985 03bc 20       		.byte	32
 986 03bd E7       		.byte	-25
 987 03be 03       		.byte	3
 988 03bf 00       		.byte	0
 989 03c0 00       		.byte	0
 990 03c1 80       		.byte	-128
 991 03c2 0C       		.byte	12
 992 03c3 00       		.byte	0
 993 03c4 00       		.byte	0
 994 03c5 00       		.byte	0
 995 03c6 40       		.byte	64
 996 03c7 00       		.byte	0
 997 03c8 00       		.byte	0
 998 03c9 22       		.byte	34
 999 03ca 08       		.byte	8
 1000 03cb 51       		.byte	81
 1001 03cc 00       		.byte	0
 1002 03cd 00       		.byte	0
 1003 03ce 40       		.byte	64
 1004 03cf 00       		.byte	0
 1005 03d0 00       		.byte	0
 1006 03d1 00       		.byte	0
 1007 03d2 80       		.byte	-128
 1008 03d3 00       		.byte	0
 1009 03d4 0F       		.byte	15
 1010 03d5 07       		.byte	7
 1011 03d6 40       		.byte	64
 1012 03d7 60       		.byte	96
 1013 03d8 80       		.byte	-128
 1014 03d9 80       		.byte	-128
 1015 03da 30       		.byte	48
 1016 03db 18       		.byte	24
 1017 03dc 88       		.byte	-120
 1018 03dd 00       		.byte	0
 1019 03de 02       		.byte	2
 1020 03df 00       		.byte	0
 1021 03e0 00       		.byte	0
 1022 03e1 00       		.byte	0
 1023 03e2 10       		.byte	16
 1024 03e3 40       		.byte	64
 1025 03e4 62       		.byte	98
 1026 03e5 04       		.byte	4
ARM GAS  C:\Users\rens_\AppData\Local\Temp\cc3761dY.s 			page 19


 1027 03e6 03       		.byte	3
 1028 03e7 00       		.byte	0
 1029 03e8 01       		.byte	1
 1030 03e9 00       		.byte	0
 1031 03ea 0C       		.byte	12
 1032 03eb E0       		.byte	-32
 1033 03ec 24       		.byte	36
 1034 03ed FF       		.byte	-1
 1035 03ee FF       		.byte	-1
 1036 03ef FF       		.byte	-1
 1037 03f0 62       		.byte	98
 1038 03f1 A0       		.byte	-96
 1039 03f2 F0       		.byte	-16
 1040 03f3 41       		.byte	65
 1041 03f4 0C       		.byte	12
 1042 03f5 00       		.byte	0
 1043 03f6 00       		.byte	0
 1044 03f7 00       		.byte	0
 1045 03f8 18       		.byte	24
 1046 03f9 00       		.byte	0
 1047 03fa 00       		.byte	0
 1048 03fb 00       		.byte	0
 1049 03fc 04       		.byte	4
 1050 03fd 04       		.byte	4
 1051 03fe 04       		.byte	4
 1052 03ff 04       		.byte	4
 1053 0400 11       		.byte	17
 1054 0401 11       		.byte	17
 1055 0402 00       		.byte	0
 1056 0403 01       		.byte	1
 1057 0404 00       		.byte	0
 1058 0405 00       		.byte	0
 1059 0406 00       		.byte	0
 1060 0407 00       		.byte	0
 1061 0408 00       		.byte	0
 1062 0409 00       		.byte	0
 1063 040a 40       		.byte	64
 1064 040b 02       		.byte	2
 1065 040c 00       		.byte	0
 1066 040d 10       		.byte	16
 1067 040e 30       		.byte	48
 1068 040f 10       		.byte	16
 1069 0410 00       		.byte	0
 1070 0411 10       		.byte	16
 1071 0412 10       		.byte	16
 1072 0413 12       		.byte	18
 1073 0414 00       		.byte	0
 1074 0415 00       		.byte	0
 1075 0416 00       		.byte	0
 1076 0417 00       		.byte	0
 1077 0418 00       		.byte	0
 1078 0419 00       		.byte	0
 1079 041a 00       		.byte	0
 1080 041b 00       		.byte	0
 1081 041c 00       		.byte	0
 1082 041d 00       		.byte	0
 1083 041e 00       		.byte	0
ARM GAS  C:\Users\rens_\AppData\Local\Temp\cc3761dY.s 			page 20


 1084 041f 00       		.byte	0
 1085 0420 00       		.byte	0
 1086 0421 00       		.byte	0
 1087 0422 00       		.byte	0
 1088 0423 00       		.byte	0
 1089 0424 00       		.byte	0
 1090 0425 00       		.byte	0
 1091 0426 00       		.byte	0
 1092 0427 00       		.byte	0
 1093 0428 00       		.byte	0
 1094 0429 00       		.byte	0
 1095 042a 14       		.byte	20
 1096 042b 00       		.byte	0
 1097 042c 80       		.byte	-128
 1098 042d 00       		.byte	0
 1099 042e 40       		.byte	64
 1100 042f 80       		.byte	-128
 1101 0430 80       		.byte	-128
 1102 0431 00       		.byte	0
 1103 0432 80       		.byte	-128
 1104 0433 00       		.byte	0
 1105 0434 00       		.byte	0
 1106 0435 00       		.byte	0
 1107 0436 00       		.byte	0
 1108 0437 00       		.byte	0
 1109 0438 00       		.byte	0
 1110 0439 0B       		.byte	11
 1111 043a 0B       		.byte	11
 1112 043b 00       		.byte	0
 1113 043c 00       		.byte	0
 1114 043d 00       		.byte	0
 1115 043e 00       		.byte	0
 1116 043f 00       		.byte	0
 1117 0440 01       		.byte	1
 1118 0441 00       		.byte	0
 1119 0442 18       		.byte	24
 1120 0443 01       		.byte	1
 1121 0444 01       		.byte	1
 1122 0445 00       		.byte	0
 1123 0446 18       		.byte	24
 1124 0447 01       		.byte	1
 1125 0448 00       		.byte	0
 1126 0449 01       		.byte	1
 1127 044a 00       		.byte	0
 1128 044b 00       		.byte	0
 1129              		.section	.cywolatch,"a",%progbits
 1130              		.align	2
 1131              		.type	cy_meta_wonvl, %object
 1132              		.size	cy_meta_wonvl, 4
 1133              	cy_meta_wonvl:
 1134 0000 BC       		.byte	-68
 1135 0001 90       		.byte	-112
 1136 0002 AC       		.byte	-84
 1137 0003 AF       		.byte	-81
 1138              		.section	.cycustnvl,"a",%progbits
 1139              		.align	2
 1140              		.type	cy_meta_custnvl, %object
ARM GAS  C:\Users\rens_\AppData\Local\Temp\cc3761dY.s 			page 21


 1141              		.size	cy_meta_custnvl, 4
 1142              	cy_meta_custnvl:
 1143 0000 00       		.byte	0
 1144 0001 00       		.byte	0
 1145 0002 40       		.byte	64
 1146 0003 05       		.byte	5
 1147              		.section	.cymeta,"a",%progbits
 1148              		.align	2
 1149              		.type	cy_metadata, %object
 1150              		.size	cy_metadata, 12
 1151              	cy_metadata:
 1152 0000 00       		.byte	0
 1153 0001 01       		.byte	1
 1154 0002 2E       		.byte	46
 1155 0003 16       		.byte	22
 1156 0004 10       		.byte	16
 1157 0005 69       		.byte	105
 1158 0006 00       		.byte	0
 1159 0007 01       		.byte	1
 1160 0008 00       		.byte	0
 1161 0009 00       		.byte	0
 1162 000a 00       		.byte	0
 1163 000b 00       		.byte	0
 1164              		.section	.cyflashprotect,"a",%progbits
 1165              		.align	2
 1166              		.type	cy_meta_flashprotect, %object
 1167              		.size	cy_meta_flashprotect, 256
 1168              	cy_meta_flashprotect:
 1169 0000 00000000 		.space	256
 1169      00000000 
 1169      00000000 
 1169      00000000 
 1169      00000000 
 1170              		.text
 1171              	.Letext0:
 1172              		.file 1 "c:\\program files (x86)\\cypress\\psoc creator\\4.2\\psoc creator\\import\\gnu\\arm\\5.4.
 1173              		.file 2 "c:\\program files (x86)\\cypress\\psoc creator\\4.2\\psoc creator\\import\\gnu\\arm\\5.4.
 1174              		.file 3 "Generated_Source\\PSoC5\\cymetadata.c"
 1175              		.section	.debug_info,"",%progbits
 1176              	.Ldebug_info0:
 1177 0000 31010000 		.4byte	0x131
 1178 0004 0400     		.2byte	0x4
 1179 0006 00000000 		.4byte	.Ldebug_abbrev0
 1180 000a 04       		.byte	0x4
 1181 000b 01       		.uleb128 0x1
 1182 000c 5E000000 		.4byte	.LASF17
 1183 0010 0C       		.byte	0xc
 1184 0011 C6010000 		.4byte	.LASF18
 1185 0015 16000000 		.4byte	.LASF19
 1186 0019 00000000 		.4byte	.Ldebug_line0
 1187 001d 02       		.uleb128 0x2
 1188 001e 01       		.byte	0x1
 1189 001f 06       		.byte	0x6
 1190 0020 BA010000 		.4byte	.LASF0
 1191 0024 03       		.uleb128 0x3
 1192 0025 00000000 		.4byte	.LASF9
 1193 0029 01       		.byte	0x1
ARM GAS  C:\Users\rens_\AppData\Local\Temp\cc3761dY.s 			page 22


 1194 002a 1D       		.byte	0x1d
 1195 002b 2F000000 		.4byte	0x2f
 1196 002f 02       		.uleb128 0x2
 1197 0030 01       		.byte	0x1
 1198 0031 08       		.byte	0x8
 1199 0032 11010000 		.4byte	.LASF1
 1200 0036 02       		.uleb128 0x2
 1201 0037 02       		.byte	0x2
 1202 0038 05       		.byte	0x5
 1203 0039 A7010000 		.4byte	.LASF2
 1204 003d 02       		.uleb128 0x2
 1205 003e 02       		.byte	0x2
 1206 003f 07       		.byte	0x7
 1207 0040 FE000000 		.4byte	.LASF3
 1208 0044 02       		.uleb128 0x2
 1209 0045 04       		.byte	0x4
 1210 0046 05       		.byte	0x5
 1211 0047 B1010000 		.4byte	.LASF4
 1212 004b 02       		.uleb128 0x2
 1213 004c 04       		.byte	0x4
 1214 004d 07       		.byte	0x7
 1215 004e EC000000 		.4byte	.LASF5
 1216 0052 02       		.uleb128 0x2
 1217 0053 08       		.byte	0x8
 1218 0054 05       		.byte	0x5
 1219 0055 99010000 		.4byte	.LASF6
 1220 0059 02       		.uleb128 0x2
 1221 005a 08       		.byte	0x8
 1222 005b 07       		.byte	0x7
 1223 005c 4E010000 		.4byte	.LASF7
 1224 0060 04       		.uleb128 0x4
 1225 0061 04       		.byte	0x4
 1226 0062 05       		.byte	0x5
 1227 0063 696E7400 		.ascii	"int\000"
 1228 0067 02       		.uleb128 0x2
 1229 0068 04       		.byte	0x4
 1230 0069 07       		.byte	0x7
 1231 006a 41010000 		.4byte	.LASF8
 1232 006e 03       		.uleb128 0x3
 1233 006f 65010000 		.4byte	.LASF10
 1234 0073 02       		.byte	0x2
 1235 0074 18       		.byte	0x18
 1236 0075 24000000 		.4byte	0x24
 1237 0079 05       		.uleb128 0x5
 1238 007a 91000000 		.4byte	0x91
 1239 007e 8A000000 		.4byte	0x8a
 1240 0082 06       		.uleb128 0x6
 1241 0083 8A000000 		.4byte	0x8a
 1242 0087 4B04     		.2byte	0x44b
 1243 0089 00       		.byte	0
 1244 008a 02       		.uleb128 0x2
 1245 008b 04       		.byte	0x4
 1246 008c 07       		.byte	0x7
 1247 008d 90010000 		.4byte	.LASF11
 1248 0091 07       		.uleb128 0x7
 1249 0092 6E000000 		.4byte	0x6e
 1250 0096 08       		.uleb128 0x8
ARM GAS  C:\Users\rens_\AppData\Local\Temp\cc3761dY.s 			page 23


 1251 0097 2F010000 		.4byte	.LASF12
 1252 009b 03       		.byte	0x3
 1253 009c 1F       		.byte	0x1f
 1254 009d A7000000 		.4byte	0xa7
 1255 00a1 05       		.uleb128 0x5
 1256 00a2 03       		.byte	0x3
 1257 00a3 00000000 		.4byte	cy_meta_configecc
 1258 00a7 07       		.uleb128 0x7
 1259 00a8 79000000 		.4byte	0x79
 1260 00ac 05       		.uleb128 0x5
 1261 00ad 91000000 		.4byte	0x91
 1262 00b1 BC000000 		.4byte	0xbc
 1263 00b5 09       		.uleb128 0x9
 1264 00b6 8A000000 		.4byte	0x8a
 1265 00ba 03       		.byte	0x3
 1266 00bb 00       		.byte	0
 1267 00bc 08       		.uleb128 0x8
 1268 00bd 1F010000 		.4byte	.LASF13
 1269 00c1 03       		.byte	0x3
 1270 00c2 B6       		.byte	0xb6
 1271 00c3 CD000000 		.4byte	0xcd
 1272 00c7 05       		.uleb128 0x5
 1273 00c8 03       		.byte	0x3
 1274 00c9 00000000 		.4byte	cy_meta_custnvl
 1275 00cd 07       		.uleb128 0x7
 1276 00ce AC000000 		.4byte	0xac
 1277 00d2 08       		.uleb128 0x8
 1278 00d3 82010000 		.4byte	.LASF14
 1279 00d7 03       		.byte	0x3
 1280 00d8 C4       		.byte	0xc4
 1281 00d9 E3000000 		.4byte	0xe3
 1282 00dd 05       		.uleb128 0x5
 1283 00de 03       		.byte	0x3
 1284 00df 00000000 		.4byte	cy_meta_wonvl
 1285 00e3 07       		.uleb128 0x7
 1286 00e4 AC000000 		.4byte	0xac
 1287 00e8 05       		.uleb128 0x5
 1288 00e9 91000000 		.4byte	0x91
 1289 00ed F8000000 		.4byte	0xf8
 1290 00f1 09       		.uleb128 0x9
 1291 00f2 8A000000 		.4byte	0x8a
 1292 00f6 FF       		.byte	0xff
 1293 00f7 00       		.byte	0
 1294 00f8 08       		.uleb128 0x8
 1295 00f9 6D010000 		.4byte	.LASF15
 1296 00fd 03       		.byte	0x3
 1297 00fe D2       		.byte	0xd2
 1298 00ff 09010000 		.4byte	0x109
 1299 0103 05       		.uleb128 0x5
 1300 0104 03       		.byte	0x3
 1301 0105 00000000 		.4byte	cy_meta_flashprotect
 1302 0109 07       		.uleb128 0x7
 1303 010a E8000000 		.4byte	0xe8
 1304 010e 05       		.uleb128 0x5
 1305 010f 91000000 		.4byte	0x91
 1306 0113 1E010000 		.4byte	0x11e
 1307 0117 09       		.uleb128 0x9
ARM GAS  C:\Users\rens_\AppData\Local\Temp\cc3761dY.s 			page 24


 1308 0118 8A000000 		.4byte	0x8a
 1309 011c 0B       		.byte	0xb
 1310 011d 00       		.byte	0
 1311 011e 08       		.uleb128 0x8
 1312 011f 0A000000 		.4byte	.LASF16
 1313 0123 03       		.byte	0x3
 1314 0124 FF       		.byte	0xff
 1315 0125 2F010000 		.4byte	0x12f
 1316 0129 05       		.uleb128 0x5
 1317 012a 03       		.byte	0x3
 1318 012b 00000000 		.4byte	cy_metadata
 1319 012f 07       		.uleb128 0x7
 1320 0130 0E010000 		.4byte	0x10e
 1321 0134 00       		.byte	0
 1322              		.section	.debug_abbrev,"",%progbits
 1323              	.Ldebug_abbrev0:
 1324 0000 01       		.uleb128 0x1
 1325 0001 11       		.uleb128 0x11
 1326 0002 01       		.byte	0x1
 1327 0003 25       		.uleb128 0x25
 1328 0004 0E       		.uleb128 0xe
 1329 0005 13       		.uleb128 0x13
 1330 0006 0B       		.uleb128 0xb
 1331 0007 03       		.uleb128 0x3
 1332 0008 0E       		.uleb128 0xe
 1333 0009 1B       		.uleb128 0x1b
 1334 000a 0E       		.uleb128 0xe
 1335 000b 10       		.uleb128 0x10
 1336 000c 17       		.uleb128 0x17
 1337 000d 00       		.byte	0
 1338 000e 00       		.byte	0
 1339 000f 02       		.uleb128 0x2
 1340 0010 24       		.uleb128 0x24
 1341 0011 00       		.byte	0
 1342 0012 0B       		.uleb128 0xb
 1343 0013 0B       		.uleb128 0xb
 1344 0014 3E       		.uleb128 0x3e
 1345 0015 0B       		.uleb128 0xb
 1346 0016 03       		.uleb128 0x3
 1347 0017 0E       		.uleb128 0xe
 1348 0018 00       		.byte	0
 1349 0019 00       		.byte	0
 1350 001a 03       		.uleb128 0x3
 1351 001b 16       		.uleb128 0x16
 1352 001c 00       		.byte	0
 1353 001d 03       		.uleb128 0x3
 1354 001e 0E       		.uleb128 0xe
 1355 001f 3A       		.uleb128 0x3a
 1356 0020 0B       		.uleb128 0xb
 1357 0021 3B       		.uleb128 0x3b
 1358 0022 0B       		.uleb128 0xb
 1359 0023 49       		.uleb128 0x49
 1360 0024 13       		.uleb128 0x13
 1361 0025 00       		.byte	0
 1362 0026 00       		.byte	0
 1363 0027 04       		.uleb128 0x4
 1364 0028 24       		.uleb128 0x24
ARM GAS  C:\Users\rens_\AppData\Local\Temp\cc3761dY.s 			page 25


 1365 0029 00       		.byte	0
 1366 002a 0B       		.uleb128 0xb
 1367 002b 0B       		.uleb128 0xb
 1368 002c 3E       		.uleb128 0x3e
 1369 002d 0B       		.uleb128 0xb
 1370 002e 03       		.uleb128 0x3
 1371 002f 08       		.uleb128 0x8
 1372 0030 00       		.byte	0
 1373 0031 00       		.byte	0
 1374 0032 05       		.uleb128 0x5
 1375 0033 01       		.uleb128 0x1
 1376 0034 01       		.byte	0x1
 1377 0035 49       		.uleb128 0x49
 1378 0036 13       		.uleb128 0x13
 1379 0037 01       		.uleb128 0x1
 1380 0038 13       		.uleb128 0x13
 1381 0039 00       		.byte	0
 1382 003a 00       		.byte	0
 1383 003b 06       		.uleb128 0x6
 1384 003c 21       		.uleb128 0x21
 1385 003d 00       		.byte	0
 1386 003e 49       		.uleb128 0x49
 1387 003f 13       		.uleb128 0x13
 1388 0040 2F       		.uleb128 0x2f
 1389 0041 05       		.uleb128 0x5
 1390 0042 00       		.byte	0
 1391 0043 00       		.byte	0
 1392 0044 07       		.uleb128 0x7
 1393 0045 26       		.uleb128 0x26
 1394 0046 00       		.byte	0
 1395 0047 49       		.uleb128 0x49
 1396 0048 13       		.uleb128 0x13
 1397 0049 00       		.byte	0
 1398 004a 00       		.byte	0
 1399 004b 08       		.uleb128 0x8
 1400 004c 34       		.uleb128 0x34
 1401 004d 00       		.byte	0
 1402 004e 03       		.uleb128 0x3
 1403 004f 0E       		.uleb128 0xe
 1404 0050 3A       		.uleb128 0x3a
 1405 0051 0B       		.uleb128 0xb
 1406 0052 3B       		.uleb128 0x3b
 1407 0053 0B       		.uleb128 0xb
 1408 0054 49       		.uleb128 0x49
 1409 0055 13       		.uleb128 0x13
 1410 0056 3F       		.uleb128 0x3f
 1411 0057 19       		.uleb128 0x19
 1412 0058 02       		.uleb128 0x2
 1413 0059 18       		.uleb128 0x18
 1414 005a 00       		.byte	0
 1415 005b 00       		.byte	0
 1416 005c 09       		.uleb128 0x9
 1417 005d 21       		.uleb128 0x21
 1418 005e 00       		.byte	0
 1419 005f 49       		.uleb128 0x49
 1420 0060 13       		.uleb128 0x13
 1421 0061 2F       		.uleb128 0x2f
ARM GAS  C:\Users\rens_\AppData\Local\Temp\cc3761dY.s 			page 26


 1422 0062 0B       		.uleb128 0xb
 1423 0063 00       		.byte	0
 1424 0064 00       		.byte	0
 1425 0065 00       		.byte	0
 1426              		.section	.debug_aranges,"",%progbits
 1427 0000 14000000 		.4byte	0x14
 1428 0004 0200     		.2byte	0x2
 1429 0006 00000000 		.4byte	.Ldebug_info0
 1430 000a 04       		.byte	0x4
 1431 000b 00       		.byte	0
 1432 000c 0000     		.2byte	0
 1433 000e 0000     		.2byte	0
 1434 0010 00000000 		.4byte	0
 1435 0014 00000000 		.4byte	0
 1436              		.section	.debug_line,"",%progbits
 1437              	.Ldebug_line0:
 1438 0000 3D010000 		.section	.debug_str,"MS",%progbits,1
 1438      02003701 
 1438      00000201 
 1438      FB0E0D00 
 1438      01010101 
 1439              	.LASF9:
 1440 0000 5F5F7569 		.ascii	"__uint8_t\000"
 1440      6E74385F 
 1440      7400
 1441              	.LASF16:
 1442 000a 63795F6D 		.ascii	"cy_metadata\000"
 1442      65746164 
 1442      61746100 
 1443              	.LASF19:
 1444 0016 433A5C55 		.ascii	"C:\\Users\\rens_\\Documents\\PSoC Creator\\Workspac"
 1444      73657273 
 1444      5C72656E 
 1444      735F5C44 
 1444      6F63756D 
 1445 0044 6530315C 		.ascii	"e01\\PeakDetector_V2.cydsn\000"
 1445      5065616B 
 1445      44657465 
 1445      63746F72 
 1445      5F56322E 
 1446              	.LASF17:
 1447 005e 474E5520 		.ascii	"GNU C11 5.4.1 20160609 (release) [ARM/embedded-5-br"
 1447      43313120 
 1447      352E342E 
 1447      31203230 
 1447      31363036 
 1448 0091 616E6368 		.ascii	"anch revision 237715] -mcpu=cortex-m3 -mthumb -g -O"
 1448      20726576 
 1448      6973696F 
 1448      6E203233 
 1448      37373135 
 1449 00c4 67202D66 		.ascii	"g -ffunction-sections -ffat-lto-objects\000"
 1449      66756E63 
 1449      74696F6E 
 1449      2D736563 
 1449      74696F6E 
 1450              	.LASF5:
ARM GAS  C:\Users\rens_\AppData\Local\Temp\cc3761dY.s 			page 27


 1451 00ec 6C6F6E67 		.ascii	"long unsigned int\000"
 1451      20756E73 
 1451      69676E65 
 1451      6420696E 
 1451      7400
 1452              	.LASF3:
 1453 00fe 73686F72 		.ascii	"short unsigned int\000"
 1453      7420756E 
 1453      7369676E 
 1453      65642069 
 1453      6E7400
 1454              	.LASF1:
 1455 0111 756E7369 		.ascii	"unsigned char\000"
 1455      676E6564 
 1455      20636861 
 1455      7200
 1456              	.LASF13:
 1457 011f 63795F6D 		.ascii	"cy_meta_custnvl\000"
 1457      6574615F 
 1457      63757374 
 1457      6E766C00 
 1458              	.LASF12:
 1459 012f 63795F6D 		.ascii	"cy_meta_configecc\000"
 1459      6574615F 
 1459      636F6E66 
 1459      69676563 
 1459      6300
 1460              	.LASF8:
 1461 0141 756E7369 		.ascii	"unsigned int\000"
 1461      676E6564 
 1461      20696E74 
 1461      00
 1462              	.LASF7:
 1463 014e 6C6F6E67 		.ascii	"long long unsigned int\000"
 1463      206C6F6E 
 1463      6720756E 
 1463      7369676E 
 1463      65642069 
 1464              	.LASF10:
 1465 0165 75696E74 		.ascii	"uint8_t\000"
 1465      385F7400 
 1466              	.LASF15:
 1467 016d 63795F6D 		.ascii	"cy_meta_flashprotect\000"
 1467      6574615F 
 1467      666C6173 
 1467      6870726F 
 1467      74656374 
 1468              	.LASF14:
 1469 0182 63795F6D 		.ascii	"cy_meta_wonvl\000"
 1469      6574615F 
 1469      776F6E76 
 1469      6C00
 1470              	.LASF11:
 1471 0190 73697A65 		.ascii	"sizetype\000"
 1471      74797065 
 1471      00
 1472              	.LASF6:
ARM GAS  C:\Users\rens_\AppData\Local\Temp\cc3761dY.s 			page 28


 1473 0199 6C6F6E67 		.ascii	"long long int\000"
 1473      206C6F6E 
 1473      6720696E 
 1473      7400
 1474              	.LASF2:
 1475 01a7 73686F72 		.ascii	"short int\000"
 1475      7420696E 
 1475      7400
 1476              	.LASF4:
 1477 01b1 6C6F6E67 		.ascii	"long int\000"
 1477      20696E74 
 1477      00
 1478              	.LASF0:
 1479 01ba 7369676E 		.ascii	"signed char\000"
 1479      65642063 
 1479      68617200 
 1480              	.LASF18:
 1481 01c6 47656E65 		.ascii	"Generated_Source\\PSoC5\\cymetadata.c\000"
 1481      72617465 
 1481      645F536F 
 1481      75726365 
 1481      5C50536F 
 1482              		.ident	"GCC: (GNU Tools for ARM Embedded Processors) 5.4.1 20160609 (release) [ARM/embedded-5-bran
