ARM GAS  C:\Users\Krist\AppData\Local\Temp\ccEQfiWQ.s 			page 1


   1              		.syntax unified
   2              		.cpu cortex-m3
   3              		.fpu softvfp
   4              		.eabi_attribute 20, 1
   5              		.eabi_attribute 21, 1
   6              		.eabi_attribute 23, 3
   7              		.eabi_attribute 24, 1
   8              		.eabi_attribute 25, 1
   9              		.eabi_attribute 26, 1
  10              		.eabi_attribute 30, 4
  11              		.eabi_attribute 34, 1
  12              		.eabi_attribute 18, 4
  13              		.thumb
  14              		.syntax unified
  15              		.file	"Comp_PD_B_PM.c"
  16              		.text
  17              	.Ltext0:
  18              		.cfi_sections	.debug_frame
  19              		.section	.text.Comp_PD_B_SaveConfig,"ax",%progbits
  20              		.align	1
  21              		.global	Comp_PD_B_SaveConfig
  22              		.thumb
  23              		.thumb_func
  24              		.type	Comp_PD_B_SaveConfig, %function
  25              	Comp_PD_B_SaveConfig:
  26              	.LFB5:
  27              		.cfi_startproc
  28              		@ args = 0, pretend = 0, frame = 0
  29              		@ frame_needed = 0, uses_anonymous_args = 0
  30              		@ link register save eliminated.
  31 0000 7047     		bx	lr
  32              		.cfi_endproc
  33              	.LFE5:
  34              		.size	Comp_PD_B_SaveConfig, .-Comp_PD_B_SaveConfig
  35              		.section	.text.Comp_PD_B_RestoreConfig,"ax",%progbits
  36              		.align	1
  37              		.global	Comp_PD_B_RestoreConfig
  38              		.thumb
  39              		.thumb_func
  40              		.type	Comp_PD_B_RestoreConfig, %function
  41              	Comp_PD_B_RestoreConfig:
  42              	.LFB1:
  43              		.file 1 "Generated_Source\\PSoC5\\Comp_PD_B_PM.c"
   1:Generated_Source\PSoC5/Comp_PD_B_PM.c **** /*******************************************************************************
   2:Generated_Source\PSoC5/Comp_PD_B_PM.c **** * File Name: Comp_PD_B.c
   3:Generated_Source\PSoC5/Comp_PD_B_PM.c **** * Version 2.0
   4:Generated_Source\PSoC5/Comp_PD_B_PM.c **** *
   5:Generated_Source\PSoC5/Comp_PD_B_PM.c **** * Description:
   6:Generated_Source\PSoC5/Comp_PD_B_PM.c **** *  This file provides the power management source code APIs for the
   7:Generated_Source\PSoC5/Comp_PD_B_PM.c **** *  Comparator.
   8:Generated_Source\PSoC5/Comp_PD_B_PM.c **** *
   9:Generated_Source\PSoC5/Comp_PD_B_PM.c **** * Note:
  10:Generated_Source\PSoC5/Comp_PD_B_PM.c **** *  None
  11:Generated_Source\PSoC5/Comp_PD_B_PM.c **** *
  12:Generated_Source\PSoC5/Comp_PD_B_PM.c **** ********************************************************************************
  13:Generated_Source\PSoC5/Comp_PD_B_PM.c **** * Copyright 2008-2012, Cypress Semiconductor Corporation.  All rights reserved.
  14:Generated_Source\PSoC5/Comp_PD_B_PM.c **** * You may use this file only in accordance with the license, terms, conditions, 
ARM GAS  C:\Users\Krist\AppData\Local\Temp\ccEQfiWQ.s 			page 2


  15:Generated_Source\PSoC5/Comp_PD_B_PM.c **** * disclaimers, and limitations in the end user license agreement accompanying 
  16:Generated_Source\PSoC5/Comp_PD_B_PM.c **** * the software package with which this file was provided.
  17:Generated_Source\PSoC5/Comp_PD_B_PM.c **** *******************************************************************************/
  18:Generated_Source\PSoC5/Comp_PD_B_PM.c **** 
  19:Generated_Source\PSoC5/Comp_PD_B_PM.c **** #include "Comp_PD_B.h"
  20:Generated_Source\PSoC5/Comp_PD_B_PM.c **** 
  21:Generated_Source\PSoC5/Comp_PD_B_PM.c **** static Comp_PD_B_backupStruct Comp_PD_B_backup;
  22:Generated_Source\PSoC5/Comp_PD_B_PM.c **** 
  23:Generated_Source\PSoC5/Comp_PD_B_PM.c **** 
  24:Generated_Source\PSoC5/Comp_PD_B_PM.c **** /*******************************************************************************
  25:Generated_Source\PSoC5/Comp_PD_B_PM.c **** * Function Name: Comp_PD_B_SaveConfig
  26:Generated_Source\PSoC5/Comp_PD_B_PM.c **** ********************************************************************************
  27:Generated_Source\PSoC5/Comp_PD_B_PM.c **** *
  28:Generated_Source\PSoC5/Comp_PD_B_PM.c **** * Summary:
  29:Generated_Source\PSoC5/Comp_PD_B_PM.c **** *  Save the current user configuration
  30:Generated_Source\PSoC5/Comp_PD_B_PM.c **** *
  31:Generated_Source\PSoC5/Comp_PD_B_PM.c **** * Parameters:
  32:Generated_Source\PSoC5/Comp_PD_B_PM.c **** *  void:
  33:Generated_Source\PSoC5/Comp_PD_B_PM.c **** *
  34:Generated_Source\PSoC5/Comp_PD_B_PM.c **** * Return:
  35:Generated_Source\PSoC5/Comp_PD_B_PM.c **** *  void
  36:Generated_Source\PSoC5/Comp_PD_B_PM.c **** *
  37:Generated_Source\PSoC5/Comp_PD_B_PM.c **** *******************************************************************************/
  38:Generated_Source\PSoC5/Comp_PD_B_PM.c **** void Comp_PD_B_SaveConfig(void) 
  39:Generated_Source\PSoC5/Comp_PD_B_PM.c **** {
  40:Generated_Source\PSoC5/Comp_PD_B_PM.c ****     /* Empty since all are system reset for retention flops */
  41:Generated_Source\PSoC5/Comp_PD_B_PM.c **** }
  42:Generated_Source\PSoC5/Comp_PD_B_PM.c **** 
  43:Generated_Source\PSoC5/Comp_PD_B_PM.c **** 
  44:Generated_Source\PSoC5/Comp_PD_B_PM.c **** /*******************************************************************************
  45:Generated_Source\PSoC5/Comp_PD_B_PM.c **** * Function Name: Comp_PD_B_RestoreConfig
  46:Generated_Source\PSoC5/Comp_PD_B_PM.c **** ********************************************************************************
  47:Generated_Source\PSoC5/Comp_PD_B_PM.c **** *
  48:Generated_Source\PSoC5/Comp_PD_B_PM.c **** * Summary:
  49:Generated_Source\PSoC5/Comp_PD_B_PM.c **** *  Restores the current user configuration.
  50:Generated_Source\PSoC5/Comp_PD_B_PM.c **** *
  51:Generated_Source\PSoC5/Comp_PD_B_PM.c **** * Parameters:
  52:Generated_Source\PSoC5/Comp_PD_B_PM.c **** *  void
  53:Generated_Source\PSoC5/Comp_PD_B_PM.c **** *
  54:Generated_Source\PSoC5/Comp_PD_B_PM.c **** * Return:
  55:Generated_Source\PSoC5/Comp_PD_B_PM.c **** *  void
  56:Generated_Source\PSoC5/Comp_PD_B_PM.c **** *
  57:Generated_Source\PSoC5/Comp_PD_B_PM.c **** ********************************************************************************/
  58:Generated_Source\PSoC5/Comp_PD_B_PM.c **** void Comp_PD_B_RestoreConfig(void) 
  59:Generated_Source\PSoC5/Comp_PD_B_PM.c **** {
  44              		.loc 1 59 0
  45              		.cfi_startproc
  46              		@ args = 0, pretend = 0, frame = 0
  47              		@ frame_needed = 0, uses_anonymous_args = 0
  48              		@ link register save eliminated.
  49 0000 7047     		bx	lr
  50              		.cfi_endproc
  51              	.LFE1:
  52              		.size	Comp_PD_B_RestoreConfig, .-Comp_PD_B_RestoreConfig
  53              		.section	.text.Comp_PD_B_Sleep,"ax",%progbits
  54              		.align	1
  55              		.global	Comp_PD_B_Sleep
ARM GAS  C:\Users\Krist\AppData\Local\Temp\ccEQfiWQ.s 			page 3


  56              		.thumb
  57              		.thumb_func
  58              		.type	Comp_PD_B_Sleep, %function
  59              	Comp_PD_B_Sleep:
  60              	.LFB2:
  60:Generated_Source\PSoC5/Comp_PD_B_PM.c ****     /* Empty since all are system reset for retention flops */    
  61:Generated_Source\PSoC5/Comp_PD_B_PM.c **** }
  62:Generated_Source\PSoC5/Comp_PD_B_PM.c **** 
  63:Generated_Source\PSoC5/Comp_PD_B_PM.c **** 
  64:Generated_Source\PSoC5/Comp_PD_B_PM.c **** /*******************************************************************************
  65:Generated_Source\PSoC5/Comp_PD_B_PM.c **** * Function Name: Comp_PD_B_Sleep
  66:Generated_Source\PSoC5/Comp_PD_B_PM.c **** ********************************************************************************
  67:Generated_Source\PSoC5/Comp_PD_B_PM.c **** *
  68:Generated_Source\PSoC5/Comp_PD_B_PM.c **** * Summary:
  69:Generated_Source\PSoC5/Comp_PD_B_PM.c **** *  Stop and Save the user configuration
  70:Generated_Source\PSoC5/Comp_PD_B_PM.c **** *
  71:Generated_Source\PSoC5/Comp_PD_B_PM.c **** * Parameters:
  72:Generated_Source\PSoC5/Comp_PD_B_PM.c **** *  void:
  73:Generated_Source\PSoC5/Comp_PD_B_PM.c **** *
  74:Generated_Source\PSoC5/Comp_PD_B_PM.c **** * Return:
  75:Generated_Source\PSoC5/Comp_PD_B_PM.c **** *  void
  76:Generated_Source\PSoC5/Comp_PD_B_PM.c **** *
  77:Generated_Source\PSoC5/Comp_PD_B_PM.c **** * Global variables:
  78:Generated_Source\PSoC5/Comp_PD_B_PM.c **** *  Comp_PD_B_backup.enableState:  Is modified depending on the enable 
  79:Generated_Source\PSoC5/Comp_PD_B_PM.c **** *   state of the block before entering sleep mode.
  80:Generated_Source\PSoC5/Comp_PD_B_PM.c **** *
  81:Generated_Source\PSoC5/Comp_PD_B_PM.c **** *******************************************************************************/
  82:Generated_Source\PSoC5/Comp_PD_B_PM.c **** void Comp_PD_B_Sleep(void) 
  83:Generated_Source\PSoC5/Comp_PD_B_PM.c **** {
  61              		.loc 1 83 0
  62              		.cfi_startproc
  63              		@ args = 0, pretend = 0, frame = 0
  64              		@ frame_needed = 0, uses_anonymous_args = 0
  65              		@ link register save eliminated.
  84:Generated_Source\PSoC5/Comp_PD_B_PM.c ****     /* Save Comp's enable state */    
  85:Generated_Source\PSoC5/Comp_PD_B_PM.c ****     if(Comp_PD_B_ACT_PWR_EN == (Comp_PD_B_PWRMGR & Comp_PD_B_ACT_PWR_EN))
  66              		.loc 1 85 0
  67 0000 064B     		ldr	r3, .L7
  68 0002 074A     		ldr	r2, .L7+4
  69 0004 1B78     		ldrb	r3, [r3]	@ zero_extendqisi2
  70 0006 03F00803 		and	r3, r3, #8
  71 000a 03F0FF01 		and	r1, r3, #255
  72 000e 13B1     		cbz	r3, .L4
  86:Generated_Source\PSoC5/Comp_PD_B_PM.c ****     {
  87:Generated_Source\PSoC5/Comp_PD_B_PM.c ****         /* Comp is enabled */
  88:Generated_Source\PSoC5/Comp_PD_B_PM.c ****         Comp_PD_B_backup.enableState = 1u;
  73              		.loc 1 88 0
  74 0010 0123     		movs	r3, #1
  75 0012 1370     		strb	r3, [r2]
  76 0014 00E0     		b	.L5
  77              	.L4:
  89:Generated_Source\PSoC5/Comp_PD_B_PM.c ****     }
  90:Generated_Source\PSoC5/Comp_PD_B_PM.c ****     else
  91:Generated_Source\PSoC5/Comp_PD_B_PM.c ****     {
  92:Generated_Source\PSoC5/Comp_PD_B_PM.c ****         /* Comp is disabled */
  93:Generated_Source\PSoC5/Comp_PD_B_PM.c ****         Comp_PD_B_backup.enableState = 0u;
  78              		.loc 1 93 0
ARM GAS  C:\Users\Krist\AppData\Local\Temp\ccEQfiWQ.s 			page 4


  79 0016 1170     		strb	r1, [r2]
  80              	.L5:
  94:Generated_Source\PSoC5/Comp_PD_B_PM.c ****     }    
  95:Generated_Source\PSoC5/Comp_PD_B_PM.c ****     
  96:Generated_Source\PSoC5/Comp_PD_B_PM.c ****     Comp_PD_B_Stop();
  81              		.loc 1 96 0
  82 0018 FFF7FEBF 		b	Comp_PD_B_Stop
  83              	.LVL0:
  84              	.L8:
  85              		.align	2
  86              	.L7:
  87 001c A7430040 		.word	1073759143
  88 0020 00000000 		.word	.LANCHOR0
  89              		.cfi_endproc
  90              	.LFE2:
  91              		.size	Comp_PD_B_Sleep, .-Comp_PD_B_Sleep
  92              		.section	.text.Comp_PD_B_Wakeup,"ax",%progbits
  93              		.align	1
  94              		.global	Comp_PD_B_Wakeup
  95              		.thumb
  96              		.thumb_func
  97              		.type	Comp_PD_B_Wakeup, %function
  98              	Comp_PD_B_Wakeup:
  99              	.LFB3:
  97:Generated_Source\PSoC5/Comp_PD_B_PM.c ****     Comp_PD_B_SaveConfig();
  98:Generated_Source\PSoC5/Comp_PD_B_PM.c **** }
  99:Generated_Source\PSoC5/Comp_PD_B_PM.c **** 
 100:Generated_Source\PSoC5/Comp_PD_B_PM.c **** 
 101:Generated_Source\PSoC5/Comp_PD_B_PM.c **** /*******************************************************************************
 102:Generated_Source\PSoC5/Comp_PD_B_PM.c **** * Function Name: Comp_PD_B_Wakeup
 103:Generated_Source\PSoC5/Comp_PD_B_PM.c **** ********************************************************************************
 104:Generated_Source\PSoC5/Comp_PD_B_PM.c **** *
 105:Generated_Source\PSoC5/Comp_PD_B_PM.c **** * Summary:
 106:Generated_Source\PSoC5/Comp_PD_B_PM.c **** *  Restores and enables the user configuration
 107:Generated_Source\PSoC5/Comp_PD_B_PM.c **** *  
 108:Generated_Source\PSoC5/Comp_PD_B_PM.c **** * Parameters:
 109:Generated_Source\PSoC5/Comp_PD_B_PM.c **** *  void
 110:Generated_Source\PSoC5/Comp_PD_B_PM.c **** *
 111:Generated_Source\PSoC5/Comp_PD_B_PM.c **** * Return:
 112:Generated_Source\PSoC5/Comp_PD_B_PM.c **** *  void
 113:Generated_Source\PSoC5/Comp_PD_B_PM.c **** *
 114:Generated_Source\PSoC5/Comp_PD_B_PM.c **** * Global variables:
 115:Generated_Source\PSoC5/Comp_PD_B_PM.c **** *  Comp_PD_B_backup.enableState:  Is used to restore the enable state of 
 116:Generated_Source\PSoC5/Comp_PD_B_PM.c **** *  block on wakeup from sleep mode.
 117:Generated_Source\PSoC5/Comp_PD_B_PM.c **** *
 118:Generated_Source\PSoC5/Comp_PD_B_PM.c **** *******************************************************************************/
 119:Generated_Source\PSoC5/Comp_PD_B_PM.c **** void Comp_PD_B_Wakeup(void) 
 120:Generated_Source\PSoC5/Comp_PD_B_PM.c **** {
 100              		.loc 1 120 0
 101              		.cfi_startproc
 102              		@ args = 0, pretend = 0, frame = 0
 103              		@ frame_needed = 0, uses_anonymous_args = 0
 104              		@ link register save eliminated.
 121:Generated_Source\PSoC5/Comp_PD_B_PM.c ****     Comp_PD_B_RestoreConfig();
 122:Generated_Source\PSoC5/Comp_PD_B_PM.c ****     
 123:Generated_Source\PSoC5/Comp_PD_B_PM.c ****     if(Comp_PD_B_backup.enableState == 1u)
 105              		.loc 1 123 0
ARM GAS  C:\Users\Krist\AppData\Local\Temp\ccEQfiWQ.s 			page 5


 106 0000 034B     		ldr	r3, .L11
 107 0002 1B78     		ldrb	r3, [r3]	@ zero_extendqisi2
 108 0004 012B     		cmp	r3, #1
 109 0006 01D1     		bne	.L9
 124:Generated_Source\PSoC5/Comp_PD_B_PM.c ****     {
 125:Generated_Source\PSoC5/Comp_PD_B_PM.c ****         /* Enable Comp's operation */
 126:Generated_Source\PSoC5/Comp_PD_B_PM.c ****         Comp_PD_B_Enable();
 110              		.loc 1 126 0
 111 0008 FFF7FEBF 		b	Comp_PD_B_Enable
 112              	.LVL1:
 113              	.L9:
 114 000c 7047     		bx	lr
 115              	.L12:
 116 000e 00BF     		.align	2
 117              	.L11:
 118 0010 00000000 		.word	.LANCHOR0
 119              		.cfi_endproc
 120              	.LFE3:
 121              		.size	Comp_PD_B_Wakeup, .-Comp_PD_B_Wakeup
 122              		.bss
 123              		.set	.LANCHOR0,. + 0
 124              		.type	Comp_PD_B_backup, %object
 125              		.size	Comp_PD_B_backup, 1
 126              	Comp_PD_B_backup:
 127 0000 00       		.space	1
 128              		.text
 129              	.Letext0:
 130              		.file 2 "Generated_Source\\PSoC5\\cytypes.h"
 131              		.file 3 "Generated_Source\\PSoC5\\Comp_PD_B.h"
 132              		.section	.debug_info,"",%progbits
 133              	.Ldebug_info0:
 134 0000 4C010000 		.4byte	0x14c
 135 0004 0400     		.2byte	0x4
 136 0006 00000000 		.4byte	.Ldebug_abbrev0
 137 000a 04       		.byte	0x4
 138 000b 01       		.uleb128 0x1
 139 000c 58010000 		.4byte	.LASF23
 140 0010 0C       		.byte	0xc
 141 0011 3C020000 		.4byte	.LASF24
 142 0015 53000000 		.4byte	.LASF25
 143 0019 00000000 		.4byte	.Ldebug_ranges0+0
 144 001d 00000000 		.4byte	0
 145 0021 00000000 		.4byte	.Ldebug_line0
 146 0025 02       		.uleb128 0x2
 147 0026 01       		.byte	0x1
 148 0027 06       		.byte	0x6
 149 0028 10020000 		.4byte	.LASF0
 150 002c 02       		.uleb128 0x2
 151 002d 01       		.byte	0x1
 152 002e 08       		.byte	0x8
 153 002f 27000000 		.4byte	.LASF1
 154 0033 02       		.uleb128 0x2
 155 0034 02       		.byte	0x2
 156 0035 05       		.byte	0x5
 157 0036 24010000 		.4byte	.LASF2
 158 003a 02       		.uleb128 0x2
 159 003b 02       		.byte	0x2
ARM GAS  C:\Users\Krist\AppData\Local\Temp\ccEQfiWQ.s 			page 6


 160 003c 07       		.byte	0x7
 161 003d FD010000 		.4byte	.LASF3
 162 0041 02       		.uleb128 0x2
 163 0042 04       		.byte	0x4
 164 0043 05       		.byte	0x5
 165 0044 1B010000 		.4byte	.LASF4
 166 0048 02       		.uleb128 0x2
 167 0049 04       		.byte	0x4
 168 004a 07       		.byte	0x7
 169 004b 2E010000 		.4byte	.LASF5
 170 004f 02       		.uleb128 0x2
 171 0050 08       		.byte	0x8
 172 0051 05       		.byte	0x5
 173 0052 00000000 		.4byte	.LASF6
 174 0056 02       		.uleb128 0x2
 175 0057 08       		.byte	0x8
 176 0058 07       		.byte	0x7
 177 0059 A9000000 		.4byte	.LASF7
 178 005d 03       		.uleb128 0x3
 179 005e 04       		.byte	0x4
 180 005f 05       		.byte	0x5
 181 0060 696E7400 		.ascii	"int\000"
 182 0064 02       		.uleb128 0x2
 183 0065 04       		.byte	0x4
 184 0066 07       		.byte	0x7
 185 0067 1A000000 		.4byte	.LASF8
 186 006b 04       		.uleb128 0x4
 187 006c 35000000 		.4byte	.LASF12
 188 0070 02       		.byte	0x2
 189 0071 9201     		.2byte	0x192
 190 0073 2C000000 		.4byte	0x2c
 191 0077 02       		.uleb128 0x2
 192 0078 04       		.byte	0x4
 193 0079 04       		.byte	0x4
 194 007a 28020000 		.4byte	.LASF9
 195 007e 02       		.uleb128 0x2
 196 007f 08       		.byte	0x8
 197 0080 04       		.byte	0x4
 198 0081 40010000 		.4byte	.LASF10
 199 0085 02       		.uleb128 0x2
 200 0086 01       		.byte	0x1
 201 0087 08       		.byte	0x8
 202 0088 F0000000 		.4byte	.LASF11
 203 008c 04       		.uleb128 0x4
 204 008d 2E020000 		.4byte	.LASF13
 205 0091 02       		.byte	0x2
 206 0092 3C02     		.2byte	0x23c
 207 0094 98000000 		.4byte	0x98
 208 0098 05       		.uleb128 0x5
 209 0099 6B000000 		.4byte	0x6b
 210 009d 02       		.uleb128 0x2
 211 009e 08       		.byte	0x8
 212 009f 04       		.byte	0x4
 213 00a0 1C020000 		.4byte	.LASF14
 214 00a4 02       		.uleb128 0x2
 215 00a5 04       		.byte	0x4
 216 00a6 07       		.byte	0x7
ARM GAS  C:\Users\Krist\AppData\Local\Temp\ccEQfiWQ.s 			page 7


 217 00a7 33020000 		.4byte	.LASF15
 218 00ab 06       		.uleb128 0x6
 219 00ac 01       		.byte	0x1
 220 00ad 03       		.byte	0x3
 221 00ae 29       		.byte	0x29
 222 00af C0000000 		.4byte	0xc0
 223 00b3 07       		.uleb128 0x7
 224 00b4 0E000000 		.4byte	.LASF26
 225 00b8 03       		.byte	0x3
 226 00b9 2B       		.byte	0x2b
 227 00ba 6B000000 		.4byte	0x6b
 228 00be 00       		.byte	0
 229 00bf 00       		.byte	0
 230 00c0 08       		.uleb128 0x8
 231 00c1 E6010000 		.4byte	.LASF16
 232 00c5 03       		.byte	0x3
 233 00c6 2D       		.byte	0x2d
 234 00c7 AB000000 		.4byte	0xab
 235 00cb 09       		.uleb128 0x9
 236 00cc 06010000 		.4byte	.LASF17
 237 00d0 01       		.byte	0x1
 238 00d1 26       		.byte	0x26
 239 00d2 01       		.byte	0x1
 240 00d3 09       		.uleb128 0x9
 241 00d4 3B000000 		.4byte	.LASF18
 242 00d8 01       		.byte	0x1
 243 00d9 3A       		.byte	0x3a
 244 00da 01       		.byte	0x1
 245 00db 0A       		.uleb128 0xa
 246 00dc D3000000 		.4byte	0xd3
 247 00e0 00000000 		.4byte	.LFB1
 248 00e4 02000000 		.4byte	.LFE1-.LFB1
 249 00e8 01       		.uleb128 0x1
 250 00e9 9C       		.byte	0x9c
 251 00ea 0B       		.uleb128 0xb
 252 00eb C0000000 		.4byte	.LASF19
 253 00ef 01       		.byte	0x1
 254 00f0 52       		.byte	0x52
 255 00f1 00000000 		.4byte	.LFB2
 256 00f5 24000000 		.4byte	.LFE2-.LFB2
 257 00f9 01       		.uleb128 0x1
 258 00fa 9C       		.byte	0x9c
 259 00fb 09010000 		.4byte	0x109
 260 00ff 0C       		.uleb128 0xc
 261 0100 1C000000 		.4byte	.LVL0
 262 0104 39010000 		.4byte	0x139
 263 0108 00       		.byte	0
 264 0109 0B       		.uleb128 0xb
 265 010a DF000000 		.4byte	.LASF20
 266 010e 01       		.byte	0x1
 267 010f 77       		.byte	0x77
 268 0110 00000000 		.4byte	.LFB3
 269 0114 14000000 		.4byte	.LFE3-.LFB3
 270 0118 01       		.uleb128 0x1
 271 0119 9C       		.byte	0x9c
 272 011a 28010000 		.4byte	0x128
 273 011e 0C       		.uleb128 0xc
ARM GAS  C:\Users\Krist\AppData\Local\Temp\ccEQfiWQ.s 			page 8


 274 011f 0C000000 		.4byte	.LVL1
 275 0123 44010000 		.4byte	0x144
 276 0127 00       		.byte	0
 277 0128 0D       		.uleb128 0xd
 278 0129 47010000 		.4byte	.LASF27
 279 012d 01       		.byte	0x1
 280 012e 15       		.byte	0x15
 281 012f C0000000 		.4byte	0xc0
 282 0133 05       		.uleb128 0x5
 283 0134 03       		.byte	0x3
 284 0135 00000000 		.4byte	Comp_PD_B_backup
 285 0139 0E       		.uleb128 0xe
 286 013a D0000000 		.4byte	.LASF21
 287 013e D0000000 		.4byte	.LASF21
 288 0142 03       		.byte	0x3
 289 0143 40       		.byte	0x40
 290 0144 0E       		.uleb128 0xe
 291 0145 F5000000 		.4byte	.LASF22
 292 0149 F5000000 		.4byte	.LASF22
 293 014d 03       		.byte	0x3
 294 014e 46       		.byte	0x46
 295 014f 00       		.byte	0
 296              		.section	.debug_abbrev,"",%progbits
 297              	.Ldebug_abbrev0:
 298 0000 01       		.uleb128 0x1
 299 0001 11       		.uleb128 0x11
 300 0002 01       		.byte	0x1
 301 0003 25       		.uleb128 0x25
 302 0004 0E       		.uleb128 0xe
 303 0005 13       		.uleb128 0x13
 304 0006 0B       		.uleb128 0xb
 305 0007 03       		.uleb128 0x3
 306 0008 0E       		.uleb128 0xe
 307 0009 1B       		.uleb128 0x1b
 308 000a 0E       		.uleb128 0xe
 309 000b 55       		.uleb128 0x55
 310 000c 17       		.uleb128 0x17
 311 000d 11       		.uleb128 0x11
 312 000e 01       		.uleb128 0x1
 313 000f 10       		.uleb128 0x10
 314 0010 17       		.uleb128 0x17
 315 0011 00       		.byte	0
 316 0012 00       		.byte	0
 317 0013 02       		.uleb128 0x2
 318 0014 24       		.uleb128 0x24
 319 0015 00       		.byte	0
 320 0016 0B       		.uleb128 0xb
 321 0017 0B       		.uleb128 0xb
 322 0018 3E       		.uleb128 0x3e
 323 0019 0B       		.uleb128 0xb
 324 001a 03       		.uleb128 0x3
 325 001b 0E       		.uleb128 0xe
 326 001c 00       		.byte	0
 327 001d 00       		.byte	0
 328 001e 03       		.uleb128 0x3
 329 001f 24       		.uleb128 0x24
 330 0020 00       		.byte	0
ARM GAS  C:\Users\Krist\AppData\Local\Temp\ccEQfiWQ.s 			page 9


 331 0021 0B       		.uleb128 0xb
 332 0022 0B       		.uleb128 0xb
 333 0023 3E       		.uleb128 0x3e
 334 0024 0B       		.uleb128 0xb
 335 0025 03       		.uleb128 0x3
 336 0026 08       		.uleb128 0x8
 337 0027 00       		.byte	0
 338 0028 00       		.byte	0
 339 0029 04       		.uleb128 0x4
 340 002a 16       		.uleb128 0x16
 341 002b 00       		.byte	0
 342 002c 03       		.uleb128 0x3
 343 002d 0E       		.uleb128 0xe
 344 002e 3A       		.uleb128 0x3a
 345 002f 0B       		.uleb128 0xb
 346 0030 3B       		.uleb128 0x3b
 347 0031 05       		.uleb128 0x5
 348 0032 49       		.uleb128 0x49
 349 0033 13       		.uleb128 0x13
 350 0034 00       		.byte	0
 351 0035 00       		.byte	0
 352 0036 05       		.uleb128 0x5
 353 0037 35       		.uleb128 0x35
 354 0038 00       		.byte	0
 355 0039 49       		.uleb128 0x49
 356 003a 13       		.uleb128 0x13
 357 003b 00       		.byte	0
 358 003c 00       		.byte	0
 359 003d 06       		.uleb128 0x6
 360 003e 13       		.uleb128 0x13
 361 003f 01       		.byte	0x1
 362 0040 0B       		.uleb128 0xb
 363 0041 0B       		.uleb128 0xb
 364 0042 3A       		.uleb128 0x3a
 365 0043 0B       		.uleb128 0xb
 366 0044 3B       		.uleb128 0x3b
 367 0045 0B       		.uleb128 0xb
 368 0046 01       		.uleb128 0x1
 369 0047 13       		.uleb128 0x13
 370 0048 00       		.byte	0
 371 0049 00       		.byte	0
 372 004a 07       		.uleb128 0x7
 373 004b 0D       		.uleb128 0xd
 374 004c 00       		.byte	0
 375 004d 03       		.uleb128 0x3
 376 004e 0E       		.uleb128 0xe
 377 004f 3A       		.uleb128 0x3a
 378 0050 0B       		.uleb128 0xb
 379 0051 3B       		.uleb128 0x3b
 380 0052 0B       		.uleb128 0xb
 381 0053 49       		.uleb128 0x49
 382 0054 13       		.uleb128 0x13
 383 0055 38       		.uleb128 0x38
 384 0056 0B       		.uleb128 0xb
 385 0057 00       		.byte	0
 386 0058 00       		.byte	0
 387 0059 08       		.uleb128 0x8
ARM GAS  C:\Users\Krist\AppData\Local\Temp\ccEQfiWQ.s 			page 10


 388 005a 16       		.uleb128 0x16
 389 005b 00       		.byte	0
 390 005c 03       		.uleb128 0x3
 391 005d 0E       		.uleb128 0xe
 392 005e 3A       		.uleb128 0x3a
 393 005f 0B       		.uleb128 0xb
 394 0060 3B       		.uleb128 0x3b
 395 0061 0B       		.uleb128 0xb
 396 0062 49       		.uleb128 0x49
 397 0063 13       		.uleb128 0x13
 398 0064 00       		.byte	0
 399 0065 00       		.byte	0
 400 0066 09       		.uleb128 0x9
 401 0067 2E       		.uleb128 0x2e
 402 0068 00       		.byte	0
 403 0069 3F       		.uleb128 0x3f
 404 006a 19       		.uleb128 0x19
 405 006b 03       		.uleb128 0x3
 406 006c 0E       		.uleb128 0xe
 407 006d 3A       		.uleb128 0x3a
 408 006e 0B       		.uleb128 0xb
 409 006f 3B       		.uleb128 0x3b
 410 0070 0B       		.uleb128 0xb
 411 0071 27       		.uleb128 0x27
 412 0072 19       		.uleb128 0x19
 413 0073 20       		.uleb128 0x20
 414 0074 0B       		.uleb128 0xb
 415 0075 00       		.byte	0
 416 0076 00       		.byte	0
 417 0077 0A       		.uleb128 0xa
 418 0078 2E       		.uleb128 0x2e
 419 0079 00       		.byte	0
 420 007a 31       		.uleb128 0x31
 421 007b 13       		.uleb128 0x13
 422 007c 11       		.uleb128 0x11
 423 007d 01       		.uleb128 0x1
 424 007e 12       		.uleb128 0x12
 425 007f 06       		.uleb128 0x6
 426 0080 40       		.uleb128 0x40
 427 0081 18       		.uleb128 0x18
 428 0082 9742     		.uleb128 0x2117
 429 0084 19       		.uleb128 0x19
 430 0085 00       		.byte	0
 431 0086 00       		.byte	0
 432 0087 0B       		.uleb128 0xb
 433 0088 2E       		.uleb128 0x2e
 434 0089 01       		.byte	0x1
 435 008a 3F       		.uleb128 0x3f
 436 008b 19       		.uleb128 0x19
 437 008c 03       		.uleb128 0x3
 438 008d 0E       		.uleb128 0xe
 439 008e 3A       		.uleb128 0x3a
 440 008f 0B       		.uleb128 0xb
 441 0090 3B       		.uleb128 0x3b
 442 0091 0B       		.uleb128 0xb
 443 0092 27       		.uleb128 0x27
 444 0093 19       		.uleb128 0x19
ARM GAS  C:\Users\Krist\AppData\Local\Temp\ccEQfiWQ.s 			page 11


 445 0094 11       		.uleb128 0x11
 446 0095 01       		.uleb128 0x1
 447 0096 12       		.uleb128 0x12
 448 0097 06       		.uleb128 0x6
 449 0098 40       		.uleb128 0x40
 450 0099 18       		.uleb128 0x18
 451 009a 9742     		.uleb128 0x2117
 452 009c 19       		.uleb128 0x19
 453 009d 01       		.uleb128 0x1
 454 009e 13       		.uleb128 0x13
 455 009f 00       		.byte	0
 456 00a0 00       		.byte	0
 457 00a1 0C       		.uleb128 0xc
 458 00a2 898201   		.uleb128 0x4109
 459 00a5 00       		.byte	0
 460 00a6 11       		.uleb128 0x11
 461 00a7 01       		.uleb128 0x1
 462 00a8 9542     		.uleb128 0x2115
 463 00aa 19       		.uleb128 0x19
 464 00ab 31       		.uleb128 0x31
 465 00ac 13       		.uleb128 0x13
 466 00ad 00       		.byte	0
 467 00ae 00       		.byte	0
 468 00af 0D       		.uleb128 0xd
 469 00b0 34       		.uleb128 0x34
 470 00b1 00       		.byte	0
 471 00b2 03       		.uleb128 0x3
 472 00b3 0E       		.uleb128 0xe
 473 00b4 3A       		.uleb128 0x3a
 474 00b5 0B       		.uleb128 0xb
 475 00b6 3B       		.uleb128 0x3b
 476 00b7 0B       		.uleb128 0xb
 477 00b8 49       		.uleb128 0x49
 478 00b9 13       		.uleb128 0x13
 479 00ba 02       		.uleb128 0x2
 480 00bb 18       		.uleb128 0x18
 481 00bc 00       		.byte	0
 482 00bd 00       		.byte	0
 483 00be 0E       		.uleb128 0xe
 484 00bf 2E       		.uleb128 0x2e
 485 00c0 00       		.byte	0
 486 00c1 3F       		.uleb128 0x3f
 487 00c2 19       		.uleb128 0x19
 488 00c3 3C       		.uleb128 0x3c
 489 00c4 19       		.uleb128 0x19
 490 00c5 6E       		.uleb128 0x6e
 491 00c6 0E       		.uleb128 0xe
 492 00c7 03       		.uleb128 0x3
 493 00c8 0E       		.uleb128 0xe
 494 00c9 3A       		.uleb128 0x3a
 495 00ca 0B       		.uleb128 0xb
 496 00cb 3B       		.uleb128 0x3b
 497 00cc 0B       		.uleb128 0xb
 498 00cd 00       		.byte	0
 499 00ce 00       		.byte	0
 500 00cf 00       		.byte	0
 501              		.section	.debug_aranges,"",%progbits
ARM GAS  C:\Users\Krist\AppData\Local\Temp\ccEQfiWQ.s 			page 12


 502 0000 2C000000 		.4byte	0x2c
 503 0004 0200     		.2byte	0x2
 504 0006 00000000 		.4byte	.Ldebug_info0
 505 000a 04       		.byte	0x4
 506 000b 00       		.byte	0
 507 000c 0000     		.2byte	0
 508 000e 0000     		.2byte	0
 509 0010 00000000 		.4byte	.LFB1
 510 0014 02000000 		.4byte	.LFE1-.LFB1
 511 0018 00000000 		.4byte	.LFB2
 512 001c 24000000 		.4byte	.LFE2-.LFB2
 513 0020 00000000 		.4byte	.LFB3
 514 0024 14000000 		.4byte	.LFE3-.LFB3
 515 0028 00000000 		.4byte	0
 516 002c 00000000 		.4byte	0
 517              		.section	.debug_ranges,"",%progbits
 518              	.Ldebug_ranges0:
 519 0000 00000000 		.4byte	.LFB1
 520 0004 02000000 		.4byte	.LFE1
 521 0008 00000000 		.4byte	.LFB2
 522 000c 24000000 		.4byte	.LFE2
 523 0010 00000000 		.4byte	.LFB3
 524 0014 14000000 		.4byte	.LFE3
 525 0018 00000000 		.4byte	0
 526 001c 00000000 		.4byte	0
 527              		.section	.debug_line,"",%progbits
 528              	.Ldebug_line0:
 529 0000 93000000 		.section	.debug_str,"MS",%progbits,1
 529      02005800 
 529      00000201 
 529      FB0E0D00 
 529      01010101 
 530              	.LASF6:
 531 0000 6C6F6E67 		.ascii	"long long int\000"
 531      206C6F6E 
 531      6720696E 
 531      7400
 532              	.LASF26:
 533 000e 656E6162 		.ascii	"enableState\000"
 533      6C655374 
 533      61746500 
 534              	.LASF8:
 535 001a 756E7369 		.ascii	"unsigned int\000"
 535      676E6564 
 535      20696E74 
 535      00
 536              	.LASF1:
 537 0027 756E7369 		.ascii	"unsigned char\000"
 537      676E6564 
 537      20636861 
 537      7200
 538              	.LASF12:
 539 0035 75696E74 		.ascii	"uint8\000"
 539      3800
 540              	.LASF18:
 541 003b 436F6D70 		.ascii	"Comp_PD_B_RestoreConfig\000"
 541      5F50445F 
ARM GAS  C:\Users\Krist\AppData\Local\Temp\ccEQfiWQ.s 			page 13


 541      425F5265 
 541      73746F72 
 541      65436F6E 
 542              	.LASF25:
 543 0053 433A5C55 		.ascii	"C:\\Users\\Krist\\OneDrive\\Dokumenter\\GitHub\\pla"
 543      73657273 
 543      5C4B7269 
 543      73745C4F 
 543      6E654472 
 544 0080 746F6F6E 		.ascii	"tooning\\PSoC\\PeakDetector\\FirstTry.cydsn\000"
 544      696E675C 
 544      50536F43 
 544      5C506561 
 544      6B446574 
 545              	.LASF7:
 546 00a9 6C6F6E67 		.ascii	"long long unsigned int\000"
 546      206C6F6E 
 546      6720756E 
 546      7369676E 
 546      65642069 
 547              	.LASF19:
 548 00c0 436F6D70 		.ascii	"Comp_PD_B_Sleep\000"
 548      5F50445F 
 548      425F536C 
 548      65657000 
 549              	.LASF21:
 550 00d0 436F6D70 		.ascii	"Comp_PD_B_Stop\000"
 550      5F50445F 
 550      425F5374 
 550      6F7000
 551              	.LASF20:
 552 00df 436F6D70 		.ascii	"Comp_PD_B_Wakeup\000"
 552      5F50445F 
 552      425F5761 
 552      6B657570 
 552      00
 553              	.LASF11:
 554 00f0 63686172 		.ascii	"char\000"
 554      00
 555              	.LASF22:
 556 00f5 436F6D70 		.ascii	"Comp_PD_B_Enable\000"
 556      5F50445F 
 556      425F456E 
 556      61626C65 
 556      00
 557              	.LASF17:
 558 0106 436F6D70 		.ascii	"Comp_PD_B_SaveConfig\000"
 558      5F50445F 
 558      425F5361 
 558      7665436F 
 558      6E666967 
 559              	.LASF4:
 560 011b 6C6F6E67 		.ascii	"long int\000"
 560      20696E74 
 560      00
 561              	.LASF2:
 562 0124 73686F72 		.ascii	"short int\000"
ARM GAS  C:\Users\Krist\AppData\Local\Temp\ccEQfiWQ.s 			page 14


 562      7420696E 
 562      7400
 563              	.LASF5:
 564 012e 6C6F6E67 		.ascii	"long unsigned int\000"
 564      20756E73 
 564      69676E65 
 564      6420696E 
 564      7400
 565              	.LASF10:
 566 0140 646F7562 		.ascii	"double\000"
 566      6C6500
 567              	.LASF27:
 568 0147 436F6D70 		.ascii	"Comp_PD_B_backup\000"
 568      5F50445F 
 568      425F6261 
 568      636B7570 
 568      00
 569              	.LASF23:
 570 0158 474E5520 		.ascii	"GNU C11 5.4.1 20160609 (release) [ARM/embedded-5-br"
 570      43313120 
 570      352E342E 
 570      31203230 
 570      31363036 
 571 018b 616E6368 		.ascii	"anch revision 237715] -mcpu=cortex-m3 -mthumb -g -O"
 571      20726576 
 571      6973696F 
 571      6E203233 
 571      37373135 
 572 01be 73202D66 		.ascii	"s -ffunction-sections -ffat-lto-objects\000"
 572      66756E63 
 572      74696F6E 
 572      2D736563 
 572      74696F6E 
 573              	.LASF16:
 574 01e6 436F6D70 		.ascii	"Comp_PD_B_backupStruct\000"
 574      5F50445F 
 574      425F6261 
 574      636B7570 
 574      53747275 
 575              	.LASF3:
 576 01fd 73686F72 		.ascii	"short unsigned int\000"
 576      7420756E 
 576      7369676E 
 576      65642069 
 576      6E7400
 577              	.LASF0:
 578 0210 7369676E 		.ascii	"signed char\000"
 578      65642063 
 578      68617200 
 579              	.LASF14:
 580 021c 6C6F6E67 		.ascii	"long double\000"
 580      20646F75 
 580      626C6500 
 581              	.LASF9:
 582 0228 666C6F61 		.ascii	"float\000"
 582      7400
 583              	.LASF13:
ARM GAS  C:\Users\Krist\AppData\Local\Temp\ccEQfiWQ.s 			page 15


 584 022e 72656738 		.ascii	"reg8\000"
 584      00
 585              	.LASF15:
 586 0233 73697A65 		.ascii	"sizetype\000"
 586      74797065 
 586      00
 587              	.LASF24:
 588 023c 47656E65 		.ascii	"Generated_Source\\PSoC5\\Comp_PD_B_PM.c\000"
 588      72617465 
 588      645F536F 
 588      75726365 
 588      5C50536F 
 589              		.ident	"GCC: (GNU Tools for ARM Embedded Processors) 5.4.1 20160609 (release) [ARM/embedded-5-bran
