ARM GAS  C:\Users\Krist\AppData\Local\Temp\ccWtE08c.s 			page 1


   1              		.syntax unified
   2              		.cpu cortex-m3
   3              		.fpu softvfp
   4              		.eabi_attribute 20, 1
   5              		.eabi_attribute 21, 1
   6              		.eabi_attribute 23, 3
   7              		.eabi_attribute 24, 1
   8              		.eabi_attribute 25, 1
   9              		.eabi_attribute 26, 1
  10              		.eabi_attribute 30, 4
  11              		.eabi_attribute 34, 1
  12              		.eabi_attribute 18, 4
  13              		.thumb
  14              		.syntax unified
  15              		.file	"cymetadata.c"
  16              		.text
  17              	.Ltext0:
  18              		.cfi_sections	.debug_frame
  19              		.global	cy_metadata
  20              		.global	cy_meta_flashprotect
  21              		.global	cy_meta_wonvl
  22              		.global	cy_meta_custnvl
  23              		.global	cy_meta_configecc
  24              		.section	.cyconfigecc,"a",%progbits
  25              		.type	cy_meta_configecc, %object
  26              		.size	cy_meta_configecc, 1056
  27              	cy_meta_configecc:
  28 0000 01       		.byte	1
  29 0001 4F       		.byte	79
  30 0002 00       		.byte	0
  31 0003 40       		.byte	64
  32 0004 01       		.byte	1
  33 0005 52       		.byte	82
  34 0006 00       		.byte	0
  35 0007 40       		.byte	64
  36 0008 0A       		.byte	10
  37 0009 5A       		.byte	90
  38 000a 00       		.byte	0
  39 000b 40       		.byte	64
  40 000c 03       		.byte	3
  41 000d 65       		.byte	101
  42 000e 00       		.byte	0
  43 000f 40       		.byte	64
  44 0010 02       		.byte	2
  45 0011 07       		.byte	7
  46 0012 01       		.byte	1
  47 0013 40       		.byte	64
  48 0014 04       		.byte	4
  49 0015 09       		.byte	9
  50 0016 01       		.byte	1
  51 0017 40       		.byte	64
  52 0018 01       		.byte	1
  53 0019 0B       		.byte	11
  54 001a 01       		.byte	1
  55 001b 40       		.byte	64
  56 001c 02       		.byte	2
  57 001d 0D       		.byte	13
ARM GAS  C:\Users\Krist\AppData\Local\Temp\ccWtE08c.s 			page 2


  58 001e 01       		.byte	1
  59 001f 40       		.byte	64
  60 0020 03       		.byte	3
  61 0021 15       		.byte	21
  62 0022 01       		.byte	1
  63 0023 40       		.byte	64
  64 0024 01       		.byte	1
  65 0025 17       		.byte	23
  66 0026 01       		.byte	1
  67 0027 40       		.byte	64
  68 0028 14       		.byte	20
  69 0029 18       		.byte	24
  70 002a 01       		.byte	1
  71 002b 40       		.byte	64
  72 002c 3C       		.byte	60
  73 002d 19       		.byte	25
  74 002e 01       		.byte	1
  75 002f 40       		.byte	64
  76 0030 73       		.byte	115
  77 0031 1A       		.byte	26
  78 0032 01       		.byte	1
  79 0033 40       		.byte	64
  80 0034 56       		.byte	86
  81 0035 1B       		.byte	27
  82 0036 01       		.byte	1
  83 0037 40       		.byte	64
  84 0038 05       		.byte	5
  85 0039 40       		.byte	64
  86 003a 01       		.byte	1
  87 003b 40       		.byte	64
  88 003c 04       		.byte	4
  89 003d 41       		.byte	65
  90 003e 01       		.byte	1
  91 003f 40       		.byte	64
  92 0040 04       		.byte	4
  93 0041 42       		.byte	66
  94 0042 01       		.byte	1
  95 0043 40       		.byte	64
  96 0044 07       		.byte	7
  97 0045 43       		.byte	67
  98 0046 01       		.byte	1
  99 0047 40       		.byte	64
 100 0048 04       		.byte	4
 101 0049 44       		.byte	68
 102 004a 01       		.byte	1
 103 004b 40       		.byte	64
 104 004c 05       		.byte	5
 105 004d 45       		.byte	69
 106 004e 01       		.byte	1
 107 004f 40       		.byte	64
 108 0050 07       		.byte	7
 109 0051 46       		.byte	70
 110 0052 01       		.byte	1
 111 0053 40       		.byte	64
 112 0054 08       		.byte	8
 113 0055 47       		.byte	71
 114 0056 01       		.byte	1
ARM GAS  C:\Users\Krist\AppData\Local\Temp\ccWtE08c.s 			page 3


 115 0057 40       		.byte	64
 116 0058 08       		.byte	8
 117 0059 48       		.byte	72
 118 005a 01       		.byte	1
 119 005b 40       		.byte	64
 120 005c 06       		.byte	6
 121 005d 49       		.byte	73
 122 005e 01       		.byte	1
 123 005f 40       		.byte	64
 124 0060 07       		.byte	7
 125 0061 4C       		.byte	76
 126 0062 01       		.byte	1
 127 0063 40       		.byte	64
 128 0064 0A       		.byte	10
 129 0065 4D       		.byte	77
 130 0066 01       		.byte	1
 131 0067 40       		.byte	64
 132 0068 04       		.byte	4
 133 0069 50       		.byte	80
 134 006a 01       		.byte	1
 135 006b 40       		.byte	64
 136 006c 01       		.byte	1
 137 006d 51       		.byte	81
 138 006e 01       		.byte	1
 139 006f 40       		.byte	64
 140 0070 0A       		.byte	10
 141 0071 36       		.byte	54
 142 0072 61       		.byte	97
 143 0073 80       		.byte	-128
 144 0074 0B       		.byte	11
 145 0075 01       		.byte	1
 146 0076 0C       		.byte	12
 147 0077 04       		.byte	4
 148 0078 1B       		.byte	27
 149 0079 01       		.byte	1
 150 007a 1C       		.byte	28
 151 007b 04       		.byte	4
 152 007c 2B       		.byte	43
 153 007d 04       		.byte	4
 154 007e 2C       		.byte	44
 155 007f 04       		.byte	4
 156 0080 3B       		.byte	59
 157 0081 04       		.byte	4
 158 0082 3C       		.byte	60
 159 0083 04       		.byte	4
 160 0084 C7       		.byte	-57
 161 0085 01       		.byte	1
 162 0086 DF       		.byte	-33
 163 0087 01       		.byte	1
 164 0088 88       		.byte	-120
 165 0089 72       		.byte	114
 166 008a 89       		.byte	-119
 167 008b 38       		.byte	56
 168 008c 8A       		.byte	-118
 169 008d 0F       		.byte	15
 170 008e E6       		.byte	-26
 171 008f 01       		.byte	1
ARM GAS  C:\Users\Krist\AppData\Local\Temp\ccWtE08c.s 			page 4


 172 0090 EE       		.byte	-18
 173 0091 04       		.byte	4
 174 0092 81       		.byte	-127
 175 0093 04       		.byte	4
 176 0094 A0       		.byte	-96
 177 0095 02       		.byte	2
 178 0096 E4       		.byte	-28
 179 0097 01       		.byte	1
 180 0098 EE       		.byte	-18
 181 0099 04       		.byte	4
 182 009a A0       		.byte	-96
 183 009b 02       		.byte	2
 184 009c A0       		.byte	-96
 185 009d 02       		.byte	2
 186 009e B0       		.byte	-80
 187 009f 02       		.byte	2
 188 00a0 E6       		.byte	-26
 189 00a1 02       		.byte	2
 190 00a2 EC       		.byte	-20
 191 00a3 20       		.byte	32
 192 00a4 EE       		.byte	-18
 193 00a5 02       		.byte	2
 194 00a6 E6       		.byte	-26
 195 00a7 01       		.byte	1
 196 00a8 82       		.byte	-126
 197 00a9 01       		.byte	1
 198 00aa 86       		.byte	-122
 199 00ab 01       		.byte	1
 200 00ac 95       		.byte	-107
 201 00ad 01       		.byte	1
 202 00ae 96       		.byte	-106
 203 00af 02       		.byte	2
 204 00b0 A4       		.byte	-92
 205 00b1 08       		.byte	8
 206 00b2 AA       		.byte	-86
 207 00b3 02       		.byte	2
 208 00b4 AC       		.byte	-84
 209 00b5 04       		.byte	4
 210 00b6 B0       		.byte	-80
 211 00b7 04       		.byte	4
 212 00b8 B2       		.byte	-78
 213 00b9 08       		.byte	8
 214 00ba B3       		.byte	-77
 215 00bb 01       		.byte	1
 216 00bc B4       		.byte	-76
 217 00bd 01       		.byte	1
 218 00be B6       		.byte	-74
 219 00bf 02       		.byte	2
 220 00c0 BE       		.byte	-66
 221 00c1 55       		.byte	85
 222 00c2 BF       		.byte	-65
 223 00c3 04       		.byte	4
 224 00c4 D4       		.byte	-44
 225 00c5 18       		.byte	24
 226 00c6 D8       		.byte	-40
 227 00c7 04       		.byte	4
 228 00c8 D9       		.byte	-39
ARM GAS  C:\Users\Krist\AppData\Local\Temp\ccWtE08c.s 			page 5


 229 00c9 04       		.byte	4
 230 00ca DB       		.byte	-37
 231 00cb 04       		.byte	4
 232 00cc DD       		.byte	-35
 233 00cd 10       		.byte	16
 234 00ce DF       		.byte	-33
 235 00cf 01       		.byte	1
 236 00d0 00       		.byte	0
 237 00d1 08       		.byte	8
 238 00d2 02       		.byte	2
 239 00d3 80       		.byte	-128
 240 00d4 04       		.byte	4
 241 00d5 42       		.byte	66
 242 00d6 07       		.byte	7
 243 00d7 14       		.byte	20
 244 00d8 09       		.byte	9
 245 00d9 04       		.byte	4
 246 00da 0C       		.byte	12
 247 00db 24       		.byte	36
 248 00dc 0D       		.byte	13
 249 00dd 21       		.byte	33
 250 00de 0E       		.byte	14
 251 00df 02       		.byte	2
 252 00e0 10       		.byte	16
 253 00e1 12       		.byte	18
 254 00e2 11       		.byte	17
 255 00e3 20       		.byte	32
 256 00e4 14       		.byte	20
 257 00e5 80       		.byte	-128
 258 00e6 16       		.byte	22
 259 00e7 02       		.byte	2
 260 00e8 17       		.byte	23
 261 00e9 28       		.byte	40
 262 00ea 18       		.byte	24
 263 00eb 05       		.byte	5
 264 00ec 19       		.byte	25
 265 00ed 04       		.byte	4
 266 00ee 1A       		.byte	26
 267 00ef 80       		.byte	-128
 268 00f0 1C       		.byte	28
 269 00f1 40       		.byte	64
 270 00f2 1E       		.byte	30
 271 00f3 02       		.byte	2
 272 00f4 1F       		.byte	31
 273 00f5 1A       		.byte	26
 274 00f6 22       		.byte	34
 275 00f7 04       		.byte	4
 276 00f8 25       		.byte	37
 277 00f9 06       		.byte	6
 278 00fa 26       		.byte	38
 279 00fb 98       		.byte	-104
 280 00fc 2C       		.byte	44
 281 00fd 24       		.byte	36
 282 00fe 2F       		.byte	47
 283 00ff 0A       		.byte	10
 284 0100 30       		.byte	48
 285 0101 08       		.byte	8
ARM GAS  C:\Users\Krist\AppData\Local\Temp\ccWtE08c.s 			page 6


 286 0102 31       		.byte	49
 287 0103 03       		.byte	3
 288 0104 34       		.byte	52
 289 0105 80       		.byte	-128
 290 0106 36       		.byte	54
 291 0107 23       		.byte	35
 292 0108 37       		.byte	55
 293 0109 14       		.byte	20
 294 010a 39       		.byte	57
 295 010b 02       		.byte	2
 296 010c 3B       		.byte	59
 297 010d 01       		.byte	1
 298 010e 3E       		.byte	62
 299 010f AA       		.byte	-86
 300 0110 44       		.byte	68
 301 0111 04       		.byte	4
 302 0112 47       		.byte	71
 303 0113 44       		.byte	68
 304 0114 4E       		.byte	78
 305 0115 0A       		.byte	10
 306 0116 54       		.byte	84
 307 0117 04       		.byte	4
 308 0118 55       		.byte	85
 309 0119 10       		.byte	16
 310 011a 59       		.byte	89
 311 011b 01       		.byte	1
 312 011c 5E       		.byte	94
 313 011d 20       		.byte	32
 314 011e 60       		.byte	96
 315 011f 05       		.byte	5
 316 0120 6D       		.byte	109
 317 0121 10       		.byte	16
 318 0122 6E       		.byte	110
 319 0123 5C       		.byte	92
 320 0124 76       		.byte	118
 321 0125 2A       		.byte	42
 322 0126 77       		.byte	119
 323 0127 28       		.byte	40
 324 0128 82       		.byte	-126
 325 0129 40       		.byte	64
 326 012a 98       		.byte	-104
 327 012b 10       		.byte	16
 328 012c 9D       		.byte	-99
 329 012d 04       		.byte	4
 330 012e A0       		.byte	-96
 331 012f 02       		.byte	2
 332 0130 B0       		.byte	-80
 333 0131 10       		.byte	16
 334 0132 C0       		.byte	-64
 335 0133 FC       		.byte	-4
 336 0134 C2       		.byte	-62
 337 0135 F4       		.byte	-12
 338 0136 C4       		.byte	-60
 339 0137 F7       		.byte	-9
 340 0138 CA       		.byte	-54
 341 0139 70       		.byte	112
 342 013a CC       		.byte	-52
ARM GAS  C:\Users\Krist\AppData\Local\Temp\ccWtE08c.s 			page 7


 343 013b F2       		.byte	-14
 344 013c CE       		.byte	-50
 345 013d F0       		.byte	-16
 346 013e D0       		.byte	-48
 347 013f 70       		.byte	112
 348 0140 D2       		.byte	-46
 349 0141 30       		.byte	48
 350 0142 D6       		.byte	-42
 351 0143 21       		.byte	33
 352 0144 D8       		.byte	-40
 353 0145 0C       		.byte	12
 354 0146 E4       		.byte	-28
 355 0147 01       		.byte	1
 356 0148 00       		.byte	0
 357 0149 09       		.byte	9
 358 014a 02       		.byte	2
 359 014b D0       		.byte	-48
 360 014c 05       		.byte	5
 361 014d 80       		.byte	-128
 362 014e 06       		.byte	6
 363 014f 03       		.byte	3
 364 0150 09       		.byte	9
 365 0151 03       		.byte	3
 366 0152 0B       		.byte	11
 367 0153 44       		.byte	68
 368 0154 0C       		.byte	12
 369 0155 0C       		.byte	12
 370 0156 0E       		.byte	14
 371 0157 71       		.byte	113
 372 0158 10       		.byte	16
 373 0159 10       		.byte	16
 374 015a 11       		.byte	17
 375 015b 73       		.byte	115
 376 015c 12       		.byte	18
 377 015d AC       		.byte	-84
 378 015e 13       		.byte	19
 379 015f 0C       		.byte	12
 380 0160 14       		.byte	20
 381 0161 DC       		.byte	-36
 382 0162 16       		.byte	22
 383 0163 22       		.byte	34
 384 0164 1B       		.byte	27
 385 0165 55       		.byte	85
 386 0166 1F       		.byte	31
 387 0167 08       		.byte	8
 388 0168 20       		.byte	32
 389 0169 10       		.byte	16
 390 016a 21       		.byte	33
 391 016b 73       		.byte	115
 392 016c 22       		.byte	34
 393 016d 40       		.byte	64
 394 016e 23       		.byte	35
 395 016f 04       		.byte	4
 396 0170 26       		.byte	38
 397 0171 20       		.byte	32
 398 0172 29       		.byte	41
 399 0173 2A       		.byte	42
ARM GAS  C:\Users\Krist\AppData\Local\Temp\ccWtE08c.s 			page 8


 400 0174 2B       		.byte	43
 401 0175 44       		.byte	68
 402 0176 2C       		.byte	44
 403 0177 14       		.byte	20
 404 0178 30       		.byte	48
 405 0179 E0       		.byte	-32
 406 017a 31       		.byte	49
 407 017b 0F       		.byte	15
 408 017c 33       		.byte	51
 409 017d 30       		.byte	48
 410 017e 34       		.byte	52
 411 017f 1F       		.byte	31
 412 0180 35       		.byte	53
 413 0181 40       		.byte	64
 414 0182 37       		.byte	55
 415 0183 80       		.byte	-128
 416 0184 39       		.byte	57
 417 0185 08       		.byte	8
 418 0186 3A       		.byte	58
 419 0187 02       		.byte	2
 420 0188 3B       		.byte	59
 421 0189 02       		.byte	2
 422 018a 3E       		.byte	62
 423 018b 40       		.byte	64
 424 018c 3F       		.byte	63
 425 018d 54       		.byte	84
 426 018e 40       		.byte	64
 427 018f 06       		.byte	6
 428 0190 45       		.byte	69
 429 0191 40       		.byte	64
 430 0192 49       		.byte	73
 431 0193 FF       		.byte	-1
 432 0194 4A       		.byte	74
 433 0195 07       		.byte	7
 434 0196 4B       		.byte	75
 435 0197 FF       		.byte	-1
 436 0198 4C       		.byte	76
 437 0199 40       		.byte	64
 438 019a 4D       		.byte	77
 439 019b 20       		.byte	32
 440 019c 4E       		.byte	78
 441 019d F0       		.byte	-16
 442 019e 4F       		.byte	79
 443 019f 05       		.byte	5
 444 01a0 50       		.byte	80
 445 01a1 08       		.byte	8
 446 01a2 54       		.byte	84
 447 01a3 01       		.byte	1
 448 01a4 58       		.byte	88
 449 01a5 04       		.byte	4
 450 01a6 59       		.byte	89
 451 01a7 04       		.byte	4
 452 01a8 5A       		.byte	90
 453 01a9 04       		.byte	4
 454 01aa 5B       		.byte	91
 455 01ab 04       		.byte	4
 456 01ac 5C       		.byte	92
ARM GAS  C:\Users\Krist\AppData\Local\Temp\ccWtE08c.s 			page 9


 457 01ad 11       		.byte	17
 458 01ae 5D       		.byte	93
 459 01af 11       		.byte	17
 460 01b0 5F       		.byte	95
 461 01b1 01       		.byte	1
 462 01b2 60       		.byte	96
 463 01b3 40       		.byte	64
 464 01b4 61       		.byte	97
 465 01b5 A8       		.byte	-88
 466 01b6 62       		.byte	98
 467 01b7 40       		.byte	64
 468 01b8 63       		.byte	99
 469 01b9 20       		.byte	32
 470 01ba 81       		.byte	-127
 471 01bb 04       		.byte	4
 472 01bc 82       		.byte	-126
 473 01bd 08       		.byte	8
 474 01be 83       		.byte	-125
 475 01bf 51       		.byte	81
 476 01c0 84       		.byte	-124
 477 01c1 20       		.byte	32
 478 01c2 85       		.byte	-123
 479 01c3 27       		.byte	39
 480 01c4 86       		.byte	-122
 481 01c5 03       		.byte	3
 482 01c6 88       		.byte	-120
 483 01c7 40       		.byte	64
 484 01c8 89       		.byte	-119
 485 01c9 27       		.byte	39
 486 01ca 8A       		.byte	-118
 487 01cb 80       		.byte	-128
 488 01cc 8C       		.byte	-116
 489 01cd 11       		.byte	17
 490 01ce 8E       		.byte	-114
 491 01cf 0E       		.byte	14
 492 01d0 90       		.byte	-112
 493 01d1 11       		.byte	17
 494 01d2 92       		.byte	-110
 495 01d3 06       		.byte	6
 496 01d4 94       		.byte	-108
 497 01d5 0C       		.byte	12
 498 01d6 96       		.byte	-106
 499 01d7 13       		.byte	19
 500 01d8 98       		.byte	-104
 501 01d9 C0       		.byte	-64
 502 01da 99       		.byte	-103
 503 01db 01       		.byte	1
 504 01dc 9B       		.byte	-101
 505 01dd 0E       		.byte	14
 506 01de 9E       		.byte	-98
 507 01df 0C       		.byte	12
 508 01e0 A5       		.byte	-91
 509 01e1 02       		.byte	2
 510 01e2 A7       		.byte	-89
 511 01e3 11       		.byte	17
 512 01e4 A8       		.byte	-88
 513 01e5 C0       		.byte	-64
ARM GAS  C:\Users\Krist\AppData\Local\Temp\ccWtE08c.s 			page 10


 514 01e6 AC       		.byte	-84
 515 01e7 80       		.byte	-128
 516 01e8 AD       		.byte	-83
 517 01e9 20       		.byte	32
 518 01ea AE       		.byte	-82
 519 01eb 40       		.byte	64
 520 01ec B1       		.byte	-79
 521 01ed 18       		.byte	24
 522 01ee B2       		.byte	-78
 523 01ef 0F       		.byte	15
 524 01f0 B3       		.byte	-77
 525 01f1 07       		.byte	7
 526 01f2 B4       		.byte	-76
 527 01f3 C0       		.byte	-64
 528 01f4 B5       		.byte	-75
 529 01f5 20       		.byte	32
 530 01f6 B6       		.byte	-74
 531 01f7 30       		.byte	48
 532 01f8 B7       		.byte	-73
 533 01f9 40       		.byte	64
 534 01fa B8       		.byte	-72
 535 01fb 80       		.byte	-128
 536 01fc BA       		.byte	-70
 537 01fd 08       		.byte	8
 538 01fe BF       		.byte	-65
 539 01ff 01       		.byte	1
 540 0200 C0       		.byte	-64
 541 0201 52       		.byte	82
 542 0202 C1       		.byte	-63
 543 0203 04       		.byte	4
 544 0204 C5       		.byte	-59
 545 0205 0C       		.byte	12
 546 0206 C6       		.byte	-58
 547 0207 CB       		.byte	-53
 548 0208 C7       		.byte	-57
 549 0209 0E       		.byte	14
 550 020a C8       		.byte	-56
 551 020b 1D       		.byte	29
 552 020c C9       		.byte	-55
 553 020d FF       		.byte	-1
 554 020e CA       		.byte	-54
 555 020f FF       		.byte	-1
 556 0210 CB       		.byte	-53
 557 0211 FF       		.byte	-1
 558 0212 CE       		.byte	-50
 559 0213 F0       		.byte	-16
 560 0214 CF       		.byte	-49
 561 0215 44       		.byte	68
 562 0216 D0       		.byte	-48
 563 0217 0C       		.byte	12
 564 0218 D6       		.byte	-42
 565 0219 08       		.byte	8
 566 021a D8       		.byte	-40
 567 021b 04       		.byte	4
 568 021c D9       		.byte	-39
 569 021d 04       		.byte	4
 570 021e DA       		.byte	-38
ARM GAS  C:\Users\Krist\AppData\Local\Temp\ccWtE08c.s 			page 11


 571 021f 04       		.byte	4
 572 0220 DB       		.byte	-37
 573 0221 04       		.byte	4
 574 0222 DC       		.byte	-36
 575 0223 11       		.byte	17
 576 0224 DD       		.byte	-35
 577 0225 91       		.byte	-111
 578 0226 DF       		.byte	-33
 579 0227 01       		.byte	1
 580 0228 E6       		.byte	-26
 581 0229 C0       		.byte	-64
 582 022a EA       		.byte	-22
 583 022b 40       		.byte	64
 584 022c EB       		.byte	-21
 585 022d 02       		.byte	2
 586 022e 00       		.byte	0
 587 022f 44       		.byte	68
 588 0230 03       		.byte	3
 589 0231 80       		.byte	-128
 590 0232 04       		.byte	4
 591 0233 40       		.byte	64
 592 0234 05       		.byte	5
 593 0235 12       		.byte	18
 594 0236 07       		.byte	7
 595 0237 10       		.byte	16
 596 0238 09       		.byte	9
 597 0239 0A       		.byte	10
 598 023a 0D       		.byte	13
 599 023b 08       		.byte	8
 600 023c 0E       		.byte	14
 601 023d 09       		.byte	9
 602 023e 0F       		.byte	15
 603 023f 40       		.byte	64
 604 0240 10       		.byte	16
 605 0241 A0       		.byte	-96
 606 0242 11       		.byte	17
 607 0243 80       		.byte	-128
 608 0244 14       		.byte	20
 609 0245 02       		.byte	2
 610 0246 15       		.byte	21
 611 0247 10       		.byte	16
 612 0248 18       		.byte	24
 613 0249 44       		.byte	68
 614 024a 19       		.byte	25
 615 024b 01       		.byte	1
 616 024c 1A       		.byte	26
 617 024d 02       		.byte	2
 618 024e 1D       		.byte	29
 619 024f 38       		.byte	56
 620 0250 1E       		.byte	30
 621 0251 01       		.byte	1
 622 0252 1F       		.byte	31
 623 0253 98       		.byte	-104
 624 0254 20       		.byte	32
 625 0255 01       		.byte	1
 626 0256 21       		.byte	33
 627 0257 02       		.byte	2
ARM GAS  C:\Users\Krist\AppData\Local\Temp\ccWtE08c.s 			page 12


 628 0258 23       		.byte	35
 629 0259 58       		.byte	88
 630 025a 24       		.byte	36
 631 025b 02       		.byte	2
 632 025c 27       		.byte	39
 633 025d 64       		.byte	100
 634 025e 28       		.byte	40
 635 025f 40       		.byte	64
 636 0260 29       		.byte	41
 637 0261 01       		.byte	1
 638 0262 2B       		.byte	43
 639 0263 08       		.byte	8
 640 0264 2E       		.byte	46
 641 0265 40       		.byte	64
 642 0266 2F       		.byte	47
 643 0267 10       		.byte	16
 644 0268 30       		.byte	48
 645 0269 20       		.byte	32
 646 026a 31       		.byte	49
 647 026b 02       		.byte	2
 648 026c 33       		.byte	51
 649 026d 90       		.byte	-112
 650 026e 36       		.byte	54
 651 026f 20       		.byte	32
 652 0270 37       		.byte	55
 653 0271 20       		.byte	32
 654 0272 38       		.byte	56
 655 0273 04       		.byte	4
 656 0274 3A       		.byte	58
 657 0275 10       		.byte	16
 658 0276 3E       		.byte	62
 659 0277 14       		.byte	20
 660 0278 3F       		.byte	63
 661 0279 01       		.byte	1
 662 027a 44       		.byte	68
 663 027b 40       		.byte	64
 664 027c 47       		.byte	71
 665 027d 10       		.byte	16
 666 027e 48       		.byte	72
 667 027f A0       		.byte	-96
 668 0280 49       		.byte	73
 669 0281 02       		.byte	2
 670 0282 4B       		.byte	75
 671 0283 10       		.byte	16
 672 0284 4E       		.byte	78
 673 0285 10       		.byte	16
 674 0286 4F       		.byte	79
 675 0287 40       		.byte	64
 676 0288 54       		.byte	84
 677 0289 08       		.byte	8
 678 028a 55       		.byte	85
 679 028b 40       		.byte	64
 680 028c 56       		.byte	86
 681 028d 10       		.byte	16
 682 028e 59       		.byte	89
 683 028f 80       		.byte	-128
 684 0290 5A       		.byte	90
ARM GAS  C:\Users\Krist\AppData\Local\Temp\ccWtE08c.s 			page 13


 685 0291 28       		.byte	40
 686 0292 5B       		.byte	91
 687 0293 01       		.byte	1
 688 0294 5C       		.byte	92
 689 0295 80       		.byte	-128
 690 0296 64       		.byte	100
 691 0297 02       		.byte	2
 692 0298 66       		.byte	102
 693 0299 80       		.byte	-128
 694 029a 67       		.byte	103
 695 029b 01       		.byte	1
 696 029c 80       		.byte	-128
 697 029d 01       		.byte	1
 698 029e 86       		.byte	-122
 699 029f 01       		.byte	1
 700 02a0 88       		.byte	-120
 701 02a1 08       		.byte	8
 702 02a2 89       		.byte	-119
 703 02a3 80       		.byte	-128
 704 02a4 8B       		.byte	-117
 705 02a5 09       		.byte	9
 706 02a6 8C       		.byte	-116
 707 02a7 80       		.byte	-128
 708 02a8 91       		.byte	-111
 709 02a9 10       		.byte	16
 710 02aa 92       		.byte	-110
 711 02ab 5C       		.byte	92
 712 02ac 94       		.byte	-108
 713 02ad 02       		.byte	2
 714 02ae 97       		.byte	-105
 715 02af 01       		.byte	1
 716 02b0 9E       		.byte	-98
 717 02b1 80       		.byte	-128
 718 02b2 9F       		.byte	-97
 719 02b3 44       		.byte	68
 720 02b4 A2       		.byte	-94
 721 02b5 04       		.byte	4
 722 02b6 A4       		.byte	-92
 723 02b7 08       		.byte	8
 724 02b8 A5       		.byte	-91
 725 02b9 20       		.byte	32
 726 02ba A6       		.byte	-90
 727 02bb 20       		.byte	32
 728 02bc B0       		.byte	-80
 729 02bd 80       		.byte	-128
 730 02be B3       		.byte	-77
 731 02bf 10       		.byte	16
 732 02c0 C0       		.byte	-64
 733 02c1 FD       		.byte	-3
 734 02c2 C2       		.byte	-62
 735 02c3 FC       		.byte	-4
 736 02c4 C4       		.byte	-60
 737 02c5 CD       		.byte	-51
 738 02c6 CA       		.byte	-54
 739 02c7 55       		.byte	85
 740 02c8 CC       		.byte	-52
 741 02c9 2D       		.byte	45
ARM GAS  C:\Users\Krist\AppData\Local\Temp\ccWtE08c.s 			page 14


 742 02ca CE       		.byte	-50
 743 02cb E6       		.byte	-26
 744 02cc D0       		.byte	-48
 745 02cd A0       		.byte	-96
 746 02ce D2       		.byte	-46
 747 02cf 14       		.byte	20
 748 02d0 D6       		.byte	-42
 749 02d1 1F       		.byte	31
 750 02d2 D8       		.byte	-40
 751 02d3 10       		.byte	16
 752 02d4 E0       		.byte	-32
 753 02d5 01       		.byte	1
 754 02d6 EC       		.byte	-20
 755 02d7 20       		.byte	32
 756 02d8 EE       		.byte	-18
 757 02d9 02       		.byte	2
 758 02da 32       		.byte	50
 759 02db 40       		.byte	64
 760 02dc 33       		.byte	51
 761 02dd 08       		.byte	8
 762 02de 36       		.byte	54
 763 02df 04       		.byte	4
 764 02e0 37       		.byte	55
 765 02e1 40       		.byte	64
 766 02e2 CC       		.byte	-52
 767 02e3 F0       		.byte	-16
 768 02e4 96       		.byte	-106
 769 02e5 80       		.byte	-128
 770 02e6 9F       		.byte	-97
 771 02e7 40       		.byte	64
 772 02e8 A6       		.byte	-90
 773 02e9 04       		.byte	4
 774 02ea A7       		.byte	-89
 775 02eb 08       		.byte	8
 776 02ec 96       		.byte	-106
 777 02ed 80       		.byte	-128
 778 02ee 9F       		.byte	-97
 779 02ef 40       		.byte	64
 780 02f0 A6       		.byte	-90
 781 02f1 04       		.byte	4
 782 02f2 A7       		.byte	-89
 783 02f3 08       		.byte	8
 784 02f4 83       		.byte	-125
 785 02f5 40       		.byte	64
 786 02f6 96       		.byte	-106
 787 02f7 80       		.byte	-128
 788 02f8 9F       		.byte	-97
 789 02f9 40       		.byte	64
 790 02fa A7       		.byte	-89
 791 02fb 08       		.byte	8
 792 02fc AA       		.byte	-86
 793 02fd 04       		.byte	4
 794 02fe E6       		.byte	-26
 795 02ff 80       		.byte	-128
 796 0300 EE       		.byte	-18
 797 0301 20       		.byte	32
 798 0302 28       		.byte	40
ARM GAS  C:\Users\Krist\AppData\Local\Temp\ccWtE08c.s 			page 15


 799 0303 04       		.byte	4
 800 0304 30       		.byte	48
 801 0305 01       		.byte	1
 802 0306 CA       		.byte	-54
 803 0307 08       		.byte	8
 804 0308 CC       		.byte	-52
 805 0309 02       		.byte	2
 806 030a 30       		.byte	48
 807 030b 01       		.byte	1
 808 030c 9C       		.byte	-100
 809 030d 01       		.byte	1
 810 030e B0       		.byte	-80
 811 030f 04       		.byte	4
 812 0310 CC       		.byte	-52
 813 0311 02       		.byte	2
 814 0312 EE       		.byte	-18
 815 0313 01       		.byte	1
 816 0314 1B       		.byte	27
 817 0315 04       		.byte	4
 818 0316 33       		.byte	51
 819 0317 02       		.byte	2
 820 0318 53       		.byte	83
 821 0319 02       		.byte	2
 822 031a 59       		.byte	89
 823 031b 20       		.byte	32
 824 031c 9C       		.byte	-100
 825 031d 01       		.byte	1
 826 031e C6       		.byte	-58
 827 031f 08       		.byte	8
 828 0320 CC       		.byte	-52
 829 0321 02       		.byte	2
 830 0322 00       		.byte	0
 831 0323 08       		.byte	8
 832 0324 33       		.byte	51
 833 0325 08       		.byte	8
 834 0326 81       		.byte	-127
 835 0327 20       		.byte	32
 836 0328 9C       		.byte	-100
 837 0329 01       		.byte	1
 838 032a 9D       		.byte	-99
 839 032b 20       		.byte	32
 840 032c AB       		.byte	-85
 841 032d 04       		.byte	4
 842 032e C0       		.byte	-64
 843 032f 08       		.byte	8
 844 0330 CC       		.byte	-52
 845 0331 02       		.byte	2
 846 0332 10       		.byte	16
 847 0333 08       		.byte	8
 848 0334 67       		.byte	103
 849 0335 40       		.byte	64
 850 0336 82       		.byte	-126
 851 0337 40       		.byte	64
 852 0338 96       		.byte	-106
 853 0339 80       		.byte	-128
 854 033a A7       		.byte	-89
 855 033b 08       		.byte	8
ARM GAS  C:\Users\Krist\AppData\Local\Temp\ccWtE08c.s 			page 16


 856 033c C4       		.byte	-60
 857 033d 40       		.byte	64
 858 033e D8       		.byte	-40
 859 033f 80       		.byte	-128
 860 0340 E6       		.byte	-26
 861 0341 80       		.byte	-128
 862 0342 87       		.byte	-121
 863 0343 40       		.byte	64
 864 0344 97       		.byte	-105
 865 0345 40       		.byte	64
 866 0346 AF       		.byte	-81
 867 0347 08       		.byte	8
 868 0348 B0       		.byte	-80
 869 0349 08       		.byte	8
 870 034a E6       		.byte	-26
 871 034b 40       		.byte	64
 872 034c EE       		.byte	-18
 873 034d 40       		.byte	64
 874 034e 1F       		.byte	31
 875 034f 10       		.byte	16
 876 0350 83       		.byte	-125
 877 0351 08       		.byte	8
 878 0352 9C       		.byte	-100
 879 0353 01       		.byte	1
 880 0354 A7       		.byte	-89
 881 0355 08       		.byte	8
 882 0356 B0       		.byte	-80
 883 0357 04       		.byte	4
 884 0358 C6       		.byte	-58
 885 0359 01       		.byte	1
 886 035a EA       		.byte	-22
 887 035b 04       		.byte	4
 888 035c 12       		.byte	18
 889 035d 20       		.byte	32
 890 035e 71       		.byte	113
 891 035f 02       		.byte	2
 892 0360 81       		.byte	-127
 893 0361 02       		.byte	2
 894 0362 8E       		.byte	-114
 895 0363 20       		.byte	32
 896 0364 AF       		.byte	-81
 897 0365 10       		.byte	16
 898 0366 B0       		.byte	-80
 899 0367 01       		.byte	1
 900 0368 C4       		.byte	-60
 901 0369 08       		.byte	8
 902 036a DC       		.byte	-36
 903 036b 01       		.byte	1
 904 036c E2       		.byte	-30
 905 036d 08       		.byte	8
 906 036e EC       		.byte	-20
 907 036f 04       		.byte	4
 908 0370 10       		.byte	16
 909 0371 02       		.byte	2
 910 0372 11       		.byte	17
 911 0373 01       		.byte	1
 912 0374 1C       		.byte	28
ARM GAS  C:\Users\Krist\AppData\Local\Temp\ccWtE08c.s 			page 17


 913 0375 02       		.byte	2
 914 0376 1D       		.byte	29
 915 0377 01       		.byte	1
 916 0378 00       		.byte	0
 917 0379 FF       		.byte	-1
 918 037a 00       		.byte	0
 919 037b 00       		.byte	0
 920 037c 00       		.byte	0
 921 037d 40       		.byte	64
 922 037e 40       		.byte	64
 923 037f 00       		.byte	0
 924 0380 03       		.byte	3
 925 0381 20       		.byte	32
 926 0382 00       		.byte	0
 927 0383 00       		.byte	0
 928 0384 00       		.byte	0
 929 0385 60       		.byte	96
 930 0386 B3       		.byte	-77
 931 0387 00       		.byte	0
 932 0388 4F       		.byte	79
 933 0389 02       		.byte	2
 934 038a 90       		.byte	-112
 935 038b 00       		.byte	0
 936 038c 42       		.byte	66
 937 038d 1F       		.byte	31
 938 038e 00       		.byte	0
 939 038f 60       		.byte	96
 940 0390 FF       		.byte	-1
 941 0391 00       		.byte	0
 942 0392 00       		.byte	0
 943 0393 13       		.byte	19
 944 0394 01       		.byte	1
 945 0395 03       		.byte	3
 946 0396 00       		.byte	0
 947 0397 00       		.byte	0
 948 0398 F3       		.byte	-13
 949 0399 74       		.byte	116
 950 039a 0C       		.byte	12
 951 039b 0B       		.byte	11
 952 039c 4C       		.byte	76
 953 039d 00       		.byte	0
 954 039e A3       		.byte	-93
 955 039f 00       		.byte	0
 956 03a0 04       		.byte	4
 957 03a1 01       		.byte	1
 958 03a2 00       		.byte	0
 959 03a3 00       		.byte	0
 960 03a4 0C       		.byte	12
 961 03a5 7F       		.byte	127
 962 03a6 00       		.byte	0
 963 03a7 00       		.byte	0
 964 03a8 08       		.byte	8
 965 03a9 64       		.byte	100
 966 03aa 00       		.byte	0
 967 03ab 1B       		.byte	27
 968 03ac 8C       		.byte	-116
 969 03ad 03       		.byte	3
ARM GAS  C:\Users\Krist\AppData\Local\Temp\ccWtE08c.s 			page 18


 970 03ae 00       		.byte	0
 971 03af 70       		.byte	112
 972 03b0 7C       		.byte	124
 973 03b1 04       		.byte	4
 974 03b2 0F       		.byte	15
 975 03b3 08       		.byte	8
 976 03b4 00       		.byte	0
 977 03b5 80       		.byte	-128
 978 03b6 AA       		.byte	-86
 979 03b7 00       		.byte	0
 980 03b8 00       		.byte	0
 981 03b9 00       		.byte	0
 982 03ba 00       		.byte	0
 983 03bb 10       		.byte	16
 984 03bc 53       		.byte	83
 985 03bd 02       		.byte	2
 986 03be 06       		.byte	6
 987 03bf 00       		.byte	0
 988 03c0 01       		.byte	1
 989 03c1 00       		.byte	0
 990 03c2 C0       		.byte	-64
 991 03c3 0E       		.byte	14
 992 03c4 18       		.byte	24
 993 03c5 FF       		.byte	-1
 994 03c6 FF       		.byte	-1
 995 03c7 FF       		.byte	-1
 996 03c8 62       		.byte	98
 997 03c9 A0       		.byte	-96
 998 03ca F0       		.byte	-16
 999 03cb 41       		.byte	65
 1000 03cc 0C       		.byte	12
 1001 03cd 00       		.byte	0
 1002 03ce 00       		.byte	0
 1003 03cf 00       		.byte	0
 1004 03d0 00       		.byte	0
 1005 03d1 00       		.byte	0
 1006 03d2 02       		.byte	2
 1007 03d3 11       		.byte	17
 1008 03d4 04       		.byte	4
 1009 03d5 04       		.byte	4
 1010 03d6 04       		.byte	4
 1011 03d7 04       		.byte	4
 1012 03d8 11       		.byte	17
 1013 03d9 11       		.byte	17
 1014 03da 00       		.byte	0
 1015 03db 01       		.byte	1
 1016 03dc 00       		.byte	0
 1017 03dd 00       		.byte	0
 1018 03de 00       		.byte	0
 1019 03df 00       		.byte	0
 1020 03e0 00       		.byte	0
 1021 03e1 00       		.byte	0
 1022 03e2 40       		.byte	64
 1023 03e3 02       		.byte	2
 1024 03e4 00       		.byte	0
 1025 03e5 10       		.byte	16
 1026 03e6 30       		.byte	48
ARM GAS  C:\Users\Krist\AppData\Local\Temp\ccWtE08c.s 			page 19


 1027 03e7 10       		.byte	16
 1028 03e8 00       		.byte	0
 1029 03e9 10       		.byte	16
 1030 03ea 10       		.byte	16
 1031 03eb 12       		.byte	18
 1032 03ec 00       		.byte	0
 1033 03ed 00       		.byte	0
 1034 03ee 00       		.byte	0
 1035 03ef 00       		.byte	0
 1036 03f0 00       		.byte	0
 1037 03f1 00       		.byte	0
 1038 03f2 00       		.byte	0
 1039 03f3 00       		.byte	0
 1040 03f4 00       		.byte	0
 1041 03f5 00       		.byte	0
 1042 03f6 00       		.byte	0
 1043 03f7 00       		.byte	0
 1044 03f8 00       		.byte	0
 1045 03f9 00       		.byte	0
 1046 03fa 00       		.byte	0
 1047 03fb 00       		.byte	0
 1048 03fc 80       		.byte	-128
 1049 03fd 00       		.byte	0
 1050 03fe 40       		.byte	64
 1051 03ff 80       		.byte	-128
 1052 0400 80       		.byte	-128
 1053 0401 00       		.byte	0
 1054 0402 80       		.byte	-128
 1055 0403 00       		.byte	0
 1056 0404 00       		.byte	0
 1057 0405 00       		.byte	0
 1058 0406 00       		.byte	0
 1059 0407 00       		.byte	0
 1060 0408 00       		.byte	0
 1061 0409 0B       		.byte	11
 1062 040a 0B       		.byte	11
 1063 040b 00       		.byte	0
 1064 040c 00       		.byte	0
 1065 040d 00       		.byte	0
 1066 040e 40       		.byte	64
 1067 040f 00       		.byte	0
 1068 0410 00       		.byte	0
 1069 0411 00       		.byte	0
 1070 0412 00       		.byte	0
 1071 0413 00       		.byte	0
 1072 0414 00       		.byte	0
 1073 0415 00       		.byte	0
 1074 0416 40       		.byte	64
 1075 0417 00       		.byte	0
 1076 0418 05       		.byte	5
 1077 0419 00       		.byte	0
 1078 041a 18       		.byte	24
 1079 041b 01       		.byte	1
 1080 041c 1D       		.byte	29
 1081 041d 00       		.byte	0
 1082 041e 1C       		.byte	28
 1083 041f 01       		.byte	1
ARM GAS  C:\Users\Krist\AppData\Local\Temp\ccWtE08c.s 			page 20


 1084              		.section	.cywolatch,"a",%progbits
 1085              		.type	cy_meta_wonvl, %object
 1086              		.size	cy_meta_wonvl, 4
 1087              	cy_meta_wonvl:
 1088 0000 BC       		.byte	-68
 1089 0001 90       		.byte	-112
 1090 0002 AC       		.byte	-84
 1091 0003 AF       		.byte	-81
 1092              		.section	.cycustnvl,"a",%progbits
 1093              		.type	cy_meta_custnvl, %object
 1094              		.size	cy_meta_custnvl, 4
 1095              	cy_meta_custnvl:
 1096 0000 00       		.byte	0
 1097 0001 00       		.byte	0
 1098 0002 40       		.byte	64
 1099 0003 05       		.byte	5
 1100              		.section	.cymeta,"a",%progbits
 1101              		.type	cy_metadata, %object
 1102              		.size	cy_metadata, 12
 1103              	cy_metadata:
 1104 0000 00       		.byte	0
 1105 0001 01       		.byte	1
 1106 0002 2E       		.byte	46
 1107 0003 16       		.byte	22
 1108 0004 10       		.byte	16
 1109 0005 69       		.byte	105
 1110 0006 00       		.byte	0
 1111 0007 01       		.byte	1
 1112 0008 00       		.byte	0
 1113 0009 00       		.byte	0
 1114 000a 00       		.byte	0
 1115 000b 00       		.byte	0
 1116              		.section	.cyflashprotect,"a",%progbits
 1117              		.type	cy_meta_flashprotect, %object
 1118              		.size	cy_meta_flashprotect, 256
 1119              	cy_meta_flashprotect:
 1120 0000 00000000 		.space	256
 1120      00000000 
 1120      00000000 
 1120      00000000 
 1120      00000000 
 1121              		.text
 1122              	.Letext0:
 1123              		.file 1 "c:\\program files (x86)\\cypress\\psoc creator\\4.1\\psoc creator\\import\\gnu\\arm\\5.4.
 1124              		.file 2 "c:\\program files (x86)\\cypress\\psoc creator\\4.1\\psoc creator\\import\\gnu\\arm\\5.4.
 1125              		.file 3 "Generated_Source\\PSoC5\\cymetadata.c"
 1126              		.section	.debug_info,"",%progbits
 1127              	.Ldebug_info0:
 1128 0000 31010000 		.4byte	0x131
 1129 0004 0400     		.2byte	0x4
 1130 0006 00000000 		.4byte	.Ldebug_abbrev0
 1131 000a 04       		.byte	0x4
 1132 000b 01       		.uleb128 0x1
 1133 000c E5000000 		.4byte	.LASF17
 1134 0010 0C       		.byte	0xc
 1135 0011 D4010000 		.4byte	.LASF18
 1136 0015 0A000000 		.4byte	.LASF19
ARM GAS  C:\Users\Krist\AppData\Local\Temp\ccWtE08c.s 			page 21


 1137 0019 00000000 		.4byte	.Ldebug_line0
 1138 001d 02       		.uleb128 0x2
 1139 001e 01       		.byte	0x1
 1140 001f 06       		.byte	0x6
 1141 0020 C8010000 		.4byte	.LASF0
 1142 0024 03       		.uleb128 0x3
 1143 0025 00000000 		.4byte	.LASF9
 1144 0029 01       		.byte	0x1
 1145 002a 1D       		.byte	0x1d
 1146 002b 2F000000 		.4byte	0x2f
 1147 002f 02       		.uleb128 0x2
 1148 0030 01       		.byte	0x1
 1149 0031 08       		.byte	0x8
 1150 0032 83000000 		.4byte	.LASF1
 1151 0036 02       		.uleb128 0x2
 1152 0037 02       		.byte	0x2
 1153 0038 05       		.byte	0x5
 1154 0039 B5010000 		.4byte	.LASF2
 1155 003d 02       		.uleb128 0x2
 1156 003e 02       		.byte	0x2
 1157 003f 07       		.byte	0x7
 1158 0040 A3000000 		.4byte	.LASF3
 1159 0044 02       		.uleb128 0x2
 1160 0045 04       		.byte	0x4
 1161 0046 05       		.byte	0x5
 1162 0047 BF010000 		.4byte	.LASF4
 1163 004b 02       		.uleb128 0x2
 1164 004c 04       		.byte	0x4
 1165 004d 07       		.byte	0x7
 1166 004e 91000000 		.4byte	.LASF5
 1167 0052 02       		.uleb128 0x2
 1168 0053 08       		.byte	0x8
 1169 0054 05       		.byte	0x5
 1170 0055 A7010000 		.4byte	.LASF6
 1171 0059 02       		.uleb128 0x2
 1172 005a 08       		.byte	0x8
 1173 005b 07       		.byte	0x7
 1174 005c 6C000000 		.4byte	.LASF7
 1175 0060 04       		.uleb128 0x4
 1176 0061 04       		.byte	0x4
 1177 0062 05       		.byte	0x5
 1178 0063 696E7400 		.ascii	"int\000"
 1179 0067 02       		.uleb128 0x2
 1180 0068 04       		.byte	0x4
 1181 0069 07       		.byte	0x7
 1182 006a D8000000 		.4byte	.LASF8
 1183 006e 03       		.uleb128 0x3
 1184 006f 73010000 		.4byte	.LASF10
 1185 0073 02       		.byte	0x2
 1186 0074 18       		.byte	0x18
 1187 0075 24000000 		.4byte	0x24
 1188 0079 05       		.uleb128 0x5
 1189 007a 91000000 		.4byte	0x91
 1190 007e 8A000000 		.4byte	0x8a
 1191 0082 06       		.uleb128 0x6
 1192 0083 8A000000 		.4byte	0x8a
 1193 0087 1F04     		.2byte	0x41f
ARM GAS  C:\Users\Krist\AppData\Local\Temp\ccWtE08c.s 			page 22


 1194 0089 00       		.byte	0
 1195 008a 02       		.uleb128 0x2
 1196 008b 04       		.byte	0x4
 1197 008c 07       		.byte	0x7
 1198 008d 9E010000 		.4byte	.LASF11
 1199 0091 07       		.uleb128 0x7
 1200 0092 6E000000 		.4byte	0x6e
 1201 0096 08       		.uleb128 0x8
 1202 0097 C6000000 		.4byte	.LASF12
 1203 009b 03       		.byte	0x3
 1204 009c 1F       		.byte	0x1f
 1205 009d A7000000 		.4byte	0xa7
 1206 00a1 05       		.uleb128 0x5
 1207 00a2 03       		.byte	0x3
 1208 00a3 00000000 		.4byte	cy_meta_configecc
 1209 00a7 07       		.uleb128 0x7
 1210 00a8 79000000 		.4byte	0x79
 1211 00ac 05       		.uleb128 0x5
 1212 00ad 91000000 		.4byte	0x91
 1213 00b1 BC000000 		.4byte	0xbc
 1214 00b5 09       		.uleb128 0x9
 1215 00b6 8A000000 		.4byte	0x8a
 1216 00ba 03       		.byte	0x3
 1217 00bb 00       		.byte	0
 1218 00bc 08       		.uleb128 0x8
 1219 00bd B6000000 		.4byte	.LASF13
 1220 00c1 03       		.byte	0x3
 1221 00c2 B0       		.byte	0xb0
 1222 00c3 CD000000 		.4byte	0xcd
 1223 00c7 05       		.uleb128 0x5
 1224 00c8 03       		.byte	0x3
 1225 00c9 00000000 		.4byte	cy_meta_custnvl
 1226 00cd 07       		.uleb128 0x7
 1227 00ce AC000000 		.4byte	0xac
 1228 00d2 08       		.uleb128 0x8
 1229 00d3 90010000 		.4byte	.LASF14
 1230 00d7 03       		.byte	0x3
 1231 00d8 BE       		.byte	0xbe
 1232 00d9 E3000000 		.4byte	0xe3
 1233 00dd 05       		.uleb128 0x5
 1234 00de 03       		.byte	0x3
 1235 00df 00000000 		.4byte	cy_meta_wonvl
 1236 00e3 07       		.uleb128 0x7
 1237 00e4 AC000000 		.4byte	0xac
 1238 00e8 05       		.uleb128 0x5
 1239 00e9 91000000 		.4byte	0x91
 1240 00ed F8000000 		.4byte	0xf8
 1241 00f1 09       		.uleb128 0x9
 1242 00f2 8A000000 		.4byte	0x8a
 1243 00f6 FF       		.byte	0xff
 1244 00f7 00       		.byte	0
 1245 00f8 08       		.uleb128 0x8
 1246 00f9 7B010000 		.4byte	.LASF15
 1247 00fd 03       		.byte	0x3
 1248 00fe CC       		.byte	0xcc
 1249 00ff 09010000 		.4byte	0x109
 1250 0103 05       		.uleb128 0x5
ARM GAS  C:\Users\Krist\AppData\Local\Temp\ccWtE08c.s 			page 23


 1251 0104 03       		.byte	0x3
 1252 0105 00000000 		.4byte	cy_meta_flashprotect
 1253 0109 07       		.uleb128 0x7
 1254 010a E8000000 		.4byte	0xe8
 1255 010e 05       		.uleb128 0x5
 1256 010f 91000000 		.4byte	0x91
 1257 0113 1E010000 		.4byte	0x11e
 1258 0117 09       		.uleb128 0x9
 1259 0118 8A000000 		.4byte	0x8a
 1260 011c 0B       		.byte	0xb
 1261 011d 00       		.byte	0
 1262 011e 08       		.uleb128 0x8
 1263 011f 60000000 		.4byte	.LASF16
 1264 0123 03       		.byte	0x3
 1265 0124 F9       		.byte	0xf9
 1266 0125 2F010000 		.4byte	0x12f
 1267 0129 05       		.uleb128 0x5
 1268 012a 03       		.byte	0x3
 1269 012b 00000000 		.4byte	cy_metadata
 1270 012f 07       		.uleb128 0x7
 1271 0130 0E010000 		.4byte	0x10e
 1272 0134 00       		.byte	0
 1273              		.section	.debug_abbrev,"",%progbits
 1274              	.Ldebug_abbrev0:
 1275 0000 01       		.uleb128 0x1
 1276 0001 11       		.uleb128 0x11
 1277 0002 01       		.byte	0x1
 1278 0003 25       		.uleb128 0x25
 1279 0004 0E       		.uleb128 0xe
 1280 0005 13       		.uleb128 0x13
 1281 0006 0B       		.uleb128 0xb
 1282 0007 03       		.uleb128 0x3
 1283 0008 0E       		.uleb128 0xe
 1284 0009 1B       		.uleb128 0x1b
 1285 000a 0E       		.uleb128 0xe
 1286 000b 10       		.uleb128 0x10
 1287 000c 17       		.uleb128 0x17
 1288 000d 00       		.byte	0
 1289 000e 00       		.byte	0
 1290 000f 02       		.uleb128 0x2
 1291 0010 24       		.uleb128 0x24
 1292 0011 00       		.byte	0
 1293 0012 0B       		.uleb128 0xb
 1294 0013 0B       		.uleb128 0xb
 1295 0014 3E       		.uleb128 0x3e
 1296 0015 0B       		.uleb128 0xb
 1297 0016 03       		.uleb128 0x3
 1298 0017 0E       		.uleb128 0xe
 1299 0018 00       		.byte	0
 1300 0019 00       		.byte	0
 1301 001a 03       		.uleb128 0x3
 1302 001b 16       		.uleb128 0x16
 1303 001c 00       		.byte	0
 1304 001d 03       		.uleb128 0x3
 1305 001e 0E       		.uleb128 0xe
 1306 001f 3A       		.uleb128 0x3a
 1307 0020 0B       		.uleb128 0xb
ARM GAS  C:\Users\Krist\AppData\Local\Temp\ccWtE08c.s 			page 24


 1308 0021 3B       		.uleb128 0x3b
 1309 0022 0B       		.uleb128 0xb
 1310 0023 49       		.uleb128 0x49
 1311 0024 13       		.uleb128 0x13
 1312 0025 00       		.byte	0
 1313 0026 00       		.byte	0
 1314 0027 04       		.uleb128 0x4
 1315 0028 24       		.uleb128 0x24
 1316 0029 00       		.byte	0
 1317 002a 0B       		.uleb128 0xb
 1318 002b 0B       		.uleb128 0xb
 1319 002c 3E       		.uleb128 0x3e
 1320 002d 0B       		.uleb128 0xb
 1321 002e 03       		.uleb128 0x3
 1322 002f 08       		.uleb128 0x8
 1323 0030 00       		.byte	0
 1324 0031 00       		.byte	0
 1325 0032 05       		.uleb128 0x5
 1326 0033 01       		.uleb128 0x1
 1327 0034 01       		.byte	0x1
 1328 0035 49       		.uleb128 0x49
 1329 0036 13       		.uleb128 0x13
 1330 0037 01       		.uleb128 0x1
 1331 0038 13       		.uleb128 0x13
 1332 0039 00       		.byte	0
 1333 003a 00       		.byte	0
 1334 003b 06       		.uleb128 0x6
 1335 003c 21       		.uleb128 0x21
 1336 003d 00       		.byte	0
 1337 003e 49       		.uleb128 0x49
 1338 003f 13       		.uleb128 0x13
 1339 0040 2F       		.uleb128 0x2f
 1340 0041 05       		.uleb128 0x5
 1341 0042 00       		.byte	0
 1342 0043 00       		.byte	0
 1343 0044 07       		.uleb128 0x7
 1344 0045 26       		.uleb128 0x26
 1345 0046 00       		.byte	0
 1346 0047 49       		.uleb128 0x49
 1347 0048 13       		.uleb128 0x13
 1348 0049 00       		.byte	0
 1349 004a 00       		.byte	0
 1350 004b 08       		.uleb128 0x8
 1351 004c 34       		.uleb128 0x34
 1352 004d 00       		.byte	0
 1353 004e 03       		.uleb128 0x3
 1354 004f 0E       		.uleb128 0xe
 1355 0050 3A       		.uleb128 0x3a
 1356 0051 0B       		.uleb128 0xb
 1357 0052 3B       		.uleb128 0x3b
 1358 0053 0B       		.uleb128 0xb
 1359 0054 49       		.uleb128 0x49
 1360 0055 13       		.uleb128 0x13
 1361 0056 3F       		.uleb128 0x3f
 1362 0057 19       		.uleb128 0x19
 1363 0058 02       		.uleb128 0x2
 1364 0059 18       		.uleb128 0x18
ARM GAS  C:\Users\Krist\AppData\Local\Temp\ccWtE08c.s 			page 25


 1365 005a 00       		.byte	0
 1366 005b 00       		.byte	0
 1367 005c 09       		.uleb128 0x9
 1368 005d 21       		.uleb128 0x21
 1369 005e 00       		.byte	0
 1370 005f 49       		.uleb128 0x49
 1371 0060 13       		.uleb128 0x13
 1372 0061 2F       		.uleb128 0x2f
 1373 0062 0B       		.uleb128 0xb
 1374 0063 00       		.byte	0
 1375 0064 00       		.byte	0
 1376 0065 00       		.byte	0
 1377              		.section	.debug_aranges,"",%progbits
 1378 0000 14000000 		.4byte	0x14
 1379 0004 0200     		.2byte	0x2
 1380 0006 00000000 		.4byte	.Ldebug_info0
 1381 000a 04       		.byte	0x4
 1382 000b 00       		.byte	0
 1383 000c 0000     		.2byte	0
 1384 000e 0000     		.2byte	0
 1385 0010 00000000 		.4byte	0
 1386 0014 00000000 		.4byte	0
 1387              		.section	.debug_line,"",%progbits
 1388              	.Ldebug_line0:
 1389 0000 3D010000 		.section	.debug_str,"MS",%progbits,1
 1389      02003701 
 1389      00000201 
 1389      FB0E0D00 
 1389      01010101 
 1390              	.LASF9:
 1391 0000 5F5F7569 		.ascii	"__uint8_t\000"
 1391      6E74385F 
 1391      7400
 1392              	.LASF19:
 1393 000a 433A5C55 		.ascii	"C:\\Users\\Krist\\OneDrive\\Dokumenter\\GitHub\\pla"
 1393      73657273 
 1393      5C4B7269 
 1393      73745C4F 
 1393      6E654472 
 1394 0037 746F6F6E 		.ascii	"tooning\\PSoC\\PeakDetector\\FirstTry.cydsn\000"
 1394      696E675C 
 1394      50536F43 
 1394      5C506561 
 1394      6B446574 
 1395              	.LASF16:
 1396 0060 63795F6D 		.ascii	"cy_metadata\000"
 1396      65746164 
 1396      61746100 
 1397              	.LASF7:
 1398 006c 6C6F6E67 		.ascii	"long long unsigned int\000"
 1398      206C6F6E 
 1398      6720756E 
 1398      7369676E 
 1398      65642069 
 1399              	.LASF1:
 1400 0083 756E7369 		.ascii	"unsigned char\000"
 1400      676E6564 
ARM GAS  C:\Users\Krist\AppData\Local\Temp\ccWtE08c.s 			page 26


 1400      20636861 
 1400      7200
 1401              	.LASF5:
 1402 0091 6C6F6E67 		.ascii	"long unsigned int\000"
 1402      20756E73 
 1402      69676E65 
 1402      6420696E 
 1402      7400
 1403              	.LASF3:
 1404 00a3 73686F72 		.ascii	"short unsigned int\000"
 1404      7420756E 
 1404      7369676E 
 1404      65642069 
 1404      6E7400
 1405              	.LASF13:
 1406 00b6 63795F6D 		.ascii	"cy_meta_custnvl\000"
 1406      6574615F 
 1406      63757374 
 1406      6E766C00 
 1407              	.LASF12:
 1408 00c6 63795F6D 		.ascii	"cy_meta_configecc\000"
 1408      6574615F 
 1408      636F6E66 
 1408      69676563 
 1408      6300
 1409              	.LASF8:
 1410 00d8 756E7369 		.ascii	"unsigned int\000"
 1410      676E6564 
 1410      20696E74 
 1410      00
 1411              	.LASF17:
 1412 00e5 474E5520 		.ascii	"GNU C11 5.4.1 20160609 (release) [ARM/embedded-5-br"
 1412      43313120 
 1412      352E342E 
 1412      31203230 
 1412      31363036 
 1413 0118 616E6368 		.ascii	"anch revision 237715] -mcpu=cortex-m3 -mthumb -g -O"
 1413      20726576 
 1413      6973696F 
 1413      6E203233 
 1413      37373135 
 1414 014b 73202D66 		.ascii	"s -ffunction-sections -ffat-lto-objects\000"
 1414      66756E63 
 1414      74696F6E 
 1414      2D736563 
 1414      74696F6E 
 1415              	.LASF10:
 1416 0173 75696E74 		.ascii	"uint8_t\000"
 1416      385F7400 
 1417              	.LASF15:
 1418 017b 63795F6D 		.ascii	"cy_meta_flashprotect\000"
 1418      6574615F 
 1418      666C6173 
 1418      6870726F 
 1418      74656374 
 1419              	.LASF14:
 1420 0190 63795F6D 		.ascii	"cy_meta_wonvl\000"
ARM GAS  C:\Users\Krist\AppData\Local\Temp\ccWtE08c.s 			page 27


 1420      6574615F 
 1420      776F6E76 
 1420      6C00
 1421              	.LASF11:
 1422 019e 73697A65 		.ascii	"sizetype\000"
 1422      74797065 
 1422      00
 1423              	.LASF6:
 1424 01a7 6C6F6E67 		.ascii	"long long int\000"
 1424      206C6F6E 
 1424      6720696E 
 1424      7400
 1425              	.LASF2:
 1426 01b5 73686F72 		.ascii	"short int\000"
 1426      7420696E 
 1426      7400
 1427              	.LASF4:
 1428 01bf 6C6F6E67 		.ascii	"long int\000"
 1428      20696E74 
 1428      00
 1429              	.LASF0:
 1430 01c8 7369676E 		.ascii	"signed char\000"
 1430      65642063 
 1430      68617200 
 1431              	.LASF18:
 1432 01d4 47656E65 		.ascii	"Generated_Source\\PSoC5\\cymetadata.c\000"
 1432      72617465 
 1432      645F536F 
 1432      75726365 
 1432      5C50536F 
 1433              		.ident	"GCC: (GNU Tools for ARM Embedded Processors) 5.4.1 20160609 (release) [ARM/embedded-5-bran
