ARM GAS  C:\Users\ALEXAN~1\AppData\Local\Temp\cc9KHyiu.s 			page 1


   1              		.syntax unified
   2              		.cpu cortex-m3
   3              		.fpu softvfp
   4              		.eabi_attribute 20, 1
   5              		.eabi_attribute 21, 1
   6              		.eabi_attribute 23, 3
   7              		.eabi_attribute 24, 1
   8              		.eabi_attribute 25, 1
   9              		.eabi_attribute 26, 1
  10              		.eabi_attribute 30, 4
  11              		.eabi_attribute 34, 1
  12              		.eabi_attribute 18, 4
  13              		.thumb
  14              		.syntax unified
  15              		.file	"ADC_SAR_A_PM.c"
  16              		.text
  17              	.Ltext0:
  18              		.cfi_sections	.debug_frame
  19              		.section	.text.ADC_SAR_A_SaveConfig,"ax",%progbits
  20              		.align	1
  21              		.global	ADC_SAR_A_SaveConfig
  22              		.thumb
  23              		.thumb_func
  24              		.type	ADC_SAR_A_SaveConfig, %function
  25              	ADC_SAR_A_SaveConfig:
  26              	.LFB5:
  27              		.cfi_startproc
  28              		@ args = 0, pretend = 0, frame = 0
  29              		@ frame_needed = 0, uses_anonymous_args = 0
  30              		@ link register save eliminated.
  31 0000 7047     		bx	lr
  32              		.cfi_endproc
  33              	.LFE5:
  34              		.size	ADC_SAR_A_SaveConfig, .-ADC_SAR_A_SaveConfig
  35              		.section	.text.ADC_SAR_A_RestoreConfig,"ax",%progbits
  36              		.align	1
  37              		.global	ADC_SAR_A_RestoreConfig
  38              		.thumb
  39              		.thumb_func
  40              		.type	ADC_SAR_A_RestoreConfig, %function
  41              	ADC_SAR_A_RestoreConfig:
  42              	.LFB1:
  43              		.file 1 "Generated_Source\\PSoC5\\ADC_SAR_A_PM.c"
   1:Generated_Source\PSoC5/ADC_SAR_A_PM.c **** /*******************************************************************************
   2:Generated_Source\PSoC5/ADC_SAR_A_PM.c **** * File Name: ADC_SAR_A_PM.c
   3:Generated_Source\PSoC5/ADC_SAR_A_PM.c **** * Version 3.10
   4:Generated_Source\PSoC5/ADC_SAR_A_PM.c **** *
   5:Generated_Source\PSoC5/ADC_SAR_A_PM.c **** * Description:
   6:Generated_Source\PSoC5/ADC_SAR_A_PM.c **** *  This file provides Sleep/WakeUp APIs functionality.
   7:Generated_Source\PSoC5/ADC_SAR_A_PM.c **** *
   8:Generated_Source\PSoC5/ADC_SAR_A_PM.c **** * Note:
   9:Generated_Source\PSoC5/ADC_SAR_A_PM.c **** *
  10:Generated_Source\PSoC5/ADC_SAR_A_PM.c **** ********************************************************************************
  11:Generated_Source\PSoC5/ADC_SAR_A_PM.c **** * Copyright 2008-2015, Cypress Semiconductor Corporation.  All rights reserved.
  12:Generated_Source\PSoC5/ADC_SAR_A_PM.c **** * You may use this file only in accordance with the license, terms, conditions,
  13:Generated_Source\PSoC5/ADC_SAR_A_PM.c **** * disclaimers, and limitations in the end user license agreement accompanying
  14:Generated_Source\PSoC5/ADC_SAR_A_PM.c **** * the software package with which this file was provided.
ARM GAS  C:\Users\ALEXAN~1\AppData\Local\Temp\cc9KHyiu.s 			page 2


  15:Generated_Source\PSoC5/ADC_SAR_A_PM.c **** *******************************************************************************/
  16:Generated_Source\PSoC5/ADC_SAR_A_PM.c **** 
  17:Generated_Source\PSoC5/ADC_SAR_A_PM.c **** #include "ADC_SAR_A.h"
  18:Generated_Source\PSoC5/ADC_SAR_A_PM.c **** 
  19:Generated_Source\PSoC5/ADC_SAR_A_PM.c **** 
  20:Generated_Source\PSoC5/ADC_SAR_A_PM.c **** /***************************************
  21:Generated_Source\PSoC5/ADC_SAR_A_PM.c **** * Local data allocation
  22:Generated_Source\PSoC5/ADC_SAR_A_PM.c **** ***************************************/
  23:Generated_Source\PSoC5/ADC_SAR_A_PM.c **** 
  24:Generated_Source\PSoC5/ADC_SAR_A_PM.c **** static ADC_SAR_A_BACKUP_STRUCT  ADC_SAR_A_backup =
  25:Generated_Source\PSoC5/ADC_SAR_A_PM.c **** {
  26:Generated_Source\PSoC5/ADC_SAR_A_PM.c ****     ADC_SAR_A_DISABLED
  27:Generated_Source\PSoC5/ADC_SAR_A_PM.c **** };
  28:Generated_Source\PSoC5/ADC_SAR_A_PM.c **** 
  29:Generated_Source\PSoC5/ADC_SAR_A_PM.c **** 
  30:Generated_Source\PSoC5/ADC_SAR_A_PM.c **** /*******************************************************************************
  31:Generated_Source\PSoC5/ADC_SAR_A_PM.c **** * Function Name: ADC_SAR_A_SaveConfig
  32:Generated_Source\PSoC5/ADC_SAR_A_PM.c **** ********************************************************************************
  33:Generated_Source\PSoC5/ADC_SAR_A_PM.c **** *
  34:Generated_Source\PSoC5/ADC_SAR_A_PM.c **** * Summary:
  35:Generated_Source\PSoC5/ADC_SAR_A_PM.c **** *  Saves the current user configuration.
  36:Generated_Source\PSoC5/ADC_SAR_A_PM.c **** *
  37:Generated_Source\PSoC5/ADC_SAR_A_PM.c **** * Parameters:
  38:Generated_Source\PSoC5/ADC_SAR_A_PM.c **** *  None.
  39:Generated_Source\PSoC5/ADC_SAR_A_PM.c **** *
  40:Generated_Source\PSoC5/ADC_SAR_A_PM.c **** * Return:
  41:Generated_Source\PSoC5/ADC_SAR_A_PM.c **** *  None.
  42:Generated_Source\PSoC5/ADC_SAR_A_PM.c **** *
  43:Generated_Source\PSoC5/ADC_SAR_A_PM.c **** *******************************************************************************/
  44:Generated_Source\PSoC5/ADC_SAR_A_PM.c **** void ADC_SAR_A_SaveConfig(void)
  45:Generated_Source\PSoC5/ADC_SAR_A_PM.c **** {
  46:Generated_Source\PSoC5/ADC_SAR_A_PM.c ****     /* All configuration registers are marked as [reset_all_retention] */
  47:Generated_Source\PSoC5/ADC_SAR_A_PM.c **** }
  48:Generated_Source\PSoC5/ADC_SAR_A_PM.c **** 
  49:Generated_Source\PSoC5/ADC_SAR_A_PM.c **** 
  50:Generated_Source\PSoC5/ADC_SAR_A_PM.c **** /*******************************************************************************
  51:Generated_Source\PSoC5/ADC_SAR_A_PM.c **** * Function Name: ADC_SAR_A_RestoreConfig
  52:Generated_Source\PSoC5/ADC_SAR_A_PM.c **** ********************************************************************************
  53:Generated_Source\PSoC5/ADC_SAR_A_PM.c **** *
  54:Generated_Source\PSoC5/ADC_SAR_A_PM.c **** * Summary:
  55:Generated_Source\PSoC5/ADC_SAR_A_PM.c **** *  Restores the current user configuration.
  56:Generated_Source\PSoC5/ADC_SAR_A_PM.c **** *
  57:Generated_Source\PSoC5/ADC_SAR_A_PM.c **** * Parameters:
  58:Generated_Source\PSoC5/ADC_SAR_A_PM.c **** *  None.
  59:Generated_Source\PSoC5/ADC_SAR_A_PM.c **** *
  60:Generated_Source\PSoC5/ADC_SAR_A_PM.c **** * Return:
  61:Generated_Source\PSoC5/ADC_SAR_A_PM.c **** *  None.
  62:Generated_Source\PSoC5/ADC_SAR_A_PM.c **** *
  63:Generated_Source\PSoC5/ADC_SAR_A_PM.c **** *******************************************************************************/
  64:Generated_Source\PSoC5/ADC_SAR_A_PM.c **** void ADC_SAR_A_RestoreConfig(void)
  65:Generated_Source\PSoC5/ADC_SAR_A_PM.c **** {
  44              		.loc 1 65 0
  45              		.cfi_startproc
  46              		@ args = 0, pretend = 0, frame = 0
  47              		@ frame_needed = 0, uses_anonymous_args = 0
  48              		@ link register save eliminated.
  49 0000 7047     		bx	lr
ARM GAS  C:\Users\ALEXAN~1\AppData\Local\Temp\cc9KHyiu.s 			page 3


  50              		.cfi_endproc
  51              	.LFE1:
  52              		.size	ADC_SAR_A_RestoreConfig, .-ADC_SAR_A_RestoreConfig
  53              		.section	.text.ADC_SAR_A_Sleep,"ax",%progbits
  54              		.align	1
  55              		.global	ADC_SAR_A_Sleep
  56              		.thumb
  57              		.thumb_func
  58              		.type	ADC_SAR_A_Sleep, %function
  59              	ADC_SAR_A_Sleep:
  60              	.LFB2:
  66:Generated_Source\PSoC5/ADC_SAR_A_PM.c ****     /* All congiguration registers are marked as [reset_all_retention] */
  67:Generated_Source\PSoC5/ADC_SAR_A_PM.c **** }
  68:Generated_Source\PSoC5/ADC_SAR_A_PM.c **** 
  69:Generated_Source\PSoC5/ADC_SAR_A_PM.c **** 
  70:Generated_Source\PSoC5/ADC_SAR_A_PM.c **** /*******************************************************************************
  71:Generated_Source\PSoC5/ADC_SAR_A_PM.c **** * Function Name: ADC_SAR_A_Sleep
  72:Generated_Source\PSoC5/ADC_SAR_A_PM.c **** ********************************************************************************
  73:Generated_Source\PSoC5/ADC_SAR_A_PM.c **** *
  74:Generated_Source\PSoC5/ADC_SAR_A_PM.c **** * Summary:
  75:Generated_Source\PSoC5/ADC_SAR_A_PM.c **** *  This is the preferred routine to prepare the component for sleep.
  76:Generated_Source\PSoC5/ADC_SAR_A_PM.c **** *  The ADC_SAR_A_Sleep() routine saves the current component state,
  77:Generated_Source\PSoC5/ADC_SAR_A_PM.c **** *  then it calls the ADC_Stop() function.
  78:Generated_Source\PSoC5/ADC_SAR_A_PM.c **** *
  79:Generated_Source\PSoC5/ADC_SAR_A_PM.c **** * Parameters:
  80:Generated_Source\PSoC5/ADC_SAR_A_PM.c **** *  None.
  81:Generated_Source\PSoC5/ADC_SAR_A_PM.c **** *
  82:Generated_Source\PSoC5/ADC_SAR_A_PM.c **** * Return:
  83:Generated_Source\PSoC5/ADC_SAR_A_PM.c **** *  None.
  84:Generated_Source\PSoC5/ADC_SAR_A_PM.c **** *
  85:Generated_Source\PSoC5/ADC_SAR_A_PM.c **** * Global Variables:
  86:Generated_Source\PSoC5/ADC_SAR_A_PM.c **** *  ADC_SAR_A_backup - The structure field 'enableState' is modified
  87:Generated_Source\PSoC5/ADC_SAR_A_PM.c **** *  depending on the enable state of the block before entering to sleep mode.
  88:Generated_Source\PSoC5/ADC_SAR_A_PM.c **** *
  89:Generated_Source\PSoC5/ADC_SAR_A_PM.c **** *******************************************************************************/
  90:Generated_Source\PSoC5/ADC_SAR_A_PM.c **** void ADC_SAR_A_Sleep(void)
  91:Generated_Source\PSoC5/ADC_SAR_A_PM.c **** {
  61              		.loc 1 91 0
  62              		.cfi_startproc
  63              		@ args = 0, pretend = 0, frame = 0
  64              		@ frame_needed = 0, uses_anonymous_args = 0
  65              		@ link register save eliminated.
  92:Generated_Source\PSoC5/ADC_SAR_A_PM.c ****     if((ADC_SAR_A_PWRMGR_SAR_REG  & ADC_SAR_A_ACT_PWR_SAR_EN) != 0u)
  66              		.loc 1 92 0
  67 0000 094B     		ldr	r3, .L9
  68 0002 0A4A     		ldr	r2, .L9+4
  69 0004 1B78     		ldrb	r3, [r3]	@ zero_extendqisi2
  70 0006 03F00203 		and	r3, r3, #2
  71 000a 03F0FF01 		and	r1, r3, #255
  72 000e 43B1     		cbz	r3, .L4
  93:Generated_Source\PSoC5/ADC_SAR_A_PM.c ****     {
  94:Generated_Source\PSoC5/ADC_SAR_A_PM.c ****         if((ADC_SAR_A_SAR_CSR0_REG & ADC_SAR_A_SAR_SOF_START_CONV) != 0u)
  73              		.loc 1 94 0
  74 0010 074B     		ldr	r3, .L9+8
  75 0012 1B78     		ldrb	r3, [r3]	@ zero_extendqisi2
  76 0014 DB07     		lsls	r3, r3, #31
  95:Generated_Source\PSoC5/ADC_SAR_A_PM.c ****         {
ARM GAS  C:\Users\ALEXAN~1\AppData\Local\Temp\cc9KHyiu.s 			page 4


  96:Generated_Source\PSoC5/ADC_SAR_A_PM.c ****             ADC_SAR_A_backup.enableState = ADC_SAR_A_ENABLED | ADC_SAR_A_STARTED;
  77              		.loc 1 96 0
  78 0016 4CBF     		ite	mi
  79 0018 0323     		movmi	r3, #3
  97:Generated_Source\PSoC5/ADC_SAR_A_PM.c ****         }
  98:Generated_Source\PSoC5/ADC_SAR_A_PM.c ****         else
  99:Generated_Source\PSoC5/ADC_SAR_A_PM.c ****         {
 100:Generated_Source\PSoC5/ADC_SAR_A_PM.c ****             ADC_SAR_A_backup.enableState = ADC_SAR_A_ENABLED;
  80              		.loc 1 100 0
  81 001a 0123     		movpl	r3, #1
  82 001c 1370     		strb	r3, [r2]
 101:Generated_Source\PSoC5/ADC_SAR_A_PM.c ****         }
 102:Generated_Source\PSoC5/ADC_SAR_A_PM.c ****         ADC_SAR_A_Stop();
  83              		.loc 1 102 0
  84 001e FFF7FEBF 		b	ADC_SAR_A_Stop
  85              	.LVL0:
  86              	.L4:
 103:Generated_Source\PSoC5/ADC_SAR_A_PM.c ****     }
 104:Generated_Source\PSoC5/ADC_SAR_A_PM.c ****     else
 105:Generated_Source\PSoC5/ADC_SAR_A_PM.c ****     {
 106:Generated_Source\PSoC5/ADC_SAR_A_PM.c ****         ADC_SAR_A_backup.enableState = ADC_SAR_A_DISABLED;
  87              		.loc 1 106 0
  88 0022 1170     		strb	r1, [r2]
  89 0024 7047     		bx	lr
  90              	.L10:
  91 0026 00BF     		.align	2
  92              	.L9:
  93 0028 AB430040 		.word	1073759147
  94 002c 00000000 		.word	.LANCHOR0
  95 0030 08590040 		.word	1073764616
  96              		.cfi_endproc
  97              	.LFE2:
  98              		.size	ADC_SAR_A_Sleep, .-ADC_SAR_A_Sleep
  99              		.section	.text.ADC_SAR_A_Wakeup,"ax",%progbits
 100              		.align	1
 101              		.global	ADC_SAR_A_Wakeup
 102              		.thumb
 103              		.thumb_func
 104              		.type	ADC_SAR_A_Wakeup, %function
 105              	ADC_SAR_A_Wakeup:
 106              	.LFB3:
 107:Generated_Source\PSoC5/ADC_SAR_A_PM.c ****     }
 108:Generated_Source\PSoC5/ADC_SAR_A_PM.c **** }
 109:Generated_Source\PSoC5/ADC_SAR_A_PM.c **** 
 110:Generated_Source\PSoC5/ADC_SAR_A_PM.c **** 
 111:Generated_Source\PSoC5/ADC_SAR_A_PM.c **** /*******************************************************************************
 112:Generated_Source\PSoC5/ADC_SAR_A_PM.c **** * Function Name: ADC_SAR_A_Wakeup
 113:Generated_Source\PSoC5/ADC_SAR_A_PM.c **** ********************************************************************************
 114:Generated_Source\PSoC5/ADC_SAR_A_PM.c **** *
 115:Generated_Source\PSoC5/ADC_SAR_A_PM.c **** * Summary:
 116:Generated_Source\PSoC5/ADC_SAR_A_PM.c **** *  This is the preferred routine to restore the component to the state when
 117:Generated_Source\PSoC5/ADC_SAR_A_PM.c **** *  ADC_SAR_A_Sleep() was called. If the component was enabled before the
 118:Generated_Source\PSoC5/ADC_SAR_A_PM.c **** *  ADC_SAR_A_Sleep() function was called, the
 119:Generated_Source\PSoC5/ADC_SAR_A_PM.c **** *  ADC_SAR_A_Wakeup() function also re-enables the component.
 120:Generated_Source\PSoC5/ADC_SAR_A_PM.c **** *
 121:Generated_Source\PSoC5/ADC_SAR_A_PM.c **** * Parameters:
 122:Generated_Source\PSoC5/ADC_SAR_A_PM.c **** *  None.
ARM GAS  C:\Users\ALEXAN~1\AppData\Local\Temp\cc9KHyiu.s 			page 5


 123:Generated_Source\PSoC5/ADC_SAR_A_PM.c **** *
 124:Generated_Source\PSoC5/ADC_SAR_A_PM.c **** * Return:
 125:Generated_Source\PSoC5/ADC_SAR_A_PM.c **** *  None.
 126:Generated_Source\PSoC5/ADC_SAR_A_PM.c **** *
 127:Generated_Source\PSoC5/ADC_SAR_A_PM.c **** * Global Variables:
 128:Generated_Source\PSoC5/ADC_SAR_A_PM.c **** *  ADC_SAR_A_backup - The structure field 'enableState' is used to
 129:Generated_Source\PSoC5/ADC_SAR_A_PM.c **** *  restore the enable state of block after wakeup from sleep mode.
 130:Generated_Source\PSoC5/ADC_SAR_A_PM.c **** *
 131:Generated_Source\PSoC5/ADC_SAR_A_PM.c **** *******************************************************************************/
 132:Generated_Source\PSoC5/ADC_SAR_A_PM.c **** void ADC_SAR_A_Wakeup(void)
 133:Generated_Source\PSoC5/ADC_SAR_A_PM.c **** {
 107              		.loc 1 133 0
 108              		.cfi_startproc
 109              		@ args = 0, pretend = 0, frame = 0
 110              		@ frame_needed = 0, uses_anonymous_args = 0
 111 0000 10B5     		push	{r4, lr}
 112              		.cfi_def_cfa_offset 8
 113              		.cfi_offset 4, -8
 114              		.cfi_offset 14, -4
 134:Generated_Source\PSoC5/ADC_SAR_A_PM.c ****     if(ADC_SAR_A_backup.enableState != ADC_SAR_A_DISABLED)
 115              		.loc 1 134 0
 116 0002 064C     		ldr	r4, .L18
 117 0004 2378     		ldrb	r3, [r4]	@ zero_extendqisi2
 118 0006 43B1     		cbz	r3, .L11
 135:Generated_Source\PSoC5/ADC_SAR_A_PM.c ****     {
 136:Generated_Source\PSoC5/ADC_SAR_A_PM.c ****         ADC_SAR_A_Enable();
 119              		.loc 1 136 0
 120 0008 FFF7FEFF 		bl	ADC_SAR_A_Enable
 121              	.LVL1:
 137:Generated_Source\PSoC5/ADC_SAR_A_PM.c ****         #if(ADC_SAR_A_DEFAULT_CONV_MODE != ADC_SAR_A__HARDWARE_TRIGGER)
 138:Generated_Source\PSoC5/ADC_SAR_A_PM.c ****             if((ADC_SAR_A_backup.enableState & ADC_SAR_A_STARTED) != 0u)
 122              		.loc 1 138 0
 123 000c 2378     		ldrb	r3, [r4]	@ zero_extendqisi2
 124 000e 9B07     		lsls	r3, r3, #30
 125 0010 03D5     		bpl	.L11
 139:Generated_Source\PSoC5/ADC_SAR_A_PM.c ****             {
 140:Generated_Source\PSoC5/ADC_SAR_A_PM.c ****                 ADC_SAR_A_StartConvert();
 141:Generated_Source\PSoC5/ADC_SAR_A_PM.c ****             }
 142:Generated_Source\PSoC5/ADC_SAR_A_PM.c ****         #endif /* End ADC_SAR_A_DEFAULT_CONV_MODE != ADC_SAR_A__HARDWARE_TRIGGER */
 143:Generated_Source\PSoC5/ADC_SAR_A_PM.c ****     }
 144:Generated_Source\PSoC5/ADC_SAR_A_PM.c **** }
 126              		.loc 1 144 0
 127 0012 BDE81040 		pop	{r4, lr}
 128              		.cfi_remember_state
 129              		.cfi_restore 14
 130              		.cfi_restore 4
 131              		.cfi_def_cfa_offset 0
 140:Generated_Source\PSoC5/ADC_SAR_A_PM.c ****             }
 132              		.loc 1 140 0
 133 0016 FFF7FEBF 		b	ADC_SAR_A_StartConvert
 134              	.LVL2:
 135              	.L11:
 136              		.cfi_restore_state
 137 001a 10BD     		pop	{r4, pc}
 138              	.L19:
 139              		.align	2
 140              	.L18:
ARM GAS  C:\Users\ALEXAN~1\AppData\Local\Temp\cc9KHyiu.s 			page 6


 141 001c 00000000 		.word	.LANCHOR0
 142              		.cfi_endproc
 143              	.LFE3:
 144              		.size	ADC_SAR_A_Wakeup, .-ADC_SAR_A_Wakeup
 145              		.bss
 146              		.set	.LANCHOR0,. + 0
 147              		.type	ADC_SAR_A_backup, %object
 148              		.size	ADC_SAR_A_backup, 1
 149              	ADC_SAR_A_backup:
 150 0000 00       		.space	1
 151              		.text
 152              	.Letext0:
 153              		.file 2 "Generated_Source\\PSoC5\\cytypes.h"
 154              		.file 3 "Generated_Source\\PSoC5\\ADC_SAR_A.h"
 155              		.section	.debug_info,"",%progbits
 156              	.Ldebug_info0:
 157 0000 4A010000 		.4byte	0x14a
 158 0004 0400     		.2byte	0x4
 159 0006 00000000 		.4byte	.Ldebug_abbrev0
 160 000a 04       		.byte	0x4
 161 000b 01       		.uleb128 0x1
 162 000c 47010000 		.4byte	.LASF20
 163 0010 0C       		.byte	0xc
 164 0011 00000000 		.4byte	.LASF21
 165 0015 37000000 		.4byte	.LASF22
 166 0019 00000000 		.4byte	.Ldebug_ranges0+0
 167 001d 00000000 		.4byte	0
 168 0021 00000000 		.4byte	.Ldebug_line0
 169 0025 02       		.uleb128 0x2
 170 0026 01       		.byte	0x1
 171 0027 06       		.byte	0x6
 172 0028 2C020000 		.4byte	.LASF0
 173 002c 02       		.uleb128 0x2
 174 002d 01       		.byte	0x1
 175 002e 08       		.byte	0x8
 176 002f C1000000 		.4byte	.LASF1
 177 0033 02       		.uleb128 0x2
 178 0034 02       		.byte	0x2
 179 0035 05       		.byte	0x5
 180 0036 F8010000 		.4byte	.LASF2
 181 003a 02       		.uleb128 0x2
 182 003b 02       		.byte	0x2
 183 003c 07       		.byte	0x7
 184 003d FE000000 		.4byte	.LASF3
 185 0041 02       		.uleb128 0x2
 186 0042 04       		.byte	0x4
 187 0043 05       		.byte	0x5
 188 0044 17020000 		.4byte	.LASF4
 189 0048 02       		.uleb128 0x2
 190 0049 04       		.byte	0x4
 191 004a 07       		.byte	0x7
 192 004b EC000000 		.4byte	.LASF5
 193 004f 02       		.uleb128 0x2
 194 0050 08       		.byte	0x8
 195 0051 05       		.byte	0x5
 196 0052 E5010000 		.4byte	.LASF6
 197 0056 02       		.uleb128 0x2
ARM GAS  C:\Users\ALEXAN~1\AppData\Local\Temp\cc9KHyiu.s 			page 7


 198 0057 08       		.byte	0x8
 199 0058 07       		.byte	0x7
 200 0059 AA000000 		.4byte	.LASF7
 201 005d 03       		.uleb128 0x3
 202 005e 04       		.byte	0x4
 203 005f 05       		.byte	0x5
 204 0060 696E7400 		.ascii	"int\000"
 205 0064 02       		.uleb128 0x2
 206 0065 04       		.byte	0x4
 207 0066 07       		.byte	0x7
 208 0067 29010000 		.4byte	.LASF8
 209 006b 04       		.uleb128 0x4
 210 006c 11020000 		.4byte	.LASF12
 211 0070 02       		.byte	0x2
 212 0071 9201     		.2byte	0x192
 213 0073 2C000000 		.4byte	0x2c
 214 0077 02       		.uleb128 0x2
 215 0078 04       		.byte	0x4
 216 0079 04       		.byte	0x4
 217 007a 8C000000 		.4byte	.LASF9
 218 007e 02       		.uleb128 0x2
 219 007f 08       		.byte	0x8
 220 0080 04       		.byte	0x4
 221 0081 11010000 		.4byte	.LASF10
 222 0085 02       		.uleb128 0x2
 223 0086 01       		.byte	0x1
 224 0087 08       		.byte	0x8
 225 0088 F3010000 		.4byte	.LASF11
 226 008c 04       		.uleb128 0x4
 227 008d E7000000 		.4byte	.LASF13
 228 0091 02       		.byte	0x2
 229 0092 3C02     		.2byte	0x23c
 230 0094 98000000 		.4byte	0x98
 231 0098 05       		.uleb128 0x5
 232 0099 6B000000 		.4byte	0x6b
 233 009d 06       		.uleb128 0x6
 234 009e 01       		.byte	0x1
 235 009f 03       		.byte	0x3
 236 00a0 2A       		.byte	0x2a
 237 00a1 B2000000 		.4byte	0xb2
 238 00a5 07       		.uleb128 0x7
 239 00a6 20020000 		.4byte	.LASF23
 240 00aa 03       		.byte	0x3
 241 00ab 2C       		.byte	0x2c
 242 00ac 6B000000 		.4byte	0x6b
 243 00b0 00       		.byte	0
 244 00b1 00       		.byte	0
 245 00b2 08       		.uleb128 0x8
 246 00b3 92000000 		.4byte	.LASF14
 247 00b7 03       		.byte	0x3
 248 00b8 2D       		.byte	0x2d
 249 00b9 9D000000 		.4byte	0x9d
 250 00bd 09       		.uleb128 0x9
 251 00be CF000000 		.4byte	.LASF24
 252 00c2 01       		.byte	0x1
 253 00c3 40       		.byte	0x40
 254 00c4 01       		.byte	0x1
ARM GAS  C:\Users\ALEXAN~1\AppData\Local\Temp\cc9KHyiu.s 			page 8


 255 00c5 0A       		.uleb128 0xa
 256 00c6 BD000000 		.4byte	0xbd
 257 00ca 00000000 		.4byte	.LFB1
 258 00ce 02000000 		.4byte	.LFE1-.LFB1
 259 00d2 01       		.uleb128 0x1
 260 00d3 9C       		.byte	0x9c
 261 00d4 0B       		.uleb128 0xb
 262 00d5 D5010000 		.4byte	.LASF15
 263 00d9 01       		.byte	0x1
 264 00da 5A       		.byte	0x5a
 265 00db 00000000 		.4byte	.LFB2
 266 00df 34000000 		.4byte	.LFE2-.LFB2
 267 00e3 01       		.uleb128 0x1
 268 00e4 9C       		.byte	0x9c
 269 00e5 F3000000 		.4byte	0xf3
 270 00e9 0C       		.uleb128 0xc
 271 00ea 22000000 		.4byte	.LVL0
 272 00ee 2C010000 		.4byte	0x12c
 273 00f2 00       		.byte	0
 274 00f3 0B       		.uleb128 0xb
 275 00f4 36010000 		.4byte	.LASF16
 276 00f8 01       		.byte	0x1
 277 00f9 84       		.byte	0x84
 278 00fa 00000000 		.4byte	.LFB3
 279 00fe 20000000 		.4byte	.LFE3-.LFB3
 280 0102 01       		.uleb128 0x1
 281 0103 9C       		.byte	0x9c
 282 0104 1B010000 		.4byte	0x11b
 283 0108 0D       		.uleb128 0xd
 284 0109 0C000000 		.4byte	.LVL1
 285 010d 37010000 		.4byte	0x137
 286 0111 0C       		.uleb128 0xc
 287 0112 1A000000 		.4byte	.LVL2
 288 0116 42010000 		.4byte	0x142
 289 011a 00       		.byte	0
 290 011b 0E       		.uleb128 0xe
 291 011c 18010000 		.4byte	.LASF25
 292 0120 01       		.byte	0x1
 293 0121 18       		.byte	0x18
 294 0122 B2000000 		.4byte	0xb2
 295 0126 05       		.uleb128 0x5
 296 0127 03       		.byte	0x3
 297 0128 00000000 		.4byte	ADC_SAR_A_backup
 298 012c 0F       		.uleb128 0xf
 299 012d 02020000 		.4byte	.LASF17
 300 0131 02020000 		.4byte	.LASF17
 301 0135 03       		.byte	0x3
 302 0136 35       		.byte	0x35
 303 0137 0F       		.uleb128 0xf
 304 0138 26000000 		.4byte	.LASF18
 305 013c 26000000 		.4byte	.LASF18
 306 0140 03       		.byte	0x3
 307 0141 44       		.byte	0x44
 308 0142 0F       		.uleb128 0xf
 309 0143 38020000 		.4byte	.LASF19
 310 0147 38020000 		.4byte	.LASF19
 311 014b 03       		.byte	0x3
ARM GAS  C:\Users\ALEXAN~1\AppData\Local\Temp\cc9KHyiu.s 			page 9


 312 014c D1       		.byte	0xd1
 313 014d 00       		.byte	0
 314              		.section	.debug_abbrev,"",%progbits
 315              	.Ldebug_abbrev0:
 316 0000 01       		.uleb128 0x1
 317 0001 11       		.uleb128 0x11
 318 0002 01       		.byte	0x1
 319 0003 25       		.uleb128 0x25
 320 0004 0E       		.uleb128 0xe
 321 0005 13       		.uleb128 0x13
 322 0006 0B       		.uleb128 0xb
 323 0007 03       		.uleb128 0x3
 324 0008 0E       		.uleb128 0xe
 325 0009 1B       		.uleb128 0x1b
 326 000a 0E       		.uleb128 0xe
 327 000b 55       		.uleb128 0x55
 328 000c 17       		.uleb128 0x17
 329 000d 11       		.uleb128 0x11
 330 000e 01       		.uleb128 0x1
 331 000f 10       		.uleb128 0x10
 332 0010 17       		.uleb128 0x17
 333 0011 00       		.byte	0
 334 0012 00       		.byte	0
 335 0013 02       		.uleb128 0x2
 336 0014 24       		.uleb128 0x24
 337 0015 00       		.byte	0
 338 0016 0B       		.uleb128 0xb
 339 0017 0B       		.uleb128 0xb
 340 0018 3E       		.uleb128 0x3e
 341 0019 0B       		.uleb128 0xb
 342 001a 03       		.uleb128 0x3
 343 001b 0E       		.uleb128 0xe
 344 001c 00       		.byte	0
 345 001d 00       		.byte	0
 346 001e 03       		.uleb128 0x3
 347 001f 24       		.uleb128 0x24
 348 0020 00       		.byte	0
 349 0021 0B       		.uleb128 0xb
 350 0022 0B       		.uleb128 0xb
 351 0023 3E       		.uleb128 0x3e
 352 0024 0B       		.uleb128 0xb
 353 0025 03       		.uleb128 0x3
 354 0026 08       		.uleb128 0x8
 355 0027 00       		.byte	0
 356 0028 00       		.byte	0
 357 0029 04       		.uleb128 0x4
 358 002a 16       		.uleb128 0x16
 359 002b 00       		.byte	0
 360 002c 03       		.uleb128 0x3
 361 002d 0E       		.uleb128 0xe
 362 002e 3A       		.uleb128 0x3a
 363 002f 0B       		.uleb128 0xb
 364 0030 3B       		.uleb128 0x3b
 365 0031 05       		.uleb128 0x5
 366 0032 49       		.uleb128 0x49
 367 0033 13       		.uleb128 0x13
 368 0034 00       		.byte	0
ARM GAS  C:\Users\ALEXAN~1\AppData\Local\Temp\cc9KHyiu.s 			page 10


 369 0035 00       		.byte	0
 370 0036 05       		.uleb128 0x5
 371 0037 35       		.uleb128 0x35
 372 0038 00       		.byte	0
 373 0039 49       		.uleb128 0x49
 374 003a 13       		.uleb128 0x13
 375 003b 00       		.byte	0
 376 003c 00       		.byte	0
 377 003d 06       		.uleb128 0x6
 378 003e 13       		.uleb128 0x13
 379 003f 01       		.byte	0x1
 380 0040 0B       		.uleb128 0xb
 381 0041 0B       		.uleb128 0xb
 382 0042 3A       		.uleb128 0x3a
 383 0043 0B       		.uleb128 0xb
 384 0044 3B       		.uleb128 0x3b
 385 0045 0B       		.uleb128 0xb
 386 0046 01       		.uleb128 0x1
 387 0047 13       		.uleb128 0x13
 388 0048 00       		.byte	0
 389 0049 00       		.byte	0
 390 004a 07       		.uleb128 0x7
 391 004b 0D       		.uleb128 0xd
 392 004c 00       		.byte	0
 393 004d 03       		.uleb128 0x3
 394 004e 0E       		.uleb128 0xe
 395 004f 3A       		.uleb128 0x3a
 396 0050 0B       		.uleb128 0xb
 397 0051 3B       		.uleb128 0x3b
 398 0052 0B       		.uleb128 0xb
 399 0053 49       		.uleb128 0x49
 400 0054 13       		.uleb128 0x13
 401 0055 38       		.uleb128 0x38
 402 0056 0B       		.uleb128 0xb
 403 0057 00       		.byte	0
 404 0058 00       		.byte	0
 405 0059 08       		.uleb128 0x8
 406 005a 16       		.uleb128 0x16
 407 005b 00       		.byte	0
 408 005c 03       		.uleb128 0x3
 409 005d 0E       		.uleb128 0xe
 410 005e 3A       		.uleb128 0x3a
 411 005f 0B       		.uleb128 0xb
 412 0060 3B       		.uleb128 0x3b
 413 0061 0B       		.uleb128 0xb
 414 0062 49       		.uleb128 0x49
 415 0063 13       		.uleb128 0x13
 416 0064 00       		.byte	0
 417 0065 00       		.byte	0
 418 0066 09       		.uleb128 0x9
 419 0067 2E       		.uleb128 0x2e
 420 0068 00       		.byte	0
 421 0069 3F       		.uleb128 0x3f
 422 006a 19       		.uleb128 0x19
 423 006b 03       		.uleb128 0x3
 424 006c 0E       		.uleb128 0xe
 425 006d 3A       		.uleb128 0x3a
ARM GAS  C:\Users\ALEXAN~1\AppData\Local\Temp\cc9KHyiu.s 			page 11


 426 006e 0B       		.uleb128 0xb
 427 006f 3B       		.uleb128 0x3b
 428 0070 0B       		.uleb128 0xb
 429 0071 27       		.uleb128 0x27
 430 0072 19       		.uleb128 0x19
 431 0073 20       		.uleb128 0x20
 432 0074 0B       		.uleb128 0xb
 433 0075 00       		.byte	0
 434 0076 00       		.byte	0
 435 0077 0A       		.uleb128 0xa
 436 0078 2E       		.uleb128 0x2e
 437 0079 00       		.byte	0
 438 007a 31       		.uleb128 0x31
 439 007b 13       		.uleb128 0x13
 440 007c 11       		.uleb128 0x11
 441 007d 01       		.uleb128 0x1
 442 007e 12       		.uleb128 0x12
 443 007f 06       		.uleb128 0x6
 444 0080 40       		.uleb128 0x40
 445 0081 18       		.uleb128 0x18
 446 0082 9742     		.uleb128 0x2117
 447 0084 19       		.uleb128 0x19
 448 0085 00       		.byte	0
 449 0086 00       		.byte	0
 450 0087 0B       		.uleb128 0xb
 451 0088 2E       		.uleb128 0x2e
 452 0089 01       		.byte	0x1
 453 008a 3F       		.uleb128 0x3f
 454 008b 19       		.uleb128 0x19
 455 008c 03       		.uleb128 0x3
 456 008d 0E       		.uleb128 0xe
 457 008e 3A       		.uleb128 0x3a
 458 008f 0B       		.uleb128 0xb
 459 0090 3B       		.uleb128 0x3b
 460 0091 0B       		.uleb128 0xb
 461 0092 27       		.uleb128 0x27
 462 0093 19       		.uleb128 0x19
 463 0094 11       		.uleb128 0x11
 464 0095 01       		.uleb128 0x1
 465 0096 12       		.uleb128 0x12
 466 0097 06       		.uleb128 0x6
 467 0098 40       		.uleb128 0x40
 468 0099 18       		.uleb128 0x18
 469 009a 9742     		.uleb128 0x2117
 470 009c 19       		.uleb128 0x19
 471 009d 01       		.uleb128 0x1
 472 009e 13       		.uleb128 0x13
 473 009f 00       		.byte	0
 474 00a0 00       		.byte	0
 475 00a1 0C       		.uleb128 0xc
 476 00a2 898201   		.uleb128 0x4109
 477 00a5 00       		.byte	0
 478 00a6 11       		.uleb128 0x11
 479 00a7 01       		.uleb128 0x1
 480 00a8 9542     		.uleb128 0x2115
 481 00aa 19       		.uleb128 0x19
 482 00ab 31       		.uleb128 0x31
ARM GAS  C:\Users\ALEXAN~1\AppData\Local\Temp\cc9KHyiu.s 			page 12


 483 00ac 13       		.uleb128 0x13
 484 00ad 00       		.byte	0
 485 00ae 00       		.byte	0
 486 00af 0D       		.uleb128 0xd
 487 00b0 898201   		.uleb128 0x4109
 488 00b3 00       		.byte	0
 489 00b4 11       		.uleb128 0x11
 490 00b5 01       		.uleb128 0x1
 491 00b6 31       		.uleb128 0x31
 492 00b7 13       		.uleb128 0x13
 493 00b8 00       		.byte	0
 494 00b9 00       		.byte	0
 495 00ba 0E       		.uleb128 0xe
 496 00bb 34       		.uleb128 0x34
 497 00bc 00       		.byte	0
 498 00bd 03       		.uleb128 0x3
 499 00be 0E       		.uleb128 0xe
 500 00bf 3A       		.uleb128 0x3a
 501 00c0 0B       		.uleb128 0xb
 502 00c1 3B       		.uleb128 0x3b
 503 00c2 0B       		.uleb128 0xb
 504 00c3 49       		.uleb128 0x49
 505 00c4 13       		.uleb128 0x13
 506 00c5 02       		.uleb128 0x2
 507 00c6 18       		.uleb128 0x18
 508 00c7 00       		.byte	0
 509 00c8 00       		.byte	0
 510 00c9 0F       		.uleb128 0xf
 511 00ca 2E       		.uleb128 0x2e
 512 00cb 00       		.byte	0
 513 00cc 3F       		.uleb128 0x3f
 514 00cd 19       		.uleb128 0x19
 515 00ce 3C       		.uleb128 0x3c
 516 00cf 19       		.uleb128 0x19
 517 00d0 6E       		.uleb128 0x6e
 518 00d1 0E       		.uleb128 0xe
 519 00d2 03       		.uleb128 0x3
 520 00d3 0E       		.uleb128 0xe
 521 00d4 3A       		.uleb128 0x3a
 522 00d5 0B       		.uleb128 0xb
 523 00d6 3B       		.uleb128 0x3b
 524 00d7 0B       		.uleb128 0xb
 525 00d8 00       		.byte	0
 526 00d9 00       		.byte	0
 527 00da 00       		.byte	0
 528              		.section	.debug_aranges,"",%progbits
 529 0000 2C000000 		.4byte	0x2c
 530 0004 0200     		.2byte	0x2
 531 0006 00000000 		.4byte	.Ldebug_info0
 532 000a 04       		.byte	0x4
 533 000b 00       		.byte	0
 534 000c 0000     		.2byte	0
 535 000e 0000     		.2byte	0
 536 0010 00000000 		.4byte	.LFB1
 537 0014 02000000 		.4byte	.LFE1-.LFB1
 538 0018 00000000 		.4byte	.LFB2
 539 001c 34000000 		.4byte	.LFE2-.LFB2
ARM GAS  C:\Users\ALEXAN~1\AppData\Local\Temp\cc9KHyiu.s 			page 13


 540 0020 00000000 		.4byte	.LFB3
 541 0024 20000000 		.4byte	.LFE3-.LFB3
 542 0028 00000000 		.4byte	0
 543 002c 00000000 		.4byte	0
 544              		.section	.debug_ranges,"",%progbits
 545              	.Ldebug_ranges0:
 546 0000 00000000 		.4byte	.LFB1
 547 0004 02000000 		.4byte	.LFE1
 548 0008 00000000 		.4byte	.LFB2
 549 000c 34000000 		.4byte	.LFE2
 550 0010 00000000 		.4byte	.LFB3
 551 0014 20000000 		.4byte	.LFE3
 552 0018 00000000 		.4byte	0
 553 001c 00000000 		.4byte	0
 554              		.section	.debug_line,"",%progbits
 555              	.Ldebug_line0:
 556 0000 99000000 		.section	.debug_str,"MS",%progbits,1
 556      02005800 
 556      00000201 
 556      FB0E0D00 
 556      01010101 
 557              	.LASF21:
 558 0000 47656E65 		.ascii	"Generated_Source\\PSoC5\\ADC_SAR_A_PM.c\000"
 558      72617465 
 558      645F536F 
 558      75726365 
 558      5C50536F 
 559              	.LASF18:
 560 0026 4144435F 		.ascii	"ADC_SAR_A_Enable\000"
 560      5341525F 
 560      415F456E 
 560      61626C65 
 560      00
 561              	.LASF22:
 562 0037 433A5C55 		.ascii	"C:\\Users\\Alexander Nielsen\\Desktop\\platooning\\"
 562      73657273 
 562      5C416C65 
 562      78616E64 
 562      6572204E 
 563 0065 50536F43 		.ascii	"PSoC\\Platooning\\AngleMeasurement.cydsn\000"
 563      5C506C61 
 563      746F6F6E 
 563      696E675C 
 563      416E676C 
 564              	.LASF9:
 565 008c 666C6F61 		.ascii	"float\000"
 565      7400
 566              	.LASF14:
 567 0092 4144435F 		.ascii	"ADC_SAR_A_BACKUP_STRUCT\000"
 567      5341525F 
 567      415F4241 
 567      434B5550 
 567      5F535452 
 568              	.LASF7:
 569 00aa 6C6F6E67 		.ascii	"long long unsigned int\000"
 569      206C6F6E 
 569      6720756E 
ARM GAS  C:\Users\ALEXAN~1\AppData\Local\Temp\cc9KHyiu.s 			page 14


 569      7369676E 
 569      65642069 
 570              	.LASF1:
 571 00c1 756E7369 		.ascii	"unsigned char\000"
 571      676E6564 
 571      20636861 
 571      7200
 572              	.LASF24:
 573 00cf 4144435F 		.ascii	"ADC_SAR_A_RestoreConfig\000"
 573      5341525F 
 573      415F5265 
 573      73746F72 
 573      65436F6E 
 574              	.LASF13:
 575 00e7 72656738 		.ascii	"reg8\000"
 575      00
 576              	.LASF5:
 577 00ec 6C6F6E67 		.ascii	"long unsigned int\000"
 577      20756E73 
 577      69676E65 
 577      6420696E 
 577      7400
 578              	.LASF3:
 579 00fe 73686F72 		.ascii	"short unsigned int\000"
 579      7420756E 
 579      7369676E 
 579      65642069 
 579      6E7400
 580              	.LASF10:
 581 0111 646F7562 		.ascii	"double\000"
 581      6C6500
 582              	.LASF25:
 583 0118 4144435F 		.ascii	"ADC_SAR_A_backup\000"
 583      5341525F 
 583      415F6261 
 583      636B7570 
 583      00
 584              	.LASF8:
 585 0129 756E7369 		.ascii	"unsigned int\000"
 585      676E6564 
 585      20696E74 
 585      00
 586              	.LASF16:
 587 0136 4144435F 		.ascii	"ADC_SAR_A_Wakeup\000"
 587      5341525F 
 587      415F5761 
 587      6B657570 
 587      00
 588              	.LASF20:
 589 0147 474E5520 		.ascii	"GNU C11 5.4.1 20160609 (release) [ARM/embedded-5-br"
 589      43313120 
 589      352E342E 
 589      31203230 
 589      31363036 
 590 017a 616E6368 		.ascii	"anch revision 237715] -mcpu=cortex-m3 -mthumb -g -O"
 590      20726576 
 590      6973696F 
ARM GAS  C:\Users\ALEXAN~1\AppData\Local\Temp\cc9KHyiu.s 			page 15


 590      6E203233 
 590      37373135 
 591 01ad 73202D66 		.ascii	"s -ffunction-sections -ffat-lto-objects\000"
 591      66756E63 
 591      74696F6E 
 591      2D736563 
 591      74696F6E 
 592              	.LASF15:
 593 01d5 4144435F 		.ascii	"ADC_SAR_A_Sleep\000"
 593      5341525F 
 593      415F536C 
 593      65657000 
 594              	.LASF6:
 595 01e5 6C6F6E67 		.ascii	"long long int\000"
 595      206C6F6E 
 595      6720696E 
 595      7400
 596              	.LASF11:
 597 01f3 63686172 		.ascii	"char\000"
 597      00
 598              	.LASF2:
 599 01f8 73686F72 		.ascii	"short int\000"
 599      7420696E 
 599      7400
 600              	.LASF17:
 601 0202 4144435F 		.ascii	"ADC_SAR_A_Stop\000"
 601      5341525F 
 601      415F5374 
 601      6F7000
 602              	.LASF12:
 603 0211 75696E74 		.ascii	"uint8\000"
 603      3800
 604              	.LASF4:
 605 0217 6C6F6E67 		.ascii	"long int\000"
 605      20696E74 
 605      00
 606              	.LASF23:
 607 0220 656E6162 		.ascii	"enableState\000"
 607      6C655374 
 607      61746500 
 608              	.LASF0:
 609 022c 7369676E 		.ascii	"signed char\000"
 609      65642063 
 609      68617200 
 610              	.LASF19:
 611 0238 4144435F 		.ascii	"ADC_SAR_A_StartConvert\000"
 611      5341525F 
 611      415F5374 
 611      61727443 
 611      6F6E7665 
 612              		.ident	"GCC: (GNU Tools for ARM Embedded Processors) 5.4.1 20160609 (release) [ARM/embedded-5-bran
