ARM GAS  C:\Users\rens_\AppData\Local\Temp\ccK7M78m.s 			page 1


   1              		.syntax unified
   2              		.cpu cortex-m3
   3              		.fpu softvfp
   4              		.eabi_attribute 20, 1
   5              		.eabi_attribute 21, 1
   6              		.eabi_attribute 23, 3
   7              		.eabi_attribute 24, 1
   8              		.eabi_attribute 25, 1
   9              		.eabi_attribute 26, 1
  10              		.eabi_attribute 30, 4
  11              		.eabi_attribute 34, 1
  12              		.eabi_attribute 18, 4
  13              		.thumb
  14              		.syntax unified
  15              		.file	"DMA_A_Filter_dma.c"
  16              		.text
  17              	.Ltext0:
  18              		.cfi_sections	.debug_frame
  19              		.section	.text.DMA_A_Filter_DmaInitialize,"ax",%progbits
  20              		.align	1
  21              		.global	DMA_A_Filter_DmaInitialize
  22              		.thumb
  23              		.thumb_func
  24              		.type	DMA_A_Filter_DmaInitialize, %function
  25              	DMA_A_Filter_DmaInitialize:
  26              	.LFB0:
  27              		.file 1 "Generated_Source\\PSoC5\\DMA_A_Filter_dma.c"
   1:Generated_Source\PSoC5/DMA_A_Filter_dma.c **** /***************************************************************************
   2:Generated_Source\PSoC5/DMA_A_Filter_dma.c **** * File Name: DMA_A_Filter_dma.c  
   3:Generated_Source\PSoC5/DMA_A_Filter_dma.c **** * Version 1.70
   4:Generated_Source\PSoC5/DMA_A_Filter_dma.c **** *
   5:Generated_Source\PSoC5/DMA_A_Filter_dma.c **** *  Description:
   6:Generated_Source\PSoC5/DMA_A_Filter_dma.c **** *   Provides an API for the DMAC component. The API includes functions
   7:Generated_Source\PSoC5/DMA_A_Filter_dma.c **** *   for the DMA controller, DMA channels and Transfer Descriptors.
   8:Generated_Source\PSoC5/DMA_A_Filter_dma.c **** *
   9:Generated_Source\PSoC5/DMA_A_Filter_dma.c **** *
  10:Generated_Source\PSoC5/DMA_A_Filter_dma.c **** *   Note:
  11:Generated_Source\PSoC5/DMA_A_Filter_dma.c **** *     This module requires the developer to finish or fill in the auto
  12:Generated_Source\PSoC5/DMA_A_Filter_dma.c **** *     generated funcions and setup the dma channel and TD's.
  13:Generated_Source\PSoC5/DMA_A_Filter_dma.c **** *
  14:Generated_Source\PSoC5/DMA_A_Filter_dma.c **** ********************************************************************************
  15:Generated_Source\PSoC5/DMA_A_Filter_dma.c **** * Copyright 2008-2010, Cypress Semiconductor Corporation.  All rights reserved.
  16:Generated_Source\PSoC5/DMA_A_Filter_dma.c **** * You may use this file only in accordance with the license, terms, conditions, 
  17:Generated_Source\PSoC5/DMA_A_Filter_dma.c **** * disclaimers, and limitations in the end user license agreement accompanying 
  18:Generated_Source\PSoC5/DMA_A_Filter_dma.c **** * the software package with which this file was provided.
  19:Generated_Source\PSoC5/DMA_A_Filter_dma.c **** ********************************************************************************/
  20:Generated_Source\PSoC5/DMA_A_Filter_dma.c **** #include <CYLIB.H>
  21:Generated_Source\PSoC5/DMA_A_Filter_dma.c **** #include <CYDMAC.H>
  22:Generated_Source\PSoC5/DMA_A_Filter_dma.c **** #include <DMA_A_Filter_dma.H>
  23:Generated_Source\PSoC5/DMA_A_Filter_dma.c **** 
  24:Generated_Source\PSoC5/DMA_A_Filter_dma.c **** 
  25:Generated_Source\PSoC5/DMA_A_Filter_dma.c **** 
  26:Generated_Source\PSoC5/DMA_A_Filter_dma.c **** /****************************************************************************
  27:Generated_Source\PSoC5/DMA_A_Filter_dma.c **** * 
  28:Generated_Source\PSoC5/DMA_A_Filter_dma.c **** * The following defines are available in Cyfitter.h
  29:Generated_Source\PSoC5/DMA_A_Filter_dma.c **** * 
  30:Generated_Source\PSoC5/DMA_A_Filter_dma.c **** * 
ARM GAS  C:\Users\rens_\AppData\Local\Temp\ccK7M78m.s 			page 2


  31:Generated_Source\PSoC5/DMA_A_Filter_dma.c **** * 
  32:Generated_Source\PSoC5/DMA_A_Filter_dma.c **** * DMA_A_Filter__DRQ_CTL_REG
  33:Generated_Source\PSoC5/DMA_A_Filter_dma.c **** * 
  34:Generated_Source\PSoC5/DMA_A_Filter_dma.c **** * 
  35:Generated_Source\PSoC5/DMA_A_Filter_dma.c **** * DMA_A_Filter__DRQ_NUMBER
  36:Generated_Source\PSoC5/DMA_A_Filter_dma.c **** * 
  37:Generated_Source\PSoC5/DMA_A_Filter_dma.c **** * Number of TD's used by this channel.
  38:Generated_Source\PSoC5/DMA_A_Filter_dma.c **** * DMA_A_Filter__NUMBEROF_TDS
  39:Generated_Source\PSoC5/DMA_A_Filter_dma.c **** * 
  40:Generated_Source\PSoC5/DMA_A_Filter_dma.c **** * Priority of this channel.
  41:Generated_Source\PSoC5/DMA_A_Filter_dma.c **** * DMA_A_Filter__PRIORITY
  42:Generated_Source\PSoC5/DMA_A_Filter_dma.c **** * 
  43:Generated_Source\PSoC5/DMA_A_Filter_dma.c **** * True if DMA_A_Filter_TERMIN_SEL is used.
  44:Generated_Source\PSoC5/DMA_A_Filter_dma.c **** * DMA_A_Filter__TERMIN_EN
  45:Generated_Source\PSoC5/DMA_A_Filter_dma.c **** * 
  46:Generated_Source\PSoC5/DMA_A_Filter_dma.c **** * TERMIN interrupt line to signal terminate.
  47:Generated_Source\PSoC5/DMA_A_Filter_dma.c **** * DMA_A_Filter__TERMIN_SEL
  48:Generated_Source\PSoC5/DMA_A_Filter_dma.c **** * 
  49:Generated_Source\PSoC5/DMA_A_Filter_dma.c **** * 
  50:Generated_Source\PSoC5/DMA_A_Filter_dma.c **** * True if DMA_A_Filter_TERMOUT0_SEL is used.
  51:Generated_Source\PSoC5/DMA_A_Filter_dma.c **** * DMA_A_Filter__TERMOUT0_EN
  52:Generated_Source\PSoC5/DMA_A_Filter_dma.c **** * 
  53:Generated_Source\PSoC5/DMA_A_Filter_dma.c **** * 
  54:Generated_Source\PSoC5/DMA_A_Filter_dma.c **** * TERMOUT0 interrupt line to signal completion.
  55:Generated_Source\PSoC5/DMA_A_Filter_dma.c **** * DMA_A_Filter__TERMOUT0_SEL
  56:Generated_Source\PSoC5/DMA_A_Filter_dma.c **** * 
  57:Generated_Source\PSoC5/DMA_A_Filter_dma.c **** * 
  58:Generated_Source\PSoC5/DMA_A_Filter_dma.c **** * True if DMA_A_Filter_TERMOUT1_SEL is used.
  59:Generated_Source\PSoC5/DMA_A_Filter_dma.c **** * DMA_A_Filter__TERMOUT1_EN
  60:Generated_Source\PSoC5/DMA_A_Filter_dma.c **** * 
  61:Generated_Source\PSoC5/DMA_A_Filter_dma.c **** * 
  62:Generated_Source\PSoC5/DMA_A_Filter_dma.c **** * TERMOUT1 interrupt line to signal completion.
  63:Generated_Source\PSoC5/DMA_A_Filter_dma.c **** * DMA_A_Filter__TERMOUT1_SEL
  64:Generated_Source\PSoC5/DMA_A_Filter_dma.c **** * 
  65:Generated_Source\PSoC5/DMA_A_Filter_dma.c **** ****************************************************************************/
  66:Generated_Source\PSoC5/DMA_A_Filter_dma.c **** 
  67:Generated_Source\PSoC5/DMA_A_Filter_dma.c **** 
  68:Generated_Source\PSoC5/DMA_A_Filter_dma.c **** /* Zero based index of DMA_A_Filter dma channel */
  69:Generated_Source\PSoC5/DMA_A_Filter_dma.c **** uint8 DMA_A_Filter_DmaHandle = DMA_INVALID_CHANNEL;
  70:Generated_Source\PSoC5/DMA_A_Filter_dma.c **** 
  71:Generated_Source\PSoC5/DMA_A_Filter_dma.c **** /*********************************************************************
  72:Generated_Source\PSoC5/DMA_A_Filter_dma.c **** * Function Name: uint8 DMA_A_Filter_DmaInitalize
  73:Generated_Source\PSoC5/DMA_A_Filter_dma.c **** **********************************************************************
  74:Generated_Source\PSoC5/DMA_A_Filter_dma.c **** * Summary:
  75:Generated_Source\PSoC5/DMA_A_Filter_dma.c **** *   Allocates and initialises a channel of the DMAC to be used by the
  76:Generated_Source\PSoC5/DMA_A_Filter_dma.c **** *   caller.
  77:Generated_Source\PSoC5/DMA_A_Filter_dma.c **** *
  78:Generated_Source\PSoC5/DMA_A_Filter_dma.c **** * Parameters:
  79:Generated_Source\PSoC5/DMA_A_Filter_dma.c **** *   BurstCount.
  80:Generated_Source\PSoC5/DMA_A_Filter_dma.c **** *       
  81:Generated_Source\PSoC5/DMA_A_Filter_dma.c **** *       
  82:Generated_Source\PSoC5/DMA_A_Filter_dma.c **** *   ReqestPerBurst.
  83:Generated_Source\PSoC5/DMA_A_Filter_dma.c **** *       
  84:Generated_Source\PSoC5/DMA_A_Filter_dma.c **** *       
  85:Generated_Source\PSoC5/DMA_A_Filter_dma.c **** *   UpperSrcAddress.
  86:Generated_Source\PSoC5/DMA_A_Filter_dma.c **** *       
  87:Generated_Source\PSoC5/DMA_A_Filter_dma.c **** *       
ARM GAS  C:\Users\rens_\AppData\Local\Temp\ccK7M78m.s 			page 3


  88:Generated_Source\PSoC5/DMA_A_Filter_dma.c **** *   UpperDestAddress.
  89:Generated_Source\PSoC5/DMA_A_Filter_dma.c **** *       
  90:Generated_Source\PSoC5/DMA_A_Filter_dma.c **** *
  91:Generated_Source\PSoC5/DMA_A_Filter_dma.c **** * Return:
  92:Generated_Source\PSoC5/DMA_A_Filter_dma.c **** *   The channel that can be used by the caller for DMA activity.
  93:Generated_Source\PSoC5/DMA_A_Filter_dma.c **** *   DMA_INVALID_CHANNEL (0xFF) if there are no channels left. 
  94:Generated_Source\PSoC5/DMA_A_Filter_dma.c **** *
  95:Generated_Source\PSoC5/DMA_A_Filter_dma.c **** *
  96:Generated_Source\PSoC5/DMA_A_Filter_dma.c **** *******************************************************************/
  97:Generated_Source\PSoC5/DMA_A_Filter_dma.c **** uint8 DMA_A_Filter_DmaInitialize(uint8 BurstCount, uint8 ReqestPerBurst, uint16 UpperSrcAddress, ui
  98:Generated_Source\PSoC5/DMA_A_Filter_dma.c **** {
  28              		.loc 1 98 0
  29              		.cfi_startproc
  30              		@ args = 0, pretend = 0, frame = 0
  31              		@ frame_needed = 0, uses_anonymous_args = 0
  32              	.LVL0:
  33 0000 73B5     		push	{r0, r1, r4, r5, r6, lr}
  34              		.cfi_def_cfa_offset 24
  35              		.cfi_offset 4, -16
  36              		.cfi_offset 5, -12
  37              		.cfi_offset 6, -8
  38              		.cfi_offset 14, -4
  39              		.loc 1 98 0
  40 0002 1546     		mov	r5, r2
  41 0004 1E46     		mov	r6, r3
  99:Generated_Source\PSoC5/DMA_A_Filter_dma.c **** 
 100:Generated_Source\PSoC5/DMA_A_Filter_dma.c ****     /* Allocate a DMA channel. */
 101:Generated_Source\PSoC5/DMA_A_Filter_dma.c ****     DMA_A_Filter_DmaHandle = (uint8)DMA_A_Filter__DRQ_NUMBER;
  42              		.loc 1 101 0
  43 0006 0B4C     		ldr	r4, .L2
  44 0008 0823     		movs	r3, #8
  45              	.LVL1:
 102:Generated_Source\PSoC5/DMA_A_Filter_dma.c **** 
 103:Generated_Source\PSoC5/DMA_A_Filter_dma.c ****     /* Configure the channel. */
 104:Generated_Source\PSoC5/DMA_A_Filter_dma.c ****     (void)CyDmaChSetConfiguration(DMA_A_Filter_DmaHandle,
  46              		.loc 1 104 0
  47 000a 0022     		movs	r2, #0
  48              	.LVL2:
  49 000c 0192     		str	r2, [sp, #4]
  50 000e 0092     		str	r2, [sp]
  51 0010 0A46     		mov	r2, r1
  52 0012 0146     		mov	r1, r0
  53              	.LVL3:
  54 0014 1846     		mov	r0, r3
  55              	.LVL4:
 101:Generated_Source\PSoC5/DMA_A_Filter_dma.c **** 
  56              		.loc 1 101 0
  57 0016 2370     		strb	r3, [r4]
  58              		.loc 1 104 0
  59 0018 FFF7FEFF 		bl	CyDmaChSetConfiguration
  60              	.LVL5:
 105:Generated_Source\PSoC5/DMA_A_Filter_dma.c ****                                   BurstCount,
 106:Generated_Source\PSoC5/DMA_A_Filter_dma.c ****                                   ReqestPerBurst,
 107:Generated_Source\PSoC5/DMA_A_Filter_dma.c ****                                   (uint8)DMA_A_Filter__TERMOUT0_SEL,
 108:Generated_Source\PSoC5/DMA_A_Filter_dma.c ****                                   (uint8)DMA_A_Filter__TERMOUT1_SEL,
 109:Generated_Source\PSoC5/DMA_A_Filter_dma.c ****                                   (uint8)DMA_A_Filter__TERMIN_SEL);
 110:Generated_Source\PSoC5/DMA_A_Filter_dma.c **** 
ARM GAS  C:\Users\rens_\AppData\Local\Temp\ccK7M78m.s 			page 4


 111:Generated_Source\PSoC5/DMA_A_Filter_dma.c ****     /* Set the extended address for the transfers */
 112:Generated_Source\PSoC5/DMA_A_Filter_dma.c ****     (void)CyDmaChSetExtendedAddress(DMA_A_Filter_DmaHandle, UpperSrcAddress, UpperDestAddress);
  61              		.loc 1 112 0
  62 001c 3246     		mov	r2, r6
  63 001e 2946     		mov	r1, r5
  64 0020 2078     		ldrb	r0, [r4]	@ zero_extendqisi2
  65 0022 FFF7FEFF 		bl	CyDmaChSetExtendedAddress
  66              	.LVL6:
 113:Generated_Source\PSoC5/DMA_A_Filter_dma.c **** 
 114:Generated_Source\PSoC5/DMA_A_Filter_dma.c ****     /* Set the priority for this channel */
 115:Generated_Source\PSoC5/DMA_A_Filter_dma.c ****     (void)CyDmaChPriority(DMA_A_Filter_DmaHandle, (uint8)DMA_A_Filter__PRIORITY);
  67              		.loc 1 115 0
  68 0026 0221     		movs	r1, #2
  69 0028 2078     		ldrb	r0, [r4]	@ zero_extendqisi2
  70 002a FFF7FEFF 		bl	CyDmaChPriority
  71              	.LVL7:
 116:Generated_Source\PSoC5/DMA_A_Filter_dma.c ****     
 117:Generated_Source\PSoC5/DMA_A_Filter_dma.c ****     return DMA_A_Filter_DmaHandle;
 118:Generated_Source\PSoC5/DMA_A_Filter_dma.c **** }
  72              		.loc 1 118 0
  73 002e 2078     		ldrb	r0, [r4]	@ zero_extendqisi2
  74 0030 02B0     		add	sp, sp, #8
  75              		.cfi_def_cfa_offset 16
  76              		@ sp needed
  77 0032 70BD     		pop	{r4, r5, r6, pc}
  78              	.L3:
  79              		.align	2
  80              	.L2:
  81 0034 00000000 		.word	.LANCHOR0
  82              		.cfi_endproc
  83              	.LFE0:
  84              		.size	DMA_A_Filter_DmaInitialize, .-DMA_A_Filter_DmaInitialize
  85              		.section	.text.DMA_A_Filter_DmaRelease,"ax",%progbits
  86              		.align	1
  87              		.global	DMA_A_Filter_DmaRelease
  88              		.thumb
  89              		.thumb_func
  90              		.type	DMA_A_Filter_DmaRelease, %function
  91              	DMA_A_Filter_DmaRelease:
  92              	.LFB1:
 119:Generated_Source\PSoC5/DMA_A_Filter_dma.c **** 
 120:Generated_Source\PSoC5/DMA_A_Filter_dma.c **** /*********************************************************************
 121:Generated_Source\PSoC5/DMA_A_Filter_dma.c **** * Function Name: void DMA_A_Filter_DmaRelease
 122:Generated_Source\PSoC5/DMA_A_Filter_dma.c **** **********************************************************************
 123:Generated_Source\PSoC5/DMA_A_Filter_dma.c **** * Summary:
 124:Generated_Source\PSoC5/DMA_A_Filter_dma.c **** *   Frees the channel associated with DMA_A_Filter.
 125:Generated_Source\PSoC5/DMA_A_Filter_dma.c **** *
 126:Generated_Source\PSoC5/DMA_A_Filter_dma.c **** *
 127:Generated_Source\PSoC5/DMA_A_Filter_dma.c **** * Parameters:
 128:Generated_Source\PSoC5/DMA_A_Filter_dma.c **** *   void.
 129:Generated_Source\PSoC5/DMA_A_Filter_dma.c **** *
 130:Generated_Source\PSoC5/DMA_A_Filter_dma.c **** *
 131:Generated_Source\PSoC5/DMA_A_Filter_dma.c **** *
 132:Generated_Source\PSoC5/DMA_A_Filter_dma.c **** * Return:
 133:Generated_Source\PSoC5/DMA_A_Filter_dma.c **** *   void.
 134:Generated_Source\PSoC5/DMA_A_Filter_dma.c **** *
 135:Generated_Source\PSoC5/DMA_A_Filter_dma.c **** *******************************************************************/
ARM GAS  C:\Users\rens_\AppData\Local\Temp\ccK7M78m.s 			page 5


 136:Generated_Source\PSoC5/DMA_A_Filter_dma.c **** void DMA_A_Filter_DmaRelease(void) 
 137:Generated_Source\PSoC5/DMA_A_Filter_dma.c **** {
  93              		.loc 1 137 0
  94              		.cfi_startproc
  95              		@ args = 0, pretend = 0, frame = 0
  96              		@ frame_needed = 0, uses_anonymous_args = 0
  97              		@ link register save eliminated.
 138:Generated_Source\PSoC5/DMA_A_Filter_dma.c ****     /* Disable the channel */
 139:Generated_Source\PSoC5/DMA_A_Filter_dma.c ****     (void)CyDmaChDisable(DMA_A_Filter_DmaHandle);
  98              		.loc 1 139 0
  99 0000 014B     		ldr	r3, .L5
 100 0002 1878     		ldrb	r0, [r3]	@ zero_extendqisi2
 101 0004 FFF7FEBF 		b	CyDmaChDisable
 102              	.LVL8:
 103              	.L6:
 104              		.align	2
 105              	.L5:
 106 0008 00000000 		.word	.LANCHOR0
 107              		.cfi_endproc
 108              	.LFE1:
 109              		.size	DMA_A_Filter_DmaRelease, .-DMA_A_Filter_DmaRelease
 110              		.global	DMA_A_Filter_DmaHandle
 111              		.data
 112              		.set	.LANCHOR0,. + 0
 113              		.type	DMA_A_Filter_DmaHandle, %object
 114              		.size	DMA_A_Filter_DmaHandle, 1
 115              	DMA_A_Filter_DmaHandle:
 116 0000 FF       		.byte	-1
 117              		.text
 118              	.Letext0:
 119              		.file 2 "Generated_Source\\PSoC5/cytypes.h"
 120              		.file 3 "Generated_Source\\PSoC5/CYDMAC.H"
 121              		.section	.debug_info,"",%progbits
 122              	.Ldebug_info0:
 123 0000 A2010000 		.4byte	0x1a2
 124 0004 0400     		.2byte	0x4
 125 0006 00000000 		.4byte	.Ldebug_abbrev0
 126 000a 04       		.byte	0x4
 127 000b 01       		.uleb128 0x1
 128 000c ED000000 		.4byte	.LASF24
 129 0010 0C       		.byte	0xc
 130 0011 10000000 		.4byte	.LASF25
 131 0015 6C000000 		.4byte	.LASF26
 132 0019 00000000 		.4byte	.Ldebug_ranges0+0
 133 001d 00000000 		.4byte	0
 134 0021 00000000 		.4byte	.Ldebug_line0
 135 0025 02       		.uleb128 0x2
 136 0026 04       		.byte	0x4
 137 0027 05       		.byte	0x5
 138 0028 696E7400 		.ascii	"int\000"
 139 002c 03       		.uleb128 0x3
 140 002d 04       		.byte	0x4
 141 002e 07       		.byte	0x7
 142 002f A1010000 		.4byte	.LASF0
 143 0033 03       		.uleb128 0x3
 144 0034 08       		.byte	0x8
 145 0035 05       		.byte	0x5
ARM GAS  C:\Users\rens_\AppData\Local\Temp\ccK7M78m.s 			page 6


 146 0036 DF010000 		.4byte	.LASF1
 147 003a 03       		.uleb128 0x3
 148 003b 08       		.byte	0x8
 149 003c 04       		.byte	0x4
 150 003d 52020000 		.4byte	.LASF2
 151 0041 03       		.uleb128 0x3
 152 0042 01       		.byte	0x1
 153 0043 06       		.byte	0x6
 154 0044 5E020000 		.4byte	.LASF3
 155 0048 03       		.uleb128 0x3
 156 0049 01       		.byte	0x1
 157 004a 08       		.byte	0x8
 158 004b D4000000 		.4byte	.LASF4
 159 004f 03       		.uleb128 0x3
 160 0050 02       		.byte	0x2
 161 0051 05       		.byte	0x5
 162 0052 27020000 		.4byte	.LASF5
 163 0056 03       		.uleb128 0x3
 164 0057 02       		.byte	0x2
 165 0058 07       		.byte	0x7
 166 0059 59000000 		.4byte	.LASF6
 167 005d 03       		.uleb128 0x3
 168 005e 04       		.byte	0x4
 169 005f 05       		.byte	0x5
 170 0060 49020000 		.4byte	.LASF7
 171 0064 03       		.uleb128 0x3
 172 0065 04       		.byte	0x4
 173 0066 07       		.byte	0x7
 174 0067 8F010000 		.4byte	.LASF8
 175 006b 03       		.uleb128 0x3
 176 006c 08       		.byte	0x8
 177 006d 07       		.byte	0x7
 178 006e AE010000 		.4byte	.LASF9
 179 0072 03       		.uleb128 0x3
 180 0073 04       		.byte	0x4
 181 0074 07       		.byte	0x7
 182 0075 D6010000 		.4byte	.LASF10
 183 0079 03       		.uleb128 0x3
 184 007a 01       		.byte	0x1
 185 007b 08       		.byte	0x8
 186 007c 07020000 		.4byte	.LASF11
 187 0080 04       		.uleb128 0x4
 188 0081 7B010000 		.4byte	.LASF12
 189 0085 02       		.byte	0x2
 190 0086 9201     		.2byte	0x192
 191 0088 48000000 		.4byte	0x48
 192 008c 04       		.uleb128 0x4
 193 008d 88010000 		.4byte	.LASF13
 194 0091 02       		.byte	0x2
 195 0092 9301     		.2byte	0x193
 196 0094 56000000 		.4byte	0x56
 197 0098 03       		.uleb128 0x3
 198 0099 04       		.byte	0x4
 199 009a 04       		.byte	0x4
 200 009b CE000000 		.4byte	.LASF14
 201 009f 03       		.uleb128 0x3
 202 00a0 08       		.byte	0x8
ARM GAS  C:\Users\rens_\AppData\Local\Temp\ccK7M78m.s 			page 7


 203 00a1 04       		.byte	0x4
 204 00a2 81010000 		.4byte	.LASF15
 205 00a6 05       		.uleb128 0x5
 206 00a7 0C020000 		.4byte	.LASF27
 207 00ab 01       		.byte	0x1
 208 00ac 61       		.byte	0x61
 209 00ad 80000000 		.4byte	0x80
 210 00b1 00000000 		.4byte	.LFB0
 211 00b5 38000000 		.4byte	.LFE0-.LFB0
 212 00b9 01       		.uleb128 0x1
 213 00ba 9C       		.byte	0x9c
 214 00bb 49010000 		.4byte	0x149
 215 00bf 06       		.uleb128 0x6
 216 00c0 E2000000 		.4byte	.LASF16
 217 00c4 01       		.byte	0x1
 218 00c5 61       		.byte	0x61
 219 00c6 80000000 		.4byte	0x80
 220 00ca 00000000 		.4byte	.LLST0
 221 00ce 06       		.uleb128 0x6
 222 00cf 4A000000 		.4byte	.LASF17
 223 00d3 01       		.byte	0x1
 224 00d4 61       		.byte	0x61
 225 00d5 80000000 		.4byte	0x80
 226 00d9 21000000 		.4byte	.LLST1
 227 00dd 06       		.uleb128 0x6
 228 00de 00000000 		.4byte	.LASF18
 229 00e2 01       		.byte	0x1
 230 00e3 61       		.byte	0x61
 231 00e4 8C000000 		.4byte	0x8c
 232 00e8 42000000 		.4byte	.LLST2
 233 00ec 06       		.uleb128 0x6
 234 00ed C5010000 		.4byte	.LASF19
 235 00f1 01       		.byte	0x1
 236 00f2 61       		.byte	0x61
 237 00f3 8C000000 		.4byte	0x8c
 238 00f7 63000000 		.4byte	.LLST3
 239 00fb 07       		.uleb128 0x7
 240 00fc 1C000000 		.4byte	.LVL5
 241 0100 79010000 		.4byte	0x179
 242 0104 1F010000 		.4byte	0x11f
 243 0108 08       		.uleb128 0x8
 244 0109 01       		.uleb128 0x1
 245 010a 50       		.byte	0x50
 246 010b 01       		.uleb128 0x1
 247 010c 38       		.byte	0x38
 248 010d 08       		.uleb128 0x8
 249 010e 01       		.uleb128 0x1
 250 010f 53       		.byte	0x53
 251 0110 01       		.uleb128 0x1
 252 0111 38       		.byte	0x38
 253 0112 08       		.uleb128 0x8
 254 0113 02       		.uleb128 0x2
 255 0114 7D       		.byte	0x7d
 256 0115 00       		.sleb128 0
 257 0116 01       		.uleb128 0x1
 258 0117 30       		.byte	0x30
 259 0118 08       		.uleb128 0x8
ARM GAS  C:\Users\rens_\AppData\Local\Temp\ccK7M78m.s 			page 8


 260 0119 02       		.uleb128 0x2
 261 011a 7D       		.byte	0x7d
 262 011b 04       		.sleb128 4
 263 011c 01       		.uleb128 0x1
 264 011d 30       		.byte	0x30
 265 011e 00       		.byte	0
 266 011f 07       		.uleb128 0x7
 267 0120 26000000 		.4byte	.LVL6
 268 0124 84010000 		.4byte	0x184
 269 0128 39010000 		.4byte	0x139
 270 012c 08       		.uleb128 0x8
 271 012d 01       		.uleb128 0x1
 272 012e 51       		.byte	0x51
 273 012f 02       		.uleb128 0x2
 274 0130 75       		.byte	0x75
 275 0131 00       		.sleb128 0
 276 0132 08       		.uleb128 0x8
 277 0133 01       		.uleb128 0x1
 278 0134 52       		.byte	0x52
 279 0135 02       		.uleb128 0x2
 280 0136 76       		.byte	0x76
 281 0137 00       		.sleb128 0
 282 0138 00       		.byte	0
 283 0139 09       		.uleb128 0x9
 284 013a 2E000000 		.4byte	.LVL7
 285 013e 8F010000 		.4byte	0x18f
 286 0142 08       		.uleb128 0x8
 287 0143 01       		.uleb128 0x1
 288 0144 51       		.byte	0x51
 289 0145 01       		.uleb128 0x1
 290 0146 32       		.byte	0x32
 291 0147 00       		.byte	0
 292 0148 00       		.byte	0
 293 0149 0A       		.uleb128 0xa
 294 014a 31020000 		.4byte	.LASF28
 295 014e 01       		.byte	0x1
 296 014f 88       		.byte	0x88
 297 0150 00000000 		.4byte	.LFB1
 298 0154 0C000000 		.4byte	.LFE1-.LFB1
 299 0158 01       		.uleb128 0x1
 300 0159 9C       		.byte	0x9c
 301 015a 68010000 		.4byte	0x168
 302 015e 0B       		.uleb128 0xb
 303 015f 08000000 		.4byte	.LVL8
 304 0163 9A010000 		.4byte	0x19a
 305 0167 00       		.byte	0
 306 0168 0C       		.uleb128 0xc
 307 0169 B7000000 		.4byte	.LASF29
 308 016d 01       		.byte	0x1
 309 016e 45       		.byte	0x45
 310 016f 80000000 		.4byte	0x80
 311 0173 05       		.uleb128 0x5
 312 0174 03       		.byte	0x3
 313 0175 00000000 		.4byte	DMA_A_Filter_DmaHandle
 314 0179 0D       		.uleb128 0xd
 315 017a 79020000 		.4byte	.LASF20
 316 017e 79020000 		.4byte	.LASF20
ARM GAS  C:\Users\rens_\AppData\Local\Temp\ccK7M78m.s 			page 9


 317 0182 03       		.byte	0x3
 318 0183 33       		.byte	0x33
 319 0184 0D       		.uleb128 0xd
 320 0185 ED010000 		.4byte	.LASF21
 321 0189 ED010000 		.4byte	.LASF21
 322 018d 03       		.byte	0x3
 323 018e 2D       		.byte	0x2d
 324 018f 0D       		.uleb128 0xd
 325 0190 3A000000 		.4byte	.LASF22
 326 0194 3A000000 		.4byte	.LASF22
 327 0198 03       		.byte	0x3
 328 0199 2C       		.byte	0x2c
 329 019a 0D       		.uleb128 0xd
 330 019b 6A020000 		.4byte	.LASF23
 331 019f 6A020000 		.4byte	.LASF23
 332 01a3 03       		.byte	0x3
 333 01a4 2A       		.byte	0x2a
 334 01a5 00       		.byte	0
 335              		.section	.debug_abbrev,"",%progbits
 336              	.Ldebug_abbrev0:
 337 0000 01       		.uleb128 0x1
 338 0001 11       		.uleb128 0x11
 339 0002 01       		.byte	0x1
 340 0003 25       		.uleb128 0x25
 341 0004 0E       		.uleb128 0xe
 342 0005 13       		.uleb128 0x13
 343 0006 0B       		.uleb128 0xb
 344 0007 03       		.uleb128 0x3
 345 0008 0E       		.uleb128 0xe
 346 0009 1B       		.uleb128 0x1b
 347 000a 0E       		.uleb128 0xe
 348 000b 55       		.uleb128 0x55
 349 000c 17       		.uleb128 0x17
 350 000d 11       		.uleb128 0x11
 351 000e 01       		.uleb128 0x1
 352 000f 10       		.uleb128 0x10
 353 0010 17       		.uleb128 0x17
 354 0011 00       		.byte	0
 355 0012 00       		.byte	0
 356 0013 02       		.uleb128 0x2
 357 0014 24       		.uleb128 0x24
 358 0015 00       		.byte	0
 359 0016 0B       		.uleb128 0xb
 360 0017 0B       		.uleb128 0xb
 361 0018 3E       		.uleb128 0x3e
 362 0019 0B       		.uleb128 0xb
 363 001a 03       		.uleb128 0x3
 364 001b 08       		.uleb128 0x8
 365 001c 00       		.byte	0
 366 001d 00       		.byte	0
 367 001e 03       		.uleb128 0x3
 368 001f 24       		.uleb128 0x24
 369 0020 00       		.byte	0
 370 0021 0B       		.uleb128 0xb
 371 0022 0B       		.uleb128 0xb
 372 0023 3E       		.uleb128 0x3e
 373 0024 0B       		.uleb128 0xb
ARM GAS  C:\Users\rens_\AppData\Local\Temp\ccK7M78m.s 			page 10


 374 0025 03       		.uleb128 0x3
 375 0026 0E       		.uleb128 0xe
 376 0027 00       		.byte	0
 377 0028 00       		.byte	0
 378 0029 04       		.uleb128 0x4
 379 002a 16       		.uleb128 0x16
 380 002b 00       		.byte	0
 381 002c 03       		.uleb128 0x3
 382 002d 0E       		.uleb128 0xe
 383 002e 3A       		.uleb128 0x3a
 384 002f 0B       		.uleb128 0xb
 385 0030 3B       		.uleb128 0x3b
 386 0031 05       		.uleb128 0x5
 387 0032 49       		.uleb128 0x49
 388 0033 13       		.uleb128 0x13
 389 0034 00       		.byte	0
 390 0035 00       		.byte	0
 391 0036 05       		.uleb128 0x5
 392 0037 2E       		.uleb128 0x2e
 393 0038 01       		.byte	0x1
 394 0039 3F       		.uleb128 0x3f
 395 003a 19       		.uleb128 0x19
 396 003b 03       		.uleb128 0x3
 397 003c 0E       		.uleb128 0xe
 398 003d 3A       		.uleb128 0x3a
 399 003e 0B       		.uleb128 0xb
 400 003f 3B       		.uleb128 0x3b
 401 0040 0B       		.uleb128 0xb
 402 0041 27       		.uleb128 0x27
 403 0042 19       		.uleb128 0x19
 404 0043 49       		.uleb128 0x49
 405 0044 13       		.uleb128 0x13
 406 0045 11       		.uleb128 0x11
 407 0046 01       		.uleb128 0x1
 408 0047 12       		.uleb128 0x12
 409 0048 06       		.uleb128 0x6
 410 0049 40       		.uleb128 0x40
 411 004a 18       		.uleb128 0x18
 412 004b 9742     		.uleb128 0x2117
 413 004d 19       		.uleb128 0x19
 414 004e 01       		.uleb128 0x1
 415 004f 13       		.uleb128 0x13
 416 0050 00       		.byte	0
 417 0051 00       		.byte	0
 418 0052 06       		.uleb128 0x6
 419 0053 05       		.uleb128 0x5
 420 0054 00       		.byte	0
 421 0055 03       		.uleb128 0x3
 422 0056 0E       		.uleb128 0xe
 423 0057 3A       		.uleb128 0x3a
 424 0058 0B       		.uleb128 0xb
 425 0059 3B       		.uleb128 0x3b
 426 005a 0B       		.uleb128 0xb
 427 005b 49       		.uleb128 0x49
 428 005c 13       		.uleb128 0x13
 429 005d 02       		.uleb128 0x2
 430 005e 17       		.uleb128 0x17
ARM GAS  C:\Users\rens_\AppData\Local\Temp\ccK7M78m.s 			page 11


 431 005f 00       		.byte	0
 432 0060 00       		.byte	0
 433 0061 07       		.uleb128 0x7
 434 0062 898201   		.uleb128 0x4109
 435 0065 01       		.byte	0x1
 436 0066 11       		.uleb128 0x11
 437 0067 01       		.uleb128 0x1
 438 0068 31       		.uleb128 0x31
 439 0069 13       		.uleb128 0x13
 440 006a 01       		.uleb128 0x1
 441 006b 13       		.uleb128 0x13
 442 006c 00       		.byte	0
 443 006d 00       		.byte	0
 444 006e 08       		.uleb128 0x8
 445 006f 8A8201   		.uleb128 0x410a
 446 0072 00       		.byte	0
 447 0073 02       		.uleb128 0x2
 448 0074 18       		.uleb128 0x18
 449 0075 9142     		.uleb128 0x2111
 450 0077 18       		.uleb128 0x18
 451 0078 00       		.byte	0
 452 0079 00       		.byte	0
 453 007a 09       		.uleb128 0x9
 454 007b 898201   		.uleb128 0x4109
 455 007e 01       		.byte	0x1
 456 007f 11       		.uleb128 0x11
 457 0080 01       		.uleb128 0x1
 458 0081 31       		.uleb128 0x31
 459 0082 13       		.uleb128 0x13
 460 0083 00       		.byte	0
 461 0084 00       		.byte	0
 462 0085 0A       		.uleb128 0xa
 463 0086 2E       		.uleb128 0x2e
 464 0087 01       		.byte	0x1
 465 0088 3F       		.uleb128 0x3f
 466 0089 19       		.uleb128 0x19
 467 008a 03       		.uleb128 0x3
 468 008b 0E       		.uleb128 0xe
 469 008c 3A       		.uleb128 0x3a
 470 008d 0B       		.uleb128 0xb
 471 008e 3B       		.uleb128 0x3b
 472 008f 0B       		.uleb128 0xb
 473 0090 27       		.uleb128 0x27
 474 0091 19       		.uleb128 0x19
 475 0092 11       		.uleb128 0x11
 476 0093 01       		.uleb128 0x1
 477 0094 12       		.uleb128 0x12
 478 0095 06       		.uleb128 0x6
 479 0096 40       		.uleb128 0x40
 480 0097 18       		.uleb128 0x18
 481 0098 9742     		.uleb128 0x2117
 482 009a 19       		.uleb128 0x19
 483 009b 01       		.uleb128 0x1
 484 009c 13       		.uleb128 0x13
 485 009d 00       		.byte	0
 486 009e 00       		.byte	0
 487 009f 0B       		.uleb128 0xb
ARM GAS  C:\Users\rens_\AppData\Local\Temp\ccK7M78m.s 			page 12


 488 00a0 898201   		.uleb128 0x4109
 489 00a3 00       		.byte	0
 490 00a4 11       		.uleb128 0x11
 491 00a5 01       		.uleb128 0x1
 492 00a6 9542     		.uleb128 0x2115
 493 00a8 19       		.uleb128 0x19
 494 00a9 31       		.uleb128 0x31
 495 00aa 13       		.uleb128 0x13
 496 00ab 00       		.byte	0
 497 00ac 00       		.byte	0
 498 00ad 0C       		.uleb128 0xc
 499 00ae 34       		.uleb128 0x34
 500 00af 00       		.byte	0
 501 00b0 03       		.uleb128 0x3
 502 00b1 0E       		.uleb128 0xe
 503 00b2 3A       		.uleb128 0x3a
 504 00b3 0B       		.uleb128 0xb
 505 00b4 3B       		.uleb128 0x3b
 506 00b5 0B       		.uleb128 0xb
 507 00b6 49       		.uleb128 0x49
 508 00b7 13       		.uleb128 0x13
 509 00b8 3F       		.uleb128 0x3f
 510 00b9 19       		.uleb128 0x19
 511 00ba 02       		.uleb128 0x2
 512 00bb 18       		.uleb128 0x18
 513 00bc 00       		.byte	0
 514 00bd 00       		.byte	0
 515 00be 0D       		.uleb128 0xd
 516 00bf 2E       		.uleb128 0x2e
 517 00c0 00       		.byte	0
 518 00c1 3F       		.uleb128 0x3f
 519 00c2 19       		.uleb128 0x19
 520 00c3 3C       		.uleb128 0x3c
 521 00c4 19       		.uleb128 0x19
 522 00c5 6E       		.uleb128 0x6e
 523 00c6 0E       		.uleb128 0xe
 524 00c7 03       		.uleb128 0x3
 525 00c8 0E       		.uleb128 0xe
 526 00c9 3A       		.uleb128 0x3a
 527 00ca 0B       		.uleb128 0xb
 528 00cb 3B       		.uleb128 0x3b
 529 00cc 0B       		.uleb128 0xb
 530 00cd 00       		.byte	0
 531 00ce 00       		.byte	0
 532 00cf 00       		.byte	0
 533              		.section	.debug_loc,"",%progbits
 534              	.Ldebug_loc0:
 535              	.LLST0:
 536 0000 00000000 		.4byte	.LVL0
 537 0004 16000000 		.4byte	.LVL4
 538 0008 0100     		.2byte	0x1
 539 000a 50       		.byte	0x50
 540 000b 16000000 		.4byte	.LVL4
 541 000f 38000000 		.4byte	.LFE0
 542 0013 0400     		.2byte	0x4
 543 0015 F3       		.byte	0xf3
 544 0016 01       		.uleb128 0x1
ARM GAS  C:\Users\rens_\AppData\Local\Temp\ccK7M78m.s 			page 13


 545 0017 50       		.byte	0x50
 546 0018 9F       		.byte	0x9f
 547 0019 00000000 		.4byte	0
 548 001d 00000000 		.4byte	0
 549              	.LLST1:
 550 0021 00000000 		.4byte	.LVL0
 551 0025 14000000 		.4byte	.LVL3
 552 0029 0100     		.2byte	0x1
 553 002b 51       		.byte	0x51
 554 002c 14000000 		.4byte	.LVL3
 555 0030 38000000 		.4byte	.LFE0
 556 0034 0400     		.2byte	0x4
 557 0036 F3       		.byte	0xf3
 558 0037 01       		.uleb128 0x1
 559 0038 51       		.byte	0x51
 560 0039 9F       		.byte	0x9f
 561 003a 00000000 		.4byte	0
 562 003e 00000000 		.4byte	0
 563              	.LLST2:
 564 0042 00000000 		.4byte	.LVL0
 565 0046 0C000000 		.4byte	.LVL2
 566 004a 0100     		.2byte	0x1
 567 004c 52       		.byte	0x52
 568 004d 0C000000 		.4byte	.LVL2
 569 0051 38000000 		.4byte	.LFE0
 570 0055 0400     		.2byte	0x4
 571 0057 F3       		.byte	0xf3
 572 0058 01       		.uleb128 0x1
 573 0059 52       		.byte	0x52
 574 005a 9F       		.byte	0x9f
 575 005b 00000000 		.4byte	0
 576 005f 00000000 		.4byte	0
 577              	.LLST3:
 578 0063 00000000 		.4byte	.LVL0
 579 0067 0A000000 		.4byte	.LVL1
 580 006b 0100     		.2byte	0x1
 581 006d 53       		.byte	0x53
 582 006e 0A000000 		.4byte	.LVL1
 583 0072 38000000 		.4byte	.LFE0
 584 0076 0400     		.2byte	0x4
 585 0078 F3       		.byte	0xf3
 586 0079 01       		.uleb128 0x1
 587 007a 53       		.byte	0x53
 588 007b 9F       		.byte	0x9f
 589 007c 00000000 		.4byte	0
 590 0080 00000000 		.4byte	0
 591              		.section	.debug_aranges,"",%progbits
 592 0000 24000000 		.4byte	0x24
 593 0004 0200     		.2byte	0x2
 594 0006 00000000 		.4byte	.Ldebug_info0
 595 000a 04       		.byte	0x4
 596 000b 00       		.byte	0
 597 000c 0000     		.2byte	0
 598 000e 0000     		.2byte	0
 599 0010 00000000 		.4byte	.LFB0
 600 0014 38000000 		.4byte	.LFE0-.LFB0
 601 0018 00000000 		.4byte	.LFB1
ARM GAS  C:\Users\rens_\AppData\Local\Temp\ccK7M78m.s 			page 14


 602 001c 0C000000 		.4byte	.LFE1-.LFB1
 603 0020 00000000 		.4byte	0
 604 0024 00000000 		.4byte	0
 605              		.section	.debug_ranges,"",%progbits
 606              	.Ldebug_ranges0:
 607 0000 00000000 		.4byte	.LFB0
 608 0004 38000000 		.4byte	.LFE0
 609 0008 00000000 		.4byte	.LFB1
 610 000c 0C000000 		.4byte	.LFE1
 611 0010 00000000 		.4byte	0
 612 0014 00000000 		.4byte	0
 613              		.section	.debug_line,"",%progbits
 614              	.Ldebug_line0:
 615 0000 88000000 		.section	.debug_str,"MS",%progbits,1
 615      02005900 
 615      00000201 
 615      FB0E0D00 
 615      01010101 
 616              	.LASF18:
 617 0000 55707065 		.ascii	"UpperSrcAddress\000"
 617      72537263 
 617      41646472 
 617      65737300 
 618              	.LASF25:
 619 0010 47656E65 		.ascii	"Generated_Source\\PSoC5\\DMA_A_Filter_dma.c\000"
 619      72617465 
 619      645F536F 
 619      75726365 
 619      5C50536F 
 620              	.LASF22:
 621 003a 4379446D 		.ascii	"CyDmaChPriority\000"
 621      61436850 
 621      72696F72 
 621      69747900 
 622              	.LASF17:
 623 004a 52657165 		.ascii	"ReqestPerBurst\000"
 623      73745065 
 623      72427572 
 623      737400
 624              	.LASF6:
 625 0059 73686F72 		.ascii	"short unsigned int\000"
 625      7420756E 
 625      7369676E 
 625      65642069 
 625      6E7400
 626              	.LASF26:
 627 006c 433A5C55 		.ascii	"C:\\Users\\rens_\\Documents\\platooning\\PSoC\\Plat"
 627      73657273 
 627      5C72656E 
 627      735F5C44 
 627      6F63756D 
 628 0099 6F6F6E69 		.ascii	"ooning\\AngleMeasurement.cydsn\000"
 628      6E675C41 
 628      6E676C65 
 628      4D656173 
 628      7572656D 
 629              	.LASF29:
ARM GAS  C:\Users\rens_\AppData\Local\Temp\ccK7M78m.s 			page 15


 630 00b7 444D415F 		.ascii	"DMA_A_Filter_DmaHandle\000"
 630      415F4669 
 630      6C746572 
 630      5F446D61 
 630      48616E64 
 631              	.LASF14:
 632 00ce 666C6F61 		.ascii	"float\000"
 632      7400
 633              	.LASF4:
 634 00d4 756E7369 		.ascii	"unsigned char\000"
 634      676E6564 
 634      20636861 
 634      7200
 635              	.LASF16:
 636 00e2 42757273 		.ascii	"BurstCount\000"
 636      74436F75 
 636      6E7400
 637              	.LASF24:
 638 00ed 474E5520 		.ascii	"GNU C11 5.4.1 20160609 (release) [ARM/embedded-5-br"
 638      43313120 
 638      352E342E 
 638      31203230 
 638      31363036 
 639 0120 616E6368 		.ascii	"anch revision 237715] -mcpu=cortex-m3 -mthumb -g -O"
 639      20726576 
 639      6973696F 
 639      6E203233 
 639      37373135 
 640 0153 73202D66 		.ascii	"s -ffunction-sections -ffat-lto-objects\000"
 640      66756E63 
 640      74696F6E 
 640      2D736563 
 640      74696F6E 
 641              	.LASF12:
 642 017b 75696E74 		.ascii	"uint8\000"
 642      3800
 643              	.LASF15:
 644 0181 646F7562 		.ascii	"double\000"
 644      6C6500
 645              	.LASF13:
 646 0188 75696E74 		.ascii	"uint16\000"
 646      313600
 647              	.LASF8:
 648 018f 6C6F6E67 		.ascii	"long unsigned int\000"
 648      20756E73 
 648      69676E65 
 648      6420696E 
 648      7400
 649              	.LASF0:
 650 01a1 756E7369 		.ascii	"unsigned int\000"
 650      676E6564 
 650      20696E74 
 650      00
 651              	.LASF9:
 652 01ae 6C6F6E67 		.ascii	"long long unsigned int\000"
 652      206C6F6E 
 652      6720756E 
ARM GAS  C:\Users\rens_\AppData\Local\Temp\ccK7M78m.s 			page 16


 652      7369676E 
 652      65642069 
 653              	.LASF19:
 654 01c5 55707065 		.ascii	"UpperDestAddress\000"
 654      72446573 
 654      74416464 
 654      72657373 
 654      00
 655              	.LASF10:
 656 01d6 73697A65 		.ascii	"sizetype\000"
 656      74797065 
 656      00
 657              	.LASF1:
 658 01df 6C6F6E67 		.ascii	"long long int\000"
 658      206C6F6E 
 658      6720696E 
 658      7400
 659              	.LASF21:
 660 01ed 4379446D 		.ascii	"CyDmaChSetExtendedAddress\000"
 660      61436853 
 660      65744578 
 660      74656E64 
 660      65644164 
 661              	.LASF11:
 662 0207 63686172 		.ascii	"char\000"
 662      00
 663              	.LASF27:
 664 020c 444D415F 		.ascii	"DMA_A_Filter_DmaInitialize\000"
 664      415F4669 
 664      6C746572 
 664      5F446D61 
 664      496E6974 
 665              	.LASF5:
 666 0227 73686F72 		.ascii	"short int\000"
 666      7420696E 
 666      7400
 667              	.LASF28:
 668 0231 444D415F 		.ascii	"DMA_A_Filter_DmaRelease\000"
 668      415F4669 
 668      6C746572 
 668      5F446D61 
 668      52656C65 
 669              	.LASF7:
 670 0249 6C6F6E67 		.ascii	"long int\000"
 670      20696E74 
 670      00
 671              	.LASF2:
 672 0252 6C6F6E67 		.ascii	"long double\000"
 672      20646F75 
 672      626C6500 
 673              	.LASF3:
 674 025e 7369676E 		.ascii	"signed char\000"
 674      65642063 
 674      68617200 
 675              	.LASF23:
 676 026a 4379446D 		.ascii	"CyDmaChDisable\000"
 676      61436844 
ARM GAS  C:\Users\rens_\AppData\Local\Temp\ccK7M78m.s 			page 17


 676      69736162 
 676      6C6500
 677              	.LASF20:
 678 0279 4379446D 		.ascii	"CyDmaChSetConfiguration\000"
 678      61436853 
 678      6574436F 
 678      6E666967 
 678      75726174 
 679              		.ident	"GCC: (GNU Tools for ARM Embedded Processors) 5.4.1 20160609 (release) [ARM/embedded-5-bran
