ARM GAS  C:\Users\ALEXAN~1\AppData\Local\Temp\cc19xefd.s 			page 1


   1              		.syntax unified
   2              		.cpu cortex-m3
   3              		.fpu softvfp
   4              		.eabi_attribute 20, 1
   5              		.eabi_attribute 21, 1
   6              		.eabi_attribute 23, 3
   7              		.eabi_attribute 24, 1
   8              		.eabi_attribute 25, 1
   9              		.eabi_attribute 26, 1
  10              		.eabi_attribute 30, 4
  11              		.eabi_attribute 34, 1
  12              		.eabi_attribute 18, 4
  13              		.thumb
  14              		.syntax unified
  15              		.file	"Filter_Coefficients.c"
  16              		.text
  17              	.Ltext0:
  18              		.cfi_sections	.debug_frame
  19              		.global	Filter_ChannelBFirCoefficients
  20              		.global	Filter_ChannelAFirCoefficients
  21              		.section	.rodata
  22              		.type	Filter_ChannelBFirCoefficients, %object
  23              		.size	Filter_ChannelBFirCoefficients, 32
  24              	Filter_ChannelBFirCoefficients:
  25 0000 9F       		.byte	-97
  26 0001 16       		.byte	22
  27 0002 01       		.byte	1
  28 0003 00       		.byte	0
  29 0004 0E       		.byte	14
  30 0005 D4       		.byte	-44
  31 0006 03       		.byte	3
  32 0007 00       		.byte	0
  33 0008 0A       		.byte	10
  34 0009 FE       		.byte	-2
  35 000a 07       		.byte	7
  36 000b 00       		.byte	0
  37 000c 05       		.byte	5
  38 000d 14       		.byte	20
  39 000e 0B       		.byte	11
  40 000f 00       		.byte	0
  41 0010 05       		.byte	5
  42 0011 14       		.byte	20
  43 0012 0B       		.byte	11
  44 0013 00       		.byte	0
  45 0014 0A       		.byte	10
  46 0015 FE       		.byte	-2
  47 0016 07       		.byte	7
  48 0017 00       		.byte	0
  49 0018 0E       		.byte	14
  50 0019 D4       		.byte	-44
  51 001a 03       		.byte	3
  52 001b 00       		.byte	0
  53 001c 9F       		.byte	-97
  54 001d 16       		.byte	22
  55 001e 01       		.byte	1
  56 001f 00       		.byte	0
  57              		.type	Filter_ChannelAFirCoefficients, %object
ARM GAS  C:\Users\ALEXAN~1\AppData\Local\Temp\cc19xefd.s 			page 2


  58              		.size	Filter_ChannelAFirCoefficients, 32
  59              	Filter_ChannelAFirCoefficients:
  60 0020 9F       		.byte	-97
  61 0021 16       		.byte	22
  62 0022 01       		.byte	1
  63 0023 00       		.byte	0
  64 0024 0E       		.byte	14
  65 0025 D4       		.byte	-44
  66 0026 03       		.byte	3
  67 0027 00       		.byte	0
  68 0028 0A       		.byte	10
  69 0029 FE       		.byte	-2
  70 002a 07       		.byte	7
  71 002b 00       		.byte	0
  72 002c 05       		.byte	5
  73 002d 14       		.byte	20
  74 002e 0B       		.byte	11
  75 002f 00       		.byte	0
  76 0030 05       		.byte	5
  77 0031 14       		.byte	20
  78 0032 0B       		.byte	11
  79 0033 00       		.byte	0
  80 0034 0A       		.byte	10
  81 0035 FE       		.byte	-2
  82 0036 07       		.byte	7
  83 0037 00       		.byte	0
  84 0038 0E       		.byte	14
  85 0039 D4       		.byte	-44
  86 003a 03       		.byte	3
  87 003b 00       		.byte	0
  88 003c 9F       		.byte	-97
  89 003d 16       		.byte	22
  90 003e 01       		.byte	1
  91 003f 00       		.byte	0
  92              		.text
  93              	.Letext0:
  94              		.file 1 "Generated_Source\\PSoC5\\Filter_Coefficients.c"
  95              		.file 2 "Generated_Source\\PSoC5\\cytypes.h"
  96              		.section	.debug_info,"",%progbits
  97              	.Ldebug_info0:
  98 0000 D0000000 		.4byte	0xd0
  99 0004 0400     		.2byte	0x4
 100 0006 00000000 		.4byte	.Ldebug_abbrev0
 101 000a 04       		.byte	0x4
 102 000b 01       		.uleb128 0x1
 103 000c E7000000 		.4byte	.LASF16
 104 0010 0C       		.byte	0xc
 105 0011 D2010000 		.4byte	.LASF17
 106 0015 7D000000 		.4byte	.LASF18
 107 0019 00000000 		.4byte	.Ldebug_line0
 108 001d 02       		.uleb128 0x2
 109 001e 04       		.byte	0x4
 110 001f 05       		.byte	0x5
 111 0020 696E7400 		.ascii	"int\000"
 112 0024 03       		.uleb128 0x3
 113 0025 04       		.byte	0x4
 114 0026 07       		.byte	0x7
ARM GAS  C:\Users\ALEXAN~1\AppData\Local\Temp\cc19xefd.s 			page 3


 115 0027 0E000000 		.4byte	.LASF0
 116 002b 03       		.uleb128 0x3
 117 002c 08       		.byte	0x8
 118 002d 05       		.byte	0x5
 119 002e 00000000 		.4byte	.LASF1
 120 0032 03       		.uleb128 0x3
 121 0033 08       		.byte	0x8
 122 0034 04       		.byte	0x4
 123 0035 94010000 		.4byte	.LASF2
 124 0039 03       		.uleb128 0x3
 125 003a 01       		.byte	0x1
 126 003b 06       		.byte	0x6
 127 003c 88010000 		.4byte	.LASF3
 128 0040 03       		.uleb128 0x3
 129 0041 01       		.byte	0x1
 130 0042 08       		.byte	0x8
 131 0043 6F000000 		.4byte	.LASF4
 132 0047 03       		.uleb128 0x3
 133 0048 02       		.byte	0x2
 134 0049 05       		.byte	0x5
 135 004a A0010000 		.4byte	.LASF5
 136 004e 03       		.uleb128 0x3
 137 004f 02       		.byte	0x2
 138 0050 07       		.byte	0x7
 139 0051 75010000 		.4byte	.LASF6
 140 0055 03       		.uleb128 0x3
 141 0056 04       		.byte	0x4
 142 0057 05       		.byte	0x5
 143 0058 D7000000 		.4byte	.LASF7
 144 005c 03       		.uleb128 0x3
 145 005d 04       		.byte	0x4
 146 005e 07       		.byte	0x7
 147 005f 21000000 		.4byte	.LASF8
 148 0063 03       		.uleb128 0x3
 149 0064 08       		.byte	0x8
 150 0065 07       		.byte	0x7
 151 0066 52000000 		.4byte	.LASF9
 152 006a 03       		.uleb128 0x3
 153 006b 04       		.byte	0x4
 154 006c 07       		.byte	0x7
 155 006d C9010000 		.4byte	.LASF10
 156 0071 03       		.uleb128 0x3
 157 0072 01       		.byte	0x1
 158 0073 08       		.byte	0x8
 159 0074 D2000000 		.4byte	.LASF11
 160 0078 04       		.uleb128 0x4
 161 0079 1B000000 		.4byte	.LASF19
 162 007d 02       		.byte	0x2
 163 007e 9201     		.2byte	0x192
 164 0080 40000000 		.4byte	0x40
 165 0084 03       		.uleb128 0x3
 166 0085 04       		.byte	0x4
 167 0086 04       		.byte	0x4
 168 0087 69000000 		.4byte	.LASF12
 169 008b 03       		.uleb128 0x3
 170 008c 08       		.byte	0x8
 171 008d 04       		.byte	0x4
ARM GAS  C:\Users\ALEXAN~1\AppData\Local\Temp\cc19xefd.s 			page 4


 172 008e E0000000 		.4byte	.LASF13
 173 0092 05       		.uleb128 0x5
 174 0093 A2000000 		.4byte	0xa2
 175 0097 A2000000 		.4byte	0xa2
 176 009b 06       		.uleb128 0x6
 177 009c 6A000000 		.4byte	0x6a
 178 00a0 1F       		.byte	0x1f
 179 00a1 00       		.byte	0
 180 00a2 07       		.uleb128 0x7
 181 00a3 78000000 		.4byte	0x78
 182 00a7 08       		.uleb128 0x8
 183 00a8 AA010000 		.4byte	.LASF14
 184 00ac 01       		.byte	0x1
 185 00ad 11       		.byte	0x11
 186 00ae B8000000 		.4byte	0xb8
 187 00b2 05       		.uleb128 0x5
 188 00b3 03       		.byte	0x3
 189 00b4 00000000 		.4byte	Filter_ChannelAFirCoefficients
 190 00b8 07       		.uleb128 0x7
 191 00b9 92000000 		.4byte	0x92
 192 00bd 08       		.uleb128 0x8
 193 00be 33000000 		.4byte	.LASF15
 194 00c2 01       		.byte	0x1
 195 00c3 31       		.byte	0x31
 196 00c4 CE000000 		.4byte	0xce
 197 00c8 05       		.uleb128 0x5
 198 00c9 03       		.byte	0x3
 199 00ca 00000000 		.4byte	Filter_ChannelBFirCoefficients
 200 00ce 07       		.uleb128 0x7
 201 00cf 92000000 		.4byte	0x92
 202 00d3 00       		.byte	0
 203              		.section	.debug_abbrev,"",%progbits
 204              	.Ldebug_abbrev0:
 205 0000 01       		.uleb128 0x1
 206 0001 11       		.uleb128 0x11
 207 0002 01       		.byte	0x1
 208 0003 25       		.uleb128 0x25
 209 0004 0E       		.uleb128 0xe
 210 0005 13       		.uleb128 0x13
 211 0006 0B       		.uleb128 0xb
 212 0007 03       		.uleb128 0x3
 213 0008 0E       		.uleb128 0xe
 214 0009 1B       		.uleb128 0x1b
 215 000a 0E       		.uleb128 0xe
 216 000b 10       		.uleb128 0x10
 217 000c 17       		.uleb128 0x17
 218 000d 00       		.byte	0
 219 000e 00       		.byte	0
 220 000f 02       		.uleb128 0x2
 221 0010 24       		.uleb128 0x24
 222 0011 00       		.byte	0
 223 0012 0B       		.uleb128 0xb
 224 0013 0B       		.uleb128 0xb
 225 0014 3E       		.uleb128 0x3e
 226 0015 0B       		.uleb128 0xb
 227 0016 03       		.uleb128 0x3
 228 0017 08       		.uleb128 0x8
ARM GAS  C:\Users\ALEXAN~1\AppData\Local\Temp\cc19xefd.s 			page 5


 229 0018 00       		.byte	0
 230 0019 00       		.byte	0
 231 001a 03       		.uleb128 0x3
 232 001b 24       		.uleb128 0x24
 233 001c 00       		.byte	0
 234 001d 0B       		.uleb128 0xb
 235 001e 0B       		.uleb128 0xb
 236 001f 3E       		.uleb128 0x3e
 237 0020 0B       		.uleb128 0xb
 238 0021 03       		.uleb128 0x3
 239 0022 0E       		.uleb128 0xe
 240 0023 00       		.byte	0
 241 0024 00       		.byte	0
 242 0025 04       		.uleb128 0x4
 243 0026 16       		.uleb128 0x16
 244 0027 00       		.byte	0
 245 0028 03       		.uleb128 0x3
 246 0029 0E       		.uleb128 0xe
 247 002a 3A       		.uleb128 0x3a
 248 002b 0B       		.uleb128 0xb
 249 002c 3B       		.uleb128 0x3b
 250 002d 05       		.uleb128 0x5
 251 002e 49       		.uleb128 0x49
 252 002f 13       		.uleb128 0x13
 253 0030 00       		.byte	0
 254 0031 00       		.byte	0
 255 0032 05       		.uleb128 0x5
 256 0033 01       		.uleb128 0x1
 257 0034 01       		.byte	0x1
 258 0035 49       		.uleb128 0x49
 259 0036 13       		.uleb128 0x13
 260 0037 01       		.uleb128 0x1
 261 0038 13       		.uleb128 0x13
 262 0039 00       		.byte	0
 263 003a 00       		.byte	0
 264 003b 06       		.uleb128 0x6
 265 003c 21       		.uleb128 0x21
 266 003d 00       		.byte	0
 267 003e 49       		.uleb128 0x49
 268 003f 13       		.uleb128 0x13
 269 0040 2F       		.uleb128 0x2f
 270 0041 0B       		.uleb128 0xb
 271 0042 00       		.byte	0
 272 0043 00       		.byte	0
 273 0044 07       		.uleb128 0x7
 274 0045 26       		.uleb128 0x26
 275 0046 00       		.byte	0
 276 0047 49       		.uleb128 0x49
 277 0048 13       		.uleb128 0x13
 278 0049 00       		.byte	0
 279 004a 00       		.byte	0
 280 004b 08       		.uleb128 0x8
 281 004c 34       		.uleb128 0x34
 282 004d 00       		.byte	0
 283 004e 03       		.uleb128 0x3
 284 004f 0E       		.uleb128 0xe
 285 0050 3A       		.uleb128 0x3a
ARM GAS  C:\Users\ALEXAN~1\AppData\Local\Temp\cc19xefd.s 			page 6


 286 0051 0B       		.uleb128 0xb
 287 0052 3B       		.uleb128 0x3b
 288 0053 0B       		.uleb128 0xb
 289 0054 49       		.uleb128 0x49
 290 0055 13       		.uleb128 0x13
 291 0056 3F       		.uleb128 0x3f
 292 0057 19       		.uleb128 0x19
 293 0058 02       		.uleb128 0x2
 294 0059 18       		.uleb128 0x18
 295 005a 00       		.byte	0
 296 005b 00       		.byte	0
 297 005c 00       		.byte	0
 298              		.section	.debug_aranges,"",%progbits
 299 0000 14000000 		.4byte	0x14
 300 0004 0200     		.2byte	0x2
 301 0006 00000000 		.4byte	.Ldebug_info0
 302 000a 04       		.byte	0x4
 303 000b 00       		.byte	0
 304 000c 0000     		.2byte	0
 305 000e 0000     		.2byte	0
 306 0010 00000000 		.4byte	0
 307 0014 00000000 		.4byte	0
 308              		.section	.debug_line,"",%progbits
 309              	.Ldebug_line0:
 310 0000 56000000 		.section	.debug_str,"MS",%progbits,1
 310      02005000 
 310      00000201 
 310      FB0E0D00 
 310      01010101 
 311              	.LASF1:
 312 0000 6C6F6E67 		.ascii	"long long int\000"
 312      206C6F6E 
 312      6720696E 
 312      7400
 313              	.LASF0:
 314 000e 756E7369 		.ascii	"unsigned int\000"
 314      676E6564 
 314      20696E74 
 314      00
 315              	.LASF19:
 316 001b 75696E74 		.ascii	"uint8\000"
 316      3800
 317              	.LASF8:
 318 0021 6C6F6E67 		.ascii	"long unsigned int\000"
 318      20756E73 
 318      69676E65 
 318      6420696E 
 318      7400
 319              	.LASF15:
 320 0033 46696C74 		.ascii	"Filter_ChannelBFirCoefficients\000"
 320      65725F43 
 320      68616E6E 
 320      656C4246 
 320      6972436F 
 321              	.LASF9:
 322 0052 6C6F6E67 		.ascii	"long long unsigned int\000"
 322      206C6F6E 
ARM GAS  C:\Users\ALEXAN~1\AppData\Local\Temp\cc19xefd.s 			page 7


 322      6720756E 
 322      7369676E 
 322      65642069 
 323              	.LASF12:
 324 0069 666C6F61 		.ascii	"float\000"
 324      7400
 325              	.LASF4:
 326 006f 756E7369 		.ascii	"unsigned char\000"
 326      676E6564 
 326      20636861 
 326      7200
 327              	.LASF18:
 328 007d 433A5C55 		.ascii	"C:\\Users\\Alexander Nielsen\\Desktop\\platooning\\"
 328      73657273 
 328      5C416C65 
 328      78616E64 
 328      6572204E 
 329 00ab 50536F43 		.ascii	"PSoC\\Platooning\\AngleMeasurement.cydsn\000"
 329      5C506C61 
 329      746F6F6E 
 329      696E675C 
 329      416E676C 
 330              	.LASF11:
 331 00d2 63686172 		.ascii	"char\000"
 331      00
 332              	.LASF7:
 333 00d7 6C6F6E67 		.ascii	"long int\000"
 333      20696E74 
 333      00
 334              	.LASF13:
 335 00e0 646F7562 		.ascii	"double\000"
 335      6C6500
 336              	.LASF16:
 337 00e7 474E5520 		.ascii	"GNU C11 5.4.1 20160609 (release) [ARM/embedded-5-br"
 337      43313120 
 337      352E342E 
 337      31203230 
 337      31363036 
 338 011a 616E6368 		.ascii	"anch revision 237715] -mcpu=cortex-m3 -mthumb -g -O"
 338      20726576 
 338      6973696F 
 338      6E203233 
 338      37373135 
 339 014d 73202D66 		.ascii	"s -ffunction-sections -ffat-lto-objects\000"
 339      66756E63 
 339      74696F6E 
 339      2D736563 
 339      74696F6E 
 340              	.LASF6:
 341 0175 73686F72 		.ascii	"short unsigned int\000"
 341      7420756E 
 341      7369676E 
 341      65642069 
 341      6E7400
 342              	.LASF3:
 343 0188 7369676E 		.ascii	"signed char\000"
 343      65642063 
ARM GAS  C:\Users\ALEXAN~1\AppData\Local\Temp\cc19xefd.s 			page 8


 343      68617200 
 344              	.LASF2:
 345 0194 6C6F6E67 		.ascii	"long double\000"
 345      20646F75 
 345      626C6500 
 346              	.LASF5:
 347 01a0 73686F72 		.ascii	"short int\000"
 347      7420696E 
 347      7400
 348              	.LASF14:
 349 01aa 46696C74 		.ascii	"Filter_ChannelAFirCoefficients\000"
 349      65725F43 
 349      68616E6E 
 349      656C4146 
 349      6972436F 
 350              	.LASF10:
 351 01c9 73697A65 		.ascii	"sizetype\000"
 351      74797065 
 351      00
 352              	.LASF17:
 353 01d2 47656E65 		.ascii	"Generated_Source\\PSoC5\\Filter_Coefficients.c\000"
 353      72617465 
 353      645F536F 
 353      75726365 
 353      5C50536F 
 354              		.ident	"GCC: (GNU Tools for ARM Embedded Processors) 5.4.1 20160609 (release) [ARM/embedded-5-bran
