ARM GAS  C:\Users\rens_\AppData\Local\Temp\ccvDZ4kT.s 			page 1


   1              		.syntax unified
   2              		.cpu cortex-m3
   3              		.fpu softvfp
   4              		.eabi_attribute 20, 1
   5              		.eabi_attribute 21, 1
   6              		.eabi_attribute 23, 3
   7              		.eabi_attribute 24, 1
   8              		.eabi_attribute 25, 1
   9              		.eabi_attribute 26, 1
  10              		.eabi_attribute 30, 4
  11              		.eabi_attribute 34, 1
  12              		.eabi_attribute 18, 4
  13              		.thumb
  14              		.syntax unified
  15              		.file	"Filter_RAM_Data.c"
  16              		.text
  17              	.Ltext0:
  18              		.cfi_sections	.debug_frame
  19              		.global	Filter_cfsm
  20              		.global	Filter_acu
  21              		.global	Filter_data_b
  22              		.global	Filter_data_a
  23              		.global	Filter_control
  24              		.section	.rodata
  25              		.type	Filter_cfsm, %object
  26              		.size	Filter_cfsm, 256
  27              	Filter_cfsm:
  28 0000 21       		.byte	33
  29 0001 F8       		.byte	-8
  30 0002 05       		.byte	5
  31 0003 01       		.byte	1
  32 0004 44       		.byte	68
  33 0005 F8       		.byte	-8
  34 0006 0B       		.byte	11
  35 0007 40       		.byte	64
  36 0008 67       		.byte	103
  37 0009 F8       		.byte	-8
  38 000a 1B       		.byte	27
  39 000b 80       		.byte	-128
  40 000c 81       		.byte	-127
  41 000d F8       		.byte	-8
  42 000e 05       		.byte	5
  43 000f 01       		.byte	1
  44 0010 A6       		.byte	-90
  45 0011 F8       		.byte	-8
  46 0012 19       		.byte	25
  47 0013 01       		.byte	1
  48 0014 C2       		.byte	-62
  49 0015 F8       		.byte	-8
  50 0016 07       		.byte	7
  51 0017 01       		.byte	1
  52 0018 85       		.byte	-123
  53 0019 61       		.byte	97
  54 001a 92       		.byte	-110
  55 001b 21       		.byte	33
  56 001c 09       		.byte	9
  57 001d F9       		.byte	-7
ARM GAS  C:\Users\rens_\AppData\Local\Temp\ccvDZ4kT.s 			page 2


  58 001e 29       		.byte	41
  59 001f 01       		.byte	1
  60 0020 21       		.byte	33
  61 0021 F9       		.byte	-7
  62 0022 05       		.byte	5
  63 0023 01       		.byte	1
  64 0024 88       		.byte	-120
  65 0025 A2       		.byte	-94
  66 0026 A2       		.byte	-94
  67 0027 21       		.byte	33
  68 0028 00       		.byte	0
  69 0029 00       		.byte	0
  70 002a 00       		.byte	0
  71 002b 00       		.byte	0
  72 002c 00       		.byte	0
  73 002d 00       		.byte	0
  74 002e 00       		.byte	0
  75 002f 00       		.byte	0
  76 0030 00       		.byte	0
  77 0031 00       		.byte	0
  78 0032 00       		.byte	0
  79 0033 00       		.byte	0
  80 0034 00       		.byte	0
  81 0035 00       		.byte	0
  82 0036 00       		.byte	0
  83 0037 00       		.byte	0
  84 0038 00       		.byte	0
  85 0039 00       		.byte	0
  86 003a 00       		.byte	0
  87 003b 00       		.byte	0
  88 003c 00       		.byte	0
  89 003d 00       		.byte	0
  90 003e 00       		.byte	0
  91 003f 00       		.byte	0
  92 0040 00       		.byte	0
  93 0041 00       		.byte	0
  94 0042 00       		.byte	0
  95 0043 00       		.byte	0
  96 0044 00       		.byte	0
  97 0045 00       		.byte	0
  98 0046 00       		.byte	0
  99 0047 00       		.byte	0
 100 0048 00       		.byte	0
 101 0049 00       		.byte	0
 102 004a 00       		.byte	0
 103 004b 00       		.byte	0
 104 004c 00       		.byte	0
 105 004d 00       		.byte	0
 106 004e 00       		.byte	0
 107 004f 00       		.byte	0
 108 0050 00       		.byte	0
 109 0051 00       		.byte	0
 110 0052 00       		.byte	0
 111 0053 00       		.byte	0
 112 0054 00       		.byte	0
 113 0055 00       		.byte	0
 114 0056 00       		.byte	0
ARM GAS  C:\Users\rens_\AppData\Local\Temp\ccvDZ4kT.s 			page 3


 115 0057 00       		.byte	0
 116 0058 00       		.byte	0
 117 0059 00       		.byte	0
 118 005a 00       		.byte	0
 119 005b 00       		.byte	0
 120 005c 00       		.byte	0
 121 005d 00       		.byte	0
 122 005e 00       		.byte	0
 123 005f 00       		.byte	0
 124 0060 00       		.byte	0
 125 0061 00       		.byte	0
 126 0062 00       		.byte	0
 127 0063 00       		.byte	0
 128 0064 00       		.byte	0
 129 0065 00       		.byte	0
 130 0066 00       		.byte	0
 131 0067 00       		.byte	0
 132 0068 00       		.byte	0
 133 0069 00       		.byte	0
 134 006a 00       		.byte	0
 135 006b 00       		.byte	0
 136 006c 00       		.byte	0
 137 006d 00       		.byte	0
 138 006e 00       		.byte	0
 139 006f 00       		.byte	0
 140 0070 00       		.byte	0
 141 0071 00       		.byte	0
 142 0072 00       		.byte	0
 143 0073 00       		.byte	0
 144 0074 00       		.byte	0
 145 0075 00       		.byte	0
 146 0076 00       		.byte	0
 147 0077 00       		.byte	0
 148 0078 00       		.byte	0
 149 0079 00       		.byte	0
 150 007a 00       		.byte	0
 151 007b 00       		.byte	0
 152 007c 00       		.byte	0
 153 007d 00       		.byte	0
 154 007e 00       		.byte	0
 155 007f 00       		.byte	0
 156 0080 00       		.byte	0
 157 0081 00       		.byte	0
 158 0082 00       		.byte	0
 159 0083 00       		.byte	0
 160 0084 00       		.byte	0
 161 0085 00       		.byte	0
 162 0086 00       		.byte	0
 163 0087 00       		.byte	0
 164 0088 00       		.byte	0
 165 0089 00       		.byte	0
 166 008a 00       		.byte	0
 167 008b 00       		.byte	0
 168 008c 00       		.byte	0
 169 008d 00       		.byte	0
 170 008e 00       		.byte	0
 171 008f 00       		.byte	0
ARM GAS  C:\Users\rens_\AppData\Local\Temp\ccvDZ4kT.s 			page 4


 172 0090 00       		.byte	0
 173 0091 00       		.byte	0
 174 0092 00       		.byte	0
 175 0093 00       		.byte	0
 176 0094 00       		.byte	0
 177 0095 00       		.byte	0
 178 0096 00       		.byte	0
 179 0097 00       		.byte	0
 180 0098 00       		.byte	0
 181 0099 00       		.byte	0
 182 009a 00       		.byte	0
 183 009b 00       		.byte	0
 184 009c 00       		.byte	0
 185 009d 00       		.byte	0
 186 009e 00       		.byte	0
 187 009f 00       		.byte	0
 188 00a0 00       		.byte	0
 189 00a1 00       		.byte	0
 190 00a2 00       		.byte	0
 191 00a3 00       		.byte	0
 192 00a4 00       		.byte	0
 193 00a5 00       		.byte	0
 194 00a6 00       		.byte	0
 195 00a7 00       		.byte	0
 196 00a8 00       		.byte	0
 197 00a9 00       		.byte	0
 198 00aa 00       		.byte	0
 199 00ab 00       		.byte	0
 200 00ac 00       		.byte	0
 201 00ad 00       		.byte	0
 202 00ae 00       		.byte	0
 203 00af 00       		.byte	0
 204 00b0 00       		.byte	0
 205 00b1 00       		.byte	0
 206 00b2 00       		.byte	0
 207 00b3 00       		.byte	0
 208 00b4 00       		.byte	0
 209 00b5 00       		.byte	0
 210 00b6 00       		.byte	0
 211 00b7 00       		.byte	0
 212 00b8 00       		.byte	0
 213 00b9 00       		.byte	0
 214 00ba 00       		.byte	0
 215 00bb 00       		.byte	0
 216 00bc 00       		.byte	0
 217 00bd 00       		.byte	0
 218 00be 00       		.byte	0
 219 00bf 00       		.byte	0
 220 00c0 00       		.byte	0
 221 00c1 00       		.byte	0
 222 00c2 00       		.byte	0
 223 00c3 00       		.byte	0
 224 00c4 00       		.byte	0
 225 00c5 00       		.byte	0
 226 00c6 00       		.byte	0
 227 00c7 00       		.byte	0
 228 00c8 00       		.byte	0
ARM GAS  C:\Users\rens_\AppData\Local\Temp\ccvDZ4kT.s 			page 5


 229 00c9 00       		.byte	0
 230 00ca 00       		.byte	0
 231 00cb 00       		.byte	0
 232 00cc 00       		.byte	0
 233 00cd 00       		.byte	0
 234 00ce 00       		.byte	0
 235 00cf 00       		.byte	0
 236 00d0 00       		.byte	0
 237 00d1 00       		.byte	0
 238 00d2 00       		.byte	0
 239 00d3 00       		.byte	0
 240 00d4 00       		.byte	0
 241 00d5 00       		.byte	0
 242 00d6 00       		.byte	0
 243 00d7 00       		.byte	0
 244 00d8 00       		.byte	0
 245 00d9 00       		.byte	0
 246 00da 00       		.byte	0
 247 00db 00       		.byte	0
 248 00dc 00       		.byte	0
 249 00dd 00       		.byte	0
 250 00de 00       		.byte	0
 251 00df 00       		.byte	0
 252 00e0 00       		.byte	0
 253 00e1 00       		.byte	0
 254 00e2 00       		.byte	0
 255 00e3 00       		.byte	0
 256 00e4 00       		.byte	0
 257 00e5 00       		.byte	0
 258 00e6 00       		.byte	0
 259 00e7 00       		.byte	0
 260 00e8 00       		.byte	0
 261 00e9 00       		.byte	0
 262 00ea 00       		.byte	0
 263 00eb 00       		.byte	0
 264 00ec 00       		.byte	0
 265 00ed 00       		.byte	0
 266 00ee 00       		.byte	0
 267 00ef 00       		.byte	0
 268 00f0 00       		.byte	0
 269 00f1 00       		.byte	0
 270 00f2 00       		.byte	0
 271 00f3 00       		.byte	0
 272 00f4 00       		.byte	0
 273 00f5 00       		.byte	0
 274 00f6 00       		.byte	0
 275 00f7 00       		.byte	0
 276 00f8 00       		.byte	0
 277 00f9 00       		.byte	0
 278 00fa 00       		.byte	0
 279 00fb 00       		.byte	0
 280 00fc 00       		.byte	0
 281 00fd 00       		.byte	0
 282 00fe 00       		.byte	0
 283 00ff 00       		.byte	0
 284              		.type	Filter_acu, %object
 285              		.size	Filter_acu, 64
ARM GAS  C:\Users\rens_\AppData\Local\Temp\ccvDZ4kT.s 			page 6


 286              	Filter_acu:
 287 0100 87       		.byte	-121
 288 0101 03       		.byte	3
 289 0102 00       		.byte	0
 290 0103 00       		.byte	0
 291 0104 00       		.byte	0
 292 0105 00       		.byte	0
 293 0106 00       		.byte	0
 294 0107 00       		.byte	0
 295 0108 00       		.byte	0
 296 0109 00       		.byte	0
 297 010a 00       		.byte	0
 298 010b 00       		.byte	0
 299 010c 8F       		.byte	-113
 300 010d 07       		.byte	7
 301 010e 00       		.byte	0
 302 010f 00       		.byte	0
 303 0110 08       		.byte	8
 304 0111 04       		.byte	4
 305 0112 00       		.byte	0
 306 0113 00       		.byte	0
 307 0114 08       		.byte	8
 308 0115 04       		.byte	4
 309 0116 00       		.byte	0
 310 0117 00       		.byte	0
 311 0118 00       		.byte	0
 312 0119 00       		.byte	0
 313 011a 00       		.byte	0
 314 011b 00       		.byte	0
 315 011c 00       		.byte	0
 316 011d 00       		.byte	0
 317 011e 00       		.byte	0
 318 011f 00       		.byte	0
 319 0120 00       		.byte	0
 320 0121 00       		.byte	0
 321 0122 00       		.byte	0
 322 0123 00       		.byte	0
 323 0124 00       		.byte	0
 324 0125 00       		.byte	0
 325 0126 00       		.byte	0
 326 0127 00       		.byte	0
 327 0128 00       		.byte	0
 328 0129 00       		.byte	0
 329 012a 00       		.byte	0
 330 012b 00       		.byte	0
 331 012c 00       		.byte	0
 332 012d 00       		.byte	0
 333 012e 00       		.byte	0
 334 012f 00       		.byte	0
 335 0130 00       		.byte	0
 336 0131 00       		.byte	0
 337 0132 00       		.byte	0
 338 0133 00       		.byte	0
 339 0134 00       		.byte	0
 340 0135 00       		.byte	0
 341 0136 00       		.byte	0
 342 0137 00       		.byte	0
ARM GAS  C:\Users\rens_\AppData\Local\Temp\ccvDZ4kT.s 			page 7


 343 0138 00       		.byte	0
 344 0139 00       		.byte	0
 345 013a 00       		.byte	0
 346 013b 00       		.byte	0
 347 013c 00       		.byte	0
 348 013d 00       		.byte	0
 349 013e 00       		.byte	0
 350 013f 00       		.byte	0
 351              		.type	Filter_data_b, %object
 352              		.size	Filter_data_b, 512
 353              	Filter_data_b:
 354 0140 9F       		.byte	-97
 355 0141 16       		.byte	22
 356 0142 01       		.byte	1
 357 0143 00       		.byte	0
 358 0144 0E       		.byte	14
 359 0145 D4       		.byte	-44
 360 0146 03       		.byte	3
 361 0147 00       		.byte	0
 362 0148 0A       		.byte	10
 363 0149 FE       		.byte	-2
 364 014a 07       		.byte	7
 365 014b 00       		.byte	0
 366 014c 05       		.byte	5
 367 014d 14       		.byte	20
 368 014e 0B       		.byte	11
 369 014f 00       		.byte	0
 370 0150 05       		.byte	5
 371 0151 14       		.byte	20
 372 0152 0B       		.byte	11
 373 0153 00       		.byte	0
 374 0154 0A       		.byte	10
 375 0155 FE       		.byte	-2
 376 0156 07       		.byte	7
 377 0157 00       		.byte	0
 378 0158 0E       		.byte	14
 379 0159 D4       		.byte	-44
 380 015a 03       		.byte	3
 381 015b 00       		.byte	0
 382 015c 9F       		.byte	-97
 383 015d 16       		.byte	22
 384 015e 01       		.byte	1
 385 015f 00       		.byte	0
 386 0160 9F       		.byte	-97
 387 0161 16       		.byte	22
 388 0162 01       		.byte	1
 389 0163 00       		.byte	0
 390 0164 0E       		.byte	14
 391 0165 D4       		.byte	-44
 392 0166 03       		.byte	3
 393 0167 00       		.byte	0
 394 0168 0A       		.byte	10
 395 0169 FE       		.byte	-2
 396 016a 07       		.byte	7
 397 016b 00       		.byte	0
 398 016c 05       		.byte	5
 399 016d 14       		.byte	20
ARM GAS  C:\Users\rens_\AppData\Local\Temp\ccvDZ4kT.s 			page 8


 400 016e 0B       		.byte	11
 401 016f 00       		.byte	0
 402 0170 05       		.byte	5
 403 0171 14       		.byte	20
 404 0172 0B       		.byte	11
 405 0173 00       		.byte	0
 406 0174 0A       		.byte	10
 407 0175 FE       		.byte	-2
 408 0176 07       		.byte	7
 409 0177 00       		.byte	0
 410 0178 0E       		.byte	14
 411 0179 D4       		.byte	-44
 412 017a 03       		.byte	3
 413 017b 00       		.byte	0
 414 017c 9F       		.byte	-97
 415 017d 16       		.byte	22
 416 017e 01       		.byte	1
 417 017f 00       		.byte	0
 418 0180 00       		.byte	0
 419 0181 00       		.byte	0
 420 0182 00       		.byte	0
 421 0183 00       		.byte	0
 422 0184 00       		.byte	0
 423 0185 00       		.byte	0
 424 0186 00       		.byte	0
 425 0187 00       		.byte	0
 426 0188 00       		.byte	0
 427 0189 00       		.byte	0
 428 018a 00       		.byte	0
 429 018b 00       		.byte	0
 430 018c 00       		.byte	0
 431 018d 00       		.byte	0
 432 018e 00       		.byte	0
 433 018f 00       		.byte	0
 434 0190 00       		.byte	0
 435 0191 00       		.byte	0
 436 0192 00       		.byte	0
 437 0193 00       		.byte	0
 438 0194 00       		.byte	0
 439 0195 00       		.byte	0
 440 0196 00       		.byte	0
 441 0197 00       		.byte	0
 442 0198 00       		.byte	0
 443 0199 00       		.byte	0
 444 019a 00       		.byte	0
 445 019b 00       		.byte	0
 446 019c 00       		.byte	0
 447 019d 00       		.byte	0
 448 019e 00       		.byte	0
 449 019f 00       		.byte	0
 450 01a0 00       		.byte	0
 451 01a1 00       		.byte	0
 452 01a2 00       		.byte	0
 453 01a3 00       		.byte	0
 454 01a4 00       		.byte	0
 455 01a5 00       		.byte	0
 456 01a6 00       		.byte	0
ARM GAS  C:\Users\rens_\AppData\Local\Temp\ccvDZ4kT.s 			page 9


 457 01a7 00       		.byte	0
 458 01a8 00       		.byte	0
 459 01a9 00       		.byte	0
 460 01aa 00       		.byte	0
 461 01ab 00       		.byte	0
 462 01ac 00       		.byte	0
 463 01ad 00       		.byte	0
 464 01ae 00       		.byte	0
 465 01af 00       		.byte	0
 466 01b0 00       		.byte	0
 467 01b1 00       		.byte	0
 468 01b2 00       		.byte	0
 469 01b3 00       		.byte	0
 470 01b4 00       		.byte	0
 471 01b5 00       		.byte	0
 472 01b6 00       		.byte	0
 473 01b7 00       		.byte	0
 474 01b8 00       		.byte	0
 475 01b9 00       		.byte	0
 476 01ba 00       		.byte	0
 477 01bb 00       		.byte	0
 478 01bc 00       		.byte	0
 479 01bd 00       		.byte	0
 480 01be 00       		.byte	0
 481 01bf 00       		.byte	0
 482 01c0 00       		.byte	0
 483 01c1 00       		.byte	0
 484 01c2 00       		.byte	0
 485 01c3 00       		.byte	0
 486 01c4 00       		.byte	0
 487 01c5 00       		.byte	0
 488 01c6 00       		.byte	0
 489 01c7 00       		.byte	0
 490 01c8 00       		.byte	0
 491 01c9 00       		.byte	0
 492 01ca 00       		.byte	0
 493 01cb 00       		.byte	0
 494 01cc 00       		.byte	0
 495 01cd 00       		.byte	0
 496 01ce 00       		.byte	0
 497 01cf 00       		.byte	0
 498 01d0 00       		.byte	0
 499 01d1 00       		.byte	0
 500 01d2 00       		.byte	0
 501 01d3 00       		.byte	0
 502 01d4 00       		.byte	0
 503 01d5 00       		.byte	0
 504 01d6 00       		.byte	0
 505 01d7 00       		.byte	0
 506 01d8 00       		.byte	0
 507 01d9 00       		.byte	0
 508 01da 00       		.byte	0
 509 01db 00       		.byte	0
 510 01dc 00       		.byte	0
 511 01dd 00       		.byte	0
 512 01de 00       		.byte	0
 513 01df 00       		.byte	0
ARM GAS  C:\Users\rens_\AppData\Local\Temp\ccvDZ4kT.s 			page 10


 514 01e0 00       		.byte	0
 515 01e1 00       		.byte	0
 516 01e2 00       		.byte	0
 517 01e3 00       		.byte	0
 518 01e4 00       		.byte	0
 519 01e5 00       		.byte	0
 520 01e6 00       		.byte	0
 521 01e7 00       		.byte	0
 522 01e8 00       		.byte	0
 523 01e9 00       		.byte	0
 524 01ea 00       		.byte	0
 525 01eb 00       		.byte	0
 526 01ec 00       		.byte	0
 527 01ed 00       		.byte	0
 528 01ee 00       		.byte	0
 529 01ef 00       		.byte	0
 530 01f0 00       		.byte	0
 531 01f1 00       		.byte	0
 532 01f2 00       		.byte	0
 533 01f3 00       		.byte	0
 534 01f4 00       		.byte	0
 535 01f5 00       		.byte	0
 536 01f6 00       		.byte	0
 537 01f7 00       		.byte	0
 538 01f8 00       		.byte	0
 539 01f9 00       		.byte	0
 540 01fa 00       		.byte	0
 541 01fb 00       		.byte	0
 542 01fc 00       		.byte	0
 543 01fd 00       		.byte	0
 544 01fe 00       		.byte	0
 545 01ff 00       		.byte	0
 546 0200 00       		.byte	0
 547 0201 00       		.byte	0
 548 0202 00       		.byte	0
 549 0203 00       		.byte	0
 550 0204 00       		.byte	0
 551 0205 00       		.byte	0
 552 0206 00       		.byte	0
 553 0207 00       		.byte	0
 554 0208 00       		.byte	0
 555 0209 00       		.byte	0
 556 020a 00       		.byte	0
 557 020b 00       		.byte	0
 558 020c 00       		.byte	0
 559 020d 00       		.byte	0
 560 020e 00       		.byte	0
 561 020f 00       		.byte	0
 562 0210 00       		.byte	0
 563 0211 00       		.byte	0
 564 0212 00       		.byte	0
 565 0213 00       		.byte	0
 566 0214 00       		.byte	0
 567 0215 00       		.byte	0
 568 0216 00       		.byte	0
 569 0217 00       		.byte	0
 570 0218 00       		.byte	0
ARM GAS  C:\Users\rens_\AppData\Local\Temp\ccvDZ4kT.s 			page 11


 571 0219 00       		.byte	0
 572 021a 00       		.byte	0
 573 021b 00       		.byte	0
 574 021c 00       		.byte	0
 575 021d 00       		.byte	0
 576 021e 00       		.byte	0
 577 021f 00       		.byte	0
 578 0220 00       		.byte	0
 579 0221 00       		.byte	0
 580 0222 00       		.byte	0
 581 0223 00       		.byte	0
 582 0224 00       		.byte	0
 583 0225 00       		.byte	0
 584 0226 00       		.byte	0
 585 0227 00       		.byte	0
 586 0228 00       		.byte	0
 587 0229 00       		.byte	0
 588 022a 00       		.byte	0
 589 022b 00       		.byte	0
 590 022c 00       		.byte	0
 591 022d 00       		.byte	0
 592 022e 00       		.byte	0
 593 022f 00       		.byte	0
 594 0230 00       		.byte	0
 595 0231 00       		.byte	0
 596 0232 00       		.byte	0
 597 0233 00       		.byte	0
 598 0234 00       		.byte	0
 599 0235 00       		.byte	0
 600 0236 00       		.byte	0
 601 0237 00       		.byte	0
 602 0238 00       		.byte	0
 603 0239 00       		.byte	0
 604 023a 00       		.byte	0
 605 023b 00       		.byte	0
 606 023c 00       		.byte	0
 607 023d 00       		.byte	0
 608 023e 00       		.byte	0
 609 023f 00       		.byte	0
 610 0240 00       		.byte	0
 611 0241 00       		.byte	0
 612 0242 00       		.byte	0
 613 0243 00       		.byte	0
 614 0244 00       		.byte	0
 615 0245 00       		.byte	0
 616 0246 00       		.byte	0
 617 0247 00       		.byte	0
 618 0248 00       		.byte	0
 619 0249 00       		.byte	0
 620 024a 00       		.byte	0
 621 024b 00       		.byte	0
 622 024c 00       		.byte	0
 623 024d 00       		.byte	0
 624 024e 00       		.byte	0
 625 024f 00       		.byte	0
 626 0250 00       		.byte	0
 627 0251 00       		.byte	0
ARM GAS  C:\Users\rens_\AppData\Local\Temp\ccvDZ4kT.s 			page 12


 628 0252 00       		.byte	0
 629 0253 00       		.byte	0
 630 0254 00       		.byte	0
 631 0255 00       		.byte	0
 632 0256 00       		.byte	0
 633 0257 00       		.byte	0
 634 0258 00       		.byte	0
 635 0259 00       		.byte	0
 636 025a 00       		.byte	0
 637 025b 00       		.byte	0
 638 025c 00       		.byte	0
 639 025d 00       		.byte	0
 640 025e 00       		.byte	0
 641 025f 00       		.byte	0
 642 0260 00       		.byte	0
 643 0261 00       		.byte	0
 644 0262 00       		.byte	0
 645 0263 00       		.byte	0
 646 0264 00       		.byte	0
 647 0265 00       		.byte	0
 648 0266 00       		.byte	0
 649 0267 00       		.byte	0
 650 0268 00       		.byte	0
 651 0269 00       		.byte	0
 652 026a 00       		.byte	0
 653 026b 00       		.byte	0
 654 026c 00       		.byte	0
 655 026d 00       		.byte	0
 656 026e 00       		.byte	0
 657 026f 00       		.byte	0
 658 0270 00       		.byte	0
 659 0271 00       		.byte	0
 660 0272 00       		.byte	0
 661 0273 00       		.byte	0
 662 0274 00       		.byte	0
 663 0275 00       		.byte	0
 664 0276 00       		.byte	0
 665 0277 00       		.byte	0
 666 0278 00       		.byte	0
 667 0279 00       		.byte	0
 668 027a 00       		.byte	0
 669 027b 00       		.byte	0
 670 027c 00       		.byte	0
 671 027d 00       		.byte	0
 672 027e 00       		.byte	0
 673 027f 00       		.byte	0
 674 0280 00       		.byte	0
 675 0281 00       		.byte	0
 676 0282 00       		.byte	0
 677 0283 00       		.byte	0
 678 0284 00       		.byte	0
 679 0285 00       		.byte	0
 680 0286 00       		.byte	0
 681 0287 00       		.byte	0
 682 0288 00       		.byte	0
 683 0289 00       		.byte	0
 684 028a 00       		.byte	0
ARM GAS  C:\Users\rens_\AppData\Local\Temp\ccvDZ4kT.s 			page 13


 685 028b 00       		.byte	0
 686 028c 00       		.byte	0
 687 028d 00       		.byte	0
 688 028e 00       		.byte	0
 689 028f 00       		.byte	0
 690 0290 00       		.byte	0
 691 0291 00       		.byte	0
 692 0292 00       		.byte	0
 693 0293 00       		.byte	0
 694 0294 00       		.byte	0
 695 0295 00       		.byte	0
 696 0296 00       		.byte	0
 697 0297 00       		.byte	0
 698 0298 00       		.byte	0
 699 0299 00       		.byte	0
 700 029a 00       		.byte	0
 701 029b 00       		.byte	0
 702 029c 00       		.byte	0
 703 029d 00       		.byte	0
 704 029e 00       		.byte	0
 705 029f 00       		.byte	0
 706 02a0 00       		.byte	0
 707 02a1 00       		.byte	0
 708 02a2 00       		.byte	0
 709 02a3 00       		.byte	0
 710 02a4 00       		.byte	0
 711 02a5 00       		.byte	0
 712 02a6 00       		.byte	0
 713 02a7 00       		.byte	0
 714 02a8 00       		.byte	0
 715 02a9 00       		.byte	0
 716 02aa 00       		.byte	0
 717 02ab 00       		.byte	0
 718 02ac 00       		.byte	0
 719 02ad 00       		.byte	0
 720 02ae 00       		.byte	0
 721 02af 00       		.byte	0
 722 02b0 00       		.byte	0
 723 02b1 00       		.byte	0
 724 02b2 00       		.byte	0
 725 02b3 00       		.byte	0
 726 02b4 00       		.byte	0
 727 02b5 00       		.byte	0
 728 02b6 00       		.byte	0
 729 02b7 00       		.byte	0
 730 02b8 00       		.byte	0
 731 02b9 00       		.byte	0
 732 02ba 00       		.byte	0
 733 02bb 00       		.byte	0
 734 02bc 00       		.byte	0
 735 02bd 00       		.byte	0
 736 02be 00       		.byte	0
 737 02bf 00       		.byte	0
 738 02c0 00       		.byte	0
 739 02c1 00       		.byte	0
 740 02c2 00       		.byte	0
 741 02c3 00       		.byte	0
ARM GAS  C:\Users\rens_\AppData\Local\Temp\ccvDZ4kT.s 			page 14


 742 02c4 00       		.byte	0
 743 02c5 00       		.byte	0
 744 02c6 00       		.byte	0
 745 02c7 00       		.byte	0
 746 02c8 00       		.byte	0
 747 02c9 00       		.byte	0
 748 02ca 00       		.byte	0
 749 02cb 00       		.byte	0
 750 02cc 00       		.byte	0
 751 02cd 00       		.byte	0
 752 02ce 00       		.byte	0
 753 02cf 00       		.byte	0
 754 02d0 00       		.byte	0
 755 02d1 00       		.byte	0
 756 02d2 00       		.byte	0
 757 02d3 00       		.byte	0
 758 02d4 00       		.byte	0
 759 02d5 00       		.byte	0
 760 02d6 00       		.byte	0
 761 02d7 00       		.byte	0
 762 02d8 00       		.byte	0
 763 02d9 00       		.byte	0
 764 02da 00       		.byte	0
 765 02db 00       		.byte	0
 766 02dc 00       		.byte	0
 767 02dd 00       		.byte	0
 768 02de 00       		.byte	0
 769 02df 00       		.byte	0
 770 02e0 00       		.byte	0
 771 02e1 00       		.byte	0
 772 02e2 00       		.byte	0
 773 02e3 00       		.byte	0
 774 02e4 00       		.byte	0
 775 02e5 00       		.byte	0
 776 02e6 00       		.byte	0
 777 02e7 00       		.byte	0
 778 02e8 00       		.byte	0
 779 02e9 00       		.byte	0
 780 02ea 00       		.byte	0
 781 02eb 00       		.byte	0
 782 02ec 00       		.byte	0
 783 02ed 00       		.byte	0
 784 02ee 00       		.byte	0
 785 02ef 00       		.byte	0
 786 02f0 00       		.byte	0
 787 02f1 00       		.byte	0
 788 02f2 00       		.byte	0
 789 02f3 00       		.byte	0
 790 02f4 00       		.byte	0
 791 02f5 00       		.byte	0
 792 02f6 00       		.byte	0
 793 02f7 00       		.byte	0
 794 02f8 00       		.byte	0
 795 02f9 00       		.byte	0
 796 02fa 00       		.byte	0
 797 02fb 00       		.byte	0
 798 02fc 00       		.byte	0
ARM GAS  C:\Users\rens_\AppData\Local\Temp\ccvDZ4kT.s 			page 15


 799 02fd 00       		.byte	0
 800 02fe 00       		.byte	0
 801 02ff 00       		.byte	0
 802 0300 00       		.byte	0
 803 0301 00       		.byte	0
 804 0302 00       		.byte	0
 805 0303 00       		.byte	0
 806 0304 00       		.byte	0
 807 0305 00       		.byte	0
 808 0306 00       		.byte	0
 809 0307 00       		.byte	0
 810 0308 00       		.byte	0
 811 0309 00       		.byte	0
 812 030a 00       		.byte	0
 813 030b 00       		.byte	0
 814 030c 00       		.byte	0
 815 030d 00       		.byte	0
 816 030e 00       		.byte	0
 817 030f 00       		.byte	0
 818 0310 00       		.byte	0
 819 0311 00       		.byte	0
 820 0312 00       		.byte	0
 821 0313 00       		.byte	0
 822 0314 00       		.byte	0
 823 0315 00       		.byte	0
 824 0316 00       		.byte	0
 825 0317 00       		.byte	0
 826 0318 00       		.byte	0
 827 0319 00       		.byte	0
 828 031a 00       		.byte	0
 829 031b 00       		.byte	0
 830 031c 00       		.byte	0
 831 031d 00       		.byte	0
 832 031e 00       		.byte	0
 833 031f 00       		.byte	0
 834 0320 00       		.byte	0
 835 0321 00       		.byte	0
 836 0322 00       		.byte	0
 837 0323 00       		.byte	0
 838 0324 00       		.byte	0
 839 0325 00       		.byte	0
 840 0326 00       		.byte	0
 841 0327 00       		.byte	0
 842 0328 00       		.byte	0
 843 0329 00       		.byte	0
 844 032a 00       		.byte	0
 845 032b 00       		.byte	0
 846 032c 00       		.byte	0
 847 032d 00       		.byte	0
 848 032e 00       		.byte	0
 849 032f 00       		.byte	0
 850 0330 00       		.byte	0
 851 0331 00       		.byte	0
 852 0332 00       		.byte	0
 853 0333 00       		.byte	0
 854 0334 00       		.byte	0
 855 0335 00       		.byte	0
ARM GAS  C:\Users\rens_\AppData\Local\Temp\ccvDZ4kT.s 			page 16


 856 0336 00       		.byte	0
 857 0337 00       		.byte	0
 858 0338 00       		.byte	0
 859 0339 00       		.byte	0
 860 033a 00       		.byte	0
 861 033b 00       		.byte	0
 862 033c 00       		.byte	0
 863 033d 00       		.byte	0
 864 033e 00       		.byte	0
 865 033f 00       		.byte	0
 866              		.type	Filter_data_a, %object
 867              		.size	Filter_data_a, 512
 868              	Filter_data_a:
 869 0340 00000000 		.space	512
 869      00000000 
 869      00000000 
 869      00000000 
 869      00000000 
 870              		.type	Filter_control, %object
 871              		.size	Filter_control, 256
 872              	Filter_control:
 873 0540 20       		.byte	32
 874 0541 13       		.byte	19
 875 0542 00       		.byte	0
 876 0543 25       		.byte	37
 877 0544 61       		.byte	97
 878 0545 17       		.byte	23
 879 0546 80       		.byte	-128
 880 0547 26       		.byte	38
 881 0548 01       		.byte	1
 882 0549 00       		.byte	0
 883 054a 80       		.byte	-128
 884 054b 26       		.byte	38
 885 054c 01       		.byte	1
 886 054d 00       		.byte	0
 887 054e 80       		.byte	-128
 888 054f 26       		.byte	38
 889 0550 01       		.byte	1
 890 0551 00       		.byte	0
 891 0552 80       		.byte	-128
 892 0553 26       		.byte	38
 893 0554 E0       		.byte	-32
 894 0555 0E       		.byte	14
 895 0556 80       		.byte	-128
 896 0557 26       		.byte	38
 897 0558 C2       		.byte	-62
 898 0559 0C       		.byte	12
 899 055a 80       		.byte	-128
 900 055b 26       		.byte	38
 901 055c 02       		.byte	2
 902 055d 00       		.byte	0
 903 055e 80       		.byte	-128
 904 055f 06       		.byte	6
 905 0560 65       		.byte	101
 906 0561 87       		.byte	-121
 907 0562 18       		.byte	24
 908 0563 6D       		.byte	109
ARM GAS  C:\Users\rens_\AppData\Local\Temp\ccvDZ4kT.s 			page 17


 909 0564 64       		.byte	100
 910 0565 09       		.byte	9
 911 0566 18       		.byte	24
 912 0567 3E       		.byte	62
 913 0568 00       		.byte	0
 914 0569 00       		.byte	0
 915 056a 80       		.byte	-128
 916 056b 26       		.byte	38
 917 056c 03       		.byte	3
 918 056d 20       		.byte	32
 919 056e 80       		.byte	-128
 920 056f 26       		.byte	38
 921 0570 21       		.byte	33
 922 0571 02       		.byte	2
 923 0572 18       		.byte	24
 924 0573 7F       		.byte	127
 925 0574 E6       		.byte	-26
 926 0575 0E       		.byte	14
 927 0576 80       		.byte	-128
 928 0577 26       		.byte	38
 929 0578 C8       		.byte	-56
 930 0579 0C       		.byte	12
 931 057a 80       		.byte	-128
 932 057b 26       		.byte	38
 933 057c 00       		.byte	0
 934 057d 00       		.byte	0
 935 057e 80       		.byte	-128
 936 057f 06       		.byte	6
 937 0580 6B       		.byte	107
 938 0581 87       		.byte	-121
 939 0582 18       		.byte	24
 940 0583 6D       		.byte	109
 941 0584 6A       		.byte	106
 942 0585 09       		.byte	9
 943 0586 18       		.byte	24
 944 0587 3E       		.byte	62
 945 0588 00       		.byte	0
 946 0589 00       		.byte	0
 947 058a 80       		.byte	-128
 948 058b 26       		.byte	38
 949 058c 01       		.byte	1
 950 058d 20       		.byte	32
 951 058e 80       		.byte	-128
 952 058f 26       		.byte	38
 953 0590 21       		.byte	33
 954 0591 02       		.byte	2
 955 0592 18       		.byte	24
 956 0593 7F       		.byte	127
 957 0594 00       		.byte	0
 958 0595 00       		.byte	0
 959 0596 00       		.byte	0
 960 0597 00       		.byte	0
 961 0598 00       		.byte	0
 962 0599 00       		.byte	0
 963 059a 00       		.byte	0
 964 059b 00       		.byte	0
 965 059c 00       		.byte	0
ARM GAS  C:\Users\rens_\AppData\Local\Temp\ccvDZ4kT.s 			page 18


 966 059d 00       		.byte	0
 967 059e 00       		.byte	0
 968 059f 00       		.byte	0
 969 05a0 00       		.byte	0
 970 05a1 00       		.byte	0
 971 05a2 00       		.byte	0
 972 05a3 00       		.byte	0
 973 05a4 00       		.byte	0
 974 05a5 00       		.byte	0
 975 05a6 00       		.byte	0
 976 05a7 00       		.byte	0
 977 05a8 00       		.byte	0
 978 05a9 00       		.byte	0
 979 05aa 00       		.byte	0
 980 05ab 00       		.byte	0
 981 05ac 00       		.byte	0
 982 05ad 00       		.byte	0
 983 05ae 00       		.byte	0
 984 05af 00       		.byte	0
 985 05b0 00       		.byte	0
 986 05b1 00       		.byte	0
 987 05b2 00       		.byte	0
 988 05b3 00       		.byte	0
 989 05b4 00       		.byte	0
 990 05b5 00       		.byte	0
 991 05b6 00       		.byte	0
 992 05b7 00       		.byte	0
 993 05b8 00       		.byte	0
 994 05b9 00       		.byte	0
 995 05ba 00       		.byte	0
 996 05bb 00       		.byte	0
 997 05bc 00       		.byte	0
 998 05bd 00       		.byte	0
 999 05be 00       		.byte	0
 1000 05bf 00       		.byte	0
 1001 05c0 00       		.byte	0
 1002 05c1 00       		.byte	0
 1003 05c2 00       		.byte	0
 1004 05c3 00       		.byte	0
 1005 05c4 00       		.byte	0
 1006 05c5 00       		.byte	0
 1007 05c6 00       		.byte	0
 1008 05c7 00       		.byte	0
 1009 05c8 00       		.byte	0
 1010 05c9 00       		.byte	0
 1011 05ca 00       		.byte	0
 1012 05cb 00       		.byte	0
 1013 05cc 00       		.byte	0
 1014 05cd 00       		.byte	0
 1015 05ce 00       		.byte	0
 1016 05cf 00       		.byte	0
 1017 05d0 00       		.byte	0
 1018 05d1 00       		.byte	0
 1019 05d2 00       		.byte	0
 1020 05d3 00       		.byte	0
 1021 05d4 00       		.byte	0
 1022 05d5 00       		.byte	0
ARM GAS  C:\Users\rens_\AppData\Local\Temp\ccvDZ4kT.s 			page 19


 1023 05d6 00       		.byte	0
 1024 05d7 00       		.byte	0
 1025 05d8 00       		.byte	0
 1026 05d9 00       		.byte	0
 1027 05da 00       		.byte	0
 1028 05db 00       		.byte	0
 1029 05dc 00       		.byte	0
 1030 05dd 00       		.byte	0
 1031 05de 00       		.byte	0
 1032 05df 00       		.byte	0
 1033 05e0 00       		.byte	0
 1034 05e1 00       		.byte	0
 1035 05e2 00       		.byte	0
 1036 05e3 00       		.byte	0
 1037 05e4 00       		.byte	0
 1038 05e5 00       		.byte	0
 1039 05e6 00       		.byte	0
 1040 05e7 00       		.byte	0
 1041 05e8 00       		.byte	0
 1042 05e9 00       		.byte	0
 1043 05ea 00       		.byte	0
 1044 05eb 00       		.byte	0
 1045 05ec 00       		.byte	0
 1046 05ed 00       		.byte	0
 1047 05ee 00       		.byte	0
 1048 05ef 00       		.byte	0
 1049 05f0 00       		.byte	0
 1050 05f1 00       		.byte	0
 1051 05f2 00       		.byte	0
 1052 05f3 00       		.byte	0
 1053 05f4 00       		.byte	0
 1054 05f5 00       		.byte	0
 1055 05f6 00       		.byte	0
 1056 05f7 00       		.byte	0
 1057 05f8 00       		.byte	0
 1058 05f9 00       		.byte	0
 1059 05fa 00       		.byte	0
 1060 05fb 00       		.byte	0
 1061 05fc 00       		.byte	0
 1062 05fd 00       		.byte	0
 1063 05fe 00       		.byte	0
 1064 05ff 00       		.byte	0
 1065 0600 00       		.byte	0
 1066 0601 00       		.byte	0
 1067 0602 00       		.byte	0
 1068 0603 00       		.byte	0
 1069 0604 00       		.byte	0
 1070 0605 00       		.byte	0
 1071 0606 00       		.byte	0
 1072 0607 00       		.byte	0
 1073 0608 00       		.byte	0
 1074 0609 00       		.byte	0
 1075 060a 00       		.byte	0
 1076 060b 00       		.byte	0
 1077 060c 00       		.byte	0
 1078 060d 00       		.byte	0
 1079 060e 00       		.byte	0
ARM GAS  C:\Users\rens_\AppData\Local\Temp\ccvDZ4kT.s 			page 20


 1080 060f 00       		.byte	0
 1081 0610 00       		.byte	0
 1082 0611 00       		.byte	0
 1083 0612 00       		.byte	0
 1084 0613 00       		.byte	0
 1085 0614 00       		.byte	0
 1086 0615 00       		.byte	0
 1087 0616 00       		.byte	0
 1088 0617 00       		.byte	0
 1089 0618 00       		.byte	0
 1090 0619 00       		.byte	0
 1091 061a 00       		.byte	0
 1092 061b 00       		.byte	0
 1093 061c 00       		.byte	0
 1094 061d 00       		.byte	0
 1095 061e 00       		.byte	0
 1096 061f 00       		.byte	0
 1097 0620 00       		.byte	0
 1098 0621 00       		.byte	0
 1099 0622 00       		.byte	0
 1100 0623 00       		.byte	0
 1101 0624 00       		.byte	0
 1102 0625 00       		.byte	0
 1103 0626 00       		.byte	0
 1104 0627 00       		.byte	0
 1105 0628 00       		.byte	0
 1106 0629 00       		.byte	0
 1107 062a 00       		.byte	0
 1108 062b 00       		.byte	0
 1109 062c 00       		.byte	0
 1110 062d 00       		.byte	0
 1111 062e 00       		.byte	0
 1112 062f 00       		.byte	0
 1113 0630 00       		.byte	0
 1114 0631 00       		.byte	0
 1115 0632 00       		.byte	0
 1116 0633 00       		.byte	0
 1117 0634 00       		.byte	0
 1118 0635 00       		.byte	0
 1119 0636 00       		.byte	0
 1120 0637 00       		.byte	0
 1121 0638 00       		.byte	0
 1122 0639 00       		.byte	0
 1123 063a 00       		.byte	0
 1124 063b 00       		.byte	0
 1125 063c 00       		.byte	0
 1126 063d 00       		.byte	0
 1127 063e 00       		.byte	0
 1128 063f 00       		.byte	0
 1129              		.text
 1130              	.Letext0:
 1131              		.file 1 "Generated_Source\\PSoC5\\Filter_RAM_Data.c"
 1132              		.file 2 "Generated_Source\\PSoC5\\cytypes.h"
 1133              		.section	.debug_info,"",%progbits
 1134              	.Ldebug_info0:
 1135 0000 33010000 		.4byte	0x133
 1136 0004 0400     		.2byte	0x4
ARM GAS  C:\Users\rens_\AppData\Local\Temp\ccvDZ4kT.s 			page 21


 1137 0006 00000000 		.4byte	.Ldebug_abbrev0
 1138 000a 04       		.byte	0x4
 1139 000b 01       		.uleb128 0x1
 1140 000c 97000000 		.4byte	.LASF19
 1141 0010 0C       		.byte	0xc
 1142 0011 5B000000 		.4byte	.LASF20
 1143 0015 2E010000 		.4byte	.LASF21
 1144 0019 00000000 		.4byte	.Ldebug_line0
 1145 001d 02       		.uleb128 0x2
 1146 001e 04       		.byte	0x4
 1147 001f 05       		.byte	0x5
 1148 0020 696E7400 		.ascii	"int\000"
 1149 0024 03       		.uleb128 0x3
 1150 0025 04       		.byte	0x4
 1151 0026 07       		.byte	0x7
 1152 0027 0E000000 		.4byte	.LASF0
 1153 002b 03       		.uleb128 0x3
 1154 002c 08       		.byte	0x8
 1155 002d 05       		.byte	0x5
 1156 002e 00000000 		.4byte	.LASF1
 1157 0032 03       		.uleb128 0x3
 1158 0033 08       		.byte	0x8
 1159 0034 04       		.byte	0x4
 1160 0035 CA010000 		.4byte	.LASF2
 1161 0039 03       		.uleb128 0x3
 1162 003a 01       		.byte	0x1
 1163 003b 06       		.byte	0x6
 1164 003c AF010000 		.4byte	.LASF3
 1165 0040 03       		.uleb128 0x3
 1166 0041 01       		.byte	0x1
 1167 0042 08       		.byte	0x8
 1168 0043 84000000 		.4byte	.LASF4
 1169 0047 03       		.uleb128 0x3
 1170 0048 02       		.byte	0x2
 1171 0049 05       		.byte	0x5
 1172 004a D6010000 		.4byte	.LASF5
 1173 004e 03       		.uleb128 0x3
 1174 004f 02       		.byte	0x2
 1175 0050 07       		.byte	0x7
 1176 0051 9C010000 		.4byte	.LASF6
 1177 0055 03       		.uleb128 0x3
 1178 0056 04       		.byte	0x4
 1179 0057 05       		.byte	0x5
 1180 0058 25010000 		.4byte	.LASF7
 1181 005c 03       		.uleb128 0x3
 1182 005d 04       		.byte	0x4
 1183 005e 07       		.byte	0x7
 1184 005f 2C000000 		.4byte	.LASF8
 1185 0063 03       		.uleb128 0x3
 1186 0064 08       		.byte	0x8
 1187 0065 07       		.byte	0x7
 1188 0066 3E000000 		.4byte	.LASF9
 1189 006a 03       		.uleb128 0x3
 1190 006b 04       		.byte	0x4
 1191 006c 07       		.byte	0x7
 1192 006d EC010000 		.4byte	.LASF10
 1193 0071 03       		.uleb128 0x3
ARM GAS  C:\Users\rens_\AppData\Local\Temp\ccvDZ4kT.s 			page 22


 1194 0072 01       		.byte	0x1
 1195 0073 08       		.byte	0x8
 1196 0074 92000000 		.4byte	.LASF11
 1197 0078 04       		.uleb128 0x4
 1198 0079 26000000 		.4byte	.LASF22
 1199 007d 02       		.byte	0x2
 1200 007e 9201     		.2byte	0x192
 1201 0080 40000000 		.4byte	0x40
 1202 0084 03       		.uleb128 0x3
 1203 0085 04       		.byte	0x4
 1204 0086 04       		.byte	0x4
 1205 0087 55000000 		.4byte	.LASF12
 1206 008b 03       		.uleb128 0x3
 1207 008c 08       		.byte	0x8
 1208 008d 04       		.byte	0x4
 1209 008e 79010000 		.4byte	.LASF13
 1210 0092 05       		.uleb128 0x5
 1211 0093 A2000000 		.4byte	0xa2
 1212 0097 A2000000 		.4byte	0xa2
 1213 009b 06       		.uleb128 0x6
 1214 009c 6A000000 		.4byte	0x6a
 1215 00a0 FF       		.byte	0xff
 1216 00a1 00       		.byte	0
 1217 00a2 07       		.uleb128 0x7
 1218 00a3 78000000 		.4byte	0x78
 1219 00a7 08       		.uleb128 0x8
 1220 00a8 BB010000 		.4byte	.LASF14
 1221 00ac 01       		.byte	0x1
 1222 00ad 04       		.byte	0x4
 1223 00ae B8000000 		.4byte	0xb8
 1224 00b2 05       		.uleb128 0x5
 1225 00b3 03       		.byte	0x3
 1226 00b4 00000000 		.4byte	Filter_control
 1227 00b8 07       		.uleb128 0x7
 1228 00b9 92000000 		.4byte	0x92
 1229 00bd 05       		.uleb128 0x5
 1230 00be A2000000 		.4byte	0xa2
 1231 00c2 CE000000 		.4byte	0xce
 1232 00c6 09       		.uleb128 0x9
 1233 00c7 6A000000 		.4byte	0x6a
 1234 00cb FF01     		.2byte	0x1ff
 1235 00cd 00       		.byte	0
 1236 00ce 08       		.uleb128 0x8
 1237 00cf 80010000 		.4byte	.LASF15
 1238 00d3 01       		.byte	0x1
 1239 00d4 28       		.byte	0x28
 1240 00d5 DF000000 		.4byte	0xdf
 1241 00d9 05       		.uleb128 0x5
 1242 00da 03       		.byte	0x3
 1243 00db 00000000 		.4byte	Filter_data_a
 1244 00df 07       		.uleb128 0x7
 1245 00e0 BD000000 		.4byte	0xbd
 1246 00e4 08       		.uleb128 0x8
 1247 00e5 8E010000 		.4byte	.LASF16
 1248 00e9 01       		.byte	0x1
 1249 00ea 6C       		.byte	0x6c
 1250 00eb F5000000 		.4byte	0xf5
ARM GAS  C:\Users\rens_\AppData\Local\Temp\ccvDZ4kT.s 			page 23


 1251 00ef 05       		.uleb128 0x5
 1252 00f0 03       		.byte	0x3
 1253 00f1 00000000 		.4byte	Filter_data_b
 1254 00f5 07       		.uleb128 0x7
 1255 00f6 BD000000 		.4byte	0xbd
 1256 00fa 08       		.uleb128 0x8
 1257 00fb E0010000 		.4byte	.LASF17
 1258 00ff 01       		.byte	0x1
 1259 0100 BC       		.byte	0xbc
 1260 0101 0B010000 		.4byte	0x10b
 1261 0105 05       		.uleb128 0x5
 1262 0106 03       		.byte	0x3
 1263 0107 00000000 		.4byte	Filter_cfsm
 1264 010b 07       		.uleb128 0x7
 1265 010c 92000000 		.4byte	0x92
 1266 0110 05       		.uleb128 0x5
 1267 0111 A2000000 		.4byte	0xa2
 1268 0115 20010000 		.4byte	0x120
 1269 0119 06       		.uleb128 0x6
 1270 011a 6A000000 		.4byte	0x6a
 1271 011e 3F       		.byte	0x3f
 1272 011f 00       		.byte	0
 1273 0120 08       		.uleb128 0x8
 1274 0121 1B000000 		.4byte	.LASF18
 1275 0125 01       		.byte	0x1
 1276 0126 B0       		.byte	0xb0
 1277 0127 31010000 		.4byte	0x131
 1278 012b 05       		.uleb128 0x5
 1279 012c 03       		.byte	0x3
 1280 012d 00000000 		.4byte	Filter_acu
 1281 0131 07       		.uleb128 0x7
 1282 0132 10010000 		.4byte	0x110
 1283 0136 00       		.byte	0
 1284              		.section	.debug_abbrev,"",%progbits
 1285              	.Ldebug_abbrev0:
 1286 0000 01       		.uleb128 0x1
 1287 0001 11       		.uleb128 0x11
 1288 0002 01       		.byte	0x1
 1289 0003 25       		.uleb128 0x25
 1290 0004 0E       		.uleb128 0xe
 1291 0005 13       		.uleb128 0x13
 1292 0006 0B       		.uleb128 0xb
 1293 0007 03       		.uleb128 0x3
 1294 0008 0E       		.uleb128 0xe
 1295 0009 1B       		.uleb128 0x1b
 1296 000a 0E       		.uleb128 0xe
 1297 000b 10       		.uleb128 0x10
 1298 000c 17       		.uleb128 0x17
 1299 000d 00       		.byte	0
 1300 000e 00       		.byte	0
 1301 000f 02       		.uleb128 0x2
 1302 0010 24       		.uleb128 0x24
 1303 0011 00       		.byte	0
 1304 0012 0B       		.uleb128 0xb
 1305 0013 0B       		.uleb128 0xb
 1306 0014 3E       		.uleb128 0x3e
 1307 0015 0B       		.uleb128 0xb
ARM GAS  C:\Users\rens_\AppData\Local\Temp\ccvDZ4kT.s 			page 24


 1308 0016 03       		.uleb128 0x3
 1309 0017 08       		.uleb128 0x8
 1310 0018 00       		.byte	0
 1311 0019 00       		.byte	0
 1312 001a 03       		.uleb128 0x3
 1313 001b 24       		.uleb128 0x24
 1314 001c 00       		.byte	0
 1315 001d 0B       		.uleb128 0xb
 1316 001e 0B       		.uleb128 0xb
 1317 001f 3E       		.uleb128 0x3e
 1318 0020 0B       		.uleb128 0xb
 1319 0021 03       		.uleb128 0x3
 1320 0022 0E       		.uleb128 0xe
 1321 0023 00       		.byte	0
 1322 0024 00       		.byte	0
 1323 0025 04       		.uleb128 0x4
 1324 0026 16       		.uleb128 0x16
 1325 0027 00       		.byte	0
 1326 0028 03       		.uleb128 0x3
 1327 0029 0E       		.uleb128 0xe
 1328 002a 3A       		.uleb128 0x3a
 1329 002b 0B       		.uleb128 0xb
 1330 002c 3B       		.uleb128 0x3b
 1331 002d 05       		.uleb128 0x5
 1332 002e 49       		.uleb128 0x49
 1333 002f 13       		.uleb128 0x13
 1334 0030 00       		.byte	0
 1335 0031 00       		.byte	0
 1336 0032 05       		.uleb128 0x5
 1337 0033 01       		.uleb128 0x1
 1338 0034 01       		.byte	0x1
 1339 0035 49       		.uleb128 0x49
 1340 0036 13       		.uleb128 0x13
 1341 0037 01       		.uleb128 0x1
 1342 0038 13       		.uleb128 0x13
 1343 0039 00       		.byte	0
 1344 003a 00       		.byte	0
 1345 003b 06       		.uleb128 0x6
 1346 003c 21       		.uleb128 0x21
 1347 003d 00       		.byte	0
 1348 003e 49       		.uleb128 0x49
 1349 003f 13       		.uleb128 0x13
 1350 0040 2F       		.uleb128 0x2f
 1351 0041 0B       		.uleb128 0xb
 1352 0042 00       		.byte	0
 1353 0043 00       		.byte	0
 1354 0044 07       		.uleb128 0x7
 1355 0045 26       		.uleb128 0x26
 1356 0046 00       		.byte	0
 1357 0047 49       		.uleb128 0x49
 1358 0048 13       		.uleb128 0x13
 1359 0049 00       		.byte	0
 1360 004a 00       		.byte	0
 1361 004b 08       		.uleb128 0x8
 1362 004c 34       		.uleb128 0x34
 1363 004d 00       		.byte	0
 1364 004e 03       		.uleb128 0x3
ARM GAS  C:\Users\rens_\AppData\Local\Temp\ccvDZ4kT.s 			page 25


 1365 004f 0E       		.uleb128 0xe
 1366 0050 3A       		.uleb128 0x3a
 1367 0051 0B       		.uleb128 0xb
 1368 0052 3B       		.uleb128 0x3b
 1369 0053 0B       		.uleb128 0xb
 1370 0054 49       		.uleb128 0x49
 1371 0055 13       		.uleb128 0x13
 1372 0056 3F       		.uleb128 0x3f
 1373 0057 19       		.uleb128 0x19
 1374 0058 02       		.uleb128 0x2
 1375 0059 18       		.uleb128 0x18
 1376 005a 00       		.byte	0
 1377 005b 00       		.byte	0
 1378 005c 09       		.uleb128 0x9
 1379 005d 21       		.uleb128 0x21
 1380 005e 00       		.byte	0
 1381 005f 49       		.uleb128 0x49
 1382 0060 13       		.uleb128 0x13
 1383 0061 2F       		.uleb128 0x2f
 1384 0062 05       		.uleb128 0x5
 1385 0063 00       		.byte	0
 1386 0064 00       		.byte	0
 1387 0065 00       		.byte	0
 1388              		.section	.debug_aranges,"",%progbits
 1389 0000 14000000 		.4byte	0x14
 1390 0004 0200     		.2byte	0x2
 1391 0006 00000000 		.4byte	.Ldebug_info0
 1392 000a 04       		.byte	0x4
 1393 000b 00       		.byte	0
 1394 000c 0000     		.2byte	0
 1395 000e 0000     		.2byte	0
 1396 0010 00000000 		.4byte	0
 1397 0014 00000000 		.4byte	0
 1398              		.section	.debug_line,"",%progbits
 1399              	.Ldebug_line0:
 1400 0000 52000000 		.section	.debug_str,"MS",%progbits,1
 1400      02004C00 
 1400      00000201 
 1400      FB0E0D00 
 1400      01010101 
 1401              	.LASF1:
 1402 0000 6C6F6E67 		.ascii	"long long int\000"
 1402      206C6F6E 
 1402      6720696E 
 1402      7400
 1403              	.LASF0:
 1404 000e 756E7369 		.ascii	"unsigned int\000"
 1404      676E6564 
 1404      20696E74 
 1404      00
 1405              	.LASF18:
 1406 001b 46696C74 		.ascii	"Filter_acu\000"
 1406      65725F61 
 1406      637500
 1407              	.LASF22:
 1408 0026 75696E74 		.ascii	"uint8\000"
 1408      3800
ARM GAS  C:\Users\rens_\AppData\Local\Temp\ccvDZ4kT.s 			page 26


 1409              	.LASF8:
 1410 002c 6C6F6E67 		.ascii	"long unsigned int\000"
 1410      20756E73 
 1410      69676E65 
 1410      6420696E 
 1410      7400
 1411              	.LASF9:
 1412 003e 6C6F6E67 		.ascii	"long long unsigned int\000"
 1412      206C6F6E 
 1412      6720756E 
 1412      7369676E 
 1412      65642069 
 1413              	.LASF12:
 1414 0055 666C6F61 		.ascii	"float\000"
 1414      7400
 1415              	.LASF20:
 1416 005b 47656E65 		.ascii	"Generated_Source\\PSoC5\\Filter_RAM_Data.c\000"
 1416      72617465 
 1416      645F536F 
 1416      75726365 
 1416      5C50536F 
 1417              	.LASF4:
 1418 0084 756E7369 		.ascii	"unsigned char\000"
 1418      676E6564 
 1418      20636861 
 1418      7200
 1419              	.LASF11:
 1420 0092 63686172 		.ascii	"char\000"
 1420      00
 1421              	.LASF19:
 1422 0097 474E5520 		.ascii	"GNU C11 5.4.1 20160609 (release) [ARM/embedded-5-br"
 1422      43313120 
 1422      352E342E 
 1422      31203230 
 1422      31363036 
 1423 00ca 616E6368 		.ascii	"anch revision 237715] -mcpu=cortex-m3 -mthumb -g -O"
 1423      20726576 
 1423      6973696F 
 1423      6E203233 
 1423      37373135 
 1424 00fd 73202D66 		.ascii	"s -ffunction-sections -ffat-lto-objects\000"
 1424      66756E63 
 1424      74696F6E 
 1424      2D736563 
 1424      74696F6E 
 1425              	.LASF7:
 1426 0125 6C6F6E67 		.ascii	"long int\000"
 1426      20696E74 
 1426      00
 1427              	.LASF21:
 1428 012e 433A5C55 		.ascii	"C:\\Users\\rens_\\Documents\\platooning\\PSoC\\Plat"
 1428      73657273 
 1428      5C72656E 
 1428      735F5C44 
 1428      6F63756D 
 1429 015b 6F6F6E69 		.ascii	"ooning\\AngleMeasurement.cydsn\000"
 1429      6E675C41 
ARM GAS  C:\Users\rens_\AppData\Local\Temp\ccvDZ4kT.s 			page 27


 1429      6E676C65 
 1429      4D656173 
 1429      7572656D 
 1430              	.LASF13:
 1431 0179 646F7562 		.ascii	"double\000"
 1431      6C6500
 1432              	.LASF15:
 1433 0180 46696C74 		.ascii	"Filter_data_a\000"
 1433      65725F64 
 1433      6174615F 
 1433      6100
 1434              	.LASF16:
 1435 018e 46696C74 		.ascii	"Filter_data_b\000"
 1435      65725F64 
 1435      6174615F 
 1435      6200
 1436              	.LASF6:
 1437 019c 73686F72 		.ascii	"short unsigned int\000"
 1437      7420756E 
 1437      7369676E 
 1437      65642069 
 1437      6E7400
 1438              	.LASF3:
 1439 01af 7369676E 		.ascii	"signed char\000"
 1439      65642063 
 1439      68617200 
 1440              	.LASF14:
 1441 01bb 46696C74 		.ascii	"Filter_control\000"
 1441      65725F63 
 1441      6F6E7472 
 1441      6F6C00
 1442              	.LASF2:
 1443 01ca 6C6F6E67 		.ascii	"long double\000"
 1443      20646F75 
 1443      626C6500 
 1444              	.LASF5:
 1445 01d6 73686F72 		.ascii	"short int\000"
 1445      7420696E 
 1445      7400
 1446              	.LASF17:
 1447 01e0 46696C74 		.ascii	"Filter_cfsm\000"
 1447      65725F63 
 1447      66736D00 
 1448              	.LASF10:
 1449 01ec 73697A65 		.ascii	"sizetype\000"
 1449      74797065 
 1449      00
 1450              		.ident	"GCC: (GNU Tools for ARM Embedded Processors) 5.4.1 20160609 (release) [ARM/embedded-5-bran
