ARM GAS  C:\Users\ALEXAN~1\AppData\Local\Temp\cclOFXh2.s 			page 1


   1              		.syntax unified
   2              		.cpu cortex-m3
   3              		.fpu softvfp
   4              		.eabi_attribute 20, 1
   5              		.eabi_attribute 21, 1
   6              		.eabi_attribute 23, 3
   7              		.eabi_attribute 24, 1
   8              		.eabi_attribute 25, 1
   9              		.eabi_attribute 26, 1
  10              		.eabi_attribute 30, 4
  11              		.eabi_attribute 34, 1
  12              		.eabi_attribute 18, 4
  13              		.thumb
  14              		.syntax unified
  15              		.file	"Maximum_Peak_Detector_A.c"
  16              		.text
  17              	.Ltext0:
  18              		.cfi_sections	.debug_frame
  19              		.section	.text.Maximum_Peak_Detector_A_Start,"ax",%progbits
  20              		.align	1
  21              		.global	Maximum_Peak_Detector_A_Start
  22              		.thumb
  23              		.thumb_func
  24              		.type	Maximum_Peak_Detector_A_Start, %function
  25              	Maximum_Peak_Detector_A_Start:
  26              	.LFB0:
  27              		.file 1 "Generated_Source\\PSoC5\\Maximum_Peak_Detector_A.c"
   1:Generated_Source\PSoC5/Maximum_Peak_Detector_A.c **** /******************************************************************************
   2:Generated_Source\PSoC5/Maximum_Peak_Detector_A.c **** * File Name: Maximum_Peak_Detector_A.c
   3:Generated_Source\PSoC5/Maximum_Peak_Detector_A.c **** * Version 1.0
   4:Generated_Source\PSoC5/Maximum_Peak_Detector_A.c **** *
   5:Generated_Source\PSoC5/Maximum_Peak_Detector_A.c **** *  Description: 
   6:Generated_Source\PSoC5/Maximum_Peak_Detector_A.c **** *   API for controlling the maximum peak detector.
   7:Generated_Source\PSoC5/Maximum_Peak_Detector_A.c **** *
   8:Generated_Source\PSoC5/Maximum_Peak_Detector_A.c **** *
   9:Generated_Source\PSoC5/Maximum_Peak_Detector_A.c **** ********************************************************************************
  10:Generated_Source\PSoC5/Maximum_Peak_Detector_A.c **** * Copyright 2008-2010, Cypress Semiconductor Corporation.  All rights reserved.
  11:Generated_Source\PSoC5/Maximum_Peak_Detector_A.c **** * You may use this file only in accordance with the license, terms, conditions, 
  12:Generated_Source\PSoC5/Maximum_Peak_Detector_A.c **** * disclaimers, and limitations in the end user license agreement accompanying 
  13:Generated_Source\PSoC5/Maximum_Peak_Detector_A.c **** * the software package with which this file was provided.
  14:Generated_Source\PSoC5/Maximum_Peak_Detector_A.c **** ********************************************************************************/
  15:Generated_Source\PSoC5/Maximum_Peak_Detector_A.c **** 
  16:Generated_Source\PSoC5/Maximum_Peak_Detector_A.c **** #include <CYDEVICE.H>
  17:Generated_Source\PSoC5/Maximum_Peak_Detector_A.c **** #include "Maximum_Peak_Detector_A.h"
  18:Generated_Source\PSoC5/Maximum_Peak_Detector_A.c **** #include "Maximum_Peak_Detector_A_Comp_1.h"
  19:Generated_Source\PSoC5/Maximum_Peak_Detector_A.c **** #include "Maximum_Peak_Detector_A_Sample_Hold.h"
  20:Generated_Source\PSoC5/Maximum_Peak_Detector_A.c **** 
  21:Generated_Source\PSoC5/Maximum_Peak_Detector_A.c **** /*******************************************************************************
  22:Generated_Source\PSoC5/Maximum_Peak_Detector_A.c **** * Function Name: Maximum_Peak_Detector_A_Start
  23:Generated_Source\PSoC5/Maximum_Peak_Detector_A.c **** ********************************************************************************
  24:Generated_Source\PSoC5/Maximum_Peak_Detector_A.c **** * Summary:
  25:Generated_Source\PSoC5/Maximum_Peak_Detector_A.c **** *   Enables the peak detector component.
  26:Generated_Source\PSoC5/Maximum_Peak_Detector_A.c **** *
  27:Generated_Source\PSoC5/Maximum_Peak_Detector_A.c **** *
  28:Generated_Source\PSoC5/Maximum_Peak_Detector_A.c **** * Parameters:
  29:Generated_Source\PSoC5/Maximum_Peak_Detector_A.c **** *   void.
  30:Generated_Source\PSoC5/Maximum_Peak_Detector_A.c **** *
ARM GAS  C:\Users\ALEXAN~1\AppData\Local\Temp\cclOFXh2.s 			page 2


  31:Generated_Source\PSoC5/Maximum_Peak_Detector_A.c **** * Return:
  32:Generated_Source\PSoC5/Maximum_Peak_Detector_A.c **** *   void.
  33:Generated_Source\PSoC5/Maximum_Peak_Detector_A.c **** *   
  34:Generated_Source\PSoC5/Maximum_Peak_Detector_A.c **** *
  35:Generated_Source\PSoC5/Maximum_Peak_Detector_A.c **** *******************************************************************************/
  36:Generated_Source\PSoC5/Maximum_Peak_Detector_A.c **** void Maximum_Peak_Detector_A_Start(void)
  37:Generated_Source\PSoC5/Maximum_Peak_Detector_A.c **** {
  28              		.loc 1 37 0
  29              		.cfi_startproc
  30              		@ args = 0, pretend = 0, frame = 0
  31              		@ frame_needed = 0, uses_anonymous_args = 0
  32 0000 08B5     		push	{r3, lr}
  33              		.cfi_def_cfa_offset 8
  34              		.cfi_offset 3, -8
  35              		.cfi_offset 14, -4
  38:Generated_Source\PSoC5/Maximum_Peak_Detector_A.c **** 	Maximum_Peak_Detector_A_Sample_Hold_Start();
  36              		.loc 1 38 0
  37 0002 FFF7FEFF 		bl	Maximum_Peak_Detector_A_Sample_Hold_Start
  38              	.LVL0:
  39:Generated_Source\PSoC5/Maximum_Peak_Detector_A.c **** 	Maximum_Peak_Detector_A_Comp_1_Start();
  40:Generated_Source\PSoC5/Maximum_Peak_Detector_A.c **** }
  39              		.loc 1 40 0
  40 0006 BDE80840 		pop	{r3, lr}
  41              		.cfi_restore 14
  42              		.cfi_restore 3
  43              		.cfi_def_cfa_offset 0
  39:Generated_Source\PSoC5/Maximum_Peak_Detector_A.c **** 	Maximum_Peak_Detector_A_Comp_1_Start();
  44              		.loc 1 39 0
  45 000a FFF7FEBF 		b	Maximum_Peak_Detector_A_Comp_1_Start
  46              	.LVL1:
  47              		.cfi_endproc
  48              	.LFE0:
  49              		.size	Maximum_Peak_Detector_A_Start, .-Maximum_Peak_Detector_A_Start
  50              		.section	.text.Maximum_Peak_Detector_A_Stop,"ax",%progbits
  51              		.align	1
  52              		.global	Maximum_Peak_Detector_A_Stop
  53              		.thumb
  54              		.thumb_func
  55              		.type	Maximum_Peak_Detector_A_Stop, %function
  56              	Maximum_Peak_Detector_A_Stop:
  57              	.LFB1:
  41:Generated_Source\PSoC5/Maximum_Peak_Detector_A.c **** 
  42:Generated_Source\PSoC5/Maximum_Peak_Detector_A.c **** /*******************************************************************************
  43:Generated_Source\PSoC5/Maximum_Peak_Detector_A.c **** * Function Name: Maximum_Peak_Detector_A_Stop
  44:Generated_Source\PSoC5/Maximum_Peak_Detector_A.c **** ********************************************************************************
  45:Generated_Source\PSoC5/Maximum_Peak_Detector_A.c **** * Summary:
  46:Generated_Source\PSoC5/Maximum_Peak_Detector_A.c **** *   Disables the peak detector component.
  47:Generated_Source\PSoC5/Maximum_Peak_Detector_A.c **** *
  48:Generated_Source\PSoC5/Maximum_Peak_Detector_A.c **** *
  49:Generated_Source\PSoC5/Maximum_Peak_Detector_A.c **** * Parameters:
  50:Generated_Source\PSoC5/Maximum_Peak_Detector_A.c **** *   void.
  51:Generated_Source\PSoC5/Maximum_Peak_Detector_A.c **** *
  52:Generated_Source\PSoC5/Maximum_Peak_Detector_A.c **** * Return:
  53:Generated_Source\PSoC5/Maximum_Peak_Detector_A.c **** *   void.
  54:Generated_Source\PSoC5/Maximum_Peak_Detector_A.c **** *   
  55:Generated_Source\PSoC5/Maximum_Peak_Detector_A.c **** *
  56:Generated_Source\PSoC5/Maximum_Peak_Detector_A.c **** *******************************************************************************/
ARM GAS  C:\Users\ALEXAN~1\AppData\Local\Temp\cclOFXh2.s 			page 3


  57:Generated_Source\PSoC5/Maximum_Peak_Detector_A.c **** void Maximum_Peak_Detector_A_Stop(void)
  58:Generated_Source\PSoC5/Maximum_Peak_Detector_A.c **** {
  58              		.loc 1 58 0
  59              		.cfi_startproc
  60              		@ args = 0, pretend = 0, frame = 0
  61              		@ frame_needed = 0, uses_anonymous_args = 0
  62 0000 08B5     		push	{r3, lr}
  63              		.cfi_def_cfa_offset 8
  64              		.cfi_offset 3, -8
  65              		.cfi_offset 14, -4
  59:Generated_Source\PSoC5/Maximum_Peak_Detector_A.c **** 	Maximum_Peak_Detector_A_Sample_Hold_Stop();
  66              		.loc 1 59 0
  67 0002 FFF7FEFF 		bl	Maximum_Peak_Detector_A_Sample_Hold_Stop
  68              	.LVL2:
  60:Generated_Source\PSoC5/Maximum_Peak_Detector_A.c **** 	Maximum_Peak_Detector_A_Comp_1_Stop();
  61:Generated_Source\PSoC5/Maximum_Peak_Detector_A.c **** }
  69              		.loc 1 61 0
  70 0006 BDE80840 		pop	{r3, lr}
  71              		.cfi_restore 14
  72              		.cfi_restore 3
  73              		.cfi_def_cfa_offset 0
  60:Generated_Source\PSoC5/Maximum_Peak_Detector_A.c **** 	Maximum_Peak_Detector_A_Comp_1_Stop();
  74              		.loc 1 60 0
  75 000a FFF7FEBF 		b	Maximum_Peak_Detector_A_Comp_1_Stop
  76              	.LVL3:
  77              		.cfi_endproc
  78              	.LFE1:
  79              		.size	Maximum_Peak_Detector_A_Stop, .-Maximum_Peak_Detector_A_Stop
  80              		.text
  81              	.Letext0:
  82              		.file 2 "Generated_Source\\PSoC5\\Maximum_Peak_Detector_A_Sample_Hold.h"
  83              		.file 3 "Generated_Source\\PSoC5\\Maximum_Peak_Detector_A_Comp_1.h"
  84              		.section	.debug_info,"",%progbits
  85              	.Ldebug_info0:
  86 0000 07010000 		.4byte	0x107
  87 0004 0400     		.2byte	0x4
  88 0006 00000000 		.4byte	.Ldebug_abbrev0
  89 000a 04       		.byte	0x4
  90 000b 01       		.uleb128 0x1
  91 000c 5E010000 		.4byte	.LASF20
  92 0010 0C       		.byte	0xc
  93 0011 0B020000 		.4byte	.LASF21
  94 0015 CA000000 		.4byte	.LASF22
  95 0019 00000000 		.4byte	.Ldebug_ranges0+0
  96 001d 00000000 		.4byte	0
  97 0021 00000000 		.4byte	.Ldebug_line0
  98 0025 02       		.uleb128 0x2
  99 0026 01       		.byte	0x1
 100 0027 06       		.byte	0x6
 101 0028 FF010000 		.4byte	.LASF0
 102 002c 02       		.uleb128 0x2
 103 002d 01       		.byte	0x1
 104 002e 08       		.byte	0x8
 105 002f BC000000 		.4byte	.LASF1
 106 0033 02       		.uleb128 0x2
 107 0034 02       		.byte	0x2
 108 0035 05       		.byte	0x5
ARM GAS  C:\Users\ALEXAN~1\AppData\Local\Temp\cclOFXh2.s 			page 4


 109 0036 66020000 		.4byte	.LASF2
 110 003a 02       		.uleb128 0x2
 111 003b 02       		.byte	0x2
 112 003c 07       		.byte	0x7
 113 003d EC010000 		.4byte	.LASF3
 114 0041 02       		.uleb128 0x2
 115 0042 04       		.byte	0x4
 116 0043 05       		.byte	0x5
 117 0044 24010000 		.4byte	.LASF4
 118 0048 02       		.uleb128 0x2
 119 0049 04       		.byte	0x4
 120 004a 07       		.byte	0x7
 121 004b 3F000000 		.4byte	.LASF5
 122 004f 02       		.uleb128 0x2
 123 0050 08       		.byte	0x8
 124 0051 05       		.byte	0x5
 125 0052 00000000 		.4byte	.LASF6
 126 0056 02       		.uleb128 0x2
 127 0057 08       		.byte	0x8
 128 0058 07       		.byte	0x7
 129 0059 51000000 		.4byte	.LASF7
 130 005d 03       		.uleb128 0x3
 131 005e 04       		.byte	0x4
 132 005f 05       		.byte	0x5
 133 0060 696E7400 		.ascii	"int\000"
 134 0064 02       		.uleb128 0x2
 135 0065 04       		.byte	0x4
 136 0066 07       		.byte	0x7
 137 0067 0E000000 		.4byte	.LASF8
 138 006b 02       		.uleb128 0x2
 139 006c 04       		.byte	0x4
 140 006d 04       		.byte	0x4
 141 006e 8D000000 		.4byte	.LASF9
 142 0072 02       		.uleb128 0x2
 143 0073 08       		.byte	0x8
 144 0074 04       		.byte	0x4
 145 0075 57010000 		.4byte	.LASF10
 146 0079 02       		.uleb128 0x2
 147 007a 01       		.byte	0x1
 148 007b 08       		.byte	0x8
 149 007c 1F010000 		.4byte	.LASF11
 150 0080 02       		.uleb128 0x2
 151 0081 08       		.byte	0x8
 152 0082 04       		.byte	0x4
 153 0083 3C020000 		.4byte	.LASF12
 154 0087 02       		.uleb128 0x2
 155 0088 04       		.byte	0x4
 156 0089 07       		.byte	0x7
 157 008a 70020000 		.4byte	.LASF13
 158 008e 04       		.uleb128 0x4
 159 008f 48020000 		.4byte	.LASF14
 160 0093 01       		.byte	0x1
 161 0094 24       		.byte	0x24
 162 0095 00000000 		.4byte	.LFB0
 163 0099 0E000000 		.4byte	.LFE0-.LFB0
 164 009d 01       		.uleb128 0x1
 165 009e 9C       		.byte	0x9c
ARM GAS  C:\Users\ALEXAN~1\AppData\Local\Temp\cclOFXh2.s 			page 5


 166 009f B6000000 		.4byte	0xb6
 167 00a3 05       		.uleb128 0x5
 168 00a4 06000000 		.4byte	.LVL0
 169 00a8 DE000000 		.4byte	0xde
 170 00ac 06       		.uleb128 0x6
 171 00ad 0E000000 		.4byte	.LVL1
 172 00b1 E9000000 		.4byte	0xe9
 173 00b5 00       		.byte	0
 174 00b6 04       		.uleb128 0x4
 175 00b7 79020000 		.4byte	.LASF15
 176 00bb 01       		.byte	0x1
 177 00bc 39       		.byte	0x39
 178 00bd 00000000 		.4byte	.LFB1
 179 00c1 0E000000 		.4byte	.LFE1-.LFB1
 180 00c5 01       		.uleb128 0x1
 181 00c6 9C       		.byte	0x9c
 182 00c7 DE000000 		.4byte	0xde
 183 00cb 05       		.uleb128 0x5
 184 00cc 06000000 		.4byte	.LVL2
 185 00d0 F4000000 		.4byte	0xf4
 186 00d4 06       		.uleb128 0x6
 187 00d5 0E000000 		.4byte	.LVL3
 188 00d9 FF000000 		.4byte	0xff
 189 00dd 00       		.byte	0
 190 00de 07       		.uleb128 0x7
 191 00df 2D010000 		.4byte	.LASF16
 192 00e3 2D010000 		.4byte	.LASF16
 193 00e7 02       		.byte	0x2
 194 00e8 3D       		.byte	0x3d
 195 00e9 07       		.uleb128 0x7
 196 00ea 68000000 		.4byte	.LASF17
 197 00ee 68000000 		.4byte	.LASF17
 198 00f2 03       		.byte	0x3
 199 00f3 3F       		.byte	0x3f
 200 00f4 07       		.uleb128 0x7
 201 00f5 93000000 		.4byte	.LASF18
 202 00f9 93000000 		.4byte	.LASF18
 203 00fd 02       		.byte	0x2
 204 00fe 3E       		.byte	0x3e
 205 00ff 07       		.uleb128 0x7
 206 0100 1B000000 		.4byte	.LASF19
 207 0104 1B000000 		.4byte	.LASF19
 208 0108 03       		.byte	0x3
 209 0109 40       		.byte	0x40
 210 010a 00       		.byte	0
 211              		.section	.debug_abbrev,"",%progbits
 212              	.Ldebug_abbrev0:
 213 0000 01       		.uleb128 0x1
 214 0001 11       		.uleb128 0x11
 215 0002 01       		.byte	0x1
 216 0003 25       		.uleb128 0x25
 217 0004 0E       		.uleb128 0xe
 218 0005 13       		.uleb128 0x13
 219 0006 0B       		.uleb128 0xb
 220 0007 03       		.uleb128 0x3
 221 0008 0E       		.uleb128 0xe
 222 0009 1B       		.uleb128 0x1b
ARM GAS  C:\Users\ALEXAN~1\AppData\Local\Temp\cclOFXh2.s 			page 6


 223 000a 0E       		.uleb128 0xe
 224 000b 55       		.uleb128 0x55
 225 000c 17       		.uleb128 0x17
 226 000d 11       		.uleb128 0x11
 227 000e 01       		.uleb128 0x1
 228 000f 10       		.uleb128 0x10
 229 0010 17       		.uleb128 0x17
 230 0011 00       		.byte	0
 231 0012 00       		.byte	0
 232 0013 02       		.uleb128 0x2
 233 0014 24       		.uleb128 0x24
 234 0015 00       		.byte	0
 235 0016 0B       		.uleb128 0xb
 236 0017 0B       		.uleb128 0xb
 237 0018 3E       		.uleb128 0x3e
 238 0019 0B       		.uleb128 0xb
 239 001a 03       		.uleb128 0x3
 240 001b 0E       		.uleb128 0xe
 241 001c 00       		.byte	0
 242 001d 00       		.byte	0
 243 001e 03       		.uleb128 0x3
 244 001f 24       		.uleb128 0x24
 245 0020 00       		.byte	0
 246 0021 0B       		.uleb128 0xb
 247 0022 0B       		.uleb128 0xb
 248 0023 3E       		.uleb128 0x3e
 249 0024 0B       		.uleb128 0xb
 250 0025 03       		.uleb128 0x3
 251 0026 08       		.uleb128 0x8
 252 0027 00       		.byte	0
 253 0028 00       		.byte	0
 254 0029 04       		.uleb128 0x4
 255 002a 2E       		.uleb128 0x2e
 256 002b 01       		.byte	0x1
 257 002c 3F       		.uleb128 0x3f
 258 002d 19       		.uleb128 0x19
 259 002e 03       		.uleb128 0x3
 260 002f 0E       		.uleb128 0xe
 261 0030 3A       		.uleb128 0x3a
 262 0031 0B       		.uleb128 0xb
 263 0032 3B       		.uleb128 0x3b
 264 0033 0B       		.uleb128 0xb
 265 0034 27       		.uleb128 0x27
 266 0035 19       		.uleb128 0x19
 267 0036 11       		.uleb128 0x11
 268 0037 01       		.uleb128 0x1
 269 0038 12       		.uleb128 0x12
 270 0039 06       		.uleb128 0x6
 271 003a 40       		.uleb128 0x40
 272 003b 18       		.uleb128 0x18
 273 003c 9742     		.uleb128 0x2117
 274 003e 19       		.uleb128 0x19
 275 003f 01       		.uleb128 0x1
 276 0040 13       		.uleb128 0x13
 277 0041 00       		.byte	0
 278 0042 00       		.byte	0
 279 0043 05       		.uleb128 0x5
ARM GAS  C:\Users\ALEXAN~1\AppData\Local\Temp\cclOFXh2.s 			page 7


 280 0044 898201   		.uleb128 0x4109
 281 0047 00       		.byte	0
 282 0048 11       		.uleb128 0x11
 283 0049 01       		.uleb128 0x1
 284 004a 31       		.uleb128 0x31
 285 004b 13       		.uleb128 0x13
 286 004c 00       		.byte	0
 287 004d 00       		.byte	0
 288 004e 06       		.uleb128 0x6
 289 004f 898201   		.uleb128 0x4109
 290 0052 00       		.byte	0
 291 0053 11       		.uleb128 0x11
 292 0054 01       		.uleb128 0x1
 293 0055 9542     		.uleb128 0x2115
 294 0057 19       		.uleb128 0x19
 295 0058 31       		.uleb128 0x31
 296 0059 13       		.uleb128 0x13
 297 005a 00       		.byte	0
 298 005b 00       		.byte	0
 299 005c 07       		.uleb128 0x7
 300 005d 2E       		.uleb128 0x2e
 301 005e 00       		.byte	0
 302 005f 3F       		.uleb128 0x3f
 303 0060 19       		.uleb128 0x19
 304 0061 3C       		.uleb128 0x3c
 305 0062 19       		.uleb128 0x19
 306 0063 6E       		.uleb128 0x6e
 307 0064 0E       		.uleb128 0xe
 308 0065 03       		.uleb128 0x3
 309 0066 0E       		.uleb128 0xe
 310 0067 3A       		.uleb128 0x3a
 311 0068 0B       		.uleb128 0xb
 312 0069 3B       		.uleb128 0x3b
 313 006a 0B       		.uleb128 0xb
 314 006b 00       		.byte	0
 315 006c 00       		.byte	0
 316 006d 00       		.byte	0
 317              		.section	.debug_aranges,"",%progbits
 318 0000 24000000 		.4byte	0x24
 319 0004 0200     		.2byte	0x2
 320 0006 00000000 		.4byte	.Ldebug_info0
 321 000a 04       		.byte	0x4
 322 000b 00       		.byte	0
 323 000c 0000     		.2byte	0
 324 000e 0000     		.2byte	0
 325 0010 00000000 		.4byte	.LFB0
 326 0014 0E000000 		.4byte	.LFE0-.LFB0
 327 0018 00000000 		.4byte	.LFB1
 328 001c 0E000000 		.4byte	.LFE1-.LFB1
 329 0020 00000000 		.4byte	0
 330 0024 00000000 		.4byte	0
 331              		.section	.debug_ranges,"",%progbits
 332              	.Ldebug_ranges0:
 333 0000 00000000 		.4byte	.LFB0
 334 0004 0E000000 		.4byte	.LFE0
 335 0008 00000000 		.4byte	.LFB1
 336 000c 0E000000 		.4byte	.LFE1
ARM GAS  C:\Users\ALEXAN~1\AppData\Local\Temp\cclOFXh2.s 			page 8


 337 0010 00000000 		.4byte	0
 338 0014 00000000 		.4byte	0
 339              		.section	.debug_line,"",%progbits
 340              	.Ldebug_line0:
 341 0000 BE000000 		.section	.debug_str,"MS",%progbits,1
 341      02009400 
 341      00000201 
 341      FB0E0D00 
 341      01010101 
 342              	.LASF6:
 343 0000 6C6F6E67 		.ascii	"long long int\000"
 343      206C6F6E 
 343      6720696E 
 343      7400
 344              	.LASF8:
 345 000e 756E7369 		.ascii	"unsigned int\000"
 345      676E6564 
 345      20696E74 
 345      00
 346              	.LASF19:
 347 001b 4D617869 		.ascii	"Maximum_Peak_Detector_A_Comp_1_Stop\000"
 347      6D756D5F 
 347      5065616B 
 347      5F446574 
 347      6563746F 
 348              	.LASF5:
 349 003f 6C6F6E67 		.ascii	"long unsigned int\000"
 349      20756E73 
 349      69676E65 
 349      6420696E 
 349      7400
 350              	.LASF7:
 351 0051 6C6F6E67 		.ascii	"long long unsigned int\000"
 351      206C6F6E 
 351      6720756E 
 351      7369676E 
 351      65642069 
 352              	.LASF17:
 353 0068 4D617869 		.ascii	"Maximum_Peak_Detector_A_Comp_1_Start\000"
 353      6D756D5F 
 353      5065616B 
 353      5F446574 
 353      6563746F 
 354              	.LASF9:
 355 008d 666C6F61 		.ascii	"float\000"
 355      7400
 356              	.LASF18:
 357 0093 4D617869 		.ascii	"Maximum_Peak_Detector_A_Sample_Hold_Stop\000"
 357      6D756D5F 
 357      5065616B 
 357      5F446574 
 357      6563746F 
 358              	.LASF1:
 359 00bc 756E7369 		.ascii	"unsigned char\000"
 359      676E6564 
 359      20636861 
 359      7200
ARM GAS  C:\Users\ALEXAN~1\AppData\Local\Temp\cclOFXh2.s 			page 9


 360              	.LASF22:
 361 00ca 433A5C55 		.ascii	"C:\\Users\\Alexander Nielsen\\Desktop\\platooning\\"
 361      73657273 
 361      5C416C65 
 361      78616E64 
 361      6572204E 
 362 00f8 50536F43 		.ascii	"PSoC\\Platooning\\AngleMeasurement.cydsn\000"
 362      5C506C61 
 362      746F6F6E 
 362      696E675C 
 362      416E676C 
 363              	.LASF11:
 364 011f 63686172 		.ascii	"char\000"
 364      00
 365              	.LASF4:
 366 0124 6C6F6E67 		.ascii	"long int\000"
 366      20696E74 
 366      00
 367              	.LASF16:
 368 012d 4D617869 		.ascii	"Maximum_Peak_Detector_A_Sample_Hold_Start\000"
 368      6D756D5F 
 368      5065616B 
 368      5F446574 
 368      6563746F 
 369              	.LASF10:
 370 0157 646F7562 		.ascii	"double\000"
 370      6C6500
 371              	.LASF20:
 372 015e 474E5520 		.ascii	"GNU C11 5.4.1 20160609 (release) [ARM/embedded-5-br"
 372      43313120 
 372      352E342E 
 372      31203230 
 372      31363036 
 373 0191 616E6368 		.ascii	"anch revision 237715] -mcpu=cortex-m3 -mthumb -g -O"
 373      20726576 
 373      6973696F 
 373      6E203233 
 373      37373135 
 374 01c4 73202D66 		.ascii	"s -ffunction-sections -ffat-lto-objects\000"
 374      66756E63 
 374      74696F6E 
 374      2D736563 
 374      74696F6E 
 375              	.LASF3:
 376 01ec 73686F72 		.ascii	"short unsigned int\000"
 376      7420756E 
 376      7369676E 
 376      65642069 
 376      6E7400
 377              	.LASF0:
 378 01ff 7369676E 		.ascii	"signed char\000"
 378      65642063 
 378      68617200 
 379              	.LASF21:
 380 020b 47656E65 		.ascii	"Generated_Source\\PSoC5\\Maximum_Peak_Detector_A.c\000"
 380      72617465 
 380      645F536F 
ARM GAS  C:\Users\ALEXAN~1\AppData\Local\Temp\cclOFXh2.s 			page 10


 380      75726365 
 380      5C50536F 
 381              	.LASF12:
 382 023c 6C6F6E67 		.ascii	"long double\000"
 382      20646F75 
 382      626C6500 
 383              	.LASF14:
 384 0248 4D617869 		.ascii	"Maximum_Peak_Detector_A_Start\000"
 384      6D756D5F 
 384      5065616B 
 384      5F446574 
 384      6563746F 
 385              	.LASF2:
 386 0266 73686F72 		.ascii	"short int\000"
 386      7420696E 
 386      7400
 387              	.LASF13:
 388 0270 73697A65 		.ascii	"sizetype\000"
 388      74797065 
 388      00
 389              	.LASF15:
 390 0279 4D617869 		.ascii	"Maximum_Peak_Detector_A_Stop\000"
 390      6D756D5F 
 390      5065616B 
 390      5F446574 
 390      6563746F 
 391              		.ident	"GCC: (GNU Tools for ARM Embedded Processors) 5.4.1 20160609 (release) [ARM/embedded-5-bran
