ARM GAS  C:\Users\ALEXAN~1\AppData\Local\Temp\ccA8ruZM.s 			page 1


   1              		.syntax unified
   2              		.cpu cortex-m3
   3              		.fpu softvfp
   4              		.eabi_attribute 20, 1
   5              		.eabi_attribute 21, 1
   6              		.eabi_attribute 23, 3
   7              		.eabi_attribute 24, 1
   8              		.eabi_attribute 25, 1
   9              		.eabi_attribute 26, 1
  10              		.eabi_attribute 30, 4
  11              		.eabi_attribute 34, 1
  12              		.eabi_attribute 18, 4
  13              		.thumb
  14              		.syntax unified
  15              		.file	"Maximum_Peak_Detector_B_Sample_Hold_PM.c"
  16              		.text
  17              	.Ltext0:
  18              		.cfi_sections	.debug_frame
  19              		.section	.text.Maximum_Peak_Detector_B_Sample_Hold_SaveConfig,"ax",%progbits
  20              		.align	1
  21              		.global	Maximum_Peak_Detector_B_Sample_Hold_SaveConfig
  22              		.thumb
  23              		.thumb_func
  24              		.type	Maximum_Peak_Detector_B_Sample_Hold_SaveConfig, %function
  25              	Maximum_Peak_Detector_B_Sample_Hold_SaveConfig:
  26              	.LFB5:
  27              		.cfi_startproc
  28              		@ args = 0, pretend = 0, frame = 0
  29              		@ frame_needed = 0, uses_anonymous_args = 0
  30              		@ link register save eliminated.
  31 0000 7047     		bx	lr
  32              		.cfi_endproc
  33              	.LFE5:
  34              		.size	Maximum_Peak_Detector_B_Sample_Hold_SaveConfig, .-Maximum_Peak_Detector_B_Sample_Hold_SaveCo
  35              		.section	.text.Maximum_Peak_Detector_B_Sample_Hold_RestoreConfig,"ax",%progbits
  36              		.align	1
  37              		.global	Maximum_Peak_Detector_B_Sample_Hold_RestoreConfig
  38              		.thumb
  39              		.thumb_func
  40              		.type	Maximum_Peak_Detector_B_Sample_Hold_RestoreConfig, %function
  41              	Maximum_Peak_Detector_B_Sample_Hold_RestoreConfig:
  42              	.LFB1:
  43              		.file 1 "Generated_Source\\PSoC5\\Maximum_Peak_Detector_B_Sample_Hold_PM.c"
   1:Generated_Source\PSoC5/Maximum_Peak_Detector_B_Sample_Hold_PM.c **** /*******************************************************************************
   2:Generated_Source\PSoC5/Maximum_Peak_Detector_B_Sample_Hold_PM.c **** * File Name: Maximum_Peak_Detector_B_Sample_Hold_PM.c  
   3:Generated_Source\PSoC5/Maximum_Peak_Detector_B_Sample_Hold_PM.c **** * Version 2.0
   4:Generated_Source\PSoC5/Maximum_Peak_Detector_B_Sample_Hold_PM.c **** *
   5:Generated_Source\PSoC5/Maximum_Peak_Detector_B_Sample_Hold_PM.c **** * Description:
   6:Generated_Source\PSoC5/Maximum_Peak_Detector_B_Sample_Hold_PM.c **** *  This file provides the power manager source code to the API for 
   7:Generated_Source\PSoC5/Maximum_Peak_Detector_B_Sample_Hold_PM.c **** *  the MIXER component.
   8:Generated_Source\PSoC5/Maximum_Peak_Detector_B_Sample_Hold_PM.c **** *
   9:Generated_Source\PSoC5/Maximum_Peak_Detector_B_Sample_Hold_PM.c **** * Note:
  10:Generated_Source\PSoC5/Maximum_Peak_Detector_B_Sample_Hold_PM.c **** *
  11:Generated_Source\PSoC5/Maximum_Peak_Detector_B_Sample_Hold_PM.c **** *******************************************************************************
  12:Generated_Source\PSoC5/Maximum_Peak_Detector_B_Sample_Hold_PM.c **** * Copyright 2008-2012, Cypress Semiconductor Corporation.  All rights reserved.
  13:Generated_Source\PSoC5/Maximum_Peak_Detector_B_Sample_Hold_PM.c **** * You may use this file only in accordance with the license, terms, conditions, 
  14:Generated_Source\PSoC5/Maximum_Peak_Detector_B_Sample_Hold_PM.c **** * disclaimers, and limitations in the end user license agreement accompanying 
ARM GAS  C:\Users\ALEXAN~1\AppData\Local\Temp\ccA8ruZM.s 			page 2


  15:Generated_Source\PSoC5/Maximum_Peak_Detector_B_Sample_Hold_PM.c **** * the software package with which this file was provided.
  16:Generated_Source\PSoC5/Maximum_Peak_Detector_B_Sample_Hold_PM.c **** *******************************************************************************/
  17:Generated_Source\PSoC5/Maximum_Peak_Detector_B_Sample_Hold_PM.c **** 
  18:Generated_Source\PSoC5/Maximum_Peak_Detector_B_Sample_Hold_PM.c **** #include "Maximum_Peak_Detector_B_Sample_Hold.h"
  19:Generated_Source\PSoC5/Maximum_Peak_Detector_B_Sample_Hold_PM.c **** 
  20:Generated_Source\PSoC5/Maximum_Peak_Detector_B_Sample_Hold_PM.c **** static Maximum_Peak_Detector_B_Sample_Hold_backupStruct  Maximum_Peak_Detector_B_Sample_Hold_backup
  21:Generated_Source\PSoC5/Maximum_Peak_Detector_B_Sample_Hold_PM.c **** 
  22:Generated_Source\PSoC5/Maximum_Peak_Detector_B_Sample_Hold_PM.c **** 
  23:Generated_Source\PSoC5/Maximum_Peak_Detector_B_Sample_Hold_PM.c **** /*******************************************************************************
  24:Generated_Source\PSoC5/Maximum_Peak_Detector_B_Sample_Hold_PM.c **** * Function Name: Maximum_Peak_Detector_B_Sample_Hold_SaveConfig
  25:Generated_Source\PSoC5/Maximum_Peak_Detector_B_Sample_Hold_PM.c **** ********************************************************************************
  26:Generated_Source\PSoC5/Maximum_Peak_Detector_B_Sample_Hold_PM.c **** *
  27:Generated_Source\PSoC5/Maximum_Peak_Detector_B_Sample_Hold_PM.c **** * Summary:
  28:Generated_Source\PSoC5/Maximum_Peak_Detector_B_Sample_Hold_PM.c **** *  Saves the current user configuration.
  29:Generated_Source\PSoC5/Maximum_Peak_Detector_B_Sample_Hold_PM.c **** *  
  30:Generated_Source\PSoC5/Maximum_Peak_Detector_B_Sample_Hold_PM.c **** * Parameters:  
  31:Generated_Source\PSoC5/Maximum_Peak_Detector_B_Sample_Hold_PM.c **** *  void.
  32:Generated_Source\PSoC5/Maximum_Peak_Detector_B_Sample_Hold_PM.c **** *
  33:Generated_Source\PSoC5/Maximum_Peak_Detector_B_Sample_Hold_PM.c **** * Return: 
  34:Generated_Source\PSoC5/Maximum_Peak_Detector_B_Sample_Hold_PM.c **** *  void.
  35:Generated_Source\PSoC5/Maximum_Peak_Detector_B_Sample_Hold_PM.c **** *
  36:Generated_Source\PSoC5/Maximum_Peak_Detector_B_Sample_Hold_PM.c **** *******************************************************************************/
  37:Generated_Source\PSoC5/Maximum_Peak_Detector_B_Sample_Hold_PM.c **** void Maximum_Peak_Detector_B_Sample_Hold_SaveConfig(void) 
  38:Generated_Source\PSoC5/Maximum_Peak_Detector_B_Sample_Hold_PM.c **** {
  39:Generated_Source\PSoC5/Maximum_Peak_Detector_B_Sample_Hold_PM.c ****     /* Nothing to save before entering into sleep mode as all the registers used 
  40:Generated_Source\PSoC5/Maximum_Peak_Detector_B_Sample_Hold_PM.c ****        here are retension registers. */
  41:Generated_Source\PSoC5/Maximum_Peak_Detector_B_Sample_Hold_PM.c **** }
  42:Generated_Source\PSoC5/Maximum_Peak_Detector_B_Sample_Hold_PM.c **** 
  43:Generated_Source\PSoC5/Maximum_Peak_Detector_B_Sample_Hold_PM.c **** 
  44:Generated_Source\PSoC5/Maximum_Peak_Detector_B_Sample_Hold_PM.c **** /*******************************************************************************
  45:Generated_Source\PSoC5/Maximum_Peak_Detector_B_Sample_Hold_PM.c **** * Function Name: Maximum_Peak_Detector_B_Sample_Hold_RestoreConfig
  46:Generated_Source\PSoC5/Maximum_Peak_Detector_B_Sample_Hold_PM.c **** ********************************************************************************
  47:Generated_Source\PSoC5/Maximum_Peak_Detector_B_Sample_Hold_PM.c **** *
  48:Generated_Source\PSoC5/Maximum_Peak_Detector_B_Sample_Hold_PM.c **** * Summary:
  49:Generated_Source\PSoC5/Maximum_Peak_Detector_B_Sample_Hold_PM.c **** *  Restores the current user configuration.
  50:Generated_Source\PSoC5/Maximum_Peak_Detector_B_Sample_Hold_PM.c **** *
  51:Generated_Source\PSoC5/Maximum_Peak_Detector_B_Sample_Hold_PM.c **** * Parameters:  
  52:Generated_Source\PSoC5/Maximum_Peak_Detector_B_Sample_Hold_PM.c **** *  void.
  53:Generated_Source\PSoC5/Maximum_Peak_Detector_B_Sample_Hold_PM.c **** *
  54:Generated_Source\PSoC5/Maximum_Peak_Detector_B_Sample_Hold_PM.c **** * Return: 
  55:Generated_Source\PSoC5/Maximum_Peak_Detector_B_Sample_Hold_PM.c **** *  void
  56:Generated_Source\PSoC5/Maximum_Peak_Detector_B_Sample_Hold_PM.c **** *
  57:Generated_Source\PSoC5/Maximum_Peak_Detector_B_Sample_Hold_PM.c **** *******************************************************************************/
  58:Generated_Source\PSoC5/Maximum_Peak_Detector_B_Sample_Hold_PM.c **** void Maximum_Peak_Detector_B_Sample_Hold_RestoreConfig(void) 
  59:Generated_Source\PSoC5/Maximum_Peak_Detector_B_Sample_Hold_PM.c **** {
  44              		.loc 1 59 0
  45              		.cfi_startproc
  46              		@ args = 0, pretend = 0, frame = 0
  47              		@ frame_needed = 0, uses_anonymous_args = 0
  48              		@ link register save eliminated.
  49 0000 7047     		bx	lr
  50              		.cfi_endproc
  51              	.LFE1:
  52              		.size	Maximum_Peak_Detector_B_Sample_Hold_RestoreConfig, .-Maximum_Peak_Detector_B_Sample_Hold_Res
  53              		.section	.text.Maximum_Peak_Detector_B_Sample_Hold_Sleep,"ax",%progbits
  54              		.align	1
  55              		.global	Maximum_Peak_Detector_B_Sample_Hold_Sleep
ARM GAS  C:\Users\ALEXAN~1\AppData\Local\Temp\ccA8ruZM.s 			page 3


  56              		.thumb
  57              		.thumb_func
  58              		.type	Maximum_Peak_Detector_B_Sample_Hold_Sleep, %function
  59              	Maximum_Peak_Detector_B_Sample_Hold_Sleep:
  60              	.LFB2:
  60:Generated_Source\PSoC5/Maximum_Peak_Detector_B_Sample_Hold_PM.c ****     /* Nothing to restore */
  61:Generated_Source\PSoC5/Maximum_Peak_Detector_B_Sample_Hold_PM.c **** }
  62:Generated_Source\PSoC5/Maximum_Peak_Detector_B_Sample_Hold_PM.c **** 
  63:Generated_Source\PSoC5/Maximum_Peak_Detector_B_Sample_Hold_PM.c **** 
  64:Generated_Source\PSoC5/Maximum_Peak_Detector_B_Sample_Hold_PM.c **** /*******************************************************************************
  65:Generated_Source\PSoC5/Maximum_Peak_Detector_B_Sample_Hold_PM.c **** * Function Name: Maximum_Peak_Detector_B_Sample_Hold_Sleep
  66:Generated_Source\PSoC5/Maximum_Peak_Detector_B_Sample_Hold_PM.c **** ********************************************************************************
  67:Generated_Source\PSoC5/Maximum_Peak_Detector_B_Sample_Hold_PM.c **** *
  68:Generated_Source\PSoC5/Maximum_Peak_Detector_B_Sample_Hold_PM.c **** * Summary:
  69:Generated_Source\PSoC5/Maximum_Peak_Detector_B_Sample_Hold_PM.c **** *  Disables block's operation and saves its configuration. Should be called 
  70:Generated_Source\PSoC5/Maximum_Peak_Detector_B_Sample_Hold_PM.c **** *  just prior to entering sleep.
  71:Generated_Source\PSoC5/Maximum_Peak_Detector_B_Sample_Hold_PM.c **** *  
  72:Generated_Source\PSoC5/Maximum_Peak_Detector_B_Sample_Hold_PM.c **** * Parameters:  
  73:Generated_Source\PSoC5/Maximum_Peak_Detector_B_Sample_Hold_PM.c **** *  None
  74:Generated_Source\PSoC5/Maximum_Peak_Detector_B_Sample_Hold_PM.c **** *
  75:Generated_Source\PSoC5/Maximum_Peak_Detector_B_Sample_Hold_PM.c **** * Return: 
  76:Generated_Source\PSoC5/Maximum_Peak_Detector_B_Sample_Hold_PM.c **** *  None
  77:Generated_Source\PSoC5/Maximum_Peak_Detector_B_Sample_Hold_PM.c **** *
  78:Generated_Source\PSoC5/Maximum_Peak_Detector_B_Sample_Hold_PM.c **** * Global variables:
  79:Generated_Source\PSoC5/Maximum_Peak_Detector_B_Sample_Hold_PM.c **** *  Maximum_Peak_Detector_B_Sample_Hold_backup:  The structure field 'enableState' is modified 
  80:Generated_Source\PSoC5/Maximum_Peak_Detector_B_Sample_Hold_PM.c **** *  depending on the enable state of the block before entering to sleep mode.
  81:Generated_Source\PSoC5/Maximum_Peak_Detector_B_Sample_Hold_PM.c **** *
  82:Generated_Source\PSoC5/Maximum_Peak_Detector_B_Sample_Hold_PM.c **** *******************************************************************************/
  83:Generated_Source\PSoC5/Maximum_Peak_Detector_B_Sample_Hold_PM.c **** void Maximum_Peak_Detector_B_Sample_Hold_Sleep(void) 
  84:Generated_Source\PSoC5/Maximum_Peak_Detector_B_Sample_Hold_PM.c **** {
  61              		.loc 1 84 0
  62              		.cfi_startproc
  63              		@ args = 0, pretend = 0, frame = 0
  64              		@ frame_needed = 0, uses_anonymous_args = 0
  65              		@ link register save eliminated.
  85:Generated_Source\PSoC5/Maximum_Peak_Detector_B_Sample_Hold_PM.c ****     /* Save Mixer enable state */
  86:Generated_Source\PSoC5/Maximum_Peak_Detector_B_Sample_Hold_PM.c ****     if((Maximum_Peak_Detector_B_Sample_Hold_PM_ACT_CFG_REG & Maximum_Peak_Detector_B_Sample_Hold_AC
  66              		.loc 1 86 0
  67 0000 054B     		ldr	r3, .L6
  68 0002 064A     		ldr	r2, .L6+4
  69 0004 1B78     		ldrb	r3, [r3]	@ zero_extendqisi2
  70 0006 13F00103 		ands	r3, r3, #1
  71 000a 03D0     		beq	.L4
  87:Generated_Source\PSoC5/Maximum_Peak_Detector_B_Sample_Hold_PM.c ****     {
  88:Generated_Source\PSoC5/Maximum_Peak_Detector_B_Sample_Hold_PM.c ****         /* Component is enabled */
  89:Generated_Source\PSoC5/Maximum_Peak_Detector_B_Sample_Hold_PM.c ****         Maximum_Peak_Detector_B_Sample_Hold_backup.enableState = 1u;
  72              		.loc 1 89 0
  73 000c 0123     		movs	r3, #1
  74 000e 1370     		strb	r3, [r2]
  90:Generated_Source\PSoC5/Maximum_Peak_Detector_B_Sample_Hold_PM.c ****         /* Stop the configuration */
  91:Generated_Source\PSoC5/Maximum_Peak_Detector_B_Sample_Hold_PM.c ****         Maximum_Peak_Detector_B_Sample_Hold_Stop();
  75              		.loc 1 91 0
  76 0010 FFF7FEBF 		b	Maximum_Peak_Detector_B_Sample_Hold_Stop
  77              	.LVL0:
  78              	.L4:
  92:Generated_Source\PSoC5/Maximum_Peak_Detector_B_Sample_Hold_PM.c ****     }
  93:Generated_Source\PSoC5/Maximum_Peak_Detector_B_Sample_Hold_PM.c ****     else
ARM GAS  C:\Users\ALEXAN~1\AppData\Local\Temp\ccA8ruZM.s 			page 4


  94:Generated_Source\PSoC5/Maximum_Peak_Detector_B_Sample_Hold_PM.c ****     {
  95:Generated_Source\PSoC5/Maximum_Peak_Detector_B_Sample_Hold_PM.c ****         /* Component is disabled */
  96:Generated_Source\PSoC5/Maximum_Peak_Detector_B_Sample_Hold_PM.c ****         Maximum_Peak_Detector_B_Sample_Hold_backup.enableState = 0u;
  79              		.loc 1 96 0
  80 0014 1370     		strb	r3, [r2]
  81 0016 7047     		bx	lr
  82              	.L7:
  83              		.align	2
  84              	.L6:
  85 0018 A9430040 		.word	1073759145
  86 001c 00000000 		.word	.LANCHOR0
  87              		.cfi_endproc
  88              	.LFE2:
  89              		.size	Maximum_Peak_Detector_B_Sample_Hold_Sleep, .-Maximum_Peak_Detector_B_Sample_Hold_Sleep
  90              		.section	.text.Maximum_Peak_Detector_B_Sample_Hold_Wakeup,"ax",%progbits
  91              		.align	1
  92              		.global	Maximum_Peak_Detector_B_Sample_Hold_Wakeup
  93              		.thumb
  94              		.thumb_func
  95              		.type	Maximum_Peak_Detector_B_Sample_Hold_Wakeup, %function
  96              	Maximum_Peak_Detector_B_Sample_Hold_Wakeup:
  97              	.LFB3:
  97:Generated_Source\PSoC5/Maximum_Peak_Detector_B_Sample_Hold_PM.c ****     }
  98:Generated_Source\PSoC5/Maximum_Peak_Detector_B_Sample_Hold_PM.c ****     /* Saves the user configuration */
  99:Generated_Source\PSoC5/Maximum_Peak_Detector_B_Sample_Hold_PM.c ****     Maximum_Peak_Detector_B_Sample_Hold_SaveConfig();
 100:Generated_Source\PSoC5/Maximum_Peak_Detector_B_Sample_Hold_PM.c **** }
 101:Generated_Source\PSoC5/Maximum_Peak_Detector_B_Sample_Hold_PM.c **** 
 102:Generated_Source\PSoC5/Maximum_Peak_Detector_B_Sample_Hold_PM.c **** 
 103:Generated_Source\PSoC5/Maximum_Peak_Detector_B_Sample_Hold_PM.c **** /*******************************************************************************
 104:Generated_Source\PSoC5/Maximum_Peak_Detector_B_Sample_Hold_PM.c **** * Function Name: Maximum_Peak_Detector_B_Sample_Hold_Wakeup
 105:Generated_Source\PSoC5/Maximum_Peak_Detector_B_Sample_Hold_PM.c **** ********************************************************************************
 106:Generated_Source\PSoC5/Maximum_Peak_Detector_B_Sample_Hold_PM.c **** *
 107:Generated_Source\PSoC5/Maximum_Peak_Detector_B_Sample_Hold_PM.c **** * Summary:
 108:Generated_Source\PSoC5/Maximum_Peak_Detector_B_Sample_Hold_PM.c **** *  Enables block's operation and restores its configuration. Should be called
 109:Generated_Source\PSoC5/Maximum_Peak_Detector_B_Sample_Hold_PM.c **** *  just after awaking from sleep.
 110:Generated_Source\PSoC5/Maximum_Peak_Detector_B_Sample_Hold_PM.c **** *  
 111:Generated_Source\PSoC5/Maximum_Peak_Detector_B_Sample_Hold_PM.c **** * Parameters:  
 112:Generated_Source\PSoC5/Maximum_Peak_Detector_B_Sample_Hold_PM.c **** *  None
 113:Generated_Source\PSoC5/Maximum_Peak_Detector_B_Sample_Hold_PM.c **** *
 114:Generated_Source\PSoC5/Maximum_Peak_Detector_B_Sample_Hold_PM.c **** * Return: 
 115:Generated_Source\PSoC5/Maximum_Peak_Detector_B_Sample_Hold_PM.c **** *  void
 116:Generated_Source\PSoC5/Maximum_Peak_Detector_B_Sample_Hold_PM.c **** *
 117:Generated_Source\PSoC5/Maximum_Peak_Detector_B_Sample_Hold_PM.c **** * Global variables:
 118:Generated_Source\PSoC5/Maximum_Peak_Detector_B_Sample_Hold_PM.c **** *  Maximum_Peak_Detector_B_Sample_Hold_backup:  The structure field 'enableState' is used to 
 119:Generated_Source\PSoC5/Maximum_Peak_Detector_B_Sample_Hold_PM.c **** *  restore the enable state of block after wakeup from sleep mode.
 120:Generated_Source\PSoC5/Maximum_Peak_Detector_B_Sample_Hold_PM.c **** *
 121:Generated_Source\PSoC5/Maximum_Peak_Detector_B_Sample_Hold_PM.c **** *******************************************************************************/
 122:Generated_Source\PSoC5/Maximum_Peak_Detector_B_Sample_Hold_PM.c **** void Maximum_Peak_Detector_B_Sample_Hold_Wakeup(void) 
 123:Generated_Source\PSoC5/Maximum_Peak_Detector_B_Sample_Hold_PM.c **** {
  98              		.loc 1 123 0
  99              		.cfi_startproc
 100              		@ args = 0, pretend = 0, frame = 0
 101              		@ frame_needed = 0, uses_anonymous_args = 0
 102              		@ link register save eliminated.
 124:Generated_Source\PSoC5/Maximum_Peak_Detector_B_Sample_Hold_PM.c ****     /* Restore the user configuration */
 125:Generated_Source\PSoC5/Maximum_Peak_Detector_B_Sample_Hold_PM.c ****     Maximum_Peak_Detector_B_Sample_Hold_RestoreConfig();
 126:Generated_Source\PSoC5/Maximum_Peak_Detector_B_Sample_Hold_PM.c ****     
ARM GAS  C:\Users\ALEXAN~1\AppData\Local\Temp\ccA8ruZM.s 			page 5


 127:Generated_Source\PSoC5/Maximum_Peak_Detector_B_Sample_Hold_PM.c ****     /* Enable's the component operation */
 128:Generated_Source\PSoC5/Maximum_Peak_Detector_B_Sample_Hold_PM.c ****     if(Maximum_Peak_Detector_B_Sample_Hold_backup.enableState == 1u)
 103              		.loc 1 128 0
 104 0000 034B     		ldr	r3, .L10
 105 0002 1B78     		ldrb	r3, [r3]	@ zero_extendqisi2
 106 0004 012B     		cmp	r3, #1
 107 0006 01D1     		bne	.L8
 129:Generated_Source\PSoC5/Maximum_Peak_Detector_B_Sample_Hold_PM.c ****     {
 130:Generated_Source\PSoC5/Maximum_Peak_Detector_B_Sample_Hold_PM.c ****         Maximum_Peak_Detector_B_Sample_Hold_Enable();
 108              		.loc 1 130 0
 109 0008 FFF7FEBF 		b	Maximum_Peak_Detector_B_Sample_Hold_Enable
 110              	.LVL1:
 111              	.L8:
 112 000c 7047     		bx	lr
 113              	.L11:
 114 000e 00BF     		.align	2
 115              	.L10:
 116 0010 00000000 		.word	.LANCHOR0
 117              		.cfi_endproc
 118              	.LFE3:
 119              		.size	Maximum_Peak_Detector_B_Sample_Hold_Wakeup, .-Maximum_Peak_Detector_B_Sample_Hold_Wakeup
 120              		.bss
 121              		.set	.LANCHOR0,. + 0
 122              		.type	Maximum_Peak_Detector_B_Sample_Hold_backup, %object
 123              		.size	Maximum_Peak_Detector_B_Sample_Hold_backup, 4
 124              	Maximum_Peak_Detector_B_Sample_Hold_backup:
 125 0000 00000000 		.space	4
 126              		.text
 127              	.Letext0:
 128              		.file 2 "Generated_Source\\PSoC5\\cytypes.h"
 129              		.file 3 "Generated_Source\\PSoC5\\Maximum_Peak_Detector_B_Sample_Hold.h"
 130              		.section	.debug_info,"",%progbits
 131              	.Ldebug_info0:
 132 0000 70010000 		.4byte	0x170
 133 0004 0400     		.2byte	0x4
 134 0006 00000000 		.4byte	.Ldebug_abbrev0
 135 000a 04       		.byte	0x4
 136 000b 01       		.uleb128 0x1
 137 000c 06010000 		.4byte	.LASF27
 138 0010 0C       		.byte	0xc
 139 0011 FC020000 		.4byte	.LASF28
 140 0015 31000000 		.4byte	.LASF29
 141 0019 00000000 		.4byte	.Ldebug_ranges0+0
 142 001d 00000000 		.4byte	0
 143 0021 00000000 		.4byte	.Ldebug_line0
 144 0025 02       		.uleb128 0x2
 145 0026 01       		.byte	0x1
 146 0027 06       		.byte	0x6
 147 0028 E7020000 		.4byte	.LASF0
 148 002c 02       		.uleb128 0x2
 149 002d 01       		.byte	0x1
 150 002e 08       		.byte	0x8
 151 002f F3000000 		.4byte	.LASF1
 152 0033 02       		.uleb128 0x2
 153 0034 02       		.byte	0x2
 154 0035 05       		.byte	0x5
 155 0036 91020000 		.4byte	.LASF2
ARM GAS  C:\Users\ALEXAN~1\AppData\Local\Temp\ccA8ruZM.s 			page 6


 156 003a 02       		.uleb128 0x2
 157 003b 02       		.byte	0x2
 158 003c 07       		.byte	0x7
 159 003d 86000000 		.4byte	.LASF3
 160 0041 02       		.uleb128 0x2
 161 0042 04       		.byte	0x4
 162 0043 05       		.byte	0x5
 163 0044 C6020000 		.4byte	.LASF4
 164 0048 02       		.uleb128 0x2
 165 0049 04       		.byte	0x4
 166 004a 07       		.byte	0x7
 167 004b D9010000 		.4byte	.LASF5
 168 004f 02       		.uleb128 0x2
 169 0050 08       		.byte	0x8
 170 0051 05       		.byte	0x5
 171 0052 43020000 		.4byte	.LASF6
 172 0056 02       		.uleb128 0x2
 173 0057 08       		.byte	0x8
 174 0058 07       		.byte	0x7
 175 0059 23020000 		.4byte	.LASF7
 176 005d 03       		.uleb128 0x3
 177 005e 04       		.byte	0x4
 178 005f 05       		.byte	0x5
 179 0060 696E7400 		.ascii	"int\000"
 180 0064 02       		.uleb128 0x2
 181 0065 04       		.byte	0x4
 182 0066 07       		.byte	0x7
 183 0067 EB010000 		.4byte	.LASF8
 184 006b 04       		.uleb128 0x4
 185 006c 94010000 		.4byte	.LASF12
 186 0070 02       		.byte	0x2
 187 0071 9201     		.2byte	0x192
 188 0073 2C000000 		.4byte	0x2c
 189 0077 02       		.uleb128 0x2
 190 0078 04       		.byte	0x4
 191 0079 04       		.byte	0x4
 192 007a C4000000 		.4byte	.LASF9
 193 007e 02       		.uleb128 0x2
 194 007f 08       		.byte	0x8
 195 0080 04       		.byte	0x4
 196 0081 C9010000 		.4byte	.LASF10
 197 0085 02       		.uleb128 0x2
 198 0086 01       		.byte	0x1
 199 0087 08       		.byte	0x8
 200 0088 5A020000 		.4byte	.LASF11
 201 008c 04       		.uleb128 0x4
 202 008d 01010000 		.4byte	.LASF13
 203 0091 02       		.byte	0x2
 204 0092 3C02     		.2byte	0x23c
 205 0094 98000000 		.4byte	0x98
 206 0098 05       		.uleb128 0x5
 207 0099 6B000000 		.4byte	0x6b
 208 009d 02       		.uleb128 0x2
 209 009e 08       		.byte	0x8
 210 009f 04       		.byte	0x4
 211 00a0 DB020000 		.4byte	.LASF14
 212 00a4 02       		.uleb128 0x2
ARM GAS  C:\Users\ALEXAN~1\AppData\Local\Temp\ccA8ruZM.s 			page 7


 213 00a5 04       		.byte	0x4
 214 00a6 07       		.byte	0x7
 215 00a7 3A020000 		.4byte	.LASF15
 216 00ab 06       		.uleb128 0x6
 217 00ac 04       		.byte	0x4
 218 00ad 03       		.byte	0x3
 219 00ae 2E       		.byte	0x2e
 220 00af E4000000 		.4byte	0xe4
 221 00b3 07       		.uleb128 0x7
 222 00b4 CF020000 		.4byte	.LASF16
 223 00b8 03       		.byte	0x3
 224 00b9 30       		.byte	0x30
 225 00ba 6B000000 		.4byte	0x6b
 226 00be 00       		.byte	0
 227 00bf 07       		.uleb128 0x7
 228 00c0 D0010000 		.4byte	.LASF17
 229 00c4 03       		.byte	0x3
 230 00c5 31       		.byte	0x31
 231 00c6 6B000000 		.4byte	0x6b
 232 00ca 01       		.byte	0x1
 233 00cb 07       		.uleb128 0x7
 234 00cc 51020000 		.4byte	.LASF18
 235 00d0 03       		.byte	0x3
 236 00d1 32       		.byte	0x32
 237 00d2 6B000000 		.4byte	0x6b
 238 00d6 02       		.byte	0x2
 239 00d7 07       		.uleb128 0x7
 240 00d8 F3020000 		.4byte	.LASF19
 241 00dc 03       		.byte	0x3
 242 00dd 33       		.byte	0x33
 243 00de 6B000000 		.4byte	0x6b
 244 00e2 03       		.byte	0x3
 245 00e3 00       		.byte	0
 246 00e4 08       		.uleb128 0x8
 247 00e5 00000000 		.4byte	.LASF20
 248 00e9 03       		.byte	0x3
 249 00ea 34       		.byte	0x34
 250 00eb AB000000 		.4byte	0xab
 251 00ef 09       		.uleb128 0x9
 252 00f0 9A010000 		.4byte	.LASF21
 253 00f4 01       		.byte	0x1
 254 00f5 25       		.byte	0x25
 255 00f6 01       		.byte	0x1
 256 00f7 09       		.uleb128 0x9
 257 00f8 5F020000 		.4byte	.LASF22
 258 00fc 01       		.byte	0x1
 259 00fd 3A       		.byte	0x3a
 260 00fe 01       		.byte	0x1
 261 00ff 0A       		.uleb128 0xa
 262 0100 F7000000 		.4byte	0xf7
 263 0104 00000000 		.4byte	.LFB1
 264 0108 02000000 		.4byte	.LFE1-.LFB1
 265 010c 01       		.uleb128 0x1
 266 010d 9C       		.byte	0x9c
 267 010e 0B       		.uleb128 0xb
 268 010f 3C030000 		.4byte	.LASF23
 269 0113 01       		.byte	0x1
ARM GAS  C:\Users\ALEXAN~1\AppData\Local\Temp\ccA8ruZM.s 			page 8


 270 0114 53       		.byte	0x53
 271 0115 00000000 		.4byte	.LFB2
 272 0119 20000000 		.4byte	.LFE2-.LFB2
 273 011d 01       		.uleb128 0x1
 274 011e 9C       		.byte	0x9c
 275 011f 2D010000 		.4byte	0x12d
 276 0123 0C       		.uleb128 0xc
 277 0124 14000000 		.4byte	.LVL0
 278 0128 5D010000 		.4byte	0x15d
 279 012c 00       		.byte	0
 280 012d 0B       		.uleb128 0xb
 281 012e 9B020000 		.4byte	.LASF24
 282 0132 01       		.byte	0x1
 283 0133 7A       		.byte	0x7a
 284 0134 00000000 		.4byte	.LFB3
 285 0138 14000000 		.4byte	.LFE3-.LFB3
 286 013c 01       		.uleb128 0x1
 287 013d 9C       		.byte	0x9c
 288 013e 4C010000 		.4byte	0x14c
 289 0142 0C       		.uleb128 0xc
 290 0143 0C000000 		.4byte	.LVL1
 291 0147 68010000 		.4byte	0x168
 292 014b 00       		.byte	0
 293 014c 0D       		.uleb128 0xd
 294 014d F8010000 		.4byte	.LASF30
 295 0151 01       		.byte	0x1
 296 0152 14       		.byte	0x14
 297 0153 E4000000 		.4byte	0xe4
 298 0157 05       		.uleb128 0x5
 299 0158 03       		.byte	0x3
 300 0159 00000000 		.4byte	Maximum_Peak_Detector_B_Sample_Hold_backup
 301 015d 0E       		.uleb128 0xe
 302 015e CA000000 		.4byte	.LASF25
 303 0162 CA000000 		.4byte	.LASF25
 304 0166 03       		.byte	0x3
 305 0167 3E       		.byte	0x3e
 306 0168 0E       		.uleb128 0xe
 307 0169 99000000 		.4byte	.LASF26
 308 016d 99000000 		.4byte	.LASF26
 309 0171 03       		.byte	0x3
 310 0172 45       		.byte	0x45
 311 0173 00       		.byte	0
 312              		.section	.debug_abbrev,"",%progbits
 313              	.Ldebug_abbrev0:
 314 0000 01       		.uleb128 0x1
 315 0001 11       		.uleb128 0x11
 316 0002 01       		.byte	0x1
 317 0003 25       		.uleb128 0x25
 318 0004 0E       		.uleb128 0xe
 319 0005 13       		.uleb128 0x13
 320 0006 0B       		.uleb128 0xb
 321 0007 03       		.uleb128 0x3
 322 0008 0E       		.uleb128 0xe
 323 0009 1B       		.uleb128 0x1b
 324 000a 0E       		.uleb128 0xe
 325 000b 55       		.uleb128 0x55
 326 000c 17       		.uleb128 0x17
ARM GAS  C:\Users\ALEXAN~1\AppData\Local\Temp\ccA8ruZM.s 			page 9


 327 000d 11       		.uleb128 0x11
 328 000e 01       		.uleb128 0x1
 329 000f 10       		.uleb128 0x10
 330 0010 17       		.uleb128 0x17
 331 0011 00       		.byte	0
 332 0012 00       		.byte	0
 333 0013 02       		.uleb128 0x2
 334 0014 24       		.uleb128 0x24
 335 0015 00       		.byte	0
 336 0016 0B       		.uleb128 0xb
 337 0017 0B       		.uleb128 0xb
 338 0018 3E       		.uleb128 0x3e
 339 0019 0B       		.uleb128 0xb
 340 001a 03       		.uleb128 0x3
 341 001b 0E       		.uleb128 0xe
 342 001c 00       		.byte	0
 343 001d 00       		.byte	0
 344 001e 03       		.uleb128 0x3
 345 001f 24       		.uleb128 0x24
 346 0020 00       		.byte	0
 347 0021 0B       		.uleb128 0xb
 348 0022 0B       		.uleb128 0xb
 349 0023 3E       		.uleb128 0x3e
 350 0024 0B       		.uleb128 0xb
 351 0025 03       		.uleb128 0x3
 352 0026 08       		.uleb128 0x8
 353 0027 00       		.byte	0
 354 0028 00       		.byte	0
 355 0029 04       		.uleb128 0x4
 356 002a 16       		.uleb128 0x16
 357 002b 00       		.byte	0
 358 002c 03       		.uleb128 0x3
 359 002d 0E       		.uleb128 0xe
 360 002e 3A       		.uleb128 0x3a
 361 002f 0B       		.uleb128 0xb
 362 0030 3B       		.uleb128 0x3b
 363 0031 05       		.uleb128 0x5
 364 0032 49       		.uleb128 0x49
 365 0033 13       		.uleb128 0x13
 366 0034 00       		.byte	0
 367 0035 00       		.byte	0
 368 0036 05       		.uleb128 0x5
 369 0037 35       		.uleb128 0x35
 370 0038 00       		.byte	0
 371 0039 49       		.uleb128 0x49
 372 003a 13       		.uleb128 0x13
 373 003b 00       		.byte	0
 374 003c 00       		.byte	0
 375 003d 06       		.uleb128 0x6
 376 003e 13       		.uleb128 0x13
 377 003f 01       		.byte	0x1
 378 0040 0B       		.uleb128 0xb
 379 0041 0B       		.uleb128 0xb
 380 0042 3A       		.uleb128 0x3a
 381 0043 0B       		.uleb128 0xb
 382 0044 3B       		.uleb128 0x3b
 383 0045 0B       		.uleb128 0xb
ARM GAS  C:\Users\ALEXAN~1\AppData\Local\Temp\ccA8ruZM.s 			page 10


 384 0046 01       		.uleb128 0x1
 385 0047 13       		.uleb128 0x13
 386 0048 00       		.byte	0
 387 0049 00       		.byte	0
 388 004a 07       		.uleb128 0x7
 389 004b 0D       		.uleb128 0xd
 390 004c 00       		.byte	0
 391 004d 03       		.uleb128 0x3
 392 004e 0E       		.uleb128 0xe
 393 004f 3A       		.uleb128 0x3a
 394 0050 0B       		.uleb128 0xb
 395 0051 3B       		.uleb128 0x3b
 396 0052 0B       		.uleb128 0xb
 397 0053 49       		.uleb128 0x49
 398 0054 13       		.uleb128 0x13
 399 0055 38       		.uleb128 0x38
 400 0056 0B       		.uleb128 0xb
 401 0057 00       		.byte	0
 402 0058 00       		.byte	0
 403 0059 08       		.uleb128 0x8
 404 005a 16       		.uleb128 0x16
 405 005b 00       		.byte	0
 406 005c 03       		.uleb128 0x3
 407 005d 0E       		.uleb128 0xe
 408 005e 3A       		.uleb128 0x3a
 409 005f 0B       		.uleb128 0xb
 410 0060 3B       		.uleb128 0x3b
 411 0061 0B       		.uleb128 0xb
 412 0062 49       		.uleb128 0x49
 413 0063 13       		.uleb128 0x13
 414 0064 00       		.byte	0
 415 0065 00       		.byte	0
 416 0066 09       		.uleb128 0x9
 417 0067 2E       		.uleb128 0x2e
 418 0068 00       		.byte	0
 419 0069 3F       		.uleb128 0x3f
 420 006a 19       		.uleb128 0x19
 421 006b 03       		.uleb128 0x3
 422 006c 0E       		.uleb128 0xe
 423 006d 3A       		.uleb128 0x3a
 424 006e 0B       		.uleb128 0xb
 425 006f 3B       		.uleb128 0x3b
 426 0070 0B       		.uleb128 0xb
 427 0071 27       		.uleb128 0x27
 428 0072 19       		.uleb128 0x19
 429 0073 20       		.uleb128 0x20
 430 0074 0B       		.uleb128 0xb
 431 0075 00       		.byte	0
 432 0076 00       		.byte	0
 433 0077 0A       		.uleb128 0xa
 434 0078 2E       		.uleb128 0x2e
 435 0079 00       		.byte	0
 436 007a 31       		.uleb128 0x31
 437 007b 13       		.uleb128 0x13
 438 007c 11       		.uleb128 0x11
 439 007d 01       		.uleb128 0x1
 440 007e 12       		.uleb128 0x12
ARM GAS  C:\Users\ALEXAN~1\AppData\Local\Temp\ccA8ruZM.s 			page 11


 441 007f 06       		.uleb128 0x6
 442 0080 40       		.uleb128 0x40
 443 0081 18       		.uleb128 0x18
 444 0082 9742     		.uleb128 0x2117
 445 0084 19       		.uleb128 0x19
 446 0085 00       		.byte	0
 447 0086 00       		.byte	0
 448 0087 0B       		.uleb128 0xb
 449 0088 2E       		.uleb128 0x2e
 450 0089 01       		.byte	0x1
 451 008a 3F       		.uleb128 0x3f
 452 008b 19       		.uleb128 0x19
 453 008c 03       		.uleb128 0x3
 454 008d 0E       		.uleb128 0xe
 455 008e 3A       		.uleb128 0x3a
 456 008f 0B       		.uleb128 0xb
 457 0090 3B       		.uleb128 0x3b
 458 0091 0B       		.uleb128 0xb
 459 0092 27       		.uleb128 0x27
 460 0093 19       		.uleb128 0x19
 461 0094 11       		.uleb128 0x11
 462 0095 01       		.uleb128 0x1
 463 0096 12       		.uleb128 0x12
 464 0097 06       		.uleb128 0x6
 465 0098 40       		.uleb128 0x40
 466 0099 18       		.uleb128 0x18
 467 009a 9742     		.uleb128 0x2117
 468 009c 19       		.uleb128 0x19
 469 009d 01       		.uleb128 0x1
 470 009e 13       		.uleb128 0x13
 471 009f 00       		.byte	0
 472 00a0 00       		.byte	0
 473 00a1 0C       		.uleb128 0xc
 474 00a2 898201   		.uleb128 0x4109
 475 00a5 00       		.byte	0
 476 00a6 11       		.uleb128 0x11
 477 00a7 01       		.uleb128 0x1
 478 00a8 9542     		.uleb128 0x2115
 479 00aa 19       		.uleb128 0x19
 480 00ab 31       		.uleb128 0x31
 481 00ac 13       		.uleb128 0x13
 482 00ad 00       		.byte	0
 483 00ae 00       		.byte	0
 484 00af 0D       		.uleb128 0xd
 485 00b0 34       		.uleb128 0x34
 486 00b1 00       		.byte	0
 487 00b2 03       		.uleb128 0x3
 488 00b3 0E       		.uleb128 0xe
 489 00b4 3A       		.uleb128 0x3a
 490 00b5 0B       		.uleb128 0xb
 491 00b6 3B       		.uleb128 0x3b
 492 00b7 0B       		.uleb128 0xb
 493 00b8 49       		.uleb128 0x49
 494 00b9 13       		.uleb128 0x13
 495 00ba 02       		.uleb128 0x2
 496 00bb 18       		.uleb128 0x18
 497 00bc 00       		.byte	0
ARM GAS  C:\Users\ALEXAN~1\AppData\Local\Temp\ccA8ruZM.s 			page 12


 498 00bd 00       		.byte	0
 499 00be 0E       		.uleb128 0xe
 500 00bf 2E       		.uleb128 0x2e
 501 00c0 00       		.byte	0
 502 00c1 3F       		.uleb128 0x3f
 503 00c2 19       		.uleb128 0x19
 504 00c3 3C       		.uleb128 0x3c
 505 00c4 19       		.uleb128 0x19
 506 00c5 6E       		.uleb128 0x6e
 507 00c6 0E       		.uleb128 0xe
 508 00c7 03       		.uleb128 0x3
 509 00c8 0E       		.uleb128 0xe
 510 00c9 3A       		.uleb128 0x3a
 511 00ca 0B       		.uleb128 0xb
 512 00cb 3B       		.uleb128 0x3b
 513 00cc 0B       		.uleb128 0xb
 514 00cd 00       		.byte	0
 515 00ce 00       		.byte	0
 516 00cf 00       		.byte	0
 517              		.section	.debug_aranges,"",%progbits
 518 0000 2C000000 		.4byte	0x2c
 519 0004 0200     		.2byte	0x2
 520 0006 00000000 		.4byte	.Ldebug_info0
 521 000a 04       		.byte	0x4
 522 000b 00       		.byte	0
 523 000c 0000     		.2byte	0
 524 000e 0000     		.2byte	0
 525 0010 00000000 		.4byte	.LFB1
 526 0014 02000000 		.4byte	.LFE1-.LFB1
 527 0018 00000000 		.4byte	.LFB2
 528 001c 20000000 		.4byte	.LFE2-.LFB2
 529 0020 00000000 		.4byte	.LFB3
 530 0024 14000000 		.4byte	.LFE3-.LFB3
 531 0028 00000000 		.4byte	0
 532 002c 00000000 		.4byte	0
 533              		.section	.debug_ranges,"",%progbits
 534              	.Ldebug_ranges0:
 535 0000 00000000 		.4byte	.LFB1
 536 0004 02000000 		.4byte	.LFE1
 537 0008 00000000 		.4byte	.LFB2
 538 000c 20000000 		.4byte	.LFE2
 539 0010 00000000 		.4byte	.LFB3
 540 0014 14000000 		.4byte	.LFE3
 541 0018 00000000 		.4byte	0
 542 001c 00000000 		.4byte	0
 543              		.section	.debug_line,"",%progbits
 544              	.Ldebug_line0:
 545 0000 C7000000 		.section	.debug_str,"MS",%progbits,1
 545      02008C00 
 545      00000201 
 545      FB0E0D00 
 545      01010101 
 546              	.LASF20:
 547 0000 4D617869 		.ascii	"Maximum_Peak_Detector_B_Sample_Hold_backupStruct\000"
 547      6D756D5F 
 547      5065616B 
 547      5F446574 
ARM GAS  C:\Users\ALEXAN~1\AppData\Local\Temp\ccA8ruZM.s 			page 13


 547      6563746F 
 548              	.LASF29:
 549 0031 433A5C55 		.ascii	"C:\\Users\\Alexander Nielsen\\Desktop\\platooning\\"
 549      73657273 
 549      5C416C65 
 549      78616E64 
 549      6572204E 
 550 005f 50536F43 		.ascii	"PSoC\\Platooning\\AngleMeasurement.cydsn\000"
 550      5C506C61 
 550      746F6F6E 
 550      696E675C 
 550      416E676C 
 551              	.LASF3:
 552 0086 73686F72 		.ascii	"short unsigned int\000"
 552      7420756E 
 552      7369676E 
 552      65642069 
 552      6E7400
 553              	.LASF26:
 554 0099 4D617869 		.ascii	"Maximum_Peak_Detector_B_Sample_Hold_Enable\000"
 554      6D756D5F 
 554      5065616B 
 554      5F446574 
 554      6563746F 
 555              	.LASF9:
 556 00c4 666C6F61 		.ascii	"float\000"
 556      7400
 557              	.LASF25:
 558 00ca 4D617869 		.ascii	"Maximum_Peak_Detector_B_Sample_Hold_Stop\000"
 558      6D756D5F 
 558      5065616B 
 558      5F446574 
 558      6563746F 
 559              	.LASF1:
 560 00f3 756E7369 		.ascii	"unsigned char\000"
 560      676E6564 
 560      20636861 
 560      7200
 561              	.LASF13:
 562 0101 72656738 		.ascii	"reg8\000"
 562      00
 563              	.LASF27:
 564 0106 474E5520 		.ascii	"GNU C11 5.4.1 20160609 (release) [ARM/embedded-5-br"
 564      43313120 
 564      352E342E 
 564      31203230 
 564      31363036 
 565 0139 616E6368 		.ascii	"anch revision 237715] -mcpu=cortex-m3 -mthumb -g -O"
 565      20726576 
 565      6973696F 
 565      6E203233 
 565      37373135 
 566 016c 73202D66 		.ascii	"s -ffunction-sections -ffat-lto-objects\000"
 566      66756E63 
 566      74696F6E 
 566      2D736563 
 566      74696F6E 
ARM GAS  C:\Users\ALEXAN~1\AppData\Local\Temp\ccA8ruZM.s 			page 14


 567              	.LASF12:
 568 0194 75696E74 		.ascii	"uint8\000"
 568      3800
 569              	.LASF21:
 570 019a 4D617869 		.ascii	"Maximum_Peak_Detector_B_Sample_Hold_SaveConfig\000"
 570      6D756D5F 
 570      5065616B 
 570      5F446574 
 570      6563746F 
 571              	.LASF10:
 572 01c9 646F7562 		.ascii	"double\000"
 572      6C6500
 573              	.LASF17:
 574 01d0 73634352 		.ascii	"scCR0Reg\000"
 574      30526567 
 574      00
 575              	.LASF5:
 576 01d9 6C6F6E67 		.ascii	"long unsigned int\000"
 576      20756E73 
 576      69676E65 
 576      6420696E 
 576      7400
 577              	.LASF8:
 578 01eb 756E7369 		.ascii	"unsigned int\000"
 578      676E6564 
 578      20696E74 
 578      00
 579              	.LASF30:
 580 01f8 4D617869 		.ascii	"Maximum_Peak_Detector_B_Sample_Hold_backup\000"
 580      6D756D5F 
 580      5065616B 
 580      5F446574 
 580      6563746F 
 581              	.LASF7:
 582 0223 6C6F6E67 		.ascii	"long long unsigned int\000"
 582      206C6F6E 
 582      6720756E 
 582      7369676E 
 582      65642069 
 583              	.LASF15:
 584 023a 73697A65 		.ascii	"sizetype\000"
 584      74797065 
 584      00
 585              	.LASF6:
 586 0243 6C6F6E67 		.ascii	"long long int\000"
 586      206C6F6E 
 586      6720696E 
 586      7400
 587              	.LASF18:
 588 0251 73634352 		.ascii	"scCR1Reg\000"
 588      31526567 
 588      00
 589              	.LASF11:
 590 025a 63686172 		.ascii	"char\000"
 590      00
 591              	.LASF22:
 592 025f 4D617869 		.ascii	"Maximum_Peak_Detector_B_Sample_Hold_RestoreConfig\000"
ARM GAS  C:\Users\ALEXAN~1\AppData\Local\Temp\ccA8ruZM.s 			page 15


 592      6D756D5F 
 592      5065616B 
 592      5F446574 
 592      6563746F 
 593              	.LASF2:
 594 0291 73686F72 		.ascii	"short int\000"
 594      7420696E 
 594      7400
 595              	.LASF24:
 596 029b 4D617869 		.ascii	"Maximum_Peak_Detector_B_Sample_Hold_Wakeup\000"
 596      6D756D5F 
 596      5065616B 
 596      5F446574 
 596      6563746F 
 597              	.LASF4:
 598 02c6 6C6F6E67 		.ascii	"long int\000"
 598      20696E74 
 598      00
 599              	.LASF16:
 600 02cf 656E6162 		.ascii	"enableState\000"
 600      6C655374 
 600      61746500 
 601              	.LASF14:
 602 02db 6C6F6E67 		.ascii	"long double\000"
 602      20646F75 
 602      626C6500 
 603              	.LASF0:
 604 02e7 7369676E 		.ascii	"signed char\000"
 604      65642063 
 604      68617200 
 605              	.LASF19:
 606 02f3 73634352 		.ascii	"scCR2Reg\000"
 606      32526567 
 606      00
 607              	.LASF28:
 608 02fc 47656E65 		.ascii	"Generated_Source\\PSoC5\\Maximum_Peak_Detector_B_Sa"
 608      72617465 
 608      645F536F 
 608      75726365 
 608      5C50536F 
 609 032d 6D706C65 		.ascii	"mple_Hold_PM.c\000"
 609      5F486F6C 
 609      645F504D 
 609      2E6300
 610              	.LASF23:
 611 033c 4D617869 		.ascii	"Maximum_Peak_Detector_B_Sample_Hold_Sleep\000"
 611      6D756D5F 
 611      5065616B 
 611      5F446574 
 611      6563746F 
 612              		.ident	"GCC: (GNU Tools for ARM Embedded Processors) 5.4.1 20160609 (release) [ARM/embedded-5-bran
