ARM GAS  C:\Users\rens_\AppData\Local\Temp\ccTu1nVR.s 			page 1


   1              		.syntax unified
   2              		.cpu cortex-m3
   3              		.fpu softvfp
   4              		.eabi_attribute 20, 1
   5              		.eabi_attribute 21, 1
   6              		.eabi_attribute 23, 3
   7              		.eabi_attribute 24, 1
   8              		.eabi_attribute 25, 1
   9              		.eabi_attribute 26, 1
  10              		.eabi_attribute 30, 4
  11              		.eabi_attribute 34, 1
  12              		.eabi_attribute 18, 4
  13              		.thumb
  14              		.syntax unified
  15              		.file	"nRF24_COMMANDS.c"
  16              		.text
  17              	.Ltext0:
  18              		.cfi_sections	.debug_frame
  19              		.section	.text.nRF24_send_command,"ax",%progbits
  20              		.align	1
  21              		.global	nRF24_send_command
  22              		.thumb
  23              		.thumb_func
  24              		.type	nRF24_send_command, %function
  25              	nRF24_send_command:
  26              	.LFB0:
  27              		.file 1 "Generated_Source\\PSoC5\\nRF24_COMMANDS.c"
   1:Generated_Source\PSoC5/nRF24_COMMANDS.c **** /****************************************************************************
   2:Generated_Source\PSoC5/nRF24_COMMANDS.c **** * This file is part of the nRF24 Custom Component for PSoC Devices.
   3:Generated_Source\PSoC5/nRF24_COMMANDS.c **** *
   4:Generated_Source\PSoC5/nRF24_COMMANDS.c **** * Copyright (C) 2017 Carlos Diaz <carlos.santiago.diaz@gmail.com>
   5:Generated_Source\PSoC5/nRF24_COMMANDS.c **** *
   6:Generated_Source\PSoC5/nRF24_COMMANDS.c **** * Permission to use, copy, modify, and/or distribute this software for any
   7:Generated_Source\PSoC5/nRF24_COMMANDS.c **** * purpose with or without fee is hereby granted, provided that the above
   8:Generated_Source\PSoC5/nRF24_COMMANDS.c **** * copyright notice and this permission notice appear in all copies.
   9:Generated_Source\PSoC5/nRF24_COMMANDS.c **** *
  10:Generated_Source\PSoC5/nRF24_COMMANDS.c **** * THE SOFTWARE IS PROVIDED "AS IS" AND THE AUTHOR DISCLAIMS ALL WARRANTIES
  11:Generated_Source\PSoC5/nRF24_COMMANDS.c **** * WITH REGARD TO THIS SOFTWARE INCLUDING ALL IMPLIED WARRANTIES OF
  12:Generated_Source\PSoC5/nRF24_COMMANDS.c **** * MERCHANTABILITY AND FITNESS. IN NO EVENT SHALL THE AUTHOR BE LIABLE FOR
  13:Generated_Source\PSoC5/nRF24_COMMANDS.c **** * ANY SPECIAL, DIRECT, INDIRECT, OR CONSEQUENTIAL DAMAGES OR ANY DAMAGES
  14:Generated_Source\PSoC5/nRF24_COMMANDS.c **** * WHATSOEVER RESULTING FROM LOSS OF USE, DATA OR PROFITS, WHETHER IN AN
  15:Generated_Source\PSoC5/nRF24_COMMANDS.c **** * ACTION OF CONTRACT, NEGLIGENCE OR OTHER TORTIOUS ACTION, ARISING OUT OF
  16:Generated_Source\PSoC5/nRF24_COMMANDS.c **** * OR IN CONNECTION WITH THE USE OR PERFORMANCE OF THIS SOFTWARE.
  17:Generated_Source\PSoC5/nRF24_COMMANDS.c **** ****************************************************************************/
  18:Generated_Source\PSoC5/nRF24_COMMANDS.c **** 
  19:Generated_Source\PSoC5/nRF24_COMMANDS.c **** /**
  20:Generated_Source\PSoC5/nRF24_COMMANDS.c **** * @file nRF24_COMMANDS.c
  21:Generated_Source\PSoC5/nRF24_COMMANDS.c **** *
  22:Generated_Source\PSoC5/nRF24_COMMANDS.c **** * @brief The nRF24 radio is controlled via commands, this file implement all
  23:Generated_Source\PSoC5/nRF24_COMMANDS.c **** * the available commands.
  24:Generated_Source\PSoC5/nRF24_COMMANDS.c **** */
  25:Generated_Source\PSoC5/nRF24_COMMANDS.c **** 
  26:Generated_Source\PSoC5/nRF24_COMMANDS.c **** #include "nRF24_CONFIG.h"
  27:Generated_Source\PSoC5/nRF24_COMMANDS.c **** #include "nRF24_HAL.h"
  28:Generated_Source\PSoC5/nRF24_COMMANDS.c **** #include "nRF24_COMMANDS.h"
  29:Generated_Source\PSoC5/nRF24_COMMANDS.c **** #include "nRF24_DEFS.h"
  30:Generated_Source\PSoC5/nRF24_COMMANDS.c **** 
ARM GAS  C:\Users\rens_\AppData\Local\Temp\ccTu1nVR.s 			page 2


  31:Generated_Source\PSoC5/nRF24_COMMANDS.c **** /**
  32:Generated_Source\PSoC5/nRF24_COMMANDS.c ****  * Send the specified command to the nRF24 radio.
  33:Generated_Source\PSoC5/nRF24_COMMANDS.c ****  *
  34:Generated_Source\PSoC5/nRF24_COMMANDS.c ****  * @param const nrf_cmd cmd: Command to send to the nRF24 radio.
  35:Generated_Source\PSoC5/nRF24_COMMANDS.c ****  */
  36:Generated_Source\PSoC5/nRF24_COMMANDS.c **** void nRF24_send_command(const nrf_cmd cmd)
  37:Generated_Source\PSoC5/nRF24_COMMANDS.c **** {
  28              		.loc 1 37 0
  29              		.cfi_startproc
  30              		@ args = 0, pretend = 0, frame = 16
  31              		@ frame_needed = 0, uses_anonymous_args = 0
  32              	.LVL0:
  33 0000 1FB5     		push	{r0, r1, r2, r3, r4, lr}
  34              		.cfi_def_cfa_offset 24
  35              		.cfi_offset 14, -4
  38:Generated_Source\PSoC5/nRF24_COMMANDS.c ****     uint8_t status = 0;
  36              		.loc 1 38 0
  37 0002 0023     		movs	r3, #0
  38 0004 04A9     		add	r1, sp, #16
  37:Generated_Source\PSoC5/nRF24_COMMANDS.c ****     uint8_t status = 0;
  39              		.loc 1 37 0
  40 0006 8DF80700 		strb	r0, [sp, #7]
  41              		.loc 1 38 0
  42 000a 01F8013D 		strb	r3, [r1, #-1]!
  39:Generated_Source\PSoC5/nRF24_COMMANDS.c ****     
  40:Generated_Source\PSoC5/nRF24_COMMANDS.c ****     nRF24_spi_xfer(&cmd, &status, 1);
  43              		.loc 1 40 0
  44 000e 0122     		movs	r2, #1
  45 0010 0DF10700 		add	r0, sp, #7
  46              	.LVL1:
  47 0014 FFF7FEFF 		bl	nRF24_spi_xfer
  48              	.LVL2:
  41:Generated_Source\PSoC5/nRF24_COMMANDS.c **** }
  49              		.loc 1 41 0
  50 0018 05B0     		add	sp, sp, #20
  51              		.cfi_def_cfa_offset 4
  52              		@ sp needed
  53 001a 5DF804FB 		ldr	pc, [sp], #4
  54              		.cfi_endproc
  55              	.LFE0:
  56              		.size	nRF24_send_command, .-nRF24_send_command
  57              		.section	.text.nRF24_reuse_tx_payload_cmd,"ax",%progbits
  58              		.align	1
  59              		.global	nRF24_reuse_tx_payload_cmd
  60              		.thumb
  61              		.thumb_func
  62              		.type	nRF24_reuse_tx_payload_cmd, %function
  63              	nRF24_reuse_tx_payload_cmd:
  64              	.LFB1:
  42:Generated_Source\PSoC5/nRF24_COMMANDS.c **** 
  43:Generated_Source\PSoC5/nRF24_COMMANDS.c **** /**
  44:Generated_Source\PSoC5/nRF24_COMMANDS.c ****  * @brief Reuse last transmitted payload.
  45:Generated_Source\PSoC5/nRF24_COMMANDS.c ****  *
  46:Generated_Source\PSoC5/nRF24_COMMANDS.c ****  * Used for a PTX device.
  47:Generated_Source\PSoC5/nRF24_COMMANDS.c ****  * Reuse last transmitted payload. TX payload reuse is active until
  48:Generated_Source\PSoC5/nRF24_COMMANDS.c ****  * W_TX_PAYLOAD or FLUSH_TX is executed, TX payload reuse must not be
  49:Generated_Source\PSoC5/nRF24_COMMANDS.c ****  * activated or deactivated during package transmission.
ARM GAS  C:\Users\rens_\AppData\Local\Temp\ccTu1nVR.s 			page 3


  50:Generated_Source\PSoC5/nRF24_COMMANDS.c ****  */
  51:Generated_Source\PSoC5/nRF24_COMMANDS.c **** void nRF24_reuse_tx_payload_cmd(void)
  52:Generated_Source\PSoC5/nRF24_COMMANDS.c **** {
  65              		.loc 1 52 0
  66              		.cfi_startproc
  67              		@ args = 0, pretend = 0, frame = 0
  68              		@ frame_needed = 0, uses_anonymous_args = 0
  69              		@ link register save eliminated.
  53:Generated_Source\PSoC5/nRF24_COMMANDS.c ****     nRF24_send_command(NRF_CMD_REUSE_TX_PL);
  70              		.loc 1 53 0
  71 0000 E320     		movs	r0, #227
  72 0002 FFF7FEBF 		b	nRF24_send_command
  73              	.LVL3:
  74              		.cfi_endproc
  75              	.LFE1:
  76              		.size	nRF24_reuse_tx_payload_cmd, .-nRF24_reuse_tx_payload_cmd
  77              		.section	.text.nRF24_flush_rx_cmd,"ax",%progbits
  78              		.align	1
  79              		.global	nRF24_flush_rx_cmd
  80              		.thumb
  81              		.thumb_func
  82              		.type	nRF24_flush_rx_cmd, %function
  83              	nRF24_flush_rx_cmd:
  84              	.LFB2:
  54:Generated_Source\PSoC5/nRF24_COMMANDS.c **** }
  55:Generated_Source\PSoC5/nRF24_COMMANDS.c **** 
  56:Generated_Source\PSoC5/nRF24_COMMANDS.c **** /**
  57:Generated_Source\PSoC5/nRF24_COMMANDS.c ****  * @brief Flush RX FIFO.
  58:Generated_Source\PSoC5/nRF24_COMMANDS.c ****  *
  59:Generated_Source\PSoC5/nRF24_COMMANDS.c ****  * Used in RX mode.
  60:Generated_Source\PSoC5/nRF24_COMMANDS.c ****  * Flush RX FIFO. Should be not executed during transmission of acknowledge,
  61:Generated_Source\PSoC5/nRF24_COMMANDS.c ****  * that is, acknowledge package will not be completed.
  62:Generated_Source\PSoC5/nRF24_COMMANDS.c ****  */
  63:Generated_Source\PSoC5/nRF24_COMMANDS.c **** void nRF24_flush_rx_cmd(void)
  64:Generated_Source\PSoC5/nRF24_COMMANDS.c **** {
  85              		.loc 1 64 0
  86              		.cfi_startproc
  87              		@ args = 0, pretend = 0, frame = 0
  88              		@ frame_needed = 0, uses_anonymous_args = 0
  89              		@ link register save eliminated.
  65:Generated_Source\PSoC5/nRF24_COMMANDS.c ****     nRF24_send_command(NRF_CMD_FLUSH_RX);
  90              		.loc 1 65 0
  91 0000 E220     		movs	r0, #226
  92 0002 FFF7FEBF 		b	nRF24_send_command
  93              	.LVL4:
  94              		.cfi_endproc
  95              	.LFE2:
  96              		.size	nRF24_flush_rx_cmd, .-nRF24_flush_rx_cmd
  97              		.section	.text.nRF24_flush_tx_cmd,"ax",%progbits
  98              		.align	1
  99              		.global	nRF24_flush_tx_cmd
 100              		.thumb
 101              		.thumb_func
 102              		.type	nRF24_flush_tx_cmd, %function
 103              	nRF24_flush_tx_cmd:
 104              	.LFB3:
  66:Generated_Source\PSoC5/nRF24_COMMANDS.c **** }
ARM GAS  C:\Users\rens_\AppData\Local\Temp\ccTu1nVR.s 			page 4


  67:Generated_Source\PSoC5/nRF24_COMMANDS.c **** 
  68:Generated_Source\PSoC5/nRF24_COMMANDS.c **** /**
  69:Generated_Source\PSoC5/nRF24_COMMANDS.c ****  * Used in TX mode.
  70:Generated_Source\PSoC5/nRF24_COMMANDS.c ****  * Flush TX FIFO.
  71:Generated_Source\PSoC5/nRF24_COMMANDS.c ****  */
  72:Generated_Source\PSoC5/nRF24_COMMANDS.c **** void nRF24_flush_tx_cmd(void)
  73:Generated_Source\PSoC5/nRF24_COMMANDS.c **** {
 105              		.loc 1 73 0
 106              		.cfi_startproc
 107              		@ args = 0, pretend = 0, frame = 0
 108              		@ frame_needed = 0, uses_anonymous_args = 0
 109              		@ link register save eliminated.
  74:Generated_Source\PSoC5/nRF24_COMMANDS.c ****     nRF24_send_command(NRF_CMD_FLUSH_TX);
 110              		.loc 1 74 0
 111 0000 E120     		movs	r0, #225
 112 0002 FFF7FEBF 		b	nRF24_send_command
 113              	.LVL5:
 114              		.cfi_endproc
 115              	.LFE3:
 116              		.size	nRF24_flush_tx_cmd, .-nRF24_flush_tx_cmd
 117              		.section	.text.nRF24_read_rx_payload_cmd,"ax",%progbits
 118              		.align	1
 119              		.global	nRF24_read_rx_payload_cmd
 120              		.thumb
 121              		.thumb_func
 122              		.type	nRF24_read_rx_payload_cmd, %function
 123              	nRF24_read_rx_payload_cmd:
 124              	.LFB4:
  75:Generated_Source\PSoC5/nRF24_COMMANDS.c **** }
  76:Generated_Source\PSoC5/nRF24_COMMANDS.c **** 
  77:Generated_Source\PSoC5/nRF24_COMMANDS.c **** /**
  78:Generated_Source\PSoC5/nRF24_COMMANDS.c ****  * Used in RX mode.
  79:Generated_Source\PSoC5/nRF24_COMMANDS.c ****  * Read RX payload: 1 - 32 bytes. A read operation always starts at byte 0.
  80:Generated_Source\PSoC5/nRF24_COMMANDS.c ****  * Payload is deleted from FIFO after it is read.
  81:Generated_Source\PSoC5/nRF24_COMMANDS.c ****  *
  82:Generated_Source\PSoC5/nRF24_COMMANDS.c ****  * @param data: Data to be read.
  83:Generated_Source\PSoC5/nRF24_COMMANDS.c ****  * @param data_size: Bytes of data to be read (max 32).
  84:Generated_Source\PSoC5/nRF24_COMMANDS.c ****  */
  85:Generated_Source\PSoC5/nRF24_COMMANDS.c **** void nRF24_read_rx_payload_cmd(uint8_t *data, const size_t data_size)
  86:Generated_Source\PSoC5/nRF24_COMMANDS.c **** {
 125              		.loc 1 86 0
 126              		.cfi_startproc
 127              		@ args = 0, pretend = 0, frame = 0
 128              		@ frame_needed = 1, uses_anonymous_args = 0
 129              	.LVL6:
 130 0000 F8B5     		push	{r3, r4, r5, r6, r7, lr}
 131              		.cfi_def_cfa_offset 24
 132              		.cfi_offset 3, -24
 133              		.cfi_offset 4, -20
 134              		.cfi_offset 5, -16
 135              		.cfi_offset 6, -12
 136              		.cfi_offset 7, -8
 137              		.cfi_offset 14, -4
  87:Generated_Source\PSoC5/nRF24_COMMANDS.c ****     uint8_t nrf_data_out[data_size + 1];
 138              		.loc 1 87 0
 139 0002 01F10803 		add	r3, r1, #8
 140 0006 23F00703 		bic	r3, r3, #7
ARM GAS  C:\Users\rens_\AppData\Local\Temp\ccTu1nVR.s 			page 5


  86:Generated_Source\PSoC5/nRF24_COMMANDS.c ****     uint8_t nrf_data_out[data_size + 1];
 141              		.loc 1 86 0
 142 000a 00AF     		add	r7, sp, #0
 143              		.cfi_def_cfa_register 7
 144              		.loc 1 87 0
 145 000c ADEB030D 		sub	sp, sp, r3
 146 0010 6D46     		mov	r5, sp
 147              	.LVL7:
  86:Generated_Source\PSoC5/nRF24_COMMANDS.c ****     uint8_t nrf_data_out[data_size + 1];
 148              		.loc 1 86 0
 149 0012 0646     		mov	r6, r0
 150 0014 0C46     		mov	r4, r1
  88:Generated_Source\PSoC5/nRF24_COMMANDS.c ****     // the nrf_data_in array is to keep the spi sending dummy bytes so the
  89:Generated_Source\PSoC5/nRF24_COMMANDS.c ****     // radio can send us the payload, there's no need to set the array to
  90:Generated_Source\PSoC5/nRF24_COMMANDS.c ****     // any specific value, apart of the first element being the command
  91:Generated_Source\PSoC5/nRF24_COMMANDS.c ****     uint8_t nrf_data_in[data_size + 1];
 151              		.loc 1 91 0
 152 0016 ADEB030D 		sub	sp, sp, r3
 153              	.LVL8:
  92:Generated_Source\PSoC5/nRF24_COMMANDS.c ****     
  93:Generated_Source\PSoC5/nRF24_COMMANDS.c ****     nrf_data_in[0] = NRF_CMD_R_RX_PAYLOAD;
  94:Generated_Source\PSoC5/nRF24_COMMANDS.c ****     
  95:Generated_Source\PSoC5/nRF24_COMMANDS.c ****     nRF24_spi_xfer(nrf_data_in, nrf_data_out, sizeof(nrf_data_out));
 154              		.loc 1 95 0
 155 001a 4A1C     		adds	r2, r1, #1
  93:Generated_Source\PSoC5/nRF24_COMMANDS.c ****     
 156              		.loc 1 93 0
 157 001c 6123     		movs	r3, #97
 158              		.loc 1 95 0
 159 001e 2946     		mov	r1, r5
 160              	.LVL9:
 161 0020 6846     		mov	r0, sp
 162              	.LVL10:
  93:Generated_Source\PSoC5/nRF24_COMMANDS.c ****     
 163              		.loc 1 93 0
 164 0022 8DF80030 		strb	r3, [sp]
 165              		.loc 1 95 0
 166 0026 FFF7FEFF 		bl	nRF24_spi_xfer
 167              	.LVL11:
  96:Generated_Source\PSoC5/nRF24_COMMANDS.c ****     
  97:Generated_Source\PSoC5/nRF24_COMMANDS.c ****     memcpy(data, &nrf_data_out[1], data_size);
 168              		.loc 1 97 0
 169 002a 2246     		mov	r2, r4
 170 002c 691C     		adds	r1, r5, #1
 171 002e 3046     		mov	r0, r6
 172 0030 FFF7FEFF 		bl	memcpy
 173              	.LVL12:
  98:Generated_Source\PSoC5/nRF24_COMMANDS.c **** }
 174              		.loc 1 98 0
 175 0034 BD46     		mov	sp, r7
 176              		.cfi_def_cfa_register 13
 177              	.LVL13:
 178              		@ sp needed
 179 0036 F8BD     		pop	{r3, r4, r5, r6, r7, pc}
 180              		.cfi_endproc
 181              	.LFE4:
 182              		.size	nRF24_read_rx_payload_cmd, .-nRF24_read_rx_payload_cmd
ARM GAS  C:\Users\rens_\AppData\Local\Temp\ccTu1nVR.s 			page 6


 183              		.section	.text.nRF24_write_tx_payload_cmd,"ax",%progbits
 184              		.align	1
 185              		.global	nRF24_write_tx_payload_cmd
 186              		.thumb
 187              		.thumb_func
 188              		.type	nRF24_write_tx_payload_cmd, %function
 189              	nRF24_write_tx_payload_cmd:
 190              	.LFB5:
  99:Generated_Source\PSoC5/nRF24_COMMANDS.c **** 
 100:Generated_Source\PSoC5/nRF24_COMMANDS.c **** /**
 101:Generated_Source\PSoC5/nRF24_COMMANDS.c ****  * Write TX payload: 1 - 32 bytes.
 102:Generated_Source\PSoC5/nRF24_COMMANDS.c ****  * A write operation always starts at byte 0 used in TX payload.
 103:Generated_Source\PSoC5/nRF24_COMMANDS.c ****  *
 104:Generated_Source\PSoC5/nRF24_COMMANDS.c ****  * @param const uint8_t* data: Data to be sent.
 105:Generated_Source\PSoC5/nRF24_COMMANDS.c ****  * @param const size_t size: Bytes of data to be sent (max 32).
 106:Generated_Source\PSoC5/nRF24_COMMANDS.c ****  */
 107:Generated_Source\PSoC5/nRF24_COMMANDS.c **** void nRF24_write_tx_payload_cmd(const uint8_t *data, const size_t data_size)
 108:Generated_Source\PSoC5/nRF24_COMMANDS.c **** {
 191              		.loc 1 108 0
 192              		.cfi_startproc
 193              		@ args = 0, pretend = 0, frame = 0
 194              		@ frame_needed = 1, uses_anonymous_args = 0
 195              	.LVL14:
 196 0000 B0B5     		push	{r4, r5, r7, lr}
 197              		.cfi_def_cfa_offset 16
 198              		.cfi_offset 4, -16
 199              		.cfi_offset 5, -12
 200              		.cfi_offset 7, -8
 201              		.cfi_offset 14, -4
 109:Generated_Source\PSoC5/nRF24_COMMANDS.c ****     uint8_t nrf_data_in[data_size + 1];
 202              		.loc 1 109 0
 203 0002 01F10803 		add	r3, r1, #8
 204 0006 23F00703 		bic	r3, r3, #7
 108:Generated_Source\PSoC5/nRF24_COMMANDS.c ****     uint8_t nrf_data_in[data_size + 1];
 205              		.loc 1 108 0
 206 000a 00AF     		add	r7, sp, #0
 207              		.cfi_def_cfa_register 7
 208              		.loc 1 109 0
 209 000c ADEB030D 		sub	sp, sp, r3
 210 0010 6C46     		mov	r4, sp
 211              	.LVL15:
 110:Generated_Source\PSoC5/nRF24_COMMANDS.c ****     uint8_t nrf_data_out[data_size + 1];
 212              		.loc 1 110 0
 213 0012 ADEB030D 		sub	sp, sp, r3
 214              	.LVL16:
 111:Generated_Source\PSoC5/nRF24_COMMANDS.c ****     
 112:Generated_Source\PSoC5/nRF24_COMMANDS.c ****     nrf_data_in[0] = NRF_CMD_W_TX_PAYLOAD;
 215              		.loc 1 112 0
 216 0016 2346     		mov	r3, r4
 108:Generated_Source\PSoC5/nRF24_COMMANDS.c ****     uint8_t nrf_data_in[data_size + 1];
 217              		.loc 1 108 0
 218 0018 0A46     		mov	r2, r1
 109:Generated_Source\PSoC5/nRF24_COMMANDS.c ****     uint8_t nrf_data_out[data_size + 1];
 219              		.loc 1 109 0
 220 001a 4D1C     		adds	r5, r1, #1
 221              		.loc 1 112 0
 222 001c A021     		movs	r1, #160
ARM GAS  C:\Users\rens_\AppData\Local\Temp\ccTu1nVR.s 			page 7


 223              	.LVL17:
 224 001e 03F8011B 		strb	r1, [r3], #1
 113:Generated_Source\PSoC5/nRF24_COMMANDS.c ****     memcpy(&nrf_data_in[1], data, data_size);
 225              		.loc 1 113 0
 226 0022 0146     		mov	r1, r0
 227 0024 1846     		mov	r0, r3
 228              	.LVL18:
 229 0026 FFF7FEFF 		bl	memcpy
 230              	.LVL19:
 114:Generated_Source\PSoC5/nRF24_COMMANDS.c ****     
 115:Generated_Source\PSoC5/nRF24_COMMANDS.c ****     nRF24_spi_xfer(nrf_data_in, nrf_data_out, sizeof(nrf_data_in));
 231              		.loc 1 115 0
 232 002a 2A46     		mov	r2, r5
 233 002c 6946     		mov	r1, sp
 234 002e 2046     		mov	r0, r4
 235 0030 FFF7FEFF 		bl	nRF24_spi_xfer
 236              	.LVL20:
 116:Generated_Source\PSoC5/nRF24_COMMANDS.c **** }
 237              		.loc 1 116 0
 238 0034 BD46     		mov	sp, r7
 239              		.cfi_def_cfa_register 13
 240              	.LVL21:
 241              		@ sp needed
 242 0036 B0BD     		pop	{r4, r5, r7, pc}
 243              		.cfi_endproc
 244              	.LFE5:
 245              		.size	nRF24_write_tx_payload_cmd, .-nRF24_write_tx_payload_cmd
 246              		.section	.text.nRF24_read_payload_width_cmd,"ax",%progbits
 247              		.align	1
 248              		.global	nRF24_read_payload_width_cmd
 249              		.thumb
 250              		.thumb_func
 251              		.type	nRF24_read_payload_width_cmd, %function
 252              	nRF24_read_payload_width_cmd:
 253              	.LFB6:
 117:Generated_Source\PSoC5/nRF24_COMMANDS.c **** 
 118:Generated_Source\PSoC5/nRF24_COMMANDS.c **** /**
 119:Generated_Source\PSoC5/nRF24_COMMANDS.c ****  * Read RX payload width for the top R_RX_PAYLOAD in the RX FIFO.
 120:Generated_Source\PSoC5/nRF24_COMMANDS.c ****  * Note: Flush RX FIFO if the read value is larger than 32 bytes.
 121:Generated_Source\PSoC5/nRF24_COMMANDS.c ****  *
 122:Generated_Source\PSoC5/nRF24_COMMANDS.c ****  * @return uint8_t: width of the payload on the top of the RX FIFO.
 123:Generated_Source\PSoC5/nRF24_COMMANDS.c ****  */
 124:Generated_Source\PSoC5/nRF24_COMMANDS.c **** uint8_t nRF24_read_payload_width_cmd(void)
 125:Generated_Source\PSoC5/nRF24_COMMANDS.c **** {
 254              		.loc 1 125 0
 255              		.cfi_startproc
 256              		@ args = 0, pretend = 0, frame = 8
 257              		@ frame_needed = 0, uses_anonymous_args = 0
 258 0000 07B5     		push	{r0, r1, r2, lr}
 259              		.cfi_def_cfa_offset 16
 260              		.cfi_offset 14, -4
 126:Generated_Source\PSoC5/nRF24_COMMANDS.c ****     uint8_t nrf_data_in[2] = {
 261              		.loc 1 126 0
 262 0002 0B4B     		ldr	r3, .L10
 127:Generated_Source\PSoC5/nRF24_COMMANDS.c ****         NRF_CMD_R_RX_PL_WID, NRF_CMD_NOP
 128:Generated_Source\PSoC5/nRF24_COMMANDS.c ****     };
 129:Generated_Source\PSoC5/nRF24_COMMANDS.c ****     // nrf_data_out[0] = STATUS_REGISTER, nrf_data_out[1] = payload_width
ARM GAS  C:\Users\rens_\AppData\Local\Temp\ccTu1nVR.s 			page 8


 130:Generated_Source\PSoC5/nRF24_COMMANDS.c ****     uint8_t nrf_data_out[2] = {0};
 263              		.loc 1 130 0
 264 0004 02A9     		add	r1, sp, #8
 126:Generated_Source\PSoC5/nRF24_COMMANDS.c ****     uint8_t nrf_data_in[2] = {
 265              		.loc 1 126 0
 266 0006 1B88     		ldrh	r3, [r3]	@ unaligned
 131:Generated_Source\PSoC5/nRF24_COMMANDS.c ****     
 132:Generated_Source\PSoC5/nRF24_COMMANDS.c ****     nRF24_spi_xfer(nrf_data_in, nrf_data_out, sizeof(nrf_data_in));
 267              		.loc 1 132 0
 268 0008 0222     		movs	r2, #2
 126:Generated_Source\PSoC5/nRF24_COMMANDS.c ****         NRF_CMD_R_RX_PL_WID, NRF_CMD_NOP
 269              		.loc 1 126 0
 270 000a ADF80030 		strh	r3, [sp]	@ unaligned
 130:Generated_Source\PSoC5/nRF24_COMMANDS.c ****     
 271              		.loc 1 130 0
 272 000e 0023     		movs	r3, #0
 273 0010 21F8043D 		strh	r3, [r1, #-4]!	@ movhi
 274              		.loc 1 132 0
 275 0014 6846     		mov	r0, sp
 276 0016 FFF7FEFF 		bl	nRF24_spi_xfer
 277              	.LVL22:
 133:Generated_Source\PSoC5/nRF24_COMMANDS.c **** 
 134:Generated_Source\PSoC5/nRF24_COMMANDS.c ****     // If width is greater than 32 then is garbage, we must flush the RX FIFO
 135:Generated_Source\PSoC5/nRF24_COMMANDS.c ****     if (32 < nrf_data_out[1]) {
 278              		.loc 1 135 0
 279 001a 9DF80530 		ldrb	r3, [sp, #5]	@ zero_extendqisi2
 280 001e 202B     		cmp	r3, #32
 281 0020 01D9     		bls	.L8
 136:Generated_Source\PSoC5/nRF24_COMMANDS.c ****         nRF24_flush_rx_cmd();
 282              		.loc 1 136 0
 283 0022 FFF7FEFF 		bl	nRF24_flush_rx_cmd
 284              	.LVL23:
 285              	.L8:
 137:Generated_Source\PSoC5/nRF24_COMMANDS.c ****     }
 138:Generated_Source\PSoC5/nRF24_COMMANDS.c **** 
 139:Generated_Source\PSoC5/nRF24_COMMANDS.c ****     return nrf_data_out[1];
 140:Generated_Source\PSoC5/nRF24_COMMANDS.c **** }
 286              		.loc 1 140 0
 287 0026 9DF80500 		ldrb	r0, [sp, #5]	@ zero_extendqisi2
 288 002a 03B0     		add	sp, sp, #12
 289              		.cfi_def_cfa_offset 4
 290              		@ sp needed
 291 002c 5DF804FB 		ldr	pc, [sp], #4
 292              	.L11:
 293              		.align	2
 294              	.L10:
 295 0030 00000000 		.word	.LANCHOR0
 296              		.cfi_endproc
 297              	.LFE6:
 298              		.size	nRF24_read_payload_width_cmd, .-nRF24_read_payload_width_cmd
 299              		.section	.text.nRF24_write_ack_payload_cmd,"ax",%progbits
 300              		.align	1
 301              		.global	nRF24_write_ack_payload_cmd
 302              		.thumb
 303              		.thumb_func
 304              		.type	nRF24_write_ack_payload_cmd, %function
 305              	nRF24_write_ack_payload_cmd:
ARM GAS  C:\Users\rens_\AppData\Local\Temp\ccTu1nVR.s 			page 9


 306              	.LFB7:
 141:Generated_Source\PSoC5/nRF24_COMMANDS.c **** 
 142:Generated_Source\PSoC5/nRF24_COMMANDS.c **** /**
 143:Generated_Source\PSoC5/nRF24_COMMANDS.c ****  * @brief Write Payload to be transmitted together with ACK packet.
 144:Generated_Source\PSoC5/nRF24_COMMANDS.c ****  *
 145:Generated_Source\PSoC5/nRF24_COMMANDS.c ****  * Used in RX mode.
 146:Generated_Source\PSoC5/nRF24_COMMANDS.c ****  * Write Payload to be transmitted together with ACK packet on PIPE PPP
 147:Generated_Source\PSoC5/nRF24_COMMANDS.c ****  * (PPP valid in the range from 000 to 101). Maximum three ACK packet
 148:Generated_Source\PSoC5/nRF24_COMMANDS.c ****  * payloads can be pending. Payloads with same PPP are handled using
 149:Generated_Source\PSoC5/nRF24_COMMANDS.c ****  * first in - first out principle.
 150:Generated_Source\PSoC5/nRF24_COMMANDS.c ****  * Write payload: 1 - 32 bytes.
 151:Generated_Source\PSoC5/nRF24_COMMANDS.c ****  * A write operation always starts at byte 0.
 152:Generated_Source\PSoC5/nRF24_COMMANDS.c ****  *
 153:Generated_Source\PSoC5/nRF24_COMMANDS.c ****  * @param const nrf_pipe pipe: Pipe to use.
 154:Generated_Source\PSoC5/nRF24_COMMANDS.c ****  * @param const uint8_t* data: Data to be sent.
 155:Generated_Source\PSoC5/nRF24_COMMANDS.c ****  * @param const size_t size: Bytes of data to be sent (max 32)
 156:Generated_Source\PSoC5/nRF24_COMMANDS.c ****  */
 157:Generated_Source\PSoC5/nRF24_COMMANDS.c **** void nRF24_write_ack_payload_cmd(const nrf_pipe pipe, const uint8_t* data,
 158:Generated_Source\PSoC5/nRF24_COMMANDS.c ****                                         const size_t data_size)
 159:Generated_Source\PSoC5/nRF24_COMMANDS.c **** {
 307              		.loc 1 159 0
 308              		.cfi_startproc
 309              		@ args = 0, pretend = 0, frame = 0
 310              		@ frame_needed = 1, uses_anonymous_args = 0
 311              	.LVL24:
 312 0000 1346     		mov	r3, r2
 313 0002 B0B5     		push	{r4, r5, r7, lr}
 314              		.cfi_def_cfa_offset 16
 315              		.cfi_offset 4, -16
 316              		.cfi_offset 5, -12
 317              		.cfi_offset 7, -8
 318              		.cfi_offset 14, -4
 160:Generated_Source\PSoC5/nRF24_COMMANDS.c ****     uint8_t nrf_data_in[data_size + 1];
 319              		.loc 1 160 0
 320 0004 0833     		adds	r3, r3, #8
 321 0006 23F00703 		bic	r3, r3, #7
 159:Generated_Source\PSoC5/nRF24_COMMANDS.c ****     uint8_t nrf_data_in[data_size + 1];
 322              		.loc 1 159 0
 323 000a 00AF     		add	r7, sp, #0
 324              		.cfi_def_cfa_register 7
 325              		.loc 1 160 0
 326 000c ADEB030D 		sub	sp, sp, r3
 327 0010 6C46     		mov	r4, sp
 328              	.LVL25:
 161:Generated_Source\PSoC5/nRF24_COMMANDS.c ****     uint8_t nrf_data_out[data_size + 1];
 329              		.loc 1 161 0
 330 0012 ADEB030D 		sub	sp, sp, r3
 331              	.LVL26:
 162:Generated_Source\PSoC5/nRF24_COMMANDS.c ****     
 163:Generated_Source\PSoC5/nRF24_COMMANDS.c ****     nrf_data_in[0] = NRF_CMD_W_ACK_PAYLOAD | pipe;
 332              		.loc 1 163 0
 333 0016 60F05703 		orn	r3, r0, #87
 334 001a 2046     		mov	r0, r4
 335              	.LVL27:
 160:Generated_Source\PSoC5/nRF24_COMMANDS.c ****     uint8_t nrf_data_out[data_size + 1];
 336              		.loc 1 160 0
 337 001c 551C     		adds	r5, r2, #1
ARM GAS  C:\Users\rens_\AppData\Local\Temp\ccTu1nVR.s 			page 10


 338              		.loc 1 163 0
 339 001e 00F8013B 		strb	r3, [r0], #1
 164:Generated_Source\PSoC5/nRF24_COMMANDS.c ****     memcpy(&nrf_data_in[1], data, data_size);
 340              		.loc 1 164 0
 341 0022 FFF7FEFF 		bl	memcpy
 342              	.LVL28:
 165:Generated_Source\PSoC5/nRF24_COMMANDS.c ****     
 166:Generated_Source\PSoC5/nRF24_COMMANDS.c ****     nRF24_spi_xfer(nrf_data_in, nrf_data_out, sizeof(nrf_data_in));
 343              		.loc 1 166 0
 344 0026 2A46     		mov	r2, r5
 345 0028 6946     		mov	r1, sp
 346 002a 2046     		mov	r0, r4
 347 002c FFF7FEFF 		bl	nRF24_spi_xfer
 348              	.LVL29:
 167:Generated_Source\PSoC5/nRF24_COMMANDS.c **** }
 349              		.loc 1 167 0
 350 0030 BD46     		mov	sp, r7
 351              		.cfi_def_cfa_register 13
 352              	.LVL30:
 353              		@ sp needed
 354 0032 B0BD     		pop	{r4, r5, r7, pc}
 355              		.cfi_endproc
 356              	.LFE7:
 357              		.size	nRF24_write_ack_payload_cmd, .-nRF24_write_ack_payload_cmd
 358              		.section	.text.nRF24_no_ack_payload_cmd,"ax",%progbits
 359              		.align	1
 360              		.global	nRF24_no_ack_payload_cmd
 361              		.thumb
 362              		.thumb_func
 363              		.type	nRF24_no_ack_payload_cmd, %function
 364              	nRF24_no_ack_payload_cmd:
 365              	.LFB8:
 168:Generated_Source\PSoC5/nRF24_COMMANDS.c **** 
 169:Generated_Source\PSoC5/nRF24_COMMANDS.c **** /**
 170:Generated_Source\PSoC5/nRF24_COMMANDS.c ****  * Used in TX mode.
 171:Generated_Source\PSoC5/nRF24_COMMANDS.c ****  * Disable AUTOACK on this packet.
 172:Generated_Source\PSoC5/nRF24_COMMANDS.c ****  *
 173:Generated_Source\PSoC5/nRF24_COMMANDS.c ****  * @param const uint8_t* data: Data to be sent.
 174:Generated_Source\PSoC5/nRF24_COMMANDS.c ****  * @param const size_t size: Bytes of data to be sent (max 32).
 175:Generated_Source\PSoC5/nRF24_COMMANDS.c ****  */
 176:Generated_Source\PSoC5/nRF24_COMMANDS.c **** void nRF24_no_ack_payload_cmd(const uint8_t* data, const size_t data_size)
 177:Generated_Source\PSoC5/nRF24_COMMANDS.c **** {
 366              		.loc 1 177 0
 367              		.cfi_startproc
 368              		@ args = 0, pretend = 0, frame = 0
 369              		@ frame_needed = 1, uses_anonymous_args = 0
 370              	.LVL31:
 371 0000 B0B5     		push	{r4, r5, r7, lr}
 372              		.cfi_def_cfa_offset 16
 373              		.cfi_offset 4, -16
 374              		.cfi_offset 5, -12
 375              		.cfi_offset 7, -8
 376              		.cfi_offset 14, -4
 178:Generated_Source\PSoC5/nRF24_COMMANDS.c ****     uint8_t nrf_data_in[data_size + 1];
 377              		.loc 1 178 0
 378 0002 01F10803 		add	r3, r1, #8
 379 0006 23F00703 		bic	r3, r3, #7
ARM GAS  C:\Users\rens_\AppData\Local\Temp\ccTu1nVR.s 			page 11


 177:Generated_Source\PSoC5/nRF24_COMMANDS.c ****     uint8_t nrf_data_in[data_size + 1];
 380              		.loc 1 177 0
 381 000a 00AF     		add	r7, sp, #0
 382              		.cfi_def_cfa_register 7
 383              		.loc 1 178 0
 384 000c ADEB030D 		sub	sp, sp, r3
 385 0010 6C46     		mov	r4, sp
 386              	.LVL32:
 179:Generated_Source\PSoC5/nRF24_COMMANDS.c ****     uint8_t nrf_data_out[data_size + 1];
 387              		.loc 1 179 0
 388 0012 ADEB030D 		sub	sp, sp, r3
 389              	.LVL33:
 180:Generated_Source\PSoC5/nRF24_COMMANDS.c ****     
 181:Generated_Source\PSoC5/nRF24_COMMANDS.c ****     nrf_data_in[0] = NRF_CMD_W_TX_PAYLOAD_NOACK;
 390              		.loc 1 181 0
 391 0016 2346     		mov	r3, r4
 177:Generated_Source\PSoC5/nRF24_COMMANDS.c ****     uint8_t nrf_data_in[data_size + 1];
 392              		.loc 1 177 0
 393 0018 0A46     		mov	r2, r1
 178:Generated_Source\PSoC5/nRF24_COMMANDS.c ****     uint8_t nrf_data_out[data_size + 1];
 394              		.loc 1 178 0
 395 001a 4D1C     		adds	r5, r1, #1
 396              		.loc 1 181 0
 397 001c B021     		movs	r1, #176
 398              	.LVL34:
 399 001e 03F8011B 		strb	r1, [r3], #1
 182:Generated_Source\PSoC5/nRF24_COMMANDS.c ****     memcpy(&nrf_data_in[1], data, data_size);
 400              		.loc 1 182 0
 401 0022 0146     		mov	r1, r0
 402 0024 1846     		mov	r0, r3
 403              	.LVL35:
 404 0026 FFF7FEFF 		bl	memcpy
 405              	.LVL36:
 183:Generated_Source\PSoC5/nRF24_COMMANDS.c ****     
 184:Generated_Source\PSoC5/nRF24_COMMANDS.c ****     nRF24_spi_xfer(nrf_data_in, nrf_data_out, sizeof(nrf_data_in));
 406              		.loc 1 184 0
 407 002a 2A46     		mov	r2, r5
 408 002c 6946     		mov	r1, sp
 409 002e 2046     		mov	r0, r4
 410 0030 FFF7FEFF 		bl	nRF24_spi_xfer
 411              	.LVL37:
 185:Generated_Source\PSoC5/nRF24_COMMANDS.c **** }
 412              		.loc 1 185 0
 413 0034 BD46     		mov	sp, r7
 414              		.cfi_def_cfa_register 13
 415              	.LVL38:
 416              		@ sp needed
 417 0036 B0BD     		pop	{r4, r5, r7, pc}
 418              		.cfi_endproc
 419              	.LFE8:
 420              		.size	nRF24_no_ack_payload_cmd, .-nRF24_no_ack_payload_cmd
 421              		.section	.text.nRF24_nop_cmd,"ax",%progbits
 422              		.align	1
 423              		.global	nRF24_nop_cmd
 424              		.thumb
 425              		.thumb_func
 426              		.type	nRF24_nop_cmd, %function
ARM GAS  C:\Users\rens_\AppData\Local\Temp\ccTu1nVR.s 			page 12


 427              	nRF24_nop_cmd:
 428              	.LFB9:
 186:Generated_Source\PSoC5/nRF24_COMMANDS.c **** 
 187:Generated_Source\PSoC5/nRF24_COMMANDS.c **** /**
 188:Generated_Source\PSoC5/nRF24_COMMANDS.c ****  * NOP (No OPeration) Command. Useful to read the STATUS register.
 189:Generated_Source\PSoC5/nRF24_COMMANDS.c ****  *
 190:Generated_Source\PSoC5/nRF24_COMMANDS.c ****  * @return uint8_t: STATUS register.
 191:Generated_Source\PSoC5/nRF24_COMMANDS.c ****  */
 192:Generated_Source\PSoC5/nRF24_COMMANDS.c **** uint8_t nRF24_nop_cmd(void)
 193:Generated_Source\PSoC5/nRF24_COMMANDS.c **** {
 429              		.loc 1 193 0
 430              		.cfi_startproc
 431              		@ args = 0, pretend = 0, frame = 8
 432              		@ frame_needed = 0, uses_anonymous_args = 0
 433 0000 07B5     		push	{r0, r1, r2, lr}
 434              		.cfi_def_cfa_offset 16
 435              		.cfi_offset 14, -4
 194:Generated_Source\PSoC5/nRF24_COMMANDS.c ****     uint8_t dummy = 0xFF;
 436              		.loc 1 194 0
 437 0002 FF23     		movs	r3, #255
 438 0004 8DF80630 		strb	r3, [sp, #6]
 195:Generated_Source\PSoC5/nRF24_COMMANDS.c ****     uint8_t status = 0;
 439              		.loc 1 195 0
 440 0008 02A9     		add	r1, sp, #8
 441 000a 0023     		movs	r3, #0
 196:Generated_Source\PSoC5/nRF24_COMMANDS.c ****     
 197:Generated_Source\PSoC5/nRF24_COMMANDS.c ****     nRF24_spi_xfer(&dummy, &status, 1);
 442              		.loc 1 197 0
 443 000c 0DF10600 		add	r0, sp, #6
 195:Generated_Source\PSoC5/nRF24_COMMANDS.c ****     uint8_t status = 0;
 444              		.loc 1 195 0
 445 0010 01F8013D 		strb	r3, [r1, #-1]!
 446              		.loc 1 197 0
 447 0014 0122     		movs	r2, #1
 448 0016 FFF7FEFF 		bl	nRF24_spi_xfer
 449              	.LVL39:
 198:Generated_Source\PSoC5/nRF24_COMMANDS.c ****     
 199:Generated_Source\PSoC5/nRF24_COMMANDS.c ****     return status;
 200:Generated_Source\PSoC5/nRF24_COMMANDS.c **** }
 450              		.loc 1 200 0
 451 001a 9DF80700 		ldrb	r0, [sp, #7]	@ zero_extendqisi2
 452 001e 03B0     		add	sp, sp, #12
 453              		.cfi_def_cfa_offset 4
 454              		@ sp needed
 455 0020 5DF804FB 		ldr	pc, [sp], #4
 456              		.cfi_endproc
 457              	.LFE9:
 458              		.size	nRF24_nop_cmd, .-nRF24_nop_cmd
 459              		.section	.rodata
 460              		.set	.LANCHOR0,. + 0
 461              	.LC0:
 462 0000 60       		.byte	96
 463 0001 FF       		.byte	-1
 464              		.text
 465              	.Letext0:
 466              		.file 2 "c:\\program files (x86)\\cypress\\psoc creator\\4.2\\psoc creator\\import\\gnu\\arm\\5.4.
 467              		.file 3 "c:\\program files (x86)\\cypress\\psoc creator\\4.2\\psoc creator\\import\\gnu\\arm\\5.4.
ARM GAS  C:\Users\rens_\AppData\Local\Temp\ccTu1nVR.s 			page 13


 468              		.file 4 "c:\\program files (x86)\\cypress\\psoc creator\\4.2\\psoc creator\\import\\gnu\\arm\\5.4.
 469              		.file 5 "Generated_Source\\PSoC5\\nRF24_DEFS.h"
 470              		.file 6 "Generated_Source\\PSoC5\\nRF24_HAL.h"
 471              		.section	.debug_info,"",%progbits
 472              	.Ldebug_info0:
 473 0000 D3050000 		.4byte	0x5d3
 474 0004 0400     		.2byte	0x4
 475 0006 00000000 		.4byte	.Ldebug_abbrev0
 476 000a 04       		.byte	0x4
 477 000b 01       		.uleb128 0x1
 478 000c 3F000000 		.4byte	.LASF53
 479 0010 0C       		.byte	0xc
 480 0011 EF010000 		.4byte	.LASF54
 481 0015 18010000 		.4byte	.LASF55
 482 0019 00000000 		.4byte	.Ldebug_ranges0+0
 483 001d 00000000 		.4byte	0
 484 0021 00000000 		.4byte	.Ldebug_line0
 485 0025 02       		.uleb128 0x2
 486 0026 01       		.byte	0x1
 487 0027 06       		.byte	0x6
 488 0028 FC030000 		.4byte	.LASF0
 489 002c 03       		.uleb128 0x3
 490 002d 00000000 		.4byte	.LASF9
 491 0031 02       		.byte	0x2
 492 0032 1D       		.byte	0x1d
 493 0033 37000000 		.4byte	0x37
 494 0037 02       		.uleb128 0x2
 495 0038 01       		.byte	0x1
 496 0039 08       		.byte	0x8
 497 003a A0010000 		.4byte	.LASF1
 498 003e 02       		.uleb128 0x2
 499 003f 02       		.byte	0x2
 500 0040 05       		.byte	0x5
 501 0041 B4030000 		.4byte	.LASF2
 502 0045 02       		.uleb128 0x2
 503 0046 02       		.byte	0x2
 504 0047 07       		.byte	0x7
 505 0048 FB000000 		.4byte	.LASF3
 506 004c 02       		.uleb128 0x2
 507 004d 04       		.byte	0x4
 508 004e 05       		.byte	0x5
 509 004f E7030000 		.4byte	.LASF4
 510 0053 02       		.uleb128 0x2
 511 0054 04       		.byte	0x4
 512 0055 07       		.byte	0x7
 513 0056 5B020000 		.4byte	.LASF5
 514 005a 02       		.uleb128 0x2
 515 005b 08       		.byte	0x8
 516 005c 05       		.byte	0x5
 517 005d 69030000 		.4byte	.LASF6
 518 0061 02       		.uleb128 0x2
 519 0062 08       		.byte	0x8
 520 0063 07       		.byte	0x7
 521 0064 DF020000 		.4byte	.LASF7
 522 0068 04       		.uleb128 0x4
 523 0069 04       		.byte	0x4
 524 006a 05       		.byte	0x5
ARM GAS  C:\Users\rens_\AppData\Local\Temp\ccTu1nVR.s 			page 14


 525 006b 696E7400 		.ascii	"int\000"
 526 006f 02       		.uleb128 0x2
 527 0070 04       		.byte	0x4
 528 0071 07       		.byte	0x7
 529 0072 B7020000 		.4byte	.LASF8
 530 0076 03       		.uleb128 0x3
 531 0077 F6020000 		.4byte	.LASF10
 532 007b 03       		.byte	0x3
 533 007c 18       		.byte	0x18
 534 007d 2C000000 		.4byte	0x2c
 535 0081 02       		.uleb128 0x2
 536 0082 04       		.byte	0x4
 537 0083 04       		.byte	0x4
 538 0084 82010000 		.4byte	.LASF11
 539 0088 02       		.uleb128 0x2
 540 0089 08       		.byte	0x8
 541 008a 04       		.byte	0x4
 542 008b 08040000 		.4byte	.LASF12
 543 008f 02       		.uleb128 0x2
 544 0090 01       		.byte	0x1
 545 0091 08       		.byte	0x8
 546 0092 95030000 		.4byte	.LASF13
 547 0096 03       		.uleb128 0x3
 548 0097 0A000000 		.4byte	.LASF14
 549 009b 04       		.byte	0x4
 550 009c D8       		.byte	0xd8
 551 009d 6F000000 		.4byte	0x6f
 552 00a1 02       		.uleb128 0x2
 553 00a2 08       		.byte	0x8
 554 00a3 04       		.byte	0x4
 555 00a4 F0030000 		.4byte	.LASF15
 556 00a8 02       		.uleb128 0x2
 557 00a9 04       		.byte	0x4
 558 00aa 07       		.byte	0x7
 559 00ab 77030000 		.4byte	.LASF16
 560 00af 05       		.uleb128 0x5
 561 00b0 01       		.byte	0x1
 562 00b1 37000000 		.4byte	0x37
 563 00b5 05       		.byte	0x5
 564 00b6 3C       		.byte	0x3c
 565 00b7 FE000000 		.4byte	0xfe
 566 00bb 06       		.uleb128 0x6
 567 00bc 9A030000 		.4byte	.LASF17
 568 00c0 00       		.byte	0
 569 00c1 06       		.uleb128 0x6
 570 00c2 CD000000 		.4byte	.LASF18
 571 00c6 20       		.byte	0x20
 572 00c7 06       		.uleb128 0x6
 573 00c8 BE030000 		.4byte	.LASF19
 574 00cc 61       		.byte	0x61
 575 00cd 06       		.uleb128 0x6
 576 00ce 80030000 		.4byte	.LASF20
 577 00d2 A0       		.byte	0xa0
 578 00d3 06       		.uleb128 0x6
 579 00d4 3C030000 		.4byte	.LASF21
 580 00d8 E1       		.byte	0xe1
 581 00d9 06       		.uleb128 0x6
ARM GAS  C:\Users\rens_\AppData\Local\Temp\ccTu1nVR.s 			page 15


 582 00da 0A030000 		.4byte	.LASF22
 583 00de E2       		.byte	0xe2
 584 00df 06       		.uleb128 0x6
 585 00e0 D3030000 		.4byte	.LASF23
 586 00e4 E3       		.byte	0xe3
 587 00e5 06       		.uleb128 0x6
 588 00e6 1B030000 		.4byte	.LASF24
 589 00ea 60       		.byte	0x60
 590 00eb 06       		.uleb128 0x6
 591 00ec 86020000 		.4byte	.LASF25
 592 00f0 A8       		.byte	0xa8
 593 00f1 06       		.uleb128 0x6
 594 00f2 C4020000 		.4byte	.LASF26
 595 00f6 B0       		.byte	0xb0
 596 00f7 06       		.uleb128 0x6
 597 00f8 4F020000 		.4byte	.LASF27
 598 00fc FF       		.byte	0xff
 599 00fd 00       		.byte	0
 600 00fe 03       		.uleb128 0x3
 601 00ff 9C020000 		.4byte	.LASF28
 602 0103 05       		.byte	0x5
 603 0104 48       		.byte	0x48
 604 0105 AF000000 		.4byte	0xaf
 605 0109 05       		.uleb128 0x5
 606 010a 01       		.byte	0x1
 607 010b 37000000 		.4byte	0x37
 608 010f 05       		.byte	0x5
 609 0110 4B       		.byte	0x4b
 610 0111 3A010000 		.4byte	0x13a
 611 0115 06       		.uleb128 0x6
 612 0116 17020000 		.4byte	.LASF29
 613 011a 00       		.byte	0
 614 011b 06       		.uleb128 0x6
 615 011c 21020000 		.4byte	.LASF30
 616 0120 01       		.byte	0x1
 617 0121 06       		.uleb128 0x6
 618 0122 2B020000 		.4byte	.LASF31
 619 0126 02       		.byte	0x2
 620 0127 06       		.uleb128 0x6
 621 0128 E5010000 		.4byte	.LASF32
 622 012c 03       		.byte	0x3
 623 012d 06       		.uleb128 0x6
 624 012e 3B020000 		.4byte	.LASF33
 625 0132 04       		.byte	0x4
 626 0133 06       		.uleb128 0x6
 627 0134 45020000 		.4byte	.LASF34
 628 0138 05       		.byte	0x5
 629 0139 00       		.byte	0
 630 013a 03       		.uleb128 0x3
 631 013b 79010000 		.4byte	.LASF35
 632 013f 05       		.byte	0x5
 633 0140 52       		.byte	0x52
 634 0141 09010000 		.4byte	0x109
 635 0145 07       		.uleb128 0x7
 636 0146 2C000000 		.4byte	.LASF36
 637 014a 01       		.byte	0x1
 638 014b 24       		.byte	0x24
ARM GAS  C:\Users\rens_\AppData\Local\Temp\ccTu1nVR.s 			page 16


 639 014c 00000000 		.4byte	.LFB0
 640 0150 1E000000 		.4byte	.LFE0-.LFB0
 641 0154 01       		.uleb128 0x1
 642 0155 9C       		.byte	0x9c
 643 0156 93010000 		.4byte	0x193
 644 015a 08       		.uleb128 0x8
 645 015b 636D6400 		.ascii	"cmd\000"
 646 015f 01       		.byte	0x1
 647 0160 24       		.byte	0x24
 648 0161 93010000 		.4byte	0x193
 649 0165 00000000 		.4byte	.LLST0
 650 0169 09       		.uleb128 0x9
 651 016a 72010000 		.4byte	.LASF43
 652 016e 01       		.byte	0x1
 653 016f 26       		.byte	0x26
 654 0170 76000000 		.4byte	0x76
 655 0174 02       		.uleb128 0x2
 656 0175 91       		.byte	0x91
 657 0176 77       		.sleb128 -9
 658 0177 0A       		.uleb128 0xa
 659 0178 18000000 		.4byte	.LVL2
 660 017c C2050000 		.4byte	0x5c2
 661 0180 0B       		.uleb128 0xb
 662 0181 01       		.uleb128 0x1
 663 0182 50       		.byte	0x50
 664 0183 02       		.uleb128 0x2
 665 0184 91       		.byte	0x91
 666 0185 6F       		.sleb128 -17
 667 0186 0B       		.uleb128 0xb
 668 0187 01       		.uleb128 0x1
 669 0188 51       		.byte	0x51
 670 0189 02       		.uleb128 0x2
 671 018a 91       		.byte	0x91
 672 018b 77       		.sleb128 -9
 673 018c 0B       		.uleb128 0xb
 674 018d 01       		.uleb128 0x1
 675 018e 52       		.byte	0x52
 676 018f 01       		.uleb128 0x1
 677 0190 31       		.byte	0x31
 678 0191 00       		.byte	0
 679 0192 00       		.byte	0
 680 0193 0C       		.uleb128 0xc
 681 0194 FE000000 		.4byte	0xfe
 682 0198 07       		.uleb128 0x7
 683 0199 E0000000 		.4byte	.LASF37
 684 019d 01       		.byte	0x1
 685 019e 33       		.byte	0x33
 686 019f 00000000 		.4byte	.LFB1
 687 01a3 06000000 		.4byte	.LFE1-.LFB1
 688 01a7 01       		.uleb128 0x1
 689 01a8 9C       		.byte	0x9c
 690 01a9 BE010000 		.4byte	0x1be
 691 01ad 0D       		.uleb128 0xd
 692 01ae 06000000 		.4byte	.LVL3
 693 01b2 45010000 		.4byte	0x145
 694 01b6 0B       		.uleb128 0xb
 695 01b7 01       		.uleb128 0x1
ARM GAS  C:\Users\rens_\AppData\Local\Temp\ccTu1nVR.s 			page 17


 696 01b8 50       		.byte	0x50
 697 01b9 02       		.uleb128 0x2
 698 01ba 09       		.byte	0x9
 699 01bb E3       		.byte	0xe3
 700 01bc 00       		.byte	0
 701 01bd 00       		.byte	0
 702 01be 07       		.uleb128 0x7
 703 01bf 8D010000 		.4byte	.LASF38
 704 01c3 01       		.byte	0x1
 705 01c4 3F       		.byte	0x3f
 706 01c5 00000000 		.4byte	.LFB2
 707 01c9 06000000 		.4byte	.LFE2-.LFB2
 708 01cd 01       		.uleb128 0x1
 709 01ce 9C       		.byte	0x9c
 710 01cf E4010000 		.4byte	0x1e4
 711 01d3 0D       		.uleb128 0xd
 712 01d4 06000000 		.4byte	.LVL4
 713 01d8 45010000 		.4byte	0x145
 714 01dc 0B       		.uleb128 0xb
 715 01dd 01       		.uleb128 0x1
 716 01de 50       		.byte	0x50
 717 01df 02       		.uleb128 0x2
 718 01e0 09       		.byte	0x9
 719 01e1 E2       		.byte	0xe2
 720 01e2 00       		.byte	0
 721 01e3 00       		.byte	0
 722 01e4 07       		.uleb128 0x7
 723 01e5 0F040000 		.4byte	.LASF39
 724 01e9 01       		.byte	0x1
 725 01ea 48       		.byte	0x48
 726 01eb 00000000 		.4byte	.LFB3
 727 01ef 06000000 		.4byte	.LFE3-.LFB3
 728 01f3 01       		.uleb128 0x1
 729 01f4 9C       		.byte	0x9c
 730 01f5 0A020000 		.4byte	0x20a
 731 01f9 0D       		.uleb128 0xd
 732 01fa 06000000 		.4byte	.LVL5
 733 01fe 45010000 		.4byte	0x145
 734 0202 0B       		.uleb128 0xb
 735 0203 01       		.uleb128 0x1
 736 0204 50       		.byte	0x50
 737 0205 02       		.uleb128 0x2
 738 0206 09       		.byte	0x9
 739 0207 E1       		.byte	0xe1
 740 0208 00       		.byte	0
 741 0209 00       		.byte	0
 742 020a 07       		.uleb128 0x7
 743 020b CB010000 		.4byte	.LASF40
 744 020f 01       		.byte	0x1
 745 0210 55       		.byte	0x55
 746 0211 00000000 		.4byte	.LFB4
 747 0215 38000000 		.4byte	.LFE4-.LFB4
 748 0219 01       		.uleb128 0x1
 749 021a 9C       		.byte	0x9c
 750 021b 97020000 		.4byte	0x297
 751 021f 0E       		.uleb128 0xe
 752 0220 88010000 		.4byte	.LASF41
ARM GAS  C:\Users\rens_\AppData\Local\Temp\ccTu1nVR.s 			page 18


 753 0224 01       		.byte	0x1
 754 0225 55       		.byte	0x55
 755 0226 97020000 		.4byte	0x297
 756 022a 2B000000 		.4byte	.LLST1
 757 022e 0E       		.uleb128 0xe
 758 022f 0E010000 		.4byte	.LASF42
 759 0233 01       		.byte	0x1
 760 0234 55       		.byte	0x55
 761 0235 9D020000 		.4byte	0x29d
 762 0239 49000000 		.4byte	.LLST2
 763 023d 09       		.uleb128 0x9
 764 023e 2F030000 		.4byte	.LASF44
 765 0242 01       		.byte	0x1
 766 0243 57       		.byte	0x57
 767 0244 A2020000 		.4byte	0x2a2
 768 0248 02       		.uleb128 0x2
 769 0249 75       		.byte	0x75
 770 024a 00       		.sleb128 0
 771 024b 0F       		.uleb128 0xf
 772 024c FE020000 		.4byte	.LASF45
 773 0250 01       		.byte	0x1
 774 0251 5B       		.byte	0x5b
 775 0252 B5020000 		.4byte	0x2b5
 776 0256 67000000 		.4byte	.LLST3
 777 025a 10       		.uleb128 0x10
 778 025b 2A000000 		.4byte	.LVL11
 779 025f C2050000 		.4byte	0x5c2
 780 0263 7A020000 		.4byte	0x27a
 781 0267 0B       		.uleb128 0xb
 782 0268 01       		.uleb128 0x1
 783 0269 50       		.byte	0x50
 784 026a 02       		.uleb128 0x2
 785 026b 7D       		.byte	0x7d
 786 026c 00       		.sleb128 0
 787 026d 0B       		.uleb128 0xb
 788 026e 01       		.uleb128 0x1
 789 026f 51       		.byte	0x51
 790 0270 02       		.uleb128 0x2
 791 0271 75       		.byte	0x75
 792 0272 00       		.sleb128 0
 793 0273 0B       		.uleb128 0xb
 794 0274 01       		.uleb128 0x1
 795 0275 52       		.byte	0x52
 796 0276 02       		.uleb128 0x2
 797 0277 74       		.byte	0x74
 798 0278 01       		.sleb128 1
 799 0279 00       		.byte	0
 800 027a 0A       		.uleb128 0xa
 801 027b 34000000 		.4byte	.LVL12
 802 027f CD050000 		.4byte	0x5cd
 803 0283 0B       		.uleb128 0xb
 804 0284 01       		.uleb128 0x1
 805 0285 50       		.byte	0x50
 806 0286 02       		.uleb128 0x2
 807 0287 76       		.byte	0x76
 808 0288 00       		.sleb128 0
 809 0289 0B       		.uleb128 0xb
ARM GAS  C:\Users\rens_\AppData\Local\Temp\ccTu1nVR.s 			page 19


 810 028a 01       		.uleb128 0x1
 811 028b 51       		.byte	0x51
 812 028c 02       		.uleb128 0x2
 813 028d 75       		.byte	0x75
 814 028e 01       		.sleb128 1
 815 028f 0B       		.uleb128 0xb
 816 0290 01       		.uleb128 0x1
 817 0291 52       		.byte	0x52
 818 0292 02       		.uleb128 0x2
 819 0293 74       		.byte	0x74
 820 0294 00       		.sleb128 0
 821 0295 00       		.byte	0
 822 0296 00       		.byte	0
 823 0297 11       		.uleb128 0x11
 824 0298 04       		.byte	0x4
 825 0299 76000000 		.4byte	0x76
 826 029d 0C       		.uleb128 0xc
 827 029e 96000000 		.4byte	0x96
 828 02a2 12       		.uleb128 0x12
 829 02a3 76000000 		.4byte	0x76
 830 02a7 B5020000 		.4byte	0x2b5
 831 02ab 13       		.uleb128 0x13
 832 02ac A8000000 		.4byte	0xa8
 833 02b0 2E020000 		.4byte	0x22e
 834 02b4 00       		.byte	0
 835 02b5 12       		.uleb128 0x12
 836 02b6 76000000 		.4byte	0x76
 837 02ba C8020000 		.4byte	0x2c8
 838 02be 13       		.uleb128 0x13
 839 02bf A8000000 		.4byte	0xa8
 840 02c3 2E020000 		.4byte	0x22e
 841 02c7 00       		.byte	0
 842 02c8 07       		.uleb128 0x7
 843 02c9 11000000 		.4byte	.LASF46
 844 02cd 01       		.byte	0x1
 845 02ce 6B       		.byte	0x6b
 846 02cf 00000000 		.4byte	.LFB5
 847 02d3 38000000 		.4byte	.LFE5-.LFB5
 848 02d7 01       		.uleb128 0x1
 849 02d8 9C       		.byte	0x9c
 850 02d9 56030000 		.4byte	0x356
 851 02dd 0E       		.uleb128 0xe
 852 02de 88010000 		.4byte	.LASF41
 853 02e2 01       		.byte	0x1
 854 02e3 6B       		.byte	0x6b
 855 02e4 56030000 		.4byte	0x356
 856 02e8 8D000000 		.4byte	.LLST4
 857 02ec 0E       		.uleb128 0xe
 858 02ed 0E010000 		.4byte	.LASF42
 859 02f1 01       		.byte	0x1
 860 02f2 6B       		.byte	0x6b
 861 02f3 9D020000 		.4byte	0x29d
 862 02f7 B9000000 		.4byte	.LLST5
 863 02fb 09       		.uleb128 0x9
 864 02fc FE020000 		.4byte	.LASF45
 865 0300 01       		.byte	0x1
 866 0301 6D       		.byte	0x6d
ARM GAS  C:\Users\rens_\AppData\Local\Temp\ccTu1nVR.s 			page 20


 867 0302 61030000 		.4byte	0x361
 868 0306 02       		.uleb128 0x2
 869 0307 74       		.byte	0x74
 870 0308 00       		.sleb128 0
 871 0309 0F       		.uleb128 0xf
 872 030a 2F030000 		.4byte	.LASF44
 873 030e 01       		.byte	0x1
 874 030f 6E       		.byte	0x6e
 875 0310 74030000 		.4byte	0x374
 876 0314 E4000000 		.4byte	.LLST6
 877 0318 10       		.uleb128 0x10
 878 0319 2A000000 		.4byte	.LVL19
 879 031d CD050000 		.4byte	0x5cd
 880 0321 39030000 		.4byte	0x339
 881 0325 0B       		.uleb128 0xb
 882 0326 01       		.uleb128 0x1
 883 0327 50       		.byte	0x50
 884 0328 02       		.uleb128 0x2
 885 0329 74       		.byte	0x74
 886 032a 01       		.sleb128 1
 887 032b 0B       		.uleb128 0xb
 888 032c 01       		.uleb128 0x1
 889 032d 51       		.byte	0x51
 890 032e 03       		.uleb128 0x3
 891 032f F3       		.byte	0xf3
 892 0330 01       		.uleb128 0x1
 893 0331 50       		.byte	0x50
 894 0332 0B       		.uleb128 0xb
 895 0333 01       		.uleb128 0x1
 896 0334 52       		.byte	0x52
 897 0335 02       		.uleb128 0x2
 898 0336 75       		.byte	0x75
 899 0337 7F       		.sleb128 -1
 900 0338 00       		.byte	0
 901 0339 0A       		.uleb128 0xa
 902 033a 34000000 		.4byte	.LVL20
 903 033e C2050000 		.4byte	0x5c2
 904 0342 0B       		.uleb128 0xb
 905 0343 01       		.uleb128 0x1
 906 0344 50       		.byte	0x50
 907 0345 02       		.uleb128 0x2
 908 0346 74       		.byte	0x74
 909 0347 00       		.sleb128 0
 910 0348 0B       		.uleb128 0xb
 911 0349 01       		.uleb128 0x1
 912 034a 51       		.byte	0x51
 913 034b 02       		.uleb128 0x2
 914 034c 7D       		.byte	0x7d
 915 034d 00       		.sleb128 0
 916 034e 0B       		.uleb128 0xb
 917 034f 01       		.uleb128 0x1
 918 0350 52       		.byte	0x52
 919 0351 02       		.uleb128 0x2
 920 0352 75       		.byte	0x75
 921 0353 00       		.sleb128 0
 922 0354 00       		.byte	0
 923 0355 00       		.byte	0
ARM GAS  C:\Users\rens_\AppData\Local\Temp\ccTu1nVR.s 			page 21


 924 0356 11       		.uleb128 0x11
 925 0357 04       		.byte	0x4
 926 0358 5C030000 		.4byte	0x35c
 927 035c 0C       		.uleb128 0xc
 928 035d 76000000 		.4byte	0x76
 929 0361 12       		.uleb128 0x12
 930 0362 76000000 		.4byte	0x76
 931 0366 74030000 		.4byte	0x374
 932 036a 13       		.uleb128 0x13
 933 036b A8000000 		.4byte	0xa8
 934 036f EC020000 		.4byte	0x2ec
 935 0373 00       		.byte	0
 936 0374 12       		.uleb128 0x12
 937 0375 76000000 		.4byte	0x76
 938 0379 87030000 		.4byte	0x387
 939 037d 13       		.uleb128 0x13
 940 037e A8000000 		.4byte	0xa8
 941 0382 EC020000 		.4byte	0x2ec
 942 0386 00       		.byte	0
 943 0387 14       		.uleb128 0x14
 944 0388 AE010000 		.4byte	.LASF50
 945 038c 01       		.byte	0x1
 946 038d 7C       		.byte	0x7c
 947 038e 76000000 		.4byte	0x76
 948 0392 00000000 		.4byte	.LFB6
 949 0396 34000000 		.4byte	.LFE6-.LFB6
 950 039a 01       		.uleb128 0x1
 951 039b 9C       		.byte	0x9c
 952 039c E5030000 		.4byte	0x3e5
 953 03a0 09       		.uleb128 0x9
 954 03a1 FE020000 		.4byte	.LASF45
 955 03a5 01       		.byte	0x1
 956 03a6 7E       		.byte	0x7e
 957 03a7 E5030000 		.4byte	0x3e5
 958 03ab 02       		.uleb128 0x2
 959 03ac 91       		.byte	0x91
 960 03ad 70       		.sleb128 -16
 961 03ae 09       		.uleb128 0x9
 962 03af 2F030000 		.4byte	.LASF44
 963 03b3 01       		.byte	0x1
 964 03b4 82       		.byte	0x82
 965 03b5 E5030000 		.4byte	0x3e5
 966 03b9 02       		.uleb128 0x2
 967 03ba 91       		.byte	0x91
 968 03bb 74       		.sleb128 -12
 969 03bc 10       		.uleb128 0x10
 970 03bd 1A000000 		.4byte	.LVL22
 971 03c1 C2050000 		.4byte	0x5c2
 972 03c5 DB030000 		.4byte	0x3db
 973 03c9 0B       		.uleb128 0xb
 974 03ca 01       		.uleb128 0x1
 975 03cb 50       		.byte	0x50
 976 03cc 02       		.uleb128 0x2
 977 03cd 7D       		.byte	0x7d
 978 03ce 00       		.sleb128 0
 979 03cf 0B       		.uleb128 0xb
 980 03d0 01       		.uleb128 0x1
ARM GAS  C:\Users\rens_\AppData\Local\Temp\ccTu1nVR.s 			page 22


 981 03d1 51       		.byte	0x51
 982 03d2 02       		.uleb128 0x2
 983 03d3 91       		.byte	0x91
 984 03d4 74       		.sleb128 -12
 985 03d5 0B       		.uleb128 0xb
 986 03d6 01       		.uleb128 0x1
 987 03d7 52       		.byte	0x52
 988 03d8 01       		.uleb128 0x1
 989 03d9 32       		.byte	0x32
 990 03da 00       		.byte	0
 991 03db 15       		.uleb128 0x15
 992 03dc 26000000 		.4byte	.LVL23
 993 03e0 BE010000 		.4byte	0x1be
 994 03e4 00       		.byte	0
 995 03e5 12       		.uleb128 0x12
 996 03e6 76000000 		.4byte	0x76
 997 03ea F5030000 		.4byte	0x3f5
 998 03ee 16       		.uleb128 0x16
 999 03ef A8000000 		.4byte	0xa8
 1000 03f3 01       		.byte	0x1
 1001 03f4 00       		.byte	0
 1002 03f5 07       		.uleb128 0x7
 1003 03f6 4D030000 		.4byte	.LASF47
 1004 03fa 01       		.byte	0x1
 1005 03fb 9D       		.byte	0x9d
 1006 03fc 00000000 		.4byte	.LFB7
 1007 0400 34000000 		.4byte	.LFE7-.LFB7
 1008 0404 01       		.uleb128 0x1
 1009 0405 9C       		.byte	0x9c
 1010 0406 92040000 		.4byte	0x492
 1011 040a 0E       		.uleb128 0xe
 1012 040b B2020000 		.4byte	.LASF48
 1013 040f 01       		.byte	0x1
 1014 0410 9D       		.byte	0x9d
 1015 0411 92040000 		.4byte	0x492
 1016 0415 0A010000 		.4byte	.LLST7
 1017 0419 0E       		.uleb128 0xe
 1018 041a 88010000 		.4byte	.LASF41
 1019 041e 01       		.byte	0x1
 1020 041f 9D       		.byte	0x9d
 1021 0420 56030000 		.4byte	0x356
 1022 0424 2B010000 		.4byte	.LLST8
 1023 0428 0E       		.uleb128 0xe
 1024 0429 0E010000 		.4byte	.LASF42
 1025 042d 01       		.byte	0x1
 1026 042e 9E       		.byte	0x9e
 1027 042f 9D020000 		.4byte	0x29d
 1028 0433 4C010000 		.4byte	.LLST9
 1029 0437 09       		.uleb128 0x9
 1030 0438 FE020000 		.4byte	.LASF45
 1031 043c 01       		.byte	0x1
 1032 043d A0       		.byte	0xa0
 1033 043e 97040000 		.4byte	0x497
 1034 0442 02       		.uleb128 0x2
 1035 0443 74       		.byte	0x74
 1036 0444 00       		.sleb128 0
 1037 0445 0F       		.uleb128 0xf
ARM GAS  C:\Users\rens_\AppData\Local\Temp\ccTu1nVR.s 			page 23


 1038 0446 2F030000 		.4byte	.LASF44
 1039 044a 01       		.byte	0x1
 1040 044b A1       		.byte	0xa1
 1041 044c AA040000 		.4byte	0x4aa
 1042 0450 6C010000 		.4byte	.LLST10
 1043 0454 10       		.uleb128 0x10
 1044 0455 26000000 		.4byte	.LVL28
 1045 0459 CD050000 		.4byte	0x5cd
 1046 045d 75040000 		.4byte	0x475
 1047 0461 0B       		.uleb128 0xb
 1048 0462 01       		.uleb128 0x1
 1049 0463 50       		.byte	0x50
 1050 0464 02       		.uleb128 0x2
 1051 0465 74       		.byte	0x74
 1052 0466 01       		.sleb128 1
 1053 0467 0B       		.uleb128 0xb
 1054 0468 01       		.uleb128 0x1
 1055 0469 51       		.byte	0x51
 1056 046a 03       		.uleb128 0x3
 1057 046b F3       		.byte	0xf3
 1058 046c 01       		.uleb128 0x1
 1059 046d 51       		.byte	0x51
 1060 046e 0B       		.uleb128 0xb
 1061 046f 01       		.uleb128 0x1
 1062 0470 52       		.byte	0x52
 1063 0471 02       		.uleb128 0x2
 1064 0472 75       		.byte	0x75
 1065 0473 7F       		.sleb128 -1
 1066 0474 00       		.byte	0
 1067 0475 0A       		.uleb128 0xa
 1068 0476 30000000 		.4byte	.LVL29
 1069 047a C2050000 		.4byte	0x5c2
 1070 047e 0B       		.uleb128 0xb
 1071 047f 01       		.uleb128 0x1
 1072 0480 50       		.byte	0x50
 1073 0481 02       		.uleb128 0x2
 1074 0482 74       		.byte	0x74
 1075 0483 00       		.sleb128 0
 1076 0484 0B       		.uleb128 0xb
 1077 0485 01       		.uleb128 0x1
 1078 0486 51       		.byte	0x51
 1079 0487 02       		.uleb128 0x2
 1080 0488 7D       		.byte	0x7d
 1081 0489 00       		.sleb128 0
 1082 048a 0B       		.uleb128 0xb
 1083 048b 01       		.uleb128 0x1
 1084 048c 52       		.byte	0x52
 1085 048d 02       		.uleb128 0x2
 1086 048e 75       		.byte	0x75
 1087 048f 00       		.sleb128 0
 1088 0490 00       		.byte	0
 1089 0491 00       		.byte	0
 1090 0492 0C       		.uleb128 0xc
 1091 0493 3A010000 		.4byte	0x13a
 1092 0497 12       		.uleb128 0x12
 1093 0498 76000000 		.4byte	0x76
 1094 049c AA040000 		.4byte	0x4aa
ARM GAS  C:\Users\rens_\AppData\Local\Temp\ccTu1nVR.s 			page 24


 1095 04a0 13       		.uleb128 0x13
 1096 04a1 A8000000 		.4byte	0xa8
 1097 04a5 28040000 		.4byte	0x428
 1098 04a9 00       		.byte	0
 1099 04aa 12       		.uleb128 0x12
 1100 04ab 76000000 		.4byte	0x76
 1101 04af BD040000 		.4byte	0x4bd
 1102 04b3 13       		.uleb128 0x13
 1103 04b4 A8000000 		.4byte	0xa8
 1104 04b8 28040000 		.4byte	0x428
 1105 04bc 00       		.byte	0
 1106 04bd 07       		.uleb128 0x7
 1107 04be 6D020000 		.4byte	.LASF49
 1108 04c2 01       		.byte	0x1
 1109 04c3 B0       		.byte	0xb0
 1110 04c4 00000000 		.4byte	.LFB8
 1111 04c8 38000000 		.4byte	.LFE8-.LFB8
 1112 04cc 01       		.uleb128 0x1
 1113 04cd 9C       		.byte	0x9c
 1114 04ce 4B050000 		.4byte	0x54b
 1115 04d2 0E       		.uleb128 0xe
 1116 04d3 88010000 		.4byte	.LASF41
 1117 04d7 01       		.byte	0x1
 1118 04d8 B0       		.byte	0xb0
 1119 04d9 56030000 		.4byte	0x356
 1120 04dd 92010000 		.4byte	.LLST11
 1121 04e1 0E       		.uleb128 0xe
 1122 04e2 0E010000 		.4byte	.LASF42
 1123 04e6 01       		.byte	0x1
 1124 04e7 B0       		.byte	0xb0
 1125 04e8 9D020000 		.4byte	0x29d
 1126 04ec BE010000 		.4byte	.LLST12
 1127 04f0 09       		.uleb128 0x9
 1128 04f1 FE020000 		.4byte	.LASF45
 1129 04f5 01       		.byte	0x1
 1130 04f6 B2       		.byte	0xb2
 1131 04f7 4B050000 		.4byte	0x54b
 1132 04fb 02       		.uleb128 0x2
 1133 04fc 74       		.byte	0x74
 1134 04fd 00       		.sleb128 0
 1135 04fe 0F       		.uleb128 0xf
 1136 04ff 2F030000 		.4byte	.LASF44
 1137 0503 01       		.byte	0x1
 1138 0504 B3       		.byte	0xb3
 1139 0505 5E050000 		.4byte	0x55e
 1140 0509 E9010000 		.4byte	.LLST13
 1141 050d 10       		.uleb128 0x10
 1142 050e 2A000000 		.4byte	.LVL36
 1143 0512 CD050000 		.4byte	0x5cd
 1144 0516 2E050000 		.4byte	0x52e
 1145 051a 0B       		.uleb128 0xb
 1146 051b 01       		.uleb128 0x1
 1147 051c 50       		.byte	0x50
 1148 051d 02       		.uleb128 0x2
 1149 051e 74       		.byte	0x74
 1150 051f 01       		.sleb128 1
 1151 0520 0B       		.uleb128 0xb
ARM GAS  C:\Users\rens_\AppData\Local\Temp\ccTu1nVR.s 			page 25


 1152 0521 01       		.uleb128 0x1
 1153 0522 51       		.byte	0x51
 1154 0523 03       		.uleb128 0x3
 1155 0524 F3       		.byte	0xf3
 1156 0525 01       		.uleb128 0x1
 1157 0526 50       		.byte	0x50
 1158 0527 0B       		.uleb128 0xb
 1159 0528 01       		.uleb128 0x1
 1160 0529 52       		.byte	0x52
 1161 052a 02       		.uleb128 0x2
 1162 052b 75       		.byte	0x75
 1163 052c 7F       		.sleb128 -1
 1164 052d 00       		.byte	0
 1165 052e 0A       		.uleb128 0xa
 1166 052f 34000000 		.4byte	.LVL37
 1167 0533 C2050000 		.4byte	0x5c2
 1168 0537 0B       		.uleb128 0xb
 1169 0538 01       		.uleb128 0x1
 1170 0539 50       		.byte	0x50
 1171 053a 02       		.uleb128 0x2
 1172 053b 74       		.byte	0x74
 1173 053c 00       		.sleb128 0
 1174 053d 0B       		.uleb128 0xb
 1175 053e 01       		.uleb128 0x1
 1176 053f 51       		.byte	0x51
 1177 0540 02       		.uleb128 0x2
 1178 0541 7D       		.byte	0x7d
 1179 0542 00       		.sleb128 0
 1180 0543 0B       		.uleb128 0xb
 1181 0544 01       		.uleb128 0x1
 1182 0545 52       		.byte	0x52
 1183 0546 02       		.uleb128 0x2
 1184 0547 75       		.byte	0x75
 1185 0548 00       		.sleb128 0
 1186 0549 00       		.byte	0
 1187 054a 00       		.byte	0
 1188 054b 12       		.uleb128 0x12
 1189 054c 76000000 		.4byte	0x76
 1190 0550 5E050000 		.4byte	0x55e
 1191 0554 13       		.uleb128 0x13
 1192 0555 A8000000 		.4byte	0xa8
 1193 0559 E1040000 		.4byte	0x4e1
 1194 055d 00       		.byte	0
 1195 055e 12       		.uleb128 0x12
 1196 055f 76000000 		.4byte	0x76
 1197 0563 71050000 		.4byte	0x571
 1198 0567 13       		.uleb128 0x13
 1199 0568 A8000000 		.4byte	0xa8
 1200 056c E1040000 		.4byte	0x4e1
 1201 0570 00       		.byte	0
 1202 0571 14       		.uleb128 0x14
 1203 0572 A4020000 		.4byte	.LASF51
 1204 0576 01       		.byte	0x1
 1205 0577 C0       		.byte	0xc0
 1206 0578 76000000 		.4byte	0x76
 1207 057c 00000000 		.4byte	.LFB9
 1208 0580 24000000 		.4byte	.LFE9-.LFB9
ARM GAS  C:\Users\rens_\AppData\Local\Temp\ccTu1nVR.s 			page 26


 1209 0584 01       		.uleb128 0x1
 1210 0585 9C       		.byte	0x9c
 1211 0586 C2050000 		.4byte	0x5c2
 1212 058a 09       		.uleb128 0x9
 1213 058b 35020000 		.4byte	.LASF52
 1214 058f 01       		.byte	0x1
 1215 0590 C2       		.byte	0xc2
 1216 0591 76000000 		.4byte	0x76
 1217 0595 02       		.uleb128 0x2
 1218 0596 91       		.byte	0x91
 1219 0597 76       		.sleb128 -10
 1220 0598 09       		.uleb128 0x9
 1221 0599 72010000 		.4byte	.LASF43
 1222 059d 01       		.byte	0x1
 1223 059e C3       		.byte	0xc3
 1224 059f 76000000 		.4byte	0x76
 1225 05a3 02       		.uleb128 0x2
 1226 05a4 91       		.byte	0x91
 1227 05a5 77       		.sleb128 -9
 1228 05a6 0A       		.uleb128 0xa
 1229 05a7 1A000000 		.4byte	.LVL39
 1230 05ab C2050000 		.4byte	0x5c2
 1231 05af 0B       		.uleb128 0xb
 1232 05b0 01       		.uleb128 0x1
 1233 05b1 50       		.byte	0x50
 1234 05b2 02       		.uleb128 0x2
 1235 05b3 91       		.byte	0x91
 1236 05b4 76       		.sleb128 -10
 1237 05b5 0B       		.uleb128 0xb
 1238 05b6 01       		.uleb128 0x1
 1239 05b7 51       		.byte	0x51
 1240 05b8 02       		.uleb128 0x2
 1241 05b9 91       		.byte	0x91
 1242 05ba 77       		.sleb128 -9
 1243 05bb 0B       		.uleb128 0xb
 1244 05bc 01       		.uleb128 0x1
 1245 05bd 52       		.byte	0x52
 1246 05be 01       		.uleb128 0x1
 1247 05bf 31       		.byte	0x31
 1248 05c0 00       		.byte	0
 1249 05c1 00       		.byte	0
 1250 05c2 17       		.uleb128 0x17
 1251 05c3 63010000 		.4byte	.LASF56
 1252 05c7 63010000 		.4byte	.LASF56
 1253 05cb 06       		.byte	0x6
 1254 05cc 1D       		.byte	0x1d
 1255 05cd 18       		.uleb128 0x18
 1256 05ce AD030000 		.4byte	.LASF57
 1257 05d2 AD030000 		.4byte	.LASF57
 1258 05d6 00       		.byte	0
 1259              		.section	.debug_abbrev,"",%progbits
 1260              	.Ldebug_abbrev0:
 1261 0000 01       		.uleb128 0x1
 1262 0001 11       		.uleb128 0x11
 1263 0002 01       		.byte	0x1
 1264 0003 25       		.uleb128 0x25
 1265 0004 0E       		.uleb128 0xe
ARM GAS  C:\Users\rens_\AppData\Local\Temp\ccTu1nVR.s 			page 27


 1266 0005 13       		.uleb128 0x13
 1267 0006 0B       		.uleb128 0xb
 1268 0007 03       		.uleb128 0x3
 1269 0008 0E       		.uleb128 0xe
 1270 0009 1B       		.uleb128 0x1b
 1271 000a 0E       		.uleb128 0xe
 1272 000b 55       		.uleb128 0x55
 1273 000c 17       		.uleb128 0x17
 1274 000d 11       		.uleb128 0x11
 1275 000e 01       		.uleb128 0x1
 1276 000f 10       		.uleb128 0x10
 1277 0010 17       		.uleb128 0x17
 1278 0011 00       		.byte	0
 1279 0012 00       		.byte	0
 1280 0013 02       		.uleb128 0x2
 1281 0014 24       		.uleb128 0x24
 1282 0015 00       		.byte	0
 1283 0016 0B       		.uleb128 0xb
 1284 0017 0B       		.uleb128 0xb
 1285 0018 3E       		.uleb128 0x3e
 1286 0019 0B       		.uleb128 0xb
 1287 001a 03       		.uleb128 0x3
 1288 001b 0E       		.uleb128 0xe
 1289 001c 00       		.byte	0
 1290 001d 00       		.byte	0
 1291 001e 03       		.uleb128 0x3
 1292 001f 16       		.uleb128 0x16
 1293 0020 00       		.byte	0
 1294 0021 03       		.uleb128 0x3
 1295 0022 0E       		.uleb128 0xe
 1296 0023 3A       		.uleb128 0x3a
 1297 0024 0B       		.uleb128 0xb
 1298 0025 3B       		.uleb128 0x3b
 1299 0026 0B       		.uleb128 0xb
 1300 0027 49       		.uleb128 0x49
 1301 0028 13       		.uleb128 0x13
 1302 0029 00       		.byte	0
 1303 002a 00       		.byte	0
 1304 002b 04       		.uleb128 0x4
 1305 002c 24       		.uleb128 0x24
 1306 002d 00       		.byte	0
 1307 002e 0B       		.uleb128 0xb
 1308 002f 0B       		.uleb128 0xb
 1309 0030 3E       		.uleb128 0x3e
 1310 0031 0B       		.uleb128 0xb
 1311 0032 03       		.uleb128 0x3
 1312 0033 08       		.uleb128 0x8
 1313 0034 00       		.byte	0
 1314 0035 00       		.byte	0
 1315 0036 05       		.uleb128 0x5
 1316 0037 04       		.uleb128 0x4
 1317 0038 01       		.byte	0x1
 1318 0039 0B       		.uleb128 0xb
 1319 003a 0B       		.uleb128 0xb
 1320 003b 49       		.uleb128 0x49
 1321 003c 13       		.uleb128 0x13
 1322 003d 3A       		.uleb128 0x3a
ARM GAS  C:\Users\rens_\AppData\Local\Temp\ccTu1nVR.s 			page 28


 1323 003e 0B       		.uleb128 0xb
 1324 003f 3B       		.uleb128 0x3b
 1325 0040 0B       		.uleb128 0xb
 1326 0041 01       		.uleb128 0x1
 1327 0042 13       		.uleb128 0x13
 1328 0043 00       		.byte	0
 1329 0044 00       		.byte	0
 1330 0045 06       		.uleb128 0x6
 1331 0046 28       		.uleb128 0x28
 1332 0047 00       		.byte	0
 1333 0048 03       		.uleb128 0x3
 1334 0049 0E       		.uleb128 0xe
 1335 004a 1C       		.uleb128 0x1c
 1336 004b 0B       		.uleb128 0xb
 1337 004c 00       		.byte	0
 1338 004d 00       		.byte	0
 1339 004e 07       		.uleb128 0x7
 1340 004f 2E       		.uleb128 0x2e
 1341 0050 01       		.byte	0x1
 1342 0051 3F       		.uleb128 0x3f
 1343 0052 19       		.uleb128 0x19
 1344 0053 03       		.uleb128 0x3
 1345 0054 0E       		.uleb128 0xe
 1346 0055 3A       		.uleb128 0x3a
 1347 0056 0B       		.uleb128 0xb
 1348 0057 3B       		.uleb128 0x3b
 1349 0058 0B       		.uleb128 0xb
 1350 0059 27       		.uleb128 0x27
 1351 005a 19       		.uleb128 0x19
 1352 005b 11       		.uleb128 0x11
 1353 005c 01       		.uleb128 0x1
 1354 005d 12       		.uleb128 0x12
 1355 005e 06       		.uleb128 0x6
 1356 005f 40       		.uleb128 0x40
 1357 0060 18       		.uleb128 0x18
 1358 0061 9742     		.uleb128 0x2117
 1359 0063 19       		.uleb128 0x19
 1360 0064 01       		.uleb128 0x1
 1361 0065 13       		.uleb128 0x13
 1362 0066 00       		.byte	0
 1363 0067 00       		.byte	0
 1364 0068 08       		.uleb128 0x8
 1365 0069 05       		.uleb128 0x5
 1366 006a 00       		.byte	0
 1367 006b 03       		.uleb128 0x3
 1368 006c 08       		.uleb128 0x8
 1369 006d 3A       		.uleb128 0x3a
 1370 006e 0B       		.uleb128 0xb
 1371 006f 3B       		.uleb128 0x3b
 1372 0070 0B       		.uleb128 0xb
 1373 0071 49       		.uleb128 0x49
 1374 0072 13       		.uleb128 0x13
 1375 0073 02       		.uleb128 0x2
 1376 0074 17       		.uleb128 0x17
 1377 0075 00       		.byte	0
 1378 0076 00       		.byte	0
 1379 0077 09       		.uleb128 0x9
ARM GAS  C:\Users\rens_\AppData\Local\Temp\ccTu1nVR.s 			page 29


 1380 0078 34       		.uleb128 0x34
 1381 0079 00       		.byte	0
 1382 007a 03       		.uleb128 0x3
 1383 007b 0E       		.uleb128 0xe
 1384 007c 3A       		.uleb128 0x3a
 1385 007d 0B       		.uleb128 0xb
 1386 007e 3B       		.uleb128 0x3b
 1387 007f 0B       		.uleb128 0xb
 1388 0080 49       		.uleb128 0x49
 1389 0081 13       		.uleb128 0x13
 1390 0082 02       		.uleb128 0x2
 1391 0083 18       		.uleb128 0x18
 1392 0084 00       		.byte	0
 1393 0085 00       		.byte	0
 1394 0086 0A       		.uleb128 0xa
 1395 0087 898201   		.uleb128 0x4109
 1396 008a 01       		.byte	0x1
 1397 008b 11       		.uleb128 0x11
 1398 008c 01       		.uleb128 0x1
 1399 008d 31       		.uleb128 0x31
 1400 008e 13       		.uleb128 0x13
 1401 008f 00       		.byte	0
 1402 0090 00       		.byte	0
 1403 0091 0B       		.uleb128 0xb
 1404 0092 8A8201   		.uleb128 0x410a
 1405 0095 00       		.byte	0
 1406 0096 02       		.uleb128 0x2
 1407 0097 18       		.uleb128 0x18
 1408 0098 9142     		.uleb128 0x2111
 1409 009a 18       		.uleb128 0x18
 1410 009b 00       		.byte	0
 1411 009c 00       		.byte	0
 1412 009d 0C       		.uleb128 0xc
 1413 009e 26       		.uleb128 0x26
 1414 009f 00       		.byte	0
 1415 00a0 49       		.uleb128 0x49
 1416 00a1 13       		.uleb128 0x13
 1417 00a2 00       		.byte	0
 1418 00a3 00       		.byte	0
 1419 00a4 0D       		.uleb128 0xd
 1420 00a5 898201   		.uleb128 0x4109
 1421 00a8 01       		.byte	0x1
 1422 00a9 11       		.uleb128 0x11
 1423 00aa 01       		.uleb128 0x1
 1424 00ab 9542     		.uleb128 0x2115
 1425 00ad 19       		.uleb128 0x19
 1426 00ae 31       		.uleb128 0x31
 1427 00af 13       		.uleb128 0x13
 1428 00b0 00       		.byte	0
 1429 00b1 00       		.byte	0
 1430 00b2 0E       		.uleb128 0xe
 1431 00b3 05       		.uleb128 0x5
 1432 00b4 00       		.byte	0
 1433 00b5 03       		.uleb128 0x3
 1434 00b6 0E       		.uleb128 0xe
 1435 00b7 3A       		.uleb128 0x3a
 1436 00b8 0B       		.uleb128 0xb
ARM GAS  C:\Users\rens_\AppData\Local\Temp\ccTu1nVR.s 			page 30


 1437 00b9 3B       		.uleb128 0x3b
 1438 00ba 0B       		.uleb128 0xb
 1439 00bb 49       		.uleb128 0x49
 1440 00bc 13       		.uleb128 0x13
 1441 00bd 02       		.uleb128 0x2
 1442 00be 17       		.uleb128 0x17
 1443 00bf 00       		.byte	0
 1444 00c0 00       		.byte	0
 1445 00c1 0F       		.uleb128 0xf
 1446 00c2 34       		.uleb128 0x34
 1447 00c3 00       		.byte	0
 1448 00c4 03       		.uleb128 0x3
 1449 00c5 0E       		.uleb128 0xe
 1450 00c6 3A       		.uleb128 0x3a
 1451 00c7 0B       		.uleb128 0xb
 1452 00c8 3B       		.uleb128 0x3b
 1453 00c9 0B       		.uleb128 0xb
 1454 00ca 49       		.uleb128 0x49
 1455 00cb 13       		.uleb128 0x13
 1456 00cc 02       		.uleb128 0x2
 1457 00cd 17       		.uleb128 0x17
 1458 00ce 00       		.byte	0
 1459 00cf 00       		.byte	0
 1460 00d0 10       		.uleb128 0x10
 1461 00d1 898201   		.uleb128 0x4109
 1462 00d4 01       		.byte	0x1
 1463 00d5 11       		.uleb128 0x11
 1464 00d6 01       		.uleb128 0x1
 1465 00d7 31       		.uleb128 0x31
 1466 00d8 13       		.uleb128 0x13
 1467 00d9 01       		.uleb128 0x1
 1468 00da 13       		.uleb128 0x13
 1469 00db 00       		.byte	0
 1470 00dc 00       		.byte	0
 1471 00dd 11       		.uleb128 0x11
 1472 00de 0F       		.uleb128 0xf
 1473 00df 00       		.byte	0
 1474 00e0 0B       		.uleb128 0xb
 1475 00e1 0B       		.uleb128 0xb
 1476 00e2 49       		.uleb128 0x49
 1477 00e3 13       		.uleb128 0x13
 1478 00e4 00       		.byte	0
 1479 00e5 00       		.byte	0
 1480 00e6 12       		.uleb128 0x12
 1481 00e7 01       		.uleb128 0x1
 1482 00e8 01       		.byte	0x1
 1483 00e9 49       		.uleb128 0x49
 1484 00ea 13       		.uleb128 0x13
 1485 00eb 01       		.uleb128 0x1
 1486 00ec 13       		.uleb128 0x13
 1487 00ed 00       		.byte	0
 1488 00ee 00       		.byte	0
 1489 00ef 13       		.uleb128 0x13
 1490 00f0 21       		.uleb128 0x21
 1491 00f1 00       		.byte	0
 1492 00f2 49       		.uleb128 0x49
 1493 00f3 13       		.uleb128 0x13
ARM GAS  C:\Users\rens_\AppData\Local\Temp\ccTu1nVR.s 			page 31


 1494 00f4 2F       		.uleb128 0x2f
 1495 00f5 13       		.uleb128 0x13
 1496 00f6 00       		.byte	0
 1497 00f7 00       		.byte	0
 1498 00f8 14       		.uleb128 0x14
 1499 00f9 2E       		.uleb128 0x2e
 1500 00fa 01       		.byte	0x1
 1501 00fb 3F       		.uleb128 0x3f
 1502 00fc 19       		.uleb128 0x19
 1503 00fd 03       		.uleb128 0x3
 1504 00fe 0E       		.uleb128 0xe
 1505 00ff 3A       		.uleb128 0x3a
 1506 0100 0B       		.uleb128 0xb
 1507 0101 3B       		.uleb128 0x3b
 1508 0102 0B       		.uleb128 0xb
 1509 0103 27       		.uleb128 0x27
 1510 0104 19       		.uleb128 0x19
 1511 0105 49       		.uleb128 0x49
 1512 0106 13       		.uleb128 0x13
 1513 0107 11       		.uleb128 0x11
 1514 0108 01       		.uleb128 0x1
 1515 0109 12       		.uleb128 0x12
 1516 010a 06       		.uleb128 0x6
 1517 010b 40       		.uleb128 0x40
 1518 010c 18       		.uleb128 0x18
 1519 010d 9742     		.uleb128 0x2117
 1520 010f 19       		.uleb128 0x19
 1521 0110 01       		.uleb128 0x1
 1522 0111 13       		.uleb128 0x13
 1523 0112 00       		.byte	0
 1524 0113 00       		.byte	0
 1525 0114 15       		.uleb128 0x15
 1526 0115 898201   		.uleb128 0x4109
 1527 0118 00       		.byte	0
 1528 0119 11       		.uleb128 0x11
 1529 011a 01       		.uleb128 0x1
 1530 011b 31       		.uleb128 0x31
 1531 011c 13       		.uleb128 0x13
 1532 011d 00       		.byte	0
 1533 011e 00       		.byte	0
 1534 011f 16       		.uleb128 0x16
 1535 0120 21       		.uleb128 0x21
 1536 0121 00       		.byte	0
 1537 0122 49       		.uleb128 0x49
 1538 0123 13       		.uleb128 0x13
 1539 0124 2F       		.uleb128 0x2f
 1540 0125 0B       		.uleb128 0xb
 1541 0126 00       		.byte	0
 1542 0127 00       		.byte	0
 1543 0128 17       		.uleb128 0x17
 1544 0129 2E       		.uleb128 0x2e
 1545 012a 00       		.byte	0
 1546 012b 3F       		.uleb128 0x3f
 1547 012c 19       		.uleb128 0x19
 1548 012d 3C       		.uleb128 0x3c
 1549 012e 19       		.uleb128 0x19
 1550 012f 6E       		.uleb128 0x6e
ARM GAS  C:\Users\rens_\AppData\Local\Temp\ccTu1nVR.s 			page 32


 1551 0130 0E       		.uleb128 0xe
 1552 0131 03       		.uleb128 0x3
 1553 0132 0E       		.uleb128 0xe
 1554 0133 3A       		.uleb128 0x3a
 1555 0134 0B       		.uleb128 0xb
 1556 0135 3B       		.uleb128 0x3b
 1557 0136 0B       		.uleb128 0xb
 1558 0137 00       		.byte	0
 1559 0138 00       		.byte	0
 1560 0139 18       		.uleb128 0x18
 1561 013a 2E       		.uleb128 0x2e
 1562 013b 00       		.byte	0
 1563 013c 3F       		.uleb128 0x3f
 1564 013d 19       		.uleb128 0x19
 1565 013e 3C       		.uleb128 0x3c
 1566 013f 19       		.uleb128 0x19
 1567 0140 6E       		.uleb128 0x6e
 1568 0141 0E       		.uleb128 0xe
 1569 0142 03       		.uleb128 0x3
 1570 0143 0E       		.uleb128 0xe
 1571 0144 00       		.byte	0
 1572 0145 00       		.byte	0
 1573 0146 00       		.byte	0
 1574              		.section	.debug_loc,"",%progbits
 1575              	.Ldebug_loc0:
 1576              	.LLST0:
 1577 0000 00000000 		.4byte	.LVL0
 1578 0004 14000000 		.4byte	.LVL1
 1579 0008 0100     		.2byte	0x1
 1580 000a 50       		.byte	0x50
 1581 000b 14000000 		.4byte	.LVL1
 1582 000f 17000000 		.4byte	.LVL2-1
 1583 0013 0200     		.2byte	0x2
 1584 0015 70       		.byte	0x70
 1585 0016 00       		.sleb128 0
 1586 0017 17000000 		.4byte	.LVL2-1
 1587 001b 1E000000 		.4byte	.LFE0
 1588 001f 0200     		.2byte	0x2
 1589 0021 91       		.byte	0x91
 1590 0022 6F       		.sleb128 -17
 1591 0023 00000000 		.4byte	0
 1592 0027 00000000 		.4byte	0
 1593              	.LLST1:
 1594 002b 00000000 		.4byte	.LVL6
 1595 002f 22000000 		.4byte	.LVL10
 1596 0033 0100     		.2byte	0x1
 1597 0035 50       		.byte	0x50
 1598 0036 22000000 		.4byte	.LVL10
 1599 003a 38000000 		.4byte	.LFE4
 1600 003e 0100     		.2byte	0x1
 1601 0040 56       		.byte	0x56
 1602 0041 00000000 		.4byte	0
 1603 0045 00000000 		.4byte	0
 1604              	.LLST2:
 1605 0049 00000000 		.4byte	.LVL6
 1606 004d 20000000 		.4byte	.LVL9
 1607 0051 0100     		.2byte	0x1
ARM GAS  C:\Users\rens_\AppData\Local\Temp\ccTu1nVR.s 			page 33


 1608 0053 51       		.byte	0x51
 1609 0054 20000000 		.4byte	.LVL9
 1610 0058 38000000 		.4byte	.LFE4
 1611 005c 0100     		.2byte	0x1
 1612 005e 54       		.byte	0x54
 1613 005f 00000000 		.4byte	0
 1614 0063 00000000 		.4byte	0
 1615              	.LLST3:
 1616 0067 1A000000 		.4byte	.LVL8
 1617 006b 36000000 		.4byte	.LVL13
 1618 006f 0200     		.2byte	0x2
 1619 0071 7D       		.byte	0x7d
 1620 0072 00       		.sleb128 0
 1621 0073 36000000 		.4byte	.LVL13
 1622 0077 38000000 		.4byte	.LFE4
 1623 007b 0800     		.2byte	0x8
 1624 007d 75       		.byte	0x75
 1625 007e 00       		.sleb128 0
 1626 007f 74       		.byte	0x74
 1627 0080 08       		.sleb128 8
 1628 0081 09       		.byte	0x9
 1629 0082 F8       		.byte	0xf8
 1630 0083 1A       		.byte	0x1a
 1631 0084 1C       		.byte	0x1c
 1632 0085 00000000 		.4byte	0
 1633 0089 00000000 		.4byte	0
 1634              	.LLST4:
 1635 008d 00000000 		.4byte	.LVL14
 1636 0091 26000000 		.4byte	.LVL18
 1637 0095 0100     		.2byte	0x1
 1638 0097 50       		.byte	0x50
 1639 0098 26000000 		.4byte	.LVL18
 1640 009c 29000000 		.4byte	.LVL19-1
 1641 00a0 0100     		.2byte	0x1
 1642 00a2 51       		.byte	0x51
 1643 00a3 29000000 		.4byte	.LVL19-1
 1644 00a7 38000000 		.4byte	.LFE5
 1645 00ab 0400     		.2byte	0x4
 1646 00ad F3       		.byte	0xf3
 1647 00ae 01       		.uleb128 0x1
 1648 00af 50       		.byte	0x50
 1649 00b0 9F       		.byte	0x9f
 1650 00b1 00000000 		.4byte	0
 1651 00b5 00000000 		.4byte	0
 1652              	.LLST5:
 1653 00b9 00000000 		.4byte	.LVL14
 1654 00bd 1E000000 		.4byte	.LVL17
 1655 00c1 0100     		.2byte	0x1
 1656 00c3 51       		.byte	0x51
 1657 00c4 1E000000 		.4byte	.LVL17
 1658 00c8 29000000 		.4byte	.LVL19-1
 1659 00cc 0100     		.2byte	0x1
 1660 00ce 52       		.byte	0x52
 1661 00cf 29000000 		.4byte	.LVL19-1
 1662 00d3 38000000 		.4byte	.LFE5
 1663 00d7 0300     		.2byte	0x3
 1664 00d9 75       		.byte	0x75
ARM GAS  C:\Users\rens_\AppData\Local\Temp\ccTu1nVR.s 			page 34


 1665 00da 7F       		.sleb128 -1
 1666 00db 9F       		.byte	0x9f
 1667 00dc 00000000 		.4byte	0
 1668 00e0 00000000 		.4byte	0
 1669              	.LLST6:
 1670 00e4 16000000 		.4byte	.LVL16
 1671 00e8 36000000 		.4byte	.LVL21
 1672 00ec 0200     		.2byte	0x2
 1673 00ee 7D       		.byte	0x7d
 1674 00ef 00       		.sleb128 0
 1675 00f0 36000000 		.4byte	.LVL21
 1676 00f4 38000000 		.4byte	.LFE5
 1677 00f8 0800     		.2byte	0x8
 1678 00fa 74       		.byte	0x74
 1679 00fb 00       		.sleb128 0
 1680 00fc 75       		.byte	0x75
 1681 00fd 07       		.sleb128 7
 1682 00fe 09       		.byte	0x9
 1683 00ff F8       		.byte	0xf8
 1684 0100 1A       		.byte	0x1a
 1685 0101 1C       		.byte	0x1c
 1686 0102 00000000 		.4byte	0
 1687 0106 00000000 		.4byte	0
 1688              	.LLST7:
 1689 010a 00000000 		.4byte	.LVL24
 1690 010e 1C000000 		.4byte	.LVL27
 1691 0112 0100     		.2byte	0x1
 1692 0114 50       		.byte	0x50
 1693 0115 1C000000 		.4byte	.LVL27
 1694 0119 34000000 		.4byte	.LFE7
 1695 011d 0400     		.2byte	0x4
 1696 011f F3       		.byte	0xf3
 1697 0120 01       		.uleb128 0x1
 1698 0121 50       		.byte	0x50
 1699 0122 9F       		.byte	0x9f
 1700 0123 00000000 		.4byte	0
 1701 0127 00000000 		.4byte	0
 1702              	.LLST8:
 1703 012b 00000000 		.4byte	.LVL24
 1704 012f 25000000 		.4byte	.LVL28-1
 1705 0133 0100     		.2byte	0x1
 1706 0135 51       		.byte	0x51
 1707 0136 25000000 		.4byte	.LVL28-1
 1708 013a 34000000 		.4byte	.LFE7
 1709 013e 0400     		.2byte	0x4
 1710 0140 F3       		.byte	0xf3
 1711 0141 01       		.uleb128 0x1
 1712 0142 51       		.byte	0x51
 1713 0143 9F       		.byte	0x9f
 1714 0144 00000000 		.4byte	0
 1715 0148 00000000 		.4byte	0
 1716              	.LLST9:
 1717 014c 00000000 		.4byte	.LVL24
 1718 0150 25000000 		.4byte	.LVL28-1
 1719 0154 0100     		.2byte	0x1
 1720 0156 52       		.byte	0x52
 1721 0157 25000000 		.4byte	.LVL28-1
ARM GAS  C:\Users\rens_\AppData\Local\Temp\ccTu1nVR.s 			page 35


 1722 015b 34000000 		.4byte	.LFE7
 1723 015f 0300     		.2byte	0x3
 1724 0161 75       		.byte	0x75
 1725 0162 7F       		.sleb128 -1
 1726 0163 9F       		.byte	0x9f
 1727 0164 00000000 		.4byte	0
 1728 0168 00000000 		.4byte	0
 1729              	.LLST10:
 1730 016c 16000000 		.4byte	.LVL26
 1731 0170 32000000 		.4byte	.LVL30
 1732 0174 0200     		.2byte	0x2
 1733 0176 7D       		.byte	0x7d
 1734 0177 00       		.sleb128 0
 1735 0178 32000000 		.4byte	.LVL30
 1736 017c 34000000 		.4byte	.LFE7
 1737 0180 0800     		.2byte	0x8
 1738 0182 74       		.byte	0x74
 1739 0183 00       		.sleb128 0
 1740 0184 75       		.byte	0x75
 1741 0185 07       		.sleb128 7
 1742 0186 09       		.byte	0x9
 1743 0187 F8       		.byte	0xf8
 1744 0188 1A       		.byte	0x1a
 1745 0189 1C       		.byte	0x1c
 1746 018a 00000000 		.4byte	0
 1747 018e 00000000 		.4byte	0
 1748              	.LLST11:
 1749 0192 00000000 		.4byte	.LVL31
 1750 0196 26000000 		.4byte	.LVL35
 1751 019a 0100     		.2byte	0x1
 1752 019c 50       		.byte	0x50
 1753 019d 26000000 		.4byte	.LVL35
 1754 01a1 29000000 		.4byte	.LVL36-1
 1755 01a5 0100     		.2byte	0x1
 1756 01a7 51       		.byte	0x51
 1757 01a8 29000000 		.4byte	.LVL36-1
 1758 01ac 38000000 		.4byte	.LFE8
 1759 01b0 0400     		.2byte	0x4
 1760 01b2 F3       		.byte	0xf3
 1761 01b3 01       		.uleb128 0x1
 1762 01b4 50       		.byte	0x50
 1763 01b5 9F       		.byte	0x9f
 1764 01b6 00000000 		.4byte	0
 1765 01ba 00000000 		.4byte	0
 1766              	.LLST12:
 1767 01be 00000000 		.4byte	.LVL31
 1768 01c2 1E000000 		.4byte	.LVL34
 1769 01c6 0100     		.2byte	0x1
 1770 01c8 51       		.byte	0x51
 1771 01c9 1E000000 		.4byte	.LVL34
 1772 01cd 29000000 		.4byte	.LVL36-1
 1773 01d1 0100     		.2byte	0x1
 1774 01d3 52       		.byte	0x52
 1775 01d4 29000000 		.4byte	.LVL36-1
 1776 01d8 38000000 		.4byte	.LFE8
 1777 01dc 0300     		.2byte	0x3
 1778 01de 75       		.byte	0x75
ARM GAS  C:\Users\rens_\AppData\Local\Temp\ccTu1nVR.s 			page 36


 1779 01df 7F       		.sleb128 -1
 1780 01e0 9F       		.byte	0x9f
 1781 01e1 00000000 		.4byte	0
 1782 01e5 00000000 		.4byte	0
 1783              	.LLST13:
 1784 01e9 16000000 		.4byte	.LVL33
 1785 01ed 36000000 		.4byte	.LVL38
 1786 01f1 0200     		.2byte	0x2
 1787 01f3 7D       		.byte	0x7d
 1788 01f4 00       		.sleb128 0
 1789 01f5 36000000 		.4byte	.LVL38
 1790 01f9 38000000 		.4byte	.LFE8
 1791 01fd 0800     		.2byte	0x8
 1792 01ff 74       		.byte	0x74
 1793 0200 00       		.sleb128 0
 1794 0201 75       		.byte	0x75
 1795 0202 07       		.sleb128 7
 1796 0203 09       		.byte	0x9
 1797 0204 F8       		.byte	0xf8
 1798 0205 1A       		.byte	0x1a
 1799 0206 1C       		.byte	0x1c
 1800 0207 00000000 		.4byte	0
 1801 020b 00000000 		.4byte	0
 1802              		.section	.debug_aranges,"",%progbits
 1803 0000 64000000 		.4byte	0x64
 1804 0004 0200     		.2byte	0x2
 1805 0006 00000000 		.4byte	.Ldebug_info0
 1806 000a 04       		.byte	0x4
 1807 000b 00       		.byte	0
 1808 000c 0000     		.2byte	0
 1809 000e 0000     		.2byte	0
 1810 0010 00000000 		.4byte	.LFB0
 1811 0014 1E000000 		.4byte	.LFE0-.LFB0
 1812 0018 00000000 		.4byte	.LFB1
 1813 001c 06000000 		.4byte	.LFE1-.LFB1
 1814 0020 00000000 		.4byte	.LFB2
 1815 0024 06000000 		.4byte	.LFE2-.LFB2
 1816 0028 00000000 		.4byte	.LFB3
 1817 002c 06000000 		.4byte	.LFE3-.LFB3
 1818 0030 00000000 		.4byte	.LFB4
 1819 0034 38000000 		.4byte	.LFE4-.LFB4
 1820 0038 00000000 		.4byte	.LFB5
 1821 003c 38000000 		.4byte	.LFE5-.LFB5
 1822 0040 00000000 		.4byte	.LFB6
 1823 0044 34000000 		.4byte	.LFE6-.LFB6
 1824 0048 00000000 		.4byte	.LFB7
 1825 004c 34000000 		.4byte	.LFE7-.LFB7
 1826 0050 00000000 		.4byte	.LFB8
 1827 0054 38000000 		.4byte	.LFE8-.LFB8
 1828 0058 00000000 		.4byte	.LFB9
 1829 005c 24000000 		.4byte	.LFE9-.LFB9
 1830 0060 00000000 		.4byte	0
 1831 0064 00000000 		.4byte	0
 1832              		.section	.debug_ranges,"",%progbits
 1833              	.Ldebug_ranges0:
 1834 0000 00000000 		.4byte	.LFB0
 1835 0004 1E000000 		.4byte	.LFE0
ARM GAS  C:\Users\rens_\AppData\Local\Temp\ccTu1nVR.s 			page 37


 1836 0008 00000000 		.4byte	.LFB1
 1837 000c 06000000 		.4byte	.LFE1
 1838 0010 00000000 		.4byte	.LFB2
 1839 0014 06000000 		.4byte	.LFE2
 1840 0018 00000000 		.4byte	.LFB3
 1841 001c 06000000 		.4byte	.LFE3
 1842 0020 00000000 		.4byte	.LFB4
 1843 0024 38000000 		.4byte	.LFE4
 1844 0028 00000000 		.4byte	.LFB5
 1845 002c 38000000 		.4byte	.LFE5
 1846 0030 00000000 		.4byte	.LFB6
 1847 0034 34000000 		.4byte	.LFE6
 1848 0038 00000000 		.4byte	.LFB7
 1849 003c 34000000 		.4byte	.LFE7
 1850 0040 00000000 		.4byte	.LFB8
 1851 0044 38000000 		.4byte	.LFE8
 1852 0048 00000000 		.4byte	.LFB9
 1853 004c 24000000 		.4byte	.LFE9
 1854 0050 00000000 		.4byte	0
 1855 0054 00000000 		.4byte	0
 1856              		.section	.debug_line,"",%progbits
 1857              	.Ldebug_line0:
 1858 0000 C5020000 		.section	.debug_str,"MS",%progbits,1
 1858      0200DC01 
 1858      00000201 
 1858      FB0E0D00 
 1858      01010101 
 1859              	.LASF9:
 1860 0000 5F5F7569 		.ascii	"__uint8_t\000"
 1860      6E74385F 
 1860      7400
 1861              	.LASF14:
 1862 000a 73697A65 		.ascii	"size_t\000"
 1862      5F7400
 1863              	.LASF46:
 1864 0011 6E524632 		.ascii	"nRF24_write_tx_payload_cmd\000"
 1864      345F7772 
 1864      6974655F 
 1864      74785F70 
 1864      61796C6F 
 1865              	.LASF36:
 1866 002c 6E524632 		.ascii	"nRF24_send_command\000"
 1866      345F7365 
 1866      6E645F63 
 1866      6F6D6D61 
 1866      6E6400
 1867              	.LASF53:
 1868 003f 474E5520 		.ascii	"GNU C11 5.4.1 20160609 (release) [ARM/embedded-5-br"
 1868      43313120 
 1868      352E342E 
 1868      31203230 
 1868      31363036 
 1869 0072 616E6368 		.ascii	"anch revision 237715] -mcpu=cortex-m3 -mthumb -g -O"
 1869      20726576 
 1869      6973696F 
 1869      6E203233 
 1869      37373135 
ARM GAS  C:\Users\rens_\AppData\Local\Temp\ccTu1nVR.s 			page 38


 1870 00a5 73202D66 		.ascii	"s -ffunction-sections -ffat-lto-objects\000"
 1870      66756E63 
 1870      74696F6E 
 1870      2D736563 
 1870      74696F6E 
 1871              	.LASF18:
 1872 00cd 4E52465F 		.ascii	"NRF_CMD_W_REGISTER\000"
 1872      434D445F 
 1872      575F5245 
 1872      47495354 
 1872      455200
 1873              	.LASF37:
 1874 00e0 6E524632 		.ascii	"nRF24_reuse_tx_payload_cmd\000"
 1874      345F7265 
 1874      7573655F 
 1874      74785F70 
 1874      61796C6F 
 1875              	.LASF3:
 1876 00fb 73686F72 		.ascii	"short unsigned int\000"
 1876      7420756E 
 1876      7369676E 
 1876      65642069 
 1876      6E7400
 1877              	.LASF42:
 1878 010e 64617461 		.ascii	"data_size\000"
 1878      5F73697A 
 1878      6500
 1879              	.LASF55:
 1880 0118 433A5C55 		.ascii	"C:\\Users\\rens_\\Documents\\platooning\\PSoC\\Plat"
 1880      73657273 
 1880      5C72656E 
 1880      735F5C44 
 1880      6F63756D 
 1881 0145 6F6F6E69 		.ascii	"ooning\\AngleMeasurement.cydsn\000"
 1881      6E675C41 
 1881      6E676C65 
 1881      4D656173 
 1881      7572656D 
 1882              	.LASF56:
 1883 0163 6E524632 		.ascii	"nRF24_spi_xfer\000"
 1883      345F7370 
 1883      695F7866 
 1883      657200
 1884              	.LASF43:
 1885 0172 73746174 		.ascii	"status\000"
 1885      757300
 1886              	.LASF35:
 1887 0179 6E72665F 		.ascii	"nrf_pipe\000"
 1887      70697065 
 1887      00
 1888              	.LASF11:
 1889 0182 666C6F61 		.ascii	"float\000"
 1889      7400
 1890              	.LASF41:
 1891 0188 64617461 		.ascii	"data\000"
 1891      00
 1892              	.LASF38:
ARM GAS  C:\Users\rens_\AppData\Local\Temp\ccTu1nVR.s 			page 39


 1893 018d 6E524632 		.ascii	"nRF24_flush_rx_cmd\000"
 1893      345F666C 
 1893      7573685F 
 1893      72785F63 
 1893      6D6400
 1894              	.LASF1:
 1895 01a0 756E7369 		.ascii	"unsigned char\000"
 1895      676E6564 
 1895      20636861 
 1895      7200
 1896              	.LASF50:
 1897 01ae 6E524632 		.ascii	"nRF24_read_payload_width_cmd\000"
 1897      345F7265 
 1897      61645F70 
 1897      61796C6F 
 1897      61645F77 
 1898              	.LASF40:
 1899 01cb 6E524632 		.ascii	"nRF24_read_rx_payload_cmd\000"
 1899      345F7265 
 1899      61645F72 
 1899      785F7061 
 1899      796C6F61 
 1900              	.LASF32:
 1901 01e5 4E52465F 		.ascii	"NRF_PIPE3\000"
 1901      50495045 
 1901      3300
 1902              	.LASF54:
 1903 01ef 47656E65 		.ascii	"Generated_Source\\PSoC5\\nRF24_COMMANDS.c\000"
 1903      72617465 
 1903      645F536F 
 1903      75726365 
 1903      5C50536F 
 1904              	.LASF29:
 1905 0217 4E52465F 		.ascii	"NRF_PIPE0\000"
 1905      50495045 
 1905      3000
 1906              	.LASF30:
 1907 0221 4E52465F 		.ascii	"NRF_PIPE1\000"
 1907      50495045 
 1907      3100
 1908              	.LASF31:
 1909 022b 4E52465F 		.ascii	"NRF_PIPE2\000"
 1909      50495045 
 1909      3200
 1910              	.LASF52:
 1911 0235 64756D6D 		.ascii	"dummy\000"
 1911      7900
 1912              	.LASF33:
 1913 023b 4E52465F 		.ascii	"NRF_PIPE4\000"
 1913      50495045 
 1913      3400
 1914              	.LASF34:
 1915 0245 4E52465F 		.ascii	"NRF_PIPE5\000"
 1915      50495045 
 1915      3500
 1916              	.LASF27:
 1917 024f 4E52465F 		.ascii	"NRF_CMD_NOP\000"
ARM GAS  C:\Users\rens_\AppData\Local\Temp\ccTu1nVR.s 			page 40


 1917      434D445F 
 1917      4E4F5000 
 1918              	.LASF5:
 1919 025b 6C6F6E67 		.ascii	"long unsigned int\000"
 1919      20756E73 
 1919      69676E65 
 1919      6420696E 
 1919      7400
 1920              	.LASF49:
 1921 026d 6E524632 		.ascii	"nRF24_no_ack_payload_cmd\000"
 1921      345F6E6F 
 1921      5F61636B 
 1921      5F706179 
 1921      6C6F6164 
 1922              	.LASF25:
 1923 0286 4E52465F 		.ascii	"NRF_CMD_W_ACK_PAYLOAD\000"
 1923      434D445F 
 1923      575F4143 
 1923      4B5F5041 
 1923      594C4F41 
 1924              	.LASF28:
 1925 029c 6E72665F 		.ascii	"nrf_cmd\000"
 1925      636D6400 
 1926              	.LASF51:
 1927 02a4 6E524632 		.ascii	"nRF24_nop_cmd\000"
 1927      345F6E6F 
 1927      705F636D 
 1927      6400
 1928              	.LASF48:
 1929 02b2 70697065 		.ascii	"pipe\000"
 1929      00
 1930              	.LASF8:
 1931 02b7 756E7369 		.ascii	"unsigned int\000"
 1931      676E6564 
 1931      20696E74 
 1931      00
 1932              	.LASF26:
 1933 02c4 4E52465F 		.ascii	"NRF_CMD_W_TX_PAYLOAD_NOACK\000"
 1933      434D445F 
 1933      575F5458 
 1933      5F504159 
 1933      4C4F4144 
 1934              	.LASF7:
 1935 02df 6C6F6E67 		.ascii	"long long unsigned int\000"
 1935      206C6F6E 
 1935      6720756E 
 1935      7369676E 
 1935      65642069 
 1936              	.LASF10:
 1937 02f6 75696E74 		.ascii	"uint8_t\000"
 1937      385F7400 
 1938              	.LASF45:
 1939 02fe 6E72665F 		.ascii	"nrf_data_in\000"
 1939      64617461 
 1939      5F696E00 
 1940              	.LASF22:
 1941 030a 4E52465F 		.ascii	"NRF_CMD_FLUSH_RX\000"
ARM GAS  C:\Users\rens_\AppData\Local\Temp\ccTu1nVR.s 			page 41


 1941      434D445F 
 1941      464C5553 
 1941      485F5258 
 1941      00
 1942              	.LASF24:
 1943 031b 4E52465F 		.ascii	"NRF_CMD_R_RX_PL_WID\000"
 1943      434D445F 
 1943      525F5258 
 1943      5F504C5F 
 1943      57494400 
 1944              	.LASF44:
 1945 032f 6E72665F 		.ascii	"nrf_data_out\000"
 1945      64617461 
 1945      5F6F7574 
 1945      00
 1946              	.LASF21:
 1947 033c 4E52465F 		.ascii	"NRF_CMD_FLUSH_TX\000"
 1947      434D445F 
 1947      464C5553 
 1947      485F5458 
 1947      00
 1948              	.LASF47:
 1949 034d 6E524632 		.ascii	"nRF24_write_ack_payload_cmd\000"
 1949      345F7772 
 1949      6974655F 
 1949      61636B5F 
 1949      7061796C 
 1950              	.LASF6:
 1951 0369 6C6F6E67 		.ascii	"long long int\000"
 1951      206C6F6E 
 1951      6720696E 
 1951      7400
 1952              	.LASF16:
 1953 0377 73697A65 		.ascii	"sizetype\000"
 1953      74797065 
 1953      00
 1954              	.LASF20:
 1955 0380 4E52465F 		.ascii	"NRF_CMD_W_TX_PAYLOAD\000"
 1955      434D445F 
 1955      575F5458 
 1955      5F504159 
 1955      4C4F4144 
 1956              	.LASF13:
 1957 0395 63686172 		.ascii	"char\000"
 1957      00
 1958              	.LASF17:
 1959 039a 4E52465F 		.ascii	"NRF_CMD_R_REGISTER\000"
 1959      434D445F 
 1959      525F5245 
 1959      47495354 
 1959      455200
 1960              	.LASF57:
 1961 03ad 6D656D63 		.ascii	"memcpy\000"
 1961      707900
 1962              	.LASF2:
 1963 03b4 73686F72 		.ascii	"short int\000"
 1963      7420696E 
ARM GAS  C:\Users\rens_\AppData\Local\Temp\ccTu1nVR.s 			page 42


 1963      7400
 1964              	.LASF19:
 1965 03be 4E52465F 		.ascii	"NRF_CMD_R_RX_PAYLOAD\000"
 1965      434D445F 
 1965      525F5258 
 1965      5F504159 
 1965      4C4F4144 
 1966              	.LASF23:
 1967 03d3 4E52465F 		.ascii	"NRF_CMD_REUSE_TX_PL\000"
 1967      434D445F 
 1967      52455553 
 1967      455F5458 
 1967      5F504C00 
 1968              	.LASF4:
 1969 03e7 6C6F6E67 		.ascii	"long int\000"
 1969      20696E74 
 1969      00
 1970              	.LASF15:
 1971 03f0 6C6F6E67 		.ascii	"long double\000"
 1971      20646F75 
 1971      626C6500 
 1972              	.LASF0:
 1973 03fc 7369676E 		.ascii	"signed char\000"
 1973      65642063 
 1973      68617200 
 1974              	.LASF12:
 1975 0408 646F7562 		.ascii	"double\000"
 1975      6C6500
 1976              	.LASF39:
 1977 040f 6E524632 		.ascii	"nRF24_flush_tx_cmd\000"
 1977      345F666C 
 1977      7573685F 
 1977      74785F63 
 1977      6D6400
 1978              		.ident	"GCC: (GNU Tools for ARM Embedded Processors) 5.4.1 20160609 (release) [ARM/embedded-5-bran
