ARM GAS  C:\Users\ALEXAN~1\AppData\Local\Temp\ccohC8dg.s 			page 1


   1              		.syntax unified
   2              		.cpu cortex-m3
   3              		.fpu softvfp
   4              		.eabi_attribute 20, 1
   5              		.eabi_attribute 21, 1
   6              		.eabi_attribute 23, 3
   7              		.eabi_attribute 24, 1
   8              		.eabi_attribute 25, 1
   9              		.eabi_attribute 26, 1
  10              		.eabi_attribute 30, 4
  11              		.eabi_attribute 34, 1
  12              		.eabi_attribute 18, 4
  13              		.thumb
  14              		.syntax unified
  15              		.file	"PWM_H_BRIDGE_PM.c"
  16              		.text
  17              	.Ltext0:
  18              		.cfi_sections	.debug_frame
  19              		.section	.text.PWM_H_BRIDGE_SaveConfig,"ax",%progbits
  20              		.align	1
  21              		.global	PWM_H_BRIDGE_SaveConfig
  22              		.thumb
  23              		.thumb_func
  24              		.type	PWM_H_BRIDGE_SaveConfig, %function
  25              	PWM_H_BRIDGE_SaveConfig:
  26              	.LFB0:
  27              		.file 1 "Generated_Source\\PSoC5\\PWM_H_BRIDGE_PM.c"
   1:Generated_Source\PSoC5/PWM_H_BRIDGE_PM.c **** /*******************************************************************************
   2:Generated_Source\PSoC5/PWM_H_BRIDGE_PM.c **** * File Name: PWM_H_BRIDGE_PM.c
   3:Generated_Source\PSoC5/PWM_H_BRIDGE_PM.c **** * Version 3.30
   4:Generated_Source\PSoC5/PWM_H_BRIDGE_PM.c **** *
   5:Generated_Source\PSoC5/PWM_H_BRIDGE_PM.c **** * Description:
   6:Generated_Source\PSoC5/PWM_H_BRIDGE_PM.c **** *  This file provides the power management source code to API for the
   7:Generated_Source\PSoC5/PWM_H_BRIDGE_PM.c **** *  PWM.
   8:Generated_Source\PSoC5/PWM_H_BRIDGE_PM.c **** *
   9:Generated_Source\PSoC5/PWM_H_BRIDGE_PM.c **** * Note:
  10:Generated_Source\PSoC5/PWM_H_BRIDGE_PM.c **** *
  11:Generated_Source\PSoC5/PWM_H_BRIDGE_PM.c **** ********************************************************************************
  12:Generated_Source\PSoC5/PWM_H_BRIDGE_PM.c **** * Copyright 2008-2014, Cypress Semiconductor Corporation.  All rights reserved.
  13:Generated_Source\PSoC5/PWM_H_BRIDGE_PM.c **** * You may use this file only in accordance with the license, terms, conditions,
  14:Generated_Source\PSoC5/PWM_H_BRIDGE_PM.c **** * disclaimers, and limitations in the end user license agreement accompanying
  15:Generated_Source\PSoC5/PWM_H_BRIDGE_PM.c **** * the software package with which this file was provided.
  16:Generated_Source\PSoC5/PWM_H_BRIDGE_PM.c **** *******************************************************************************/
  17:Generated_Source\PSoC5/PWM_H_BRIDGE_PM.c **** 
  18:Generated_Source\PSoC5/PWM_H_BRIDGE_PM.c **** #include "PWM_H_BRIDGE.h"
  19:Generated_Source\PSoC5/PWM_H_BRIDGE_PM.c **** 
  20:Generated_Source\PSoC5/PWM_H_BRIDGE_PM.c **** static PWM_H_BRIDGE_backupStruct PWM_H_BRIDGE_backup;
  21:Generated_Source\PSoC5/PWM_H_BRIDGE_PM.c **** 
  22:Generated_Source\PSoC5/PWM_H_BRIDGE_PM.c **** 
  23:Generated_Source\PSoC5/PWM_H_BRIDGE_PM.c **** /*******************************************************************************
  24:Generated_Source\PSoC5/PWM_H_BRIDGE_PM.c **** * Function Name: PWM_H_BRIDGE_SaveConfig
  25:Generated_Source\PSoC5/PWM_H_BRIDGE_PM.c **** ********************************************************************************
  26:Generated_Source\PSoC5/PWM_H_BRIDGE_PM.c **** *
  27:Generated_Source\PSoC5/PWM_H_BRIDGE_PM.c **** * Summary:
  28:Generated_Source\PSoC5/PWM_H_BRIDGE_PM.c **** *  Saves the current user configuration of the component.
  29:Generated_Source\PSoC5/PWM_H_BRIDGE_PM.c **** *
  30:Generated_Source\PSoC5/PWM_H_BRIDGE_PM.c **** * Parameters:
ARM GAS  C:\Users\ALEXAN~1\AppData\Local\Temp\ccohC8dg.s 			page 2


  31:Generated_Source\PSoC5/PWM_H_BRIDGE_PM.c **** *  None
  32:Generated_Source\PSoC5/PWM_H_BRIDGE_PM.c **** *
  33:Generated_Source\PSoC5/PWM_H_BRIDGE_PM.c **** * Return:
  34:Generated_Source\PSoC5/PWM_H_BRIDGE_PM.c **** *  None
  35:Generated_Source\PSoC5/PWM_H_BRIDGE_PM.c **** *
  36:Generated_Source\PSoC5/PWM_H_BRIDGE_PM.c **** * Global variables:
  37:Generated_Source\PSoC5/PWM_H_BRIDGE_PM.c **** *  PWM_H_BRIDGE_backup:  Variables of this global structure are modified to
  38:Generated_Source\PSoC5/PWM_H_BRIDGE_PM.c **** *  store the values of non retention configuration registers when Sleep() API is
  39:Generated_Source\PSoC5/PWM_H_BRIDGE_PM.c **** *  called.
  40:Generated_Source\PSoC5/PWM_H_BRIDGE_PM.c **** *
  41:Generated_Source\PSoC5/PWM_H_BRIDGE_PM.c **** *******************************************************************************/
  42:Generated_Source\PSoC5/PWM_H_BRIDGE_PM.c **** void PWM_H_BRIDGE_SaveConfig(void) 
  43:Generated_Source\PSoC5/PWM_H_BRIDGE_PM.c **** {
  28              		.loc 1 43 0
  29              		.cfi_startproc
  30              		@ args = 0, pretend = 0, frame = 0
  31              		@ frame_needed = 0, uses_anonymous_args = 0
  32 0000 10B5     		push	{r4, lr}
  33              		.cfi_def_cfa_offset 8
  34              		.cfi_offset 4, -8
  35              		.cfi_offset 14, -4
  44:Generated_Source\PSoC5/PWM_H_BRIDGE_PM.c **** 
  45:Generated_Source\PSoC5/PWM_H_BRIDGE_PM.c ****     #if(!PWM_H_BRIDGE_UsingFixedFunction)
  46:Generated_Source\PSoC5/PWM_H_BRIDGE_PM.c ****         #if(!PWM_H_BRIDGE_PWMModeIsCenterAligned)
  47:Generated_Source\PSoC5/PWM_H_BRIDGE_PM.c ****             PWM_H_BRIDGE_backup.PWMPeriod = PWM_H_BRIDGE_ReadPeriod();
  36              		.loc 1 47 0
  37 0002 FFF7FEFF 		bl	PWM_H_BRIDGE_ReadPeriod
  38              	.LVL0:
  39 0006 064C     		ldr	r4, .L2
  40 0008 A070     		strb	r0, [r4, #2]
  48:Generated_Source\PSoC5/PWM_H_BRIDGE_PM.c ****         #endif /* (!PWM_H_BRIDGE_PWMModeIsCenterAligned) */
  49:Generated_Source\PSoC5/PWM_H_BRIDGE_PM.c ****         PWM_H_BRIDGE_backup.PWMUdb = PWM_H_BRIDGE_ReadCounter();
  41              		.loc 1 49 0
  42 000a FFF7FEFF 		bl	PWM_H_BRIDGE_ReadCounter
  43              	.LVL1:
  50:Generated_Source\PSoC5/PWM_H_BRIDGE_PM.c ****         #if (PWM_H_BRIDGE_UseStatus)
  51:Generated_Source\PSoC5/PWM_H_BRIDGE_PM.c ****             PWM_H_BRIDGE_backup.InterruptMaskValue = PWM_H_BRIDGE_STATUS_MASK;
  44              		.loc 1 51 0
  45 000e 054B     		ldr	r3, .L2+4
  49:Generated_Source\PSoC5/PWM_H_BRIDGE_PM.c ****         #if (PWM_H_BRIDGE_UseStatus)
  46              		.loc 1 49 0
  47 0010 6070     		strb	r0, [r4, #1]
  48              		.loc 1 51 0
  49 0012 1B78     		ldrb	r3, [r3]	@ zero_extendqisi2
  50 0014 E370     		strb	r3, [r4, #3]
  52:Generated_Source\PSoC5/PWM_H_BRIDGE_PM.c ****         #endif /* (PWM_H_BRIDGE_UseStatus) */
  53:Generated_Source\PSoC5/PWM_H_BRIDGE_PM.c **** 
  54:Generated_Source\PSoC5/PWM_H_BRIDGE_PM.c ****         #if(PWM_H_BRIDGE_DeadBandMode == PWM_H_BRIDGE__B_PWM__DBM_256_CLOCKS || \
  55:Generated_Source\PSoC5/PWM_H_BRIDGE_PM.c ****             PWM_H_BRIDGE_DeadBandMode == PWM_H_BRIDGE__B_PWM__DBM_2_4_CLOCKS)
  56:Generated_Source\PSoC5/PWM_H_BRIDGE_PM.c ****             PWM_H_BRIDGE_backup.PWMdeadBandValue = PWM_H_BRIDGE_ReadDeadTime();
  57:Generated_Source\PSoC5/PWM_H_BRIDGE_PM.c ****         #endif /*  deadband count is either 2-4 clocks or 256 clocks */
  58:Generated_Source\PSoC5/PWM_H_BRIDGE_PM.c **** 
  59:Generated_Source\PSoC5/PWM_H_BRIDGE_PM.c ****         #if(PWM_H_BRIDGE_KillModeMinTime)
  60:Generated_Source\PSoC5/PWM_H_BRIDGE_PM.c ****              PWM_H_BRIDGE_backup.PWMKillCounterPeriod = PWM_H_BRIDGE_ReadKillTime();
  61:Generated_Source\PSoC5/PWM_H_BRIDGE_PM.c ****         #endif /* (PWM_H_BRIDGE_KillModeMinTime) */
  62:Generated_Source\PSoC5/PWM_H_BRIDGE_PM.c **** 
  63:Generated_Source\PSoC5/PWM_H_BRIDGE_PM.c ****         #if(PWM_H_BRIDGE_UseControl)
ARM GAS  C:\Users\ALEXAN~1\AppData\Local\Temp\ccohC8dg.s 			page 3


  64:Generated_Source\PSoC5/PWM_H_BRIDGE_PM.c ****             PWM_H_BRIDGE_backup.PWMControlRegister = PWM_H_BRIDGE_ReadControlRegister();
  51              		.loc 1 64 0
  52 0016 FFF7FEFF 		bl	PWM_H_BRIDGE_ReadControlRegister
  53              	.LVL2:
  54 001a 2071     		strb	r0, [r4, #4]
  55 001c 10BD     		pop	{r4, pc}
  56              	.L3:
  57 001e 00BF     		.align	2
  58              	.L2:
  59 0020 00000000 		.word	.LANCHOR0
  60 0024 8A640040 		.word	1073767562
  61              		.cfi_endproc
  62              	.LFE0:
  63              		.size	PWM_H_BRIDGE_SaveConfig, .-PWM_H_BRIDGE_SaveConfig
  64              		.section	.text.PWM_H_BRIDGE_RestoreConfig,"ax",%progbits
  65              		.align	1
  66              		.global	PWM_H_BRIDGE_RestoreConfig
  67              		.thumb
  68              		.thumb_func
  69              		.type	PWM_H_BRIDGE_RestoreConfig, %function
  70              	PWM_H_BRIDGE_RestoreConfig:
  71              	.LFB1:
  65:Generated_Source\PSoC5/PWM_H_BRIDGE_PM.c ****         #endif /* (PWM_H_BRIDGE_UseControl) */
  66:Generated_Source\PSoC5/PWM_H_BRIDGE_PM.c ****     #endif  /* (!PWM_H_BRIDGE_UsingFixedFunction) */
  67:Generated_Source\PSoC5/PWM_H_BRIDGE_PM.c **** }
  68:Generated_Source\PSoC5/PWM_H_BRIDGE_PM.c **** 
  69:Generated_Source\PSoC5/PWM_H_BRIDGE_PM.c **** 
  70:Generated_Source\PSoC5/PWM_H_BRIDGE_PM.c **** /*******************************************************************************
  71:Generated_Source\PSoC5/PWM_H_BRIDGE_PM.c **** * Function Name: PWM_H_BRIDGE_RestoreConfig
  72:Generated_Source\PSoC5/PWM_H_BRIDGE_PM.c **** ********************************************************************************
  73:Generated_Source\PSoC5/PWM_H_BRIDGE_PM.c **** *
  74:Generated_Source\PSoC5/PWM_H_BRIDGE_PM.c **** * Summary:
  75:Generated_Source\PSoC5/PWM_H_BRIDGE_PM.c **** *  Restores the current user configuration of the component.
  76:Generated_Source\PSoC5/PWM_H_BRIDGE_PM.c **** *
  77:Generated_Source\PSoC5/PWM_H_BRIDGE_PM.c **** * Parameters:
  78:Generated_Source\PSoC5/PWM_H_BRIDGE_PM.c **** *  None
  79:Generated_Source\PSoC5/PWM_H_BRIDGE_PM.c **** *
  80:Generated_Source\PSoC5/PWM_H_BRIDGE_PM.c **** * Return:
  81:Generated_Source\PSoC5/PWM_H_BRIDGE_PM.c **** *  None
  82:Generated_Source\PSoC5/PWM_H_BRIDGE_PM.c **** *
  83:Generated_Source\PSoC5/PWM_H_BRIDGE_PM.c **** * Global variables:
  84:Generated_Source\PSoC5/PWM_H_BRIDGE_PM.c **** *  PWM_H_BRIDGE_backup:  Variables of this global structure are used to
  85:Generated_Source\PSoC5/PWM_H_BRIDGE_PM.c **** *  restore the values of non retention registers on wakeup from sleep mode.
  86:Generated_Source\PSoC5/PWM_H_BRIDGE_PM.c **** *
  87:Generated_Source\PSoC5/PWM_H_BRIDGE_PM.c **** *******************************************************************************/
  88:Generated_Source\PSoC5/PWM_H_BRIDGE_PM.c **** void PWM_H_BRIDGE_RestoreConfig(void) 
  89:Generated_Source\PSoC5/PWM_H_BRIDGE_PM.c **** {
  72              		.loc 1 89 0
  73              		.cfi_startproc
  74              		@ args = 0, pretend = 0, frame = 0
  75              		@ frame_needed = 0, uses_anonymous_args = 0
  76 0000 10B5     		push	{r4, lr}
  77              		.cfi_def_cfa_offset 8
  78              		.cfi_offset 4, -8
  79              		.cfi_offset 14, -4
  90:Generated_Source\PSoC5/PWM_H_BRIDGE_PM.c ****         #if(!PWM_H_BRIDGE_UsingFixedFunction)
  91:Generated_Source\PSoC5/PWM_H_BRIDGE_PM.c ****             #if(!PWM_H_BRIDGE_PWMModeIsCenterAligned)
ARM GAS  C:\Users\ALEXAN~1\AppData\Local\Temp\ccohC8dg.s 			page 4


  92:Generated_Source\PSoC5/PWM_H_BRIDGE_PM.c ****                 PWM_H_BRIDGE_WritePeriod(PWM_H_BRIDGE_backup.PWMPeriod);
  80              		.loc 1 92 0
  81 0002 074C     		ldr	r4, .L5
  82 0004 A078     		ldrb	r0, [r4, #2]	@ zero_extendqisi2
  83 0006 FFF7FEFF 		bl	PWM_H_BRIDGE_WritePeriod
  84              	.LVL3:
  93:Generated_Source\PSoC5/PWM_H_BRIDGE_PM.c ****             #endif /* (!PWM_H_BRIDGE_PWMModeIsCenterAligned) */
  94:Generated_Source\PSoC5/PWM_H_BRIDGE_PM.c **** 
  95:Generated_Source\PSoC5/PWM_H_BRIDGE_PM.c ****             PWM_H_BRIDGE_WriteCounter(PWM_H_BRIDGE_backup.PWMUdb);
  85              		.loc 1 95 0
  86 000a 6078     		ldrb	r0, [r4, #1]	@ zero_extendqisi2
  87 000c FFF7FEFF 		bl	PWM_H_BRIDGE_WriteCounter
  88              	.LVL4:
  96:Generated_Source\PSoC5/PWM_H_BRIDGE_PM.c **** 
  97:Generated_Source\PSoC5/PWM_H_BRIDGE_PM.c ****             #if (PWM_H_BRIDGE_UseStatus)
  98:Generated_Source\PSoC5/PWM_H_BRIDGE_PM.c ****                 PWM_H_BRIDGE_STATUS_MASK = PWM_H_BRIDGE_backup.InterruptMaskValue;
  89              		.loc 1 98 0
  90 0010 E278     		ldrb	r2, [r4, #3]	@ zero_extendqisi2
  91 0012 044B     		ldr	r3, .L5+4
  92 0014 1A70     		strb	r2, [r3]
  99:Generated_Source\PSoC5/PWM_H_BRIDGE_PM.c ****             #endif /* (PWM_H_BRIDGE_UseStatus) */
 100:Generated_Source\PSoC5/PWM_H_BRIDGE_PM.c **** 
 101:Generated_Source\PSoC5/PWM_H_BRIDGE_PM.c ****             #if(PWM_H_BRIDGE_DeadBandMode == PWM_H_BRIDGE__B_PWM__DBM_256_CLOCKS || \
 102:Generated_Source\PSoC5/PWM_H_BRIDGE_PM.c ****                 PWM_H_BRIDGE_DeadBandMode == PWM_H_BRIDGE__B_PWM__DBM_2_4_CLOCKS)
 103:Generated_Source\PSoC5/PWM_H_BRIDGE_PM.c ****                 PWM_H_BRIDGE_WriteDeadTime(PWM_H_BRIDGE_backup.PWMdeadBandValue);
 104:Generated_Source\PSoC5/PWM_H_BRIDGE_PM.c ****             #endif /* deadband count is either 2-4 clocks or 256 clocks */
 105:Generated_Source\PSoC5/PWM_H_BRIDGE_PM.c **** 
 106:Generated_Source\PSoC5/PWM_H_BRIDGE_PM.c ****             #if(PWM_H_BRIDGE_KillModeMinTime)
 107:Generated_Source\PSoC5/PWM_H_BRIDGE_PM.c ****                 PWM_H_BRIDGE_WriteKillTime(PWM_H_BRIDGE_backup.PWMKillCounterPeriod);
 108:Generated_Source\PSoC5/PWM_H_BRIDGE_PM.c ****             #endif /* (PWM_H_BRIDGE_KillModeMinTime) */
 109:Generated_Source\PSoC5/PWM_H_BRIDGE_PM.c **** 
 110:Generated_Source\PSoC5/PWM_H_BRIDGE_PM.c ****             #if(PWM_H_BRIDGE_UseControl)
 111:Generated_Source\PSoC5/PWM_H_BRIDGE_PM.c ****                 PWM_H_BRIDGE_WriteControlRegister(PWM_H_BRIDGE_backup.PWMControlRegister);
  93              		.loc 1 111 0
  94 0016 2079     		ldrb	r0, [r4, #4]	@ zero_extendqisi2
 112:Generated_Source\PSoC5/PWM_H_BRIDGE_PM.c ****             #endif /* (PWM_H_BRIDGE_UseControl) */
 113:Generated_Source\PSoC5/PWM_H_BRIDGE_PM.c ****         #endif  /* (!PWM_H_BRIDGE_UsingFixedFunction) */
 114:Generated_Source\PSoC5/PWM_H_BRIDGE_PM.c ****     }
  95              		.loc 1 114 0
  96 0018 BDE81040 		pop	{r4, lr}
  97              		.cfi_restore 14
  98              		.cfi_restore 4
  99              		.cfi_def_cfa_offset 0
 111:Generated_Source\PSoC5/PWM_H_BRIDGE_PM.c ****             #endif /* (PWM_H_BRIDGE_UseControl) */
 100              		.loc 1 111 0
 101 001c FFF7FEBF 		b	PWM_H_BRIDGE_WriteControlRegister
 102              	.LVL5:
 103              	.L6:
 104              		.align	2
 105              	.L5:
 106 0020 00000000 		.word	.LANCHOR0
 107 0024 8A640040 		.word	1073767562
 108              		.cfi_endproc
 109              	.LFE1:
 110              		.size	PWM_H_BRIDGE_RestoreConfig, .-PWM_H_BRIDGE_RestoreConfig
 111              		.section	.text.PWM_H_BRIDGE_Sleep,"ax",%progbits
 112              		.align	1
ARM GAS  C:\Users\ALEXAN~1\AppData\Local\Temp\ccohC8dg.s 			page 5


 113              		.global	PWM_H_BRIDGE_Sleep
 114              		.thumb
 115              		.thumb_func
 116              		.type	PWM_H_BRIDGE_Sleep, %function
 117              	PWM_H_BRIDGE_Sleep:
 118              	.LFB2:
 115:Generated_Source\PSoC5/PWM_H_BRIDGE_PM.c **** 
 116:Generated_Source\PSoC5/PWM_H_BRIDGE_PM.c **** 
 117:Generated_Source\PSoC5/PWM_H_BRIDGE_PM.c **** /*******************************************************************************
 118:Generated_Source\PSoC5/PWM_H_BRIDGE_PM.c **** * Function Name: PWM_H_BRIDGE_Sleep
 119:Generated_Source\PSoC5/PWM_H_BRIDGE_PM.c **** ********************************************************************************
 120:Generated_Source\PSoC5/PWM_H_BRIDGE_PM.c **** *
 121:Generated_Source\PSoC5/PWM_H_BRIDGE_PM.c **** * Summary:
 122:Generated_Source\PSoC5/PWM_H_BRIDGE_PM.c **** *  Disables block's operation and saves the user configuration. Should be called
 123:Generated_Source\PSoC5/PWM_H_BRIDGE_PM.c **** *  just prior to entering sleep.
 124:Generated_Source\PSoC5/PWM_H_BRIDGE_PM.c **** *
 125:Generated_Source\PSoC5/PWM_H_BRIDGE_PM.c **** * Parameters:
 126:Generated_Source\PSoC5/PWM_H_BRIDGE_PM.c **** *  None
 127:Generated_Source\PSoC5/PWM_H_BRIDGE_PM.c **** *
 128:Generated_Source\PSoC5/PWM_H_BRIDGE_PM.c **** * Return:
 129:Generated_Source\PSoC5/PWM_H_BRIDGE_PM.c **** *  None
 130:Generated_Source\PSoC5/PWM_H_BRIDGE_PM.c **** *
 131:Generated_Source\PSoC5/PWM_H_BRIDGE_PM.c **** * Global variables:
 132:Generated_Source\PSoC5/PWM_H_BRIDGE_PM.c **** *  PWM_H_BRIDGE_backup.PWMEnableState:  Is modified depending on the enable
 133:Generated_Source\PSoC5/PWM_H_BRIDGE_PM.c **** *  state of the block before entering sleep mode.
 134:Generated_Source\PSoC5/PWM_H_BRIDGE_PM.c **** *
 135:Generated_Source\PSoC5/PWM_H_BRIDGE_PM.c **** *******************************************************************************/
 136:Generated_Source\PSoC5/PWM_H_BRIDGE_PM.c **** void PWM_H_BRIDGE_Sleep(void) 
 137:Generated_Source\PSoC5/PWM_H_BRIDGE_PM.c **** {
 119              		.loc 1 137 0
 120              		.cfi_startproc
 121              		@ args = 0, pretend = 0, frame = 0
 122              		@ frame_needed = 0, uses_anonymous_args = 0
 123 0000 08B5     		push	{r3, lr}
 124              		.cfi_def_cfa_offset 8
 125              		.cfi_offset 3, -8
 126              		.cfi_offset 14, -4
 138:Generated_Source\PSoC5/PWM_H_BRIDGE_PM.c ****     #if(PWM_H_BRIDGE_UseControl)
 139:Generated_Source\PSoC5/PWM_H_BRIDGE_PM.c ****         if(PWM_H_BRIDGE_CTRL_ENABLE == (PWM_H_BRIDGE_CONTROL & PWM_H_BRIDGE_CTRL_ENABLE))
 127              		.loc 1 139 0
 128 0002 074B     		ldr	r3, .L11
 129 0004 1B78     		ldrb	r3, [r3]	@ zero_extendqisi2
 130 0006 13F0800F 		tst	r3, #128
 131 000a 064B     		ldr	r3, .L11+4
 140:Generated_Source\PSoC5/PWM_H_BRIDGE_PM.c ****         {
 141:Generated_Source\PSoC5/PWM_H_BRIDGE_PM.c ****             /*Component is enabled */
 142:Generated_Source\PSoC5/PWM_H_BRIDGE_PM.c ****             PWM_H_BRIDGE_backup.PWMEnableState = 1u;
 132              		.loc 1 142 0
 133 000c 14BF     		ite	ne
 134 000e 0122     		movne	r2, #1
 143:Generated_Source\PSoC5/PWM_H_BRIDGE_PM.c ****         }
 144:Generated_Source\PSoC5/PWM_H_BRIDGE_PM.c ****         else
 145:Generated_Source\PSoC5/PWM_H_BRIDGE_PM.c ****         {
 146:Generated_Source\PSoC5/PWM_H_BRIDGE_PM.c ****             /* Component is disabled */
 147:Generated_Source\PSoC5/PWM_H_BRIDGE_PM.c ****             PWM_H_BRIDGE_backup.PWMEnableState = 0u;
 135              		.loc 1 147 0
 136 0010 0022     		moveq	r2, #0
ARM GAS  C:\Users\ALEXAN~1\AppData\Local\Temp\ccohC8dg.s 			page 6


 137 0012 1A70     		strb	r2, [r3]
 148:Generated_Source\PSoC5/PWM_H_BRIDGE_PM.c ****         }
 149:Generated_Source\PSoC5/PWM_H_BRIDGE_PM.c ****     #endif /* (PWM_H_BRIDGE_UseControl) */
 150:Generated_Source\PSoC5/PWM_H_BRIDGE_PM.c **** 
 151:Generated_Source\PSoC5/PWM_H_BRIDGE_PM.c ****     /* Stop component */
 152:Generated_Source\PSoC5/PWM_H_BRIDGE_PM.c ****     PWM_H_BRIDGE_Stop();
 138              		.loc 1 152 0
 139 0014 FFF7FEFF 		bl	PWM_H_BRIDGE_Stop
 140              	.LVL6:
 153:Generated_Source\PSoC5/PWM_H_BRIDGE_PM.c **** 
 154:Generated_Source\PSoC5/PWM_H_BRIDGE_PM.c ****     /* Save registers configuration */
 155:Generated_Source\PSoC5/PWM_H_BRIDGE_PM.c ****     PWM_H_BRIDGE_SaveConfig();
 156:Generated_Source\PSoC5/PWM_H_BRIDGE_PM.c **** }
 141              		.loc 1 156 0
 142 0018 BDE80840 		pop	{r3, lr}
 143              		.cfi_restore 14
 144              		.cfi_restore 3
 145              		.cfi_def_cfa_offset 0
 155:Generated_Source\PSoC5/PWM_H_BRIDGE_PM.c **** }
 146              		.loc 1 155 0
 147 001c FFF7FEBF 		b	PWM_H_BRIDGE_SaveConfig
 148              	.LVL7:
 149              	.L12:
 150              		.align	2
 151              	.L11:
 152 0020 7A640040 		.word	1073767546
 153 0024 00000000 		.word	.LANCHOR0
 154              		.cfi_endproc
 155              	.LFE2:
 156              		.size	PWM_H_BRIDGE_Sleep, .-PWM_H_BRIDGE_Sleep
 157              		.section	.text.PWM_H_BRIDGE_Wakeup,"ax",%progbits
 158              		.align	1
 159              		.global	PWM_H_BRIDGE_Wakeup
 160              		.thumb
 161              		.thumb_func
 162              		.type	PWM_H_BRIDGE_Wakeup, %function
 163              	PWM_H_BRIDGE_Wakeup:
 164              	.LFB3:
 157:Generated_Source\PSoC5/PWM_H_BRIDGE_PM.c **** 
 158:Generated_Source\PSoC5/PWM_H_BRIDGE_PM.c **** 
 159:Generated_Source\PSoC5/PWM_H_BRIDGE_PM.c **** /*******************************************************************************
 160:Generated_Source\PSoC5/PWM_H_BRIDGE_PM.c **** * Function Name: PWM_H_BRIDGE_Wakeup
 161:Generated_Source\PSoC5/PWM_H_BRIDGE_PM.c **** ********************************************************************************
 162:Generated_Source\PSoC5/PWM_H_BRIDGE_PM.c **** *
 163:Generated_Source\PSoC5/PWM_H_BRIDGE_PM.c **** * Summary:
 164:Generated_Source\PSoC5/PWM_H_BRIDGE_PM.c **** *  Restores and enables the user configuration. Should be called just after
 165:Generated_Source\PSoC5/PWM_H_BRIDGE_PM.c **** *  awaking from sleep.
 166:Generated_Source\PSoC5/PWM_H_BRIDGE_PM.c **** *
 167:Generated_Source\PSoC5/PWM_H_BRIDGE_PM.c **** * Parameters:
 168:Generated_Source\PSoC5/PWM_H_BRIDGE_PM.c **** *  None
 169:Generated_Source\PSoC5/PWM_H_BRIDGE_PM.c **** *
 170:Generated_Source\PSoC5/PWM_H_BRIDGE_PM.c **** * Return:
 171:Generated_Source\PSoC5/PWM_H_BRIDGE_PM.c **** *  None
 172:Generated_Source\PSoC5/PWM_H_BRIDGE_PM.c **** *
 173:Generated_Source\PSoC5/PWM_H_BRIDGE_PM.c **** * Global variables:
 174:Generated_Source\PSoC5/PWM_H_BRIDGE_PM.c **** *  PWM_H_BRIDGE_backup.pwmEnable:  Is used to restore the enable state of
 175:Generated_Source\PSoC5/PWM_H_BRIDGE_PM.c **** *  block on wakeup from sleep mode.
ARM GAS  C:\Users\ALEXAN~1\AppData\Local\Temp\ccohC8dg.s 			page 7


 176:Generated_Source\PSoC5/PWM_H_BRIDGE_PM.c **** *
 177:Generated_Source\PSoC5/PWM_H_BRIDGE_PM.c **** *******************************************************************************/
 178:Generated_Source\PSoC5/PWM_H_BRIDGE_PM.c **** void PWM_H_BRIDGE_Wakeup(void) 
 179:Generated_Source\PSoC5/PWM_H_BRIDGE_PM.c **** {
 165              		.loc 1 179 0
 166              		.cfi_startproc
 167              		@ args = 0, pretend = 0, frame = 0
 168              		@ frame_needed = 0, uses_anonymous_args = 0
 169 0000 08B5     		push	{r3, lr}
 170              		.cfi_def_cfa_offset 8
 171              		.cfi_offset 3, -8
 172              		.cfi_offset 14, -4
 180:Generated_Source\PSoC5/PWM_H_BRIDGE_PM.c ****      /* Restore registers values */
 181:Generated_Source\PSoC5/PWM_H_BRIDGE_PM.c ****     PWM_H_BRIDGE_RestoreConfig();
 173              		.loc 1 181 0
 174 0002 FFF7FEFF 		bl	PWM_H_BRIDGE_RestoreConfig
 175              	.LVL8:
 182:Generated_Source\PSoC5/PWM_H_BRIDGE_PM.c **** 
 183:Generated_Source\PSoC5/PWM_H_BRIDGE_PM.c ****     if(PWM_H_BRIDGE_backup.PWMEnableState != 0u)
 176              		.loc 1 183 0
 177 0006 044B     		ldr	r3, .L16
 178 0008 1B78     		ldrb	r3, [r3]	@ zero_extendqisi2
 179 000a 1BB1     		cbz	r3, .L13
 184:Generated_Source\PSoC5/PWM_H_BRIDGE_PM.c ****     {
 185:Generated_Source\PSoC5/PWM_H_BRIDGE_PM.c ****         /* Enable component's operation */
 186:Generated_Source\PSoC5/PWM_H_BRIDGE_PM.c ****         PWM_H_BRIDGE_Enable();
 187:Generated_Source\PSoC5/PWM_H_BRIDGE_PM.c ****     } /* Do nothing if component's block was disabled before */
 188:Generated_Source\PSoC5/PWM_H_BRIDGE_PM.c **** 
 189:Generated_Source\PSoC5/PWM_H_BRIDGE_PM.c **** }
 180              		.loc 1 189 0
 181 000c BDE80840 		pop	{r3, lr}
 182              		.cfi_remember_state
 183              		.cfi_restore 14
 184              		.cfi_restore 3
 185              		.cfi_def_cfa_offset 0
 186:Generated_Source\PSoC5/PWM_H_BRIDGE_PM.c ****     } /* Do nothing if component's block was disabled before */
 186              		.loc 1 186 0
 187 0010 FFF7FEBF 		b	PWM_H_BRIDGE_Enable
 188              	.LVL9:
 189              	.L13:
 190              		.cfi_restore_state
 191 0014 08BD     		pop	{r3, pc}
 192              	.L17:
 193 0016 00BF     		.align	2
 194              	.L16:
 195 0018 00000000 		.word	.LANCHOR0
 196              		.cfi_endproc
 197              	.LFE3:
 198              		.size	PWM_H_BRIDGE_Wakeup, .-PWM_H_BRIDGE_Wakeup
 199              		.bss
 200              		.set	.LANCHOR0,. + 0
 201              		.type	PWM_H_BRIDGE_backup, %object
 202              		.size	PWM_H_BRIDGE_backup, 5
 203              	PWM_H_BRIDGE_backup:
 204 0000 00000000 		.space	5
 204      00
 205              		.text
ARM GAS  C:\Users\ALEXAN~1\AppData\Local\Temp\ccohC8dg.s 			page 8


 206              	.Letext0:
 207              		.file 2 "Generated_Source\\PSoC5\\cytypes.h"
 208              		.file 3 "Generated_Source\\PSoC5\\PWM_H_BRIDGE.h"
 209              		.section	.debug_info,"",%progbits
 210              	.Ldebug_info0:
 211 0000 13020000 		.4byte	0x213
 212 0004 0400     		.2byte	0x4
 213 0006 00000000 		.4byte	.Ldebug_abbrev0
 214 000a 04       		.byte	0x4
 215 000b 01       		.uleb128 0x1
 216 000c 10010000 		.4byte	.LASF34
 217 0010 0C       		.byte	0xc
 218 0011 21030000 		.4byte	.LASF35
 219 0015 3C000000 		.4byte	.LASF36
 220 0019 00000000 		.4byte	.Ldebug_ranges0+0
 221 001d 00000000 		.4byte	0
 222 0021 00000000 		.4byte	.Ldebug_line0
 223 0025 02       		.uleb128 0x2
 224 0026 01       		.byte	0x1
 225 0027 06       		.byte	0x6
 226 0028 01030000 		.4byte	.LASF0
 227 002c 02       		.uleb128 0x2
 228 002d 01       		.byte	0x1
 229 002e 08       		.byte	0x8
 230 002f C5000000 		.4byte	.LASF1
 231 0033 02       		.uleb128 0x2
 232 0034 02       		.byte	0x2
 233 0035 05       		.byte	0x5
 234 0036 C9020000 		.4byte	.LASF2
 235 003a 02       		.uleb128 0x2
 236 003b 02       		.byte	0x2
 237 003c 07       		.byte	0x7
 238 003d 91000000 		.4byte	.LASF3
 239 0041 02       		.uleb128 0x2
 240 0042 04       		.byte	0x4
 241 0043 05       		.byte	0x5
 242 0044 D3020000 		.4byte	.LASF4
 243 0048 02       		.uleb128 0x2
 244 0049 04       		.byte	0x4
 245 004a 07       		.byte	0x7
 246 004b F3010000 		.4byte	.LASF5
 247 004f 02       		.uleb128 0x2
 248 0050 08       		.byte	0x8
 249 0051 05       		.byte	0x5
 250 0052 62020000 		.4byte	.LASF6
 251 0056 02       		.uleb128 0x2
 252 0057 08       		.byte	0x8
 253 0058 07       		.byte	0x7
 254 0059 12020000 		.4byte	.LASF7
 255 005d 03       		.uleb128 0x3
 256 005e 04       		.byte	0x4
 257 005f 05       		.byte	0x5
 258 0060 696E7400 		.ascii	"int\000"
 259 0064 02       		.uleb128 0x2
 260 0065 04       		.byte	0x4
 261 0066 07       		.byte	0x7
 262 0067 05020000 		.4byte	.LASF8
ARM GAS  C:\Users\ALEXAN~1\AppData\Local\Temp\ccohC8dg.s 			page 9


 263 006b 04       		.uleb128 0x4
 264 006c 9E010000 		.4byte	.LASF12
 265 0070 02       		.byte	0x2
 266 0071 9201     		.2byte	0x192
 267 0073 2C000000 		.4byte	0x2c
 268 0077 02       		.uleb128 0x2
 269 0078 04       		.byte	0x4
 270 0079 04       		.byte	0x4
 271 007a BF000000 		.4byte	.LASF9
 272 007e 02       		.uleb128 0x2
 273 007f 08       		.byte	0x8
 274 0080 04       		.byte	0x4
 275 0081 EC010000 		.4byte	.LASF10
 276 0085 02       		.uleb128 0x2
 277 0086 01       		.byte	0x1
 278 0087 08       		.byte	0x8
 279 0088 70020000 		.4byte	.LASF11
 280 008c 04       		.uleb128 0x4
 281 008d 41020000 		.4byte	.LASF13
 282 0091 02       		.byte	0x2
 283 0092 3C02     		.2byte	0x23c
 284 0094 98000000 		.4byte	0x98
 285 0098 05       		.uleb128 0x5
 286 0099 6B000000 		.4byte	0x6b
 287 009d 02       		.uleb128 0x2
 288 009e 08       		.byte	0x8
 289 009f 04       		.byte	0x4
 290 00a0 F5020000 		.4byte	.LASF14
 291 00a4 02       		.uleb128 0x2
 292 00a5 04       		.byte	0x4
 293 00a6 07       		.byte	0x7
 294 00a7 46020000 		.4byte	.LASF15
 295 00ab 06       		.uleb128 0x6
 296 00ac 05       		.byte	0x5
 297 00ad 03       		.byte	0x3
 298 00ae 6B       		.byte	0x6b
 299 00af F0000000 		.4byte	0xf0
 300 00b3 07       		.uleb128 0x7
 301 00b4 D3000000 		.4byte	.LASF16
 302 00b8 03       		.byte	0x3
 303 00b9 6E       		.byte	0x6e
 304 00ba 6B000000 		.4byte	0x6b
 305 00be 00       		.byte	0
 306 00bf 07       		.uleb128 0x7
 307 00c0 00000000 		.4byte	.LASF17
 308 00c4 03       		.byte	0x3
 309 00c5 71       		.byte	0x71
 310 00c6 6B000000 		.4byte	0x6b
 311 00ca 01       		.byte	0x1
 312 00cb 07       		.uleb128 0x7
 313 00cc 19000000 		.4byte	.LASF18
 314 00d0 03       		.byte	0x3
 315 00d1 73       		.byte	0x73
 316 00d2 6B000000 		.4byte	0x6b
 317 00d6 02       		.byte	0x2
 318 00d7 07       		.uleb128 0x7
 319 00d8 4A030000 		.4byte	.LASF19
ARM GAS  C:\Users\ALEXAN~1\AppData\Local\Temp\ccohC8dg.s 			page 10


 320 00dc 03       		.byte	0x3
 321 00dd 76       		.byte	0x76
 322 00de 6B000000 		.4byte	0x6b
 323 00e2 03       		.byte	0x3
 324 00e3 07       		.uleb128 0x7
 325 00e4 C5010000 		.4byte	.LASF20
 326 00e8 03       		.byte	0x3
 327 00e9 86       		.byte	0x86
 328 00ea 6B000000 		.4byte	0x6b
 329 00ee 04       		.byte	0x4
 330 00ef 00       		.byte	0
 331 00f0 08       		.uleb128 0x8
 332 00f1 97020000 		.4byte	.LASF21
 333 00f5 03       		.byte	0x3
 334 00f6 8B       		.byte	0x8b
 335 00f7 AB000000 		.4byte	0xab
 336 00fb 09       		.uleb128 0x9
 337 00fc 29020000 		.4byte	.LASF22
 338 0100 01       		.byte	0x1
 339 0101 2A       		.byte	0x2a
 340 0102 00000000 		.4byte	.LFB0
 341 0106 28000000 		.4byte	.LFE0-.LFB0
 342 010a 01       		.uleb128 0x1
 343 010b 9C       		.byte	0x9c
 344 010c 2C010000 		.4byte	0x12c
 345 0110 0A       		.uleb128 0xa
 346 0111 06000000 		.4byte	.LVL0
 347 0115 BE010000 		.4byte	0x1be
 348 0119 0A       		.uleb128 0xa
 349 011a 0E000000 		.4byte	.LVL1
 350 011e C9010000 		.4byte	0x1c9
 351 0122 0A       		.uleb128 0xa
 352 0123 1A000000 		.4byte	.LVL2
 353 0127 D4010000 		.4byte	0x1d4
 354 012b 00       		.byte	0
 355 012c 09       		.uleb128 0x9
 356 012d A4000000 		.4byte	.LASF23
 357 0131 01       		.byte	0x1
 358 0132 58       		.byte	0x58
 359 0133 00000000 		.4byte	.LFB1
 360 0137 28000000 		.4byte	.LFE1-.LFB1
 361 013b 01       		.uleb128 0x1
 362 013c 9C       		.byte	0x9c
 363 013d 5D010000 		.4byte	0x15d
 364 0141 0A       		.uleb128 0xa
 365 0142 0A000000 		.4byte	.LVL3
 366 0146 DF010000 		.4byte	0x1df
 367 014a 0A       		.uleb128 0xa
 368 014b 10000000 		.4byte	.LVL4
 369 014f EA010000 		.4byte	0x1ea
 370 0153 0B       		.uleb128 0xb
 371 0154 20000000 		.4byte	.LVL5
 372 0158 F5010000 		.4byte	0x1f5
 373 015c 00       		.byte	0
 374 015d 09       		.uleb128 0x9
 375 015e 4F020000 		.4byte	.LASF24
 376 0162 01       		.byte	0x1
ARM GAS  C:\Users\ALEXAN~1\AppData\Local\Temp\ccohC8dg.s 			page 11


 377 0163 88       		.byte	0x88
 378 0164 00000000 		.4byte	.LFB2
 379 0168 28000000 		.4byte	.LFE2-.LFB2
 380 016c 01       		.uleb128 0x1
 381 016d 9C       		.byte	0x9c
 382 016e 85010000 		.4byte	0x185
 383 0172 0A       		.uleb128 0xa
 384 0173 18000000 		.4byte	.LVL6
 385 0177 00020000 		.4byte	0x200
 386 017b 0B       		.uleb128 0xb
 387 017c 20000000 		.4byte	.LVL7
 388 0180 FB000000 		.4byte	0xfb
 389 0184 00       		.byte	0
 390 0185 09       		.uleb128 0x9
 391 0186 0D030000 		.4byte	.LASF25
 392 018a 01       		.byte	0x1
 393 018b B2       		.byte	0xb2
 394 018c 00000000 		.4byte	.LFB3
 395 0190 1C000000 		.4byte	.LFE3-.LFB3
 396 0194 01       		.uleb128 0x1
 397 0195 9C       		.byte	0x9c
 398 0196 AD010000 		.4byte	0x1ad
 399 019a 0A       		.uleb128 0xa
 400 019b 06000000 		.4byte	.LVL8
 401 019f 2C010000 		.4byte	0x12c
 402 01a3 0B       		.uleb128 0xb
 403 01a4 14000000 		.4byte	.LVL9
 404 01a8 0B020000 		.4byte	0x20b
 405 01ac 00       		.byte	0
 406 01ad 0C       		.uleb128 0xc
 407 01ae D8010000 		.4byte	.LASF37
 408 01b2 01       		.byte	0x1
 409 01b3 14       		.byte	0x14
 410 01b4 F0000000 		.4byte	0xf0
 411 01b8 05       		.uleb128 0x5
 412 01b9 03       		.byte	0x3
 413 01ba 00000000 		.4byte	PWM_H_BRIDGE_backup
 414 01be 0D       		.uleb128 0xd
 415 01bf B1020000 		.4byte	.LASF26
 416 01c3 B1020000 		.4byte	.LASF26
 417 01c7 03       		.byte	0x3
 418 01c8 C0       		.byte	0xc0
 419 01c9 0D       		.uleb128 0xd
 420 01ca DC020000 		.4byte	.LASF27
 421 01ce DC020000 		.4byte	.LASF27
 422 01d2 03       		.byte	0x3
 423 01d3 B3       		.byte	0xb3
 424 01d4 0D       		.uleb128 0xd
 425 01d5 A4010000 		.4byte	.LASF28
 426 01d9 A4010000 		.4byte	.LASF28
 427 01dd 03       		.byte	0x3
 428 01de 9D       		.byte	0x9d
 429 01df 0D       		.uleb128 0xd
 430 01e0 23000000 		.4byte	.LASF29
 431 01e4 23000000 		.4byte	.LASF29
 432 01e8 03       		.byte	0x3
 433 01e9 BE       		.byte	0xbe
ARM GAS  C:\Users\ALEXAN~1\AppData\Local\Temp\ccohC8dg.s 			page 12


 434 01ea 0D       		.uleb128 0xd
 435 01eb E2000000 		.4byte	.LASF30
 436 01ef E2000000 		.4byte	.LASF30
 437 01f3 03       		.byte	0x3
 438 01f4 BA       		.byte	0xba
 439 01f5 0D       		.uleb128 0xd
 440 01f6 75020000 		.4byte	.LASF31
 441 01fa 75020000 		.4byte	.LASF31
 442 01fe 03       		.byte	0x3
 443 01ff 9E       		.byte	0x9e
 444 0200 0D       		.uleb128 0xd
 445 0201 07000000 		.4byte	.LASF32
 446 0205 07000000 		.4byte	.LASF32
 447 0209 03       		.byte	0x3
 448 020a 93       		.byte	0x93
 449 020b 0D       		.uleb128 0xd
 450 020c FC000000 		.4byte	.LASF33
 451 0210 FC000000 		.4byte	.LASF33
 452 0214 03       		.byte	0x3
 453 0215 DB       		.byte	0xdb
 454 0216 00       		.byte	0
 455              		.section	.debug_abbrev,"",%progbits
 456              	.Ldebug_abbrev0:
 457 0000 01       		.uleb128 0x1
 458 0001 11       		.uleb128 0x11
 459 0002 01       		.byte	0x1
 460 0003 25       		.uleb128 0x25
 461 0004 0E       		.uleb128 0xe
 462 0005 13       		.uleb128 0x13
 463 0006 0B       		.uleb128 0xb
 464 0007 03       		.uleb128 0x3
 465 0008 0E       		.uleb128 0xe
 466 0009 1B       		.uleb128 0x1b
 467 000a 0E       		.uleb128 0xe
 468 000b 55       		.uleb128 0x55
 469 000c 17       		.uleb128 0x17
 470 000d 11       		.uleb128 0x11
 471 000e 01       		.uleb128 0x1
 472 000f 10       		.uleb128 0x10
 473 0010 17       		.uleb128 0x17
 474 0011 00       		.byte	0
 475 0012 00       		.byte	0
 476 0013 02       		.uleb128 0x2
 477 0014 24       		.uleb128 0x24
 478 0015 00       		.byte	0
 479 0016 0B       		.uleb128 0xb
 480 0017 0B       		.uleb128 0xb
 481 0018 3E       		.uleb128 0x3e
 482 0019 0B       		.uleb128 0xb
 483 001a 03       		.uleb128 0x3
 484 001b 0E       		.uleb128 0xe
 485 001c 00       		.byte	0
 486 001d 00       		.byte	0
 487 001e 03       		.uleb128 0x3
 488 001f 24       		.uleb128 0x24
 489 0020 00       		.byte	0
 490 0021 0B       		.uleb128 0xb
ARM GAS  C:\Users\ALEXAN~1\AppData\Local\Temp\ccohC8dg.s 			page 13


 491 0022 0B       		.uleb128 0xb
 492 0023 3E       		.uleb128 0x3e
 493 0024 0B       		.uleb128 0xb
 494 0025 03       		.uleb128 0x3
 495 0026 08       		.uleb128 0x8
 496 0027 00       		.byte	0
 497 0028 00       		.byte	0
 498 0029 04       		.uleb128 0x4
 499 002a 16       		.uleb128 0x16
 500 002b 00       		.byte	0
 501 002c 03       		.uleb128 0x3
 502 002d 0E       		.uleb128 0xe
 503 002e 3A       		.uleb128 0x3a
 504 002f 0B       		.uleb128 0xb
 505 0030 3B       		.uleb128 0x3b
 506 0031 05       		.uleb128 0x5
 507 0032 49       		.uleb128 0x49
 508 0033 13       		.uleb128 0x13
 509 0034 00       		.byte	0
 510 0035 00       		.byte	0
 511 0036 05       		.uleb128 0x5
 512 0037 35       		.uleb128 0x35
 513 0038 00       		.byte	0
 514 0039 49       		.uleb128 0x49
 515 003a 13       		.uleb128 0x13
 516 003b 00       		.byte	0
 517 003c 00       		.byte	0
 518 003d 06       		.uleb128 0x6
 519 003e 13       		.uleb128 0x13
 520 003f 01       		.byte	0x1
 521 0040 0B       		.uleb128 0xb
 522 0041 0B       		.uleb128 0xb
 523 0042 3A       		.uleb128 0x3a
 524 0043 0B       		.uleb128 0xb
 525 0044 3B       		.uleb128 0x3b
 526 0045 0B       		.uleb128 0xb
 527 0046 01       		.uleb128 0x1
 528 0047 13       		.uleb128 0x13
 529 0048 00       		.byte	0
 530 0049 00       		.byte	0
 531 004a 07       		.uleb128 0x7
 532 004b 0D       		.uleb128 0xd
 533 004c 00       		.byte	0
 534 004d 03       		.uleb128 0x3
 535 004e 0E       		.uleb128 0xe
 536 004f 3A       		.uleb128 0x3a
 537 0050 0B       		.uleb128 0xb
 538 0051 3B       		.uleb128 0x3b
 539 0052 0B       		.uleb128 0xb
 540 0053 49       		.uleb128 0x49
 541 0054 13       		.uleb128 0x13
 542 0055 38       		.uleb128 0x38
 543 0056 0B       		.uleb128 0xb
 544 0057 00       		.byte	0
 545 0058 00       		.byte	0
 546 0059 08       		.uleb128 0x8
 547 005a 16       		.uleb128 0x16
ARM GAS  C:\Users\ALEXAN~1\AppData\Local\Temp\ccohC8dg.s 			page 14


 548 005b 00       		.byte	0
 549 005c 03       		.uleb128 0x3
 550 005d 0E       		.uleb128 0xe
 551 005e 3A       		.uleb128 0x3a
 552 005f 0B       		.uleb128 0xb
 553 0060 3B       		.uleb128 0x3b
 554 0061 0B       		.uleb128 0xb
 555 0062 49       		.uleb128 0x49
 556 0063 13       		.uleb128 0x13
 557 0064 00       		.byte	0
 558 0065 00       		.byte	0
 559 0066 09       		.uleb128 0x9
 560 0067 2E       		.uleb128 0x2e
 561 0068 01       		.byte	0x1
 562 0069 3F       		.uleb128 0x3f
 563 006a 19       		.uleb128 0x19
 564 006b 03       		.uleb128 0x3
 565 006c 0E       		.uleb128 0xe
 566 006d 3A       		.uleb128 0x3a
 567 006e 0B       		.uleb128 0xb
 568 006f 3B       		.uleb128 0x3b
 569 0070 0B       		.uleb128 0xb
 570 0071 27       		.uleb128 0x27
 571 0072 19       		.uleb128 0x19
 572 0073 11       		.uleb128 0x11
 573 0074 01       		.uleb128 0x1
 574 0075 12       		.uleb128 0x12
 575 0076 06       		.uleb128 0x6
 576 0077 40       		.uleb128 0x40
 577 0078 18       		.uleb128 0x18
 578 0079 9742     		.uleb128 0x2117
 579 007b 19       		.uleb128 0x19
 580 007c 01       		.uleb128 0x1
 581 007d 13       		.uleb128 0x13
 582 007e 00       		.byte	0
 583 007f 00       		.byte	0
 584 0080 0A       		.uleb128 0xa
 585 0081 898201   		.uleb128 0x4109
 586 0084 00       		.byte	0
 587 0085 11       		.uleb128 0x11
 588 0086 01       		.uleb128 0x1
 589 0087 31       		.uleb128 0x31
 590 0088 13       		.uleb128 0x13
 591 0089 00       		.byte	0
 592 008a 00       		.byte	0
 593 008b 0B       		.uleb128 0xb
 594 008c 898201   		.uleb128 0x4109
 595 008f 00       		.byte	0
 596 0090 11       		.uleb128 0x11
 597 0091 01       		.uleb128 0x1
 598 0092 9542     		.uleb128 0x2115
 599 0094 19       		.uleb128 0x19
 600 0095 31       		.uleb128 0x31
 601 0096 13       		.uleb128 0x13
 602 0097 00       		.byte	0
 603 0098 00       		.byte	0
 604 0099 0C       		.uleb128 0xc
ARM GAS  C:\Users\ALEXAN~1\AppData\Local\Temp\ccohC8dg.s 			page 15


 605 009a 34       		.uleb128 0x34
 606 009b 00       		.byte	0
 607 009c 03       		.uleb128 0x3
 608 009d 0E       		.uleb128 0xe
 609 009e 3A       		.uleb128 0x3a
 610 009f 0B       		.uleb128 0xb
 611 00a0 3B       		.uleb128 0x3b
 612 00a1 0B       		.uleb128 0xb
 613 00a2 49       		.uleb128 0x49
 614 00a3 13       		.uleb128 0x13
 615 00a4 02       		.uleb128 0x2
 616 00a5 18       		.uleb128 0x18
 617 00a6 00       		.byte	0
 618 00a7 00       		.byte	0
 619 00a8 0D       		.uleb128 0xd
 620 00a9 2E       		.uleb128 0x2e
 621 00aa 00       		.byte	0
 622 00ab 3F       		.uleb128 0x3f
 623 00ac 19       		.uleb128 0x19
 624 00ad 3C       		.uleb128 0x3c
 625 00ae 19       		.uleb128 0x19
 626 00af 6E       		.uleb128 0x6e
 627 00b0 0E       		.uleb128 0xe
 628 00b1 03       		.uleb128 0x3
 629 00b2 0E       		.uleb128 0xe
 630 00b3 3A       		.uleb128 0x3a
 631 00b4 0B       		.uleb128 0xb
 632 00b5 3B       		.uleb128 0x3b
 633 00b6 0B       		.uleb128 0xb
 634 00b7 00       		.byte	0
 635 00b8 00       		.byte	0
 636 00b9 00       		.byte	0
 637              		.section	.debug_aranges,"",%progbits
 638 0000 34000000 		.4byte	0x34
 639 0004 0200     		.2byte	0x2
 640 0006 00000000 		.4byte	.Ldebug_info0
 641 000a 04       		.byte	0x4
 642 000b 00       		.byte	0
 643 000c 0000     		.2byte	0
 644 000e 0000     		.2byte	0
 645 0010 00000000 		.4byte	.LFB0
 646 0014 28000000 		.4byte	.LFE0-.LFB0
 647 0018 00000000 		.4byte	.LFB1
 648 001c 28000000 		.4byte	.LFE1-.LFB1
 649 0020 00000000 		.4byte	.LFB2
 650 0024 28000000 		.4byte	.LFE2-.LFB2
 651 0028 00000000 		.4byte	.LFB3
 652 002c 1C000000 		.4byte	.LFE3-.LFB3
 653 0030 00000000 		.4byte	0
 654 0034 00000000 		.4byte	0
 655              		.section	.debug_ranges,"",%progbits
 656              	.Ldebug_ranges0:
 657 0000 00000000 		.4byte	.LFB0
 658 0004 28000000 		.4byte	.LFE0
 659 0008 00000000 		.4byte	.LFB1
 660 000c 28000000 		.4byte	.LFE1
 661 0010 00000000 		.4byte	.LFB2
ARM GAS  C:\Users\ALEXAN~1\AppData\Local\Temp\ccohC8dg.s 			page 16


 662 0014 28000000 		.4byte	.LFE2
 663 0018 00000000 		.4byte	.LFB3
 664 001c 1C000000 		.4byte	.LFE3
 665 0020 00000000 		.4byte	0
 666 0024 00000000 		.4byte	0
 667              		.section	.debug_line,"",%progbits
 668              	.Ldebug_line0:
 669 0000 BD000000 		.section	.debug_str,"MS",%progbits,1
 669      02005E00 
 669      00000201 
 669      FB0E0D00 
 669      01010101 
 670              	.LASF17:
 671 0000 50574D55 		.ascii	"PWMUdb\000"
 671      646200
 672              	.LASF32:
 673 0007 50574D5F 		.ascii	"PWM_H_BRIDGE_Stop\000"
 673      485F4252 
 673      49444745 
 673      5F53746F 
 673      7000
 674              	.LASF18:
 675 0019 50574D50 		.ascii	"PWMPeriod\000"
 675      6572696F 
 675      6400
 676              	.LASF29:
 677 0023 50574D5F 		.ascii	"PWM_H_BRIDGE_WritePeriod\000"
 677      485F4252 
 677      49444745 
 677      5F577269 
 677      74655065 
 678              	.LASF36:
 679 003c 433A5C55 		.ascii	"C:\\Users\\Alexander Nielsen\\Desktop\\platooning\\"
 679      73657273 
 679      5C416C65 
 679      78616E64 
 679      6572204E 
 680 006a 50536F43 		.ascii	"PSoC\\Platooning\\AngleMeasurement.cydsn\000"
 680      5C506C61 
 680      746F6F6E 
 680      696E675C 
 680      416E676C 
 681              	.LASF3:
 682 0091 73686F72 		.ascii	"short unsigned int\000"
 682      7420756E 
 682      7369676E 
 682      65642069 
 682      6E7400
 683              	.LASF23:
 684 00a4 50574D5F 		.ascii	"PWM_H_BRIDGE_RestoreConfig\000"
 684      485F4252 
 684      49444745 
 684      5F526573 
 684      746F7265 
 685              	.LASF9:
 686 00bf 666C6F61 		.ascii	"float\000"
 686      7400
ARM GAS  C:\Users\ALEXAN~1\AppData\Local\Temp\ccohC8dg.s 			page 17


 687              	.LASF1:
 688 00c5 756E7369 		.ascii	"unsigned char\000"
 688      676E6564 
 688      20636861 
 688      7200
 689              	.LASF16:
 690 00d3 50574D45 		.ascii	"PWMEnableState\000"
 690      6E61626C 
 690      65537461 
 690      746500
 691              	.LASF30:
 692 00e2 50574D5F 		.ascii	"PWM_H_BRIDGE_WriteCounter\000"
 692      485F4252 
 692      49444745 
 692      5F577269 
 692      7465436F 
 693              	.LASF33:
 694 00fc 50574D5F 		.ascii	"PWM_H_BRIDGE_Enable\000"
 694      485F4252 
 694      49444745 
 694      5F456E61 
 694      626C6500 
 695              	.LASF34:
 696 0110 474E5520 		.ascii	"GNU C11 5.4.1 20160609 (release) [ARM/embedded-5-br"
 696      43313120 
 696      352E342E 
 696      31203230 
 696      31363036 
 697 0143 616E6368 		.ascii	"anch revision 237715] -mcpu=cortex-m3 -mthumb -g -O"
 697      20726576 
 697      6973696F 
 697      6E203233 
 697      37373135 
 698 0176 73202D66 		.ascii	"s -ffunction-sections -ffat-lto-objects\000"
 698      66756E63 
 698      74696F6E 
 698      2D736563 
 698      74696F6E 
 699              	.LASF12:
 700 019e 75696E74 		.ascii	"uint8\000"
 700      3800
 701              	.LASF28:
 702 01a4 50574D5F 		.ascii	"PWM_H_BRIDGE_ReadControlRegister\000"
 702      485F4252 
 702      49444745 
 702      5F526561 
 702      64436F6E 
 703              	.LASF20:
 704 01c5 50574D43 		.ascii	"PWMControlRegister\000"
 704      6F6E7472 
 704      6F6C5265 
 704      67697374 
 704      657200
 705              	.LASF37:
 706 01d8 50574D5F 		.ascii	"PWM_H_BRIDGE_backup\000"
 706      485F4252 
 706      49444745 
ARM GAS  C:\Users\ALEXAN~1\AppData\Local\Temp\ccohC8dg.s 			page 18


 706      5F626163 
 706      6B757000 
 707              	.LASF10:
 708 01ec 646F7562 		.ascii	"double\000"
 708      6C6500
 709              	.LASF5:
 710 01f3 6C6F6E67 		.ascii	"long unsigned int\000"
 710      20756E73 
 710      69676E65 
 710      6420696E 
 710      7400
 711              	.LASF8:
 712 0205 756E7369 		.ascii	"unsigned int\000"
 712      676E6564 
 712      20696E74 
 712      00
 713              	.LASF7:
 714 0212 6C6F6E67 		.ascii	"long long unsigned int\000"
 714      206C6F6E 
 714      6720756E 
 714      7369676E 
 714      65642069 
 715              	.LASF22:
 716 0229 50574D5F 		.ascii	"PWM_H_BRIDGE_SaveConfig\000"
 716      485F4252 
 716      49444745 
 716      5F536176 
 716      65436F6E 
 717              	.LASF13:
 718 0241 72656738 		.ascii	"reg8\000"
 718      00
 719              	.LASF15:
 720 0246 73697A65 		.ascii	"sizetype\000"
 720      74797065 
 720      00
 721              	.LASF24:
 722 024f 50574D5F 		.ascii	"PWM_H_BRIDGE_Sleep\000"
 722      485F4252 
 722      49444745 
 722      5F536C65 
 722      657000
 723              	.LASF6:
 724 0262 6C6F6E67 		.ascii	"long long int\000"
 724      206C6F6E 
 724      6720696E 
 724      7400
 725              	.LASF11:
 726 0270 63686172 		.ascii	"char\000"
 726      00
 727              	.LASF31:
 728 0275 50574D5F 		.ascii	"PWM_H_BRIDGE_WriteControlRegister\000"
 728      485F4252 
 728      49444745 
 728      5F577269 
 728      7465436F 
 729              	.LASF21:
 730 0297 50574D5F 		.ascii	"PWM_H_BRIDGE_backupStruct\000"
ARM GAS  C:\Users\ALEXAN~1\AppData\Local\Temp\ccohC8dg.s 			page 19


 730      485F4252 
 730      49444745 
 730      5F626163 
 730      6B757053 
 731              	.LASF26:
 732 02b1 50574D5F 		.ascii	"PWM_H_BRIDGE_ReadPeriod\000"
 732      485F4252 
 732      49444745 
 732      5F526561 
 732      64506572 
 733              	.LASF2:
 734 02c9 73686F72 		.ascii	"short int\000"
 734      7420696E 
 734      7400
 735              	.LASF4:
 736 02d3 6C6F6E67 		.ascii	"long int\000"
 736      20696E74 
 736      00
 737              	.LASF27:
 738 02dc 50574D5F 		.ascii	"PWM_H_BRIDGE_ReadCounter\000"
 738      485F4252 
 738      49444745 
 738      5F526561 
 738      64436F75 
 739              	.LASF14:
 740 02f5 6C6F6E67 		.ascii	"long double\000"
 740      20646F75 
 740      626C6500 
 741              	.LASF0:
 742 0301 7369676E 		.ascii	"signed char\000"
 742      65642063 
 742      68617200 
 743              	.LASF25:
 744 030d 50574D5F 		.ascii	"PWM_H_BRIDGE_Wakeup\000"
 744      485F4252 
 744      49444745 
 744      5F57616B 
 744      65757000 
 745              	.LASF35:
 746 0321 47656E65 		.ascii	"Generated_Source\\PSoC5\\PWM_H_BRIDGE_PM.c\000"
 746      72617465 
 746      645F536F 
 746      75726365 
 746      5C50536F 
 747              	.LASF19:
 748 034a 496E7465 		.ascii	"InterruptMaskValue\000"
 748      72727570 
 748      744D6173 
 748      6B56616C 
 748      756500
 749              		.ident	"GCC: (GNU Tools for ARM Embedded Processors) 5.4.1 20160609 (release) [ARM/embedded-5-bran
