ARM GAS  C:\Users\rens_\AppData\Local\Temp\ccjGbBlT.s 			page 1


   1              		.syntax unified
   2              		.cpu cortex-m3
   3              		.fpu softvfp
   4              		.eabi_attribute 20, 1
   5              		.eabi_attribute 21, 1
   6              		.eabi_attribute 23, 3
   7              		.eabi_attribute 24, 1
   8              		.eabi_attribute 25, 1
   9              		.eabi_attribute 26, 1
  10              		.eabi_attribute 30, 4
  11              		.eabi_attribute 34, 1
  12              		.eabi_attribute 18, 4
  13              		.thumb
  14              		.syntax unified
  15              		.file	"UART_PM.c"
  16              		.text
  17              	.Ltext0:
  18              		.cfi_sections	.debug_frame
  19              		.section	.text.UART_SaveConfig,"ax",%progbits
  20              		.align	1
  21              		.global	UART_SaveConfig
  22              		.thumb
  23              		.thumb_func
  24              		.type	UART_SaveConfig, %function
  25              	UART_SaveConfig:
  26              	.LFB5:
  27              		.cfi_startproc
  28              		@ args = 0, pretend = 0, frame = 0
  29              		@ frame_needed = 0, uses_anonymous_args = 0
  30              		@ link register save eliminated.
  31 0000 7047     		bx	lr
  32              		.cfi_endproc
  33              	.LFE5:
  34              		.size	UART_SaveConfig, .-UART_SaveConfig
  35              		.section	.text.UART_RestoreConfig,"ax",%progbits
  36              		.align	1
  37              		.global	UART_RestoreConfig
  38              		.thumb
  39              		.thumb_func
  40              		.type	UART_RestoreConfig, %function
  41              	UART_RestoreConfig:
  42              	.LFB1:
  43              		.file 1 "Generated_Source\\PSoC5\\UART_PM.c"
   1:Generated_Source\PSoC5/UART_PM.c **** /*******************************************************************************
   2:Generated_Source\PSoC5/UART_PM.c **** * File Name: UART_PM.c
   3:Generated_Source\PSoC5/UART_PM.c **** * Version 2.50
   4:Generated_Source\PSoC5/UART_PM.c **** *
   5:Generated_Source\PSoC5/UART_PM.c **** * Description:
   6:Generated_Source\PSoC5/UART_PM.c **** *  This file provides Sleep/WakeUp APIs functionality.
   7:Generated_Source\PSoC5/UART_PM.c **** *
   8:Generated_Source\PSoC5/UART_PM.c **** * Note:
   9:Generated_Source\PSoC5/UART_PM.c **** *
  10:Generated_Source\PSoC5/UART_PM.c **** ********************************************************************************
  11:Generated_Source\PSoC5/UART_PM.c **** * Copyright 2008-2015, Cypress Semiconductor Corporation.  All rights reserved.
  12:Generated_Source\PSoC5/UART_PM.c **** * You may use this file only in accordance with the license, terms, conditions,
  13:Generated_Source\PSoC5/UART_PM.c **** * disclaimers, and limitations in the end user license agreement accompanying
  14:Generated_Source\PSoC5/UART_PM.c **** * the software package with which this file was provided.
ARM GAS  C:\Users\rens_\AppData\Local\Temp\ccjGbBlT.s 			page 2


  15:Generated_Source\PSoC5/UART_PM.c **** *******************************************************************************/
  16:Generated_Source\PSoC5/UART_PM.c **** 
  17:Generated_Source\PSoC5/UART_PM.c **** #include "UART.h"
  18:Generated_Source\PSoC5/UART_PM.c **** 
  19:Generated_Source\PSoC5/UART_PM.c **** 
  20:Generated_Source\PSoC5/UART_PM.c **** /***************************************
  21:Generated_Source\PSoC5/UART_PM.c **** * Local data allocation
  22:Generated_Source\PSoC5/UART_PM.c **** ***************************************/
  23:Generated_Source\PSoC5/UART_PM.c **** 
  24:Generated_Source\PSoC5/UART_PM.c **** static UART_BACKUP_STRUCT  UART_backup =
  25:Generated_Source\PSoC5/UART_PM.c **** {
  26:Generated_Source\PSoC5/UART_PM.c ****     /* enableState - disabled */
  27:Generated_Source\PSoC5/UART_PM.c ****     0u,
  28:Generated_Source\PSoC5/UART_PM.c **** };
  29:Generated_Source\PSoC5/UART_PM.c **** 
  30:Generated_Source\PSoC5/UART_PM.c **** 
  31:Generated_Source\PSoC5/UART_PM.c **** 
  32:Generated_Source\PSoC5/UART_PM.c **** /*******************************************************************************
  33:Generated_Source\PSoC5/UART_PM.c **** * Function Name: UART_SaveConfig
  34:Generated_Source\PSoC5/UART_PM.c **** ********************************************************************************
  35:Generated_Source\PSoC5/UART_PM.c **** *
  36:Generated_Source\PSoC5/UART_PM.c **** * Summary:
  37:Generated_Source\PSoC5/UART_PM.c **** *  This function saves the component nonretention control register.
  38:Generated_Source\PSoC5/UART_PM.c **** *  Does not save the FIFO which is a set of nonretention registers.
  39:Generated_Source\PSoC5/UART_PM.c **** *  This function is called by the UART_Sleep() function.
  40:Generated_Source\PSoC5/UART_PM.c **** *
  41:Generated_Source\PSoC5/UART_PM.c **** * Parameters:
  42:Generated_Source\PSoC5/UART_PM.c **** *  None.
  43:Generated_Source\PSoC5/UART_PM.c **** *
  44:Generated_Source\PSoC5/UART_PM.c **** * Return:
  45:Generated_Source\PSoC5/UART_PM.c **** *  None.
  46:Generated_Source\PSoC5/UART_PM.c **** *
  47:Generated_Source\PSoC5/UART_PM.c **** * Global Variables:
  48:Generated_Source\PSoC5/UART_PM.c **** *  UART_backup - modified when non-retention registers are saved.
  49:Generated_Source\PSoC5/UART_PM.c **** *
  50:Generated_Source\PSoC5/UART_PM.c **** * Reentrant:
  51:Generated_Source\PSoC5/UART_PM.c **** *  No.
  52:Generated_Source\PSoC5/UART_PM.c **** *
  53:Generated_Source\PSoC5/UART_PM.c **** *******************************************************************************/
  54:Generated_Source\PSoC5/UART_PM.c **** void UART_SaveConfig(void)
  55:Generated_Source\PSoC5/UART_PM.c **** {
  56:Generated_Source\PSoC5/UART_PM.c ****     #if(UART_CONTROL_REG_REMOVED == 0u)
  57:Generated_Source\PSoC5/UART_PM.c ****         UART_backup.cr = UART_CONTROL_REG;
  58:Generated_Source\PSoC5/UART_PM.c ****     #endif /* End UART_CONTROL_REG_REMOVED */
  59:Generated_Source\PSoC5/UART_PM.c **** }
  60:Generated_Source\PSoC5/UART_PM.c **** 
  61:Generated_Source\PSoC5/UART_PM.c **** 
  62:Generated_Source\PSoC5/UART_PM.c **** /*******************************************************************************
  63:Generated_Source\PSoC5/UART_PM.c **** * Function Name: UART_RestoreConfig
  64:Generated_Source\PSoC5/UART_PM.c **** ********************************************************************************
  65:Generated_Source\PSoC5/UART_PM.c **** *
  66:Generated_Source\PSoC5/UART_PM.c **** * Summary:
  67:Generated_Source\PSoC5/UART_PM.c **** *  Restores the nonretention control register except FIFO.
  68:Generated_Source\PSoC5/UART_PM.c **** *  Does not restore the FIFO which is a set of nonretention registers.
  69:Generated_Source\PSoC5/UART_PM.c **** *
  70:Generated_Source\PSoC5/UART_PM.c **** * Parameters:
  71:Generated_Source\PSoC5/UART_PM.c **** *  None.
ARM GAS  C:\Users\rens_\AppData\Local\Temp\ccjGbBlT.s 			page 3


  72:Generated_Source\PSoC5/UART_PM.c **** *
  73:Generated_Source\PSoC5/UART_PM.c **** * Return:
  74:Generated_Source\PSoC5/UART_PM.c **** *  None.
  75:Generated_Source\PSoC5/UART_PM.c **** *
  76:Generated_Source\PSoC5/UART_PM.c **** * Global Variables:
  77:Generated_Source\PSoC5/UART_PM.c **** *  UART_backup - used when non-retention registers are restored.
  78:Generated_Source\PSoC5/UART_PM.c **** *
  79:Generated_Source\PSoC5/UART_PM.c **** * Reentrant:
  80:Generated_Source\PSoC5/UART_PM.c **** *  No.
  81:Generated_Source\PSoC5/UART_PM.c **** *
  82:Generated_Source\PSoC5/UART_PM.c **** * Notes:
  83:Generated_Source\PSoC5/UART_PM.c **** *  If this function is called without calling UART_SaveConfig() 
  84:Generated_Source\PSoC5/UART_PM.c **** *  first, the data loaded may be incorrect.
  85:Generated_Source\PSoC5/UART_PM.c **** *
  86:Generated_Source\PSoC5/UART_PM.c **** *******************************************************************************/
  87:Generated_Source\PSoC5/UART_PM.c **** void UART_RestoreConfig(void)
  88:Generated_Source\PSoC5/UART_PM.c **** {
  44              		.loc 1 88 0
  45              		.cfi_startproc
  46              		@ args = 0, pretend = 0, frame = 0
  47              		@ frame_needed = 0, uses_anonymous_args = 0
  48              		@ link register save eliminated.
  49 0000 7047     		bx	lr
  50              		.cfi_endproc
  51              	.LFE1:
  52              		.size	UART_RestoreConfig, .-UART_RestoreConfig
  53              		.section	.text.UART_Sleep,"ax",%progbits
  54              		.align	1
  55              		.global	UART_Sleep
  56              		.thumb
  57              		.thumb_func
  58              		.type	UART_Sleep, %function
  59              	UART_Sleep:
  60              	.LFB2:
  89:Generated_Source\PSoC5/UART_PM.c ****     #if(UART_CONTROL_REG_REMOVED == 0u)
  90:Generated_Source\PSoC5/UART_PM.c ****         UART_CONTROL_REG = UART_backup.cr;
  91:Generated_Source\PSoC5/UART_PM.c ****     #endif /* End UART_CONTROL_REG_REMOVED */
  92:Generated_Source\PSoC5/UART_PM.c **** }
  93:Generated_Source\PSoC5/UART_PM.c **** 
  94:Generated_Source\PSoC5/UART_PM.c **** 
  95:Generated_Source\PSoC5/UART_PM.c **** /*******************************************************************************
  96:Generated_Source\PSoC5/UART_PM.c **** * Function Name: UART_Sleep
  97:Generated_Source\PSoC5/UART_PM.c **** ********************************************************************************
  98:Generated_Source\PSoC5/UART_PM.c **** *
  99:Generated_Source\PSoC5/UART_PM.c **** * Summary:
 100:Generated_Source\PSoC5/UART_PM.c **** *  This is the preferred API to prepare the component for sleep. 
 101:Generated_Source\PSoC5/UART_PM.c **** *  The UART_Sleep() API saves the current component state. Then it
 102:Generated_Source\PSoC5/UART_PM.c **** *  calls the UART_Stop() function and calls 
 103:Generated_Source\PSoC5/UART_PM.c **** *  UART_SaveConfig() to save the hardware configuration.
 104:Generated_Source\PSoC5/UART_PM.c **** *  Call the UART_Sleep() function before calling the CyPmSleep() 
 105:Generated_Source\PSoC5/UART_PM.c **** *  or the CyPmHibernate() function. 
 106:Generated_Source\PSoC5/UART_PM.c **** *
 107:Generated_Source\PSoC5/UART_PM.c **** * Parameters:
 108:Generated_Source\PSoC5/UART_PM.c **** *  None.
 109:Generated_Source\PSoC5/UART_PM.c **** *
 110:Generated_Source\PSoC5/UART_PM.c **** * Return:
 111:Generated_Source\PSoC5/UART_PM.c **** *  None.
ARM GAS  C:\Users\rens_\AppData\Local\Temp\ccjGbBlT.s 			page 4


 112:Generated_Source\PSoC5/UART_PM.c **** *
 113:Generated_Source\PSoC5/UART_PM.c **** * Global Variables:
 114:Generated_Source\PSoC5/UART_PM.c **** *  UART_backup - modified when non-retention registers are saved.
 115:Generated_Source\PSoC5/UART_PM.c **** *
 116:Generated_Source\PSoC5/UART_PM.c **** * Reentrant:
 117:Generated_Source\PSoC5/UART_PM.c **** *  No.
 118:Generated_Source\PSoC5/UART_PM.c **** *
 119:Generated_Source\PSoC5/UART_PM.c **** *******************************************************************************/
 120:Generated_Source\PSoC5/UART_PM.c **** void UART_Sleep(void)
 121:Generated_Source\PSoC5/UART_PM.c **** {
  61              		.loc 1 121 0
  62              		.cfi_startproc
  63              		@ args = 0, pretend = 0, frame = 0
  64              		@ frame_needed = 0, uses_anonymous_args = 0
  65              		@ link register save eliminated.
 122:Generated_Source\PSoC5/UART_PM.c ****     #if(UART_RX_ENABLED || UART_HD_ENABLED)
 123:Generated_Source\PSoC5/UART_PM.c ****         if((UART_RXSTATUS_ACTL_REG  & UART_INT_ENABLE) != 0u)
  66              		.loc 1 123 0
  67 0000 064B     		ldr	r3, .L7
  68 0002 074A     		ldr	r2, .L7+4
  69 0004 1B78     		ldrb	r3, [r3]	@ zero_extendqisi2
  70 0006 03F01003 		and	r3, r3, #16
  71 000a 03F0FF01 		and	r1, r3, #255
  72 000e 13B1     		cbz	r3, .L4
 124:Generated_Source\PSoC5/UART_PM.c ****         {
 125:Generated_Source\PSoC5/UART_PM.c ****             UART_backup.enableState = 1u;
  73              		.loc 1 125 0
  74 0010 0123     		movs	r3, #1
  75 0012 1370     		strb	r3, [r2]
  76 0014 00E0     		b	.L5
  77              	.L4:
 126:Generated_Source\PSoC5/UART_PM.c ****         }
 127:Generated_Source\PSoC5/UART_PM.c ****         else
 128:Generated_Source\PSoC5/UART_PM.c ****         {
 129:Generated_Source\PSoC5/UART_PM.c ****             UART_backup.enableState = 0u;
  78              		.loc 1 129 0
  79 0016 1170     		strb	r1, [r2]
  80              	.L5:
 130:Generated_Source\PSoC5/UART_PM.c ****         }
 131:Generated_Source\PSoC5/UART_PM.c ****     #else
 132:Generated_Source\PSoC5/UART_PM.c ****         if((UART_TXSTATUS_ACTL_REG  & UART_INT_ENABLE) !=0u)
 133:Generated_Source\PSoC5/UART_PM.c ****         {
 134:Generated_Source\PSoC5/UART_PM.c ****             UART_backup.enableState = 1u;
 135:Generated_Source\PSoC5/UART_PM.c ****         }
 136:Generated_Source\PSoC5/UART_PM.c ****         else
 137:Generated_Source\PSoC5/UART_PM.c ****         {
 138:Generated_Source\PSoC5/UART_PM.c ****             UART_backup.enableState = 0u;
 139:Generated_Source\PSoC5/UART_PM.c ****         }
 140:Generated_Source\PSoC5/UART_PM.c ****     #endif /* End UART_RX_ENABLED || UART_HD_ENABLED*/
 141:Generated_Source\PSoC5/UART_PM.c **** 
 142:Generated_Source\PSoC5/UART_PM.c ****     UART_Stop();
  81              		.loc 1 142 0
  82 0018 FFF7FEBF 		b	UART_Stop
  83              	.LVL0:
  84              	.L8:
  85              		.align	2
  86              	.L7:
ARM GAS  C:\Users\rens_\AppData\Local\Temp\ccjGbBlT.s 			page 5


  87 001c 9A650040 		.word	1073767834
  88 0020 00000000 		.word	.LANCHOR0
  89              		.cfi_endproc
  90              	.LFE2:
  91              		.size	UART_Sleep, .-UART_Sleep
  92              		.section	.text.UART_Wakeup,"ax",%progbits
  93              		.align	1
  94              		.global	UART_Wakeup
  95              		.thumb
  96              		.thumb_func
  97              		.type	UART_Wakeup, %function
  98              	UART_Wakeup:
  99              	.LFB3:
 143:Generated_Source\PSoC5/UART_PM.c ****     UART_SaveConfig();
 144:Generated_Source\PSoC5/UART_PM.c **** }
 145:Generated_Source\PSoC5/UART_PM.c **** 
 146:Generated_Source\PSoC5/UART_PM.c **** 
 147:Generated_Source\PSoC5/UART_PM.c **** /*******************************************************************************
 148:Generated_Source\PSoC5/UART_PM.c **** * Function Name: UART_Wakeup
 149:Generated_Source\PSoC5/UART_PM.c **** ********************************************************************************
 150:Generated_Source\PSoC5/UART_PM.c **** *
 151:Generated_Source\PSoC5/UART_PM.c **** * Summary:
 152:Generated_Source\PSoC5/UART_PM.c **** *  This is the preferred API to restore the component to the state when 
 153:Generated_Source\PSoC5/UART_PM.c **** *  UART_Sleep() was called. The UART_Wakeup() function
 154:Generated_Source\PSoC5/UART_PM.c **** *  calls the UART_RestoreConfig() function to restore the 
 155:Generated_Source\PSoC5/UART_PM.c **** *  configuration. If the component was enabled before the 
 156:Generated_Source\PSoC5/UART_PM.c **** *  UART_Sleep() function was called, the UART_Wakeup()
 157:Generated_Source\PSoC5/UART_PM.c **** *  function will also re-enable the component.
 158:Generated_Source\PSoC5/UART_PM.c **** *
 159:Generated_Source\PSoC5/UART_PM.c **** * Parameters:
 160:Generated_Source\PSoC5/UART_PM.c **** *  None.
 161:Generated_Source\PSoC5/UART_PM.c **** *
 162:Generated_Source\PSoC5/UART_PM.c **** * Return:
 163:Generated_Source\PSoC5/UART_PM.c **** *  None.
 164:Generated_Source\PSoC5/UART_PM.c **** *
 165:Generated_Source\PSoC5/UART_PM.c **** * Global Variables:
 166:Generated_Source\PSoC5/UART_PM.c **** *  UART_backup - used when non-retention registers are restored.
 167:Generated_Source\PSoC5/UART_PM.c **** *
 168:Generated_Source\PSoC5/UART_PM.c **** * Reentrant:
 169:Generated_Source\PSoC5/UART_PM.c **** *  No.
 170:Generated_Source\PSoC5/UART_PM.c **** *
 171:Generated_Source\PSoC5/UART_PM.c **** *******************************************************************************/
 172:Generated_Source\PSoC5/UART_PM.c **** void UART_Wakeup(void)
 173:Generated_Source\PSoC5/UART_PM.c **** {
 100              		.loc 1 173 0
 101              		.cfi_startproc
 102              		@ args = 0, pretend = 0, frame = 0
 103              		@ frame_needed = 0, uses_anonymous_args = 0
 104 0000 08B5     		push	{r3, lr}
 105              		.cfi_def_cfa_offset 8
 106              		.cfi_offset 3, -8
 107              		.cfi_offset 14, -4
 174:Generated_Source\PSoC5/UART_PM.c ****     UART_RestoreConfig();
 175:Generated_Source\PSoC5/UART_PM.c ****     #if( (UART_RX_ENABLED) || (UART_HD_ENABLED) )
 176:Generated_Source\PSoC5/UART_PM.c ****         UART_ClearRxBuffer();
 108              		.loc 1 176 0
 109 0002 FFF7FEFF 		bl	UART_ClearRxBuffer
ARM GAS  C:\Users\rens_\AppData\Local\Temp\ccjGbBlT.s 			page 6


 110              	.LVL1:
 177:Generated_Source\PSoC5/UART_PM.c ****     #endif /* End (UART_RX_ENABLED) || (UART_HD_ENABLED) */
 178:Generated_Source\PSoC5/UART_PM.c ****     #if(UART_TX_ENABLED || UART_HD_ENABLED)
 179:Generated_Source\PSoC5/UART_PM.c ****         UART_ClearTxBuffer();
 111              		.loc 1 179 0
 112 0006 FFF7FEFF 		bl	UART_ClearTxBuffer
 113              	.LVL2:
 180:Generated_Source\PSoC5/UART_PM.c ****     #endif /* End UART_TX_ENABLED || UART_HD_ENABLED */
 181:Generated_Source\PSoC5/UART_PM.c **** 
 182:Generated_Source\PSoC5/UART_PM.c ****     if(UART_backup.enableState != 0u)
 114              		.loc 1 182 0
 115 000a 044B     		ldr	r3, .L11
 116 000c 1B78     		ldrb	r3, [r3]	@ zero_extendqisi2
 117 000e 1BB1     		cbz	r3, .L9
 183:Generated_Source\PSoC5/UART_PM.c ****     {
 184:Generated_Source\PSoC5/UART_PM.c ****         UART_Enable();
 185:Generated_Source\PSoC5/UART_PM.c ****     }
 186:Generated_Source\PSoC5/UART_PM.c **** }
 118              		.loc 1 186 0
 119 0010 BDE80840 		pop	{r3, lr}
 120              		.cfi_remember_state
 121              		.cfi_restore 14
 122              		.cfi_restore 3
 123              		.cfi_def_cfa_offset 0
 184:Generated_Source\PSoC5/UART_PM.c ****     }
 124              		.loc 1 184 0
 125 0014 FFF7FEBF 		b	UART_Enable
 126              	.LVL3:
 127              	.L9:
 128              		.cfi_restore_state
 129 0018 08BD     		pop	{r3, pc}
 130              	.L12:
 131 001a 00BF     		.align	2
 132              	.L11:
 133 001c 00000000 		.word	.LANCHOR0
 134              		.cfi_endproc
 135              	.LFE3:
 136              		.size	UART_Wakeup, .-UART_Wakeup
 137              		.bss
 138              		.set	.LANCHOR0,. + 0
 139              		.type	UART_backup, %object
 140              		.size	UART_backup, 1
 141              	UART_backup:
 142 0000 00       		.space	1
 143              		.text
 144              	.Letext0:
 145              		.file 2 "Generated_Source\\PSoC5\\cytypes.h"
 146              		.file 3 "Generated_Source\\PSoC5\\UART.h"
 147              		.section	.debug_info,"",%progbits
 148              	.Ldebug_info0:
 149 0000 78010000 		.4byte	0x178
 150 0004 0400     		.2byte	0x4
 151 0006 00000000 		.4byte	.Ldebug_abbrev0
 152 000a 04       		.byte	0x4
 153 000b 01       		.uleb128 0x1
 154 000c C4000000 		.4byte	.LASF25
 155 0010 0C       		.byte	0xc
ARM GAS  C:\Users\rens_\AppData\Local\Temp\ccjGbBlT.s 			page 7


 156 0011 30020000 		.4byte	.LASF26
 157 0015 54000000 		.4byte	.LASF27
 158 0019 00000000 		.4byte	.Ldebug_ranges0+0
 159 001d 00000000 		.4byte	0
 160 0021 00000000 		.4byte	.Ldebug_line0
 161 0025 02       		.uleb128 0x2
 162 0026 01       		.byte	0x1
 163 0027 06       		.byte	0x6
 164 0028 24020000 		.4byte	.LASF0
 165 002c 02       		.uleb128 0x2
 166 002d 01       		.byte	0x1
 167 002e 08       		.byte	0x8
 168 002f B1000000 		.4byte	.LASF1
 169 0033 02       		.uleb128 0x2
 170 0034 02       		.byte	0x2
 171 0035 05       		.byte	0x5
 172 0036 DA010000 		.4byte	.LASF2
 173 003a 02       		.uleb128 0x2
 174 003b 02       		.byte	0x2
 175 003c 07       		.byte	0x7
 176 003d 23000000 		.4byte	.LASF3
 177 0041 02       		.uleb128 0x2
 178 0042 04       		.byte	0x4
 179 0043 05       		.byte	0x5
 180 0044 03020000 		.4byte	.LASF4
 181 0048 02       		.uleb128 0x2
 182 0049 04       		.byte	0x4
 183 004a 07       		.byte	0x7
 184 004b 5F010000 		.4byte	.LASF5
 185 004f 02       		.uleb128 0x2
 186 0050 08       		.byte	0x8
 187 0051 05       		.byte	0x5
 188 0052 B4010000 		.4byte	.LASF6
 189 0056 02       		.uleb128 0x2
 190 0057 08       		.byte	0x8
 191 0058 07       		.byte	0x7
 192 0059 7E010000 		.4byte	.LASF7
 193 005d 03       		.uleb128 0x3
 194 005e 04       		.byte	0x4
 195 005f 05       		.byte	0x5
 196 0060 696E7400 		.ascii	"int\000"
 197 0064 02       		.uleb128 0x2
 198 0065 04       		.byte	0x4
 199 0066 07       		.byte	0x7
 200 0067 71010000 		.4byte	.LASF8
 201 006b 04       		.uleb128 0x4
 202 006c 52010000 		.4byte	.LASF12
 203 0070 02       		.byte	0x2
 204 0071 9201     		.2byte	0x192
 205 0073 2C000000 		.4byte	0x2c
 206 0077 02       		.uleb128 0x2
 207 0078 04       		.byte	0x4
 208 0079 04       		.byte	0x4
 209 007a 9F000000 		.4byte	.LASF9
 210 007e 02       		.uleb128 0x2
 211 007f 08       		.byte	0x8
 212 0080 04       		.byte	0x4
ARM GAS  C:\Users\rens_\AppData\Local\Temp\ccjGbBlT.s 			page 8


 213 0081 58010000 		.4byte	.LASF10
 214 0085 02       		.uleb128 0x2
 215 0086 01       		.byte	0x1
 216 0087 08       		.byte	0x8
 217 0088 C2010000 		.4byte	.LASF11
 218 008c 04       		.uleb128 0x4
 219 008d BF000000 		.4byte	.LASF13
 220 0091 02       		.byte	0x2
 221 0092 3C02     		.2byte	0x23c
 222 0094 98000000 		.4byte	0x98
 223 0098 05       		.uleb128 0x5
 224 0099 6B000000 		.4byte	0x6b
 225 009d 02       		.uleb128 0x2
 226 009e 08       		.byte	0x8
 227 009f 04       		.byte	0x4
 228 00a0 18020000 		.4byte	.LASF14
 229 00a4 02       		.uleb128 0x2
 230 00a5 04       		.byte	0x4
 231 00a6 07       		.byte	0x7
 232 00a7 AB010000 		.4byte	.LASF15
 233 00ab 06       		.uleb128 0x6
 234 00ac C7010000 		.4byte	.LASF28
 235 00b0 01       		.byte	0x1
 236 00b1 03       		.byte	0x3
 237 00b2 45       		.byte	0x45
 238 00b3 C4000000 		.4byte	0xc4
 239 00b7 07       		.uleb128 0x7
 240 00b8 0C020000 		.4byte	.LASF29
 241 00bc 03       		.byte	0x3
 242 00bd 47       		.byte	0x47
 243 00be 6B000000 		.4byte	0x6b
 244 00c2 00       		.byte	0
 245 00c3 00       		.byte	0
 246 00c4 08       		.uleb128 0x8
 247 00c5 51020000 		.4byte	.LASF16
 248 00c9 03       		.byte	0x3
 249 00ca 4D       		.byte	0x4d
 250 00cb AB000000 		.4byte	0xab
 251 00cf 09       		.uleb128 0x9
 252 00d0 00000000 		.4byte	.LASF17
 253 00d4 01       		.byte	0x1
 254 00d5 36       		.byte	0x36
 255 00d6 01       		.byte	0x1
 256 00d7 09       		.uleb128 0x9
 257 00d8 10000000 		.4byte	.LASF18
 258 00dc 01       		.byte	0x1
 259 00dd 57       		.byte	0x57
 260 00de 01       		.byte	0x1
 261 00df 0A       		.uleb128 0xa
 262 00e0 D7000000 		.4byte	0xd7
 263 00e4 00000000 		.4byte	.LFB1
 264 00e8 02000000 		.4byte	.LFE1-.LFB1
 265 00ec 01       		.uleb128 0x1
 266 00ed 9C       		.byte	0x9c
 267 00ee 0B       		.uleb128 0xb
 268 00ef 49000000 		.4byte	.LASF19
 269 00f3 01       		.byte	0x1
ARM GAS  C:\Users\rens_\AppData\Local\Temp\ccjGbBlT.s 			page 9


 270 00f4 78       		.byte	0x78
 271 00f5 00000000 		.4byte	.LFB2
 272 00f9 24000000 		.4byte	.LFE2-.LFB2
 273 00fd 01       		.uleb128 0x1
 274 00fe 9C       		.byte	0x9c
 275 00ff 0D010000 		.4byte	0x10d
 276 0103 0C       		.uleb128 0xc
 277 0104 1C000000 		.4byte	.LVL0
 278 0108 4F010000 		.4byte	0x14f
 279 010c 00       		.byte	0
 280 010d 0B       		.uleb128 0xb
 281 010e F7010000 		.4byte	.LASF20
 282 0112 01       		.byte	0x1
 283 0113 AC       		.byte	0xac
 284 0114 00000000 		.4byte	.LFB3
 285 0118 20000000 		.4byte	.LFE3-.LFB3
 286 011c 01       		.uleb128 0x1
 287 011d 9C       		.byte	0x9c
 288 011e 3E010000 		.4byte	0x13e
 289 0122 0D       		.uleb128 0xd
 290 0123 06000000 		.4byte	.LVL1
 291 0127 5A010000 		.4byte	0x15a
 292 012b 0D       		.uleb128 0xd
 293 012c 0A000000 		.4byte	.LVL2
 294 0130 65010000 		.4byte	0x165
 295 0134 0C       		.uleb128 0xc
 296 0135 18000000 		.4byte	.LVL3
 297 0139 70010000 		.4byte	0x170
 298 013d 00       		.byte	0
 299 013e 0E       		.uleb128 0xe
 300 013f 95010000 		.4byte	.LASF30
 301 0143 01       		.byte	0x1
 302 0144 18       		.byte	0x18
 303 0145 C4000000 		.4byte	0xc4
 304 0149 05       		.uleb128 0x5
 305 014a 03       		.byte	0x3
 306 014b 00000000 		.4byte	UART_backup
 307 014f 0F       		.uleb128 0xf
 308 0150 A1010000 		.4byte	.LASF21
 309 0154 A1010000 		.4byte	.LASF21
 310 0158 03       		.byte	0x3
 311 0159 55       		.byte	0x55
 312 015a 0F       		.uleb128 0xf
 313 015b 36000000 		.4byte	.LASF22
 314 015f 36000000 		.4byte	.LASF22
 315 0163 03       		.byte	0x3
 316 0164 75       		.byte	0x75
 317 0165 0F       		.uleb128 0xf
 318 0166 E4010000 		.4byte	.LASF23
 319 016a E4010000 		.4byte	.LASF23
 320 016e 03       		.byte	0x3
 321 016f 8F       		.byte	0x8f
 322 0170 0F       		.uleb128 0xf
 323 0171 A5000000 		.4byte	.LASF24
 324 0175 A5000000 		.4byte	.LASF24
 325 0179 03       		.byte	0x3
 326 017a 5A       		.byte	0x5a
ARM GAS  C:\Users\rens_\AppData\Local\Temp\ccjGbBlT.s 			page 10


 327 017b 00       		.byte	0
 328              		.section	.debug_abbrev,"",%progbits
 329              	.Ldebug_abbrev0:
 330 0000 01       		.uleb128 0x1
 331 0001 11       		.uleb128 0x11
 332 0002 01       		.byte	0x1
 333 0003 25       		.uleb128 0x25
 334 0004 0E       		.uleb128 0xe
 335 0005 13       		.uleb128 0x13
 336 0006 0B       		.uleb128 0xb
 337 0007 03       		.uleb128 0x3
 338 0008 0E       		.uleb128 0xe
 339 0009 1B       		.uleb128 0x1b
 340 000a 0E       		.uleb128 0xe
 341 000b 55       		.uleb128 0x55
 342 000c 17       		.uleb128 0x17
 343 000d 11       		.uleb128 0x11
 344 000e 01       		.uleb128 0x1
 345 000f 10       		.uleb128 0x10
 346 0010 17       		.uleb128 0x17
 347 0011 00       		.byte	0
 348 0012 00       		.byte	0
 349 0013 02       		.uleb128 0x2
 350 0014 24       		.uleb128 0x24
 351 0015 00       		.byte	0
 352 0016 0B       		.uleb128 0xb
 353 0017 0B       		.uleb128 0xb
 354 0018 3E       		.uleb128 0x3e
 355 0019 0B       		.uleb128 0xb
 356 001a 03       		.uleb128 0x3
 357 001b 0E       		.uleb128 0xe
 358 001c 00       		.byte	0
 359 001d 00       		.byte	0
 360 001e 03       		.uleb128 0x3
 361 001f 24       		.uleb128 0x24
 362 0020 00       		.byte	0
 363 0021 0B       		.uleb128 0xb
 364 0022 0B       		.uleb128 0xb
 365 0023 3E       		.uleb128 0x3e
 366 0024 0B       		.uleb128 0xb
 367 0025 03       		.uleb128 0x3
 368 0026 08       		.uleb128 0x8
 369 0027 00       		.byte	0
 370 0028 00       		.byte	0
 371 0029 04       		.uleb128 0x4
 372 002a 16       		.uleb128 0x16
 373 002b 00       		.byte	0
 374 002c 03       		.uleb128 0x3
 375 002d 0E       		.uleb128 0xe
 376 002e 3A       		.uleb128 0x3a
 377 002f 0B       		.uleb128 0xb
 378 0030 3B       		.uleb128 0x3b
 379 0031 05       		.uleb128 0x5
 380 0032 49       		.uleb128 0x49
 381 0033 13       		.uleb128 0x13
 382 0034 00       		.byte	0
 383 0035 00       		.byte	0
ARM GAS  C:\Users\rens_\AppData\Local\Temp\ccjGbBlT.s 			page 11


 384 0036 05       		.uleb128 0x5
 385 0037 35       		.uleb128 0x35
 386 0038 00       		.byte	0
 387 0039 49       		.uleb128 0x49
 388 003a 13       		.uleb128 0x13
 389 003b 00       		.byte	0
 390 003c 00       		.byte	0
 391 003d 06       		.uleb128 0x6
 392 003e 13       		.uleb128 0x13
 393 003f 01       		.byte	0x1
 394 0040 03       		.uleb128 0x3
 395 0041 0E       		.uleb128 0xe
 396 0042 0B       		.uleb128 0xb
 397 0043 0B       		.uleb128 0xb
 398 0044 3A       		.uleb128 0x3a
 399 0045 0B       		.uleb128 0xb
 400 0046 3B       		.uleb128 0x3b
 401 0047 0B       		.uleb128 0xb
 402 0048 01       		.uleb128 0x1
 403 0049 13       		.uleb128 0x13
 404 004a 00       		.byte	0
 405 004b 00       		.byte	0
 406 004c 07       		.uleb128 0x7
 407 004d 0D       		.uleb128 0xd
 408 004e 00       		.byte	0
 409 004f 03       		.uleb128 0x3
 410 0050 0E       		.uleb128 0xe
 411 0051 3A       		.uleb128 0x3a
 412 0052 0B       		.uleb128 0xb
 413 0053 3B       		.uleb128 0x3b
 414 0054 0B       		.uleb128 0xb
 415 0055 49       		.uleb128 0x49
 416 0056 13       		.uleb128 0x13
 417 0057 38       		.uleb128 0x38
 418 0058 0B       		.uleb128 0xb
 419 0059 00       		.byte	0
 420 005a 00       		.byte	0
 421 005b 08       		.uleb128 0x8
 422 005c 16       		.uleb128 0x16
 423 005d 00       		.byte	0
 424 005e 03       		.uleb128 0x3
 425 005f 0E       		.uleb128 0xe
 426 0060 3A       		.uleb128 0x3a
 427 0061 0B       		.uleb128 0xb
 428 0062 3B       		.uleb128 0x3b
 429 0063 0B       		.uleb128 0xb
 430 0064 49       		.uleb128 0x49
 431 0065 13       		.uleb128 0x13
 432 0066 00       		.byte	0
 433 0067 00       		.byte	0
 434 0068 09       		.uleb128 0x9
 435 0069 2E       		.uleb128 0x2e
 436 006a 00       		.byte	0
 437 006b 3F       		.uleb128 0x3f
 438 006c 19       		.uleb128 0x19
 439 006d 03       		.uleb128 0x3
 440 006e 0E       		.uleb128 0xe
ARM GAS  C:\Users\rens_\AppData\Local\Temp\ccjGbBlT.s 			page 12


 441 006f 3A       		.uleb128 0x3a
 442 0070 0B       		.uleb128 0xb
 443 0071 3B       		.uleb128 0x3b
 444 0072 0B       		.uleb128 0xb
 445 0073 27       		.uleb128 0x27
 446 0074 19       		.uleb128 0x19
 447 0075 20       		.uleb128 0x20
 448 0076 0B       		.uleb128 0xb
 449 0077 00       		.byte	0
 450 0078 00       		.byte	0
 451 0079 0A       		.uleb128 0xa
 452 007a 2E       		.uleb128 0x2e
 453 007b 00       		.byte	0
 454 007c 31       		.uleb128 0x31
 455 007d 13       		.uleb128 0x13
 456 007e 11       		.uleb128 0x11
 457 007f 01       		.uleb128 0x1
 458 0080 12       		.uleb128 0x12
 459 0081 06       		.uleb128 0x6
 460 0082 40       		.uleb128 0x40
 461 0083 18       		.uleb128 0x18
 462 0084 9742     		.uleb128 0x2117
 463 0086 19       		.uleb128 0x19
 464 0087 00       		.byte	0
 465 0088 00       		.byte	0
 466 0089 0B       		.uleb128 0xb
 467 008a 2E       		.uleb128 0x2e
 468 008b 01       		.byte	0x1
 469 008c 3F       		.uleb128 0x3f
 470 008d 19       		.uleb128 0x19
 471 008e 03       		.uleb128 0x3
 472 008f 0E       		.uleb128 0xe
 473 0090 3A       		.uleb128 0x3a
 474 0091 0B       		.uleb128 0xb
 475 0092 3B       		.uleb128 0x3b
 476 0093 0B       		.uleb128 0xb
 477 0094 27       		.uleb128 0x27
 478 0095 19       		.uleb128 0x19
 479 0096 11       		.uleb128 0x11
 480 0097 01       		.uleb128 0x1
 481 0098 12       		.uleb128 0x12
 482 0099 06       		.uleb128 0x6
 483 009a 40       		.uleb128 0x40
 484 009b 18       		.uleb128 0x18
 485 009c 9742     		.uleb128 0x2117
 486 009e 19       		.uleb128 0x19
 487 009f 01       		.uleb128 0x1
 488 00a0 13       		.uleb128 0x13
 489 00a1 00       		.byte	0
 490 00a2 00       		.byte	0
 491 00a3 0C       		.uleb128 0xc
 492 00a4 898201   		.uleb128 0x4109
 493 00a7 00       		.byte	0
 494 00a8 11       		.uleb128 0x11
 495 00a9 01       		.uleb128 0x1
 496 00aa 9542     		.uleb128 0x2115
 497 00ac 19       		.uleb128 0x19
ARM GAS  C:\Users\rens_\AppData\Local\Temp\ccjGbBlT.s 			page 13


 498 00ad 31       		.uleb128 0x31
 499 00ae 13       		.uleb128 0x13
 500 00af 00       		.byte	0
 501 00b0 00       		.byte	0
 502 00b1 0D       		.uleb128 0xd
 503 00b2 898201   		.uleb128 0x4109
 504 00b5 00       		.byte	0
 505 00b6 11       		.uleb128 0x11
 506 00b7 01       		.uleb128 0x1
 507 00b8 31       		.uleb128 0x31
 508 00b9 13       		.uleb128 0x13
 509 00ba 00       		.byte	0
 510 00bb 00       		.byte	0
 511 00bc 0E       		.uleb128 0xe
 512 00bd 34       		.uleb128 0x34
 513 00be 00       		.byte	0
 514 00bf 03       		.uleb128 0x3
 515 00c0 0E       		.uleb128 0xe
 516 00c1 3A       		.uleb128 0x3a
 517 00c2 0B       		.uleb128 0xb
 518 00c3 3B       		.uleb128 0x3b
 519 00c4 0B       		.uleb128 0xb
 520 00c5 49       		.uleb128 0x49
 521 00c6 13       		.uleb128 0x13
 522 00c7 02       		.uleb128 0x2
 523 00c8 18       		.uleb128 0x18
 524 00c9 00       		.byte	0
 525 00ca 00       		.byte	0
 526 00cb 0F       		.uleb128 0xf
 527 00cc 2E       		.uleb128 0x2e
 528 00cd 00       		.byte	0
 529 00ce 3F       		.uleb128 0x3f
 530 00cf 19       		.uleb128 0x19
 531 00d0 3C       		.uleb128 0x3c
 532 00d1 19       		.uleb128 0x19
 533 00d2 6E       		.uleb128 0x6e
 534 00d3 0E       		.uleb128 0xe
 535 00d4 03       		.uleb128 0x3
 536 00d5 0E       		.uleb128 0xe
 537 00d6 3A       		.uleb128 0x3a
 538 00d7 0B       		.uleb128 0xb
 539 00d8 3B       		.uleb128 0x3b
 540 00d9 0B       		.uleb128 0xb
 541 00da 00       		.byte	0
 542 00db 00       		.byte	0
 543 00dc 00       		.byte	0
 544              		.section	.debug_aranges,"",%progbits
 545 0000 2C000000 		.4byte	0x2c
 546 0004 0200     		.2byte	0x2
 547 0006 00000000 		.4byte	.Ldebug_info0
 548 000a 04       		.byte	0x4
 549 000b 00       		.byte	0
 550 000c 0000     		.2byte	0
 551 000e 0000     		.2byte	0
 552 0010 00000000 		.4byte	.LFB1
 553 0014 02000000 		.4byte	.LFE1-.LFB1
 554 0018 00000000 		.4byte	.LFB2
ARM GAS  C:\Users\rens_\AppData\Local\Temp\ccjGbBlT.s 			page 14


 555 001c 24000000 		.4byte	.LFE2-.LFB2
 556 0020 00000000 		.4byte	.LFB3
 557 0024 20000000 		.4byte	.LFE3-.LFB3
 558 0028 00000000 		.4byte	0
 559 002c 00000000 		.4byte	0
 560              		.section	.debug_ranges,"",%progbits
 561              	.Ldebug_ranges0:
 562 0000 00000000 		.4byte	.LFB1
 563 0004 02000000 		.4byte	.LFE1
 564 0008 00000000 		.4byte	.LFB2
 565 000c 24000000 		.4byte	.LFE2
 566 0010 00000000 		.4byte	.LFB3
 567 0014 20000000 		.4byte	.LFE3
 568 0018 00000000 		.4byte	0
 569 001c 00000000 		.4byte	0
 570              		.section	.debug_line,"",%progbits
 571              	.Ldebug_line0:
 572 0000 8F000000 		.section	.debug_str,"MS",%progbits,1
 572      02004E00 
 572      00000201 
 572      FB0E0D00 
 572      01010101 
 573              	.LASF17:
 574 0000 55415254 		.ascii	"UART_SaveConfig\000"
 574      5F536176 
 574      65436F6E 
 574      66696700 
 575              	.LASF18:
 576 0010 55415254 		.ascii	"UART_RestoreConfig\000"
 576      5F526573 
 576      746F7265 
 576      436F6E66 
 576      696700
 577              	.LASF3:
 578 0023 73686F72 		.ascii	"short unsigned int\000"
 578      7420756E 
 578      7369676E 
 578      65642069 
 578      6E7400
 579              	.LASF22:
 580 0036 55415254 		.ascii	"UART_ClearRxBuffer\000"
 580      5F436C65 
 580      61725278 
 580      42756666 
 580      657200
 581              	.LASF19:
 582 0049 55415254 		.ascii	"UART_Sleep\000"
 582      5F536C65 
 582      657000
 583              	.LASF27:
 584 0054 433A5C55 		.ascii	"C:\\Users\\rens_\\Documents\\platooning\\PSoC\\Plat"
 584      73657273 
 584      5C72656E 
 584      735F5C44 
 584      6F63756D 
 585 0081 6F6F6E69 		.ascii	"ooning\\AngleMeasurement.cydsn\000"
 585      6E675C41 
ARM GAS  C:\Users\rens_\AppData\Local\Temp\ccjGbBlT.s 			page 15


 585      6E676C65 
 585      4D656173 
 585      7572656D 
 586              	.LASF9:
 587 009f 666C6F61 		.ascii	"float\000"
 587      7400
 588              	.LASF24:
 589 00a5 55415254 		.ascii	"UART_Enable\000"
 589      5F456E61 
 589      626C6500 
 590              	.LASF1:
 591 00b1 756E7369 		.ascii	"unsigned char\000"
 591      676E6564 
 591      20636861 
 591      7200
 592              	.LASF13:
 593 00bf 72656738 		.ascii	"reg8\000"
 593      00
 594              	.LASF25:
 595 00c4 474E5520 		.ascii	"GNU C11 5.4.1 20160609 (release) [ARM/embedded-5-br"
 595      43313120 
 595      352E342E 
 595      31203230 
 595      31363036 
 596 00f7 616E6368 		.ascii	"anch revision 237715] -mcpu=cortex-m3 -mthumb -g -O"
 596      20726576 
 596      6973696F 
 596      6E203233 
 596      37373135 
 597 012a 73202D66 		.ascii	"s -ffunction-sections -ffat-lto-objects\000"
 597      66756E63 
 597      74696F6E 
 597      2D736563 
 597      74696F6E 
 598              	.LASF12:
 599 0152 75696E74 		.ascii	"uint8\000"
 599      3800
 600              	.LASF10:
 601 0158 646F7562 		.ascii	"double\000"
 601      6C6500
 602              	.LASF5:
 603 015f 6C6F6E67 		.ascii	"long unsigned int\000"
 603      20756E73 
 603      69676E65 
 603      6420696E 
 603      7400
 604              	.LASF8:
 605 0171 756E7369 		.ascii	"unsigned int\000"
 605      676E6564 
 605      20696E74 
 605      00
 606              	.LASF7:
 607 017e 6C6F6E67 		.ascii	"long long unsigned int\000"
 607      206C6F6E 
 607      6720756E 
 607      7369676E 
 607      65642069 
ARM GAS  C:\Users\rens_\AppData\Local\Temp\ccjGbBlT.s 			page 16


 608              	.LASF30:
 609 0195 55415254 		.ascii	"UART_backup\000"
 609      5F626163 
 609      6B757000 
 610              	.LASF21:
 611 01a1 55415254 		.ascii	"UART_Stop\000"
 611      5F53746F 
 611      7000
 612              	.LASF15:
 613 01ab 73697A65 		.ascii	"sizetype\000"
 613      74797065 
 613      00
 614              	.LASF6:
 615 01b4 6C6F6E67 		.ascii	"long long int\000"
 615      206C6F6E 
 615      6720696E 
 615      7400
 616              	.LASF11:
 617 01c2 63686172 		.ascii	"char\000"
 617      00
 618              	.LASF28:
 619 01c7 55415254 		.ascii	"UART_backupStruct_\000"
 619      5F626163 
 619      6B757053 
 619      74727563 
 619      745F00
 620              	.LASF2:
 621 01da 73686F72 		.ascii	"short int\000"
 621      7420696E 
 621      7400
 622              	.LASF23:
 623 01e4 55415254 		.ascii	"UART_ClearTxBuffer\000"
 623      5F436C65 
 623      61725478 
 623      42756666 
 623      657200
 624              	.LASF20:
 625 01f7 55415254 		.ascii	"UART_Wakeup\000"
 625      5F57616B 
 625      65757000 
 626              	.LASF4:
 627 0203 6C6F6E67 		.ascii	"long int\000"
 627      20696E74 
 627      00
 628              	.LASF29:
 629 020c 656E6162 		.ascii	"enableState\000"
 629      6C655374 
 629      61746500 
 630              	.LASF14:
 631 0218 6C6F6E67 		.ascii	"long double\000"
 631      20646F75 
 631      626C6500 
 632              	.LASF0:
 633 0224 7369676E 		.ascii	"signed char\000"
 633      65642063 
 633      68617200 
 634              	.LASF26:
ARM GAS  C:\Users\rens_\AppData\Local\Temp\ccjGbBlT.s 			page 17


 635 0230 47656E65 		.ascii	"Generated_Source\\PSoC5\\UART_PM.c\000"
 635      72617465 
 635      645F536F 
 635      75726365 
 635      5C50536F 
 636              	.LASF16:
 637 0251 55415254 		.ascii	"UART_BACKUP_STRUCT\000"
 637      5F424143 
 637      4B55505F 
 637      53545255 
 637      435400
 638              		.ident	"GCC: (GNU Tools for ARM Embedded Processors) 5.4.1 20160609 (release) [ARM/embedded-5-bran
