Loading plugins phase: Elapsed time ==> 0s.241ms
<CYPRESSTAG name="CyDsfit arguments...">
cydsfit arguments: -.fdsnotice -.fdswarpdepfile=warp_dependencies.txt -.fdselabdepfile=elab_dependencies.txt -.fdsbldfile=generated_files.txt -.fdsreffile=referenced_files.txt -p C:\Users\Krist\OneDrive\Dokumenter\GitHub\platooning\PSoC\PeakDetector\A_SH_Peak_Detector.cydsn\A_SH_Peak_Detector.cyprj -d CY8C3866AXI-040 -s C:\Users\Krist\OneDrive\Dokumenter\GitHub\platooning\PSoC\PeakDetector\A_SH_Peak_Detector.cydsn\Generated_Source\PSoC3 -- -yv2 -q10 -ygs -o2 -v3 -.fftcfgtype=BE
</CYPRESSTAG>
<CYPRESSTAG name="Design elaboration results...">
ADD: sdb.M0033: error: The instance 'Peak_Detector_1', of component Peak_Detector_v1_2, contains an error. Unable to locate and customize component 'Peak_Detector_v1_2' used in schematic 'C:\Users\Krist\OneDrive\Dokumenter\GitHub\platooning\PSoC\PeakDetector\A_SH_Peak_Detector.cydsn\TopDesign\TopDesign.cysch'.
 *  (Component Update Tool)
 * C:\Users\Krist\OneDrive\Dokumenter\GitHub\platooning\PSoC\PeakDetector\A_SH_Peak_Detector.cydsn\TopDesign\TopDesign.cysch (Instance:Peak_Detector_1)

ADD: sdb.M0065: information: Analog terminal "Analog_In.analog_0" on TopDesign is unconnected.
 * C:\Users\Krist\OneDrive\Dokumenter\GitHub\platooning\PSoC\PeakDetector\A_SH_Peak_Detector.cydsn\TopDesign\TopDesign.cysch (Signal: Net_81)
 * C:\Users\Krist\OneDrive\Dokumenter\GitHub\platooning\PSoC\PeakDetector\A_SH_Peak_Detector.cydsn\TopDesign\TopDesign.cysch (Shape_76)
 * C:\Users\Krist\OneDrive\Dokumenter\GitHub\platooning\PSoC\PeakDetector\A_SH_Peak_Detector.cydsn\TopDesign\TopDesign.cysch (Shape_9.1)

ADD: sdb.M0025: error: No input on Instance "Peak_Out", terminal "y_0".
 * C:\Users\Krist\OneDrive\Dokumenter\GitHub\platooning\PSoC\PeakDetector\A_SH_Peak_Detector.cydsn\TopDesign\TopDesign.cysch (Signal: Net_83)
 * C:\Users\Krist\OneDrive\Dokumenter\GitHub\platooning\PSoC\PeakDetector\A_SH_Peak_Detector.cydsn\TopDesign\TopDesign.cysch (Shape_19.2)
 * C:\Users\Krist\OneDrive\Dokumenter\GitHub\platooning\PSoC\PeakDetector\A_SH_Peak_Detector.cydsn\TopDesign\TopDesign.cysch (Shape_62)

ADD: sdb.M0050: error: Terminal "y_0" requires connection when it is visible.
 * C:\Users\Krist\OneDrive\Dokumenter\GitHub\platooning\PSoC\PeakDetector\A_SH_Peak_Detector.cydsn\TopDesign\TopDesign.cysch (Signal: Net_83)
 * C:\Users\Krist\OneDrive\Dokumenter\GitHub\platooning\PSoC\PeakDetector\A_SH_Peak_Detector.cydsn\TopDesign\TopDesign.cysch (Shape_19.2)
 * C:\Users\Krist\OneDrive\Dokumenter\GitHub\platooning\PSoC\PeakDetector\A_SH_Peak_Detector.cydsn\TopDesign\TopDesign.cysch (Shape_62)

</CYPRESSTAG>
Elaboration phase: Elapsed time ==> 2s.554ms
