ARM GAS  C:\Users\Krist\AppData\Local\Temp\ccE89Oof.s 			page 1


   1              		.syntax unified
   2              		.cpu cortex-m3
   3              		.fpu softvfp
   4              		.eabi_attribute 20, 1
   5              		.eabi_attribute 21, 1
   6              		.eabi_attribute 23, 3
   7              		.eabi_attribute 24, 1
   8              		.eabi_attribute 25, 1
   9              		.eabi_attribute 26, 1
  10              		.eabi_attribute 30, 1
  11              		.eabi_attribute 34, 1
  12              		.eabi_attribute 18, 4
  13              		.thumb
  14              		.syntax unified
  15              		.file	"cymetadata.c"
  16              		.text
  17              	.Ltext0:
  18              		.cfi_sections	.debug_frame
  19              		.global	cy_metadata
  20              		.global	cy_meta_flashprotect
  21              		.global	cy_meta_wonvl
  22              		.global	cy_meta_custnvl
  23              		.global	cy_meta_configecc
  24              		.section	.cyconfigecc,"a",%progbits
  25              		.align	2
  26              		.type	cy_meta_configecc, %object
  27              		.size	cy_meta_configecc, 84
  28              	cy_meta_configecc:
  29 0000 01       		.byte	1
  30 0001 5A       		.byte	90
  31 0002 00       		.byte	0
  32 0003 40       		.byte	64
  33 0004 01       		.byte	1
  34 0005 15       		.byte	21
  35 0006 01       		.byte	1
  36 0007 40       		.byte	64
  37 0008 01       		.byte	1
  38 0009 1B       		.byte	27
  39 000a 01       		.byte	1
  40 000b 40       		.byte	64
  41 000c 02       		.byte	2
  42 000d 44       		.byte	68
  43 000e 01       		.byte	1
  44 000f 40       		.byte	64
  45 0010 01       		.byte	1
  46 0011 45       		.byte	69
  47 0012 01       		.byte	1
  48 0013 40       		.byte	64
  49 0014 01       		.byte	1
  50 0015 46       		.byte	70
  51 0016 01       		.byte	1
  52 0017 40       		.byte	64
  53 0018 01       		.byte	1
  54 0019 47       		.byte	71
  55 001a 01       		.byte	1
  56 001b 40       		.byte	64
  57 001c 02       		.byte	2
ARM GAS  C:\Users\Krist\AppData\Local\Temp\ccE89Oof.s 			page 2


  58 001d 48       		.byte	72
  59 001e 01       		.byte	1
  60 001f 40       		.byte	64
  61 0020 01       		.byte	1
  62 0021 49       		.byte	73
  63 0022 01       		.byte	1
  64 0023 40       		.byte	64
  65 0024 01       		.byte	1
  66 0025 4C       		.byte	76
  67 0026 01       		.byte	1
  68 0027 40       		.byte	64
  69 0028 02       		.byte	2
  70 0029 4D       		.byte	77
  71 002a 01       		.byte	1
  72 002b 40       		.byte	64
  73 002c 0C       		.byte	12
  74 002d 04       		.byte	4
  75 002e EC       		.byte	-20
  76 002f 80       		.byte	-128
  77 0030 EC       		.byte	-20
  78 0031 80       		.byte	-128
  79 0032 30       		.byte	48
  80 0033 04       		.byte	4
  81 0034 CC       		.byte	-52
  82 0035 02       		.byte	2
  83 0036 9C       		.byte	-100
  84 0037 04       		.byte	4
  85 0038 9C       		.byte	-100
  86 0039 04       		.byte	4
  87 003a 9C       		.byte	-100
  88 003b 04       		.byte	4
  89 003c 15       		.byte	21
  90 003d 08       		.byte	8
  91 003e C4       		.byte	-60
  92 003f 20       		.byte	32
  93 0040 B1       		.byte	-79
  94 0041 04       		.byte	4
  95 0042 9C       		.byte	-100
  96 0043 04       		.byte	4
  97 0044 B0       		.byte	-80
  98 0045 04       		.byte	4
  99 0046 EC       		.byte	-20
 100 0047 01       		.byte	1
 101 0048 00       		.byte	0
 102 0049 0B       		.byte	11
 103 004a 0B       		.byte	11
 104 004b 00       		.byte	0
 105 004c 00       		.byte	0
 106 004d 00       		.byte	0
 107 004e 00       		.byte	0
 108 004f 00       		.byte	0
 109 0050 0B       		.byte	11
 110 0051 00       		.byte	0
 111 0052 18       		.byte	24
 112 0053 01       		.byte	1
 113              		.section	.cywolatch,"a",%progbits
 114              		.align	2
ARM GAS  C:\Users\Krist\AppData\Local\Temp\ccE89Oof.s 			page 3


 115              		.type	cy_meta_wonvl, %object
 116              		.size	cy_meta_wonvl, 4
 117              	cy_meta_wonvl:
 118 0000 BC       		.byte	-68
 119 0001 90       		.byte	-112
 120 0002 AC       		.byte	-84
 121 0003 AF       		.byte	-81
 122              		.section	.cycustnvl,"a",%progbits
 123              		.align	2
 124              		.type	cy_meta_custnvl, %object
 125              		.size	cy_meta_custnvl, 4
 126              	cy_meta_custnvl:
 127 0000 00       		.byte	0
 128 0001 00       		.byte	0
 129 0002 40       		.byte	64
 130 0003 05       		.byte	5
 131              		.section	.cymeta,"a",%progbits
 132              		.align	2
 133              		.type	cy_metadata, %object
 134              		.size	cy_metadata, 12
 135              	cy_metadata:
 136 0000 00       		.byte	0
 137 0001 01       		.byte	1
 138 0002 2E       		.byte	46
 139 0003 16       		.byte	22
 140 0004 10       		.byte	16
 141 0005 69       		.byte	105
 142 0006 00       		.byte	0
 143 0007 01       		.byte	1
 144 0008 00       		.byte	0
 145 0009 00       		.byte	0
 146 000a 00       		.byte	0
 147 000b 00       		.byte	0
 148              		.section	.cyflashprotect,"a",%progbits
 149              		.align	2
 150              		.type	cy_meta_flashprotect, %object
 151              		.size	cy_meta_flashprotect, 256
 152              	cy_meta_flashprotect:
 153 0000 00000000 		.space	256
 153      00000000 
 153      00000000 
 153      00000000 
 153      00000000 
 154              		.text
 155              	.Letext0:
 156              		.file 1 "c:\\program files (x86)\\cypress\\psoc creator\\4.1\\psoc creator\\import\\gnu\\arm\\5.4.
 157              		.file 2 "c:\\program files (x86)\\cypress\\psoc creator\\4.1\\psoc creator\\import\\gnu\\arm\\5.4.
 158              		.file 3 "Generated_Source\\PSoC5\\cymetadata.c"
 159              		.section	.debug_info,"",%progbits
 160              	.Ldebug_info0:
 161 0000 30010000 		.4byte	0x130
 162 0004 0400     		.2byte	0x4
 163 0006 00000000 		.4byte	.Ldebug_abbrev0
 164 000a 04       		.byte	0x4
 165 000b 01       		.uleb128 0x1
 166 000c 24000000 		.4byte	.LASF17
 167 0010 0C       		.byte	0xc
ARM GAS  C:\Users\Krist\AppData\Local\Temp\ccE89Oof.s 			page 4


 168 0011 D5010000 		.4byte	.LASF18
 169 0015 72010000 		.4byte	.LASF19
 170 0019 00000000 		.4byte	.Ldebug_line0
 171 001d 02       		.uleb128 0x2
 172 001e 01       		.byte	0x1
 173 001f 06       		.byte	0x6
 174 0020 C9010000 		.4byte	.LASF0
 175 0024 03       		.uleb128 0x3
 176 0025 00000000 		.4byte	.LASF9
 177 0029 01       		.byte	0x1
 178 002a 1D       		.byte	0x1d
 179 002b 2F000000 		.4byte	0x2f
 180 002f 02       		.uleb128 0x2
 181 0030 01       		.byte	0x1
 182 0031 08       		.byte	0x8
 183 0032 16000000 		.4byte	.LASF1
 184 0036 02       		.uleb128 0x2
 185 0037 02       		.byte	0x2
 186 0038 05       		.byte	0x5
 187 0039 5F010000 		.4byte	.LASF2
 188 003d 02       		.uleb128 0x2
 189 003e 02       		.byte	0x2
 190 003f 07       		.byte	0x7
 191 0040 C4000000 		.4byte	.LASF3
 192 0044 02       		.uleb128 0x2
 193 0045 04       		.byte	0x4
 194 0046 05       		.byte	0x5
 195 0047 69010000 		.4byte	.LASF4
 196 004b 02       		.uleb128 0x2
 197 004c 04       		.byte	0x4
 198 004d 07       		.byte	0x7
 199 004e B2000000 		.4byte	.LASF5
 200 0052 02       		.uleb128 0x2
 201 0053 08       		.byte	0x8
 202 0054 05       		.byte	0x5
 203 0055 51010000 		.4byte	.LASF6
 204 0059 02       		.uleb128 0x2
 205 005a 08       		.byte	0x8
 206 005b 07       		.byte	0x7
 207 005c 06010000 		.4byte	.LASF7
 208 0060 04       		.uleb128 0x4
 209 0061 04       		.byte	0x4
 210 0062 05       		.byte	0x5
 211 0063 696E7400 		.ascii	"int\000"
 212 0067 02       		.uleb128 0x2
 213 0068 04       		.byte	0x4
 214 0069 07       		.byte	0x7
 215 006a F9000000 		.4byte	.LASF8
 216 006e 03       		.uleb128 0x3
 217 006f 1D010000 		.4byte	.LASF10
 218 0073 02       		.byte	0x2
 219 0074 18       		.byte	0x18
 220 0075 24000000 		.4byte	0x24
 221 0079 05       		.uleb128 0x5
 222 007a 90000000 		.4byte	0x90
 223 007e 89000000 		.4byte	0x89
 224 0082 06       		.uleb128 0x6
ARM GAS  C:\Users\Krist\AppData\Local\Temp\ccE89Oof.s 			page 5


 225 0083 89000000 		.4byte	0x89
 226 0087 53       		.byte	0x53
 227 0088 00       		.byte	0
 228 0089 02       		.uleb128 0x2
 229 008a 04       		.byte	0x4
 230 008b 07       		.byte	0x7
 231 008c 48010000 		.4byte	.LASF11
 232 0090 07       		.uleb128 0x7
 233 0091 6E000000 		.4byte	0x6e
 234 0095 08       		.uleb128 0x8
 235 0096 E7000000 		.4byte	.LASF12
 236 009a 03       		.byte	0x3
 237 009b 1F       		.byte	0x1f
 238 009c A6000000 		.4byte	0xa6
 239 00a0 05       		.uleb128 0x5
 240 00a1 03       		.byte	0x3
 241 00a2 00000000 		.4byte	cy_meta_configecc
 242 00a6 07       		.uleb128 0x7
 243 00a7 79000000 		.4byte	0x79
 244 00ab 05       		.uleb128 0x5
 245 00ac 90000000 		.4byte	0x90
 246 00b0 BB000000 		.4byte	0xbb
 247 00b4 06       		.uleb128 0x6
 248 00b5 89000000 		.4byte	0x89
 249 00b9 03       		.byte	0x3
 250 00ba 00       		.byte	0
 251 00bb 08       		.uleb128 0x8
 252 00bc D7000000 		.4byte	.LASF13
 253 00c0 03       		.byte	0x3
 254 00c1 37       		.byte	0x37
 255 00c2 CC000000 		.4byte	0xcc
 256 00c6 05       		.uleb128 0x5
 257 00c7 03       		.byte	0x3
 258 00c8 00000000 		.4byte	cy_meta_custnvl
 259 00cc 07       		.uleb128 0x7
 260 00cd AB000000 		.4byte	0xab
 261 00d1 08       		.uleb128 0x8
 262 00d2 3A010000 		.4byte	.LASF14
 263 00d6 03       		.byte	0x3
 264 00d7 45       		.byte	0x45
 265 00d8 E2000000 		.4byte	0xe2
 266 00dc 05       		.uleb128 0x5
 267 00dd 03       		.byte	0x3
 268 00de 00000000 		.4byte	cy_meta_wonvl
 269 00e2 07       		.uleb128 0x7
 270 00e3 AB000000 		.4byte	0xab
 271 00e7 05       		.uleb128 0x5
 272 00e8 90000000 		.4byte	0x90
 273 00ec F7000000 		.4byte	0xf7
 274 00f0 06       		.uleb128 0x6
 275 00f1 89000000 		.4byte	0x89
 276 00f5 FF       		.byte	0xff
 277 00f6 00       		.byte	0
 278 00f7 08       		.uleb128 0x8
 279 00f8 25010000 		.4byte	.LASF15
 280 00fc 03       		.byte	0x3
 281 00fd 53       		.byte	0x53
ARM GAS  C:\Users\Krist\AppData\Local\Temp\ccE89Oof.s 			page 6


 282 00fe 08010000 		.4byte	0x108
 283 0102 05       		.uleb128 0x5
 284 0103 03       		.byte	0x3
 285 0104 00000000 		.4byte	cy_meta_flashprotect
 286 0108 07       		.uleb128 0x7
 287 0109 E7000000 		.4byte	0xe7
 288 010d 05       		.uleb128 0x5
 289 010e 90000000 		.4byte	0x90
 290 0112 1D010000 		.4byte	0x11d
 291 0116 06       		.uleb128 0x6
 292 0117 89000000 		.4byte	0x89
 293 011b 0B       		.byte	0xb
 294 011c 00       		.byte	0
 295 011d 08       		.uleb128 0x8
 296 011e 0A000000 		.4byte	.LASF16
 297 0122 03       		.byte	0x3
 298 0123 80       		.byte	0x80
 299 0124 2E010000 		.4byte	0x12e
 300 0128 05       		.uleb128 0x5
 301 0129 03       		.byte	0x3
 302 012a 00000000 		.4byte	cy_metadata
 303 012e 07       		.uleb128 0x7
 304 012f 0D010000 		.4byte	0x10d
 305 0133 00       		.byte	0
 306              		.section	.debug_abbrev,"",%progbits
 307              	.Ldebug_abbrev0:
 308 0000 01       		.uleb128 0x1
 309 0001 11       		.uleb128 0x11
 310 0002 01       		.byte	0x1
 311 0003 25       		.uleb128 0x25
 312 0004 0E       		.uleb128 0xe
 313 0005 13       		.uleb128 0x13
 314 0006 0B       		.uleb128 0xb
 315 0007 03       		.uleb128 0x3
 316 0008 0E       		.uleb128 0xe
 317 0009 1B       		.uleb128 0x1b
 318 000a 0E       		.uleb128 0xe
 319 000b 10       		.uleb128 0x10
 320 000c 17       		.uleb128 0x17
 321 000d 00       		.byte	0
 322 000e 00       		.byte	0
 323 000f 02       		.uleb128 0x2
 324 0010 24       		.uleb128 0x24
 325 0011 00       		.byte	0
 326 0012 0B       		.uleb128 0xb
 327 0013 0B       		.uleb128 0xb
 328 0014 3E       		.uleb128 0x3e
 329 0015 0B       		.uleb128 0xb
 330 0016 03       		.uleb128 0x3
 331 0017 0E       		.uleb128 0xe
 332 0018 00       		.byte	0
 333 0019 00       		.byte	0
 334 001a 03       		.uleb128 0x3
 335 001b 16       		.uleb128 0x16
 336 001c 00       		.byte	0
 337 001d 03       		.uleb128 0x3
 338 001e 0E       		.uleb128 0xe
ARM GAS  C:\Users\Krist\AppData\Local\Temp\ccE89Oof.s 			page 7


 339 001f 3A       		.uleb128 0x3a
 340 0020 0B       		.uleb128 0xb
 341 0021 3B       		.uleb128 0x3b
 342 0022 0B       		.uleb128 0xb
 343 0023 49       		.uleb128 0x49
 344 0024 13       		.uleb128 0x13
 345 0025 00       		.byte	0
 346 0026 00       		.byte	0
 347 0027 04       		.uleb128 0x4
 348 0028 24       		.uleb128 0x24
 349 0029 00       		.byte	0
 350 002a 0B       		.uleb128 0xb
 351 002b 0B       		.uleb128 0xb
 352 002c 3E       		.uleb128 0x3e
 353 002d 0B       		.uleb128 0xb
 354 002e 03       		.uleb128 0x3
 355 002f 08       		.uleb128 0x8
 356 0030 00       		.byte	0
 357 0031 00       		.byte	0
 358 0032 05       		.uleb128 0x5
 359 0033 01       		.uleb128 0x1
 360 0034 01       		.byte	0x1
 361 0035 49       		.uleb128 0x49
 362 0036 13       		.uleb128 0x13
 363 0037 01       		.uleb128 0x1
 364 0038 13       		.uleb128 0x13
 365 0039 00       		.byte	0
 366 003a 00       		.byte	0
 367 003b 06       		.uleb128 0x6
 368 003c 21       		.uleb128 0x21
 369 003d 00       		.byte	0
 370 003e 49       		.uleb128 0x49
 371 003f 13       		.uleb128 0x13
 372 0040 2F       		.uleb128 0x2f
 373 0041 0B       		.uleb128 0xb
 374 0042 00       		.byte	0
 375 0043 00       		.byte	0
 376 0044 07       		.uleb128 0x7
 377 0045 26       		.uleb128 0x26
 378 0046 00       		.byte	0
 379 0047 49       		.uleb128 0x49
 380 0048 13       		.uleb128 0x13
 381 0049 00       		.byte	0
 382 004a 00       		.byte	0
 383 004b 08       		.uleb128 0x8
 384 004c 34       		.uleb128 0x34
 385 004d 00       		.byte	0
 386 004e 03       		.uleb128 0x3
 387 004f 0E       		.uleb128 0xe
 388 0050 3A       		.uleb128 0x3a
 389 0051 0B       		.uleb128 0xb
 390 0052 3B       		.uleb128 0x3b
 391 0053 0B       		.uleb128 0xb
 392 0054 49       		.uleb128 0x49
 393 0055 13       		.uleb128 0x13
 394 0056 3F       		.uleb128 0x3f
 395 0057 19       		.uleb128 0x19
ARM GAS  C:\Users\Krist\AppData\Local\Temp\ccE89Oof.s 			page 8


 396 0058 02       		.uleb128 0x2
 397 0059 18       		.uleb128 0x18
 398 005a 00       		.byte	0
 399 005b 00       		.byte	0
 400 005c 00       		.byte	0
 401              		.section	.debug_aranges,"",%progbits
 402 0000 14000000 		.4byte	0x14
 403 0004 0200     		.2byte	0x2
 404 0006 00000000 		.4byte	.Ldebug_info0
 405 000a 04       		.byte	0x4
 406 000b 00       		.byte	0
 407 000c 0000     		.2byte	0
 408 000e 0000     		.2byte	0
 409 0010 00000000 		.4byte	0
 410 0014 00000000 		.4byte	0
 411              		.section	.debug_line,"",%progbits
 412              	.Ldebug_line0:
 413 0000 3D010000 		.section	.debug_str,"MS",%progbits,1
 413      02003701 
 413      00000201 
 413      FB0E0D00 
 413      01010101 
 414              	.LASF9:
 415 0000 5F5F7569 		.ascii	"__uint8_t\000"
 415      6E74385F 
 415      7400
 416              	.LASF16:
 417 000a 63795F6D 		.ascii	"cy_metadata\000"
 417      65746164 
 417      61746100 
 418              	.LASF1:
 419 0016 756E7369 		.ascii	"unsigned char\000"
 419      676E6564 
 419      20636861 
 419      7200
 420              	.LASF17:
 421 0024 474E5520 		.ascii	"GNU C11 5.4.1 20160609 (release) [ARM/embedded-5-br"
 421      43313120 
 421      352E342E 
 421      31203230 
 421      31363036 
 422 0057 616E6368 		.ascii	"anch revision 237715] -mcpu=cortex-m3 -mthumb -g -O"
 422      20726576 
 422      6973696F 
 422      6E203233 
 422      37373135 
 423 008a 67202D66 		.ascii	"g -ffunction-sections -ffat-lto-objects\000"
 423      66756E63 
 423      74696F6E 
 423      2D736563 
 423      74696F6E 
 424              	.LASF5:
 425 00b2 6C6F6E67 		.ascii	"long unsigned int\000"
 425      20756E73 
 425      69676E65 
 425      6420696E 
 425      7400
ARM GAS  C:\Users\Krist\AppData\Local\Temp\ccE89Oof.s 			page 9


 426              	.LASF3:
 427 00c4 73686F72 		.ascii	"short unsigned int\000"
 427      7420756E 
 427      7369676E 
 427      65642069 
 427      6E7400
 428              	.LASF13:
 429 00d7 63795F6D 		.ascii	"cy_meta_custnvl\000"
 429      6574615F 
 429      63757374 
 429      6E766C00 
 430              	.LASF12:
 431 00e7 63795F6D 		.ascii	"cy_meta_configecc\000"
 431      6574615F 
 431      636F6E66 
 431      69676563 
 431      6300
 432              	.LASF8:
 433 00f9 756E7369 		.ascii	"unsigned int\000"
 433      676E6564 
 433      20696E74 
 433      00
 434              	.LASF7:
 435 0106 6C6F6E67 		.ascii	"long long unsigned int\000"
 435      206C6F6E 
 435      6720756E 
 435      7369676E 
 435      65642069 
 436              	.LASF10:
 437 011d 75696E74 		.ascii	"uint8_t\000"
 437      385F7400 
 438              	.LASF15:
 439 0125 63795F6D 		.ascii	"cy_meta_flashprotect\000"
 439      6574615F 
 439      666C6173 
 439      6870726F 
 439      74656374 
 440              	.LASF14:
 441 013a 63795F6D 		.ascii	"cy_meta_wonvl\000"
 441      6574615F 
 441      776F6E76 
 441      6C00
 442              	.LASF11:
 443 0148 73697A65 		.ascii	"sizetype\000"
 443      74797065 
 443      00
 444              	.LASF6:
 445 0151 6C6F6E67 		.ascii	"long long int\000"
 445      206C6F6E 
 445      6720696E 
 445      7400
 446              	.LASF2:
 447 015f 73686F72 		.ascii	"short int\000"
 447      7420696E 
 447      7400
 448              	.LASF4:
 449 0169 6C6F6E67 		.ascii	"long int\000"
ARM GAS  C:\Users\Krist\AppData\Local\Temp\ccE89Oof.s 			page 10


 449      20696E74 
 449      00
 450              	.LASF19:
 451 0172 433A5C55 		.ascii	"C:\\Users\\Krist\\OneDrive\\Dokumenter\\GitHub\\pla"
 451      73657273 
 451      5C4B7269 
 451      73745C4F 
 451      6E654472 
 452 019f 746F6F6E 		.ascii	"tooning\\PSoC\\PeakDetector\\SecondTry.cydsn\000"
 452      696E675C 
 452      50536F43 
 452      5C506561 
 452      6B446574 
 453              	.LASF0:
 454 01c9 7369676E 		.ascii	"signed char\000"
 454      65642063 
 454      68617200 
 455              	.LASF18:
 456 01d5 47656E65 		.ascii	"Generated_Source\\PSoC5\\cymetadata.c\000"
 456      72617465 
 456      645F536F 
 456      75726365 
 456      5C50536F 
 457              		.ident	"GCC: (GNU Tools for ARM Embedded Processors) 5.4.1 20160609 (release) [ARM/embedded-5-bran
