ARM GAS  C:\Users\Krist\AppData\Local\Temp\ccPpBvBm.s 			page 1


   1              		.syntax unified
   2              		.cpu cortex-m3
   3              		.fpu softvfp
   4              		.eabi_attribute 20, 1
   5              		.eabi_attribute 21, 1
   6              		.eabi_attribute 23, 3
   7              		.eabi_attribute 24, 1
   8              		.eabi_attribute 25, 1
   9              		.eabi_attribute 26, 1
  10              		.eabi_attribute 30, 1
  11              		.eabi_attribute 34, 1
  12              		.eabi_attribute 18, 4
  13              		.thumb
  14              		.syntax unified
  15              		.file	"Peak_Detector_1.c"
  16              		.text
  17              	.Ltext0:
  18              		.cfi_sections	.debug_frame
  19              		.section	.text.Peak_Detector_1_Start,"ax",%progbits
  20              		.align	2
  21              		.global	Peak_Detector_1_Start
  22              		.thumb
  23              		.thumb_func
  24              		.type	Peak_Detector_1_Start, %function
  25              	Peak_Detector_1_Start:
  26              	.LFB0:
  27              		.file 1 "Generated_Source\\PSoC5\\Peak_Detector_1.c"
   1:Generated_Source\PSoC5/Peak_Detector_1.c **** /******************************************************************************
   2:Generated_Source\PSoC5/Peak_Detector_1.c **** * File Name: Peak_Detector_1.c
   3:Generated_Source\PSoC5/Peak_Detector_1.c **** * Version 1.0
   4:Generated_Source\PSoC5/Peak_Detector_1.c **** *
   5:Generated_Source\PSoC5/Peak_Detector_1.c **** *  Description:
   6:Generated_Source\PSoC5/Peak_Detector_1.c **** *   API for controlling the peak detector.
   7:Generated_Source\PSoC5/Peak_Detector_1.c **** *
   8:Generated_Source\PSoC5/Peak_Detector_1.c **** *
   9:Generated_Source\PSoC5/Peak_Detector_1.c **** ********************************************************************************
  10:Generated_Source\PSoC5/Peak_Detector_1.c **** * Copyright 2008-2010, Cypress Semiconductor Corporation.  All rights reserved.
  11:Generated_Source\PSoC5/Peak_Detector_1.c **** * You may use this file only in accordance with the license, terms, conditions, 
  12:Generated_Source\PSoC5/Peak_Detector_1.c **** * disclaimers, and limitations in the end user license agreement accompanying 
  13:Generated_Source\PSoC5/Peak_Detector_1.c **** * the software package with which this file was provided.
  14:Generated_Source\PSoC5/Peak_Detector_1.c **** ********************************************************************************/
  15:Generated_Source\PSoC5/Peak_Detector_1.c **** 
  16:Generated_Source\PSoC5/Peak_Detector_1.c **** #include <CYDEVICE.H>
  17:Generated_Source\PSoC5/Peak_Detector_1.c **** #include "Peak_Detector_1.h"
  18:Generated_Source\PSoC5/Peak_Detector_1.c **** #include "Peak_Detector_1_Comp_1.h"
  19:Generated_Source\PSoC5/Peak_Detector_1.c **** #include "Peak_Detector_1_Mixer_1.h"
  20:Generated_Source\PSoC5/Peak_Detector_1.c **** 
  21:Generated_Source\PSoC5/Peak_Detector_1.c **** 
  22:Generated_Source\PSoC5/Peak_Detector_1.c **** /*******************************************************************************
  23:Generated_Source\PSoC5/Peak_Detector_1.c **** * Function Name: Peak_Detector_1_Start
  24:Generated_Source\PSoC5/Peak_Detector_1.c **** ********************************************************************************
  25:Generated_Source\PSoC5/Peak_Detector_1.c **** * Summary:
  26:Generated_Source\PSoC5/Peak_Detector_1.c **** *   Enables the peak detector component.
  27:Generated_Source\PSoC5/Peak_Detector_1.c **** *
  28:Generated_Source\PSoC5/Peak_Detector_1.c **** *
  29:Generated_Source\PSoC5/Peak_Detector_1.c **** * Parameters:
  30:Generated_Source\PSoC5/Peak_Detector_1.c **** *   void.
ARM GAS  C:\Users\Krist\AppData\Local\Temp\ccPpBvBm.s 			page 2


  31:Generated_Source\PSoC5/Peak_Detector_1.c **** *
  32:Generated_Source\PSoC5/Peak_Detector_1.c **** * Return:
  33:Generated_Source\PSoC5/Peak_Detector_1.c **** *   void.
  34:Generated_Source\PSoC5/Peak_Detector_1.c **** *   
  35:Generated_Source\PSoC5/Peak_Detector_1.c **** *
  36:Generated_Source\PSoC5/Peak_Detector_1.c **** *******************************************************************************/
  37:Generated_Source\PSoC5/Peak_Detector_1.c **** void Peak_Detector_1_Start(void)
  38:Generated_Source\PSoC5/Peak_Detector_1.c **** {
  28              		.loc 1 38 0
  29              		.cfi_startproc
  30              		@ args = 0, pretend = 0, frame = 0
  31              		@ frame_needed = 0, uses_anonymous_args = 0
  32 0000 08B5     		push	{r3, lr}
  33              		.cfi_def_cfa_offset 8
  34              		.cfi_offset 3, -8
  35              		.cfi_offset 14, -4
  39:Generated_Source\PSoC5/Peak_Detector_1.c **** 	Peak_Detector_1_Mixer_1_Start();
  36              		.loc 1 39 0
  37 0002 FFF7FEFF 		bl	Peak_Detector_1_Mixer_1_Start
  38              	.LVL0:
  40:Generated_Source\PSoC5/Peak_Detector_1.c **** 	Peak_Detector_1_Comp_1_Start();
  39              		.loc 1 40 0
  40 0006 FFF7FEFF 		bl	Peak_Detector_1_Comp_1_Start
  41              	.LVL1:
  42 000a 08BD     		pop	{r3, pc}
  43              		.cfi_endproc
  44              	.LFE0:
  45              		.size	Peak_Detector_1_Start, .-Peak_Detector_1_Start
  46              		.section	.text.Peak_Detector_1_Stop,"ax",%progbits
  47              		.align	2
  48              		.global	Peak_Detector_1_Stop
  49              		.thumb
  50              		.thumb_func
  51              		.type	Peak_Detector_1_Stop, %function
  52              	Peak_Detector_1_Stop:
  53              	.LFB1:
  41:Generated_Source\PSoC5/Peak_Detector_1.c **** }
  42:Generated_Source\PSoC5/Peak_Detector_1.c **** 
  43:Generated_Source\PSoC5/Peak_Detector_1.c **** /*******************************************************************************
  44:Generated_Source\PSoC5/Peak_Detector_1.c **** * Function Name: Peak_Detector_1_Stop
  45:Generated_Source\PSoC5/Peak_Detector_1.c **** ********************************************************************************
  46:Generated_Source\PSoC5/Peak_Detector_1.c **** * Summary:
  47:Generated_Source\PSoC5/Peak_Detector_1.c **** *   Disables the peak detector component.
  48:Generated_Source\PSoC5/Peak_Detector_1.c **** *
  49:Generated_Source\PSoC5/Peak_Detector_1.c **** *
  50:Generated_Source\PSoC5/Peak_Detector_1.c **** * Parameters:
  51:Generated_Source\PSoC5/Peak_Detector_1.c **** *   void.
  52:Generated_Source\PSoC5/Peak_Detector_1.c **** *
  53:Generated_Source\PSoC5/Peak_Detector_1.c **** * Return:
  54:Generated_Source\PSoC5/Peak_Detector_1.c **** *   void.
  55:Generated_Source\PSoC5/Peak_Detector_1.c **** *   
  56:Generated_Source\PSoC5/Peak_Detector_1.c **** *
  57:Generated_Source\PSoC5/Peak_Detector_1.c **** *******************************************************************************/
  58:Generated_Source\PSoC5/Peak_Detector_1.c **** void Peak_Detector_1_Stop(void)
  59:Generated_Source\PSoC5/Peak_Detector_1.c **** {
  54              		.loc 1 59 0
  55              		.cfi_startproc
ARM GAS  C:\Users\Krist\AppData\Local\Temp\ccPpBvBm.s 			page 3


  56              		@ args = 0, pretend = 0, frame = 0
  57              		@ frame_needed = 0, uses_anonymous_args = 0
  58 0000 08B5     		push	{r3, lr}
  59              		.cfi_def_cfa_offset 8
  60              		.cfi_offset 3, -8
  61              		.cfi_offset 14, -4
  60:Generated_Source\PSoC5/Peak_Detector_1.c **** 	Peak_Detector_1_Mixer_1_Stop();
  62              		.loc 1 60 0
  63 0002 FFF7FEFF 		bl	Peak_Detector_1_Mixer_1_Stop
  64              	.LVL2:
  61:Generated_Source\PSoC5/Peak_Detector_1.c **** 	Peak_Detector_1_Comp_1_Stop();
  65              		.loc 1 61 0
  66 0006 FFF7FEFF 		bl	Peak_Detector_1_Comp_1_Stop
  67              	.LVL3:
  68 000a 08BD     		pop	{r3, pc}
  69              		.cfi_endproc
  70              	.LFE1:
  71              		.size	Peak_Detector_1_Stop, .-Peak_Detector_1_Stop
  72              		.text
  73              	.Letext0:
  74              		.file 2 "Generated_Source\\PSoC5\\Peak_Detector_1_Mixer_1.h"
  75              		.file 3 "Generated_Source\\PSoC5\\Peak_Detector_1_Comp_1.h"
  76              		.section	.debug_info,"",%progbits
  77              	.Ldebug_info0:
  78 0000 07010000 		.4byte	0x107
  79 0004 0400     		.2byte	0x4
  80 0006 00000000 		.4byte	.Ldebug_abbrev0
  81 000a 04       		.byte	0x4
  82 000b 01       		.uleb128 0x1
  83 000c 37000000 		.4byte	.LASF20
  84 0010 0C       		.byte	0xc
  85 0011 10020000 		.4byte	.LASF21
  86 0015 5C010000 		.4byte	.LASF22
  87 0019 00000000 		.4byte	.Ldebug_ranges0+0
  88 001d 00000000 		.4byte	0
  89 0021 00000000 		.4byte	.Ldebug_line0
  90 0025 02       		.uleb128 0x2
  91 0026 01       		.byte	0x1
  92 0027 06       		.byte	0x6
  93 0028 C6010000 		.4byte	.LASF0
  94 002c 02       		.uleb128 0x2
  95 002d 01       		.byte	0x1
  96 002e 08       		.byte	0x8
  97 002f 1B010000 		.4byte	.LASF1
  98 0033 02       		.uleb128 0x2
  99 0034 02       		.byte	0x2
 100 0035 05       		.byte	0x5
 101 0036 D7000000 		.4byte	.LASF2
 102 003a 02       		.uleb128 0x2
 103 003b 02       		.byte	0x2
 104 003c 07       		.byte	0x7
 105 003d B3010000 		.4byte	.LASF3
 106 0041 02       		.uleb128 0x2
 107 0042 04       		.byte	0x4
 108 0043 05       		.byte	0x5
 109 0044 2E010000 		.4byte	.LASF4
 110 0048 02       		.uleb128 0x2
ARM GAS  C:\Users\Krist\AppData\Local\Temp\ccPpBvBm.s 			page 4


 111 0049 04       		.byte	0x4
 112 004a 07       		.byte	0x7
 113 004b C5000000 		.4byte	.LASF5
 114 004f 02       		.uleb128 0x2
 115 0050 08       		.byte	0x8
 116 0051 05       		.byte	0x5
 117 0052 00000000 		.4byte	.LASF6
 118 0056 02       		.uleb128 0x2
 119 0057 08       		.byte	0x8
 120 0058 07       		.byte	0x7
 121 0059 E1000000 		.4byte	.LASF7
 122 005d 03       		.uleb128 0x3
 123 005e 04       		.byte	0x4
 124 005f 05       		.byte	0x5
 125 0060 696E7400 		.ascii	"int\000"
 126 0064 02       		.uleb128 0x2
 127 0065 04       		.byte	0x4
 128 0066 07       		.byte	0x7
 129 0067 0E000000 		.4byte	.LASF8
 130 006b 02       		.uleb128 0x2
 131 006c 04       		.byte	0x4
 132 006d 04       		.byte	0x4
 133 006e F8000000 		.4byte	.LASF9
 134 0072 02       		.uleb128 0x2
 135 0073 08       		.byte	0x8
 136 0074 04       		.byte	0x4
 137 0075 37010000 		.4byte	.LASF10
 138 0079 02       		.uleb128 0x2
 139 007a 01       		.byte	0x1
 140 007b 08       		.byte	0x8
 141 007c 29010000 		.4byte	.LASF11
 142 0080 02       		.uleb128 0x2
 143 0081 08       		.byte	0x8
 144 0082 04       		.byte	0x4
 145 0083 04020000 		.4byte	.LASF12
 146 0087 02       		.uleb128 0x2
 147 0088 04       		.byte	0x4
 148 0089 07       		.byte	0x7
 149 008a 39020000 		.4byte	.LASF13
 150 008e 04       		.uleb128 0x4
 151 008f 42020000 		.4byte	.LASF14
 152 0093 01       		.byte	0x1
 153 0094 25       		.byte	0x25
 154 0095 00000000 		.4byte	.LFB0
 155 0099 0C000000 		.4byte	.LFE0-.LFB0
 156 009d 01       		.uleb128 0x1
 157 009e 9C       		.byte	0x9c
 158 009f B6000000 		.4byte	0xb6
 159 00a3 05       		.uleb128 0x5
 160 00a4 06000000 		.4byte	.LVL0
 161 00a8 DE000000 		.4byte	0xde
 162 00ac 05       		.uleb128 0x5
 163 00ad 0A000000 		.4byte	.LVL1
 164 00b1 E9000000 		.4byte	0xe9
 165 00b5 00       		.byte	0
 166 00b6 04       		.uleb128 0x4
 167 00b7 D2010000 		.4byte	.LASF15
ARM GAS  C:\Users\Krist\AppData\Local\Temp\ccPpBvBm.s 			page 5


 168 00bb 01       		.byte	0x1
 169 00bc 3A       		.byte	0x3a
 170 00bd 00000000 		.4byte	.LFB1
 171 00c1 0C000000 		.4byte	.LFE1-.LFB1
 172 00c5 01       		.uleb128 0x1
 173 00c6 9C       		.byte	0x9c
 174 00c7 DE000000 		.4byte	0xde
 175 00cb 05       		.uleb128 0x5
 176 00cc 06000000 		.4byte	.LVL2
 177 00d0 F4000000 		.4byte	0xf4
 178 00d4 05       		.uleb128 0x5
 179 00d5 0A000000 		.4byte	.LVL3
 180 00d9 FF000000 		.4byte	0xff
 181 00dd 00       		.byte	0
 182 00de 06       		.uleb128 0x6
 183 00df 3E010000 		.4byte	.LASF16
 184 00e3 3E010000 		.4byte	.LASF16
 185 00e7 02       		.byte	0x2
 186 00e8 3D       		.byte	0x3d
 187 00e9 06       		.uleb128 0x6
 188 00ea FE000000 		.4byte	.LASF17
 189 00ee FE000000 		.4byte	.LASF17
 190 00f2 03       		.byte	0x3
 191 00f3 3F       		.byte	0x3f
 192 00f4 06       		.uleb128 0x6
 193 00f5 E7010000 		.4byte	.LASF18
 194 00f9 E7010000 		.4byte	.LASF18
 195 00fd 02       		.byte	0x2
 196 00fe 3E       		.byte	0x3e
 197 00ff 06       		.uleb128 0x6
 198 0100 1B000000 		.4byte	.LASF19
 199 0104 1B000000 		.4byte	.LASF19
 200 0108 03       		.byte	0x3
 201 0109 40       		.byte	0x40
 202 010a 00       		.byte	0
 203              		.section	.debug_abbrev,"",%progbits
 204              	.Ldebug_abbrev0:
 205 0000 01       		.uleb128 0x1
 206 0001 11       		.uleb128 0x11
 207 0002 01       		.byte	0x1
 208 0003 25       		.uleb128 0x25
 209 0004 0E       		.uleb128 0xe
 210 0005 13       		.uleb128 0x13
 211 0006 0B       		.uleb128 0xb
 212 0007 03       		.uleb128 0x3
 213 0008 0E       		.uleb128 0xe
 214 0009 1B       		.uleb128 0x1b
 215 000a 0E       		.uleb128 0xe
 216 000b 55       		.uleb128 0x55
 217 000c 17       		.uleb128 0x17
 218 000d 11       		.uleb128 0x11
 219 000e 01       		.uleb128 0x1
 220 000f 10       		.uleb128 0x10
 221 0010 17       		.uleb128 0x17
 222 0011 00       		.byte	0
 223 0012 00       		.byte	0
 224 0013 02       		.uleb128 0x2
ARM GAS  C:\Users\Krist\AppData\Local\Temp\ccPpBvBm.s 			page 6


 225 0014 24       		.uleb128 0x24
 226 0015 00       		.byte	0
 227 0016 0B       		.uleb128 0xb
 228 0017 0B       		.uleb128 0xb
 229 0018 3E       		.uleb128 0x3e
 230 0019 0B       		.uleb128 0xb
 231 001a 03       		.uleb128 0x3
 232 001b 0E       		.uleb128 0xe
 233 001c 00       		.byte	0
 234 001d 00       		.byte	0
 235 001e 03       		.uleb128 0x3
 236 001f 24       		.uleb128 0x24
 237 0020 00       		.byte	0
 238 0021 0B       		.uleb128 0xb
 239 0022 0B       		.uleb128 0xb
 240 0023 3E       		.uleb128 0x3e
 241 0024 0B       		.uleb128 0xb
 242 0025 03       		.uleb128 0x3
 243 0026 08       		.uleb128 0x8
 244 0027 00       		.byte	0
 245 0028 00       		.byte	0
 246 0029 04       		.uleb128 0x4
 247 002a 2E       		.uleb128 0x2e
 248 002b 01       		.byte	0x1
 249 002c 3F       		.uleb128 0x3f
 250 002d 19       		.uleb128 0x19
 251 002e 03       		.uleb128 0x3
 252 002f 0E       		.uleb128 0xe
 253 0030 3A       		.uleb128 0x3a
 254 0031 0B       		.uleb128 0xb
 255 0032 3B       		.uleb128 0x3b
 256 0033 0B       		.uleb128 0xb
 257 0034 27       		.uleb128 0x27
 258 0035 19       		.uleb128 0x19
 259 0036 11       		.uleb128 0x11
 260 0037 01       		.uleb128 0x1
 261 0038 12       		.uleb128 0x12
 262 0039 06       		.uleb128 0x6
 263 003a 40       		.uleb128 0x40
 264 003b 18       		.uleb128 0x18
 265 003c 9742     		.uleb128 0x2117
 266 003e 19       		.uleb128 0x19
 267 003f 01       		.uleb128 0x1
 268 0040 13       		.uleb128 0x13
 269 0041 00       		.byte	0
 270 0042 00       		.byte	0
 271 0043 05       		.uleb128 0x5
 272 0044 898201   		.uleb128 0x4109
 273 0047 00       		.byte	0
 274 0048 11       		.uleb128 0x11
 275 0049 01       		.uleb128 0x1
 276 004a 31       		.uleb128 0x31
 277 004b 13       		.uleb128 0x13
 278 004c 00       		.byte	0
 279 004d 00       		.byte	0
 280 004e 06       		.uleb128 0x6
 281 004f 2E       		.uleb128 0x2e
ARM GAS  C:\Users\Krist\AppData\Local\Temp\ccPpBvBm.s 			page 7


 282 0050 00       		.byte	0
 283 0051 3F       		.uleb128 0x3f
 284 0052 19       		.uleb128 0x19
 285 0053 3C       		.uleb128 0x3c
 286 0054 19       		.uleb128 0x19
 287 0055 6E       		.uleb128 0x6e
 288 0056 0E       		.uleb128 0xe
 289 0057 03       		.uleb128 0x3
 290 0058 0E       		.uleb128 0xe
 291 0059 3A       		.uleb128 0x3a
 292 005a 0B       		.uleb128 0xb
 293 005b 3B       		.uleb128 0x3b
 294 005c 0B       		.uleb128 0xb
 295 005d 00       		.byte	0
 296 005e 00       		.byte	0
 297 005f 00       		.byte	0
 298              		.section	.debug_aranges,"",%progbits
 299 0000 24000000 		.4byte	0x24
 300 0004 0200     		.2byte	0x2
 301 0006 00000000 		.4byte	.Ldebug_info0
 302 000a 04       		.byte	0x4
 303 000b 00       		.byte	0
 304 000c 0000     		.2byte	0
 305 000e 0000     		.2byte	0
 306 0010 00000000 		.4byte	.LFB0
 307 0014 0C000000 		.4byte	.LFE0-.LFB0
 308 0018 00000000 		.4byte	.LFB1
 309 001c 0C000000 		.4byte	.LFE1-.LFB1
 310 0020 00000000 		.4byte	0
 311 0024 00000000 		.4byte	0
 312              		.section	.debug_ranges,"",%progbits
 313              	.Ldebug_ranges0:
 314 0000 00000000 		.4byte	.LFB0
 315 0004 0C000000 		.4byte	.LFE0
 316 0008 00000000 		.4byte	.LFB1
 317 000c 0C000000 		.4byte	.LFE1
 318 0010 00000000 		.4byte	0
 319 0014 00000000 		.4byte	0
 320              		.section	.debug_line,"",%progbits
 321              	.Ldebug_line0:
 322 0000 A0000000 		.section	.debug_str,"MS",%progbits,1
 322      02007800 
 322      00000201 
 322      FB0E0D00 
 322      01010101 
 323              	.LASF6:
 324 0000 6C6F6E67 		.ascii	"long long int\000"
 324      206C6F6E 
 324      6720696E 
 324      7400
 325              	.LASF8:
 326 000e 756E7369 		.ascii	"unsigned int\000"
 326      676E6564 
 326      20696E74 
 326      00
 327              	.LASF19:
 328 001b 5065616B 		.ascii	"Peak_Detector_1_Comp_1_Stop\000"
ARM GAS  C:\Users\Krist\AppData\Local\Temp\ccPpBvBm.s 			page 8


 328      5F446574 
 328      6563746F 
 328      725F315F 
 328      436F6D70 
 329              	.LASF20:
 330 0037 474E5520 		.ascii	"GNU C11 5.4.1 20160609 (release) [ARM/embedded-5-br"
 330      43313120 
 330      352E342E 
 330      31203230 
 330      31363036 
 331 006a 616E6368 		.ascii	"anch revision 237715] -mcpu=cortex-m3 -mthumb -g -O"
 331      20726576 
 331      6973696F 
 331      6E203233 
 331      37373135 
 332 009d 67202D66 		.ascii	"g -ffunction-sections -ffat-lto-objects\000"
 332      66756E63 
 332      74696F6E 
 332      2D736563 
 332      74696F6E 
 333              	.LASF5:
 334 00c5 6C6F6E67 		.ascii	"long unsigned int\000"
 334      20756E73 
 334      69676E65 
 334      6420696E 
 334      7400
 335              	.LASF2:
 336 00d7 73686F72 		.ascii	"short int\000"
 336      7420696E 
 336      7400
 337              	.LASF7:
 338 00e1 6C6F6E67 		.ascii	"long long unsigned int\000"
 338      206C6F6E 
 338      6720756E 
 338      7369676E 
 338      65642069 
 339              	.LASF9:
 340 00f8 666C6F61 		.ascii	"float\000"
 340      7400
 341              	.LASF17:
 342 00fe 5065616B 		.ascii	"Peak_Detector_1_Comp_1_Start\000"
 342      5F446574 
 342      6563746F 
 342      725F315F 
 342      436F6D70 
 343              	.LASF1:
 344 011b 756E7369 		.ascii	"unsigned char\000"
 344      676E6564 
 344      20636861 
 344      7200
 345              	.LASF11:
 346 0129 63686172 		.ascii	"char\000"
 346      00
 347              	.LASF4:
 348 012e 6C6F6E67 		.ascii	"long int\000"
 348      20696E74 
 348      00
ARM GAS  C:\Users\Krist\AppData\Local\Temp\ccPpBvBm.s 			page 9


 349              	.LASF10:
 350 0137 646F7562 		.ascii	"double\000"
 350      6C6500
 351              	.LASF16:
 352 013e 5065616B 		.ascii	"Peak_Detector_1_Mixer_1_Start\000"
 352      5F446574 
 352      6563746F 
 352      725F315F 
 352      4D697865 
 353              	.LASF22:
 354 015c 433A5C55 		.ascii	"C:\\Users\\Krist\\OneDrive\\Dokumenter\\GitHub\\pla"
 354      73657273 
 354      5C4B7269 
 354      73745C4F 
 354      6E654472 
 355 0189 746F6F6E 		.ascii	"tooning\\PSoC\\PeakDetector\\SecondTry.cydsn\000"
 355      696E675C 
 355      50536F43 
 355      5C506561 
 355      6B446574 
 356              	.LASF3:
 357 01b3 73686F72 		.ascii	"short unsigned int\000"
 357      7420756E 
 357      7369676E 
 357      65642069 
 357      6E7400
 358              	.LASF0:
 359 01c6 7369676E 		.ascii	"signed char\000"
 359      65642063 
 359      68617200 
 360              	.LASF15:
 361 01d2 5065616B 		.ascii	"Peak_Detector_1_Stop\000"
 361      5F446574 
 361      6563746F 
 361      725F315F 
 361      53746F70 
 362              	.LASF18:
 363 01e7 5065616B 		.ascii	"Peak_Detector_1_Mixer_1_Stop\000"
 363      5F446574 
 363      6563746F 
 363      725F315F 
 363      4D697865 
 364              	.LASF12:
 365 0204 6C6F6E67 		.ascii	"long double\000"
 365      20646F75 
 365      626C6500 
 366              	.LASF21:
 367 0210 47656E65 		.ascii	"Generated_Source\\PSoC5\\Peak_Detector_1.c\000"
 367      72617465 
 367      645F536F 
 367      75726365 
 367      5C50536F 
 368              	.LASF13:
 369 0239 73697A65 		.ascii	"sizetype\000"
 369      74797065 
 369      00
 370              	.LASF14:
ARM GAS  C:\Users\Krist\AppData\Local\Temp\ccPpBvBm.s 			page 10


 371 0242 5065616B 		.ascii	"Peak_Detector_1_Start\000"
 371      5F446574 
 371      6563746F 
 371      725F315F 
 371      53746172 
 372              		.ident	"GCC: (GNU Tools for ARM Embedded Processors) 5.4.1 20160609 (release) [ARM/embedded-5-bran
