ARM GAS  C:\Users\Krist\AppData\Local\Temp\ccpwcu3E.s 			page 1


   1              		.syntax unified
   2              		.cpu cortex-m3
   3              		.fpu softvfp
   4              		.eabi_attribute 20, 1
   5              		.eabi_attribute 21, 1
   6              		.eabi_attribute 23, 3
   7              		.eabi_attribute 24, 1
   8              		.eabi_attribute 25, 1
   9              		.eabi_attribute 26, 1
  10              		.eabi_attribute 30, 1
  11              		.eabi_attribute 34, 1
  12              		.eabi_attribute 18, 4
  13              		.thumb
  14              		.syntax unified
  15              		.file	"Peak_Detector_1_Mixer_1_PM.c"
  16              		.text
  17              	.Ltext0:
  18              		.cfi_sections	.debug_frame
  19              		.section	.text.Peak_Detector_1_Mixer_1_SaveConfig,"ax",%progbits
  20              		.align	2
  21              		.global	Peak_Detector_1_Mixer_1_SaveConfig
  22              		.thumb
  23              		.thumb_func
  24              		.type	Peak_Detector_1_Mixer_1_SaveConfig, %function
  25              	Peak_Detector_1_Mixer_1_SaveConfig:
  26              	.LFB0:
  27              		.file 1 "Generated_Source\\PSoC5\\Peak_Detector_1_Mixer_1_PM.c"
   1:Generated_Source\PSoC5/Peak_Detector_1_Mixer_1_PM.c **** /*******************************************************************************
   2:Generated_Source\PSoC5/Peak_Detector_1_Mixer_1_PM.c **** * File Name: Peak_Detector_1_Mixer_1_PM.c  
   3:Generated_Source\PSoC5/Peak_Detector_1_Mixer_1_PM.c **** * Version 2.0
   4:Generated_Source\PSoC5/Peak_Detector_1_Mixer_1_PM.c **** *
   5:Generated_Source\PSoC5/Peak_Detector_1_Mixer_1_PM.c **** * Description:
   6:Generated_Source\PSoC5/Peak_Detector_1_Mixer_1_PM.c **** *  This file provides the power manager source code to the API for 
   7:Generated_Source\PSoC5/Peak_Detector_1_Mixer_1_PM.c **** *  the MIXER component.
   8:Generated_Source\PSoC5/Peak_Detector_1_Mixer_1_PM.c **** *
   9:Generated_Source\PSoC5/Peak_Detector_1_Mixer_1_PM.c **** * Note:
  10:Generated_Source\PSoC5/Peak_Detector_1_Mixer_1_PM.c **** *
  11:Generated_Source\PSoC5/Peak_Detector_1_Mixer_1_PM.c **** *******************************************************************************
  12:Generated_Source\PSoC5/Peak_Detector_1_Mixer_1_PM.c **** * Copyright 2008-2012, Cypress Semiconductor Corporation.  All rights reserved.
  13:Generated_Source\PSoC5/Peak_Detector_1_Mixer_1_PM.c **** * You may use this file only in accordance with the license, terms, conditions, 
  14:Generated_Source\PSoC5/Peak_Detector_1_Mixer_1_PM.c **** * disclaimers, and limitations in the end user license agreement accompanying 
  15:Generated_Source\PSoC5/Peak_Detector_1_Mixer_1_PM.c **** * the software package with which this file was provided.
  16:Generated_Source\PSoC5/Peak_Detector_1_Mixer_1_PM.c **** *******************************************************************************/
  17:Generated_Source\PSoC5/Peak_Detector_1_Mixer_1_PM.c **** 
  18:Generated_Source\PSoC5/Peak_Detector_1_Mixer_1_PM.c **** #include "Peak_Detector_1_Mixer_1.h"
  19:Generated_Source\PSoC5/Peak_Detector_1_Mixer_1_PM.c **** 
  20:Generated_Source\PSoC5/Peak_Detector_1_Mixer_1_PM.c **** static Peak_Detector_1_Mixer_1_backupStruct  Peak_Detector_1_Mixer_1_backup;
  21:Generated_Source\PSoC5/Peak_Detector_1_Mixer_1_PM.c **** 
  22:Generated_Source\PSoC5/Peak_Detector_1_Mixer_1_PM.c **** 
  23:Generated_Source\PSoC5/Peak_Detector_1_Mixer_1_PM.c **** /*******************************************************************************
  24:Generated_Source\PSoC5/Peak_Detector_1_Mixer_1_PM.c **** * Function Name: Peak_Detector_1_Mixer_1_SaveConfig
  25:Generated_Source\PSoC5/Peak_Detector_1_Mixer_1_PM.c **** ********************************************************************************
  26:Generated_Source\PSoC5/Peak_Detector_1_Mixer_1_PM.c **** *
  27:Generated_Source\PSoC5/Peak_Detector_1_Mixer_1_PM.c **** * Summary:
  28:Generated_Source\PSoC5/Peak_Detector_1_Mixer_1_PM.c **** *  Saves the current user configuration.
  29:Generated_Source\PSoC5/Peak_Detector_1_Mixer_1_PM.c **** *  
  30:Generated_Source\PSoC5/Peak_Detector_1_Mixer_1_PM.c **** * Parameters:  
ARM GAS  C:\Users\Krist\AppData\Local\Temp\ccpwcu3E.s 			page 2


  31:Generated_Source\PSoC5/Peak_Detector_1_Mixer_1_PM.c **** *  void.
  32:Generated_Source\PSoC5/Peak_Detector_1_Mixer_1_PM.c **** *
  33:Generated_Source\PSoC5/Peak_Detector_1_Mixer_1_PM.c **** * Return: 
  34:Generated_Source\PSoC5/Peak_Detector_1_Mixer_1_PM.c **** *  void.
  35:Generated_Source\PSoC5/Peak_Detector_1_Mixer_1_PM.c **** *
  36:Generated_Source\PSoC5/Peak_Detector_1_Mixer_1_PM.c **** *******************************************************************************/
  37:Generated_Source\PSoC5/Peak_Detector_1_Mixer_1_PM.c **** void Peak_Detector_1_Mixer_1_SaveConfig(void) 
  38:Generated_Source\PSoC5/Peak_Detector_1_Mixer_1_PM.c **** {
  28              		.loc 1 38 0
  29              		.cfi_startproc
  30              		@ args = 0, pretend = 0, frame = 0
  31              		@ frame_needed = 0, uses_anonymous_args = 0
  32              		@ link register save eliminated.
  33 0000 7047     		bx	lr
  34              		.cfi_endproc
  35              	.LFE0:
  36              		.size	Peak_Detector_1_Mixer_1_SaveConfig, .-Peak_Detector_1_Mixer_1_SaveConfig
  37 0002 00BF     		.section	.text.Peak_Detector_1_Mixer_1_RestoreConfig,"ax",%progbits
  38              		.align	2
  39              		.global	Peak_Detector_1_Mixer_1_RestoreConfig
  40              		.thumb
  41              		.thumb_func
  42              		.type	Peak_Detector_1_Mixer_1_RestoreConfig, %function
  43              	Peak_Detector_1_Mixer_1_RestoreConfig:
  44              	.LFB1:
  39:Generated_Source\PSoC5/Peak_Detector_1_Mixer_1_PM.c ****     /* Nothing to save before entering into sleep mode as all the registers used 
  40:Generated_Source\PSoC5/Peak_Detector_1_Mixer_1_PM.c ****        here are retension registers. */
  41:Generated_Source\PSoC5/Peak_Detector_1_Mixer_1_PM.c **** }
  42:Generated_Source\PSoC5/Peak_Detector_1_Mixer_1_PM.c **** 
  43:Generated_Source\PSoC5/Peak_Detector_1_Mixer_1_PM.c **** 
  44:Generated_Source\PSoC5/Peak_Detector_1_Mixer_1_PM.c **** /*******************************************************************************
  45:Generated_Source\PSoC5/Peak_Detector_1_Mixer_1_PM.c **** * Function Name: Peak_Detector_1_Mixer_1_RestoreConfig
  46:Generated_Source\PSoC5/Peak_Detector_1_Mixer_1_PM.c **** ********************************************************************************
  47:Generated_Source\PSoC5/Peak_Detector_1_Mixer_1_PM.c **** *
  48:Generated_Source\PSoC5/Peak_Detector_1_Mixer_1_PM.c **** * Summary:
  49:Generated_Source\PSoC5/Peak_Detector_1_Mixer_1_PM.c **** *  Restores the current user configuration.
  50:Generated_Source\PSoC5/Peak_Detector_1_Mixer_1_PM.c **** *
  51:Generated_Source\PSoC5/Peak_Detector_1_Mixer_1_PM.c **** * Parameters:  
  52:Generated_Source\PSoC5/Peak_Detector_1_Mixer_1_PM.c **** *  void.
  53:Generated_Source\PSoC5/Peak_Detector_1_Mixer_1_PM.c **** *
  54:Generated_Source\PSoC5/Peak_Detector_1_Mixer_1_PM.c **** * Return: 
  55:Generated_Source\PSoC5/Peak_Detector_1_Mixer_1_PM.c **** *  void
  56:Generated_Source\PSoC5/Peak_Detector_1_Mixer_1_PM.c **** *
  57:Generated_Source\PSoC5/Peak_Detector_1_Mixer_1_PM.c **** *******************************************************************************/
  58:Generated_Source\PSoC5/Peak_Detector_1_Mixer_1_PM.c **** void Peak_Detector_1_Mixer_1_RestoreConfig(void) 
  59:Generated_Source\PSoC5/Peak_Detector_1_Mixer_1_PM.c **** {
  45              		.loc 1 59 0
  46              		.cfi_startproc
  47              		@ args = 0, pretend = 0, frame = 0
  48              		@ frame_needed = 0, uses_anonymous_args = 0
  49              		@ link register save eliminated.
  50 0000 7047     		bx	lr
  51              		.cfi_endproc
  52              	.LFE1:
  53              		.size	Peak_Detector_1_Mixer_1_RestoreConfig, .-Peak_Detector_1_Mixer_1_RestoreConfig
  54 0002 00BF     		.section	.text.Peak_Detector_1_Mixer_1_Sleep,"ax",%progbits
  55              		.align	2
ARM GAS  C:\Users\Krist\AppData\Local\Temp\ccpwcu3E.s 			page 3


  56              		.global	Peak_Detector_1_Mixer_1_Sleep
  57              		.thumb
  58              		.thumb_func
  59              		.type	Peak_Detector_1_Mixer_1_Sleep, %function
  60              	Peak_Detector_1_Mixer_1_Sleep:
  61              	.LFB2:
  60:Generated_Source\PSoC5/Peak_Detector_1_Mixer_1_PM.c ****     /* Nothing to restore */
  61:Generated_Source\PSoC5/Peak_Detector_1_Mixer_1_PM.c **** }
  62:Generated_Source\PSoC5/Peak_Detector_1_Mixer_1_PM.c **** 
  63:Generated_Source\PSoC5/Peak_Detector_1_Mixer_1_PM.c **** 
  64:Generated_Source\PSoC5/Peak_Detector_1_Mixer_1_PM.c **** /*******************************************************************************
  65:Generated_Source\PSoC5/Peak_Detector_1_Mixer_1_PM.c **** * Function Name: Peak_Detector_1_Mixer_1_Sleep
  66:Generated_Source\PSoC5/Peak_Detector_1_Mixer_1_PM.c **** ********************************************************************************
  67:Generated_Source\PSoC5/Peak_Detector_1_Mixer_1_PM.c **** *
  68:Generated_Source\PSoC5/Peak_Detector_1_Mixer_1_PM.c **** * Summary:
  69:Generated_Source\PSoC5/Peak_Detector_1_Mixer_1_PM.c **** *  Disables block's operation and saves its configuration. Should be called 
  70:Generated_Source\PSoC5/Peak_Detector_1_Mixer_1_PM.c **** *  just prior to entering sleep.
  71:Generated_Source\PSoC5/Peak_Detector_1_Mixer_1_PM.c **** *  
  72:Generated_Source\PSoC5/Peak_Detector_1_Mixer_1_PM.c **** * Parameters:  
  73:Generated_Source\PSoC5/Peak_Detector_1_Mixer_1_PM.c **** *  None
  74:Generated_Source\PSoC5/Peak_Detector_1_Mixer_1_PM.c **** *
  75:Generated_Source\PSoC5/Peak_Detector_1_Mixer_1_PM.c **** * Return: 
  76:Generated_Source\PSoC5/Peak_Detector_1_Mixer_1_PM.c **** *  None
  77:Generated_Source\PSoC5/Peak_Detector_1_Mixer_1_PM.c **** *
  78:Generated_Source\PSoC5/Peak_Detector_1_Mixer_1_PM.c **** * Global variables:
  79:Generated_Source\PSoC5/Peak_Detector_1_Mixer_1_PM.c **** *  Peak_Detector_1_Mixer_1_backup:  The structure field 'enableState' is modified 
  80:Generated_Source\PSoC5/Peak_Detector_1_Mixer_1_PM.c **** *  depending on the enable state of the block before entering to sleep mode.
  81:Generated_Source\PSoC5/Peak_Detector_1_Mixer_1_PM.c **** *
  82:Generated_Source\PSoC5/Peak_Detector_1_Mixer_1_PM.c **** *******************************************************************************/
  83:Generated_Source\PSoC5/Peak_Detector_1_Mixer_1_PM.c **** void Peak_Detector_1_Mixer_1_Sleep(void) 
  84:Generated_Source\PSoC5/Peak_Detector_1_Mixer_1_PM.c **** {
  62              		.loc 1 84 0
  63              		.cfi_startproc
  64              		@ args = 0, pretend = 0, frame = 0
  65              		@ frame_needed = 0, uses_anonymous_args = 0
  66              		.loc 1 84 0
  67 0000 08B5     		push	{r3, lr}
  68              		.cfi_def_cfa_offset 8
  69              		.cfi_offset 3, -8
  70              		.cfi_offset 14, -4
  85:Generated_Source\PSoC5/Peak_Detector_1_Mixer_1_PM.c ****     /* Save Mixer enable state */
  86:Generated_Source\PSoC5/Peak_Detector_1_Mixer_1_PM.c ****     if((Peak_Detector_1_Mixer_1_PM_ACT_CFG_REG & Peak_Detector_1_Mixer_1_ACT_PWR_EN) != 0u)
  71              		.loc 1 86 0
  72 0002 074B     		ldr	r3, .L7
  73 0004 1B78     		ldrb	r3, [r3]	@ zero_extendqisi2
  74 0006 13F0010F 		tst	r3, #1
  75 000a 05D0     		beq	.L4
  87:Generated_Source\PSoC5/Peak_Detector_1_Mixer_1_PM.c ****     {
  88:Generated_Source\PSoC5/Peak_Detector_1_Mixer_1_PM.c ****         /* Component is enabled */
  89:Generated_Source\PSoC5/Peak_Detector_1_Mixer_1_PM.c ****         Peak_Detector_1_Mixer_1_backup.enableState = 1u;
  76              		.loc 1 89 0
  77 000c 0122     		movs	r2, #1
  78 000e 054B     		ldr	r3, .L7+4
  79 0010 1A70     		strb	r2, [r3]
  90:Generated_Source\PSoC5/Peak_Detector_1_Mixer_1_PM.c ****         /* Stop the configuration */
  91:Generated_Source\PSoC5/Peak_Detector_1_Mixer_1_PM.c ****         Peak_Detector_1_Mixer_1_Stop();
  80              		.loc 1 91 0
ARM GAS  C:\Users\Krist\AppData\Local\Temp\ccpwcu3E.s 			page 4


  81 0012 FFF7FEFF 		bl	Peak_Detector_1_Mixer_1_Stop
  82              	.LVL0:
  83 0016 08BD     		pop	{r3, pc}
  84              	.L4:
  92:Generated_Source\PSoC5/Peak_Detector_1_Mixer_1_PM.c ****     }
  93:Generated_Source\PSoC5/Peak_Detector_1_Mixer_1_PM.c ****     else
  94:Generated_Source\PSoC5/Peak_Detector_1_Mixer_1_PM.c ****     {
  95:Generated_Source\PSoC5/Peak_Detector_1_Mixer_1_PM.c ****         /* Component is disabled */
  96:Generated_Source\PSoC5/Peak_Detector_1_Mixer_1_PM.c ****         Peak_Detector_1_Mixer_1_backup.enableState = 0u;
  85              		.loc 1 96 0
  86 0018 0022     		movs	r2, #0
  87 001a 024B     		ldr	r3, .L7+4
  88 001c 1A70     		strb	r2, [r3]
  89 001e 08BD     		pop	{r3, pc}
  90              	.L8:
  91              		.align	2
  92              	.L7:
  93 0020 A9430040 		.word	1073759145
  94 0024 00000000 		.word	.LANCHOR0
  95              		.cfi_endproc
  96              	.LFE2:
  97              		.size	Peak_Detector_1_Mixer_1_Sleep, .-Peak_Detector_1_Mixer_1_Sleep
  98              		.section	.text.Peak_Detector_1_Mixer_1_Wakeup,"ax",%progbits
  99              		.align	2
 100              		.global	Peak_Detector_1_Mixer_1_Wakeup
 101              		.thumb
 102              		.thumb_func
 103              		.type	Peak_Detector_1_Mixer_1_Wakeup, %function
 104              	Peak_Detector_1_Mixer_1_Wakeup:
 105              	.LFB3:
  97:Generated_Source\PSoC5/Peak_Detector_1_Mixer_1_PM.c ****     }
  98:Generated_Source\PSoC5/Peak_Detector_1_Mixer_1_PM.c ****     /* Saves the user configuration */
  99:Generated_Source\PSoC5/Peak_Detector_1_Mixer_1_PM.c ****     Peak_Detector_1_Mixer_1_SaveConfig();
 100:Generated_Source\PSoC5/Peak_Detector_1_Mixer_1_PM.c **** }
 101:Generated_Source\PSoC5/Peak_Detector_1_Mixer_1_PM.c **** 
 102:Generated_Source\PSoC5/Peak_Detector_1_Mixer_1_PM.c **** 
 103:Generated_Source\PSoC5/Peak_Detector_1_Mixer_1_PM.c **** /*******************************************************************************
 104:Generated_Source\PSoC5/Peak_Detector_1_Mixer_1_PM.c **** * Function Name: Peak_Detector_1_Mixer_1_Wakeup
 105:Generated_Source\PSoC5/Peak_Detector_1_Mixer_1_PM.c **** ********************************************************************************
 106:Generated_Source\PSoC5/Peak_Detector_1_Mixer_1_PM.c **** *
 107:Generated_Source\PSoC5/Peak_Detector_1_Mixer_1_PM.c **** * Summary:
 108:Generated_Source\PSoC5/Peak_Detector_1_Mixer_1_PM.c **** *  Enables block's operation and restores its configuration. Should be called
 109:Generated_Source\PSoC5/Peak_Detector_1_Mixer_1_PM.c **** *  just after awaking from sleep.
 110:Generated_Source\PSoC5/Peak_Detector_1_Mixer_1_PM.c **** *  
 111:Generated_Source\PSoC5/Peak_Detector_1_Mixer_1_PM.c **** * Parameters:  
 112:Generated_Source\PSoC5/Peak_Detector_1_Mixer_1_PM.c **** *  None
 113:Generated_Source\PSoC5/Peak_Detector_1_Mixer_1_PM.c **** *
 114:Generated_Source\PSoC5/Peak_Detector_1_Mixer_1_PM.c **** * Return: 
 115:Generated_Source\PSoC5/Peak_Detector_1_Mixer_1_PM.c **** *  void
 116:Generated_Source\PSoC5/Peak_Detector_1_Mixer_1_PM.c **** *
 117:Generated_Source\PSoC5/Peak_Detector_1_Mixer_1_PM.c **** * Global variables:
 118:Generated_Source\PSoC5/Peak_Detector_1_Mixer_1_PM.c **** *  Peak_Detector_1_Mixer_1_backup:  The structure field 'enableState' is used to 
 119:Generated_Source\PSoC5/Peak_Detector_1_Mixer_1_PM.c **** *  restore the enable state of block after wakeup from sleep mode.
 120:Generated_Source\PSoC5/Peak_Detector_1_Mixer_1_PM.c **** *
 121:Generated_Source\PSoC5/Peak_Detector_1_Mixer_1_PM.c **** *******************************************************************************/
 122:Generated_Source\PSoC5/Peak_Detector_1_Mixer_1_PM.c **** void Peak_Detector_1_Mixer_1_Wakeup(void) 
 123:Generated_Source\PSoC5/Peak_Detector_1_Mixer_1_PM.c **** {
ARM GAS  C:\Users\Krist\AppData\Local\Temp\ccpwcu3E.s 			page 5


 106              		.loc 1 123 0
 107              		.cfi_startproc
 108              		@ args = 0, pretend = 0, frame = 0
 109              		@ frame_needed = 0, uses_anonymous_args = 0
 110 0000 08B5     		push	{r3, lr}
 111              		.cfi_def_cfa_offset 8
 112              		.cfi_offset 3, -8
 113              		.cfi_offset 14, -4
 124:Generated_Source\PSoC5/Peak_Detector_1_Mixer_1_PM.c ****     /* Restore the user configuration */
 125:Generated_Source\PSoC5/Peak_Detector_1_Mixer_1_PM.c ****     Peak_Detector_1_Mixer_1_RestoreConfig();
 126:Generated_Source\PSoC5/Peak_Detector_1_Mixer_1_PM.c ****     
 127:Generated_Source\PSoC5/Peak_Detector_1_Mixer_1_PM.c ****     /* Enable's the component operation */
 128:Generated_Source\PSoC5/Peak_Detector_1_Mixer_1_PM.c ****     if(Peak_Detector_1_Mixer_1_backup.enableState == 1u)
 114              		.loc 1 128 0
 115 0002 034B     		ldr	r3, .L12
 116 0004 1B78     		ldrb	r3, [r3]	@ zero_extendqisi2
 117 0006 012B     		cmp	r3, #1
 118 0008 01D1     		bne	.L9
 129:Generated_Source\PSoC5/Peak_Detector_1_Mixer_1_PM.c ****     {
 130:Generated_Source\PSoC5/Peak_Detector_1_Mixer_1_PM.c ****         Peak_Detector_1_Mixer_1_Enable();
 119              		.loc 1 130 0
 120 000a FFF7FEFF 		bl	Peak_Detector_1_Mixer_1_Enable
 121              	.LVL1:
 122              	.L9:
 123 000e 08BD     		pop	{r3, pc}
 124              	.L13:
 125              		.align	2
 126              	.L12:
 127 0010 00000000 		.word	.LANCHOR0
 128              		.cfi_endproc
 129              	.LFE3:
 130              		.size	Peak_Detector_1_Mixer_1_Wakeup, .-Peak_Detector_1_Mixer_1_Wakeup
 131              		.bss
 132              		.align	2
 133              		.set	.LANCHOR0,. + 0
 134              		.type	Peak_Detector_1_Mixer_1_backup, %object
 135              		.size	Peak_Detector_1_Mixer_1_backup, 4
 136              	Peak_Detector_1_Mixer_1_backup:
 137 0000 00000000 		.space	4
 138              		.text
 139              	.Letext0:
 140              		.file 2 "Generated_Source\\PSoC5\\cytypes.h"
 141              		.file 3 "Generated_Source\\PSoC5\\Peak_Detector_1_Mixer_1.h"
 142              		.section	.debug_info,"",%progbits
 143              	.Ldebug_info0:
 144 0000 73010000 		.4byte	0x173
 145 0004 0400     		.2byte	0x4
 146 0006 00000000 		.4byte	.Ldebug_abbrev0
 147 000a 04       		.byte	0x4
 148 000b 01       		.uleb128 0x1
 149 000c 69000000 		.4byte	.LASF27
 150 0010 0C       		.byte	0xc
 151 0011 AF010000 		.4byte	.LASF28
 152 0015 65020000 		.4byte	.LASF29
 153 0019 00000000 		.4byte	.Ldebug_ranges0+0
 154 001d 00000000 		.4byte	0
 155 0021 00000000 		.4byte	.Ldebug_line0
ARM GAS  C:\Users\Krist\AppData\Local\Temp\ccpwcu3E.s 			page 6


 156 0025 02       		.uleb128 0x2
 157 0026 01       		.byte	0x1
 158 0027 06       		.byte	0x6
 159 0028 C8020000 		.4byte	.LASF0
 160 002c 02       		.uleb128 0x2
 161 002d 01       		.byte	0x1
 162 002e 08       		.byte	0x8
 163 002f 5B000000 		.4byte	.LASF1
 164 0033 02       		.uleb128 0x2
 165 0034 02       		.byte	0x2
 166 0035 05       		.byte	0x5
 167 0036 52020000 		.4byte	.LASF2
 168 003a 02       		.uleb128 0x2
 169 003b 02       		.byte	0x2
 170 003c 07       		.byte	0x7
 171 003d 1D000000 		.4byte	.LASF3
 172 0041 02       		.uleb128 0x2
 173 0042 04       		.byte	0x4
 174 0043 05       		.byte	0x5
 175 0044 5C020000 		.4byte	.LASF4
 176 0048 02       		.uleb128 0x2
 177 0049 04       		.byte	0x4
 178 004a 07       		.byte	0x7
 179 004b 1B010000 		.4byte	.LASF5
 180 004f 02       		.uleb128 0x2
 181 0050 08       		.byte	0x8
 182 0051 05       		.byte	0x5
 183 0052 10020000 		.4byte	.LASF6
 184 0056 02       		.uleb128 0x2
 185 0057 08       		.byte	0x8
 186 0058 07       		.byte	0x7
 187 0059 F0010000 		.4byte	.LASF7
 188 005d 03       		.uleb128 0x3
 189 005e 04       		.byte	0x4
 190 005f 05       		.byte	0x5
 191 0060 696E7400 		.ascii	"int\000"
 192 0064 02       		.uleb128 0x2
 193 0065 04       		.byte	0x4
 194 0066 07       		.byte	0x7
 195 0067 E3010000 		.4byte	.LASF8
 196 006b 04       		.uleb128 0x4
 197 006c 2D010000 		.4byte	.LASF12
 198 0070 02       		.byte	0x2
 199 0071 9201     		.2byte	0x192
 200 0073 2C000000 		.4byte	0x2c
 201 0077 02       		.uleb128 0x2
 202 0078 04       		.byte	0x4
 203 0079 04       		.byte	0x4
 204 007a 30000000 		.4byte	.LASF9
 205 007e 02       		.uleb128 0x2
 206 007f 08       		.byte	0x8
 207 0080 04       		.byte	0x4
 208 0081 75010000 		.4byte	.LASF10
 209 0085 02       		.uleb128 0x2
 210 0086 01       		.byte	0x1
 211 0087 08       		.byte	0x8
 212 0088 27020000 		.4byte	.LASF11
ARM GAS  C:\Users\Krist\AppData\Local\Temp\ccpwcu3E.s 			page 7


 213 008c 04       		.uleb128 0x4
 214 008d 16010000 		.4byte	.LASF13
 215 0091 02       		.byte	0x2
 216 0092 3C02     		.2byte	0x23c
 217 0094 98000000 		.4byte	0x98
 218 0098 05       		.uleb128 0x5
 219 0099 6B000000 		.4byte	0x6b
 220 009d 02       		.uleb128 0x2
 221 009e 08       		.byte	0x8
 222 009f 04       		.byte	0x4
 223 00a0 BC020000 		.4byte	.LASF14
 224 00a4 02       		.uleb128 0x2
 225 00a5 04       		.byte	0x4
 226 00a6 07       		.byte	0x7
 227 00a7 07020000 		.4byte	.LASF15
 228 00ab 06       		.uleb128 0x6
 229 00ac 04       		.byte	0x4
 230 00ad 03       		.byte	0x3
 231 00ae 2E       		.byte	0x2e
 232 00af E4000000 		.4byte	0xe4
 233 00b3 07       		.uleb128 0x7
 234 00b4 A3010000 		.4byte	.LASF16
 235 00b8 03       		.byte	0x3
 236 00b9 30       		.byte	0x30
 237 00ba 6B000000 		.4byte	0x6b
 238 00be 00       		.byte	0
 239 00bf 07       		.uleb128 0x7
 240 00c0 7C010000 		.4byte	.LASF17
 241 00c4 03       		.byte	0x3
 242 00c5 31       		.byte	0x31
 243 00c6 6B000000 		.4byte	0x6b
 244 00ca 01       		.byte	0x1
 245 00cb 07       		.uleb128 0x7
 246 00cc 1E020000 		.4byte	.LASF18
 247 00d0 03       		.byte	0x3
 248 00d1 32       		.byte	0x32
 249 00d2 6B000000 		.4byte	0x6b
 250 00d6 02       		.byte	0x2
 251 00d7 07       		.uleb128 0x7
 252 00d8 D4020000 		.4byte	.LASF19
 253 00dc 03       		.byte	0x3
 254 00dd 33       		.byte	0x33
 255 00de 6B000000 		.4byte	0x6b
 256 00e2 03       		.byte	0x3
 257 00e3 00       		.byte	0
 258 00e4 08       		.uleb128 0x8
 259 00e5 36000000 		.4byte	.LASF20
 260 00e9 03       		.byte	0x3
 261 00ea 34       		.byte	0x34
 262 00eb AB000000 		.4byte	0xab
 263 00ef 09       		.uleb128 0x9
 264 00f0 33010000 		.4byte	.LASF21
 265 00f4 01       		.byte	0x1
 266 00f5 25       		.byte	0x25
 267 00f6 00000000 		.4byte	.LFB0
 268 00fa 02000000 		.4byte	.LFE0-.LFB0
 269 00fe 01       		.uleb128 0x1
ARM GAS  C:\Users\Krist\AppData\Local\Temp\ccpwcu3E.s 			page 8


 270 00ff 9C       		.byte	0x9c
 271 0100 09       		.uleb128 0x9
 272 0101 2C020000 		.4byte	.LASF22
 273 0105 01       		.byte	0x1
 274 0106 3A       		.byte	0x3a
 275 0107 00000000 		.4byte	.LFB1
 276 010b 02000000 		.4byte	.LFE1-.LFB1
 277 010f 01       		.uleb128 0x1
 278 0110 9C       		.byte	0x9c
 279 0111 0A       		.uleb128 0xa
 280 0112 85010000 		.4byte	.LASF23
 281 0116 01       		.byte	0x1
 282 0117 53       		.byte	0x53
 283 0118 00000000 		.4byte	.LFB2
 284 011c 28000000 		.4byte	.LFE2-.LFB2
 285 0120 01       		.uleb128 0x1
 286 0121 9C       		.byte	0x9c
 287 0122 30010000 		.4byte	0x130
 288 0126 0B       		.uleb128 0xb
 289 0127 16000000 		.4byte	.LVL0
 290 012b 60010000 		.4byte	0x160
 291 012f 00       		.byte	0
 292 0130 0A       		.uleb128 0xa
 293 0131 56010000 		.4byte	.LASF24
 294 0135 01       		.byte	0x1
 295 0136 7A       		.byte	0x7a
 296 0137 00000000 		.4byte	.LFB3
 297 013b 14000000 		.4byte	.LFE3-.LFB3
 298 013f 01       		.uleb128 0x1
 299 0140 9C       		.byte	0x9c
 300 0141 4F010000 		.4byte	0x14f
 301 0145 0B       		.uleb128 0xb
 302 0146 0E000000 		.4byte	.LVL1
 303 014a 6B010000 		.4byte	0x16b
 304 014e 00       		.byte	0
 305 014f 0C       		.uleb128 0xc
 306 0150 F7000000 		.4byte	.LASF30
 307 0154 01       		.byte	0x1
 308 0155 14       		.byte	0x14
 309 0156 E4000000 		.4byte	0xe4
 310 015a 05       		.uleb128 0x5
 311 015b 03       		.byte	0x3
 312 015c 00000000 		.4byte	Peak_Detector_1_Mixer_1_backup
 313 0160 0D       		.uleb128 0xd
 314 0161 00000000 		.4byte	.LASF25
 315 0165 00000000 		.4byte	.LASF25
 316 0169 03       		.byte	0x3
 317 016a 3E       		.byte	0x3e
 318 016b 0D       		.uleb128 0xd
 319 016c DD020000 		.4byte	.LASF26
 320 0170 DD020000 		.4byte	.LASF26
 321 0174 03       		.byte	0x3
 322 0175 45       		.byte	0x45
 323 0176 00       		.byte	0
 324              		.section	.debug_abbrev,"",%progbits
 325              	.Ldebug_abbrev0:
 326 0000 01       		.uleb128 0x1
ARM GAS  C:\Users\Krist\AppData\Local\Temp\ccpwcu3E.s 			page 9


 327 0001 11       		.uleb128 0x11
 328 0002 01       		.byte	0x1
 329 0003 25       		.uleb128 0x25
 330 0004 0E       		.uleb128 0xe
 331 0005 13       		.uleb128 0x13
 332 0006 0B       		.uleb128 0xb
 333 0007 03       		.uleb128 0x3
 334 0008 0E       		.uleb128 0xe
 335 0009 1B       		.uleb128 0x1b
 336 000a 0E       		.uleb128 0xe
 337 000b 55       		.uleb128 0x55
 338 000c 17       		.uleb128 0x17
 339 000d 11       		.uleb128 0x11
 340 000e 01       		.uleb128 0x1
 341 000f 10       		.uleb128 0x10
 342 0010 17       		.uleb128 0x17
 343 0011 00       		.byte	0
 344 0012 00       		.byte	0
 345 0013 02       		.uleb128 0x2
 346 0014 24       		.uleb128 0x24
 347 0015 00       		.byte	0
 348 0016 0B       		.uleb128 0xb
 349 0017 0B       		.uleb128 0xb
 350 0018 3E       		.uleb128 0x3e
 351 0019 0B       		.uleb128 0xb
 352 001a 03       		.uleb128 0x3
 353 001b 0E       		.uleb128 0xe
 354 001c 00       		.byte	0
 355 001d 00       		.byte	0
 356 001e 03       		.uleb128 0x3
 357 001f 24       		.uleb128 0x24
 358 0020 00       		.byte	0
 359 0021 0B       		.uleb128 0xb
 360 0022 0B       		.uleb128 0xb
 361 0023 3E       		.uleb128 0x3e
 362 0024 0B       		.uleb128 0xb
 363 0025 03       		.uleb128 0x3
 364 0026 08       		.uleb128 0x8
 365 0027 00       		.byte	0
 366 0028 00       		.byte	0
 367 0029 04       		.uleb128 0x4
 368 002a 16       		.uleb128 0x16
 369 002b 00       		.byte	0
 370 002c 03       		.uleb128 0x3
 371 002d 0E       		.uleb128 0xe
 372 002e 3A       		.uleb128 0x3a
 373 002f 0B       		.uleb128 0xb
 374 0030 3B       		.uleb128 0x3b
 375 0031 05       		.uleb128 0x5
 376 0032 49       		.uleb128 0x49
 377 0033 13       		.uleb128 0x13
 378 0034 00       		.byte	0
 379 0035 00       		.byte	0
 380 0036 05       		.uleb128 0x5
 381 0037 35       		.uleb128 0x35
 382 0038 00       		.byte	0
 383 0039 49       		.uleb128 0x49
ARM GAS  C:\Users\Krist\AppData\Local\Temp\ccpwcu3E.s 			page 10


 384 003a 13       		.uleb128 0x13
 385 003b 00       		.byte	0
 386 003c 00       		.byte	0
 387 003d 06       		.uleb128 0x6
 388 003e 13       		.uleb128 0x13
 389 003f 01       		.byte	0x1
 390 0040 0B       		.uleb128 0xb
 391 0041 0B       		.uleb128 0xb
 392 0042 3A       		.uleb128 0x3a
 393 0043 0B       		.uleb128 0xb
 394 0044 3B       		.uleb128 0x3b
 395 0045 0B       		.uleb128 0xb
 396 0046 01       		.uleb128 0x1
 397 0047 13       		.uleb128 0x13
 398 0048 00       		.byte	0
 399 0049 00       		.byte	0
 400 004a 07       		.uleb128 0x7
 401 004b 0D       		.uleb128 0xd
 402 004c 00       		.byte	0
 403 004d 03       		.uleb128 0x3
 404 004e 0E       		.uleb128 0xe
 405 004f 3A       		.uleb128 0x3a
 406 0050 0B       		.uleb128 0xb
 407 0051 3B       		.uleb128 0x3b
 408 0052 0B       		.uleb128 0xb
 409 0053 49       		.uleb128 0x49
 410 0054 13       		.uleb128 0x13
 411 0055 38       		.uleb128 0x38
 412 0056 0B       		.uleb128 0xb
 413 0057 00       		.byte	0
 414 0058 00       		.byte	0
 415 0059 08       		.uleb128 0x8
 416 005a 16       		.uleb128 0x16
 417 005b 00       		.byte	0
 418 005c 03       		.uleb128 0x3
 419 005d 0E       		.uleb128 0xe
 420 005e 3A       		.uleb128 0x3a
 421 005f 0B       		.uleb128 0xb
 422 0060 3B       		.uleb128 0x3b
 423 0061 0B       		.uleb128 0xb
 424 0062 49       		.uleb128 0x49
 425 0063 13       		.uleb128 0x13
 426 0064 00       		.byte	0
 427 0065 00       		.byte	0
 428 0066 09       		.uleb128 0x9
 429 0067 2E       		.uleb128 0x2e
 430 0068 00       		.byte	0
 431 0069 3F       		.uleb128 0x3f
 432 006a 19       		.uleb128 0x19
 433 006b 03       		.uleb128 0x3
 434 006c 0E       		.uleb128 0xe
 435 006d 3A       		.uleb128 0x3a
 436 006e 0B       		.uleb128 0xb
 437 006f 3B       		.uleb128 0x3b
 438 0070 0B       		.uleb128 0xb
 439 0071 27       		.uleb128 0x27
 440 0072 19       		.uleb128 0x19
ARM GAS  C:\Users\Krist\AppData\Local\Temp\ccpwcu3E.s 			page 11


 441 0073 11       		.uleb128 0x11
 442 0074 01       		.uleb128 0x1
 443 0075 12       		.uleb128 0x12
 444 0076 06       		.uleb128 0x6
 445 0077 40       		.uleb128 0x40
 446 0078 18       		.uleb128 0x18
 447 0079 9742     		.uleb128 0x2117
 448 007b 19       		.uleb128 0x19
 449 007c 00       		.byte	0
 450 007d 00       		.byte	0
 451 007e 0A       		.uleb128 0xa
 452 007f 2E       		.uleb128 0x2e
 453 0080 01       		.byte	0x1
 454 0081 3F       		.uleb128 0x3f
 455 0082 19       		.uleb128 0x19
 456 0083 03       		.uleb128 0x3
 457 0084 0E       		.uleb128 0xe
 458 0085 3A       		.uleb128 0x3a
 459 0086 0B       		.uleb128 0xb
 460 0087 3B       		.uleb128 0x3b
 461 0088 0B       		.uleb128 0xb
 462 0089 27       		.uleb128 0x27
 463 008a 19       		.uleb128 0x19
 464 008b 11       		.uleb128 0x11
 465 008c 01       		.uleb128 0x1
 466 008d 12       		.uleb128 0x12
 467 008e 06       		.uleb128 0x6
 468 008f 40       		.uleb128 0x40
 469 0090 18       		.uleb128 0x18
 470 0091 9742     		.uleb128 0x2117
 471 0093 19       		.uleb128 0x19
 472 0094 01       		.uleb128 0x1
 473 0095 13       		.uleb128 0x13
 474 0096 00       		.byte	0
 475 0097 00       		.byte	0
 476 0098 0B       		.uleb128 0xb
 477 0099 898201   		.uleb128 0x4109
 478 009c 00       		.byte	0
 479 009d 11       		.uleb128 0x11
 480 009e 01       		.uleb128 0x1
 481 009f 31       		.uleb128 0x31
 482 00a0 13       		.uleb128 0x13
 483 00a1 00       		.byte	0
 484 00a2 00       		.byte	0
 485 00a3 0C       		.uleb128 0xc
 486 00a4 34       		.uleb128 0x34
 487 00a5 00       		.byte	0
 488 00a6 03       		.uleb128 0x3
 489 00a7 0E       		.uleb128 0xe
 490 00a8 3A       		.uleb128 0x3a
 491 00a9 0B       		.uleb128 0xb
 492 00aa 3B       		.uleb128 0x3b
 493 00ab 0B       		.uleb128 0xb
 494 00ac 49       		.uleb128 0x49
 495 00ad 13       		.uleb128 0x13
 496 00ae 02       		.uleb128 0x2
 497 00af 18       		.uleb128 0x18
ARM GAS  C:\Users\Krist\AppData\Local\Temp\ccpwcu3E.s 			page 12


 498 00b0 00       		.byte	0
 499 00b1 00       		.byte	0
 500 00b2 0D       		.uleb128 0xd
 501 00b3 2E       		.uleb128 0x2e
 502 00b4 00       		.byte	0
 503 00b5 3F       		.uleb128 0x3f
 504 00b6 19       		.uleb128 0x19
 505 00b7 3C       		.uleb128 0x3c
 506 00b8 19       		.uleb128 0x19
 507 00b9 6E       		.uleb128 0x6e
 508 00ba 0E       		.uleb128 0xe
 509 00bb 03       		.uleb128 0x3
 510 00bc 0E       		.uleb128 0xe
 511 00bd 3A       		.uleb128 0x3a
 512 00be 0B       		.uleb128 0xb
 513 00bf 3B       		.uleb128 0x3b
 514 00c0 0B       		.uleb128 0xb
 515 00c1 00       		.byte	0
 516 00c2 00       		.byte	0
 517 00c3 00       		.byte	0
 518              		.section	.debug_aranges,"",%progbits
 519 0000 34000000 		.4byte	0x34
 520 0004 0200     		.2byte	0x2
 521 0006 00000000 		.4byte	.Ldebug_info0
 522 000a 04       		.byte	0x4
 523 000b 00       		.byte	0
 524 000c 0000     		.2byte	0
 525 000e 0000     		.2byte	0
 526 0010 00000000 		.4byte	.LFB0
 527 0014 02000000 		.4byte	.LFE0-.LFB0
 528 0018 00000000 		.4byte	.LFB1
 529 001c 02000000 		.4byte	.LFE1-.LFB1
 530 0020 00000000 		.4byte	.LFB2
 531 0024 28000000 		.4byte	.LFE2-.LFB2
 532 0028 00000000 		.4byte	.LFB3
 533 002c 14000000 		.4byte	.LFE3-.LFB3
 534 0030 00000000 		.4byte	0
 535 0034 00000000 		.4byte	0
 536              		.section	.debug_ranges,"",%progbits
 537              	.Ldebug_ranges0:
 538 0000 00000000 		.4byte	.LFB0
 539 0004 02000000 		.4byte	.LFE0
 540 0008 00000000 		.4byte	.LFB1
 541 000c 02000000 		.4byte	.LFE1
 542 0010 00000000 		.4byte	.LFB2
 543 0014 28000000 		.4byte	.LFE2
 544 0018 00000000 		.4byte	.LFB3
 545 001c 14000000 		.4byte	.LFE3
 546 0020 00000000 		.4byte	0
 547 0024 00000000 		.4byte	0
 548              		.section	.debug_line,"",%progbits
 549              	.Ldebug_line0:
 550 0000 BF000000 		.section	.debug_str,"MS",%progbits,1
 550      02007400 
 550      00000201 
 550      FB0E0D00 
 550      01010101 
ARM GAS  C:\Users\Krist\AppData\Local\Temp\ccpwcu3E.s 			page 13


 551              	.LASF25:
 552 0000 5065616B 		.ascii	"Peak_Detector_1_Mixer_1_Stop\000"
 552      5F446574 
 552      6563746F 
 552      725F315F 
 552      4D697865 
 553              	.LASF3:
 554 001d 73686F72 		.ascii	"short unsigned int\000"
 554      7420756E 
 554      7369676E 
 554      65642069 
 554      6E7400
 555              	.LASF9:
 556 0030 666C6F61 		.ascii	"float\000"
 556      7400
 557              	.LASF20:
 558 0036 5065616B 		.ascii	"Peak_Detector_1_Mixer_1_backupStruct\000"
 558      5F446574 
 558      6563746F 
 558      725F315F 
 558      4D697865 
 559              	.LASF1:
 560 005b 756E7369 		.ascii	"unsigned char\000"
 560      676E6564 
 560      20636861 
 560      7200
 561              	.LASF27:
 562 0069 474E5520 		.ascii	"GNU C11 5.4.1 20160609 (release) [ARM/embedded-5-br"
 562      43313120 
 562      352E342E 
 562      31203230 
 562      31363036 
 563 009c 616E6368 		.ascii	"anch revision 237715] -mcpu=cortex-m3 -mthumb -g -O"
 563      20726576 
 563      6973696F 
 563      6E203233 
 563      37373135 
 564 00cf 67202D66 		.ascii	"g -ffunction-sections -ffat-lto-objects\000"
 564      66756E63 
 564      74696F6E 
 564      2D736563 
 564      74696F6E 
 565              	.LASF30:
 566 00f7 5065616B 		.ascii	"Peak_Detector_1_Mixer_1_backup\000"
 566      5F446574 
 566      6563746F 
 566      725F315F 
 566      4D697865 
 567              	.LASF13:
 568 0116 72656738 		.ascii	"reg8\000"
 568      00
 569              	.LASF5:
 570 011b 6C6F6E67 		.ascii	"long unsigned int\000"
 570      20756E73 
 570      69676E65 
 570      6420696E 
 570      7400
ARM GAS  C:\Users\Krist\AppData\Local\Temp\ccpwcu3E.s 			page 14


 571              	.LASF12:
 572 012d 75696E74 		.ascii	"uint8\000"
 572      3800
 573              	.LASF21:
 574 0133 5065616B 		.ascii	"Peak_Detector_1_Mixer_1_SaveConfig\000"
 574      5F446574 
 574      6563746F 
 574      725F315F 
 574      4D697865 
 575              	.LASF24:
 576 0156 5065616B 		.ascii	"Peak_Detector_1_Mixer_1_Wakeup\000"
 576      5F446574 
 576      6563746F 
 576      725F315F 
 576      4D697865 
 577              	.LASF10:
 578 0175 646F7562 		.ascii	"double\000"
 578      6C6500
 579              	.LASF17:
 580 017c 73634352 		.ascii	"scCR0Reg\000"
 580      30526567 
 580      00
 581              	.LASF23:
 582 0185 5065616B 		.ascii	"Peak_Detector_1_Mixer_1_Sleep\000"
 582      5F446574 
 582      6563746F 
 582      725F315F 
 582      4D697865 
 583              	.LASF16:
 584 01a3 656E6162 		.ascii	"enableState\000"
 584      6C655374 
 584      61746500 
 585              	.LASF28:
 586 01af 47656E65 		.ascii	"Generated_Source\\PSoC5\\Peak_Detector_1_Mixer_1_PM"
 586      72617465 
 586      645F536F 
 586      75726365 
 586      5C50536F 
 587 01e0 2E6300   		.ascii	".c\000"
 588              	.LASF8:
 589 01e3 756E7369 		.ascii	"unsigned int\000"
 589      676E6564 
 589      20696E74 
 589      00
 590              	.LASF7:
 591 01f0 6C6F6E67 		.ascii	"long long unsigned int\000"
 591      206C6F6E 
 591      6720756E 
 591      7369676E 
 591      65642069 
 592              	.LASF15:
 593 0207 73697A65 		.ascii	"sizetype\000"
 593      74797065 
 593      00
 594              	.LASF6:
 595 0210 6C6F6E67 		.ascii	"long long int\000"
 595      206C6F6E 
ARM GAS  C:\Users\Krist\AppData\Local\Temp\ccpwcu3E.s 			page 15


 595      6720696E 
 595      7400
 596              	.LASF18:
 597 021e 73634352 		.ascii	"scCR1Reg\000"
 597      31526567 
 597      00
 598              	.LASF11:
 599 0227 63686172 		.ascii	"char\000"
 599      00
 600              	.LASF22:
 601 022c 5065616B 		.ascii	"Peak_Detector_1_Mixer_1_RestoreConfig\000"
 601      5F446574 
 601      6563746F 
 601      725F315F 
 601      4D697865 
 602              	.LASF2:
 603 0252 73686F72 		.ascii	"short int\000"
 603      7420696E 
 603      7400
 604              	.LASF4:
 605 025c 6C6F6E67 		.ascii	"long int\000"
 605      20696E74 
 605      00
 606              	.LASF29:
 607 0265 433A5C55 		.ascii	"C:\\Users\\Krist\\OneDrive\\Dokumenter\\GitHub\\pla"
 607      73657273 
 607      5C4B7269 
 607      73745C4F 
 607      6E654472 
 608 0292 746F6F6E 		.ascii	"tooning\\PSoC\\PeakDetector\\SecondTry.cydsn\000"
 608      696E675C 
 608      50536F43 
 608      5C506561 
 608      6B446574 
 609              	.LASF14:
 610 02bc 6C6F6E67 		.ascii	"long double\000"
 610      20646F75 
 610      626C6500 
 611              	.LASF0:
 612 02c8 7369676E 		.ascii	"signed char\000"
 612      65642063 
 612      68617200 
 613              	.LASF19:
 614 02d4 73634352 		.ascii	"scCR2Reg\000"
 614      32526567 
 614      00
 615              	.LASF26:
 616 02dd 5065616B 		.ascii	"Peak_Detector_1_Mixer_1_Enable\000"
 616      5F446574 
 616      6563746F 
 616      725F315F 
 616      4D697865 
 617              		.ident	"GCC: (GNU Tools for ARM Embedded Processors) 5.4.1 20160609 (release) [ARM/embedded-5-bran
