--------------- Build Started: 11/23/2018 16:11:18 Project: FirstTry, Configuration: ARM GCC 5.4-2016-q2-update Release ---------------
cydsfit.exe -.appdatapath "C:\Users\Krist\AppData\Local\Cypress Semiconductor\PSoC Creator\4.1" -.fdsnotice -.fdswarpdepfile=warp_dependencies.txt -.fdselabdepfile=elab_dependencies.txt -.fdsbldfile=generated_files.txt -.fdsreffile=referenced_files.txt -p C:\Users\Krist\OneDrive\Dokumenter\GitHub\platooning\PSoC\PeakDetector\FirstTry.cydsn\FirstTry.cyprj -d CY8C5888LTI-LP097 -s C:\Users\Krist\OneDrive\Dokumenter\GitHub\platooning\PSoC\PeakDetector\FirstTry.cydsn\Generated_Source\PSoC5 -- -yv2 -q10 -ygs -o2 -v3 -.fftcfgtype=LE
Elaborating Design...
ADD: fit.M0032: warning: Clock Warning: (Clock_1's accuracy range '1.6 MHz +/- 4%, (1.536 MHz - 1.664 MHz)' is not within the specified tolerance range '1.6 MHz +/- 1%, (1.584 MHz - 1.616 MHz)'.).
 * C:\Users\Krist\OneDrive\Dokumenter\GitHub\platooning\PSoC\PeakDetector\FirstTry.cydsn\FirstTry.cydwr (Clock_1)
 * C:\Users\Krist\OneDrive\Dokumenter\GitHub\platooning\PSoC\PeakDetector\FirstTry.cydsn\TopDesign\TopDesign.cysch (Instance:Clock_1)
ADD: fit.M0032: warning: Clock Warning: (UART_1_IntClock's accuracy range '923.077 kHz +/- 4%, (886.154 kHz - 960 kHz)' is not within the specified tolerance range '921.6 kHz +/- 3.937%, (885.313 kHz - 957.887 kHz)'.).
 * C:\Program Files (x86)\Cypress\PSoC Creator\4.1\PSoC Creator\psoc\content\CyComponentLibrary\CyComponentLibrary.cylib\UART_v2_50\UART_v2_50.cysch (Instance:IntClock)
 * C:\Users\Krist\OneDrive\Dokumenter\GitHub\platooning\PSoC\PeakDetector\FirstTry.cydsn\FirstTry.cydwr (UART_1_IntClock)
ADD: fit.M0032: warning: Clock Warning: (Clock_3's accuracy range '1 MHz +/- 4%, (960 kHz - 1.04 MHz)' is not within the specified tolerance range '1 MHz +/- 1%, (990 kHz - 1.01 MHz)'.).
 * C:\Users\Krist\OneDrive\Dokumenter\GitHub\platooning\PSoC\PeakDetector\FirstTry.cydsn\FirstTry.cydwr (Clock_3)
 * C:\Users\Krist\OneDrive\Dokumenter\GitHub\platooning\PSoC\PeakDetector\FirstTry.cydsn\TopDesign\TopDesign.cysch (Instance:Clock_3)
ADD: fit.M0029: information: Voltage Reference Information: Vref '0.256V' is connected to terminal 'vref' of '\Mixer_PD_B:SC\' but no direct hardware connection exists.
 * C:\Program Files (x86)\Cypress\PSoC Creator\4.1\PSoC Creator\psoc\content\CyComponentLibrary\CyComponentLibrary.cylib\Mixer_v2_0\Mixer_v2_0.cysch (Instance:SC)
 * C:\Users\Krist\OneDrive\Dokumenter\GitHub\platooning\PSoC\PeakDetector\FirstTry.cydsn\TopDesign\TopDesign.cysch (Instance:vRef_4)
ADD: fit.M0029: information: Voltage Reference Information: Vref '0.256V' is connected to terminal 'vref' of '\Mixer_PD_A:SC\' but no direct hardware connection exists.
 * C:\Program Files (x86)\Cypress\PSoC Creator\4.1\PSoC Creator\psoc\content\CyComponentLibrary\CyComponentLibrary.cylib\Mixer_v2_0\Mixer_v2_0.cysch (Instance:SC)
 * C:\Users\Krist\OneDrive\Dokumenter\GitHub\platooning\PSoC\PeakDetector\FirstTry.cydsn\TopDesign\TopDesign.cysch (Instance:vRef_3)
ADD: sdb.M0061: information: Info from component: Mixer_A. Frequency of the LO input is not known to the design. Please set valid frequency in the text box provided in the configure window for mixer to operate properly.
 * C:\Users\Krist\OneDrive\Dokumenter\GitHub\platooning\PSoC\PeakDetector\FirstTry.cydsn\TopDesign\TopDesign.cysch (Instance:Mixer_A)
ADD: sdb.M0061: information: Info from component: Mixer_B. Frequency of the LO input is not known to the design. Please set valid frequency in the text box provided in the configure window for mixer to operate properly.
 * C:\Users\Krist\OneDrive\Dokumenter\GitHub\platooning\PSoC\PeakDetector\FirstTry.cydsn\TopDesign\TopDesign.cysch (Instance:Mixer_B)
HDL Generation...
Synthesis...
Tech Mapping...
Analog Placement...
Log: apr.M0058: The analog placement iterative improvement is 38% done. (App=cydsfit)
Log: apr.M0058: The analog placement iterative improvement is 100% done. (App=cydsfit)
Analog Routing...
Analog Code Generation...
Digital Placement...
Digital Routing...
Bitstream Generation...
Bitstream Verification...
Static timing analysis...
API Generation...
Dependency Generation...
Cleanup...
arm-none-eabi-gcc.exe -mcpu=cortex-m3 -mthumb -I. -IGenerated_Source\PSoC5 -Wa,-alh=.\CortexM3\ARM_GCC_541\Release/main.lst -g -D NDEBUG -D CY_CORE_ID=0 -Wall -ffunction-sections -ffat-lto-objects -Os -c main.c -o .\CortexM3\ARM_GCC_541\Release\main.o
arm-none-eabi-gcc.exe -mcpu=cortex-m3 -mthumb -I. -IGenerated_Source\PSoC5 -Wa,-alh=.\CortexM3\ARM_GCC_541\Release/cyfitter_cfg.lst -g -D NDEBUG -D CY_CORE_ID=0 -Wall -ffunction-sections -ffat-lto-objects -Os -c Generated_Source\PSoC5\cyfitter_cfg.c -o .\CortexM3\ARM_GCC_541\Release\cyfitter_cfg.o
arm-none-eabi-gcc.exe -mcpu=cortex-m3 -mthumb -I. -IGenerated_Source\PSoC5 -Wa,-alh=.\CortexM3\ARM_GCC_541\Release/cymetadata.lst -g -D NDEBUG -D CY_CORE_ID=0 -Wall -ffunction-sections -ffat-lto-objects -Os -c Generated_Source\PSoC5\cymetadata.c -o .\CortexM3\ARM_GCC_541\Release\cymetadata.o
arm-none-eabi-gcc.exe -mcpu=cortex-m3 -mthumb -I. -IGenerated_Source\PSoC5 -Wa,-alh=.\CortexM3\ARM_GCC_541\Release/Cm3Start.lst -g -D NDEBUG -D CY_CORE_ID=0 -Wall -ffunction-sections -ffat-lto-objects -Os -c Generated_Source\PSoC5\Cm3Start.c -o .\CortexM3\ARM_GCC_541\Release\Cm3Start.o
arm-none-eabi-gcc.exe -mcpu=cortex-m3 -mthumb -I. -IGenerated_Source\PSoC5 -Wa,-alh=.\CortexM3\ARM_GCC_541\Release/CyDmac.lst -g -D NDEBUG -D CY_CORE_ID=0 -Wall -ffunction-sections -ffat-lto-objects -Os -c Generated_Source\PSoC5\CyDmac.c -o .\CortexM3\ARM_GCC_541\Release\CyDmac.o
arm-none-eabi-gcc.exe -mcpu=cortex-m3 -mthumb -I. -IGenerated_Source\PSoC5 -Wa,-alh=.\CortexM3\ARM_GCC_541\Release/CyFlash.lst -g -D NDEBUG -D CY_CORE_ID=0 -Wall -ffunction-sections -ffat-lto-objects -Os -c Generated_Source\PSoC5\CyFlash.c -o .\CortexM3\ARM_GCC_541\Release\CyFlash.o
arm-none-eabi-gcc.exe -mcpu=cortex-m3 -mthumb -I. -IGenerated_Source\PSoC5 -Wa,-alh=.\CortexM3\ARM_GCC_541\Release/CyLib.lst -g -D NDEBUG -D CY_CORE_ID=0 -Wall -ffunction-sections -ffat-lto-objects -Os -c Generated_Source\PSoC5\CyLib.c -o .\CortexM3\ARM_GCC_541\Release\CyLib.o
arm-none-eabi-gcc.exe -mcpu=cortex-m3 -mthumb -I. -IGenerated_Source\PSoC5 -Wa,-alh=.\CortexM3\ARM_GCC_541\Release/cyPm.lst -g -D NDEBUG -D CY_CORE_ID=0 -Wall -ffunction-sections -ffat-lto-objects -Os -c Generated_Source\PSoC5\cyPm.c -o .\CortexM3\ARM_GCC_541\Release\cyPm.o
arm-none-eabi-gcc.exe -mcpu=cortex-m3 -mthumb -I. -IGenerated_Source\PSoC5 -Wa,-alh=.\CortexM3\ARM_GCC_541\Release/CySpc.lst -g -D NDEBUG -D CY_CORE_ID=0 -Wall -ffunction-sections -ffat-lto-objects -Os -c Generated_Source\PSoC5\CySpc.c -o .\CortexM3\ARM_GCC_541\Release\CySpc.o
arm-none-eabi-gcc.exe -mcpu=cortex-m3 -mthumb -I. -IGenerated_Source\PSoC5 -Wa,-alh=.\CortexM3\ARM_GCC_541\Release/cyutils.lst -g -D NDEBUG -D CY_CORE_ID=0 -Wall -ffunction-sections -ffat-lto-objects -Os -c Generated_Source\PSoC5\cyutils.c -o .\CortexM3\ARM_GCC_541\Release\cyutils.o
arm-none-eabi-gcc.exe -mcpu=cortex-m3 -mthumb -I. -IGenerated_Source\PSoC5 -Wa,-alh=.\CortexM3\ARM_GCC_541\Release/Clock_1.lst -g -D NDEBUG -D CY_CORE_ID=0 -Wall -ffunction-sections -ffat-lto-objects -Os -c Generated_Source\PSoC5\Clock_1.c -o .\CortexM3\ARM_GCC_541\Release\Clock_1.o
arm-none-eabi-gcc.exe -mcpu=cortex-m3 -mthumb -I. -IGenerated_Source\PSoC5 -Wa,-alh=.\CortexM3\ARM_GCC_541\Release/SignalA.lst -g -D NDEBUG -D CY_CORE_ID=0 -Wall -ffunction-sections -ffat-lto-objects -Os -c Generated_Source\PSoC5\SignalA.c -o .\CortexM3\ARM_GCC_541\Release\SignalA.o
arm-none-eabi-gcc.exe -mcpu=cortex-m3 -mthumb -I. -IGenerated_Source\PSoC5 -Wa,-alh=.\CortexM3\ARM_GCC_541\Release/SignalB.lst -g -D NDEBUG -D CY_CORE_ID=0 -Wall -ffunction-sections -ffat-lto-objects -Os -c Generated_Source\PSoC5\SignalB.c -o .\CortexM3\ARM_GCC_541\Release\SignalB.o
arm-none-eabi-gcc.exe -mcpu=cortex-m3 -mthumb -I. -IGenerated_Source\PSoC5 -Wa,-alh=.\CortexM3\ARM_GCC_541\Release/Mixer_A.lst -g -D NDEBUG -D CY_CORE_ID=0 -Wall -ffunction-sections -ffat-lto-objects -Os -c Generated_Source\PSoC5\Mixer_A.c -o .\CortexM3\ARM_GCC_541\Release\Mixer_A.o
arm-none-eabi-gcc.exe -mcpu=cortex-m3 -mthumb -I. -IGenerated_Source\PSoC5 -Wa,-alh=.\CortexM3\ARM_GCC_541\Release/Mixer_A_PM.lst -g -D NDEBUG -D CY_CORE_ID=0 -Wall -ffunction-sections -ffat-lto-objects -Os -c Generated_Source\PSoC5\Mixer_A_PM.c -o .\CortexM3\ARM_GCC_541\Release\Mixer_A_PM.o
arm-none-eabi-gcc.exe -mcpu=cortex-m3 -mthumb -I. -IGenerated_Source\PSoC5 -Wa,-alh=.\CortexM3\ARM_GCC_541\Release/ADC_A.lst -g -D NDEBUG -D CY_CORE_ID=0 -Wall -ffunction-sections -ffat-lto-objects -Os -c Generated_Source\PSoC5\ADC_A.c -o .\CortexM3\ARM_GCC_541\Release\ADC_A.o
arm-none-eabi-gcc.exe -mcpu=cortex-m3 -mthumb -I. -IGenerated_Source\PSoC5 -Wa,-alh=.\CortexM3\ARM_GCC_541\Release/ADC_A_INT.lst -g -D NDEBUG -D CY_CORE_ID=0 -Wall -ffunction-sections -ffat-lto-objects -Os -c Generated_Source\PSoC5\ADC_A_INT.c -o .\CortexM3\ARM_GCC_541\Release\ADC_A_INT.o
arm-none-eabi-gcc.exe -mcpu=cortex-m3 -mthumb -I. -IGenerated_Source\PSoC5 -Wa,-alh=.\CortexM3\ARM_GCC_541\Release/ADC_A_PM.lst -g -D NDEBUG -D CY_CORE_ID=0 -Wall -ffunction-sections -ffat-lto-objects -Os -c Generated_Source\PSoC5\ADC_A_PM.c -o .\CortexM3\ARM_GCC_541\Release\ADC_A_PM.o
arm-none-eabi-gcc.exe -mcpu=cortex-m3 -mthumb -I. -IGenerated_Source\PSoC5 -Wa,-alh=.\CortexM3\ARM_GCC_541\Release/ADC_A_IRQ.lst -g -D NDEBUG -D CY_CORE_ID=0 -Wall -ffunction-sections -ffat-lto-objects -Os -c Generated_Source\PSoC5\ADC_A_IRQ.c -o .\CortexM3\ARM_GCC_541\Release\ADC_A_IRQ.o
arm-none-eabi-gcc.exe -mcpu=cortex-m3 -mthumb -I. -IGenerated_Source\PSoC5 -Wa,-alh=.\CortexM3\ARM_GCC_541\Release/ADC_B.lst -g -D NDEBUG -D CY_CORE_ID=0 -Wall -ffunction-sections -ffat-lto-objects -Os -c Generated_Source\PSoC5\ADC_B.c -o .\CortexM3\ARM_GCC_541\Release\ADC_B.o
arm-none-eabi-gcc.exe -mcpu=cortex-m3 -mthumb -I. -IGenerated_Source\PSoC5 -Wa,-alh=.\CortexM3\ARM_GCC_541\Release/ADC_B_INT.lst -g -D NDEBUG -D CY_CORE_ID=0 -Wall -ffunction-sections -ffat-lto-objects -Os -c Generated_Source\PSoC5\ADC_B_INT.c -o .\CortexM3\ARM_GCC_541\Release\ADC_B_INT.o
arm-none-eabi-gcc.exe -mcpu=cortex-m3 -mthumb -I. -IGenerated_Source\PSoC5 -Wa,-alh=.\CortexM3\ARM_GCC_541\Release/ADC_B_PM.lst -g -D NDEBUG -D CY_CORE_ID=0 -Wall -ffunction-sections -ffat-lto-objects -Os -c Generated_Source\PSoC5\ADC_B_PM.c -o .\CortexM3\ARM_GCC_541\Release\ADC_B_PM.o
arm-none-eabi-gcc.exe -mcpu=cortex-m3 -mthumb -I. -IGenerated_Source\PSoC5 -Wa,-alh=.\CortexM3\ARM_GCC_541\Release/Mixer_B.lst -g -D NDEBUG -D CY_CORE_ID=0 -Wall -ffunction-sections -ffat-lto-objects -Os -c Generated_Source\PSoC5\Mixer_B.c -o .\CortexM3\ARM_GCC_541\Release\Mixer_B.o
arm-none-eabi-gcc.exe -mcpu=cortex-m3 -mthumb -I. -IGenerated_Source\PSoC5 -Wa,-alh=.\CortexM3\ARM_GCC_541\Release/Mixer_B_PM.lst -g -D NDEBUG -D CY_CORE_ID=0 -Wall -ffunction-sections -ffat-lto-objects -Os -c Generated_Source\PSoC5\Mixer_B_PM.c -o .\CortexM3\ARM_GCC_541\Release\Mixer_B_PM.o
arm-none-eabi-gcc.exe -mcpu=cortex-m3 -mthumb -I. -IGenerated_Source\PSoC5 -Wa,-alh=.\CortexM3\ARM_GCC_541\Release/ADC_B_IRQ.lst -g -D NDEBUG -D CY_CORE_ID=0 -Wall -ffunction-sections -ffat-lto-objects -Os -c Generated_Source\PSoC5\ADC_B_IRQ.c -o .\CortexM3\ARM_GCC_541\Release\ADC_B_IRQ.o
arm-none-eabi-gcc.exe -mcpu=cortex-m3 -mthumb -I. -IGenerated_Source\PSoC5 -Wa,-alh=.\CortexM3\ARM_GCC_541\Release/ISR_PIN_A.lst -g -D NDEBUG -D CY_CORE_ID=0 -Wall -ffunction-sections -ffat-lto-objects -Os -c Generated_Source\PSoC5\ISR_PIN_A.c -o .\CortexM3\ARM_GCC_541\Release\ISR_PIN_A.o
arm-none-eabi-gcc.exe -mcpu=cortex-m3 -mthumb -I. -IGenerated_Source\PSoC5 -Wa,-alh=.\CortexM3\ARM_GCC_541\Release/Mixer_PD_A.lst -g -D NDEBUG -D CY_CORE_ID=0 -Wall -ffunction-sections -ffat-lto-objects -Os -c Generated_Source\PSoC5\Mixer_PD_A.c -o .\CortexM3\ARM_GCC_541\Release\Mixer_PD_A.o
arm-none-eabi-gcc.exe -mcpu=cortex-m3 -mthumb -I. -IGenerated_Source\PSoC5 -Wa,-alh=.\CortexM3\ARM_GCC_541\Release/Mixer_PD_A_PM.lst -g -D NDEBUG -D CY_CORE_ID=0 -Wall -ffunction-sections -ffat-lto-objects -Os -c Generated_Source\PSoC5\Mixer_PD_A_PM.c -o .\CortexM3\ARM_GCC_541\Release\Mixer_PD_A_PM.o
arm-none-eabi-gcc.exe -mcpu=cortex-m3 -mthumb -I. -IGenerated_Source\PSoC5 -Wa,-alh=.\CortexM3\ARM_GCC_541\Release/Comp_PD_B.lst -g -D NDEBUG -D CY_CORE_ID=0 -Wall -ffunction-sections -ffat-lto-objects -Os -c Generated_Source\PSoC5\Comp_PD_B.c -o .\CortexM3\ARM_GCC_541\Release\Comp_PD_B.o
arm-none-eabi-gcc.exe -mcpu=cortex-m3 -mthumb -I. -IGenerated_Source\PSoC5 -Wa,-alh=.\CortexM3\ARM_GCC_541\Release/Comp_PD_B_PM.lst -g -D NDEBUG -D CY_CORE_ID=0 -Wall -ffunction-sections -ffat-lto-objects -Os -c Generated_Source\PSoC5\Comp_PD_B_PM.c -o .\CortexM3\ARM_GCC_541\Release\Comp_PD_B_PM.o
arm-none-eabi-gcc.exe -mcpu=cortex-m3 -mthumb -I. -IGenerated_Source\PSoC5 -Wa,-alh=.\CortexM3\ARM_GCC_541\Release/Comp_PD_A.lst -g -D NDEBUG -D CY_CORE_ID=0 -Wall -ffunction-sections -ffat-lto-objects -Os -c Generated_Source\PSoC5\Comp_PD_A.c -o .\CortexM3\ARM_GCC_541\Release\Comp_PD_A.o
arm-none-eabi-gcc.exe -mcpu=cortex-m3 -mthumb -I. -IGenerated_Source\PSoC5 -Wa,-alh=.\CortexM3\ARM_GCC_541\Release/Comp_PD_A_PM.lst -g -D NDEBUG -D CY_CORE_ID=0 -Wall -ffunction-sections -ffat-lto-objects -Os -c Generated_Source\PSoC5\Comp_PD_A_PM.c -o .\CortexM3\ARM_GCC_541\Release\Comp_PD_A_PM.o
arm-none-eabi-gcc.exe -mcpu=cortex-m3 -mthumb -I. -IGenerated_Source\PSoC5 -Wa,-alh=.\CortexM3\ARM_GCC_541\Release/Clock_3.lst -g -D NDEBUG -D CY_CORE_ID=0 -Wall -ffunction-sections -ffat-lto-objects -Os -c Generated_Source\PSoC5\Clock_3.c -o .\CortexM3\ARM_GCC_541\Release\Clock_3.o
arm-none-eabi-gcc.exe -mcpu=cortex-m3 -mthumb -I. -IGenerated_Source\PSoC5 -Wa,-alh=.\CortexM3\ARM_GCC_541\Release/ISR_PIN_B.lst -g -D NDEBUG -D CY_CORE_ID=0 -Wall -ffunction-sections -ffat-lto-objects -Os -c Generated_Source\PSoC5\ISR_PIN_B.c -o .\CortexM3\ARM_GCC_541\Release\ISR_PIN_B.o
arm-none-eabi-gcc.exe -mcpu=cortex-m3 -mthumb -I. -IGenerated_Source\PSoC5 -Wa,-alh=.\CortexM3\ARM_GCC_541\Release/Counter.lst -g -D NDEBUG -D CY_CORE_ID=0 -Wall -ffunction-sections -ffat-lto-objects -Os -c Generated_Source\PSoC5\Counter.c -o .\CortexM3\ARM_GCC_541\Release\Counter.o
arm-none-eabi-gcc.exe -mcpu=cortex-m3 -mthumb -I. -IGenerated_Source\PSoC5 -Wa,-alh=.\CortexM3\ARM_GCC_541\Release/Counter_PM.lst -g -D NDEBUG -D CY_CORE_ID=0 -Wall -ffunction-sections -ffat-lto-objects -Os -c Generated_Source\PSoC5\Counter_PM.c -o .\CortexM3\ARM_GCC_541\Release\Counter_PM.o
arm-none-eabi-gcc.exe -mcpu=cortex-m3 -mthumb -I. -IGenerated_Source\PSoC5 -Wa,-alh=.\CortexM3\ARM_GCC_541\Release/Mixer_PD_B.lst -g -D NDEBUG -D CY_CORE_ID=0 -Wall -ffunction-sections -ffat-lto-objects -Os -c Generated_Source\PSoC5\Mixer_PD_B.c -o .\CortexM3\ARM_GCC_541\Release\Mixer_PD_B.o
arm-none-eabi-gcc.exe -mcpu=cortex-m3 -mthumb -I. -IGenerated_Source\PSoC5 -Wa,-alh=.\CortexM3\ARM_GCC_541\Release/Mixer_PD_B_PM.lst -g -D NDEBUG -D CY_CORE_ID=0 -Wall -ffunction-sections -ffat-lto-objects -Os -c Generated_Source\PSoC5\Mixer_PD_B_PM.c -o .\CortexM3\ARM_GCC_541\Release\Mixer_PD_B_PM.o
arm-none-eabi-gcc.exe -mcpu=cortex-m3 -mthumb -I. -IGenerated_Source\PSoC5 -Wa,-alh=.\CortexM3\ARM_GCC_541\Release/UART_1.lst -g -D NDEBUG -D CY_CORE_ID=0 -Wall -ffunction-sections -ffat-lto-objects -Os -c Generated_Source\PSoC5\UART_1.c -o .\CortexM3\ARM_GCC_541\Release\UART_1.o
arm-none-eabi-gcc.exe -mcpu=cortex-m3 -mthumb -I. -IGenerated_Source\PSoC5 -Wa,-alh=.\CortexM3\ARM_GCC_541\Release/UART_1_PM.lst -g -D NDEBUG -D CY_CORE_ID=0 -Wall -ffunction-sections -ffat-lto-objects -Os -c Generated_Source\PSoC5\UART_1_PM.c -o .\CortexM3\ARM_GCC_541\Release\UART_1_PM.o
arm-none-eabi-gcc.exe -mcpu=cortex-m3 -mthumb -I. -IGenerated_Source\PSoC5 -Wa,-alh=.\CortexM3\ARM_GCC_541\Release/UART_1_INT.lst -g -D NDEBUG -D CY_CORE_ID=0 -Wall -ffunction-sections -ffat-lto-objects -Os -c Generated_Source\PSoC5\UART_1_INT.c -o .\CortexM3\ARM_GCC_541\Release\UART_1_INT.o
arm-none-eabi-gcc.exe -mcpu=cortex-m3 -mthumb -I. -IGenerated_Source\PSoC5 -Wa,-alh=.\CortexM3\ARM_GCC_541\Release/UART_1_BOOT.lst -g -D NDEBUG -D CY_CORE_ID=0 -Wall -ffunction-sections -ffat-lto-objects -Os -c Generated_Source\PSoC5\UART_1_BOOT.c -o .\CortexM3\ARM_GCC_541\Release\UART_1_BOOT.o
arm-none-eabi-gcc.exe -mcpu=cortex-m3 -mthumb -I. -IGenerated_Source\PSoC5 -Wa,-alh=.\CortexM3\ARM_GCC_541\Release/UART_1_IntClock.lst -g -D NDEBUG -D CY_CORE_ID=0 -Wall -ffunction-sections -ffat-lto-objects -Os -c Generated_Source\PSoC5\UART_1_IntClock.c -o .\CortexM3\ARM_GCC_541\Release\UART_1_IntClock.o
arm-none-eabi-gcc.exe -mcpu=cortex-m3 -mthumb -I. -IGenerated_Source\PSoC5 -Wa,-alh=.\CortexM3\ARM_GCC_541\Release/Clock_2.lst -g -D NDEBUG -D CY_CORE_ID=0 -Wall -ffunction-sections -ffat-lto-objects -Os -c Generated_Source\PSoC5\Clock_2.c -o .\CortexM3\ARM_GCC_541\Release\Clock_2.o
arm-none-eabi-as.exe -mcpu=cortex-m3 -mthumb -I. -IGenerated_Source\PSoC5 -alh=.\CortexM3\ARM_GCC_541\Release/CyBootAsmGnu.lst -g -W -o .\CortexM3\ARM_GCC_541\Release\CyBootAsmGnu.o Generated_Source\PSoC5\CyBootAsmGnu.s
arm-none-eabi-ar.exe -rs .\CortexM3\ARM_GCC_541\Release\FirstTry.a .\CortexM3\ARM_GCC_541\Release\CyDmac.o .\CortexM3\ARM_GCC_541\Release\CyFlash.o .\CortexM3\ARM_GCC_541\Release\CyLib.o .\CortexM3\ARM_GCC_541\Release\cyPm.o .\CortexM3\ARM_GCC_541\Release\CySpc.o .\CortexM3\ARM_GCC_541\Release\cyutils.o .\CortexM3\ARM_GCC_541\Release\Clock_1.o .\CortexM3\ARM_GCC_541\Release\SignalA.o .\CortexM3\ARM_GCC_541\Release\SignalB.o .\CortexM3\ARM_GCC_541\Release\Mixer_A.o .\CortexM3\ARM_GCC_541\Release\Mixer_A_PM.o .\CortexM3\ARM_GCC_541\Release\ADC_A.o .\CortexM3\ARM_GCC_541\Release\ADC_A_INT.o .\CortexM3\ARM_GCC_541\Release\ADC_A_PM.o .\CortexM3\ARM_GCC_541\Release\ADC_A_IRQ.o .\CortexM3\ARM_GCC_541\Release\ADC_B.o .\CortexM3\ARM_GCC_541\Release\ADC_B_INT.o .\CortexM3\ARM_GCC_541\Release\ADC_B_PM.o .\CortexM3\ARM_GCC_541\Release\Mixer_B.o .\CortexM3\ARM_GCC_541\Release\Mixer_B_PM.o .\CortexM3\ARM_GCC_541\Release\ADC_B_IRQ.o .\CortexM3\ARM_GCC_541\Release\ISR_PIN_A.o .\CortexM3\ARM_GCC_541\Release\Mixer_PD_A.o .\CortexM3\ARM_GCC_541\Release\Mixer_PD_A_PM.o .\CortexM3\ARM_GCC_541\Release\Comp_PD_B.o .\CortexM3\ARM_GCC_541\Release\Comp_PD_B_PM.o .\CortexM3\ARM_GCC_541\Release\Comp_PD_A.o .\CortexM3\ARM_GCC_541\Release\Comp_PD_A_PM.o .\CortexM3\ARM_GCC_541\Release\Clock_3.o .\CortexM3\ARM_GCC_541\Release\ISR_PIN_B.o .\CortexM3\ARM_GCC_541\Release\Counter.o .\CortexM3\ARM_GCC_541\Release\Counter_PM.o .\CortexM3\ARM_GCC_541\Release\Mixer_PD_B.o .\CortexM3\ARM_GCC_541\Release\Mixer_PD_B_PM.o .\CortexM3\ARM_GCC_541\Release\UART_1.o .\CortexM3\ARM_GCC_541\Release\UART_1_PM.o .\CortexM3\ARM_GCC_541\Release\UART_1_INT.o .\CortexM3\ARM_GCC_541\Release\UART_1_BOOT.o .\CortexM3\ARM_GCC_541\Release\UART_1_IntClock.o .\CortexM3\ARM_GCC_541\Release\Clock_2.o .\CortexM3\ARM_GCC_541\Release\CyBootAsmGnu.o
arm-none-eabi-ar.exe: creating .\CortexM3\ARM_GCC_541\Release\FirstTry.a
arm-none-eabi-gcc.exe -Wl,--start-group -o C:\Users\Krist\OneDrive\Dokumenter\GitHub\platooning\PSoC\PeakDetector\FirstTry.cydsn\CortexM3\ARM_GCC_541\Release\FirstTry.elf .\CortexM3\ARM_GCC_541\Release\main.o .\CortexM3\ARM_GCC_541\Release\cyfitter_cfg.o .\CortexM3\ARM_GCC_541\Release\cymetadata.o .\CortexM3\ARM_GCC_541\Release\Cm3Start.o .\CortexM3\ARM_GCC_541\Release\FirstTry.a "C:\Program Files (x86)\Cypress\PSoC Creator\4.1\PSoC Creator\psoc\content\cycomponentlibrary\CyComponentLibrary.cylib\CortexM3\ARM_GCC_541\Release\CyComponentLibrary.a" -mcpu=cortex-m3 -mthumb -L Generated_Source\PSoC5 -Wl,-Map,.\CortexM3\ARM_GCC_541\Release/FirstTry.map -T Generated_Source\PSoC5\cm3gcc.ld -specs=nano.specs -Wl,--gc-sections -g -ffunction-sections -Os -ffat-lto-objects -Wl,--end-group
cyelftool.exe -C C:\Users\Krist\OneDrive\Dokumenter\GitHub\platooning\PSoC\PeakDetector\FirstTry.cydsn\CortexM3\ARM_GCC_541\Release\FirstTry.elf --flash_row_size 256 --flash_size 262144 --flash_offset 0x00000000
cyelftool.exe -S C:\Users\Krist\OneDrive\Dokumenter\GitHub\platooning\PSoC\PeakDetector\FirstTry.cydsn\CortexM3\ARM_GCC_541\Release\FirstTry.elf
Flash used: 7536 of 262144 bytes (2,9 %).
SRAM used: 3393 of 65536 bytes (5,2 %). Stack: 2048 bytes. Heap: 128 bytes.
--------------- Build Succeeded: 11/23/2018 16:13:04 ---------------
