#***************************************************************************

#sjplacer

#Version:            1.1

#Build Date:         Jul 19 2017 14:31:00

#File Generated:     Nov 23 2018 16:12:02

#Purpose:            

#Copyright (C) 2010-2011 by Softjin Technologies Pvt Ltd. All rights reserved.

#***************************************************************************

Executing : C:\Program Files (x86)\Cypress\PSoC Creator\4.1\PSoC Creator\bin/sjplacer.exe --proj-name FirstTry --netlist-vh2 FirstTry_p.vh2 --arch p35_udb4x6 --arch-file C:\Program Files (x86)\Cypress\PSoC Creator\4.1\PSoC Creator\dev\arch/udbdsi_4x6_24.cydata --ip-file C:\Program Files (x86)\Cypress\PSoC Creator\4.1\PSoC Creator\dev\psoc5/psoc5lp/ip_blocks.cydata --rrg-file C:\Program Files (x86)\Cypress\PSoC Creator\4.1\PSoC Creator\dev\psoc5/psoc5lp/route_arch-rrg.cydata --irq-file C:\Program Files (x86)\Cypress\PSoC Creator\4.1\PSoC Creator\dev\psoc5/psoc5lp/irqconn.cydata --drq-file C:\Program Files (x86)\Cypress\PSoC Creator\4.1\PSoC Creator\dev\psoc5/psoc5lp/dmaconn.cydata --dsi-conn-file C:\Program Files (x86)\Cypress\PSoC Creator\4.1\PSoC Creator\dev\psoc5/psoc5lp/dsiconn.cydata --pins-file pins_68-QFN.xml --lib-file FirstTry_p.lib --sdc-file FirstTry.sdc --io-pcf FirstTry.pci --outdir .

		Softjin Techologies Placer, Version 1.1

Build Date : Jul 19 2017	14:29:55

D2004: Option and Settings Summary
=============================================================
Netlist vh2 file          - FirstTry_p.vh2
Architecture file         - C:\Program Files (x86)\Cypress\PSoC Creator\4.1\PSoC Creator\dev\arch/udbdsi_4x6_24.cydata
Package                   - 
Defparam file             - 
SDC file                  - FirstTry.sdc
Output directory          - .
Timing library            - FirstTry_p.lib
IO Placement file         - FirstTry.pci

D2050: Starting reading inputs for placer
=============================================================
D2065: Reading netlist file : "FirstTry_p.vh2"
D2065: Reading arch file : "C:\Program Files (x86)\Cypress\PSoC Creator\4.1\PSoC Creator\dev\arch/udbdsi_4x6_24.cydata"
D2051: Reading of inputs for placer completed successfully

D2053: Starting placement of the design
=============================================================

Phase 2
Phase 3

Design Statistics after Packing
    Number of Combinational MCs 	:	11
    Number of Sequential MCs    	:	16
    Number of DPs               	:	3
    Number of Controls          	:	1
    Number of Status            	:	2
    Number of SyncCells         	:	1
    Number of count7cells       	:	1

Device Utilization Summary after Packing
    Macrocells                  :	27/192
    UDBS                        :	4/24
    IOs                         :	4/72


D2088: Phase 3, elapsed time : 0.0 (sec)

Phase 4
D2088: Phase 4, elapsed time : 0.0 (sec)

Phase 5
D2088: Phase 5, elapsed time : 0.0 (sec)

Phase 6

######################################################################
Placement Timing Summary

The timing summary is based on estimated routing delays after
placement. For final timing report, please carry out the timing
analysis after routing.
======================================================================

######################################################################
                     Clock Summary 
======================================================================
Number of clocks: 13
Clock: Clock_1              | Frequency: N/A       | Target:   1.6 MHz
Clock: Clock_1(fixed-function) | Frequency: N/A       | Target:   1.6 MHz
Clock: Clock_1(routed)      | Frequency: N/A       | Target:   1.6 MHz
Clock: Clock_2              | Frequency: N/A       | Target:   8.0 MHz
Clock: Clock_2(fixed-function) | Frequency: N/A       | Target:   8.0 MHz
Clock: Clock_3              | Frequency: N/A       | Target:   1.0 MHz
Clock: Clock_3(fixed-function) | Frequency: N/A       | Target:   1.0 MHz
Clock: CyBUS_CLK            | Frequency:  68.8 MHz | Target:  48.0 MHz
Clock: CyILO                | Frequency: N/A       | Target:   0.0 MHz
Clock: CyIMO                | Frequency: N/A       | Target:  24.0 MHz
Clock: CyMASTER_CLK         | Frequency: N/A       | Target:  48.0 MHz
Clock: CyPLL_OUT            | Frequency: N/A       | Target:  48.0 MHz
Clock: UART_1_IntClock      | Frequency:  55.3 MHz | Target:   0.9 MHz

======================================================================
                     End of Clock Summary
######################################################################

D2088: Phase 6, elapsed time : 0.1 (sec)

Phase 7
######################################################################
                     Clock Summary 
======================================================================
Number of clocks: 13
Clock: Clock_1              | Frequency: N/A       | Target:   1.6 MHz
Clock: Clock_1(fixed-function) | Frequency: N/A       | Target:   1.6 MHz
Clock: Clock_1(routed)      | Frequency: N/A       | Target:   1.6 MHz
Clock: Clock_2              | Frequency: N/A       | Target:   8.0 MHz
Clock: Clock_2(fixed-function) | Frequency: N/A       | Target:   8.0 MHz
Clock: Clock_3              | Frequency: N/A       | Target:   1.0 MHz
Clock: Clock_3(fixed-function) | Frequency: N/A       | Target:   1.0 MHz
Clock: CyBUS_CLK            | Frequency:   3.3 MHz | Target:  48.0 MHz
Clock: CyILO                | Frequency: N/A       | Target:   0.0 MHz
Clock: CyIMO                | Frequency: N/A       | Target:  24.0 MHz
Clock: CyMASTER_CLK         | Frequency: N/A       | Target:  48.0 MHz
Clock: CyPLL_OUT            | Frequency: N/A       | Target:  48.0 MHz
Clock: UART_1_IntClock      | Frequency:   3.3 MHz | Target:   0.9 MHz

======================================================================
                     End of Clock Summary
######################################################################
D2088: Phase 7, elapsed time : 0.3 (sec)

Final Design Statistics
    Number of Combinational MCs 	:	11
    Number of Sequential MCs    	:	16
    Number of DPs               	:	3
    Number of Controls          	:	1
    Number of Status            	:	2
    Number of SyncCells         	:	1
    Number of count7cells       	:	1
    Number of IOs       	:	4

Device Utilization Summary
    Macrocells                  :	27/192
    IOs                         :	4/72



######################################################################
Placement Timing Summary

The timing summary is based on estimated routing delays after
placement. For final timing report, please carry out the timing
analysis after routing.
======================================================================


######################################################################
                     Clock Summary 
======================================================================
Number of clocks: 13
Clock: Clock_1              | Frequency: N/A       | Target:   1.6 MHz
Clock: Clock_1(fixed-function) | Frequency: N/A       | Target:   1.6 MHz
Clock: Clock_1(routed)      | Frequency: N/A       | Target:   1.6 MHz
Clock: Clock_2              | Frequency: N/A       | Target:   8.0 MHz
Clock: Clock_2(fixed-function) | Frequency: N/A       | Target:   8.0 MHz
Clock: Clock_3              | Frequency: N/A       | Target:   1.0 MHz
Clock: Clock_3(fixed-function) | Frequency: N/A       | Target:   1.0 MHz
Clock: CyBUS_CLK            | Frequency:   3.3 MHz | Target:  48.0 MHz
Clock: CyILO                | Frequency: N/A       | Target:   0.0 MHz
Clock: CyIMO                | Frequency: N/A       | Target:  24.0 MHz
Clock: CyMASTER_CLK         | Frequency: N/A       | Target:  48.0 MHz
Clock: CyPLL_OUT            | Frequency: N/A       | Target:  48.0 MHz
Clock: UART_1_IntClock      | Frequency:   3.3 MHz | Target:   0.9 MHz

======================================================================
                     End of Clock Summary
######################################################################

Phase 8
D2088: Phase 8, elapsed time : 0.0 (sec)

D2054: Placement of the design completed successfully

I2076: Total run-time: 3.0 sec.

