#***************************************************************************

#sjplacer

#Version:            1.1

#Build Date:         Jul 19 2017 14:31:00

#File Generated:     Jan 15 2019 11:56:45

#Purpose:            

#Copyright (C) 2010-2011 by Softjin Technologies Pvt Ltd. All rights reserved.

#***************************************************************************

Executing : C:\Program Files (x86)\Cypress\PSoC Creator\4.1\PSoC Creator\bin/sjplacer.exe --proj-name 00_Basic_Tx --netlist-vh2 00_Basic_Tx_p.vh2 --arch p35_udb4x6 --arch-file C:\Program Files (x86)\Cypress\PSoC Creator\4.1\PSoC Creator\dev\arch/udbdsi_4x6_24.cydata --ip-file C:\Program Files (x86)\Cypress\PSoC Creator\4.1\PSoC Creator\dev\psoc5/psoc5lp/ip_blocks.cydata --rrg-file C:\Program Files (x86)\Cypress\PSoC Creator\4.1\PSoC Creator\dev\psoc5/psoc5lp/route_arch-rrg.cydata --irq-file C:\Program Files (x86)\Cypress\PSoC Creator\4.1\PSoC Creator\dev\psoc5/psoc5lp/irqconn.cydata --drq-file C:\Program Files (x86)\Cypress\PSoC Creator\4.1\PSoC Creator\dev\psoc5/psoc5lp/dmaconn.cydata --dsi-conn-file C:\Program Files (x86)\Cypress\PSoC Creator\4.1\PSoC Creator\dev\psoc5/psoc5lp/dsiconn.cydata --pins-file pins_68-QFN.xml --lib-file 00_Basic_Tx_p.lib --sdc-file 00_Basic_Tx.sdc --io-pcf 00_Basic_Tx.pci --outdir .

		Softjin Techologies Placer, Version 1.1

Build Date : Jul 19 2017	14:29:55

D2004: Option and Settings Summary
=============================================================
Netlist vh2 file          - 00_Basic_Tx_p.vh2
Architecture file         - C:\Program Files (x86)\Cypress\PSoC Creator\4.1\PSoC Creator\dev\arch/udbdsi_4x6_24.cydata
Package                   - 
Defparam file             - 
SDC file                  - 00_Basic_Tx.sdc
Output directory          - .
Timing library            - 00_Basic_Tx_p.lib
IO Placement file         - 00_Basic_Tx.pci

D2050: Starting reading inputs for placer
=============================================================
D2065: Reading netlist file : "00_Basic_Tx_p.vh2"
D2065: Reading arch file : "C:\Program Files (x86)\Cypress\PSoC Creator\4.1\PSoC Creator\dev\arch/udbdsi_4x6_24.cydata"
D2051: Reading of inputs for placer completed successfully

D2053: Starting placement of the design
=============================================================

Phase 2
Phase 3

Design Statistics after Packing
    Number of Combinational MCs 	:	22
    Number of Sequential MCs    	:	44
    Number of DPs               	:	13
    Number of Controls          	:	7
    Number of Status            	:	9
    Number of SyncCells         	:	0
    Number of count7cells       	:	2

Device Utilization Summary after Packing
    Macrocells                  :	66/192
    UDBS                        :	15/24
    IOs                         :	17/72


D2088: Phase 3, elapsed time : 0.1 (sec)

Phase 4
D2088: Phase 4, elapsed time : 0.0 (sec)

Phase 5
D2088: Phase 5, elapsed time : 0.0 (sec)

Phase 6

######################################################################
Placement Timing Summary

The timing summary is based on estimated routing delays after
placement. For final timing report, please carry out the timing
analysis after routing.
======================================================================

######################################################################
                     Clock Summary 
======================================================================
Number of clocks: 11
Clock: Clock                | Frequency:  48.5 MHz | Target:   1.0 MHz
Clock: CyBUS_CLK            | Frequency:  85.1 MHz | Target:  24.0 MHz
Clock: CyILO                | Frequency: N/A       | Target:   0.0 MHz
Clock: CyIMO                | Frequency: N/A       | Target:   3.0 MHz
Clock: CyMASTER_CLK         | Frequency: N/A       | Target:  24.0 MHz
Clock: CyPLL_OUT            | Frequency: N/A       | Target:  24.0 MHz
Clock: CyScBoostClk         | Frequency: N/A       | Target:  12.0 MHz
Clock: HBroClock            | Frequency:  85.3 MHz | Target:   2.0 MHz
Clock: SPI_IntClock         | Frequency:  59.4 MHz | Target:   2.0 MHz
Clock: ServoClock           | Frequency:  59.7 MHz | Target:   1.0 MHz
Clock: UART_IntClock        | Frequency:  53.6 MHz | Target:   0.9 MHz

======================================================================
                     End of Clock Summary
######################################################################

D2088: Phase 6, elapsed time : 0.7 (sec)

Phase 7
######################################################################
                     Clock Summary 
======================================================================
Number of clocks: 11
Clock: Clock                | Frequency:  48.5 MHz | Target:   1.0 MHz
Clock: CyBUS_CLK            | Frequency:   2.0 MHz | Target:  24.0 MHz
Clock: CyILO                | Frequency: N/A       | Target:   0.0 MHz
Clock: CyIMO                | Frequency: N/A       | Target:   3.0 MHz
Clock: CyMASTER_CLK         | Frequency: N/A       | Target:  24.0 MHz
Clock: CyPLL_OUT            | Frequency: N/A       | Target:  24.0 MHz
Clock: CyScBoostClk         | Frequency: N/A       | Target:  12.0 MHz
Clock: HBroClock            | Frequency:  85.3 MHz | Target:   2.0 MHz
Clock: SPI_IntClock         | Frequency:  59.4 MHz | Target:   2.0 MHz
Clock: ServoClock           | Frequency:  59.7 MHz | Target:   1.0 MHz
Clock: UART_IntClock        | Frequency:   2.0 MHz | Target:   0.9 MHz

======================================================================
                     End of Clock Summary
######################################################################
D2088: Phase 7, elapsed time : 8.1 (sec)

Final Design Statistics
    Number of Combinational MCs 	:	22
    Number of Sequential MCs    	:	44
    Number of DPs               	:	13
    Number of Controls          	:	7
    Number of Status            	:	9
    Number of SyncCells         	:	0
    Number of count7cells       	:	2
    Number of IOs       	:	17

Device Utilization Summary
    Macrocells                  :	66/192
    IOs                         :	17/72



######################################################################
Placement Timing Summary

The timing summary is based on estimated routing delays after
placement. For final timing report, please carry out the timing
analysis after routing.
======================================================================


######################################################################
                     Clock Summary 
======================================================================
Number of clocks: 11
Clock: Clock                | Frequency:  39.3 MHz | Target:   1.0 MHz
Clock: CyBUS_CLK            | Frequency:   2.2 MHz | Target:  24.0 MHz
Clock: CyILO                | Frequency: N/A       | Target:   0.0 MHz
Clock: CyIMO                | Frequency: N/A       | Target:   3.0 MHz
Clock: CyMASTER_CLK         | Frequency: N/A       | Target:  24.0 MHz
Clock: CyPLL_OUT            | Frequency: N/A       | Target:  24.0 MHz
Clock: CyScBoostClk         | Frequency: N/A       | Target:  12.0 MHz
Clock: HBroClock            | Frequency:  73.7 MHz | Target:   2.0 MHz
Clock: SPI_IntClock         | Frequency:  49.9 MHz | Target:   2.0 MHz
Clock: ServoClock           | Frequency:  59.7 MHz | Target:   1.0 MHz
Clock: UART_IntClock        | Frequency:   2.2 MHz | Target:   0.9 MHz

======================================================================
                     End of Clock Summary
######################################################################

Phase 8
D2088: Phase 8, elapsed time : 0.0 (sec)

D2054: Placement of the design completed successfully

I2076: Total run-time: 16.6 sec.

