--------------- Build Started: 01/21/2019 11:34:01 Project: AngleMeasurement, Configuration: ARM GCC 5.4-2016-q2-update Release ---------------
The code generation step is up to date.
arm-none-eabi-gcc.exe -mcpu=cortex-m3 -mthumb -I. -IGenerated_Source\PSoC5 -Wa,-alh=.\CortexM3\ARM_GCC_541\Release/main.lst -g -D NDEBUG -Wall -ffunction-sections -ffat-lto-objects -Os -c main.c -o .\CortexM3\ARM_GCC_541\Release\main.o
In file included from main.c:3:0:
dma_initialization.h:73:39: warning: backslash-newline at end of file
 #define DMA_B_FILTER_INIT(DSIZE, DST) \
                                       ^
In file included from main.c:4:0:
motor.h: In function 'motor_update':
motor.h:43:8: warning: unused variable 'out' [-Wunused-variable]
   char out[200];
        ^
main.c: In function 'IRQ_Handler':
main.c:61:38: warning: passing argument 1 of 'sensor_update_feedforward_params' discards 'volatile' qualifier from pointer target type [-Wdiscarded-qualifiers]
     sensor_update_feedforward_params(&sensor_data, (int8_t)data[0], data[1]);
                                      ^
In file included from main.c:6:0:
sensor.h:19:6: note: expected 'sensor_t * {aka struct <anonymous> *}' but argument is of type 'volatile sensor_t * {aka volatile struct <anonymous> *}'
 void sensor_update_feedforward_params(sensor_t *s, int16_t velocity, int8_t leader_angle) {
      ^
main.c: In function 'main':
main.c:125:32: warning: passing argument 1 of 'sensor_update_data' discards 'volatile' qualifier from pointer target type [-Wdiscarded-qualifiers]
             sensor_update_data(&sensor_data, DataA, DataB, DATA_SIZE);
                                ^
In file included from main.c:6:0:
sensor.h:24:6: note: expected 'sensor_t * {aka struct <anonymous> *}' but argument is of type 'volatile sensor_t * {aka volatile struct <anonymous> *}'
 void sensor_update_data(sensor_t *s, uint16_t *chan_a, uint16_t *chan_b, uint16_t chan_len) {
      ^
arm-none-eabi-gcc.exe -mcpu=cortex-m3 -mthumb -I. -IGenerated_Source\PSoC5 -Wa,-alh=.\CortexM3\ARM_GCC_541\Release/cyfitter_cfg.lst -g -D NDEBUG -Wall -ffunction-sections -ffat-lto-objects -Os -c Generated_Source\PSoC5\cyfitter_cfg.c -o .\CortexM3\ARM_GCC_541\Release\cyfitter_cfg.o
arm-none-eabi-gcc.exe -mcpu=cortex-m3 -mthumb -I. -IGenerated_Source\PSoC5 -Wa,-alh=.\CortexM3\ARM_GCC_541\Release/cymetadata.lst -g -D NDEBUG -Wall -ffunction-sections -ffat-lto-objects -Os -c Generated_Source\PSoC5\cymetadata.c -o .\CortexM3\ARM_GCC_541\Release\cymetadata.o
arm-none-eabi-gcc.exe -mcpu=cortex-m3 -mthumb -I. -IGenerated_Source\PSoC5 -Wa,-alh=.\CortexM3\ARM_GCC_541\Release/Maximum_Peak_Detector_A.lst -g -D NDEBUG -Wall -ffunction-sections -ffat-lto-objects -Os -c Generated_Source\PSoC5\Maximum_Peak_Detector_A.c -o .\CortexM3\ARM_GCC_541\Release\Maximum_Peak_Detector_A.o
arm-none-eabi-gcc.exe -mcpu=cortex-m3 -mthumb -I. -IGenerated_Source\PSoC5 -Wa,-alh=.\CortexM3\ARM_GCC_541\Release/Clock_In.lst -g -D NDEBUG -Wall -ffunction-sections -ffat-lto-objects -Os -c Generated_Source\PSoC5\Clock_In.c -o .\CortexM3\ARM_GCC_541\Release\Clock_In.o
arm-none-eabi-gcc.exe -mcpu=cortex-m3 -mthumb -I. -IGenerated_Source\PSoC5 -Wa,-alh=.\CortexM3\ARM_GCC_541\Release/Signal_A.lst -g -D NDEBUG -Wall -ffunction-sections -ffat-lto-objects -Os -c Generated_Source\PSoC5\Signal_A.c -o .\CortexM3\ARM_GCC_541\Release\Signal_A.o
arm-none-eabi-gcc.exe -mcpu=cortex-m3 -mthumb -I. -IGenerated_Source\PSoC5 -Wa,-alh=.\CortexM3\ARM_GCC_541\Release/ADC_SAR_A.lst -g -D NDEBUG -Wall -ffunction-sections -ffat-lto-objects -Os -c Generated_Source\PSoC5\ADC_SAR_A.c -o .\CortexM3\ARM_GCC_541\Release\ADC_SAR_A.o
arm-none-eabi-gcc.exe -mcpu=cortex-m3 -mthumb -I. -IGenerated_Source\PSoC5 -Wa,-alh=.\CortexM3\ARM_GCC_541\Release/ADC_SAR_A_INT.lst -g -D NDEBUG -Wall -ffunction-sections -ffat-lto-objects -Os -c Generated_Source\PSoC5\ADC_SAR_A_INT.c -o .\CortexM3\ARM_GCC_541\Release\ADC_SAR_A_INT.o
arm-none-eabi-gcc.exe -mcpu=cortex-m3 -mthumb -I. -IGenerated_Source\PSoC5 -Wa,-alh=.\CortexM3\ARM_GCC_541\Release/ADC_SAR_A_PM.lst -g -D NDEBUG -Wall -ffunction-sections -ffat-lto-objects -Os -c Generated_Source\PSoC5\ADC_SAR_A_PM.c -o .\CortexM3\ARM_GCC_541\Release\ADC_SAR_A_PM.o
arm-none-eabi-gcc.exe -mcpu=cortex-m3 -mthumb -I. -IGenerated_Source\PSoC5 -Wa,-alh=.\CortexM3\ARM_GCC_541\Release/Signal_B.lst -g -D NDEBUG -Wall -ffunction-sections -ffat-lto-objects -Os -c Generated_Source\PSoC5\Signal_B.c -o .\CortexM3\ARM_GCC_541\Release\Signal_B.o
arm-none-eabi-gcc.exe -mcpu=cortex-m3 -mthumb -I. -IGenerated_Source\PSoC5 -Wa,-alh=.\CortexM3\ARM_GCC_541\Release/Maximum_Peak_Detector_B.lst -g -D NDEBUG -Wall -ffunction-sections -ffat-lto-objects -Os -c Generated_Source\PSoC5\Maximum_Peak_Detector_B.c -o .\CortexM3\ARM_GCC_541\Release\Maximum_Peak_Detector_B.o
arm-none-eabi-gcc.exe -mcpu=cortex-m3 -mthumb -I. -IGenerated_Source\PSoC5 -Wa,-alh=.\CortexM3\ARM_GCC_541\Release/ADC_SAR_B.lst -g -D NDEBUG -Wall -ffunction-sections -ffat-lto-objects -Os -c Generated_Source\PSoC5\ADC_SAR_B.c -o .\CortexM3\ARM_GCC_541\Release\ADC_SAR_B.o
arm-none-eabi-gcc.exe -mcpu=cortex-m3 -mthumb -I. -IGenerated_Source\PSoC5 -Wa,-alh=.\CortexM3\ARM_GCC_541\Release/ADC_SAR_B_INT.lst -g -D NDEBUG -Wall -ffunction-sections -ffat-lto-objects -Os -c Generated_Source\PSoC5\ADC_SAR_B_INT.c -o .\CortexM3\ARM_GCC_541\Release\ADC_SAR_B_INT.o
arm-none-eabi-gcc.exe -mcpu=cortex-m3 -mthumb -I. -IGenerated_Source\PSoC5 -Wa,-alh=.\CortexM3\ARM_GCC_541\Release/ADC_SAR_B_PM.lst -g -D NDEBUG -Wall -ffunction-sections -ffat-lto-objects -Os -c Generated_Source\PSoC5\ADC_SAR_B_PM.c -o .\CortexM3\ARM_GCC_541\Release\ADC_SAR_B_PM.o
arm-none-eabi-gcc.exe -mcpu=cortex-m3 -mthumb -I. -IGenerated_Source\PSoC5 -Wa,-alh=.\CortexM3\ARM_GCC_541\Release/DMA_A_dma.lst -g -D NDEBUG -Wall -ffunction-sections -ffat-lto-objects -Os -c Generated_Source\PSoC5\DMA_A_dma.c -o .\CortexM3\ARM_GCC_541\Release\DMA_A_dma.o
arm-none-eabi-gcc.exe -mcpu=cortex-m3 -mthumb -I. -IGenerated_Source\PSoC5 -Wa,-alh=.\CortexM3\ARM_GCC_541\Release/DMA_B_dma.lst -g -D NDEBUG -Wall -ffunction-sections -ffat-lto-objects -Os -c Generated_Source\PSoC5\DMA_B_dma.c -o .\CortexM3\ARM_GCC_541\Release\DMA_B_dma.o
arm-none-eabi-gcc.exe -mcpu=cortex-m3 -mthumb -I. -IGenerated_Source\PSoC5 -Wa,-alh=.\CortexM3\ARM_GCC_541\Release/ISR_A.lst -g -D NDEBUG -Wall -ffunction-sections -ffat-lto-objects -Os -c Generated_Source\PSoC5\ISR_A.c -o .\CortexM3\ARM_GCC_541\Release\ISR_A.o
arm-none-eabi-gcc.exe -mcpu=cortex-m3 -mthumb -I. -IGenerated_Source\PSoC5 -Wa,-alh=.\CortexM3\ARM_GCC_541\Release/ISR_B.lst -g -D NDEBUG -Wall -ffunction-sections -ffat-lto-objects -Os -c Generated_Source\PSoC5\ISR_B.c -o .\CortexM3\ARM_GCC_541\Release\ISR_B.o
arm-none-eabi-gcc.exe -mcpu=cortex-m3 -mthumb -I. -IGenerated_Source\PSoC5 -Wa,-alh=.\CortexM3\ARM_GCC_541\Release/Maximum_Peak_Detector_A_Sample_Hold.lst -g -D NDEBUG -Wall -ffunction-sections -ffat-lto-objects -Os -c Generated_Source\PSoC5\Maximum_Peak_Detector_A_Sample_Hold.c -o .\CortexM3\ARM_GCC_541\Release\Maximum_Peak_Detector_A_Sample_Hold.o
arm-none-eabi-gcc.exe -mcpu=cortex-m3 -mthumb -I. -IGenerated_Source\PSoC5 -Wa,-alh=.\CortexM3\ARM_GCC_541\Release/Maximum_Peak_Detector_A_Sample_Hold_PM.lst -g -D NDEBUG -Wall -ffunction-sections -ffat-lto-objects -Os -c Generated_Source\PSoC5\Maximum_Peak_Detector_A_Sample_Hold_PM.c -o .\CortexM3\ARM_GCC_541\Release\Maximum_Peak_Detector_A_Sample_Hold_PM.o
arm-none-eabi-gcc.exe -mcpu=cortex-m3 -mthumb -I. -IGenerated_Source\PSoC5 -Wa,-alh=.\CortexM3\ARM_GCC_541\Release/Maximum_Peak_Detector_A_Comp_1.lst -g -D NDEBUG -Wall -ffunction-sections -ffat-lto-objects -Os -c Generated_Source\PSoC5\Maximum_Peak_Detector_A_Comp_1.c -o .\CortexM3\ARM_GCC_541\Release\Maximum_Peak_Detector_A_Comp_1.o
arm-none-eabi-gcc.exe -mcpu=cortex-m3 -mthumb -I. -IGenerated_Source\PSoC5 -Wa,-alh=.\CortexM3\ARM_GCC_541\Release/Maximum_Peak_Detector_A_Comp_1_PM.lst -g -D NDEBUG -Wall -ffunction-sections -ffat-lto-objects -Os -c Generated_Source\PSoC5\Maximum_Peak_Detector_A_Comp_1_PM.c -o .\CortexM3\ARM_GCC_541\Release\Maximum_Peak_Detector_A_Comp_1_PM.o
arm-none-eabi-gcc.exe -mcpu=cortex-m3 -mthumb -I. -IGenerated_Source\PSoC5 -Wa,-alh=.\CortexM3\ARM_GCC_541\Release/ADC_SAR_A_IRQ.lst -g -D NDEBUG -Wall -ffunction-sections -ffat-lto-objects -Os -c Generated_Source\PSoC5\ADC_SAR_A_IRQ.c -o .\CortexM3\ARM_GCC_541\Release\ADC_SAR_A_IRQ.o
arm-none-eabi-gcc.exe -mcpu=cortex-m3 -mthumb -I. -IGenerated_Source\PSoC5 -Wa,-alh=.\CortexM3\ARM_GCC_541\Release/ADC_SAR_A_theACLK.lst -g -D NDEBUG -Wall -ffunction-sections -ffat-lto-objects -Os -c Generated_Source\PSoC5\ADC_SAR_A_theACLK.c -o .\CortexM3\ARM_GCC_541\Release\ADC_SAR_A_theACLK.o
arm-none-eabi-gcc.exe -mcpu=cortex-m3 -mthumb -I. -IGenerated_Source\PSoC5 -Wa,-alh=.\CortexM3\ARM_GCC_541\Release/Maximum_Peak_Detector_B_Sample_Hold.lst -g -D NDEBUG -Wall -ffunction-sections -ffat-lto-objects -Os -c Generated_Source\PSoC5\Maximum_Peak_Detector_B_Sample_Hold.c -o .\CortexM3\ARM_GCC_541\Release\Maximum_Peak_Detector_B_Sample_Hold.o
arm-none-eabi-gcc.exe -mcpu=cortex-m3 -mthumb -I. -IGenerated_Source\PSoC5 -Wa,-alh=.\CortexM3\ARM_GCC_541\Release/Maximum_Peak_Detector_B_Sample_Hold_PM.lst -g -D NDEBUG -Wall -ffunction-sections -ffat-lto-objects -Os -c Generated_Source\PSoC5\Maximum_Peak_Detector_B_Sample_Hold_PM.c -o .\CortexM3\ARM_GCC_541\Release\Maximum_Peak_Detector_B_Sample_Hold_PM.o
arm-none-eabi-gcc.exe -mcpu=cortex-m3 -mthumb -I. -IGenerated_Source\PSoC5 -Wa,-alh=.\CortexM3\ARM_GCC_541\Release/Maximum_Peak_Detector_B_Comp_1.lst -g -D NDEBUG -Wall -ffunction-sections -ffat-lto-objects -Os -c Generated_Source\PSoC5\Maximum_Peak_Detector_B_Comp_1.c -o .\CortexM3\ARM_GCC_541\Release\Maximum_Peak_Detector_B_Comp_1.o
arm-none-eabi-gcc.exe -mcpu=cortex-m3 -mthumb -I. -IGenerated_Source\PSoC5 -Wa,-alh=.\CortexM3\ARM_GCC_541\Release/Maximum_Peak_Detector_B_Comp_1_PM.lst -g -D NDEBUG -Wall -ffunction-sections -ffat-lto-objects -Os -c Generated_Source\PSoC5\Maximum_Peak_Detector_B_Comp_1_PM.c -o .\CortexM3\ARM_GCC_541\Release\Maximum_Peak_Detector_B_Comp_1_PM.o
arm-none-eabi-gcc.exe -mcpu=cortex-m3 -mthumb -I. -IGenerated_Source\PSoC5 -Wa,-alh=.\CortexM3\ARM_GCC_541\Release/ADC_SAR_B_IRQ.lst -g -D NDEBUG -Wall -ffunction-sections -ffat-lto-objects -Os -c Generated_Source\PSoC5\ADC_SAR_B_IRQ.c -o .\CortexM3\ARM_GCC_541\Release\ADC_SAR_B_IRQ.o
arm-none-eabi-gcc.exe -mcpu=cortex-m3 -mthumb -I. -IGenerated_Source\PSoC5 -Wa,-alh=.\CortexM3\ARM_GCC_541\Release/ADC_SAR_B_theACLK.lst -g -D NDEBUG -Wall -ffunction-sections -ffat-lto-objects -Os -c Generated_Source\PSoC5\ADC_SAR_B_theACLK.c -o .\CortexM3\ARM_GCC_541\Release\ADC_SAR_B_theACLK.o
arm-none-eabi-gcc.exe -mcpu=cortex-m3 -mthumb -I. -IGenerated_Source\PSoC5 -Wa,-alh=.\CortexM3\ARM_GCC_541\Release/Cm3Start.lst -g -D NDEBUG -Wall -ffunction-sections -ffat-lto-objects -Os -c Generated_Source\PSoC5\Cm3Start.c -o .\CortexM3\ARM_GCC_541\Release\Cm3Start.o
arm-none-eabi-gcc.exe -mcpu=cortex-m3 -mthumb -I. -IGenerated_Source\PSoC5 -Wa,-alh=.\CortexM3\ARM_GCC_541\Release/CyDmac.lst -g -D NDEBUG -Wall -ffunction-sections -ffat-lto-objects -Os -c Generated_Source\PSoC5\CyDmac.c -o .\CortexM3\ARM_GCC_541\Release\CyDmac.o
arm-none-eabi-gcc.exe -mcpu=cortex-m3 -mthumb -I. -IGenerated_Source\PSoC5 -Wa,-alh=.\CortexM3\ARM_GCC_541\Release/CyFlash.lst -g -D NDEBUG -Wall -ffunction-sections -ffat-lto-objects -Os -c Generated_Source\PSoC5\CyFlash.c -o .\CortexM3\ARM_GCC_541\Release\CyFlash.o
arm-none-eabi-gcc.exe -mcpu=cortex-m3 -mthumb -I. -IGenerated_Source\PSoC5 -Wa,-alh=.\CortexM3\ARM_GCC_541\Release/CyLib.lst -g -D NDEBUG -Wall -ffunction-sections -ffat-lto-objects -Os -c Generated_Source\PSoC5\CyLib.c -o .\CortexM3\ARM_GCC_541\Release\CyLib.o
arm-none-eabi-gcc.exe -mcpu=cortex-m3 -mthumb -I. -IGenerated_Source\PSoC5 -Wa,-alh=.\CortexM3\ARM_GCC_541\Release/cyPm.lst -g -D NDEBUG -Wall -ffunction-sections -ffat-lto-objects -Os -c Generated_Source\PSoC5\cyPm.c -o .\CortexM3\ARM_GCC_541\Release\cyPm.o
arm-none-eabi-gcc.exe -mcpu=cortex-m3 -mthumb -I. -IGenerated_Source\PSoC5 -Wa,-alh=.\CortexM3\ARM_GCC_541\Release/CySpc.lst -g -D NDEBUG -Wall -ffunction-sections -ffat-lto-objects -Os -c Generated_Source\PSoC5\CySpc.c -o .\CortexM3\ARM_GCC_541\Release\CySpc.o
arm-none-eabi-gcc.exe -mcpu=cortex-m3 -mthumb -I. -IGenerated_Source\PSoC5 -Wa,-alh=.\CortexM3\ARM_GCC_541\Release/cyutils.lst -g -D NDEBUG -Wall -ffunction-sections -ffat-lto-objects -Os -c Generated_Source\PSoC5\cyutils.c -o .\CortexM3\ARM_GCC_541\Release\cyutils.o
arm-none-eabi-gcc.exe -mcpu=cortex-m3 -mthumb -I. -IGenerated_Source\PSoC5 -Wa,-alh=.\CortexM3\ARM_GCC_541\Release/cy_em_eeprom.lst -g -D NDEBUG -Wall -ffunction-sections -ffat-lto-objects -Os -c Generated_Source\PSoC5\cy_em_eeprom.c -o .\CortexM3\ARM_GCC_541\Release\cy_em_eeprom.o
arm-none-eabi-gcc.exe -mcpu=cortex-m3 -mthumb -I. -IGenerated_Source\PSoC5 -Wa,-alh=.\CortexM3\ARM_GCC_541\Release/UART.lst -g -D NDEBUG -Wall -ffunction-sections -ffat-lto-objects -Os -c Generated_Source\PSoC5\UART.c -o .\CortexM3\ARM_GCC_541\Release\UART.o
arm-none-eabi-gcc.exe -mcpu=cortex-m3 -mthumb -I. -IGenerated_Source\PSoC5 -Wa,-alh=.\CortexM3\ARM_GCC_541\Release/UART_PM.lst -g -D NDEBUG -Wall -ffunction-sections -ffat-lto-objects -Os -c Generated_Source\PSoC5\UART_PM.c -o .\CortexM3\ARM_GCC_541\Release\UART_PM.o
arm-none-eabi-gcc.exe -mcpu=cortex-m3 -mthumb -I. -IGenerated_Source\PSoC5 -Wa,-alh=.\CortexM3\ARM_GCC_541\Release/UART_INT.lst -g -D NDEBUG -Wall -ffunction-sections -ffat-lto-objects -Os -c Generated_Source\PSoC5\UART_INT.c -o .\CortexM3\ARM_GCC_541\Release\UART_INT.o
arm-none-eabi-gcc.exe -mcpu=cortex-m3 -mthumb -I. -IGenerated_Source\PSoC5 -Wa,-alh=.\CortexM3\ARM_GCC_541\Release/UART_BOOT.lst -g -D NDEBUG -Wall -ffunction-sections -ffat-lto-objects -Os -c Generated_Source\PSoC5\UART_BOOT.c -o .\CortexM3\ARM_GCC_541\Release\UART_BOOT.o
arm-none-eabi-gcc.exe -mcpu=cortex-m3 -mthumb -I. -IGenerated_Source\PSoC5 -Wa,-alh=.\CortexM3\ARM_GCC_541\Release/UART_IntClock.lst -g -D NDEBUG -Wall -ffunction-sections -ffat-lto-objects -Os -c Generated_Source\PSoC5\UART_IntClock.c -o .\CortexM3\ARM_GCC_541\Release\UART_IntClock.o
arm-none-eabi-gcc.exe -mcpu=cortex-m3 -mthumb -I. -IGenerated_Source\PSoC5 -Wa,-alh=.\CortexM3\ARM_GCC_541\Release/Pin_2.lst -g -D NDEBUG -Wall -ffunction-sections -ffat-lto-objects -Os -c Generated_Source\PSoC5\Pin_2.c -o .\CortexM3\ARM_GCC_541\Release\Pin_2.o
arm-none-eabi-gcc.exe -mcpu=cortex-m3 -mthumb -I. -IGenerated_Source\PSoC5 -Wa,-alh=.\CortexM3\ARM_GCC_541\Release/Pin_1.lst -g -D NDEBUG -Wall -ffunction-sections -ffat-lto-objects -Os -c Generated_Source\PSoC5\Pin_1.c -o .\CortexM3\ARM_GCC_541\Release\Pin_1.o
arm-none-eabi-gcc.exe -mcpu=cortex-m3 -mthumb -I. -IGenerated_Source\PSoC5 -Wa,-alh=.\CortexM3\ARM_GCC_541\Release/Clock_1.lst -g -D NDEBUG -Wall -ffunction-sections -ffat-lto-objects -Os -c Generated_Source\PSoC5\Clock_1.c -o .\CortexM3\ARM_GCC_541\Release\Clock_1.o
arm-none-eabi-gcc.exe -mcpu=cortex-m3 -mthumb -I. -IGenerated_Source\PSoC5 -Wa,-alh=.\CortexM3\ARM_GCC_541\Release/Filter.lst -g -D NDEBUG -Wall -ffunction-sections -ffat-lto-objects -Os -c Generated_Source\PSoC5\Filter.c -o .\CortexM3\ARM_GCC_541\Release\Filter.o
arm-none-eabi-gcc.exe -mcpu=cortex-m3 -mthumb -I. -IGenerated_Source\PSoC5 -Wa,-alh=.\CortexM3\ARM_GCC_541\Release/Filter_PM.lst -g -D NDEBUG -Wall -ffunction-sections -ffat-lto-objects -Os -c Generated_Source\PSoC5\Filter_PM.c -o .\CortexM3\ARM_GCC_541\Release\Filter_PM.o
arm-none-eabi-gcc.exe -mcpu=cortex-m3 -mthumb -I. -IGenerated_Source\PSoC5 -Wa,-alh=.\CortexM3\ARM_GCC_541\Release/Filter_PVT.lst -g -D NDEBUG -Wall -ffunction-sections -ffat-lto-objects -Os -c Generated_Source\PSoC5\Filter_PVT.c -o .\CortexM3\ARM_GCC_541\Release\Filter_PVT.o
arm-none-eabi-gcc.exe -mcpu=cortex-m3 -mthumb -I. -IGenerated_Source\PSoC5 -Wa,-alh=.\CortexM3\ARM_GCC_541\Release/Filter_RAM_Data.lst -g -D NDEBUG -Wall -ffunction-sections -ffat-lto-objects -Os -c Generated_Source\PSoC5\Filter_RAM_Data.c -o .\CortexM3\ARM_GCC_541\Release\Filter_RAM_Data.o
arm-none-eabi-gcc.exe -mcpu=cortex-m3 -mthumb -I. -IGenerated_Source\PSoC5 -Wa,-alh=.\CortexM3\ARM_GCC_541\Release/Filter_Coefficients.lst -g -D NDEBUG -Wall -ffunction-sections -ffat-lto-objects -Os -c Generated_Source\PSoC5\Filter_Coefficients.c -o .\CortexM3\ARM_GCC_541\Release\Filter_Coefficients.o
arm-none-eabi-gcc.exe -mcpu=cortex-m3 -mthumb -I. -IGenerated_Source\PSoC5 -Wa,-alh=.\CortexM3\ARM_GCC_541\Release/IRQ.lst -g -D NDEBUG -Wall -ffunction-sections -ffat-lto-objects -Os -c Generated_Source\PSoC5\IRQ.c -o .\CortexM3\ARM_GCC_541\Release\IRQ.o
arm-none-eabi-gcc.exe -mcpu=cortex-m3 -mthumb -I. -IGenerated_Source\PSoC5 -Wa,-alh=.\CortexM3\ARM_GCC_541\Release/isr_IRQ.lst -g -D NDEBUG -Wall -ffunction-sections -ffat-lto-objects -Os -c Generated_Source\PSoC5\isr_IRQ.c -o .\CortexM3\ARM_GCC_541\Release\isr_IRQ.o
arm-none-eabi-gcc.exe -mcpu=cortex-m3 -mthumb -I. -IGenerated_Source\PSoC5 -Wa,-alh=.\CortexM3\ARM_GCC_541\Release/SS.lst -g -D NDEBUG -Wall -ffunction-sections -ffat-lto-objects -Os -c Generated_Source\PSoC5\SS.c -o .\CortexM3\ARM_GCC_541\Release\SS.o
arm-none-eabi-gcc.exe -mcpu=cortex-m3 -mthumb -I. -IGenerated_Source\PSoC5 -Wa,-alh=.\CortexM3\ARM_GCC_541\Release/CE.lst -g -D NDEBUG -Wall -ffunction-sections -ffat-lto-objects -Os -c Generated_Source\PSoC5\CE.c -o .\CortexM3\ARM_GCC_541\Release\CE.o
arm-none-eabi-gcc.exe -mcpu=cortex-m3 -mthumb -I. -IGenerated_Source\PSoC5 -Wa,-alh=.\CortexM3\ARM_GCC_541\Release/LED.lst -g -D NDEBUG -Wall -ffunction-sections -ffat-lto-objects -Os -c Generated_Source\PSoC5\LED.c -o .\CortexM3\ARM_GCC_541\Release\LED.o
arm-none-eabi-gcc.exe -mcpu=cortex-m3 -mthumb -I. -IGenerated_Source\PSoC5 -Wa,-alh=.\CortexM3\ARM_GCC_541\Release/nRF24_FUNCS.lst -g -D NDEBUG -Wall -ffunction-sections -ffat-lto-objects -Os -c Generated_Source\PSoC5\nRF24_FUNCS.c -o .\CortexM3\ARM_GCC_541\Release\nRF24_FUNCS.o
arm-none-eabi-gcc.exe -mcpu=cortex-m3 -mthumb -I. -IGenerated_Source\PSoC5 -Wa,-alh=.\CortexM3\ARM_GCC_541\Release/nRF24_HAL.lst -g -D NDEBUG -Wall -ffunction-sections -ffat-lto-objects -Os -c Generated_Source\PSoC5\nRF24_HAL.c -o .\CortexM3\ARM_GCC_541\Release\nRF24_HAL.o
arm-none-eabi-gcc.exe -mcpu=cortex-m3 -mthumb -I. -IGenerated_Source\PSoC5 -Wa,-alh=.\CortexM3\ARM_GCC_541\Release/nRF24_COMMANDS.lst -g -D NDEBUG -Wall -ffunction-sections -ffat-lto-objects -Os -c Generated_Source\PSoC5\nRF24_COMMANDS.c -o .\CortexM3\ARM_GCC_541\Release\nRF24_COMMANDS.o
arm-none-eabi-gcc.exe -mcpu=cortex-m3 -mthumb -I. -IGenerated_Source\PSoC5 -Wa,-alh=.\CortexM3\ARM_GCC_541\Release/MISO.lst -g -D NDEBUG -Wall -ffunction-sections -ffat-lto-objects -Os -c Generated_Source\PSoC5\MISO.c -o .\CortexM3\ARM_GCC_541\Release\MISO.o
arm-none-eabi-gcc.exe -mcpu=cortex-m3 -mthumb -I. -IGenerated_Source\PSoC5 -Wa,-alh=.\CortexM3\ARM_GCC_541\Release/MOSI.lst -g -D NDEBUG -Wall -ffunction-sections -ffat-lto-objects -Os -c Generated_Source\PSoC5\MOSI.c -o .\CortexM3\ARM_GCC_541\Release\MOSI.o
arm-none-eabi-gcc.exe -mcpu=cortex-m3 -mthumb -I. -IGenerated_Source\PSoC5 -Wa,-alh=.\CortexM3\ARM_GCC_541\Release/SCLK.lst -g -D NDEBUG -Wall -ffunction-sections -ffat-lto-objects -Os -c Generated_Source\PSoC5\SCLK.c -o .\CortexM3\ARM_GCC_541\Release\SCLK.o
arm-none-eabi-gcc.exe -mcpu=cortex-m3 -mthumb -I. -IGenerated_Source\PSoC5 -Wa,-alh=.\CortexM3\ARM_GCC_541\Release/SPI.lst -g -D NDEBUG -Wall -ffunction-sections -ffat-lto-objects -Os -c Generated_Source\PSoC5\SPI.c -o .\CortexM3\ARM_GCC_541\Release\SPI.o
arm-none-eabi-gcc.exe -mcpu=cortex-m3 -mthumb -I. -IGenerated_Source\PSoC5 -Wa,-alh=.\CortexM3\ARM_GCC_541\Release/SPI_PM.lst -g -D NDEBUG -Wall -ffunction-sections -ffat-lto-objects -Os -c Generated_Source\PSoC5\SPI_PM.c -o .\CortexM3\ARM_GCC_541\Release\SPI_PM.o
arm-none-eabi-gcc.exe -mcpu=cortex-m3 -mthumb -I. -IGenerated_Source\PSoC5 -Wa,-alh=.\CortexM3\ARM_GCC_541\Release/SPI_INT.lst -g -D NDEBUG -Wall -ffunction-sections -ffat-lto-objects -Os -c Generated_Source\PSoC5\SPI_INT.c -o .\CortexM3\ARM_GCC_541\Release\SPI_INT.o
arm-none-eabi-gcc.exe -mcpu=cortex-m3 -mthumb -I. -IGenerated_Source\PSoC5 -Wa,-alh=.\CortexM3\ARM_GCC_541\Release/SPI_IntClock.lst -g -D NDEBUG -Wall -ffunction-sections -ffat-lto-objects -Os -c Generated_Source\PSoC5\SPI_IntClock.c -o .\CortexM3\ARM_GCC_541\Release\SPI_IntClock.o
arm-none-eabi-gcc.exe -mcpu=cortex-m3 -mthumb -I. -IGenerated_Source\PSoC5 -Wa,-alh=.\CortexM3\ARM_GCC_541\Release/Clock_2.lst -g -D NDEBUG -Wall -ffunction-sections -ffat-lto-objects -Os -c Generated_Source\PSoC5\Clock_2.c -o .\CortexM3\ARM_GCC_541\Release\Clock_2.o
arm-none-eabi-gcc.exe -mcpu=cortex-m3 -mthumb -I. -IGenerated_Source\PSoC5 -Wa,-alh=.\CortexM3\ARM_GCC_541\Release/Clock_In_1.lst -g -D NDEBUG -Wall -ffunction-sections -ffat-lto-objects -Os -c Generated_Source\PSoC5\Clock_In_1.c -o .\CortexM3\ARM_GCC_541\Release\Clock_In_1.o
arm-none-eabi-gcc.exe -mcpu=cortex-m3 -mthumb -I. -IGenerated_Source\PSoC5 -Wa,-alh=.\CortexM3\ARM_GCC_541\Release/ADC_SAR_A_Bypass.lst -g -D NDEBUG -Wall -ffunction-sections -ffat-lto-objects -Os -c Generated_Source\PSoC5\ADC_SAR_A_Bypass.c -o .\CortexM3\ARM_GCC_541\Release\ADC_SAR_A_Bypass.o
arm-none-eabi-gcc.exe -mcpu=cortex-m3 -mthumb -I. -IGenerated_Source\PSoC5 -Wa,-alh=.\CortexM3\ARM_GCC_541\Release/ADC_SAR_B_Bypass.lst -g -D NDEBUG -Wall -ffunction-sections -ffat-lto-objects -Os -c Generated_Source\PSoC5\ADC_SAR_B_Bypass.c -o .\CortexM3\ARM_GCC_541\Release\ADC_SAR_B_Bypass.o
arm-none-eabi-gcc.exe -mcpu=cortex-m3 -mthumb -I. -IGenerated_Source\PSoC5 -Wa,-alh=.\CortexM3\ARM_GCC_541\Release/PWM_SERVO.lst -g -D NDEBUG -Wall -ffunction-sections -ffat-lto-objects -Os -c Generated_Source\PSoC5\PWM_SERVO.c -o .\CortexM3\ARM_GCC_541\Release\PWM_SERVO.o
arm-none-eabi-gcc.exe -mcpu=cortex-m3 -mthumb -I. -IGenerated_Source\PSoC5 -Wa,-alh=.\CortexM3\ARM_GCC_541\Release/PWM_SERVO_PM.lst -g -D NDEBUG -Wall -ffunction-sections -ffat-lto-objects -Os -c Generated_Source\PSoC5\PWM_SERVO_PM.c -o .\CortexM3\ARM_GCC_541\Release\PWM_SERVO_PM.o
arm-none-eabi-gcc.exe -mcpu=cortex-m3 -mthumb -I. -IGenerated_Source\PSoC5 -Wa,-alh=.\CortexM3\ARM_GCC_541\Release/PWM_H_BRIDGE.lst -g -D NDEBUG -Wall -ffunction-sections -ffat-lto-objects -Os -c Generated_Source\PSoC5\PWM_H_BRIDGE.c -o .\CortexM3\ARM_GCC_541\Release\PWM_H_BRIDGE.o
arm-none-eabi-gcc.exe -mcpu=cortex-m3 -mthumb -I. -IGenerated_Source\PSoC5 -Wa,-alh=.\CortexM3\ARM_GCC_541\Release/PWM_H_BRIDGE_PM.lst -g -D NDEBUG -Wall -ffunction-sections -ffat-lto-objects -Os -c Generated_Source\PSoC5\PWM_H_BRIDGE_PM.c -o .\CortexM3\ARM_GCC_541\Release\PWM_H_BRIDGE_PM.o
arm-none-eabi-gcc.exe -mcpu=cortex-m3 -mthumb -I. -IGenerated_Source\PSoC5 -Wa,-alh=.\CortexM3\ARM_GCC_541\Release/N2.lst -g -D NDEBUG -Wall -ffunction-sections -ffat-lto-objects -Os -c Generated_Source\PSoC5\N2.c -o .\CortexM3\ARM_GCC_541\Release\N2.o
arm-none-eabi-gcc.exe -mcpu=cortex-m3 -mthumb -I. -IGenerated_Source\PSoC5 -Wa,-alh=.\CortexM3\ARM_GCC_541\Release/N1.lst -g -D NDEBUG -Wall -ffunction-sections -ffat-lto-objects -Os -c Generated_Source\PSoC5\N1.c -o .\CortexM3\ARM_GCC_541\Release\N1.o
arm-none-eabi-gcc.exe -mcpu=cortex-m3 -mthumb -I. -IGenerated_Source\PSoC5 -Wa,-alh=.\CortexM3\ARM_GCC_541\Release/Pin_servo.lst -g -D NDEBUG -Wall -ffunction-sections -ffat-lto-objects -Os -c Generated_Source\PSoC5\Pin_servo.c -o .\CortexM3\ARM_GCC_541\Release\Pin_servo.o
arm-none-eabi-gcc.exe -mcpu=cortex-m3 -mthumb -I. -IGenerated_Source\PSoC5 -Wa,-alh=.\CortexM3\ARM_GCC_541\Release/killswitchP.lst -g -D NDEBUG -Wall -ffunction-sections -ffat-lto-objects -Os -c Generated_Source\PSoC5\killswitchP.c -o .\CortexM3\ARM_GCC_541\Release\killswitchP.o
arm-none-eabi-gcc.exe -mcpu=cortex-m3 -mthumb -I. -IGenerated_Source\PSoC5 -Wa,-alh=.\CortexM3\ARM_GCC_541\Release/P1.lst -g -D NDEBUG -Wall -ffunction-sections -ffat-lto-objects -Os -c Generated_Source\PSoC5\P1.c -o .\CortexM3\ARM_GCC_541\Release\P1.o
arm-none-eabi-gcc.exe -mcpu=cortex-m3 -mthumb -I. -IGenerated_Source\PSoC5 -Wa,-alh=.\CortexM3\ARM_GCC_541\Release/P2.lst -g -D NDEBUG -Wall -ffunction-sections -ffat-lto-objects -Os -c Generated_Source\PSoC5\P2.c -o .\CortexM3\ARM_GCC_541\Release\P2.o
arm-none-eabi-gcc.exe -mcpu=cortex-m3 -mthumb -I. -IGenerated_Source\PSoC5 -Wa,-alh=.\CortexM3\ARM_GCC_541\Release/killswitchS.lst -g -D NDEBUG -Wall -ffunction-sections -ffat-lto-objects -Os -c Generated_Source\PSoC5\killswitchS.c -o .\CortexM3\ARM_GCC_541\Release\killswitchS.o
arm-none-eabi-gcc.exe -mcpu=cortex-m3 -mthumb -I. -IGenerated_Source\PSoC5 -Wa,-alh=.\CortexM3\ARM_GCC_541\Release/DMA_A_Filter_dma.lst -g -D NDEBUG -Wall -ffunction-sections -ffat-lto-objects -Os -c Generated_Source\PSoC5\DMA_A_Filter_dma.c -o .\CortexM3\ARM_GCC_541\Release\DMA_A_Filter_dma.o
arm-none-eabi-gcc.exe -mcpu=cortex-m3 -mthumb -I. -IGenerated_Source\PSoC5 -Wa,-alh=.\CortexM3\ARM_GCC_541\Release/DMA_B_Filter_dma.lst -g -D NDEBUG -Wall -ffunction-sections -ffat-lto-objects -Os -c Generated_Source\PSoC5\DMA_B_Filter_dma.c -o .\CortexM3\ARM_GCC_541\Release\DMA_B_Filter_dma.o
arm-none-eabi-as.exe -mcpu=cortex-m3 -mthumb -I. -IGenerated_Source\PSoC5 -alh=.\CortexM3\ARM_GCC_541\Release/CyBootAsmGnu.lst -g -o .\CortexM3\ARM_GCC_541\Release\CyBootAsmGnu.o Generated_Source\PSoC5\CyBootAsmGnu.s
arm-none-eabi-ar.exe -rs .\CortexM3\ARM_GCC_541\Release\AngleMeasurement.a .\CortexM3\ARM_GCC_541\Release\Maximum_Peak_Detector_A.o .\CortexM3\ARM_GCC_541\Release\Clock_In.o .\CortexM3\ARM_GCC_541\Release\Signal_A.o .\CortexM3\ARM_GCC_541\Release\ADC_SAR_A.o .\CortexM3\ARM_GCC_541\Release\ADC_SAR_A_INT.o .\CortexM3\ARM_GCC_541\Release\ADC_SAR_A_PM.o .\CortexM3\ARM_GCC_541\Release\Signal_B.o .\CortexM3\ARM_GCC_541\Release\Maximum_Peak_Detector_B.o .\CortexM3\ARM_GCC_541\Release\ADC_SAR_B.o .\CortexM3\ARM_GCC_541\Release\ADC_SAR_B_INT.o .\CortexM3\ARM_GCC_541\Release\ADC_SAR_B_PM.o .\CortexM3\ARM_GCC_541\Release\DMA_A_dma.o .\CortexM3\ARM_GCC_541\Release\DMA_B_dma.o .\CortexM3\ARM_GCC_541\Release\ISR_A.o .\CortexM3\ARM_GCC_541\Release\ISR_B.o .\CortexM3\ARM_GCC_541\Release\Maximum_Peak_Detector_A_Sample_Hold.o .\CortexM3\ARM_GCC_541\Release\Maximum_Peak_Detector_A_Sample_Hold_PM.o .\CortexM3\ARM_GCC_541\Release\Maximum_Peak_Detector_A_Comp_1.o .\CortexM3\ARM_GCC_541\Release\Maximum_Peak_Detector_A_Comp_1_PM.o .\CortexM3\ARM_GCC_541\Release\ADC_SAR_A_IRQ.o .\CortexM3\ARM_GCC_541\Release\ADC_SAR_A_theACLK.o .\CortexM3\ARM_GCC_541\Release\Maximum_Peak_Detector_B_Sample_Hold.o .\CortexM3\ARM_GCC_541\Release\Maximum_Peak_Detector_B_Sample_Hold_PM.o .\CortexM3\ARM_GCC_541\Release\Maximum_Peak_Detector_B_Comp_1.o .\CortexM3\ARM_GCC_541\Release\Maximum_Peak_Detector_B_Comp_1_PM.o .\CortexM3\ARM_GCC_541\Release\ADC_SAR_B_IRQ.o .\CortexM3\ARM_GCC_541\Release\ADC_SAR_B_theACLK.o .\CortexM3\ARM_GCC_541\Release\CyDmac.o .\CortexM3\ARM_GCC_541\Release\CyFlash.o .\CortexM3\ARM_GCC_541\Release\CyLib.o .\CortexM3\ARM_GCC_541\Release\cyPm.o .\CortexM3\ARM_GCC_541\Release\CySpc.o .\CortexM3\ARM_GCC_541\Release\cyutils.o .\CortexM3\ARM_GCC_541\Release\cy_em_eeprom.o .\CortexM3\ARM_GCC_541\Release\UART.o .\CortexM3\ARM_GCC_541\Release\UART_PM.o .\CortexM3\ARM_GCC_541\Release\UART_INT.o .\CortexM3\ARM_GCC_541\Release\UART_BOOT.o .\CortexM3\ARM_GCC_541\Release\UART_IntClock.o .\CortexM3\ARM_GCC_541\Release\Pin_2.o .\CortexM3\ARM_GCC_541\Release\Pin_1.o .\CortexM3\ARM_GCC_541\Release\Clock_1.o .\CortexM3\ARM_GCC_541\Release\Filter.o .\CortexM3\ARM_GCC_541\Release\Filter_PM.o .\CortexM3\ARM_GCC_541\Release\Filter_PVT.o .\CortexM3\ARM_GCC_541\Release\Filter_RAM_Data.o .\CortexM3\ARM_GCC_541\Release\Filter_Coefficients.o .\CortexM3\ARM_GCC_541\Release\IRQ.o .\CortexM3\ARM_GCC_541\Release\isr_IRQ.o .\CortexM3\ARM_GCC_541\Release\SS.o .\CortexM3\ARM_GCC_541\Release\CE.o .\CortexM3\ARM_GCC_541\Release\LED.o .\CortexM3\ARM_GCC_541\Release\nRF24_FUNCS.o .\CortexM3\ARM_GCC_541\Release\nRF24_HAL.o .\CortexM3\ARM_GCC_541\Release\nRF24_COMMANDS.o .\CortexM3\ARM_GCC_541\Release\MISO.o .\CortexM3\ARM_GCC_541\Release\MOSI.o .\CortexM3\ARM_GCC_541\Release\SCLK.o .\CortexM3\ARM_GCC_541\Release\SPI.o .\CortexM3\ARM_GCC_541\Release\SPI_PM.o .\CortexM3\ARM_GCC_541\Release\SPI_INT.o .\CortexM3\ARM_GCC_541\Release\SPI_IntClock.o .\CortexM3\ARM_GCC_541\Release\Clock_2.o .\CortexM3\ARM_GCC_541\Release\Clock_In_1.o .\CortexM3\ARM_GCC_541\Release\ADC_SAR_A_Bypass.o .\CortexM3\ARM_GCC_541\Release\ADC_SAR_B_Bypass.o .\CortexM3\ARM_GCC_541\Release\PWM_SERVO.o .\CortexM3\ARM_GCC_541\Release\PWM_SERVO_PM.o .\CortexM3\ARM_GCC_541\Release\PWM_H_BRIDGE.o .\CortexM3\ARM_GCC_541\Release\PWM_H_BRIDGE_PM.o .\CortexM3\ARM_GCC_541\Release\N2.o .\CortexM3\ARM_GCC_541\Release\N1.o .\CortexM3\ARM_GCC_541\Release\Pin_servo.o .\CortexM3\ARM_GCC_541\Release\killswitchP.o .\CortexM3\ARM_GCC_541\Release\P1.o .\CortexM3\ARM_GCC_541\Release\P2.o .\CortexM3\ARM_GCC_541\Release\killswitchS.o .\CortexM3\ARM_GCC_541\Release\DMA_A_Filter_dma.o .\CortexM3\ARM_GCC_541\Release\DMA_B_Filter_dma.o .\CortexM3\ARM_GCC_541\Release\CyBootAsmGnu.o
arm-none-eabi-ar.exe: creating .\CortexM3\ARM_GCC_541\Release\AngleMeasurement.a
arm-none-eabi-gcc.exe -Wl,--start-group -o "C:\Users\Alexander Nielsen\Desktop\platooning\PSoC\Platooning\AngleMeasurement.cydsn\CortexM3\ARM_GCC_541\Release\AngleMeasurement.elf" .\CortexM3\ARM_GCC_541\Release\main.o .\CortexM3\ARM_GCC_541\Release\cyfitter_cfg.o .\CortexM3\ARM_GCC_541\Release\cymetadata.o .\CortexM3\ARM_GCC_541\Release\Cm3Start.o .\CortexM3\ARM_GCC_541\Release\AngleMeasurement.a "C:\Program Files (x86)\Cypress\PSoC Creator\4.2\PSoC Creator\psoc\content\cycomponentlibrary\CyComponentLibrary.cylib\CortexM3\ARM_GCC_541\Release\CyComponentLibrary.a" -mcpu=cortex-m3 -mthumb -L Generated_Source\PSoC5 -Wl,-Map,.\CortexM3\ARM_GCC_541\Release/AngleMeasurement.map -T Generated_Source\PSoC5\cm3gcc.ld -specs=nano.specs -Wl,--gc-sections -g -ffunction-sections -Os -ffat-lto-objects -Wl,--end-group
cyelftool.exe -C "C:\Users\Alexander Nielsen\Desktop\platooning\PSoC\Platooning\AngleMeasurement.cydsn\CortexM3\ARM_GCC_541\Release\AngleMeasurement.elf" --flash_row_size 256 --flash_size 262144 --flash_offset 0x00000000
No ELF section .cychecksum found, creating one
Application checksum calculated and stored in ELF section .cychecksum
Checksum calculated and stored in ELF section .cymeta
cyelftool.exe -S "C:\Users\Alexander Nielsen\Desktop\platooning\PSoC\Platooning\AngleMeasurement.cydsn\CortexM3\ARM_GCC_541\Release\AngleMeasurement.elf"
Flash used: 13934 of 262144 bytes (5,3 %).
SRAM used: 8801 of 65536 bytes (13,4 %). Stack: 2048 bytes. Heap: 128 bytes.
--------------- Build Succeeded: 01/21/2019 11:34:42 ---------------
