ARM GAS  C:\Users\mikke\AppData\Local\Temp\cckTdicE.s 			page 1


   1              		.syntax unified
   2              		.cpu cortex-m3
   3              		.fpu softvfp
   4              		.eabi_attribute 20, 1
   5              		.eabi_attribute 21, 1
   6              		.eabi_attribute 23, 3
   7              		.eabi_attribute 24, 1
   8              		.eabi_attribute 25, 1
   9              		.eabi_attribute 26, 1
  10              		.eabi_attribute 30, 1
  11              		.eabi_attribute 34, 1
  12              		.eabi_attribute 18, 4
  13              		.thumb
  14              		.syntax unified
  15              		.file	"cymetadata.c"
  16              		.text
  17              	.Ltext0:
  18              		.cfi_sections	.debug_frame
  19              		.global	cy_metadata
  20              		.global	cy_meta_flashprotect
  21              		.global	cy_meta_wonvl
  22              		.global	cy_meta_custnvl
  23              		.global	cy_meta_configecc
  24              		.section	.cyconfigecc,"a",%progbits
  25              		.align	2
  26              		.type	cy_meta_configecc, %object
  27              		.size	cy_meta_configecc, 1444
  28              	cy_meta_configecc:
  29 0000 01       		.byte	1
  30 0001 45       		.byte	69
  31 0002 00       		.byte	0
  32 0003 40       		.byte	64
  33 0004 02       		.byte	2
  34 0005 64       		.byte	100
  35 0006 00       		.byte	0
  36 0007 40       		.byte	64
  37 0008 02       		.byte	2
  38 0009 65       		.byte	101
  39 000a 00       		.byte	0
  40 000b 40       		.byte	64
  41 000c 01       		.byte	1
  42 000d 03       		.byte	3
  43 000e 01       		.byte	1
  44 000f 40       		.byte	64
  45 0010 01       		.byte	1
  46 0011 05       		.byte	5
  47 0012 01       		.byte	1
  48 0013 40       		.byte	64
  49 0014 01       		.byte	1
  50 0015 07       		.byte	7
  51 0016 01       		.byte	1
  52 0017 40       		.byte	64
  53 0018 28       		.byte	40
  54 0019 08       		.byte	8
  55 001a 01       		.byte	1
  56 001b 40       		.byte	64
  57 001c 44       		.byte	68
ARM GAS  C:\Users\mikke\AppData\Local\Temp\cckTdicE.s 			page 2


  58 001d 09       		.byte	9
  59 001e 01       		.byte	1
  60 001f 40       		.byte	64
  61 0020 5A       		.byte	90
  62 0021 0A       		.byte	10
  63 0022 01       		.byte	1
  64 0023 40       		.byte	64
  65 0024 3D       		.byte	61
  66 0025 0B       		.byte	11
  67 0026 01       		.byte	1
  68 0027 40       		.byte	64
  69 0028 01       		.byte	1
  70 0029 0D       		.byte	13
  71 002a 01       		.byte	1
  72 002b 40       		.byte	64
  73 002c 01       		.byte	1
  74 002d 17       		.byte	23
  75 002e 01       		.byte	1
  76 002f 40       		.byte	64
  77 0030 44       		.byte	68
  78 0031 18       		.byte	24
  79 0032 01       		.byte	1
  80 0033 40       		.byte	64
  81 0034 40       		.byte	64
  82 0035 19       		.byte	25
  83 0036 01       		.byte	1
  84 0037 40       		.byte	64
  85 0038 42       		.byte	66
  86 0039 1A       		.byte	26
  87 003a 01       		.byte	1
  88 003b 40       		.byte	64
  89 003c 45       		.byte	69
  90 003d 1B       		.byte	27
  91 003e 01       		.byte	1
  92 003f 40       		.byte	64
  93 0040 03       		.byte	3
  94 0041 40       		.byte	64
  95 0042 01       		.byte	1
  96 0043 40       		.byte	64
  97 0044 04       		.byte	4
  98 0045 41       		.byte	65
  99 0046 01       		.byte	1
 100 0047 40       		.byte	64
 101 0048 05       		.byte	5
 102 0049 42       		.byte	66
 103 004a 01       		.byte	1
 104 004b 40       		.byte	64
 105 004c 02       		.byte	2
 106 004d 43       		.byte	67
 107 004e 01       		.byte	1
 108 004f 40       		.byte	64
 109 0050 02       		.byte	2
 110 0051 44       		.byte	68
 111 0052 01       		.byte	1
 112 0053 40       		.byte	64
 113 0054 01       		.byte	1
 114 0055 45       		.byte	69
ARM GAS  C:\Users\mikke\AppData\Local\Temp\cckTdicE.s 			page 3


 115 0056 01       		.byte	1
 116 0057 40       		.byte	64
 117 0058 03       		.byte	3
 118 0059 46       		.byte	70
 119 005a 01       		.byte	1
 120 005b 40       		.byte	64
 121 005c 02       		.byte	2
 122 005d 47       		.byte	71
 123 005e 01       		.byte	1
 124 005f 40       		.byte	64
 125 0060 02       		.byte	2
 126 0061 48       		.byte	72
 127 0062 01       		.byte	1
 128 0063 40       		.byte	64
 129 0064 03       		.byte	3
 130 0065 49       		.byte	73
 131 0066 01       		.byte	1
 132 0067 40       		.byte	64
 133 0068 01       		.byte	1
 134 0069 4C       		.byte	76
 135 006a 01       		.byte	1
 136 006b 40       		.byte	64
 137 006c 07       		.byte	7
 138 006d 4D       		.byte	77
 139 006e 01       		.byte	1
 140 006f 40       		.byte	64
 141 0070 04       		.byte	4
 142 0071 50       		.byte	80
 143 0072 01       		.byte	1
 144 0073 40       		.byte	64
 145 0074 01       		.byte	1
 146 0075 51       		.byte	81
 147 0076 01       		.byte	1
 148 0077 40       		.byte	64
 149 0078 61       		.byte	97
 150 0079 02       		.byte	2
 151 007a 89       		.byte	-119
 152 007b 0F       		.byte	15
 153 007c 8B       		.byte	-117
 154 007d 0F       		.byte	15
 155 007e 88       		.byte	-120
 156 007f 38       		.byte	56
 157 0080 8B       		.byte	-117
 158 0081 71       		.byte	113
 159 0082 E6       		.byte	-26
 160 0083 02       		.byte	2
 161 0084 E2       		.byte	-30
 162 0085 08       		.byte	8
 163 0086 E8       		.byte	-24
 164 0087 04       		.byte	4
 165 0088 0C       		.byte	12
 166 0089 05       		.byte	5
 167 008a 0E       		.byte	14
 168 008b 0A       		.byte	10
 169 008c 10       		.byte	16
 170 008d 0E       		.byte	14
 171 008e 18       		.byte	24
ARM GAS  C:\Users\mikke\AppData\Local\Temp\cckTdicE.s 			page 4


 172 008f 03       		.byte	3
 173 0090 1A       		.byte	26
 174 0091 04       		.byte	4
 175 0092 24       		.byte	36
 176 0093 04       		.byte	4
 177 0094 25       		.byte	37
 178 0095 01       		.byte	1
 179 0096 26       		.byte	38
 180 0097 09       		.byte	9
 181 0098 30       		.byte	48
 182 0099 0F       		.byte	15
 183 009a 35       		.byte	53
 184 009b 01       		.byte	1
 185 009c 38       		.byte	56
 186 009d 02       		.byte	2
 187 009e 3F       		.byte	63
 188 009f 10       		.byte	16
 189 00a0 40       		.byte	64
 190 00a1 34       		.byte	52
 191 00a2 41       		.byte	65
 192 00a3 02       		.byte	2
 193 00a4 42       		.byte	66
 194 00a5 05       		.byte	5
 195 00a6 44       		.byte	68
 196 00a7 01       		.byte	1
 197 00a8 46       		.byte	70
 198 00a9 0E       		.byte	14
 199 00aa 47       		.byte	71
 200 00ab 0C       		.byte	12
 201 00ac 48       		.byte	72
 202 00ad 14       		.byte	20
 203 00ae 49       		.byte	73
 204 00af FF       		.byte	-1
 205 00b0 4A       		.byte	74
 206 00b1 FF       		.byte	-1
 207 00b2 4B       		.byte	75
 208 00b3 FF       		.byte	-1
 209 00b4 4C       		.byte	76
 210 00b5 62       		.byte	98
 211 00b6 4D       		.byte	77
 212 00b7 A0       		.byte	-96
 213 00b8 4E       		.byte	78
 214 00b9 F0       		.byte	-16
 215 00ba 4F       		.byte	79
 216 00bb 41       		.byte	65
 217 00bc 50       		.byte	80
 218 00bd 0C       		.byte	12
 219 00be 58       		.byte	88
 220 00bf 04       		.byte	4
 221 00c0 59       		.byte	89
 222 00c1 04       		.byte	4
 223 00c2 5A       		.byte	90
 224 00c3 04       		.byte	4
 225 00c4 5D       		.byte	93
 226 00c5 01       		.byte	1
 227 00c6 5F       		.byte	95
 228 00c7 01       		.byte	1
ARM GAS  C:\Users\mikke\AppData\Local\Temp\cckTdicE.s 			page 5


 229 00c8 66       		.byte	102
 230 00c9 40       		.byte	64
 231 00ca 67       		.byte	103
 232 00cb 02       		.byte	2
 233 00cc 69       		.byte	105
 234 00cd 10       		.byte	16
 235 00ce 6A       		.byte	106
 236 00cf 30       		.byte	48
 237 00d0 6B       		.byte	107
 238 00d1 10       		.byte	16
 239 00d2 6D       		.byte	109
 240 00d3 10       		.byte	16
 241 00d4 6E       		.byte	110
 242 00d5 10       		.byte	16
 243 00d6 6F       		.byte	111
 244 00d7 12       		.byte	18
 245 00d8 01       		.byte	1
 246 00d9 61       		.byte	97
 247 00da 04       		.byte	4
 248 00db 80       		.byte	-128
 249 00dc 0A       		.byte	10
 250 00dd 68       		.byte	104
 251 00de 0B       		.byte	11
 252 00df 81       		.byte	-127
 253 00e0 0E       		.byte	14
 254 00e1 84       		.byte	-124
 255 00e2 10       		.byte	16
 256 00e3 28       		.byte	40
 257 00e4 12       		.byte	18
 258 00e5 01       		.byte	1
 259 00e6 15       		.byte	21
 260 00e7 08       		.byte	8
 261 00e8 18       		.byte	24
 262 00e9 80       		.byte	-128
 263 00ea 19       		.byte	25
 264 00eb 20       		.byte	32
 265 00ec 1A       		.byte	26
 266 00ed 64       		.byte	100
 267 00ee 1E       		.byte	30
 268 00ef 80       		.byte	-128
 269 00f0 21       		.byte	33
 270 00f1 14       		.byte	20
 271 00f2 22       		.byte	34
 272 00f3 24       		.byte	36
 273 00f4 24       		.byte	36
 274 00f5 08       		.byte	8
 275 00f6 29       		.byte	41
 276 00f7 20       		.byte	32
 277 00f8 2F       		.byte	47
 278 00f9 10       		.byte	16
 279 00fa 32       		.byte	50
 280 00fb 04       		.byte	4
 281 00fc 39       		.byte	57
 282 00fd 20       		.byte	32
 283 00fe 3A       		.byte	58
 284 00ff 01       		.byte	1
 285 0100 3B       		.byte	59
ARM GAS  C:\Users\mikke\AppData\Local\Temp\cckTdicE.s 			page 6


 286 0101 80       		.byte	-128
 287 0102 40       		.byte	64
 288 0103 48       		.byte	72
 289 0104 41       		.byte	65
 290 0105 04       		.byte	4
 291 0106 42       		.byte	66
 292 0107 04       		.byte	4
 293 0108 43       		.byte	67
 294 0109 01       		.byte	1
 295 010a 44       		.byte	68
 296 010b 10       		.byte	16
 297 010c 45       		.byte	69
 298 010d 02       		.byte	2
 299 010e 46       		.byte	70
 300 010f 02       		.byte	2
 301 0110 47       		.byte	71
 302 0111 20       		.byte	32
 303 0112 49       		.byte	73
 304 0113 05       		.byte	5
 305 0114 4A       		.byte	74
 306 0115 88       		.byte	-120
 307 0116 4B       		.byte	75
 308 0117 80       		.byte	-128
 309 0118 4E       		.byte	78
 310 0119 01       		.byte	1
 311 011a 51       		.byte	81
 312 011b 20       		.byte	32
 313 011c 52       		.byte	82
 314 011d 41       		.byte	65
 315 011e 53       		.byte	83
 316 011f 02       		.byte	2
 317 0120 54       		.byte	84
 318 0121 40       		.byte	64
 319 0122 57       		.byte	87
 320 0123 08       		.byte	8
 321 0124 62       		.byte	98
 322 0125 20       		.byte	32
 323 0126 68       		.byte	104
 324 0127 28       		.byte	40
 325 0128 69       		.byte	105
 326 0129 41       		.byte	65
 327 012a 73       		.byte	115
 328 012b 01       		.byte	1
 329 012c 8C       		.byte	-116
 330 012d 04       		.byte	4
 331 012e 92       		.byte	-110
 332 012f 80       		.byte	-128
 333 0130 93       		.byte	-109
 334 0131 20       		.byte	32
 335 0132 95       		.byte	-107
 336 0133 41       		.byte	65
 337 0134 96       		.byte	-106
 338 0135 48       		.byte	72
 339 0136 97       		.byte	-105
 340 0137 41       		.byte	65
 341 0138 99       		.byte	-103
 342 0139 02       		.byte	2
ARM GAS  C:\Users\mikke\AppData\Local\Temp\cckTdicE.s 			page 7


 343 013a 9C       		.byte	-100
 344 013b 88       		.byte	-120
 345 013c 9D       		.byte	-99
 346 013d 44       		.byte	68
 347 013e 9F       		.byte	-97
 348 013f 09       		.byte	9
 349 0140 A0       		.byte	-96
 350 0141 11       		.byte	17
 351 0142 A1       		.byte	-95
 352 0143 10       		.byte	16
 353 0144 A2       		.byte	-94
 354 0145 08       		.byte	8
 355 0146 A4       		.byte	-92
 356 0147 28       		.byte	40
 357 0148 A5       		.byte	-91
 358 0149 01       		.byte	1
 359 014a A7       		.byte	-89
 360 014b 23       		.byte	35
 361 014c AA       		.byte	-86
 362 014d 08       		.byte	8
 363 014e C0       		.byte	-64
 364 014f 8B       		.byte	-117
 365 0150 C2       		.byte	-62
 366 0151 5F       		.byte	95
 367 0152 C4       		.byte	-60
 368 0153 27       		.byte	39
 369 0154 CA       		.byte	-54
 370 0155 44       		.byte	68
 371 0156 CC       		.byte	-52
 372 0157 02       		.byte	2
 373 0158 CE       		.byte	-50
 374 0159 0D       		.byte	13
 375 015a D0       		.byte	-48
 376 015b F7       		.byte	-9
 377 015c D2       		.byte	-46
 378 015d 1C       		.byte	28
 379 015e D8       		.byte	-40
 380 015f 04       		.byte	4
 381 0160 08       		.byte	8
 382 0161 08       		.byte	8
 383 0162 0A       		.byte	10
 384 0163 34       		.byte	52
 385 0164 0E       		.byte	14
 386 0165 01       		.byte	1
 387 0166 10       		.byte	16
 388 0167 08       		.byte	8
 389 0168 12       		.byte	18
 390 0169 13       		.byte	19
 391 016a 14       		.byte	20
 392 016b 06       		.byte	6
 393 016c 16       		.byte	22
 394 016d 08       		.byte	8
 395 016e 18       		.byte	24
 396 016f 08       		.byte	8
 397 0170 1A       		.byte	26
 398 0171 23       		.byte	35
 399 0172 1C       		.byte	28
ARM GAS  C:\Users\mikke\AppData\Local\Temp\cckTdicE.s 			page 8


 400 0173 34       		.byte	52
 401 0174 20       		.byte	32
 402 0175 34       		.byte	52
 403 0176 24       		.byte	36
 404 0177 34       		.byte	52
 405 0178 28       		.byte	40
 406 0179 34       		.byte	52
 407 017a 2C       		.byte	44
 408 017b 34       		.byte	52
 409 017c 30       		.byte	48
 410 017d 03       		.byte	3
 411 017e 34       		.byte	52
 412 017f 3C       		.byte	60
 413 0180 3A       		.byte	58
 414 0181 20       		.byte	32
 415 0182 40       		.byte	64
 416 0183 61       		.byte	97
 417 0184 41       		.byte	65
 418 0185 05       		.byte	5
 419 0186 45       		.byte	69
 420 0187 EC       		.byte	-20
 421 0188 47       		.byte	71
 422 0189 B0       		.byte	-80
 423 018a 48       		.byte	72
 424 018b 23       		.byte	35
 425 018c 49       		.byte	73
 426 018d FF       		.byte	-1
 427 018e 4A       		.byte	74
 428 018f FF       		.byte	-1
 429 0190 4B       		.byte	75
 430 0191 FF       		.byte	-1
 431 0192 4E       		.byte	78
 432 0193 F0       		.byte	-16
 433 0194 4F       		.byte	79
 434 0195 44       		.byte	68
 435 0196 50       		.byte	80
 436 0197 0C       		.byte	12
 437 0198 54       		.byte	84
 438 0199 09       		.byte	9
 439 019a 58       		.byte	88
 440 019b 04       		.byte	4
 441 019c 5A       		.byte	90
 442 019d 04       		.byte	4
 443 019e 5B       		.byte	91
 444 019f 04       		.byte	4
 445 01a0 5D       		.byte	93
 446 01a1 01       		.byte	1
 447 01a2 5F       		.byte	95
 448 01a3 01       		.byte	1
 449 01a4 66       		.byte	102
 450 01a5 C0       		.byte	-64
 451 01a6 6A       		.byte	106
 452 01a7 40       		.byte	64
 453 01a8 6B       		.byte	107
 454 01a9 02       		.byte	2
 455 01aa 82       		.byte	-126
 456 01ab 20       		.byte	32
ARM GAS  C:\Users\mikke\AppData\Local\Temp\cckTdicE.s 			page 9


 457 01ac 83       		.byte	-125
 458 01ad 0C       		.byte	12
 459 01ae 86       		.byte	-122
 460 01af 03       		.byte	3
 461 01b0 87       		.byte	-121
 462 01b1 08       		.byte	8
 463 01b2 88       		.byte	-120
 464 01b3 10       		.byte	16
 465 01b4 8A       		.byte	-118
 466 01b5 AC       		.byte	-84
 467 01b6 8C       		.byte	-116
 468 01b7 09       		.byte	9
 469 01b8 8E       		.byte	-114
 470 01b9 D0       		.byte	-48
 471 01ba 95       		.byte	-107
 472 01bb 2C       		.byte	44
 473 01bc 97       		.byte	-105
 474 01bd 03       		.byte	3
 475 01be 9C       		.byte	-100
 476 01bf 0C       		.byte	12
 477 01c0 9E       		.byte	-98
 478 01c1 71       		.byte	113
 479 01c2 9F       		.byte	-97
 480 01c3 13       		.byte	19
 481 01c4 A0       		.byte	-96
 482 01c5 14       		.byte	20
 483 01c6 A1       		.byte	-95
 484 01c7 31       		.byte	49
 485 01c8 A3       		.byte	-93
 486 01c9 0E       		.byte	14
 487 01ca A4       		.byte	-92
 488 01cb DC       		.byte	-36
 489 01cc A5       		.byte	-91
 490 01cd 31       		.byte	49
 491 01ce A6       		.byte	-90
 492 01cf 22       		.byte	34
 493 01d0 A7       		.byte	-89
 494 01d1 06       		.byte	6
 495 01d2 A8       		.byte	-88
 496 01d3 10       		.byte	16
 497 01d4 AA       		.byte	-86
 498 01d5 40       		.byte	64
 499 01d6 B3       		.byte	-77
 500 01d7 30       		.byte	48
 501 01d8 B4       		.byte	-76
 502 01d9 1F       		.byte	31
 503 01da B5       		.byte	-75
 504 01db 0F       		.byte	15
 505 01dc B6       		.byte	-74
 506 01dd E0       		.byte	-32
 507 01de B9       		.byte	-71
 508 01df 08       		.byte	8
 509 01e0 BA       		.byte	-70
 510 01e1 80       		.byte	-128
 511 01e2 BB       		.byte	-69
 512 01e3 20       		.byte	32
 513 01e4 BF       		.byte	-65
ARM GAS  C:\Users\mikke\AppData\Local\Temp\cckTdicE.s 			page 10


 514 01e5 04       		.byte	4
 515 01e6 C0       		.byte	-64
 516 01e7 02       		.byte	2
 517 01e8 C7       		.byte	-57
 518 01e9 04       		.byte	4
 519 01ea C9       		.byte	-55
 520 01eb FF       		.byte	-1
 521 01ec CA       		.byte	-54
 522 01ed 07       		.byte	7
 523 01ee CB       		.byte	-53
 524 01ef FF       		.byte	-1
 525 01f0 CC       		.byte	-52
 526 01f1 40       		.byte	64
 527 01f2 CD       		.byte	-51
 528 01f3 20       		.byte	32
 529 01f4 CE       		.byte	-50
 530 01f5 F0       		.byte	-16
 531 01f6 CF       		.byte	-49
 532 01f7 05       		.byte	5
 533 01f8 D0       		.byte	-48
 534 01f9 08       		.byte	8
 535 01fa D4       		.byte	-44
 536 01fb 01       		.byte	1
 537 01fc D6       		.byte	-42
 538 01fd 04       		.byte	4
 539 01fe D8       		.byte	-40
 540 01ff 04       		.byte	4
 541 0200 D9       		.byte	-39
 542 0201 04       		.byte	4
 543 0202 DA       		.byte	-38
 544 0203 04       		.byte	4
 545 0204 DB       		.byte	-37
 546 0205 04       		.byte	4
 547 0206 DC       		.byte	-36
 548 0207 11       		.byte	17
 549 0208 DD       		.byte	-35
 550 0209 11       		.byte	17
 551 020a DF       		.byte	-33
 552 020b 01       		.byte	1
 553 020c E0       		.byte	-32
 554 020d 40       		.byte	64
 555 020e E1       		.byte	-31
 556 020f A8       		.byte	-88
 557 0210 E2       		.byte	-30
 558 0211 40       		.byte	64
 559 0212 E3       		.byte	-29
 560 0213 20       		.byte	32
 561 0214 00       		.byte	0
 562 0215 40       		.byte	64
 563 0216 01       		.byte	1
 564 0217 20       		.byte	32
 565 0218 04       		.byte	4
 566 0219 04       		.byte	4
 567 021a 05       		.byte	5
 568 021b 10       		.byte	16
 569 021c 06       		.byte	6
 570 021d 02       		.byte	2
ARM GAS  C:\Users\mikke\AppData\Local\Temp\cckTdicE.s 			page 11


 571 021e 07       		.byte	7
 572 021f 40       		.byte	64
 573 0220 08       		.byte	8
 574 0221 08       		.byte	8
 575 0222 0A       		.byte	10
 576 0223 48       		.byte	72
 577 0224 0B       		.byte	11
 578 0225 01       		.byte	1
 579 0226 0E       		.byte	14
 580 0227 02       		.byte	2
 581 0228 10       		.byte	16
 582 0229 28       		.byte	40
 583 022a 11       		.byte	17
 584 022b 41       		.byte	65
 585 022c 15       		.byte	21
 586 022d 02       		.byte	2
 587 022e 16       		.byte	22
 588 022f 04       		.byte	4
 589 0230 17       		.byte	23
 590 0231 04       		.byte	4
 591 0232 18       		.byte	24
 592 0233 40       		.byte	64
 593 0234 19       		.byte	25
 594 0235 20       		.byte	32
 595 0236 1C       		.byte	28
 596 0237 06       		.byte	6
 597 0238 1E       		.byte	30
 598 0239 02       		.byte	2
 599 023a 1F       		.byte	31
 600 023b 90       		.byte	-112
 601 023c 25       		.byte	37
 602 023d 10       		.byte	16
 603 023e 27       		.byte	39
 604 023f 24       		.byte	36
 605 0240 29       		.byte	41
 606 0241 80       		.byte	-128
 607 0242 2B       		.byte	43
 608 0243 01       		.byte	1
 609 0244 2F       		.byte	47
 610 0245 A0       		.byte	-96
 611 0246 31       		.byte	49
 612 0247 10       		.byte	16
 613 0248 33       		.byte	51
 614 0249 20       		.byte	32
 615 024a 36       		.byte	54
 616 024b 80       		.byte	-128
 617 024c 37       		.byte	55
 618 024d 44       		.byte	68
 619 024e 3D       		.byte	61
 620 024f 02       		.byte	2
 621 0250 3E       		.byte	62
 622 0251 0A       		.byte	10
 623 0252 43       		.byte	67
 624 0253 40       		.byte	64
 625 0254 47       		.byte	71
 626 0255 20       		.byte	32
 627 0256 48       		.byte	72
ARM GAS  C:\Users\mikke\AppData\Local\Temp\cckTdicE.s 			page 12


 628 0257 11       		.byte	17
 629 0258 49       		.byte	73
 630 0259 12       		.byte	18
 631 025a 4A       		.byte	74
 632 025b 10       		.byte	16
 633 025c 4E       		.byte	78
 634 025d C0       		.byte	-64
 635 025e 51       		.byte	81
 636 025f 01       		.byte	1
 637 0260 56       		.byte	86
 638 0261 0C       		.byte	12
 639 0262 58       		.byte	88
 640 0263 80       		.byte	-128
 641 0264 59       		.byte	89
 642 0265 04       		.byte	4
 643 0266 5B       		.byte	91
 644 0267 11       		.byte	17
 645 0268 5D       		.byte	93
 646 0269 82       		.byte	-126
 647 026a 5E       		.byte	94
 648 026b 20       		.byte	32
 649 026c 5F       		.byte	95
 650 026d 08       		.byte	8
 651 026e 61       		.byte	97
 652 026f 40       		.byte	64
 653 0270 67       		.byte	103
 654 0271 80       		.byte	-128
 655 0272 87       		.byte	-121
 656 0273 40       		.byte	64
 657 0274 8C       		.byte	-116
 658 0275 40       		.byte	64
 659 0276 8F       		.byte	-113
 660 0277 12       		.byte	18
 661 0278 97       		.byte	-105
 662 0279 40       		.byte	64
 663 027a C0       		.byte	-64
 664 027b F3       		.byte	-13
 665 027c C2       		.byte	-62
 666 027d 8F       		.byte	-113
 667 027e C4       		.byte	-60
 668 027f 7F       		.byte	127
 669 0280 CA       		.byte	-54
 670 0281 C0       		.byte	-64
 671 0282 CC       		.byte	-52
 672 0283 50       		.byte	80
 673 0284 CE       		.byte	-50
 674 0285 C0       		.byte	-64
 675 0286 D0       		.byte	-48
 676 0287 28       		.byte	40
 677 0288 D2       		.byte	-46
 678 0289 0C       		.byte	12
 679 028a D6       		.byte	-42
 680 028b FF       		.byte	-1
 681 028c D8       		.byte	-40
 682 028d 88       		.byte	-120
 683 028e 87       		.byte	-121
 684 028f 40       		.byte	64
ARM GAS  C:\Users\mikke\AppData\Local\Temp\cckTdicE.s 			page 13


 685 0290 E6       		.byte	-26
 686 0291 08       		.byte	8
 687 0292 01       		.byte	1
 688 0293 04       		.byte	4
 689 0294 04       		.byte	4
 690 0295 02       		.byte	2
 691 0296 05       		.byte	5
 692 0297 04       		.byte	4
 693 0298 08       		.byte	8
 694 0299 02       		.byte	2
 695 029a 0B       		.byte	11
 696 029b 04       		.byte	4
 697 029c 0F       		.byte	15
 698 029d 02       		.byte	2
 699 029e 10       		.byte	16
 700 029f 01       		.byte	1
 701 02a0 13       		.byte	19
 702 02a1 01       		.byte	1
 703 02a2 16       		.byte	22
 704 02a3 01       		.byte	1
 705 02a4 17       		.byte	23
 706 02a5 02       		.byte	2
 707 02a6 18       		.byte	24
 708 02a7 01       		.byte	1
 709 02a8 19       		.byte	25
 710 02a9 01       		.byte	1
 711 02aa 1D       		.byte	29
 712 02ab 01       		.byte	1
 713 02ac 1E       		.byte	30
 714 02ad 01       		.byte	1
 715 02ae 20       		.byte	32
 716 02af 02       		.byte	2
 717 02b0 21       		.byte	33
 718 02b1 01       		.byte	1
 719 02b2 25       		.byte	37
 720 02b3 08       		.byte	8
 721 02b4 2B       		.byte	43
 722 02b5 01       		.byte	1
 723 02b6 2F       		.byte	47
 724 02b7 01       		.byte	1
 725 02b8 30       		.byte	48
 726 02b9 02       		.byte	2
 727 02ba 31       		.byte	49
 728 02bb 0C       		.byte	12
 729 02bc 33       		.byte	51
 730 02bd 02       		.byte	2
 731 02be 34       		.byte	52
 732 02bf 01       		.byte	1
 733 02c0 37       		.byte	55
 734 02c1 01       		.byte	1
 735 02c2 38       		.byte	56
 736 02c3 20       		.byte	32
 737 02c4 39       		.byte	57
 738 02c5 02       		.byte	2
 739 02c6 3F       		.byte	63
 740 02c7 04       		.byte	4
 741 02c8 54       		.byte	84
ARM GAS  C:\Users\mikke\AppData\Local\Temp\cckTdicE.s 			page 14


 742 02c9 18       		.byte	24
 743 02ca 56       		.byte	86
 744 02cb 04       		.byte	4
 745 02cc 58       		.byte	88
 746 02cd 04       		.byte	4
 747 02ce 59       		.byte	89
 748 02cf 04       		.byte	4
 749 02d0 5B       		.byte	91
 750 02d1 04       		.byte	4
 751 02d2 5C       		.byte	92
 752 02d3 11       		.byte	17
 753 02d4 5D       		.byte	93
 754 02d5 10       		.byte	16
 755 02d6 5F       		.byte	95
 756 02d7 01       		.byte	1
 757 02d8 80       		.byte	-128
 758 02d9 84       		.byte	-124
 759 02da 81       		.byte	-127
 760 02db 01       		.byte	1
 761 02dc 84       		.byte	-124
 762 02dd 01       		.byte	1
 763 02de 88       		.byte	-120
 764 02df 07       		.byte	7
 765 02e0 8A       		.byte	-118
 766 02e1 38       		.byte	56
 767 02e2 8C       		.byte	-116
 768 02e3 04       		.byte	4
 769 02e4 8E       		.byte	-114
 770 02e5 80       		.byte	-128
 771 02e6 8F       		.byte	-113
 772 02e7 01       		.byte	1
 773 02e8 90       		.byte	-112
 774 02e9 0A       		.byte	10
 775 02ea 92       		.byte	-110
 776 02eb 10       		.byte	16
 777 02ec 93       		.byte	-109
 778 02ed 01       		.byte	1
 779 02ee 94       		.byte	-108
 780 02ef 04       		.byte	4
 781 02f0 95       		.byte	-107
 782 02f1 01       		.byte	1
 783 02f2 98       		.byte	-104
 784 02f3 56       		.byte	86
 785 02f4 99       		.byte	-103
 786 02f5 01       		.byte	1
 787 02f6 9A       		.byte	-102
 788 02f7 09       		.byte	9
 789 02f8 9C       		.byte	-100
 790 02f9 84       		.byte	-124
 791 02fa A0       		.byte	-96
 792 02fb 60       		.byte	96
 793 02fc A1       		.byte	-95
 794 02fd 01       		.byte	1
 795 02fe A4       		.byte	-92
 796 02ff 84       		.byte	-124
 797 0300 A8       		.byte	-88
 798 0301 80       		.byte	-128
ARM GAS  C:\Users\mikke\AppData\Local\Temp\cckTdicE.s 			page 15


 799 0302 AA       		.byte	-86
 800 0303 04       		.byte	4
 801 0304 B0       		.byte	-80
 802 0305 80       		.byte	-128
 803 0306 B2       		.byte	-78
 804 0307 7F       		.byte	127
 805 0308 B3       		.byte	-77
 806 0309 01       		.byte	1
 807 030a B4       		.byte	-76
 808 030b 08       		.byte	8
 809 030c B6       		.byte	-74
 810 030d 02       		.byte	2
 811 030e B8       		.byte	-72
 812 030f 08       		.byte	8
 813 0310 BE       		.byte	-66
 814 0311 51       		.byte	81
 815 0312 BF       		.byte	-65
 816 0313 04       		.byte	4
 817 0314 D8       		.byte	-40
 818 0315 04       		.byte	4
 819 0316 D9       		.byte	-39
 820 0317 04       		.byte	4
 821 0318 DF       		.byte	-33
 822 0319 01       		.byte	1
 823 031a 01       		.byte	1
 824 031b 69       		.byte	105
 825 031c 04       		.byte	4
 826 031d 28       		.byte	40
 827 031e 08       		.byte	8
 828 031f 40       		.byte	64
 829 0320 0A       		.byte	10
 830 0321 68       		.byte	104
 831 0322 0B       		.byte	11
 832 0323 01       		.byte	1
 833 0324 0C       		.byte	12
 834 0325 10       		.byte	16
 835 0326 0E       		.byte	14
 836 0327 92       		.byte	-110
 837 0328 10       		.byte	16
 838 0329 28       		.byte	40
 839 032a 12       		.byte	18
 840 032b 40       		.byte	64
 841 032c 17       		.byte	23
 842 032d 01       		.byte	1
 843 032e 18       		.byte	24
 844 032f 40       		.byte	64
 845 0330 19       		.byte	25
 846 0331 48       		.byte	72
 847 0332 1B       		.byte	27
 848 0333 10       		.byte	16
 849 0334 1D       		.byte	29
 850 0335 02       		.byte	2
 851 0336 1E       		.byte	30
 852 0337 08       		.byte	8
 853 0338 1F       		.byte	31
 854 0339 01       		.byte	1
 855 033a 22       		.byte	34
ARM GAS  C:\Users\mikke\AppData\Local\Temp\cckTdicE.s 			page 16


 856 033b 08       		.byte	8
 857 033c 25       		.byte	37
 858 033d 09       		.byte	9
 859 033e 27       		.byte	39
 860 033f 02       		.byte	2
 861 0340 28       		.byte	40
 862 0341 40       		.byte	64
 863 0342 2E       		.byte	46
 864 0343 1A       		.byte	26
 865 0344 2F       		.byte	47
 866 0345 01       		.byte	1
 867 0346 30       		.byte	48
 868 0347 28       		.byte	40
 869 0348 31       		.byte	49
 870 0349 01       		.byte	1
 871 034a 34       		.byte	52
 872 034b 10       		.byte	16
 873 034c 36       		.byte	54
 874 034d 45       		.byte	69
 875 034e 39       		.byte	57
 876 034f 41       		.byte	65
 877 0350 3C       		.byte	60
 878 0351 82       		.byte	-126
 879 0352 3D       		.byte	61
 880 0353 20       		.byte	32
 881 0354 3E       		.byte	62
 882 0355 04       		.byte	4
 883 0356 45       		.byte	69
 884 0357 08       		.byte	8
 885 0358 46       		.byte	70
 886 0359 20       		.byte	32
 887 035a 5F       		.byte	95
 888 035b 02       		.byte	2
 889 035c 64       		.byte	100
 890 035d 01       		.byte	1
 891 035e 66       		.byte	102
 892 035f 20       		.byte	32
 893 0360 67       		.byte	103
 894 0361 40       		.byte	64
 895 0362 82       		.byte	-126
 896 0363 48       		.byte	72
 897 0364 85       		.byte	-123
 898 0365 08       		.byte	8
 899 0366 91       		.byte	-111
 900 0367 41       		.byte	65
 901 0368 92       		.byte	-110
 902 0369 E8       		.byte	-24
 903 036a 93       		.byte	-109
 904 036b 01       		.byte	1
 905 036c 94       		.byte	-108
 906 036d 40       		.byte	64
 907 036e 96       		.byte	-106
 908 036f 02       		.byte	2
 909 0370 97       		.byte	-105
 910 0371 40       		.byte	64
 911 0372 99       		.byte	-103
 912 0373 23       		.byte	35
ARM GAS  C:\Users\mikke\AppData\Local\Temp\cckTdicE.s 			page 17


 913 0374 9A       		.byte	-102
 914 0375 40       		.byte	64
 915 0376 9C       		.byte	-100
 916 0377 90       		.byte	-112
 917 0378 9D       		.byte	-99
 918 0379 40       		.byte	64
 919 037a 9E       		.byte	-98
 920 037b 02       		.byte	2
 921 037c 9F       		.byte	-97
 922 037d 28       		.byte	40
 923 037e A0       		.byte	-96
 924 037f 79       		.byte	121
 925 0380 A1       		.byte	-95
 926 0381 30       		.byte	48
 927 0382 A2       		.byte	-94
 928 0383 80       		.byte	-128
 929 0384 A3       		.byte	-93
 930 0385 08       		.byte	8
 931 0386 A5       		.byte	-91
 932 0387 03       		.byte	3
 933 0388 A7       		.byte	-89
 934 0389 21       		.byte	33
 935 038a C0       		.byte	-64
 936 038b 6F       		.byte	111
 937 038c C2       		.byte	-62
 938 038d FF       		.byte	-1
 939 038e C4       		.byte	-60
 940 038f 1E       		.byte	30
 941 0390 CA       		.byte	-54
 942 0391 F1       		.byte	-15
 943 0392 CC       		.byte	-52
 944 0393 F7       		.byte	-9
 945 0394 CE       		.byte	-50
 946 0395 F9       		.byte	-7
 947 0396 D6       		.byte	-42
 948 0397 80       		.byte	-128
 949 0398 D8       		.byte	-40
 950 0399 B0       		.byte	-80
 951 039a 00       		.byte	0
 952 039b 07       		.byte	7
 953 039c 02       		.byte	2
 954 039d 08       		.byte	8
 955 039e 04       		.byte	4
 956 039f 07       		.byte	7
 957 03a0 06       		.byte	6
 958 03a1 18       		.byte	24
 959 03a2 08       		.byte	8
 960 03a3 06       		.byte	6
 961 03a4 0A       		.byte	10
 962 03a5 09       		.byte	9
 963 03a6 12       		.byte	18
 964 03a7 0B       		.byte	11
 965 03a8 1A       		.byte	26
 966 03a9 20       		.byte	32
 967 03aa 22       		.byte	34
 968 03ab 10       		.byte	16
 969 03ac 28       		.byte	40
ARM GAS  C:\Users\mikke\AppData\Local\Temp\cckTdicE.s 			page 18


 970 03ad 14       		.byte	20
 971 03ae 2A       		.byte	42
 972 03af 09       		.byte	9
 973 03b0 30       		.byte	48
 974 03b1 01       		.byte	1
 975 03b2 34       		.byte	52
 976 03b3 1E       		.byte	30
 977 03b4 36       		.byte	54
 978 03b5 20       		.byte	32
 979 03b6 3A       		.byte	58
 980 03b7 20       		.byte	32
 981 03b8 3E       		.byte	62
 982 03b9 01       		.byte	1
 983 03ba 54       		.byte	84
 984 03bb 40       		.byte	64
 985 03bc 58       		.byte	88
 986 03bd 04       		.byte	4
 987 03be 5B       		.byte	91
 988 03bf 04       		.byte	4
 989 03c0 5C       		.byte	92
 990 03c1 01       		.byte	1
 991 03c2 5F       		.byte	95
 992 03c3 01       		.byte	1
 993 03c4 80       		.byte	-128
 994 03c5 BC       		.byte	-68
 995 03c6 82       		.byte	-126
 996 03c7 41       		.byte	65
 997 03c8 84       		.byte	-124
 998 03c9 18       		.byte	24
 999 03ca 85       		.byte	-123
 1000 03cb 18       		.byte	24
 1001 03cc 88       		.byte	-120
 1002 03cd 08       		.byte	8
 1003 03ce 89       		.byte	-119
 1004 03cf 1C       		.byte	28
 1005 03d0 8C       		.byte	-116
 1006 03d1 84       		.byte	-124
 1007 03d2 8F       		.byte	-113
 1008 03d3 02       		.byte	2
 1009 03d4 91       		.byte	-111
 1010 03d5 18       		.byte	24
 1011 03d6 93       		.byte	-109
 1012 03d7 04       		.byte	4
 1013 03d8 94       		.byte	-108
 1014 03d9 3C       		.byte	60
 1015 03da 95       		.byte	-107
 1016 03db 08       		.byte	8
 1017 03dc 96       		.byte	-106
 1018 03dd C2       		.byte	-62
 1019 03de 98       		.byte	-104
 1020 03df E7       		.byte	-25
 1021 03e0 99       		.byte	-103
 1022 03e1 1C       		.byte	28
 1023 03e2 9A       		.byte	-102
 1024 03e3 18       		.byte	24
 1025 03e4 9D       		.byte	-99
 1026 03e5 10       		.byte	16
ARM GAS  C:\Users\mikke\AppData\Local\Temp\cckTdicE.s 			page 19


 1027 03e6 9E       		.byte	-98
 1028 03e7 04       		.byte	4
 1029 03e8 A0       		.byte	-96
 1030 03e9 FF       		.byte	-1
 1031 03ea A1       		.byte	-95
 1032 03eb 01       		.byte	1
 1033 03ec A5       		.byte	-91
 1034 03ed 04       		.byte	4
 1035 03ee A7       		.byte	-89
 1036 03ef 18       		.byte	24
 1037 03f0 AA       		.byte	-86
 1038 03f1 C3       		.byte	-61
 1039 03f2 AB       		.byte	-85
 1040 03f3 02       		.byte	2
 1041 03f4 AC       		.byte	-84
 1042 03f5 10       		.byte	16
 1043 03f6 AF       		.byte	-81
 1044 03f7 04       		.byte	4
 1045 03f8 B0       		.byte	-80
 1046 03f9 20       		.byte	32
 1047 03fa B1       		.byte	-79
 1048 03fb 1C       		.byte	28
 1049 03fc B2       		.byte	-78
 1050 03fd 1F       		.byte	31
 1051 03fe B3       		.byte	-77
 1052 03ff 02       		.byte	2
 1053 0400 B4       		.byte	-76
 1054 0401 98       		.byte	-104
 1055 0402 B5       		.byte	-75
 1056 0403 01       		.byte	1
 1057 0404 B6       		.byte	-74
 1058 0405 58       		.byte	88
 1059 0406 BA       		.byte	-70
 1060 0407 A8       		.byte	-88
 1061 0408 BB       		.byte	-69
 1062 0409 80       		.byte	-128
 1063 040a BE       		.byte	-66
 1064 040b 01       		.byte	1
 1065 040c BF       		.byte	-65
 1066 040d 14       		.byte	20
 1067 040e D6       		.byte	-42
 1068 040f 02       		.byte	2
 1069 0410 D7       		.byte	-41
 1070 0411 10       		.byte	16
 1071 0412 D8       		.byte	-40
 1072 0413 04       		.byte	4
 1073 0414 D9       		.byte	-39
 1074 0415 04       		.byte	4
 1075 0416 DB       		.byte	-37
 1076 0417 04       		.byte	4
 1077 0418 DC       		.byte	-36
 1078 0419 11       		.byte	17
 1079 041a DD       		.byte	-35
 1080 041b 10       		.byte	16
 1081 041c DF       		.byte	-33
 1082 041d 01       		.byte	1
 1083 041e 00       		.byte	0
ARM GAS  C:\Users\mikke\AppData\Local\Temp\cckTdicE.s 			page 20


 1084 041f 22       		.byte	34
 1085 0420 03       		.byte	3
 1086 0421 20       		.byte	32
 1087 0422 04       		.byte	4
 1088 0423 01       		.byte	1
 1089 0424 06       		.byte	6
 1090 0425 02       		.byte	2
 1091 0426 07       		.byte	7
 1092 0427 14       		.byte	20
 1093 0428 08       		.byte	8
 1094 0429 20       		.byte	32
 1095 042a 0A       		.byte	10
 1096 042b 80       		.byte	-128
 1097 042c 0C       		.byte	12
 1098 042d 10       		.byte	16
 1099 042e 0E       		.byte	14
 1100 042f 19       		.byte	25
 1101 0430 11       		.byte	17
 1102 0431 22       		.byte	34
 1103 0432 14       		.byte	20
 1104 0433 08       		.byte	8
 1105 0434 16       		.byte	22
 1106 0435 81       		.byte	-127
 1107 0436 17       		.byte	23
 1108 0437 42       		.byte	66
 1109 0438 1A       		.byte	26
 1110 0439 05       		.byte	5
 1111 043a 1B       		.byte	27
 1112 043b 21       		.byte	33
 1113 043c 1C       		.byte	28
 1114 043d 01       		.byte	1
 1115 043e 1E       		.byte	30
 1116 043f 5A       		.byte	90
 1117 0440 24       		.byte	36
 1118 0441 40       		.byte	64
 1119 0442 25       		.byte	37
 1120 0443 08       		.byte	8
 1121 0444 26       		.byte	38
 1122 0445 40       		.byte	64
 1123 0446 27       		.byte	39
 1124 0447 0A       		.byte	10
 1125 0448 2C       		.byte	44
 1126 0449 10       		.byte	16
 1127 044a 2D       		.byte	45
 1128 044b 02       		.byte	2
 1129 044c 2F       		.byte	47
 1130 044d 09       		.byte	9
 1131 044e 36       		.byte	54
 1132 044f 01       		.byte	1
 1133 0450 37       		.byte	55
 1134 0451 64       		.byte	100
 1135 0452 3C       		.byte	60
 1136 0453 48       		.byte	72
 1137 0454 3E       		.byte	62
 1138 0455 10       		.byte	16
 1139 0456 5E       		.byte	94
 1140 0457 40       		.byte	64
ARM GAS  C:\Users\mikke\AppData\Local\Temp\cckTdicE.s 			page 21


 1141 0458 61       		.byte	97
 1142 0459 20       		.byte	32
 1143 045a 62       		.byte	98
 1144 045b 88       		.byte	-120
 1145 045c 6C       		.byte	108
 1146 045d 14       		.byte	20
 1147 045e 6F       		.byte	111
 1148 045f 01       		.byte	1
 1149 0460 74       		.byte	116
 1150 0461 04       		.byte	4
 1151 0462 76       		.byte	118
 1152 0463 01       		.byte	1
 1153 0464 77       		.byte	119
 1154 0465 14       		.byte	20
 1155 0466 7C       		.byte	124
 1156 0467 40       		.byte	64
 1157 0468 7E       		.byte	126
 1158 0469 01       		.byte	1
 1159 046a 80       		.byte	-128
 1160 046b 08       		.byte	8
 1161 046c 83       		.byte	-125
 1162 046d 01       		.byte	1
 1163 046e 84       		.byte	-124
 1164 046f 01       		.byte	1
 1165 0470 85       		.byte	-123
 1166 0471 08       		.byte	8
 1167 0472 88       		.byte	-120
 1168 0473 20       		.byte	32
 1169 0474 8A       		.byte	-118
 1170 0475 82       		.byte	-126
 1171 0476 8B       		.byte	-117
 1172 0477 20       		.byte	32
 1173 0478 92       		.byte	-110
 1174 0479 80       		.byte	-128
 1175 047a 93       		.byte	-109
 1176 047b 02       		.byte	2
 1177 047c 94       		.byte	-108
 1178 047d 28       		.byte	40
 1179 047e 96       		.byte	-106
 1180 047f 16       		.byte	22
 1181 0480 99       		.byte	-103
 1182 0481 02       		.byte	2
 1183 0482 9C       		.byte	-100
 1184 0483 11       		.byte	17
 1185 0484 9E       		.byte	-98
 1186 0485 02       		.byte	2
 1187 0486 9F       		.byte	-97
 1188 0487 29       		.byte	41
 1189 0488 A0       		.byte	-96
 1190 0489 11       		.byte	17
 1191 048a A1       		.byte	-95
 1192 048b 31       		.byte	49
 1193 048c A2       		.byte	-94
 1194 048d 88       		.byte	-120
 1195 048e A3       		.byte	-93
 1196 048f 08       		.byte	8
 1197 0490 A6       		.byte	-90
ARM GAS  C:\Users\mikke\AppData\Local\Temp\cckTdicE.s 			page 22


 1198 0491 41       		.byte	65
 1199 0492 A7       		.byte	-89
 1200 0493 21       		.byte	33
 1201 0494 B4       		.byte	-76
 1202 0495 80       		.byte	-128
 1203 0496 B7       		.byte	-73
 1204 0497 10       		.byte	16
 1205 0498 C0       		.byte	-64
 1206 0499 FE       		.byte	-2
 1207 049a C2       		.byte	-62
 1208 049b EA       		.byte	-22
 1209 049c C4       		.byte	-60
 1210 049d DA       		.byte	-38
 1211 049e CA       		.byte	-54
 1212 049f F0       		.byte	-16
 1213 04a0 CC       		.byte	-52
 1214 04a1 F0       		.byte	-16
 1215 04a2 CE       		.byte	-50
 1216 04a3 70       		.byte	112
 1217 04a4 D6       		.byte	-42
 1218 04a5 10       		.byte	16
 1219 04a6 D8       		.byte	-40
 1220 04a7 0E       		.byte	14
 1221 04a8 30       		.byte	48
 1222 04a9 10       		.byte	16
 1223 04aa 35       		.byte	53
 1224 04ab 80       		.byte	-128
 1225 04ac CC       		.byte	-52
 1226 04ad 30       		.byte	48
 1227 04ae 84       		.byte	-124
 1228 04af 10       		.byte	16
 1229 04b0 9C       		.byte	-100
 1230 04b1 10       		.byte	16
 1231 04b2 9D       		.byte	-99
 1232 04b3 80       		.byte	-128
 1233 04b4 E6       		.byte	-26
 1234 04b5 40       		.byte	64
 1235 04b6 03       		.byte	3
 1236 04b7 10       		.byte	16
 1237 04b8 85       		.byte	-123
 1238 04b9 80       		.byte	-128
 1239 04ba 9D       		.byte	-99
 1240 04bb 80       		.byte	-128
 1241 04bc C0       		.byte	-64
 1242 04bd 10       		.byte	16
 1243 04be E2       		.byte	-30
 1244 04bf 10       		.byte	16
 1245 04c0 AB       		.byte	-85
 1246 04c1 10       		.byte	16
 1247 04c2 E8       		.byte	-24
 1248 04c3 20       		.byte	32
 1249 04c4 79       		.byte	121
 1250 04c5 40       		.byte	64
 1251 04c6 DC       		.byte	-36
 1252 04c7 01       		.byte	1
 1253 04c8 95       		.byte	-107
 1254 04c9 40       		.byte	64
ARM GAS  C:\Users\mikke\AppData\Local\Temp\cckTdicE.s 			page 23


 1255 04ca 8D       		.byte	-115
 1256 04cb 40       		.byte	64
 1257 04cc 95       		.byte	-107
 1258 04cd 40       		.byte	64
 1259 04ce E0       		.byte	-32
 1260 04cf 02       		.byte	2
 1261 04d0 8E       		.byte	-114
 1262 04d1 01       		.byte	1
 1263 04d2 E0       		.byte	-32
 1264 04d3 08       		.byte	8
 1265 04d4 84       		.byte	-124
 1266 04d5 01       		.byte	1
 1267 04d6 E6       		.byte	-26
 1268 04d7 10       		.byte	16
 1269 04d8 74       		.byte	116
 1270 04d9 01       		.byte	1
 1271 04da A0       		.byte	-96
 1272 04db 01       		.byte	1
 1273 04dc DE       		.byte	-34
 1274 04dd 20       		.byte	32
 1275 04de A2       		.byte	-94
 1276 04df 01       		.byte	1
 1277 04e0 10       		.byte	16
 1278 04e1 40       		.byte	64
 1279 04e2 7A       		.byte	122
 1280 04e3 01       		.byte	1
 1281 04e4 88       		.byte	-120
 1282 04e5 40       		.byte	64
 1283 04e6 A2       		.byte	-94
 1284 04e7 01       		.byte	1
 1285 04e8 C4       		.byte	-60
 1286 04e9 08       		.byte	8
 1287 04ea DC       		.byte	-36
 1288 04eb 01       		.byte	1
 1289 04ec E2       		.byte	-30
 1290 04ed 01       		.byte	1
 1291 04ee 00       		.byte	0
 1292 04ef 03       		.byte	3
 1293 04f0 0C       		.byte	12
 1294 04f1 03       		.byte	3
 1295 04f2 10       		.byte	16
 1296 04f3 03       		.byte	3
 1297 04f4 1C       		.byte	28
 1298 04f5 03       		.byte	3
 1299 04f6 00       		.byte	0
 1300 04f7 0F       		.byte	15
 1301 04f8 08       		.byte	8
 1302 04f9 80       		.byte	-128
 1303 04fa 00       		.byte	0
 1304 04fb 00       		.byte	0
 1305 04fc 40       		.byte	64
 1306 04fd 00       		.byte	0
 1307 04fe 00       		.byte	0
 1308 04ff 00       		.byte	0
 1309 0500 9A       		.byte	-102
 1310 0501 04       		.byte	4
 1311 0502 00       		.byte	0
ARM GAS  C:\Users\mikke\AppData\Local\Temp\cckTdicE.s 			page 24


 1312 0503 00       		.byte	0
 1313 0504 00       		.byte	0
 1314 0505 00       		.byte	0
 1315 0506 00       		.byte	0
 1316 0507 00       		.byte	0
 1317 0508 13       		.byte	19
 1318 0509 10       		.byte	16
 1319 050a 64       		.byte	100
 1320 050b 68       		.byte	104
 1321 050c 98       		.byte	-104
 1322 050d 2E       		.byte	46
 1323 050e 02       		.byte	2
 1324 050f 51       		.byte	81
 1325 0510 21       		.byte	33
 1326 0511 00       		.byte	0
 1327 0512 D8       		.byte	-40
 1328 0513 00       		.byte	0
 1329 0514 38       		.byte	56
 1330 0515 4C       		.byte	76
 1331 0516 C0       		.byte	-64
 1332 0517 30       		.byte	48
 1333 0518 FC       		.byte	-4
 1334 0519 00       		.byte	0
 1335 051a 03       		.byte	3
 1336 051b 00       		.byte	0
 1337 051c 9A       		.byte	-102
 1338 051d 00       		.byte	0
 1339 051e 00       		.byte	0
 1340 051f 00       		.byte	0
 1341 0520 00       		.byte	0
 1342 0521 00       		.byte	0
 1343 0522 00       		.byte	0
 1344 0523 00       		.byte	0
 1345 0524 98       		.byte	-104
 1346 0525 00       		.byte	0
 1347 0526 02       		.byte	2
 1348 0527 00       		.byte	0
 1349 0528 02       		.byte	2
 1350 0529 19       		.byte	25
 1351 052a 98       		.byte	-104
 1352 052b 62       		.byte	98
 1353 052c 02       		.byte	2
 1354 052d 00       		.byte	0
 1355 052e 00       		.byte	0
 1356 052f 00       		.byte	0
 1357 0530 0F       		.byte	15
 1358 0531 00       		.byte	0
 1359 0532 E0       		.byte	-32
 1360 0533 07       		.byte	7
 1361 0534 13       		.byte	19
 1362 0535 78       		.byte	120
 1363 0536 00       		.byte	0
 1364 0537 00       		.byte	0
 1365 0538 00       		.byte	0
 1366 0539 00       		.byte	0
 1367 053a 0A       		.byte	10
 1368 053b 28       		.byte	40
ARM GAS  C:\Users\mikke\AppData\Local\Temp\cckTdicE.s 			page 25


 1369 053c 00       		.byte	0
 1370 053d 00       		.byte	0
 1371 053e 00       		.byte	0
 1372 053f 00       		.byte	0
 1373 0540 53       		.byte	83
 1374 0541 02       		.byte	2
 1375 0542 40       		.byte	64
 1376 0543 00       		.byte	0
 1377 0544 06       		.byte	6
 1378 0545 DE       		.byte	-34
 1379 0546 FB       		.byte	-5
 1380 0547 C0       		.byte	-64
 1381 0548 2F       		.byte	47
 1382 0549 FF       		.byte	-1
 1383 054a FF       		.byte	-1
 1384 054b FF       		.byte	-1
 1385 054c 22       		.byte	34
 1386 054d 00       		.byte	0
 1387 054e F0       		.byte	-16
 1388 054f 08       		.byte	8
 1389 0550 04       		.byte	4
 1390 0551 00       		.byte	0
 1391 0552 00       		.byte	0
 1392 0553 00       		.byte	0
 1393 0554 00       		.byte	0
 1394 0555 00       		.byte	0
 1395 0556 02       		.byte	2
 1396 0557 24       		.byte	36
 1397 0558 04       		.byte	4
 1398 0559 04       		.byte	4
 1399 055a 04       		.byte	4
 1400 055b 04       		.byte	4
 1401 055c 00       		.byte	0
 1402 055d 00       		.byte	0
 1403 055e 00       		.byte	0
 1404 055f 01       		.byte	1
 1405 0560 00       		.byte	0
 1406 0561 00       		.byte	0
 1407 0562 C0       		.byte	-64
 1408 0563 00       		.byte	0
 1409 0564 40       		.byte	64
 1410 0565 01       		.byte	1
 1411 0566 10       		.byte	16
 1412 0567 11       		.byte	17
 1413 0568 C0       		.byte	-64
 1414 0569 01       		.byte	1
 1415 056a 00       		.byte	0
 1416 056b 11       		.byte	17
 1417 056c 40       		.byte	64
 1418 056d 01       		.byte	1
 1419 056e 40       		.byte	64
 1420 056f 01       		.byte	1
 1421 0570 00       		.byte	0
 1422 0571 00       		.byte	0
 1423 0572 00       		.byte	0
 1424 0573 00       		.byte	0
 1425 0574 00       		.byte	0
ARM GAS  C:\Users\mikke\AppData\Local\Temp\cckTdicE.s 			page 26


 1426 0575 00       		.byte	0
 1427 0576 00       		.byte	0
 1428 0577 00       		.byte	0
 1429 0578 00       		.byte	0
 1430 0579 00       		.byte	0
 1431 057a 00       		.byte	0
 1432 057b 00       		.byte	0
 1433 057c 00       		.byte	0
 1434 057d 00       		.byte	0
 1435 057e 00       		.byte	0
 1436 057f 00       		.byte	0
 1437 0580 04       		.byte	4
 1438 0581 00       		.byte	0
 1439 0582 00       		.byte	0
 1440 0583 04       		.byte	4
 1441 0584 04       		.byte	4
 1442 0585 00       		.byte	0
 1443 0586 00       		.byte	0
 1444 0587 00       		.byte	0
 1445 0588 00       		.byte	0
 1446 0589 00       		.byte	0
 1447 058a 00       		.byte	0
 1448 058b 00       		.byte	0
 1449 058c 82       		.byte	-126
 1450 058d 00       		.byte	0
 1451 058e 44       		.byte	68
 1452 058f BB       		.byte	-69
 1453 0590 B9       		.byte	-71
 1454 0591 00       		.byte	0
 1455 0592 98       		.byte	-104
 1456 0593 00       		.byte	0
 1457 0594 00       		.byte	0
 1458 0595 00       		.byte	0
 1459 0596 00       		.byte	0
 1460 0597 00       		.byte	0
 1461 0598 00       		.byte	0
 1462 0599 03       		.byte	3
 1463 059a 03       		.byte	3
 1464 059b 00       		.byte	0
 1465 059c 00       		.byte	0
 1466 059d 00       		.byte	0
 1467 059e 00       		.byte	0
 1468 059f 00       		.byte	0
 1469 05a0 01       		.byte	1
 1470 05a1 00       		.byte	0
 1471 05a2 14       		.byte	20
 1472 05a3 01       		.byte	1
 1473              		.section	.cywolatch,"a",%progbits
 1474              		.align	2
 1475              		.type	cy_meta_wonvl, %object
 1476              		.size	cy_meta_wonvl, 4
 1477              	cy_meta_wonvl:
 1478 0000 BC       		.byte	-68
 1479 0001 90       		.byte	-112
 1480 0002 AC       		.byte	-84
 1481 0003 AF       		.byte	-81
 1482              		.section	.cycustnvl,"a",%progbits
ARM GAS  C:\Users\mikke\AppData\Local\Temp\cckTdicE.s 			page 27


 1483              		.align	2
 1484              		.type	cy_meta_custnvl, %object
 1485              		.size	cy_meta_custnvl, 4
 1486              	cy_meta_custnvl:
 1487 0000 00       		.byte	0
 1488 0001 00       		.byte	0
 1489 0002 40       		.byte	64
 1490 0003 05       		.byte	5
 1491              		.section	.cymeta,"a",%progbits
 1492              		.align	2
 1493              		.type	cy_metadata, %object
 1494              		.size	cy_metadata, 12
 1495              	cy_metadata:
 1496 0000 00       		.byte	0
 1497 0001 01       		.byte	1
 1498 0002 2E       		.byte	46
 1499 0003 16       		.byte	22
 1500 0004 10       		.byte	16
 1501 0005 69       		.byte	105
 1502 0006 00       		.byte	0
 1503 0007 01       		.byte	1
 1504 0008 00       		.byte	0
 1505 0009 00       		.byte	0
 1506 000a 00       		.byte	0
 1507 000b 00       		.byte	0
 1508              		.section	.cyflashprotect,"a",%progbits
 1509              		.align	2
 1510              		.type	cy_meta_flashprotect, %object
 1511              		.size	cy_meta_flashprotect, 256
 1512              	cy_meta_flashprotect:
 1513 0000 00000000 		.space	256
 1513      00000000 
 1513      00000000 
 1513      00000000 
 1513      00000000 
 1514              		.text
 1515              	.Letext0:
 1516              		.file 1 "c:\\program files (x86)\\cypress\\psoc creator\\4.2\\psoc creator\\import\\gnu\\arm\\5.4.
 1517              		.file 2 "c:\\program files (x86)\\cypress\\psoc creator\\4.2\\psoc creator\\import\\gnu\\arm\\5.4.
 1518              		.file 3 "Generated_Source\\PSoC5\\cymetadata.c"
 1519              		.section	.debug_info,"",%progbits
 1520              	.Ldebug_info0:
 1521 0000 32010000 		.4byte	0x132
 1522 0004 0400     		.2byte	0x4
 1523 0006 00000000 		.4byte	.Ldebug_abbrev0
 1524 000a 04       		.byte	0x4
 1525 000b 01       		.uleb128 0x1
 1526 000c 6B000000 		.4byte	.LASF17
 1527 0010 0C       		.byte	0xc
 1528 0011 C5010000 		.4byte	.LASF18
 1529 0015 0A000000 		.4byte	.LASF19
 1530 0019 00000000 		.4byte	.Ldebug_line0
 1531 001d 02       		.uleb128 0x2
 1532 001e 01       		.byte	0x1
 1533 001f 06       		.byte	0x6
 1534 0020 B9010000 		.4byte	.LASF0
 1535 0024 03       		.uleb128 0x3
ARM GAS  C:\Users\mikke\AppData\Local\Temp\cckTdicE.s 			page 28


 1536 0025 00000000 		.4byte	.LASF9
 1537 0029 01       		.byte	0x1
 1538 002a 1D       		.byte	0x1d
 1539 002b 2F000000 		.4byte	0x2f
 1540 002f 02       		.uleb128 0x2
 1541 0030 01       		.byte	0x1
 1542 0031 08       		.byte	0x8
 1543 0032 5D000000 		.4byte	.LASF1
 1544 0036 02       		.uleb128 0x2
 1545 0037 02       		.byte	0x2
 1546 0038 05       		.byte	0x5
 1547 0039 A6010000 		.4byte	.LASF2
 1548 003d 02       		.uleb128 0x2
 1549 003e 02       		.byte	0x2
 1550 003f 07       		.byte	0x7
 1551 0040 0B010000 		.4byte	.LASF3
 1552 0044 02       		.uleb128 0x2
 1553 0045 04       		.byte	0x4
 1554 0046 05       		.byte	0x5
 1555 0047 B0010000 		.4byte	.LASF4
 1556 004b 02       		.uleb128 0x2
 1557 004c 04       		.byte	0x4
 1558 004d 07       		.byte	0x7
 1559 004e F9000000 		.4byte	.LASF5
 1560 0052 02       		.uleb128 0x2
 1561 0053 08       		.byte	0x8
 1562 0054 05       		.byte	0x5
 1563 0055 98010000 		.4byte	.LASF6
 1564 0059 02       		.uleb128 0x2
 1565 005a 08       		.byte	0x8
 1566 005b 07       		.byte	0x7
 1567 005c 4D010000 		.4byte	.LASF7
 1568 0060 04       		.uleb128 0x4
 1569 0061 04       		.byte	0x4
 1570 0062 05       		.byte	0x5
 1571 0063 696E7400 		.ascii	"int\000"
 1572 0067 02       		.uleb128 0x2
 1573 0068 04       		.byte	0x4
 1574 0069 07       		.byte	0x7
 1575 006a 40010000 		.4byte	.LASF8
 1576 006e 03       		.uleb128 0x3
 1577 006f 64010000 		.4byte	.LASF10
 1578 0073 02       		.byte	0x2
 1579 0074 18       		.byte	0x18
 1580 0075 24000000 		.4byte	0x24
 1581 0079 05       		.uleb128 0x5
 1582 007a 91000000 		.4byte	0x91
 1583 007e 8A000000 		.4byte	0x8a
 1584 0082 06       		.uleb128 0x6
 1585 0083 8A000000 		.4byte	0x8a
 1586 0087 A305     		.2byte	0x5a3
 1587 0089 00       		.byte	0
 1588 008a 02       		.uleb128 0x2
 1589 008b 04       		.byte	0x4
 1590 008c 07       		.byte	0x7
 1591 008d 8F010000 		.4byte	.LASF11
 1592 0091 07       		.uleb128 0x7
ARM GAS  C:\Users\mikke\AppData\Local\Temp\cckTdicE.s 			page 29


 1593 0092 6E000000 		.4byte	0x6e
 1594 0096 08       		.uleb128 0x8
 1595 0097 2E010000 		.4byte	.LASF12
 1596 009b 03       		.byte	0x3
 1597 009c 1F       		.byte	0x1f
 1598 009d A7000000 		.4byte	0xa7
 1599 00a1 05       		.uleb128 0x5
 1600 00a2 03       		.byte	0x3
 1601 00a3 00000000 		.4byte	cy_meta_configecc
 1602 00a7 07       		.uleb128 0x7
 1603 00a8 79000000 		.4byte	0x79
 1604 00ac 05       		.uleb128 0x5
 1605 00ad 91000000 		.4byte	0x91
 1606 00b1 BC000000 		.4byte	0xbc
 1607 00b5 09       		.uleb128 0x9
 1608 00b6 8A000000 		.4byte	0x8a
 1609 00ba 03       		.byte	0x3
 1610 00bb 00       		.byte	0
 1611 00bc 08       		.uleb128 0x8
 1612 00bd 1E010000 		.4byte	.LASF13
 1613 00c1 03       		.byte	0x3
 1614 00c2 E1       		.byte	0xe1
 1615 00c3 CD000000 		.4byte	0xcd
 1616 00c7 05       		.uleb128 0x5
 1617 00c8 03       		.byte	0x3
 1618 00c9 00000000 		.4byte	cy_meta_custnvl
 1619 00cd 07       		.uleb128 0x7
 1620 00ce AC000000 		.4byte	0xac
 1621 00d2 08       		.uleb128 0x8
 1622 00d3 81010000 		.4byte	.LASF14
 1623 00d7 03       		.byte	0x3
 1624 00d8 EF       		.byte	0xef
 1625 00d9 E3000000 		.4byte	0xe3
 1626 00dd 05       		.uleb128 0x5
 1627 00de 03       		.byte	0x3
 1628 00df 00000000 		.4byte	cy_meta_wonvl
 1629 00e3 07       		.uleb128 0x7
 1630 00e4 AC000000 		.4byte	0xac
 1631 00e8 05       		.uleb128 0x5
 1632 00e9 91000000 		.4byte	0x91
 1633 00ed F8000000 		.4byte	0xf8
 1634 00f1 09       		.uleb128 0x9
 1635 00f2 8A000000 		.4byte	0x8a
 1636 00f6 FF       		.byte	0xff
 1637 00f7 00       		.byte	0
 1638 00f8 08       		.uleb128 0x8
 1639 00f9 6C010000 		.4byte	.LASF15
 1640 00fd 03       		.byte	0x3
 1641 00fe FD       		.byte	0xfd
 1642 00ff 09010000 		.4byte	0x109
 1643 0103 05       		.uleb128 0x5
 1644 0104 03       		.byte	0x3
 1645 0105 00000000 		.4byte	cy_meta_flashprotect
 1646 0109 07       		.uleb128 0x7
 1647 010a E8000000 		.4byte	0xe8
 1648 010e 05       		.uleb128 0x5
 1649 010f 91000000 		.4byte	0x91
ARM GAS  C:\Users\mikke\AppData\Local\Temp\cckTdicE.s 			page 30


 1650 0113 1E010000 		.4byte	0x11e
 1651 0117 09       		.uleb128 0x9
 1652 0118 8A000000 		.4byte	0x8a
 1653 011c 0B       		.byte	0xb
 1654 011d 00       		.byte	0
 1655 011e 0A       		.uleb128 0xa
 1656 011f 51000000 		.4byte	.LASF16
 1657 0123 03       		.byte	0x3
 1658 0124 2A01     		.2byte	0x12a
 1659 0126 30010000 		.4byte	0x130
 1660 012a 05       		.uleb128 0x5
 1661 012b 03       		.byte	0x3
 1662 012c 00000000 		.4byte	cy_metadata
 1663 0130 07       		.uleb128 0x7
 1664 0131 0E010000 		.4byte	0x10e
 1665 0135 00       		.byte	0
 1666              		.section	.debug_abbrev,"",%progbits
 1667              	.Ldebug_abbrev0:
 1668 0000 01       		.uleb128 0x1
 1669 0001 11       		.uleb128 0x11
 1670 0002 01       		.byte	0x1
 1671 0003 25       		.uleb128 0x25
 1672 0004 0E       		.uleb128 0xe
 1673 0005 13       		.uleb128 0x13
 1674 0006 0B       		.uleb128 0xb
 1675 0007 03       		.uleb128 0x3
 1676 0008 0E       		.uleb128 0xe
 1677 0009 1B       		.uleb128 0x1b
 1678 000a 0E       		.uleb128 0xe
 1679 000b 10       		.uleb128 0x10
 1680 000c 17       		.uleb128 0x17
 1681 000d 00       		.byte	0
 1682 000e 00       		.byte	0
 1683 000f 02       		.uleb128 0x2
 1684 0010 24       		.uleb128 0x24
 1685 0011 00       		.byte	0
 1686 0012 0B       		.uleb128 0xb
 1687 0013 0B       		.uleb128 0xb
 1688 0014 3E       		.uleb128 0x3e
 1689 0015 0B       		.uleb128 0xb
 1690 0016 03       		.uleb128 0x3
 1691 0017 0E       		.uleb128 0xe
 1692 0018 00       		.byte	0
 1693 0019 00       		.byte	0
 1694 001a 03       		.uleb128 0x3
 1695 001b 16       		.uleb128 0x16
 1696 001c 00       		.byte	0
 1697 001d 03       		.uleb128 0x3
 1698 001e 0E       		.uleb128 0xe
 1699 001f 3A       		.uleb128 0x3a
 1700 0020 0B       		.uleb128 0xb
 1701 0021 3B       		.uleb128 0x3b
 1702 0022 0B       		.uleb128 0xb
 1703 0023 49       		.uleb128 0x49
 1704 0024 13       		.uleb128 0x13
 1705 0025 00       		.byte	0
 1706 0026 00       		.byte	0
ARM GAS  C:\Users\mikke\AppData\Local\Temp\cckTdicE.s 			page 31


 1707 0027 04       		.uleb128 0x4
 1708 0028 24       		.uleb128 0x24
 1709 0029 00       		.byte	0
 1710 002a 0B       		.uleb128 0xb
 1711 002b 0B       		.uleb128 0xb
 1712 002c 3E       		.uleb128 0x3e
 1713 002d 0B       		.uleb128 0xb
 1714 002e 03       		.uleb128 0x3
 1715 002f 08       		.uleb128 0x8
 1716 0030 00       		.byte	0
 1717 0031 00       		.byte	0
 1718 0032 05       		.uleb128 0x5
 1719 0033 01       		.uleb128 0x1
 1720 0034 01       		.byte	0x1
 1721 0035 49       		.uleb128 0x49
 1722 0036 13       		.uleb128 0x13
 1723 0037 01       		.uleb128 0x1
 1724 0038 13       		.uleb128 0x13
 1725 0039 00       		.byte	0
 1726 003a 00       		.byte	0
 1727 003b 06       		.uleb128 0x6
 1728 003c 21       		.uleb128 0x21
 1729 003d 00       		.byte	0
 1730 003e 49       		.uleb128 0x49
 1731 003f 13       		.uleb128 0x13
 1732 0040 2F       		.uleb128 0x2f
 1733 0041 05       		.uleb128 0x5
 1734 0042 00       		.byte	0
 1735 0043 00       		.byte	0
 1736 0044 07       		.uleb128 0x7
 1737 0045 26       		.uleb128 0x26
 1738 0046 00       		.byte	0
 1739 0047 49       		.uleb128 0x49
 1740 0048 13       		.uleb128 0x13
 1741 0049 00       		.byte	0
 1742 004a 00       		.byte	0
 1743 004b 08       		.uleb128 0x8
 1744 004c 34       		.uleb128 0x34
 1745 004d 00       		.byte	0
 1746 004e 03       		.uleb128 0x3
 1747 004f 0E       		.uleb128 0xe
 1748 0050 3A       		.uleb128 0x3a
 1749 0051 0B       		.uleb128 0xb
 1750 0052 3B       		.uleb128 0x3b
 1751 0053 0B       		.uleb128 0xb
 1752 0054 49       		.uleb128 0x49
 1753 0055 13       		.uleb128 0x13
 1754 0056 3F       		.uleb128 0x3f
 1755 0057 19       		.uleb128 0x19
 1756 0058 02       		.uleb128 0x2
 1757 0059 18       		.uleb128 0x18
 1758 005a 00       		.byte	0
 1759 005b 00       		.byte	0
 1760 005c 09       		.uleb128 0x9
 1761 005d 21       		.uleb128 0x21
 1762 005e 00       		.byte	0
 1763 005f 49       		.uleb128 0x49
ARM GAS  C:\Users\mikke\AppData\Local\Temp\cckTdicE.s 			page 32


 1764 0060 13       		.uleb128 0x13
 1765 0061 2F       		.uleb128 0x2f
 1766 0062 0B       		.uleb128 0xb
 1767 0063 00       		.byte	0
 1768 0064 00       		.byte	0
 1769 0065 0A       		.uleb128 0xa
 1770 0066 34       		.uleb128 0x34
 1771 0067 00       		.byte	0
 1772 0068 03       		.uleb128 0x3
 1773 0069 0E       		.uleb128 0xe
 1774 006a 3A       		.uleb128 0x3a
 1775 006b 0B       		.uleb128 0xb
 1776 006c 3B       		.uleb128 0x3b
 1777 006d 05       		.uleb128 0x5
 1778 006e 49       		.uleb128 0x49
 1779 006f 13       		.uleb128 0x13
 1780 0070 3F       		.uleb128 0x3f
 1781 0071 19       		.uleb128 0x19
 1782 0072 02       		.uleb128 0x2
 1783 0073 18       		.uleb128 0x18
 1784 0074 00       		.byte	0
 1785 0075 00       		.byte	0
 1786 0076 00       		.byte	0
 1787              		.section	.debug_aranges,"",%progbits
 1788 0000 14000000 		.4byte	0x14
 1789 0004 0200     		.2byte	0x2
 1790 0006 00000000 		.4byte	.Ldebug_info0
 1791 000a 04       		.byte	0x4
 1792 000b 00       		.byte	0
 1793 000c 0000     		.2byte	0
 1794 000e 0000     		.2byte	0
 1795 0010 00000000 		.4byte	0
 1796 0014 00000000 		.4byte	0
 1797              		.section	.debug_line,"",%progbits
 1798              	.Ldebug_line0:
 1799 0000 3D010000 		.section	.debug_str,"MS",%progbits,1
 1799      02003701 
 1799      00000201 
 1799      FB0E0D00 
 1799      01010101 
 1800              	.LASF9:
 1801 0000 5F5F7569 		.ascii	"__uint8_t\000"
 1801      6E74385F 
 1801      7400
 1802              	.LASF19:
 1803 000a 433A5C55 		.ascii	"C:\\Users\\mikke\\Desktop\\nRF24_Example_Projects-m"
 1803      73657273 
 1803      5C6D696B 
 1803      6B655C44 
 1803      65736B74 
 1804 0039 61737465 		.ascii	"aster\\00_Basic_Tx.cydsn\000"
 1804      725C3030 
 1804      5F426173 
 1804      69635F54 
 1804      782E6379 
 1805              	.LASF16:
 1806 0051 63795F6D 		.ascii	"cy_metadata\000"
ARM GAS  C:\Users\mikke\AppData\Local\Temp\cckTdicE.s 			page 33


 1806      65746164 
 1806      61746100 
 1807              	.LASF1:
 1808 005d 756E7369 		.ascii	"unsigned char\000"
 1808      676E6564 
 1808      20636861 
 1808      7200
 1809              	.LASF17:
 1810 006b 474E5520 		.ascii	"GNU C11 5.4.1 20160609 (release) [ARM/embedded-5-br"
 1810      43313120 
 1810      352E342E 
 1810      31203230 
 1810      31363036 
 1811 009e 616E6368 		.ascii	"anch revision 237715] -mcpu=cortex-m3 -mthumb -g -O"
 1811      20726576 
 1811      6973696F 
 1811      6E203233 
 1811      37373135 
 1812 00d1 67202D66 		.ascii	"g -ffunction-sections -ffat-lto-objects\000"
 1812      66756E63 
 1812      74696F6E 
 1812      2D736563 
 1812      74696F6E 
 1813              	.LASF5:
 1814 00f9 6C6F6E67 		.ascii	"long unsigned int\000"
 1814      20756E73 
 1814      69676E65 
 1814      6420696E 
 1814      7400
 1815              	.LASF3:
 1816 010b 73686F72 		.ascii	"short unsigned int\000"
 1816      7420756E 
 1816      7369676E 
 1816      65642069 
 1816      6E7400
 1817              	.LASF13:
 1818 011e 63795F6D 		.ascii	"cy_meta_custnvl\000"
 1818      6574615F 
 1818      63757374 
 1818      6E766C00 
 1819              	.LASF12:
 1820 012e 63795F6D 		.ascii	"cy_meta_configecc\000"
 1820      6574615F 
 1820      636F6E66 
 1820      69676563 
 1820      6300
 1821              	.LASF8:
 1822 0140 756E7369 		.ascii	"unsigned int\000"
 1822      676E6564 
 1822      20696E74 
 1822      00
 1823              	.LASF7:
 1824 014d 6C6F6E67 		.ascii	"long long unsigned int\000"
 1824      206C6F6E 
 1824      6720756E 
 1824      7369676E 
 1824      65642069 
ARM GAS  C:\Users\mikke\AppData\Local\Temp\cckTdicE.s 			page 34


 1825              	.LASF10:
 1826 0164 75696E74 		.ascii	"uint8_t\000"
 1826      385F7400 
 1827              	.LASF15:
 1828 016c 63795F6D 		.ascii	"cy_meta_flashprotect\000"
 1828      6574615F 
 1828      666C6173 
 1828      6870726F 
 1828      74656374 
 1829              	.LASF14:
 1830 0181 63795F6D 		.ascii	"cy_meta_wonvl\000"
 1830      6574615F 
 1830      776F6E76 
 1830      6C00
 1831              	.LASF11:
 1832 018f 73697A65 		.ascii	"sizetype\000"
 1832      74797065 
 1832      00
 1833              	.LASF6:
 1834 0198 6C6F6E67 		.ascii	"long long int\000"
 1834      206C6F6E 
 1834      6720696E 
 1834      7400
 1835              	.LASF2:
 1836 01a6 73686F72 		.ascii	"short int\000"
 1836      7420696E 
 1836      7400
 1837              	.LASF4:
 1838 01b0 6C6F6E67 		.ascii	"long int\000"
 1838      20696E74 
 1838      00
 1839              	.LASF0:
 1840 01b9 7369676E 		.ascii	"signed char\000"
 1840      65642063 
 1840      68617200 
 1841              	.LASF18:
 1842 01c5 47656E65 		.ascii	"Generated_Source\\PSoC5\\cymetadata.c\000"
 1842      72617465 
 1842      645F536F 
 1842      75726365 
 1842      5C50536F 
 1843              		.ident	"GCC: (GNU Tools for ARM Embedded Processors) 5.4.1 20160609 (release) [ARM/embedded-5-bran
