ARM GAS  C:\Users\mikke\AppData\Local\Temp\ccrVPlsx.s 			page 1


   1              		.syntax unified
   2              		.cpu cortex-m0
   3              		.fpu softvfp
   4              		.eabi_attribute 20, 1
   5              		.eabi_attribute 21, 1
   6              		.eabi_attribute 23, 3
   7              		.eabi_attribute 24, 1
   8              		.eabi_attribute 25, 1
   9              		.eabi_attribute 26, 1
  10              		.eabi_attribute 30, 1
  11              		.eabi_attribute 34, 0
  12              		.eabi_attribute 18, 4
  13              		.thumb
  14              		.syntax unified
  15              		.file	"main.c"
  16              		.text
  17              	.Ltext0:
  18              		.cfi_sections	.debug_frame
  19              		.section	.text.IRQ_Handler,"ax",%progbits
  20              		.align	2
  21              		.global	IRQ_Handler
  22              		.code	16
  23              		.thumb_func
  24              		.type	IRQ_Handler, %function
  25              	IRQ_Handler:
  26              	.LFB35:
  27              		.file 1 "main.c"
   1:main.c        **** /*
   2:main.c        ****  * 01_Basic_Tx
   3:main.c        ****  * 
   4:main.c        ****  * The nrf24 radio is configured to transmit 1 byte payload.
   5:main.c        ****  */
   6:main.c        **** 
   7:main.c        **** #include "project.h"
   8:main.c        **** 
   9:main.c        **** #include <stdbool.h>
  10:main.c        **** #include <stdio.h>
  11:main.c        **** 
  12:main.c        **** volatile bool irq_flag = false;
  13:main.c        **** 
  14:main.c        **** // the IRQ pin triggered an interrupt
  15:main.c        **** CY_ISR_PROTO(IRQ_Handler);
  16:main.c        **** void print_status(void);
  17:main.c        **** 
  18:main.c        **** int main(void)
  19:main.c        **** {
  20:main.c        ****     const uint8_t TX_ADDR[5]= {0xBA, 0xAD, 0xC0, 0xFF, 0xEE};
  21:main.c        ****     unsigned char data = ' ';
  22:main.c        ****     
  23:main.c        ****     // Set the interrupts handlers
  24:main.c        ****     isr_IRQ_StartEx(IRQ_Handler);
  25:main.c        ****     
  26:main.c        ****     CyGlobalIntEnable;
  27:main.c        ****     
  28:main.c        ****     UART_Start();
  29:main.c        ****     UART_PutChar(0x0C);
  30:main.c        ****     UART_PutString("Basic project: Tx\r\n");
ARM GAS  C:\Users\mikke\AppData\Local\Temp\ccrVPlsx.s 			page 2


  31:main.c        ****     
  32:main.c        ****     nRF24_start();
  33:main.c        ****     nRF24_set_rx_pipe_address(NRF_ADDR_PIPE0, TX_ADDR, 5);
  34:main.c        ****     // set tx pipe address to match the receiver address
  35:main.c        ****     nRF24_set_tx_address(TX_ADDR, 5);
  36:main.c        **** 
  37:main.c        ****     while (1) {
  38:main.c        ****     
  39:main.c        ****         UART_PutChar(0x0C);
  40:main.c        ****         UART_PutString("Type a letter...");
  41:main.c        ****         // wait until we get a letter to send
  42:main.c        ****         while(0 == UART_GetRxBufferSize());
  43:main.c        ****         // get the letter
  44:main.c        ****         data = UART_GetChar();
  45:main.c        ****         
  46:main.c        ****         print_status();
  47:main.c        ****         UART_PutString("\r\nSending letter ");
  48:main.c        ****         UART_PutCRLF(data);
  49:main.c        ****         nRF24_transmit(&data, 1);
  50:main.c        ****         
  51:main.c        ****         print_status();
  52:main.c        ****         while(false == irq_flag);
  53:main.c        ****             
  54:main.c        ****         // Get and clear the flag that caused the IRQ interrupt,
  55:main.c        ****         // in this project the only IRQ cause is the caused by
  56:main.c        ****         // transmitting data (NRF_STATUS_TX_DS_MASK) or timeout
  57:main.c        ****         nrf_irq flag = nRF24_get_irq_flag();
  58:main.c        ****         
  59:main.c        ****         switch (flag) {
  60:main.c        ****         case NRF_TX_DS_IRQ:
  61:main.c        ****             // turn on the Green LED if the transmit was successfull
  62:main.c        ****             LED_Write(0);
  63:main.c        ****             break;
  64:main.c        ****         case NRF_MAX_RT_IRQ:
  65:main.c        ****             // turn off the Green LED if the transmit was not successfull
  66:main.c        ****             LED_Write(1);
  67:main.c        ****             break;
  68:main.c        ****         default:
  69:main.c        ****             break;
  70:main.c        ****         }
  71:main.c        ****         
  72:main.c        ****         nRF24_clear_irq_flag(flag);
  73:main.c        ****         
  74:main.c        ****         irq_flag = false;
  75:main.c        ****         
  76:main.c        ****         CyDelay(250);
  77:main.c        ****         
  78:main.c        ****     }
  79:main.c        **** }
  80:main.c        **** 
  81:main.c        **** void print_status(void)
  82:main.c        **** {
  83:main.c        ****     char status_str[20];
  84:main.c        ****     uint8_t status = nRF24_get_status();
  85:main.c        ****     sprintf(status_str, "0x%2X\r\n", status);
  86:main.c        ****     UART_PutString(status_str);
  87:main.c        **** }
ARM GAS  C:\Users\mikke\AppData\Local\Temp\ccrVPlsx.s 			page 3


  88:main.c        **** 
  89:main.c        **** CY_ISR(IRQ_Handler)
  90:main.c        **** {
  28              		.loc 1 90 0
  29              		.cfi_startproc
  30              		@ args = 0, pretend = 0, frame = 0
  31              		@ frame_needed = 0, uses_anonymous_args = 0
  32 0000 10B5     		push	{r4, lr}
  33              		.cfi_def_cfa_offset 8
  34              		.cfi_offset 4, -8
  35              		.cfi_offset 14, -4
  91:main.c        ****     irq_flag = true;
  36              		.loc 1 91 0
  37 0002 0122     		movs	r2, #1
  38 0004 024B     		ldr	r3, .L2
  39 0006 1A70     		strb	r2, [r3]
  92:main.c        ****     IRQ_ClearInterrupt();
  40              		.loc 1 92 0
  41 0008 FFF7FEFF 		bl	IRQ_ClearInterrupt
  42              	.LVL0:
  93:main.c        **** }
  43              		.loc 1 93 0
  44              		@ sp needed
  45 000c 10BD     		pop	{r4, pc}
  46              	.L3:
  47 000e C046     		.align	2
  48              	.L2:
  49 0010 00000000 		.word	.LANCHOR0
  50              		.cfi_endproc
  51              	.LFE35:
  52              		.size	IRQ_Handler, .-IRQ_Handler
  53              		.section	.text.print_status,"ax",%progbits
  54              		.align	2
  55              		.global	print_status
  56              		.code	16
  57              		.thumb_func
  58              		.type	print_status, %function
  59              	print_status:
  60              	.LFB34:
  82:main.c        ****     char status_str[20];
  61              		.loc 1 82 0
  62              		.cfi_startproc
  63              		@ args = 0, pretend = 0, frame = 24
  64              		@ frame_needed = 0, uses_anonymous_args = 0
  65 0000 00B5     		push	{lr}
  66              		.cfi_def_cfa_offset 4
  67              		.cfi_offset 14, -4
  68 0002 87B0     		sub	sp, sp, #28
  69              		.cfi_def_cfa_offset 32
  84:main.c        ****     sprintf(status_str, "0x%2X\r\n", status);
  70              		.loc 1 84 0
  71 0004 FFF7FEFF 		bl	nRF24_get_status
  72              	.LVL1:
  73 0008 0200     		movs	r2, r0
  74              	.LVL2:
  85:main.c        ****     UART_PutString(status_str);
  75              		.loc 1 85 0
ARM GAS  C:\Users\mikke\AppData\Local\Temp\ccrVPlsx.s 			page 4


  76 000a 0449     		ldr	r1, .L5
  77 000c 01A8     		add	r0, sp, #4
  78 000e FFF7FEFF 		bl	sprintf
  79              	.LVL3:
  86:main.c        **** }
  80              		.loc 1 86 0
  81 0012 01A8     		add	r0, sp, #4
  82 0014 FFF7FEFF 		bl	UART_PutString
  83              	.LVL4:
  87:main.c        **** 
  84              		.loc 1 87 0
  85 0018 07B0     		add	sp, sp, #28
  86              		@ sp needed
  87 001a 00BD     		pop	{pc}
  88              	.L6:
  89              		.align	2
  90              	.L5:
  91 001c 00000000 		.word	.LC2
  92              		.cfi_endproc
  93              	.LFE34:
  94              		.size	print_status, .-print_status
  95              		.section	.text.main,"ax",%progbits
  96              		.align	2
  97              		.global	main
  98              		.code	16
  99              		.thumb_func
 100              		.type	main, %function
 101              	main:
 102              	.LFB33:
  19:main.c        ****     const uint8_t TX_ADDR[5]= {0xBA, 0xAD, 0xC0, 0xFF, 0xEE};
 103              		.loc 1 19 0
 104              		.cfi_startproc
 105              		@ args = 0, pretend = 0, frame = 16
 106              		@ frame_needed = 0, uses_anonymous_args = 0
 107 0000 10B5     		push	{r4, lr}
 108              		.cfi_def_cfa_offset 8
 109              		.cfi_offset 4, -8
 110              		.cfi_offset 14, -4
 111 0002 84B0     		sub	sp, sp, #16
 112              		.cfi_def_cfa_offset 24
  20:main.c        ****     unsigned char data = ' ';
 113              		.loc 1 20 0
 114 0004 0522     		movs	r2, #5
 115 0006 2B49     		ldr	r1, .L14
 116 0008 02A8     		add	r0, sp, #8
 117 000a FFF7FEFF 		bl	memcpy
 118              	.LVL5:
  21:main.c        ****     
 119              		.loc 1 21 0
 120 000e 2022     		movs	r2, #32
 121 0010 6B46     		mov	r3, sp
 122 0012 DA71     		strb	r2, [r3, #7]
  24:main.c        ****     
 123              		.loc 1 24 0
 124 0014 2848     		ldr	r0, .L14+4
 125 0016 FFF7FEFF 		bl	isr_IRQ_StartEx
 126              	.LVL6:
ARM GAS  C:\Users\mikke\AppData\Local\Temp\ccrVPlsx.s 			page 5


  26:main.c        ****     
 127              		.loc 1 26 0
 128              		.syntax divided
 129              	@ 26 "main.c" 1
 130 001a 62B6     		CPSIE   i
 131              	@ 0 "" 2
  28:main.c        ****     UART_PutChar(0x0C);
 132              		.loc 1 28 0
 133              		.thumb
 134              		.syntax unified
 135 001c FFF7FEFF 		bl	UART_Start
 136              	.LVL7:
  29:main.c        ****     UART_PutString("Basic project: Tx\r\n");
 137              		.loc 1 29 0
 138 0020 0C20     		movs	r0, #12
 139 0022 FFF7FEFF 		bl	UART_PutChar
 140              	.LVL8:
  30:main.c        ****     
 141              		.loc 1 30 0
 142 0026 2548     		ldr	r0, .L14+8
 143 0028 FFF7FEFF 		bl	UART_PutString
 144              	.LVL9:
  32:main.c        ****     nRF24_set_rx_pipe_address(NRF_ADDR_PIPE0, TX_ADDR, 5);
 145              		.loc 1 32 0
 146 002c FFF7FEFF 		bl	nRF24_start
 147              	.LVL10:
  33:main.c        ****     // set tx pipe address to match the receiver address
 148              		.loc 1 33 0
 149 0030 0522     		movs	r2, #5
 150 0032 02A9     		add	r1, sp, #8
 151 0034 0A20     		movs	r0, #10
 152 0036 FFF7FEFF 		bl	nRF24_set_rx_pipe_address
 153              	.LVL11:
  35:main.c        **** 
 154              		.loc 1 35 0
 155 003a 0521     		movs	r1, #5
 156 003c 02A8     		add	r0, sp, #8
 157 003e FFF7FEFF 		bl	nRF24_set_tx_address
 158              	.LVL12:
 159              	.L13:
 160              	.LBB2:
  39:main.c        ****         UART_PutString("Type a letter...");
 161              		.loc 1 39 0
 162 0042 0C20     		movs	r0, #12
 163 0044 FFF7FEFF 		bl	UART_PutChar
 164              	.LVL13:
  40:main.c        ****         // wait until we get a letter to send
 165              		.loc 1 40 0
 166 0048 1D48     		ldr	r0, .L14+12
 167 004a FFF7FEFF 		bl	UART_PutString
 168              	.LVL14:
 169              	.L8:
  42:main.c        ****         // get the letter
 170              		.loc 1 42 0 discriminator 1
 171 004e FFF7FEFF 		bl	UART_GetRxBufferSize
 172              	.LVL15:
 173 0052 0028     		cmp	r0, #0
ARM GAS  C:\Users\mikke\AppData\Local\Temp\ccrVPlsx.s 			page 6


 174 0054 FBD0     		beq	.L8
  44:main.c        ****         
 175              		.loc 1 44 0
 176 0056 FFF7FEFF 		bl	UART_GetChar
 177              	.LVL16:
 178 005a 6B46     		mov	r3, sp
 179 005c DC1D     		adds	r4, r3, #7
 180 005e D871     		strb	r0, [r3, #7]
  46:main.c        ****         UART_PutString("\r\nSending letter ");
 181              		.loc 1 46 0
 182 0060 FFF7FEFF 		bl	print_status
 183              	.LVL17:
  47:main.c        ****         UART_PutCRLF(data);
 184              		.loc 1 47 0
 185 0064 1748     		ldr	r0, .L14+16
 186 0066 FFF7FEFF 		bl	UART_PutString
 187              	.LVL18:
  48:main.c        ****         nRF24_transmit(&data, 1);
 188              		.loc 1 48 0
 189 006a 2078     		ldrb	r0, [r4]
 190 006c FFF7FEFF 		bl	UART_PutCRLF
 191              	.LVL19:
  49:main.c        ****         
 192              		.loc 1 49 0
 193 0070 0121     		movs	r1, #1
 194 0072 2000     		movs	r0, r4
 195 0074 FFF7FEFF 		bl	nRF24_transmit
 196              	.LVL20:
  51:main.c        ****         while(false == irq_flag);
 197              		.loc 1 51 0
 198 0078 FFF7FEFF 		bl	print_status
 199              	.LVL21:
 200              	.L9:
  52:main.c        ****             
 201              		.loc 1 52 0 discriminator 1
 202 007c 124B     		ldr	r3, .L14+20
 203 007e 1B78     		ldrb	r3, [r3]
 204 0080 002B     		cmp	r3, #0
 205 0082 FBD0     		beq	.L9
  57:main.c        ****         
 206              		.loc 1 57 0
 207 0084 FFF7FEFF 		bl	nRF24_get_irq_flag
 208              	.LVL22:
 209 0088 0400     		movs	r4, r0
 210              	.LVL23:
  59:main.c        ****         case NRF_TX_DS_IRQ:
 211              		.loc 1 59 0
 212 008a 0428     		cmp	r0, #4
 213 008c 05D0     		beq	.L11
 214 008e 0528     		cmp	r0, #5
 215 0090 06D1     		bne	.L10
  62:main.c        ****             break;
 216              		.loc 1 62 0
 217 0092 0020     		movs	r0, #0
 218              	.LVL24:
 219 0094 FFF7FEFF 		bl	LED_Write
 220              	.LVL25:
ARM GAS  C:\Users\mikke\AppData\Local\Temp\ccrVPlsx.s 			page 7


  63:main.c        ****         case NRF_MAX_RT_IRQ:
 221              		.loc 1 63 0
 222 0098 02E0     		b	.L10
 223              	.LVL26:
 224              	.L11:
  66:main.c        ****             break;
 225              		.loc 1 66 0
 226 009a 0120     		movs	r0, #1
 227              	.LVL27:
 228 009c FFF7FEFF 		bl	LED_Write
 229              	.LVL28:
 230              	.L10:
  72:main.c        ****         
 231              		.loc 1 72 0
 232 00a0 2000     		movs	r0, r4
 233 00a2 FFF7FEFF 		bl	nRF24_clear_irq_flag
 234              	.LVL29:
  74:main.c        ****         
 235              		.loc 1 74 0
 236 00a6 0022     		movs	r2, #0
 237 00a8 074B     		ldr	r3, .L14+20
 238 00aa 1A70     		strb	r2, [r3]
  76:main.c        ****         
 239              		.loc 1 76 0
 240 00ac FA20     		movs	r0, #250
 241 00ae FFF7FEFF 		bl	CyDelay
 242              	.LVL30:
 243              	.LBE2:
  78:main.c        **** }
 244              		.loc 1 78 0
 245 00b2 C6E7     		b	.L13
 246              	.L15:
 247              		.align	2
 248              	.L14:
 249 00b4 00000000 		.word	.LANCHOR1
 250 00b8 00000000 		.word	IRQ_Handler
 251 00bc 08000000 		.word	.LC6
 252 00c0 1C000000 		.word	.LC8
 253 00c4 30000000 		.word	.LC10
 254 00c8 00000000 		.word	.LANCHOR0
 255              		.cfi_endproc
 256              	.LFE33:
 257              		.size	main, .-main
 258              		.global	irq_flag
 259              		.section	.rodata
 260              		.align	2
 261              		.set	.LANCHOR1,. + 0
 262              	.LC0:
 263 0000 BA       		.byte	-70
 264 0001 AD       		.byte	-83
 265 0002 C0       		.byte	-64
 266 0003 FF       		.byte	-1
 267 0004 EE       		.byte	-18
 268              		.section	.rodata.str1.4,"aMS",%progbits,1
 269              		.align	2
 270              	.LC2:
 271 0000 30782532 		.ascii	"0x%2X\015\012\000"
ARM GAS  C:\Users\mikke\AppData\Local\Temp\ccrVPlsx.s 			page 8


 271      580D0A00 
 272              	.LC6:
 273 0008 42617369 		.ascii	"Basic project: Tx\015\012\000"
 273      63207072 
 273      6F6A6563 
 273      743A2054 
 273      780D0A00 
 274              	.LC8:
 275 001c 54797065 		.ascii	"Type a letter...\000"
 275      2061206C 
 275      65747465 
 275      722E2E2E 
 275      00
 276 002d 000000   		.space	3
 277              	.LC10:
 278 0030 0D0A5365 		.ascii	"\015\012Sending letter \000"
 278      6E64696E 
 278      67206C65 
 278      74746572 
 278      2000
 279              		.bss
 280              		.set	.LANCHOR0,. + 0
 281              		.type	irq_flag, %object
 282              		.size	irq_flag, 1
 283              	irq_flag:
 284 0000 00       		.space	1
 285              		.text
 286              	.Letext0:
 287              		.file 2 "c:\\program files (x86)\\cypress\\psoc creator\\4.2\\psoc creator\\import\\gnu\\arm\\5.4.
 288              		.file 3 "c:\\program files (x86)\\cypress\\psoc creator\\4.2\\psoc creator\\import\\gnu\\arm\\5.4.
 289              		.file 4 "Generated_Source\\PSoC4/nRF24_DEFS.h"
 290              		.file 5 "Generated_Source\\PSoC4/IRQ.h"
 291              		.file 6 "Generated_Source\\PSoC4/nRF24_FUNCS.h"
 292              		.file 7 "c:\\program files (x86)\\cypress\\psoc creator\\4.2\\psoc creator\\import\\gnu\\arm\\5.4.
 293              		.file 8 "Generated_Source\\PSoC4/UART.h"
 294              		.file 9 "Generated_Source\\PSoC4/LED.h"
 295              		.file 10 "Generated_Source\\PSoC4/CyLib.h"
 296              		.file 11 "Generated_Source\\PSoC4/isr_IRQ.h"
 297              		.section	.debug_info,"",%progbits
 298              	.Ldebug_info0:
 299 0000 4E060000 		.4byte	0x64e
 300 0004 0400     		.2byte	0x4
 301 0006 00000000 		.4byte	.Ldebug_abbrev0
 302 000a 04       		.byte	0x4
 303 000b 01       		.uleb128 0x1
 304 000c EE010000 		.4byte	.LASF114
 305 0010 0C       		.byte	0xc
 306 0011 DF060000 		.4byte	.LASF115
 307 0015 AB070000 		.4byte	.LASF116
 308 0019 00000000 		.4byte	.Ldebug_ranges0+0
 309 001d 00000000 		.4byte	0
 310 0021 00000000 		.4byte	.Ldebug_line0
 311 0025 02       		.uleb128 0x2
 312 0026 01       		.byte	0x1
 313 0027 06       		.byte	0x6
 314 0028 3F030000 		.4byte	.LASF0
 315 002c 03       		.uleb128 0x3
ARM GAS  C:\Users\mikke\AppData\Local\Temp\ccrVPlsx.s 			page 9


 316 002d E1030000 		.4byte	.LASF9
 317 0031 02       		.byte	0x2
 318 0032 1D       		.byte	0x1d
 319 0033 37000000 		.4byte	0x37
 320 0037 02       		.uleb128 0x2
 321 0038 01       		.byte	0x1
 322 0039 08       		.byte	0x8
 323 003a 36040000 		.4byte	.LASF1
 324 003e 02       		.uleb128 0x2
 325 003f 02       		.byte	0x2
 326 0040 05       		.byte	0x5
 327 0041 A1010000 		.4byte	.LASF2
 328 0045 02       		.uleb128 0x2
 329 0046 02       		.byte	0x2
 330 0047 07       		.byte	0x7
 331 0048 6A060000 		.4byte	.LASF3
 332 004c 02       		.uleb128 0x2
 333 004d 04       		.byte	0x4
 334 004e 05       		.byte	0x5
 335 004f 86030000 		.4byte	.LASF4
 336 0053 02       		.uleb128 0x2
 337 0054 04       		.byte	0x4
 338 0055 07       		.byte	0x7
 339 0056 D4050000 		.4byte	.LASF5
 340 005a 02       		.uleb128 0x2
 341 005b 08       		.byte	0x8
 342 005c 05       		.byte	0x5
 343 005d 51030000 		.4byte	.LASF6
 344 0061 02       		.uleb128 0x2
 345 0062 08       		.byte	0x8
 346 0063 07       		.byte	0x7
 347 0064 5B050000 		.4byte	.LASF7
 348 0068 04       		.uleb128 0x4
 349 0069 04       		.byte	0x4
 350 006a 05       		.byte	0x5
 351 006b 696E7400 		.ascii	"int\000"
 352 006f 02       		.uleb128 0x2
 353 0070 04       		.byte	0x4
 354 0071 07       		.byte	0x7
 355 0072 8F050000 		.4byte	.LASF8
 356 0076 03       		.uleb128 0x3
 357 0077 8A020000 		.4byte	.LASF10
 358 007b 03       		.byte	0x3
 359 007c 18       		.byte	0x18
 360 007d 2C000000 		.4byte	0x2c
 361 0081 02       		.uleb128 0x2
 362 0082 04       		.byte	0x4
 363 0083 04       		.byte	0x4
 364 0084 4B030000 		.4byte	.LASF11
 365 0088 02       		.uleb128 0x2
 366 0089 08       		.byte	0x8
 367 008a 04       		.byte	0x4
 368 008b 08070000 		.4byte	.LASF12
 369 008f 02       		.uleb128 0x2
 370 0090 01       		.byte	0x1
 371 0091 08       		.byte	0x8
 372 0092 4B060000 		.4byte	.LASF13
ARM GAS  C:\Users\mikke\AppData\Local\Temp\ccrVPlsx.s 			page 10


 373 0096 02       		.uleb128 0x2
 374 0097 08       		.byte	0x8
 375 0098 04       		.byte	0x4
 376 0099 90040000 		.4byte	.LASF14
 377 009d 02       		.uleb128 0x2
 378 009e 04       		.byte	0x4
 379 009f 07       		.byte	0x7
 380 00a0 F8000000 		.4byte	.LASF15
 381 00a4 05       		.uleb128 0x5
 382 00a5 01       		.byte	0x1
 383 00a6 37000000 		.4byte	0x37
 384 00aa 04       		.byte	0x4
 385 00ab 1E       		.byte	0x1e
 386 00ac 4D010000 		.4byte	0x14d
 387 00b0 06       		.uleb128 0x6
 388 00b1 39070000 		.4byte	.LASF16
 389 00b5 00       		.byte	0
 390 00b6 06       		.uleb128 0x6
 391 00b7 7C020000 		.4byte	.LASF17
 392 00bb 01       		.byte	0x1
 393 00bc 06       		.uleb128 0x6
 394 00bd D3000000 		.4byte	.LASF18
 395 00c1 02       		.byte	0x2
 396 00c2 06       		.uleb128 0x6
 397 00c3 8E070000 		.4byte	.LASF19
 398 00c7 03       		.byte	0x3
 399 00c8 06       		.uleb128 0x6
 400 00c9 64070000 		.4byte	.LASF20
 401 00cd 04       		.byte	0x4
 402 00ce 06       		.uleb128 0x6
 403 00cf 31030000 		.4byte	.LASF21
 404 00d3 05       		.byte	0x5
 405 00d4 06       		.uleb128 0x6
 406 00d5 7F000000 		.4byte	.LASF22
 407 00d9 06       		.byte	0x6
 408 00da 06       		.uleb128 0x6
 409 00db 92020000 		.4byte	.LASF23
 410 00df 07       		.byte	0x7
 411 00e0 06       		.uleb128 0x6
 412 00e1 E5000000 		.4byte	.LASF24
 413 00e5 08       		.byte	0x8
 414 00e6 06       		.uleb128 0x6
 415 00e7 8F030000 		.4byte	.LASF25
 416 00eb 09       		.byte	0x9
 417 00ec 06       		.uleb128 0x6
 418 00ed 9C040000 		.4byte	.LASF26
 419 00f1 0A       		.byte	0xa
 420 00f2 06       		.uleb128 0x6
 421 00f3 AF040000 		.4byte	.LASF27
 422 00f7 0B       		.byte	0xb
 423 00f8 06       		.uleb128 0x6
 424 00f9 C2040000 		.4byte	.LASF28
 425 00fd 0C       		.byte	0xc
 426 00fe 06       		.uleb128 0x6
 427 00ff D5040000 		.4byte	.LASF29
 428 0103 0D       		.byte	0xd
 429 0104 06       		.uleb128 0x6
ARM GAS  C:\Users\mikke\AppData\Local\Temp\ccrVPlsx.s 			page 11


 430 0105 E8040000 		.4byte	.LASF30
 431 0109 0E       		.byte	0xe
 432 010a 06       		.uleb128 0x6
 433 010b FB040000 		.4byte	.LASF31
 434 010f 0F       		.byte	0xf
 435 0110 06       		.uleb128 0x6
 436 0111 2E010000 		.4byte	.LASF32
 437 0115 10       		.byte	0x10
 438 0116 06       		.uleb128 0x6
 439 0117 25050000 		.4byte	.LASF33
 440 011b 11       		.byte	0x11
 441 011c 06       		.uleb128 0x6
 442 011d 7F010000 		.4byte	.LASF34
 443 0121 12       		.byte	0x12
 444 0122 06       		.uleb128 0x6
 445 0123 90010000 		.4byte	.LASF35
 446 0127 13       		.byte	0x13
 447 0128 06       		.uleb128 0x6
 448 0129 CE060000 		.4byte	.LASF36
 449 012d 14       		.byte	0x14
 450 012e 06       		.uleb128 0x6
 451 012f AB010000 		.4byte	.LASF37
 452 0133 15       		.byte	0x15
 453 0134 06       		.uleb128 0x6
 454 0135 7D080000 		.4byte	.LASF38
 455 0139 16       		.byte	0x16
 456 013a 06       		.uleb128 0x6
 457 013b 58010000 		.4byte	.LASF39
 458 013f 17       		.byte	0x17
 459 0140 06       		.uleb128 0x6
 460 0141 5F030000 		.4byte	.LASF40
 461 0145 1C       		.byte	0x1c
 462 0146 06       		.uleb128 0x6
 463 0147 4B050000 		.4byte	.LASF41
 464 014b 1D       		.byte	0x1d
 465 014c 00       		.byte	0
 466 014d 05       		.uleb128 0x5
 467 014e 01       		.byte	0x1
 468 014f 37000000 		.4byte	0x37
 469 0153 04       		.byte	0x4
 470 0154 55       		.byte	0x55
 471 0155 7E010000 		.4byte	0x17e
 472 0159 06       		.uleb128 0x6
 473 015a 13080000 		.4byte	.LASF42
 474 015e 0A       		.byte	0xa
 475 015f 06       		.uleb128 0x6
 476 0160 0E050000 		.4byte	.LASF43
 477 0164 0B       		.byte	0xb
 478 0165 06       		.uleb128 0x6
 479 0166 2A080000 		.4byte	.LASF44
 480 016a 0C       		.byte	0xc
 481 016b 06       		.uleb128 0x6
 482 016c 39080000 		.4byte	.LASF45
 483 0170 0D       		.byte	0xd
 484 0171 06       		.uleb128 0x6
 485 0172 48080000 		.4byte	.LASF46
 486 0176 0E       		.byte	0xe
ARM GAS  C:\Users\mikke\AppData\Local\Temp\ccrVPlsx.s 			page 12


 487 0177 06       		.uleb128 0x6
 488 0178 57080000 		.4byte	.LASF47
 489 017c 0F       		.byte	0xf
 490 017d 00       		.byte	0
 491 017e 05       		.uleb128 0x5
 492 017f 01       		.byte	0x1
 493 0180 37000000 		.4byte	0x37
 494 0184 04       		.byte	0x4
 495 0185 6D       		.byte	0x6d
 496 0186 A3010000 		.4byte	0x1a3
 497 018a 06       		.uleb128 0x6
 498 018b 0F070000 		.4byte	.LASF48
 499 018f 00       		.byte	0
 500 0190 06       		.uleb128 0x6
 501 0191 7D060000 		.4byte	.LASF49
 502 0195 04       		.byte	0x4
 503 0196 06       		.uleb128 0x6
 504 0197 1D000000 		.4byte	.LASF50
 505 019b 05       		.byte	0x5
 506 019c 06       		.uleb128 0x6
 507 019d BB000000 		.4byte	.LASF51
 508 01a1 06       		.byte	0x6
 509 01a2 00       		.byte	0
 510 01a3 03       		.uleb128 0x3
 511 01a4 72050000 		.4byte	.LASF52
 512 01a8 04       		.byte	0x4
 513 01a9 72       		.byte	0x72
 514 01aa 7E010000 		.4byte	0x17e
 515 01ae 05       		.uleb128 0x5
 516 01af 01       		.byte	0x1
 517 01b0 37000000 		.4byte	0x37
 518 01b4 04       		.byte	0x4
 519 01b5 75       		.byte	0x75
 520 01b6 E5010000 		.4byte	0x1e5
 521 01ba 06       		.uleb128 0x6
 522 01bb 34060000 		.4byte	.LASF53
 523 01bf 00       		.byte	0
 524 01c0 06       		.uleb128 0x6
 525 01c1 BC010000 		.4byte	.LASF54
 526 01c5 01       		.byte	0x1
 527 01c6 06       		.uleb128 0x6
 528 01c7 BA060000 		.4byte	.LASF55
 529 01cb 02       		.byte	0x2
 530 01cc 06       		.uleb128 0x6
 531 01cd A5000000 		.4byte	.LASF56
 532 01d1 03       		.byte	0x3
 533 01d2 06       		.uleb128 0x6
 534 01d3 B9050000 		.4byte	.LASF57
 535 01d7 04       		.byte	0x4
 536 01d8 06       		.uleb128 0x6
 537 01d9 3E010000 		.4byte	.LASF58
 538 01dd 05       		.byte	0x5
 539 01de 06       		.uleb128 0x6
 540 01df B6030000 		.4byte	.LASF59
 541 01e3 06       		.byte	0x6
 542 01e4 00       		.byte	0
 543 01e5 05       		.uleb128 0x5
ARM GAS  C:\Users\mikke\AppData\Local\Temp\ccrVPlsx.s 			page 13


 544 01e6 01       		.byte	0x1
 545 01e7 37000000 		.4byte	0x37
 546 01eb 04       		.byte	0x4
 547 01ec 91       		.byte	0x91
 548 01ed 16020000 		.4byte	0x216
 549 01f1 06       		.uleb128 0x6
 550 01f2 A1020000 		.4byte	.LASF60
 551 01f6 00       		.byte	0
 552 01f7 06       		.uleb128 0x6
 553 01f8 B7020000 		.4byte	.LASF61
 554 01fc 01       		.byte	0x1
 555 01fd 06       		.uleb128 0x6
 556 01fe CD020000 		.4byte	.LASF62
 557 0202 02       		.byte	0x2
 558 0203 06       		.uleb128 0x6
 559 0204 E3020000 		.4byte	.LASF63
 560 0208 03       		.byte	0x3
 561 0209 06       		.uleb128 0x6
 562 020a F9020000 		.4byte	.LASF64
 563 020e 04       		.byte	0x4
 564 020f 06       		.uleb128 0x6
 565 0210 0F030000 		.4byte	.LASF65
 566 0214 05       		.byte	0x5
 567 0215 00       		.byte	0
 568 0216 05       		.uleb128 0x5
 569 0217 01       		.byte	0x1
 570 0218 37000000 		.4byte	0x37
 571 021c 04       		.byte	0x4
 572 021d AA       		.byte	0xaa
 573 021e 47020000 		.4byte	0x247
 574 0222 06       		.uleb128 0x6
 575 0223 EB030000 		.4byte	.LASF66
 576 0227 00       		.byte	0
 577 0228 06       		.uleb128 0x6
 578 0229 04040000 		.4byte	.LASF67
 579 022d 01       		.byte	0x1
 580 022e 06       		.uleb128 0x6
 581 022f 1D040000 		.4byte	.LASF68
 582 0233 02       		.byte	0x2
 583 0234 06       		.uleb128 0x6
 584 0235 6D030000 		.4byte	.LASF69
 585 0239 03       		.byte	0x3
 586 023a 06       		.uleb128 0x6
 587 023b 44040000 		.4byte	.LASF70
 588 023f 04       		.byte	0x4
 589 0240 06       		.uleb128 0x6
 590 0241 5D040000 		.4byte	.LASF71
 591 0245 05       		.byte	0x5
 592 0246 00       		.byte	0
 593 0247 05       		.uleb128 0x5
 594 0248 01       		.byte	0x1
 595 0249 37000000 		.4byte	0x37
 596 024d 04       		.byte	0x4
 597 024e D1       		.byte	0xd1
 598 024f 60020000 		.4byte	0x260
 599 0253 06       		.uleb128 0x6
 600 0254 FB050000 		.4byte	.LASF72
ARM GAS  C:\Users\mikke\AppData\Local\Temp\ccrVPlsx.s 			page 14


 601 0258 00       		.byte	0
 602 0259 06       		.uleb128 0x6
 603 025a 77070000 		.4byte	.LASF73
 604 025e 04       		.byte	0x4
 605 025f 00       		.byte	0
 606 0260 07       		.uleb128 0x7
 607 0261 01       		.byte	0x1
 608 0262 37000000 		.4byte	0x37
 609 0266 04       		.byte	0x4
 610 0267 4A01     		.2byte	0x14a
 611 0269 8C020000 		.4byte	0x28c
 612 026d 06       		.uleb128 0x6
 613 026e 1C070000 		.4byte	.LASF74
 614 0272 00       		.byte	0
 615 0273 06       		.uleb128 0x6
 616 0274 48070000 		.4byte	.LASF75
 617 0278 01       		.byte	0x1
 618 0279 06       		.uleb128 0x6
 619 027a 00000000 		.4byte	.LASF76
 620 027e 04       		.byte	0x4
 621 027f 06       		.uleb128 0x6
 622 0280 F7070000 		.4byte	.LASF77
 623 0284 05       		.byte	0x5
 624 0285 06       		.uleb128 0x6
 625 0286 9C050000 		.4byte	.LASF78
 626 028a 06       		.byte	0x6
 627 028b 00       		.byte	0
 628 028c 07       		.uleb128 0x7
 629 028d 01       		.byte	0x1
 630 028e 37000000 		.4byte	0x37
 631 0292 04       		.byte	0x4
 632 0293 5B01     		.2byte	0x15b
 633 0295 BE020000 		.4byte	0x2be
 634 0299 06       		.uleb128 0x6
 635 029a 2B000000 		.4byte	.LASF79
 636 029e 00       		.byte	0
 637 029f 06       		.uleb128 0x6
 638 02a0 40000000 		.4byte	.LASF80
 639 02a4 01       		.byte	0x1
 640 02a5 06       		.uleb128 0x6
 641 02a6 55000000 		.4byte	.LASF81
 642 02aa 02       		.byte	0x2
 643 02ab 06       		.uleb128 0x6
 644 02ac 6A000000 		.4byte	.LASF82
 645 02b0 03       		.byte	0x3
 646 02b1 06       		.uleb128 0x6
 647 02b2 7A050000 		.4byte	.LASF83
 648 02b6 04       		.byte	0x4
 649 02b7 06       		.uleb128 0x6
 650 02b8 90000000 		.4byte	.LASF84
 651 02bc 05       		.byte	0x5
 652 02bd 00       		.byte	0
 653 02be 07       		.uleb128 0x7
 654 02bf 01       		.byte	0x1
 655 02c0 37000000 		.4byte	0x37
 656 02c4 04       		.byte	0x4
 657 02c5 7401     		.2byte	0x174
ARM GAS  C:\Users\mikke\AppData\Local\Temp\ccrVPlsx.s 			page 15


 658 02c7 DE020000 		.4byte	0x2de
 659 02cb 06       		.uleb128 0x6
 660 02cc 19060000 		.4byte	.LASF85
 661 02d0 00       		.byte	0
 662 02d1 06       		.uleb128 0x6
 663 02d2 9B030000 		.4byte	.LASF86
 664 02d6 01       		.byte	0x1
 665 02d7 06       		.uleb128 0x6
 666 02d8 66080000 		.4byte	.LASF87
 667 02dc 02       		.byte	0x2
 668 02dd 00       		.byte	0
 669 02de 08       		.uleb128 0x8
 670 02df 9F070000 		.4byte	.LASF88
 671 02e3 01       		.byte	0x1
 672 02e4 59       		.byte	0x59
 673 02e5 00000000 		.4byte	.LFB35
 674 02e9 14000000 		.4byte	.LFE35-.LFB35
 675 02ed 01       		.uleb128 0x1
 676 02ee 9C       		.byte	0x9c
 677 02ef FD020000 		.4byte	0x2fd
 678 02f3 09       		.uleb128 0x9
 679 02f4 0C000000 		.4byte	.LVL0
 680 02f8 82050000 		.4byte	0x582
 681 02fc 00       		.byte	0
 682 02fd 08       		.uleb128 0x8
 683 02fe 0C010000 		.4byte	.LASF89
 684 0302 01       		.byte	0x1
 685 0303 51       		.byte	0x51
 686 0304 00000000 		.4byte	.LFB34
 687 0308 20000000 		.4byte	.LFE34-.LFB34
 688 030c 01       		.uleb128 0x1
 689 030d 9C       		.byte	0x9c
 690 030e 66030000 		.4byte	0x366
 691 0312 0A       		.uleb128 0xa
 692 0313 01010000 		.4byte	.LASF90
 693 0317 01       		.byte	0x1
 694 0318 53       		.byte	0x53
 695 0319 66030000 		.4byte	0x366
 696 031d 02       		.uleb128 0x2
 697 031e 91       		.byte	0x91
 698 031f 64       		.sleb128 -28
 699 0320 0B       		.uleb128 0xb
 700 0321 12060000 		.4byte	.LASF91
 701 0325 01       		.byte	0x1
 702 0326 54       		.byte	0x54
 703 0327 76000000 		.4byte	0x76
 704 032b 00000000 		.4byte	.LLST0
 705 032f 09       		.uleb128 0x9
 706 0330 08000000 		.4byte	.LVL1
 707 0334 8D050000 		.4byte	0x58d
 708 0338 0C       		.uleb128 0xc
 709 0339 12000000 		.4byte	.LVL3
 710 033d 98050000 		.4byte	0x598
 711 0341 55030000 		.4byte	0x355
 712 0345 0D       		.uleb128 0xd
 713 0346 01       		.uleb128 0x1
 714 0347 50       		.byte	0x50
ARM GAS  C:\Users\mikke\AppData\Local\Temp\ccrVPlsx.s 			page 16


 715 0348 02       		.uleb128 0x2
 716 0349 91       		.byte	0x91
 717 034a 64       		.sleb128 -28
 718 034b 0D       		.uleb128 0xd
 719 034c 01       		.uleb128 0x1
 720 034d 51       		.byte	0x51
 721 034e 05       		.uleb128 0x5
 722 034f 03       		.byte	0x3
 723 0350 00000000 		.4byte	.LC2
 724 0354 00       		.byte	0
 725 0355 0E       		.uleb128 0xe
 726 0356 18000000 		.4byte	.LVL4
 727 035a A3050000 		.4byte	0x5a3
 728 035e 0D       		.uleb128 0xd
 729 035f 01       		.uleb128 0x1
 730 0360 50       		.byte	0x50
 731 0361 02       		.uleb128 0x2
 732 0362 91       		.byte	0x91
 733 0363 64       		.sleb128 -28
 734 0364 00       		.byte	0
 735 0365 00       		.byte	0
 736 0366 0F       		.uleb128 0xf
 737 0367 8F000000 		.4byte	0x8f
 738 036b 76030000 		.4byte	0x376
 739 036f 10       		.uleb128 0x10
 740 0370 9D000000 		.4byte	0x9d
 741 0374 13       		.byte	0x13
 742 0375 00       		.byte	0
 743 0376 11       		.uleb128 0x11
 744 0377 19010000 		.4byte	.LASF117
 745 037b 01       		.byte	0x1
 746 037c 12       		.byte	0x12
 747 037d 68000000 		.4byte	0x68
 748 0381 00000000 		.4byte	.LFB33
 749 0385 CC000000 		.4byte	.LFE33-.LFB33
 750 0389 01       		.uleb128 0x1
 751 038a 9C       		.byte	0x9c
 752 038b 4B050000 		.4byte	0x54b
 753 038f 0A       		.uleb128 0xa
 754 0390 9B080000 		.4byte	.LASF92
 755 0394 01       		.byte	0x1
 756 0395 14       		.byte	0x14
 757 0396 60050000 		.4byte	0x560
 758 039a 02       		.uleb128 0x2
 759 039b 91       		.byte	0x91
 760 039c 70       		.sleb128 -16
 761 039d 0A       		.uleb128 0xa
 762 039e B5060000 		.4byte	.LASF93
 763 03a2 01       		.byte	0x1
 764 03a3 15       		.byte	0x15
 765 03a4 37000000 		.4byte	0x37
 766 03a8 02       		.uleb128 0x2
 767 03a9 91       		.byte	0x91
 768 03aa 6F       		.sleb128 -17
 769 03ab 12       		.uleb128 0x12
 770 03ac 42000000 		.4byte	.LBB2
 771 03b0 70000000 		.4byte	.LBE2-.LBB2
ARM GAS  C:\Users\mikke\AppData\Local\Temp\ccrVPlsx.s 			page 17


 772 03b4 A2040000 		.4byte	0x4a2
 773 03b8 0B       		.uleb128 0xb
 774 03b9 F2070000 		.4byte	.LASF94
 775 03bd 01       		.byte	0x1
 776 03be 39       		.byte	0x39
 777 03bf A3010000 		.4byte	0x1a3
 778 03c3 13000000 		.4byte	.LLST1
 779 03c7 0C       		.uleb128 0xc
 780 03c8 48000000 		.4byte	.LVL13
 781 03cc AE050000 		.4byte	0x5ae
 782 03d0 DA030000 		.4byte	0x3da
 783 03d4 0D       		.uleb128 0xd
 784 03d5 01       		.uleb128 0x1
 785 03d6 50       		.byte	0x50
 786 03d7 01       		.uleb128 0x1
 787 03d8 3C       		.byte	0x3c
 788 03d9 00       		.byte	0
 789 03da 0C       		.uleb128 0xc
 790 03db 4E000000 		.4byte	.LVL14
 791 03df A3050000 		.4byte	0x5a3
 792 03e3 F1030000 		.4byte	0x3f1
 793 03e7 0D       		.uleb128 0xd
 794 03e8 01       		.uleb128 0x1
 795 03e9 50       		.byte	0x50
 796 03ea 05       		.uleb128 0x5
 797 03eb 03       		.byte	0x3
 798 03ec 1C000000 		.4byte	.LC8
 799 03f0 00       		.byte	0
 800 03f1 09       		.uleb128 0x9
 801 03f2 52000000 		.4byte	.LVL15
 802 03f6 B9050000 		.4byte	0x5b9
 803 03fa 09       		.uleb128 0x9
 804 03fb 5A000000 		.4byte	.LVL16
 805 03ff C4050000 		.4byte	0x5c4
 806 0403 09       		.uleb128 0x9
 807 0404 64000000 		.4byte	.LVL17
 808 0408 FD020000 		.4byte	0x2fd
 809 040c 0C       		.uleb128 0xc
 810 040d 6A000000 		.4byte	.LVL18
 811 0411 A3050000 		.4byte	0x5a3
 812 0415 23040000 		.4byte	0x423
 813 0419 0D       		.uleb128 0xd
 814 041a 01       		.uleb128 0x1
 815 041b 50       		.byte	0x50
 816 041c 05       		.uleb128 0x5
 817 041d 03       		.byte	0x3
 818 041e 30000000 		.4byte	.LC10
 819 0422 00       		.byte	0
 820 0423 09       		.uleb128 0x9
 821 0424 70000000 		.4byte	.LVL19
 822 0428 CF050000 		.4byte	0x5cf
 823 042c 0C       		.uleb128 0xc
 824 042d 78000000 		.4byte	.LVL20
 825 0431 DA050000 		.4byte	0x5da
 826 0435 45040000 		.4byte	0x445
 827 0439 0D       		.uleb128 0xd
 828 043a 01       		.uleb128 0x1
ARM GAS  C:\Users\mikke\AppData\Local\Temp\ccrVPlsx.s 			page 18


 829 043b 50       		.byte	0x50
 830 043c 02       		.uleb128 0x2
 831 043d 74       		.byte	0x74
 832 043e 00       		.sleb128 0
 833 043f 0D       		.uleb128 0xd
 834 0440 01       		.uleb128 0x1
 835 0441 51       		.byte	0x51
 836 0442 01       		.uleb128 0x1
 837 0443 31       		.byte	0x31
 838 0444 00       		.byte	0
 839 0445 09       		.uleb128 0x9
 840 0446 7C000000 		.4byte	.LVL21
 841 044a FD020000 		.4byte	0x2fd
 842 044e 09       		.uleb128 0x9
 843 044f 88000000 		.4byte	.LVL22
 844 0453 E5050000 		.4byte	0x5e5
 845 0457 0C       		.uleb128 0xc
 846 0458 98000000 		.4byte	.LVL25
 847 045c F0050000 		.4byte	0x5f0
 848 0460 6A040000 		.4byte	0x46a
 849 0464 0D       		.uleb128 0xd
 850 0465 01       		.uleb128 0x1
 851 0466 50       		.byte	0x50
 852 0467 01       		.uleb128 0x1
 853 0468 30       		.byte	0x30
 854 0469 00       		.byte	0
 855 046a 0C       		.uleb128 0xc
 856 046b A0000000 		.4byte	.LVL28
 857 046f F0050000 		.4byte	0x5f0
 858 0473 7D040000 		.4byte	0x47d
 859 0477 0D       		.uleb128 0xd
 860 0478 01       		.uleb128 0x1
 861 0479 50       		.byte	0x50
 862 047a 01       		.uleb128 0x1
 863 047b 31       		.byte	0x31
 864 047c 00       		.byte	0
 865 047d 0C       		.uleb128 0xc
 866 047e A6000000 		.4byte	.LVL29
 867 0482 FB050000 		.4byte	0x5fb
 868 0486 91040000 		.4byte	0x491
 869 048a 0D       		.uleb128 0xd
 870 048b 01       		.uleb128 0x1
 871 048c 50       		.byte	0x50
 872 048d 02       		.uleb128 0x2
 873 048e 74       		.byte	0x74
 874 048f 00       		.sleb128 0
 875 0490 00       		.byte	0
 876 0491 0E       		.uleb128 0xe
 877 0492 B2000000 		.4byte	.LVL30
 878 0496 06060000 		.4byte	0x606
 879 049a 0D       		.uleb128 0xd
 880 049b 01       		.uleb128 0x1
 881 049c 50       		.byte	0x50
 882 049d 02       		.uleb128 0x2
 883 049e 08       		.byte	0x8
 884 049f FA       		.byte	0xfa
 885 04a0 00       		.byte	0
ARM GAS  C:\Users\mikke\AppData\Local\Temp\ccrVPlsx.s 			page 19


 886 04a1 00       		.byte	0
 887 04a2 0C       		.uleb128 0xc
 888 04a3 0E000000 		.4byte	.LVL5
 889 04a7 11060000 		.4byte	0x611
 890 04ab C4040000 		.4byte	0x4c4
 891 04af 0D       		.uleb128 0xd
 892 04b0 01       		.uleb128 0x1
 893 04b1 50       		.byte	0x50
 894 04b2 02       		.uleb128 0x2
 895 04b3 91       		.byte	0x91
 896 04b4 70       		.sleb128 -16
 897 04b5 0D       		.uleb128 0xd
 898 04b6 01       		.uleb128 0x1
 899 04b7 51       		.byte	0x51
 900 04b8 05       		.uleb128 0x5
 901 04b9 03       		.byte	0x3
 902 04ba 00000000 		.4byte	.LANCHOR1
 903 04be 0D       		.uleb128 0xd
 904 04bf 01       		.uleb128 0x1
 905 04c0 52       		.byte	0x52
 906 04c1 01       		.uleb128 0x1
 907 04c2 35       		.byte	0x35
 908 04c3 00       		.byte	0
 909 04c4 0C       		.uleb128 0xc
 910 04c5 1A000000 		.4byte	.LVL6
 911 04c9 1A060000 		.4byte	0x61a
 912 04cd DB040000 		.4byte	0x4db
 913 04d1 0D       		.uleb128 0xd
 914 04d2 01       		.uleb128 0x1
 915 04d3 50       		.byte	0x50
 916 04d4 05       		.uleb128 0x5
 917 04d5 03       		.byte	0x3
 918 04d6 00000000 		.4byte	IRQ_Handler
 919 04da 00       		.byte	0
 920 04db 09       		.uleb128 0x9
 921 04dc 20000000 		.4byte	.LVL7
 922 04e0 25060000 		.4byte	0x625
 923 04e4 0C       		.uleb128 0xc
 924 04e5 26000000 		.4byte	.LVL8
 925 04e9 AE050000 		.4byte	0x5ae
 926 04ed F7040000 		.4byte	0x4f7
 927 04f1 0D       		.uleb128 0xd
 928 04f2 01       		.uleb128 0x1
 929 04f3 50       		.byte	0x50
 930 04f4 01       		.uleb128 0x1
 931 04f5 3C       		.byte	0x3c
 932 04f6 00       		.byte	0
 933 04f7 0C       		.uleb128 0xc
 934 04f8 2C000000 		.4byte	.LVL9
 935 04fc A3050000 		.4byte	0x5a3
 936 0500 0E050000 		.4byte	0x50e
 937 0504 0D       		.uleb128 0xd
 938 0505 01       		.uleb128 0x1
 939 0506 50       		.byte	0x50
 940 0507 05       		.uleb128 0x5
 941 0508 03       		.byte	0x3
 942 0509 08000000 		.4byte	.LC6
ARM GAS  C:\Users\mikke\AppData\Local\Temp\ccrVPlsx.s 			page 20


 943 050d 00       		.byte	0
 944 050e 09       		.uleb128 0x9
 945 050f 30000000 		.4byte	.LVL10
 946 0513 30060000 		.4byte	0x630
 947 0517 0C       		.uleb128 0xc
 948 0518 3A000000 		.4byte	.LVL11
 949 051c 3B060000 		.4byte	0x63b
 950 0520 35050000 		.4byte	0x535
 951 0524 0D       		.uleb128 0xd
 952 0525 01       		.uleb128 0x1
 953 0526 50       		.byte	0x50
 954 0527 01       		.uleb128 0x1
 955 0528 3A       		.byte	0x3a
 956 0529 0D       		.uleb128 0xd
 957 052a 01       		.uleb128 0x1
 958 052b 51       		.byte	0x51
 959 052c 02       		.uleb128 0x2
 960 052d 91       		.byte	0x91
 961 052e 70       		.sleb128 -16
 962 052f 0D       		.uleb128 0xd
 963 0530 01       		.uleb128 0x1
 964 0531 52       		.byte	0x52
 965 0532 01       		.uleb128 0x1
 966 0533 35       		.byte	0x35
 967 0534 00       		.byte	0
 968 0535 0E       		.uleb128 0xe
 969 0536 42000000 		.4byte	.LVL12
 970 053a 46060000 		.4byte	0x646
 971 053e 0D       		.uleb128 0xd
 972 053f 01       		.uleb128 0x1
 973 0540 50       		.byte	0x50
 974 0541 02       		.uleb128 0x2
 975 0542 91       		.byte	0x91
 976 0543 70       		.sleb128 -16
 977 0544 0D       		.uleb128 0xd
 978 0545 01       		.uleb128 0x1
 979 0546 51       		.byte	0x51
 980 0547 01       		.uleb128 0x1
 981 0548 35       		.byte	0x35
 982 0549 00       		.byte	0
 983 054a 00       		.byte	0
 984 054b 0F       		.uleb128 0xf
 985 054c 5B050000 		.4byte	0x55b
 986 0550 5B050000 		.4byte	0x55b
 987 0554 10       		.uleb128 0x10
 988 0555 9D000000 		.4byte	0x9d
 989 0559 04       		.byte	0x4
 990 055a 00       		.byte	0
 991 055b 13       		.uleb128 0x13
 992 055c 76000000 		.4byte	0x76
 993 0560 13       		.uleb128 0x13
 994 0561 4B050000 		.4byte	0x54b
 995 0565 14       		.uleb128 0x14
 996 0566 25010000 		.4byte	.LASF118
 997 056a 01       		.byte	0x1
 998 056b 0C       		.byte	0xc
 999 056c 7D050000 		.4byte	0x57d
ARM GAS  C:\Users\mikke\AppData\Local\Temp\ccrVPlsx.s 			page 21


 1000 0570 05       		.uleb128 0x5
 1001 0571 03       		.byte	0x3
 1002 0572 00000000 		.4byte	irq_flag
 1003 0576 02       		.uleb128 0x2
 1004 0577 01       		.byte	0x1
 1005 0578 02       		.byte	0x2
 1006 0579 8C060000 		.4byte	.LASF95
 1007 057d 15       		.uleb128 0x15
 1008 057e 76050000 		.4byte	0x576
 1009 0582 16       		.uleb128 0x16
 1010 0583 A2060000 		.4byte	.LASF96
 1011 0587 A2060000 		.4byte	.LASF96
 1012 058b 05       		.byte	0x5
 1013 058c 39       		.byte	0x39
 1014 058d 16       		.uleb128 0x16
 1015 058e D0030000 		.4byte	.LASF97
 1016 0592 D0030000 		.4byte	.LASF97
 1017 0596 06       		.byte	0x6
 1018 0597 51       		.byte	0x51
 1019 0598 16       		.uleb128 0x16
 1020 0599 1D050000 		.4byte	.LASF98
 1021 059d 1D050000 		.4byte	.LASF98
 1022 05a1 07       		.byte	0x7
 1023 05a2 E7       		.byte	0xe7
 1024 05a3 16       		.uleb128 0x16
 1025 05a4 DF010000 		.4byte	.LASF99
 1026 05a8 DF010000 		.4byte	.LASF99
 1027 05ac 08       		.byte	0x8
 1028 05ad 8B       		.byte	0x8b
 1029 05ae 16       		.uleb128 0x16
 1030 05af 8E080000 		.4byte	.LASF100
 1031 05b3 8E080000 		.4byte	.LASF100
 1032 05b7 08       		.byte	0x8
 1033 05b8 8A       		.byte	0x8a
 1034 05b9 16       		.uleb128 0x16
 1035 05ba 36050000 		.4byte	.LASF101
 1036 05be 36050000 		.4byte	.LASF101
 1037 05c2 08       		.byte	0x8
 1038 05c3 73       		.byte	0x73
 1039 05c4 16       		.uleb128 0x16
 1040 05c5 D2010000 		.4byte	.LASF102
 1041 05c9 D2010000 		.4byte	.LASF102
 1042 05cd 08       		.byte	0x8
 1043 05ce 71       		.byte	0x71
 1044 05cf 16       		.uleb128 0x16
 1045 05d0 E6060000 		.4byte	.LASF103
 1046 05d4 E6060000 		.4byte	.LASF103
 1047 05d8 08       		.byte	0x8
 1048 05d9 8E       		.byte	0x8e
 1049 05da 16       		.uleb128 0x16
 1050 05db 50060000 		.4byte	.LASF104
 1051 05df 50060000 		.4byte	.LASF104
 1052 05e3 06       		.byte	0x6
 1053 05e4 56       		.byte	0x56
 1054 05e5 16       		.uleb128 0x16
 1055 05e6 6C010000 		.4byte	.LASF105
 1056 05ea 6C010000 		.4byte	.LASF105
ARM GAS  C:\Users\mikke\AppData\Local\Temp\ccrVPlsx.s 			page 22


 1057 05ee 06       		.byte	0x6
 1058 05ef 6B       		.byte	0x6b
 1059 05f0 16       		.uleb128 0x16
 1060 05f1 C9000000 		.4byte	.LASF106
 1061 05f5 C9000000 		.4byte	.LASF106
 1062 05f9 09       		.byte	0x9
 1063 05fa 33       		.byte	0x33
 1064 05fb 16       		.uleb128 0x16
 1065 05fc E6050000 		.4byte	.LASF107
 1066 0600 E6050000 		.4byte	.LASF107
 1067 0604 06       		.byte	0x6
 1068 0605 6A       		.byte	0x6a
 1069 0606 16       		.uleb128 0x16
 1070 0607 22080000 		.4byte	.LASF108
 1071 060b 22080000 		.4byte	.LASF108
 1072 060f 0A       		.byte	0xa
 1073 0610 D9       		.byte	0xd9
 1074 0611 17       		.uleb128 0x17
 1075 0612 1E010000 		.4byte	.LASF119
 1076 0616 1E010000 		.4byte	.LASF119
 1077 061a 16       		.uleb128 0x16
 1078 061b 92060000 		.4byte	.LASF109
 1079 061f 92060000 		.4byte	.LASF109
 1080 0623 0B       		.byte	0xb
 1081 0624 18       		.byte	0x18
 1082 0625 16       		.uleb128 0x16
 1083 0626 5F060000 		.4byte	.LASF110
 1084 062a 5F060000 		.4byte	.LASF110
 1085 062e 08       		.byte	0x8
 1086 062f 54       		.byte	0x54
 1087 0630 16       		.uleb128 0x16
 1088 0631 25030000 		.4byte	.LASF111
 1089 0635 25030000 		.4byte	.LASF111
 1090 0639 06       		.byte	0x6
 1091 063a 23       		.byte	0x23
 1092 063b 16       		.uleb128 0x16
 1093 063c 76040000 		.4byte	.LASF112
 1094 0640 76040000 		.4byte	.LASF112
 1095 0644 06       		.byte	0x6
 1096 0645 63       		.byte	0x63
 1097 0646 16       		.uleb128 0x16
 1098 0647 F3060000 		.4byte	.LASF113
 1099 064b F3060000 		.4byte	.LASF113
 1100 064f 06       		.byte	0x6
 1101 0650 3D       		.byte	0x3d
 1102 0651 00       		.byte	0
 1103              		.section	.debug_abbrev,"",%progbits
 1104              	.Ldebug_abbrev0:
 1105 0000 01       		.uleb128 0x1
 1106 0001 11       		.uleb128 0x11
 1107 0002 01       		.byte	0x1
 1108 0003 25       		.uleb128 0x25
 1109 0004 0E       		.uleb128 0xe
 1110 0005 13       		.uleb128 0x13
 1111 0006 0B       		.uleb128 0xb
 1112 0007 03       		.uleb128 0x3
 1113 0008 0E       		.uleb128 0xe
ARM GAS  C:\Users\mikke\AppData\Local\Temp\ccrVPlsx.s 			page 23


 1114 0009 1B       		.uleb128 0x1b
 1115 000a 0E       		.uleb128 0xe
 1116 000b 55       		.uleb128 0x55
 1117 000c 17       		.uleb128 0x17
 1118 000d 11       		.uleb128 0x11
 1119 000e 01       		.uleb128 0x1
 1120 000f 10       		.uleb128 0x10
 1121 0010 17       		.uleb128 0x17
 1122 0011 00       		.byte	0
 1123 0012 00       		.byte	0
 1124 0013 02       		.uleb128 0x2
 1125 0014 24       		.uleb128 0x24
 1126 0015 00       		.byte	0
 1127 0016 0B       		.uleb128 0xb
 1128 0017 0B       		.uleb128 0xb
 1129 0018 3E       		.uleb128 0x3e
 1130 0019 0B       		.uleb128 0xb
 1131 001a 03       		.uleb128 0x3
 1132 001b 0E       		.uleb128 0xe
 1133 001c 00       		.byte	0
 1134 001d 00       		.byte	0
 1135 001e 03       		.uleb128 0x3
 1136 001f 16       		.uleb128 0x16
 1137 0020 00       		.byte	0
 1138 0021 03       		.uleb128 0x3
 1139 0022 0E       		.uleb128 0xe
 1140 0023 3A       		.uleb128 0x3a
 1141 0024 0B       		.uleb128 0xb
 1142 0025 3B       		.uleb128 0x3b
 1143 0026 0B       		.uleb128 0xb
 1144 0027 49       		.uleb128 0x49
 1145 0028 13       		.uleb128 0x13
 1146 0029 00       		.byte	0
 1147 002a 00       		.byte	0
 1148 002b 04       		.uleb128 0x4
 1149 002c 24       		.uleb128 0x24
 1150 002d 00       		.byte	0
 1151 002e 0B       		.uleb128 0xb
 1152 002f 0B       		.uleb128 0xb
 1153 0030 3E       		.uleb128 0x3e
 1154 0031 0B       		.uleb128 0xb
 1155 0032 03       		.uleb128 0x3
 1156 0033 08       		.uleb128 0x8
 1157 0034 00       		.byte	0
 1158 0035 00       		.byte	0
 1159 0036 05       		.uleb128 0x5
 1160 0037 04       		.uleb128 0x4
 1161 0038 01       		.byte	0x1
 1162 0039 0B       		.uleb128 0xb
 1163 003a 0B       		.uleb128 0xb
 1164 003b 49       		.uleb128 0x49
 1165 003c 13       		.uleb128 0x13
 1166 003d 3A       		.uleb128 0x3a
 1167 003e 0B       		.uleb128 0xb
 1168 003f 3B       		.uleb128 0x3b
 1169 0040 0B       		.uleb128 0xb
 1170 0041 01       		.uleb128 0x1
ARM GAS  C:\Users\mikke\AppData\Local\Temp\ccrVPlsx.s 			page 24


 1171 0042 13       		.uleb128 0x13
 1172 0043 00       		.byte	0
 1173 0044 00       		.byte	0
 1174 0045 06       		.uleb128 0x6
 1175 0046 28       		.uleb128 0x28
 1176 0047 00       		.byte	0
 1177 0048 03       		.uleb128 0x3
 1178 0049 0E       		.uleb128 0xe
 1179 004a 1C       		.uleb128 0x1c
 1180 004b 0B       		.uleb128 0xb
 1181 004c 00       		.byte	0
 1182 004d 00       		.byte	0
 1183 004e 07       		.uleb128 0x7
 1184 004f 04       		.uleb128 0x4
 1185 0050 01       		.byte	0x1
 1186 0051 0B       		.uleb128 0xb
 1187 0052 0B       		.uleb128 0xb
 1188 0053 49       		.uleb128 0x49
 1189 0054 13       		.uleb128 0x13
 1190 0055 3A       		.uleb128 0x3a
 1191 0056 0B       		.uleb128 0xb
 1192 0057 3B       		.uleb128 0x3b
 1193 0058 05       		.uleb128 0x5
 1194 0059 01       		.uleb128 0x1
 1195 005a 13       		.uleb128 0x13
 1196 005b 00       		.byte	0
 1197 005c 00       		.byte	0
 1198 005d 08       		.uleb128 0x8
 1199 005e 2E       		.uleb128 0x2e
 1200 005f 01       		.byte	0x1
 1201 0060 3F       		.uleb128 0x3f
 1202 0061 19       		.uleb128 0x19
 1203 0062 03       		.uleb128 0x3
 1204 0063 0E       		.uleb128 0xe
 1205 0064 3A       		.uleb128 0x3a
 1206 0065 0B       		.uleb128 0xb
 1207 0066 3B       		.uleb128 0x3b
 1208 0067 0B       		.uleb128 0xb
 1209 0068 27       		.uleb128 0x27
 1210 0069 19       		.uleb128 0x19
 1211 006a 11       		.uleb128 0x11
 1212 006b 01       		.uleb128 0x1
 1213 006c 12       		.uleb128 0x12
 1214 006d 06       		.uleb128 0x6
 1215 006e 40       		.uleb128 0x40
 1216 006f 18       		.uleb128 0x18
 1217 0070 9742     		.uleb128 0x2117
 1218 0072 19       		.uleb128 0x19
 1219 0073 01       		.uleb128 0x1
 1220 0074 13       		.uleb128 0x13
 1221 0075 00       		.byte	0
 1222 0076 00       		.byte	0
 1223 0077 09       		.uleb128 0x9
 1224 0078 898201   		.uleb128 0x4109
 1225 007b 00       		.byte	0
 1226 007c 11       		.uleb128 0x11
 1227 007d 01       		.uleb128 0x1
ARM GAS  C:\Users\mikke\AppData\Local\Temp\ccrVPlsx.s 			page 25


 1228 007e 31       		.uleb128 0x31
 1229 007f 13       		.uleb128 0x13
 1230 0080 00       		.byte	0
 1231 0081 00       		.byte	0
 1232 0082 0A       		.uleb128 0xa
 1233 0083 34       		.uleb128 0x34
 1234 0084 00       		.byte	0
 1235 0085 03       		.uleb128 0x3
 1236 0086 0E       		.uleb128 0xe
 1237 0087 3A       		.uleb128 0x3a
 1238 0088 0B       		.uleb128 0xb
 1239 0089 3B       		.uleb128 0x3b
 1240 008a 0B       		.uleb128 0xb
 1241 008b 49       		.uleb128 0x49
 1242 008c 13       		.uleb128 0x13
 1243 008d 02       		.uleb128 0x2
 1244 008e 18       		.uleb128 0x18
 1245 008f 00       		.byte	0
 1246 0090 00       		.byte	0
 1247 0091 0B       		.uleb128 0xb
 1248 0092 34       		.uleb128 0x34
 1249 0093 00       		.byte	0
 1250 0094 03       		.uleb128 0x3
 1251 0095 0E       		.uleb128 0xe
 1252 0096 3A       		.uleb128 0x3a
 1253 0097 0B       		.uleb128 0xb
 1254 0098 3B       		.uleb128 0x3b
 1255 0099 0B       		.uleb128 0xb
 1256 009a 49       		.uleb128 0x49
 1257 009b 13       		.uleb128 0x13
 1258 009c 02       		.uleb128 0x2
 1259 009d 17       		.uleb128 0x17
 1260 009e 00       		.byte	0
 1261 009f 00       		.byte	0
 1262 00a0 0C       		.uleb128 0xc
 1263 00a1 898201   		.uleb128 0x4109
 1264 00a4 01       		.byte	0x1
 1265 00a5 11       		.uleb128 0x11
 1266 00a6 01       		.uleb128 0x1
 1267 00a7 31       		.uleb128 0x31
 1268 00a8 13       		.uleb128 0x13
 1269 00a9 01       		.uleb128 0x1
 1270 00aa 13       		.uleb128 0x13
 1271 00ab 00       		.byte	0
 1272 00ac 00       		.byte	0
 1273 00ad 0D       		.uleb128 0xd
 1274 00ae 8A8201   		.uleb128 0x410a
 1275 00b1 00       		.byte	0
 1276 00b2 02       		.uleb128 0x2
 1277 00b3 18       		.uleb128 0x18
 1278 00b4 9142     		.uleb128 0x2111
 1279 00b6 18       		.uleb128 0x18
 1280 00b7 00       		.byte	0
 1281 00b8 00       		.byte	0
 1282 00b9 0E       		.uleb128 0xe
 1283 00ba 898201   		.uleb128 0x4109
 1284 00bd 01       		.byte	0x1
ARM GAS  C:\Users\mikke\AppData\Local\Temp\ccrVPlsx.s 			page 26


 1285 00be 11       		.uleb128 0x11
 1286 00bf 01       		.uleb128 0x1
 1287 00c0 31       		.uleb128 0x31
 1288 00c1 13       		.uleb128 0x13
 1289 00c2 00       		.byte	0
 1290 00c3 00       		.byte	0
 1291 00c4 0F       		.uleb128 0xf
 1292 00c5 01       		.uleb128 0x1
 1293 00c6 01       		.byte	0x1
 1294 00c7 49       		.uleb128 0x49
 1295 00c8 13       		.uleb128 0x13
 1296 00c9 01       		.uleb128 0x1
 1297 00ca 13       		.uleb128 0x13
 1298 00cb 00       		.byte	0
 1299 00cc 00       		.byte	0
 1300 00cd 10       		.uleb128 0x10
 1301 00ce 21       		.uleb128 0x21
 1302 00cf 00       		.byte	0
 1303 00d0 49       		.uleb128 0x49
 1304 00d1 13       		.uleb128 0x13
 1305 00d2 2F       		.uleb128 0x2f
 1306 00d3 0B       		.uleb128 0xb
 1307 00d4 00       		.byte	0
 1308 00d5 00       		.byte	0
 1309 00d6 11       		.uleb128 0x11
 1310 00d7 2E       		.uleb128 0x2e
 1311 00d8 01       		.byte	0x1
 1312 00d9 3F       		.uleb128 0x3f
 1313 00da 19       		.uleb128 0x19
 1314 00db 03       		.uleb128 0x3
 1315 00dc 0E       		.uleb128 0xe
 1316 00dd 3A       		.uleb128 0x3a
 1317 00de 0B       		.uleb128 0xb
 1318 00df 3B       		.uleb128 0x3b
 1319 00e0 0B       		.uleb128 0xb
 1320 00e1 27       		.uleb128 0x27
 1321 00e2 19       		.uleb128 0x19
 1322 00e3 49       		.uleb128 0x49
 1323 00e4 13       		.uleb128 0x13
 1324 00e5 8701     		.uleb128 0x87
 1325 00e7 19       		.uleb128 0x19
 1326 00e8 11       		.uleb128 0x11
 1327 00e9 01       		.uleb128 0x1
 1328 00ea 12       		.uleb128 0x12
 1329 00eb 06       		.uleb128 0x6
 1330 00ec 40       		.uleb128 0x40
 1331 00ed 18       		.uleb128 0x18
 1332 00ee 9742     		.uleb128 0x2117
 1333 00f0 19       		.uleb128 0x19
 1334 00f1 01       		.uleb128 0x1
 1335 00f2 13       		.uleb128 0x13
 1336 00f3 00       		.byte	0
 1337 00f4 00       		.byte	0
 1338 00f5 12       		.uleb128 0x12
 1339 00f6 0B       		.uleb128 0xb
 1340 00f7 01       		.byte	0x1
 1341 00f8 11       		.uleb128 0x11
ARM GAS  C:\Users\mikke\AppData\Local\Temp\ccrVPlsx.s 			page 27


 1342 00f9 01       		.uleb128 0x1
 1343 00fa 12       		.uleb128 0x12
 1344 00fb 06       		.uleb128 0x6
 1345 00fc 01       		.uleb128 0x1
 1346 00fd 13       		.uleb128 0x13
 1347 00fe 00       		.byte	0
 1348 00ff 00       		.byte	0
 1349 0100 13       		.uleb128 0x13
 1350 0101 26       		.uleb128 0x26
 1351 0102 00       		.byte	0
 1352 0103 49       		.uleb128 0x49
 1353 0104 13       		.uleb128 0x13
 1354 0105 00       		.byte	0
 1355 0106 00       		.byte	0
 1356 0107 14       		.uleb128 0x14
 1357 0108 34       		.uleb128 0x34
 1358 0109 00       		.byte	0
 1359 010a 03       		.uleb128 0x3
 1360 010b 0E       		.uleb128 0xe
 1361 010c 3A       		.uleb128 0x3a
 1362 010d 0B       		.uleb128 0xb
 1363 010e 3B       		.uleb128 0x3b
 1364 010f 0B       		.uleb128 0xb
 1365 0110 49       		.uleb128 0x49
 1366 0111 13       		.uleb128 0x13
 1367 0112 3F       		.uleb128 0x3f
 1368 0113 19       		.uleb128 0x19
 1369 0114 02       		.uleb128 0x2
 1370 0115 18       		.uleb128 0x18
 1371 0116 00       		.byte	0
 1372 0117 00       		.byte	0
 1373 0118 15       		.uleb128 0x15
 1374 0119 35       		.uleb128 0x35
 1375 011a 00       		.byte	0
 1376 011b 49       		.uleb128 0x49
 1377 011c 13       		.uleb128 0x13
 1378 011d 00       		.byte	0
 1379 011e 00       		.byte	0
 1380 011f 16       		.uleb128 0x16
 1381 0120 2E       		.uleb128 0x2e
 1382 0121 00       		.byte	0
 1383 0122 3F       		.uleb128 0x3f
 1384 0123 19       		.uleb128 0x19
 1385 0124 3C       		.uleb128 0x3c
 1386 0125 19       		.uleb128 0x19
 1387 0126 6E       		.uleb128 0x6e
 1388 0127 0E       		.uleb128 0xe
 1389 0128 03       		.uleb128 0x3
 1390 0129 0E       		.uleb128 0xe
 1391 012a 3A       		.uleb128 0x3a
 1392 012b 0B       		.uleb128 0xb
 1393 012c 3B       		.uleb128 0x3b
 1394 012d 0B       		.uleb128 0xb
 1395 012e 00       		.byte	0
 1396 012f 00       		.byte	0
 1397 0130 17       		.uleb128 0x17
 1398 0131 2E       		.uleb128 0x2e
ARM GAS  C:\Users\mikke\AppData\Local\Temp\ccrVPlsx.s 			page 28


 1399 0132 00       		.byte	0
 1400 0133 3F       		.uleb128 0x3f
 1401 0134 19       		.uleb128 0x19
 1402 0135 3C       		.uleb128 0x3c
 1403 0136 19       		.uleb128 0x19
 1404 0137 6E       		.uleb128 0x6e
 1405 0138 0E       		.uleb128 0xe
 1406 0139 03       		.uleb128 0x3
 1407 013a 0E       		.uleb128 0xe
 1408 013b 00       		.byte	0
 1409 013c 00       		.byte	0
 1410 013d 00       		.byte	0
 1411              		.section	.debug_loc,"",%progbits
 1412              	.Ldebug_loc0:
 1413              	.LLST0:
 1414 0000 0A000000 		.4byte	.LVL2
 1415 0004 11000000 		.4byte	.LVL3-1
 1416 0008 0100     		.2byte	0x1
 1417 000a 52       		.byte	0x52
 1418 000b 00000000 		.4byte	0
 1419 000f 00000000 		.4byte	0
 1420              	.LLST1:
 1421 0013 8A000000 		.4byte	.LVL23
 1422 0017 94000000 		.4byte	.LVL24
 1423 001b 0100     		.2byte	0x1
 1424 001d 50       		.byte	0x50
 1425 001e 9A000000 		.4byte	.LVL26
 1426 0022 9C000000 		.4byte	.LVL27
 1427 0026 0100     		.2byte	0x1
 1428 0028 50       		.byte	0x50
 1429 0029 00000000 		.4byte	0
 1430 002d 00000000 		.4byte	0
 1431              		.section	.debug_aranges,"",%progbits
 1432 0000 2C000000 		.4byte	0x2c
 1433 0004 0200     		.2byte	0x2
 1434 0006 00000000 		.4byte	.Ldebug_info0
 1435 000a 04       		.byte	0x4
 1436 000b 00       		.byte	0
 1437 000c 0000     		.2byte	0
 1438 000e 0000     		.2byte	0
 1439 0010 00000000 		.4byte	.LFB35
 1440 0014 14000000 		.4byte	.LFE35-.LFB35
 1441 0018 00000000 		.4byte	.LFB34
 1442 001c 20000000 		.4byte	.LFE34-.LFB34
 1443 0020 00000000 		.4byte	.LFB33
 1444 0024 CC000000 		.4byte	.LFE33-.LFB33
 1445 0028 00000000 		.4byte	0
 1446 002c 00000000 		.4byte	0
 1447              		.section	.debug_ranges,"",%progbits
 1448              	.Ldebug_ranges0:
 1449 0000 00000000 		.4byte	.LFB35
 1450 0004 14000000 		.4byte	.LFE35
 1451 0008 00000000 		.4byte	.LFB34
 1452 000c 20000000 		.4byte	.LFE34
 1453 0010 00000000 		.4byte	.LFB33
 1454 0014 CC000000 		.4byte	.LFE33
 1455 0018 00000000 		.4byte	0
ARM GAS  C:\Users\mikke\AppData\Local\Temp\ccrVPlsx.s 			page 29


 1456 001c 00000000 		.4byte	0
 1457              		.section	.debug_line,"",%progbits
 1458              	.Ldebug_line0:
 1459 0000 5A020000 		.section	.debug_str,"MS",%progbits,1
 1459      0200F901 
 1459      00000201 
 1459      FB0E0D00 
 1459      01010101 
 1460              	.LASF76:
 1461 0000 4E52465F 		.ascii	"NRF_FIFO_STATUS_BIT_TX_EMPTY\000"
 1461      4649464F 
 1461      5F535441 
 1461      5455535F 
 1461      4249545F 
 1462              	.LASF50:
 1463 001d 4E52465F 		.ascii	"NRF_TX_DS_IRQ\000"
 1463      54585F44 
 1463      535F4952 
 1463      5100
 1464              	.LASF79:
 1465 002b 4E52465F 		.ascii	"NRF_DYNPD_BIT_DPL_P0\000"
 1465      44594E50 
 1465      445F4249 
 1465      545F4450 
 1465      4C5F5030 
 1466              	.LASF80:
 1467 0040 4E52465F 		.ascii	"NRF_DYNPD_BIT_DPL_P1\000"
 1467      44594E50 
 1467      445F4249 
 1467      545F4450 
 1467      4C5F5031 
 1468              	.LASF81:
 1469 0055 4E52465F 		.ascii	"NRF_DYNPD_BIT_DPL_P2\000"
 1469      44594E50 
 1469      445F4249 
 1469      545F4450 
 1469      4C5F5032 
 1470              	.LASF82:
 1471 006a 4E52465F 		.ascii	"NRF_DYNPD_BIT_DPL_P3\000"
 1471      44594E50 
 1471      445F4249 
 1471      545F4450 
 1471      4C5F5033 
 1472              	.LASF22:
 1473 007f 4E52465F 		.ascii	"NRF_REG_RF_SETUP\000"
 1473      5245475F 
 1473      52465F53 
 1473      45545550 
 1473      00
 1474              	.LASF84:
 1475 0090 4E52465F 		.ascii	"NRF_DYNPD_BIT_DPL_P5\000"
 1475      44594E50 
 1475      445F4249 
 1475      545F4450 
 1475      4C5F5035 
 1476              	.LASF56:
 1477 00a5 4E52465F 		.ascii	"NRF_CONFIG_BIT_EN_CRC\000"
ARM GAS  C:\Users\mikke\AppData\Local\Temp\ccrVPlsx.s 			page 30


 1477      434F4E46 
 1477      49475F42 
 1477      49545F45 
 1477      4E5F4352 
 1478              	.LASF51:
 1479 00bb 4E52465F 		.ascii	"NRF_RX_DR_IRQ\000"
 1479      52585F44 
 1479      525F4952 
 1479      5100
 1480              	.LASF106:
 1481 00c9 4C45445F 		.ascii	"LED_Write\000"
 1481      57726974 
 1481      6500
 1482              	.LASF18:
 1483 00d3 4E52465F 		.ascii	"NRF_REG_EN_RXADDR\000"
 1483      5245475F 
 1483      454E5F52 
 1483      58414444 
 1483      5200
 1484              	.LASF24:
 1485 00e5 4E52465F 		.ascii	"NRF_REG_OBSERVE_TX\000"
 1485      5245475F 
 1485      4F425345 
 1485      5256455F 
 1485      545800
 1486              	.LASF15:
 1487 00f8 73697A65 		.ascii	"sizetype\000"
 1487      74797065 
 1487      00
 1488              	.LASF90:
 1489 0101 73746174 		.ascii	"status_str\000"
 1489      75735F73 
 1489      747200
 1490              	.LASF89:
 1491 010c 7072696E 		.ascii	"print_status\000"
 1491      745F7374 
 1491      61747573 
 1491      00
 1492              	.LASF117:
 1493 0119 6D61696E 		.ascii	"main\000"
 1493      00
 1494              	.LASF119:
 1495 011e 6D656D63 		.ascii	"memcpy\000"
 1495      707900
 1496              	.LASF118:
 1497 0125 6972715F 		.ascii	"irq_flag\000"
 1497      666C6167 
 1497      00
 1498              	.LASF32:
 1499 012e 4E52465F 		.ascii	"NRF_REG_TX_ADDR\000"
 1499      5245475F 
 1499      54585F41 
 1499      44445200 
 1500              	.LASF58:
 1501 013e 4E52465F 		.ascii	"NRF_CONFIG_BIT_MASK_TX_DS\000"
 1501      434F4E46 
 1501      49475F42 
ARM GAS  C:\Users\mikke\AppData\Local\Temp\ccrVPlsx.s 			page 31


 1501      49545F4D 
 1501      41534B5F 
 1502              	.LASF39:
 1503 0158 4E52465F 		.ascii	"NRF_REG_FIFO_STATUS\000"
 1503      5245475F 
 1503      4649464F 
 1503      5F535441 
 1503      54555300 
 1504              	.LASF105:
 1505 016c 6E524632 		.ascii	"nRF24_get_irq_flag\000"
 1505      345F6765 
 1505      745F6972 
 1505      715F666C 
 1505      616700
 1506              	.LASF34:
 1507 017f 4E52465F 		.ascii	"NRF_REG_RX_PW_P1\000"
 1507      5245475F 
 1507      52585F50 
 1507      575F5031 
 1507      00
 1508              	.LASF35:
 1509 0190 4E52465F 		.ascii	"NRF_REG_RX_PW_P2\000"
 1509      5245475F 
 1509      52585F50 
 1509      575F5032 
 1509      00
 1510              	.LASF2:
 1511 01a1 73686F72 		.ascii	"short int\000"
 1511      7420696E 
 1511      7400
 1512              	.LASF37:
 1513 01ab 4E52465F 		.ascii	"NRF_REG_RX_PW_P4\000"
 1513      5245475F 
 1513      52585F50 
 1513      575F5034 
 1513      00
 1514              	.LASF54:
 1515 01bc 4E52465F 		.ascii	"NRF_CONFIG_BIT_PWR_UP\000"
 1515      434F4E46 
 1515      49475F42 
 1515      49545F50 
 1515      57525F55 
 1516              	.LASF102:
 1517 01d2 55415254 		.ascii	"UART_GetChar\000"
 1517      5F476574 
 1517      43686172 
 1517      00
 1518              	.LASF99:
 1519 01df 55415254 		.ascii	"UART_PutString\000"
 1519      5F507574 
 1519      53747269 
 1519      6E6700
 1520              	.LASF114:
 1521 01ee 474E5520 		.ascii	"GNU C11 5.4.1 20160609 (release) [ARM/embedded-5-br"
 1521      43313120 
 1521      352E342E 
 1521      31203230 
ARM GAS  C:\Users\mikke\AppData\Local\Temp\ccrVPlsx.s 			page 32


 1521      31363036 
 1522 0221 616E6368 		.ascii	"anch revision 237715] -mcpu=cortex-m0 -mthumb -g -O"
 1522      20726576 
 1522      6973696F 
 1522      6E203233 
 1522      37373135 
 1523 0254 67202D66 		.ascii	"g -ffunction-sections -ffat-lto-objects\000"
 1523      66756E63 
 1523      74696F6E 
 1523      2D736563 
 1523      74696F6E 
 1524              	.LASF17:
 1525 027c 4E52465F 		.ascii	"NRF_REG_EN_AA\000"
 1525      5245475F 
 1525      454E5F41 
 1525      4100
 1526              	.LASF10:
 1527 028a 75696E74 		.ascii	"uint8_t\000"
 1527      385F7400 
 1528              	.LASF23:
 1529 0292 4E52465F 		.ascii	"NRF_REG_STATUS\000"
 1529      5245475F 
 1529      53544154 
 1529      555300
 1530              	.LASF60:
 1531 02a1 4E52465F 		.ascii	"NRF_EN_AA_BIT_ENAA_P0\000"
 1531      454E5F41 
 1531      415F4249 
 1531      545F454E 
 1531      41415F50 
 1532              	.LASF61:
 1533 02b7 4E52465F 		.ascii	"NRF_EN_AA_BIT_ENAA_P1\000"
 1533      454E5F41 
 1533      415F4249 
 1533      545F454E 
 1533      41415F50 
 1534              	.LASF62:
 1535 02cd 4E52465F 		.ascii	"NRF_EN_AA_BIT_ENAA_P2\000"
 1535      454E5F41 
 1535      415F4249 
 1535      545F454E 
 1535      41415F50 
 1536              	.LASF63:
 1537 02e3 4E52465F 		.ascii	"NRF_EN_AA_BIT_ENAA_P3\000"
 1537      454E5F41 
 1537      415F4249 
 1537      545F454E 
 1537      41415F50 
 1538              	.LASF64:
 1539 02f9 4E52465F 		.ascii	"NRF_EN_AA_BIT_ENAA_P4\000"
 1539      454E5F41 
 1539      415F4249 
 1539      545F454E 
 1539      41415F50 
 1540              	.LASF65:
 1541 030f 4E52465F 		.ascii	"NRF_EN_AA_BIT_ENAA_P5\000"
 1541      454E5F41 
ARM GAS  C:\Users\mikke\AppData\Local\Temp\ccrVPlsx.s 			page 33


 1541      415F4249 
 1541      545F454E 
 1541      41415F50 
 1542              	.LASF111:
 1543 0325 6E524632 		.ascii	"nRF24_start\000"
 1543      345F7374 
 1543      61727400 
 1544              	.LASF21:
 1545 0331 4E52465F 		.ascii	"NRF_REG_RF_CH\000"
 1545      5245475F 
 1545      52465F43 
 1545      4800
 1546              	.LASF0:
 1547 033f 7369676E 		.ascii	"signed char\000"
 1547      65642063 
 1547      68617200 
 1548              	.LASF11:
 1549 034b 666C6F61 		.ascii	"float\000"
 1549      7400
 1550              	.LASF6:
 1551 0351 6C6F6E67 		.ascii	"long long int\000"
 1551      206C6F6E 
 1551      6720696E 
 1551      7400
 1552              	.LASF40:
 1553 035f 4E52465F 		.ascii	"NRF_REG_DYNPD\000"
 1553      5245475F 
 1553      44594E50 
 1553      4400
 1554              	.LASF69:
 1555 036d 4E52465F 		.ascii	"NRF_EN_RXADDR_BIT_ERX_P3\000"
 1555      454E5F52 
 1555      58414444 
 1555      525F4249 
 1555      545F4552 
 1556              	.LASF4:
 1557 0386 6C6F6E67 		.ascii	"long int\000"
 1557      20696E74 
 1557      00
 1558              	.LASF25:
 1559 038f 4E52465F 		.ascii	"NRF_REG_RPD\000"
 1559      5245475F 
 1559      52504400 
 1560              	.LASF86:
 1561 039b 4E52465F 		.ascii	"NRF_FEATURE_BIT_EN_ACK_PAY\000"
 1561      46454154 
 1561      5552455F 
 1561      4249545F 
 1561      454E5F41 
 1562              	.LASF59:
 1563 03b6 4E52465F 		.ascii	"NRF_CONFIG_BIT_MASK_RX_DR\000"
 1563      434F4E46 
 1563      49475F42 
 1563      49545F4D 
 1563      41534B5F 
 1564              	.LASF97:
 1565 03d0 6E524632 		.ascii	"nRF24_get_status\000"
ARM GAS  C:\Users\mikke\AppData\Local\Temp\ccrVPlsx.s 			page 34


 1565      345F6765 
 1565      745F7374 
 1565      61747573 
 1565      00
 1566              	.LASF9:
 1567 03e1 5F5F7569 		.ascii	"__uint8_t\000"
 1567      6E74385F 
 1567      7400
 1568              	.LASF66:
 1569 03eb 4E52465F 		.ascii	"NRF_EN_RXADDR_BIT_ERX_P0\000"
 1569      454E5F52 
 1569      58414444 
 1569      525F4249 
 1569      545F4552 
 1570              	.LASF67:
 1571 0404 4E52465F 		.ascii	"NRF_EN_RXADDR_BIT_ERX_P1\000"
 1571      454E5F52 
 1571      58414444 
 1571      525F4249 
 1571      545F4552 
 1572              	.LASF68:
 1573 041d 4E52465F 		.ascii	"NRF_EN_RXADDR_BIT_ERX_P2\000"
 1573      454E5F52 
 1573      58414444 
 1573      525F4249 
 1573      545F4552 
 1574              	.LASF1:
 1575 0436 756E7369 		.ascii	"unsigned char\000"
 1575      676E6564 
 1575      20636861 
 1575      7200
 1576              	.LASF70:
 1577 0444 4E52465F 		.ascii	"NRF_EN_RXADDR_BIT_ERX_P4\000"
 1577      454E5F52 
 1577      58414444 
 1577      525F4249 
 1577      545F4552 
 1578              	.LASF71:
 1579 045d 4E52465F 		.ascii	"NRF_EN_RXADDR_BIT_ERX_P5\000"
 1579      454E5F52 
 1579      58414444 
 1579      525F4249 
 1579      545F4552 
 1580              	.LASF112:
 1581 0476 6E524632 		.ascii	"nRF24_set_rx_pipe_address\000"
 1581      345F7365 
 1581      745F7278 
 1581      5F706970 
 1581      655F6164 
 1582              	.LASF14:
 1583 0490 6C6F6E67 		.ascii	"long double\000"
 1583      20646F75 
 1583      626C6500 
 1584              	.LASF26:
 1585 049c 4E52465F 		.ascii	"NRF_REG_RX_ADDR_P0\000"
 1585      5245475F 
 1585      52585F41 
ARM GAS  C:\Users\mikke\AppData\Local\Temp\ccrVPlsx.s 			page 35


 1585      4444525F 
 1585      503000
 1586              	.LASF27:
 1587 04af 4E52465F 		.ascii	"NRF_REG_RX_ADDR_P1\000"
 1587      5245475F 
 1587      52585F41 
 1587      4444525F 
 1587      503100
 1588              	.LASF28:
 1589 04c2 4E52465F 		.ascii	"NRF_REG_RX_ADDR_P2\000"
 1589      5245475F 
 1589      52585F41 
 1589      4444525F 
 1589      503200
 1590              	.LASF29:
 1591 04d5 4E52465F 		.ascii	"NRF_REG_RX_ADDR_P3\000"
 1591      5245475F 
 1591      52585F41 
 1591      4444525F 
 1591      503300
 1592              	.LASF30:
 1593 04e8 4E52465F 		.ascii	"NRF_REG_RX_ADDR_P4\000"
 1593      5245475F 
 1593      52585F41 
 1593      4444525F 
 1593      503400
 1594              	.LASF31:
 1595 04fb 4E52465F 		.ascii	"NRF_REG_RX_ADDR_P5\000"
 1595      5245475F 
 1595      52585F41 
 1595      4444525F 
 1595      503500
 1596              	.LASF43:
 1597 050e 4E52465F 		.ascii	"NRF_ADDR_PIPE1\000"
 1597      41444452 
 1597      5F504950 
 1597      453100
 1598              	.LASF98:
 1599 051d 73707269 		.ascii	"sprintf\000"
 1599      6E746600 
 1600              	.LASF33:
 1601 0525 4E52465F 		.ascii	"NRF_REG_RX_PW_P0\000"
 1601      5245475F 
 1601      52585F50 
 1601      575F5030 
 1601      00
 1602              	.LASF101:
 1603 0536 55415254 		.ascii	"UART_GetRxBufferSize\000"
 1603      5F476574 
 1603      52784275 
 1603      66666572 
 1603      53697A65 
 1604              	.LASF41:
 1605 054b 4E52465F 		.ascii	"NRF_REG_FEATURE\000"
 1605      5245475F 
 1605      46454154 
 1605      55524500 
ARM GAS  C:\Users\mikke\AppData\Local\Temp\ccrVPlsx.s 			page 36


 1606              	.LASF7:
 1607 055b 6C6F6E67 		.ascii	"long long unsigned int\000"
 1607      206C6F6E 
 1607      6720756E 
 1607      7369676E 
 1607      65642069 
 1608              	.LASF52:
 1609 0572 6E72665F 		.ascii	"nrf_irq\000"
 1609      69727100 
 1610              	.LASF83:
 1611 057a 4E52465F 		.ascii	"NRF_DYNPD_BIT_DPL_P4\000"
 1611      44594E50 
 1611      445F4249 
 1611      545F4450 
 1611      4C5F5034 
 1612              	.LASF8:
 1613 058f 756E7369 		.ascii	"unsigned int\000"
 1613      676E6564 
 1613      20696E74 
 1613      00
 1614              	.LASF78:
 1615 059c 4E52465F 		.ascii	"NRF_FIFO_STATUS_BIT_TX_REUSE\000"
 1615      4649464F 
 1615      5F535441 
 1615      5455535F 
 1615      4249545F 
 1616              	.LASF57:
 1617 05b9 4E52465F 		.ascii	"NRF_CONFIG_BIT_MASK_MAX_RT\000"
 1617      434F4E46 
 1617      49475F42 
 1617      49545F4D 
 1617      41534B5F 
 1618              	.LASF5:
 1619 05d4 6C6F6E67 		.ascii	"long unsigned int\000"
 1619      20756E73 
 1619      69676E65 
 1619      6420696E 
 1619      7400
 1620              	.LASF107:
 1621 05e6 6E524632 		.ascii	"nRF24_clear_irq_flag\000"
 1621      345F636C 
 1621      6561725F 
 1621      6972715F 
 1621      666C6167 
 1622              	.LASF72:
 1623 05fb 4E52465F 		.ascii	"NRF_SETUP_RETR_BIT_ARC\000"
 1623      53455455 
 1623      505F5245 
 1623      54525F42 
 1623      49545F41 
 1624              	.LASF91:
 1625 0612 73746174 		.ascii	"status\000"
 1625      757300
 1626              	.LASF85:
 1627 0619 4E52465F 		.ascii	"NRF_FEATURE_BIT_EN_DYN_ACK\000"
 1627      46454154 
 1627      5552455F 
ARM GAS  C:\Users\mikke\AppData\Local\Temp\ccrVPlsx.s 			page 37


 1627      4249545F 
 1627      454E5F44 
 1628              	.LASF53:
 1629 0634 4E52465F 		.ascii	"NRF_CONFIG_BIT_PRIM_RX\000"
 1629      434F4E46 
 1629      49475F42 
 1629      49545F50 
 1629      52494D5F 
 1630              	.LASF13:
 1631 064b 63686172 		.ascii	"char\000"
 1631      00
 1632              	.LASF104:
 1633 0650 6E524632 		.ascii	"nRF24_transmit\000"
 1633      345F7472 
 1633      616E736D 
 1633      697400
 1634              	.LASF110:
 1635 065f 55415254 		.ascii	"UART_Start\000"
 1635      5F537461 
 1635      727400
 1636              	.LASF3:
 1637 066a 73686F72 		.ascii	"short unsigned int\000"
 1637      7420756E 
 1637      7369676E 
 1637      65642069 
 1637      6E7400
 1638              	.LASF49:
 1639 067d 4E52465F 		.ascii	"NRF_MAX_RT_IRQ\000"
 1639      4D41585F 
 1639      52545F49 
 1639      525100
 1640              	.LASF95:
 1641 068c 5F426F6F 		.ascii	"_Bool\000"
 1641      6C00
 1642              	.LASF109:
 1643 0692 6973725F 		.ascii	"isr_IRQ_StartEx\000"
 1643      4952515F 
 1643      53746172 
 1643      74457800 
 1644              	.LASF96:
 1645 06a2 4952515F 		.ascii	"IRQ_ClearInterrupt\000"
 1645      436C6561 
 1645      72496E74 
 1645      65727275 
 1645      707400
 1646              	.LASF93:
 1647 06b5 64617461 		.ascii	"data\000"
 1647      00
 1648              	.LASF55:
 1649 06ba 4E52465F 		.ascii	"NRF_CONFIG_BIT_CRCO\000"
 1649      434F4E46 
 1649      49475F42 
 1649      49545F43 
 1649      52434F00 
 1650              	.LASF36:
 1651 06ce 4E52465F 		.ascii	"NRF_REG_RX_PW_P3\000"
 1651      5245475F 
ARM GAS  C:\Users\mikke\AppData\Local\Temp\ccrVPlsx.s 			page 38


 1651      52585F50 
 1651      575F5033 
 1651      00
 1652              	.LASF115:
 1653 06df 6D61696E 		.ascii	"main.c\000"
 1653      2E6300
 1654              	.LASF103:
 1655 06e6 55415254 		.ascii	"UART_PutCRLF\000"
 1655      5F507574 
 1655      43524C46 
 1655      00
 1656              	.LASF113:
 1657 06f3 6E524632 		.ascii	"nRF24_set_tx_address\000"
 1657      345F7365 
 1657      745F7478 
 1657      5F616464 
 1657      72657373 
 1658              	.LASF12:
 1659 0708 646F7562 		.ascii	"double\000"
 1659      6C6500
 1660              	.LASF48:
 1661 070f 4E52465F 		.ascii	"NRF_NONE_IRQ\000"
 1661      4E4F4E45 
 1661      5F495251 
 1661      00
 1662              	.LASF74:
 1663 071c 4E52465F 		.ascii	"NRF_FIFO_STATUS_BIT_RX_EMPTY\000"
 1663      4649464F 
 1663      5F535441 
 1663      5455535F 
 1663      4249545F 
 1664              	.LASF16:
 1665 0739 4E52465F 		.ascii	"NRF_REG_CONFIG\000"
 1665      5245475F 
 1665      434F4E46 
 1665      494700
 1666              	.LASF75:
 1667 0748 4E52465F 		.ascii	"NRF_FIFO_STATUS_BIT_RX_FULL\000"
 1667      4649464F 
 1667      5F535441 
 1667      5455535F 
 1667      4249545F 
 1668              	.LASF20:
 1669 0764 4E52465F 		.ascii	"NRF_REG_SETUP_RETR\000"
 1669      5245475F 
 1669      53455455 
 1669      505F5245 
 1669      545200
 1670              	.LASF73:
 1671 0777 4E52465F 		.ascii	"NRF_SETUP_RETR_BIT_ARD\000"
 1671      53455455 
 1671      505F5245 
 1671      54525F42 
 1671      49545F41 
 1672              	.LASF19:
 1673 078e 4E52465F 		.ascii	"NRF_REG_SETUP_AW\000"
 1673      5245475F 
ARM GAS  C:\Users\mikke\AppData\Local\Temp\ccrVPlsx.s 			page 39


 1673      53455455 
 1673      505F4157 
 1673      00
 1674              	.LASF88:
 1675 079f 4952515F 		.ascii	"IRQ_Handler\000"
 1675      48616E64 
 1675      6C657200 
 1676              	.LASF116:
 1677 07ab 433A5C55 		.ascii	"C:\\Users\\mikke\\Desktop\\nRF24_Example_Projects-m"
 1677      73657273 
 1677      5C6D696B 
 1677      6B655C44 
 1677      65736B74 
 1678 07da 61737465 		.ascii	"aster\\00_Basic_Tx.cydsn\000"
 1678      725C3030 
 1678      5F426173 
 1678      69635F54 
 1678      782E6379 
 1679              	.LASF94:
 1680 07f2 666C6167 		.ascii	"flag\000"
 1680      00
 1681              	.LASF77:
 1682 07f7 4E52465F 		.ascii	"NRF_FIFO_STATUS_BIT_TX_FULL\000"
 1682      4649464F 
 1682      5F535441 
 1682      5455535F 
 1682      4249545F 
 1683              	.LASF42:
 1684 0813 4E52465F 		.ascii	"NRF_ADDR_PIPE0\000"
 1684      41444452 
 1684      5F504950 
 1684      453000
 1685              	.LASF108:
 1686 0822 43794465 		.ascii	"CyDelay\000"
 1686      6C617900 
 1687              	.LASF44:
 1688 082a 4E52465F 		.ascii	"NRF_ADDR_PIPE2\000"
 1688      41444452 
 1688      5F504950 
 1688      453200
 1689              	.LASF45:
 1690 0839 4E52465F 		.ascii	"NRF_ADDR_PIPE3\000"
 1690      41444452 
 1690      5F504950 
 1690      453300
 1691              	.LASF46:
 1692 0848 4E52465F 		.ascii	"NRF_ADDR_PIPE4\000"
 1692      41444452 
 1692      5F504950 
 1692      453400
 1693              	.LASF47:
 1694 0857 4E52465F 		.ascii	"NRF_ADDR_PIPE5\000"
 1694      41444452 
 1694      5F504950 
 1694      453500
 1695              	.LASF87:
 1696 0866 4E52465F 		.ascii	"NRF_FEATURE_BIT_EN_DPL\000"
ARM GAS  C:\Users\mikke\AppData\Local\Temp\ccrVPlsx.s 			page 40


 1696      46454154 
 1696      5552455F 
 1696      4249545F 
 1696      454E5F44 
 1697              	.LASF38:
 1698 087d 4E52465F 		.ascii	"NRF_REG_RX_PW_P5\000"
 1698      5245475F 
 1698      52585F50 
 1698      575F5035 
 1698      00
 1699              	.LASF100:
 1700 088e 55415254 		.ascii	"UART_PutChar\000"
 1700      5F507574 
 1700      43686172 
 1700      00
 1701              	.LASF92:
 1702 089b 54585F41 		.ascii	"TX_ADDR\000"
 1702      44445200 
 1703              		.ident	"GCC: (GNU Tools for ARM Embedded Processors) 5.4.1 20160609 (release) [ARM/embedded-5-bran
