ARM GAS  C:\Users\mikke\AppData\Local\Temp\cc06NcCL.s 			page 1


   1              		.syntax unified
   2              		.cpu cortex-m3
   3              		.fpu softvfp
   4              		.eabi_attribute 20, 1
   5              		.eabi_attribute 21, 1
   6              		.eabi_attribute 23, 3
   7              		.eabi_attribute 24, 1
   8              		.eabi_attribute 25, 1
   9              		.eabi_attribute 26, 1
  10              		.eabi_attribute 30, 6
  11              		.eabi_attribute 34, 1
  12              		.eabi_attribute 18, 4
  13              		.thumb
  14              		.syntax unified
  15              		.file	"CE.c"
  16              		.text
  17              	.Ltext0:
  18              		.cfi_sections	.debug_frame
  19              		.section	.text.CE_Write,"ax",%progbits
  20              		.align	2
  21              		.global	CE_Write
  22              		.thumb
  23              		.thumb_func
  24              		.type	CE_Write, %function
  25              	CE_Write:
  26              	.LFB0:
  27              		.file 1 "Generated_Source\\PSoC5\\CE.c"
   1:Generated_Source\PSoC5/CE.c **** /*******************************************************************************
   2:Generated_Source\PSoC5/CE.c **** * File Name: CE.c  
   3:Generated_Source\PSoC5/CE.c **** * Version 2.20
   4:Generated_Source\PSoC5/CE.c **** *
   5:Generated_Source\PSoC5/CE.c **** * Description:
   6:Generated_Source\PSoC5/CE.c **** *  This file contains API to enable firmware control of a Pins component.
   7:Generated_Source\PSoC5/CE.c **** *
   8:Generated_Source\PSoC5/CE.c **** * Note:
   9:Generated_Source\PSoC5/CE.c **** *
  10:Generated_Source\PSoC5/CE.c **** ********************************************************************************
  11:Generated_Source\PSoC5/CE.c **** * Copyright 2008-2015, Cypress Semiconductor Corporation.  All rights reserved.
  12:Generated_Source\PSoC5/CE.c **** * You may use this file only in accordance with the license, terms, conditions, 
  13:Generated_Source\PSoC5/CE.c **** * disclaimers, and limitations in the end user license agreement accompanying 
  14:Generated_Source\PSoC5/CE.c **** * the software package with which this file was provided.
  15:Generated_Source\PSoC5/CE.c **** *******************************************************************************/
  16:Generated_Source\PSoC5/CE.c **** 
  17:Generated_Source\PSoC5/CE.c **** #include "cytypes.h"
  18:Generated_Source\PSoC5/CE.c **** #include "CE.h"
  19:Generated_Source\PSoC5/CE.c **** 
  20:Generated_Source\PSoC5/CE.c **** /* APIs are not generated for P15[7:6] on PSoC 5 */
  21:Generated_Source\PSoC5/CE.c **** #if !(CY_PSOC5A &&\
  22:Generated_Source\PSoC5/CE.c **** 	 CE__PORT == 15 && ((CE__MASK & 0xC0) != 0))
  23:Generated_Source\PSoC5/CE.c **** 
  24:Generated_Source\PSoC5/CE.c **** 
  25:Generated_Source\PSoC5/CE.c **** /*******************************************************************************
  26:Generated_Source\PSoC5/CE.c **** * Function Name: CE_Write
  27:Generated_Source\PSoC5/CE.c **** ****************************************************************************//**
  28:Generated_Source\PSoC5/CE.c **** *
  29:Generated_Source\PSoC5/CE.c **** * \brief Writes the value to the physical port (data output register), masking
  30:Generated_Source\PSoC5/CE.c **** *  and shifting the bits appropriately. 
ARM GAS  C:\Users\mikke\AppData\Local\Temp\cc06NcCL.s 			page 2


  31:Generated_Source\PSoC5/CE.c **** *
  32:Generated_Source\PSoC5/CE.c **** * The data output register controls the signal applied to the physical pin in 
  33:Generated_Source\PSoC5/CE.c **** * conjunction with the drive mode parameter. This function avoids changing 
  34:Generated_Source\PSoC5/CE.c **** * other bits in the port by using the appropriate method (read-modify-write or
  35:Generated_Source\PSoC5/CE.c **** * bit banding).
  36:Generated_Source\PSoC5/CE.c **** *
  37:Generated_Source\PSoC5/CE.c **** * <b>Note</b> This function should not be used on a hardware digital output pin 
  38:Generated_Source\PSoC5/CE.c **** * as it is driven by the hardware signal attached to it.
  39:Generated_Source\PSoC5/CE.c **** *
  40:Generated_Source\PSoC5/CE.c **** * \param value
  41:Generated_Source\PSoC5/CE.c **** *  Value to write to the component instance.
  42:Generated_Source\PSoC5/CE.c **** *
  43:Generated_Source\PSoC5/CE.c **** * \return 
  44:Generated_Source\PSoC5/CE.c **** *  None 
  45:Generated_Source\PSoC5/CE.c **** *
  46:Generated_Source\PSoC5/CE.c **** * \sideeffect
  47:Generated_Source\PSoC5/CE.c **** *  If you use read-modify-write operations that are not atomic; the Interrupt 
  48:Generated_Source\PSoC5/CE.c **** *  Service Routines (ISR) can cause corruption of this function. An ISR that 
  49:Generated_Source\PSoC5/CE.c **** *  interrupts this function and performs writes to the Pins component data 
  50:Generated_Source\PSoC5/CE.c **** *  register can cause corrupted port data. To avoid this issue, you should 
  51:Generated_Source\PSoC5/CE.c **** *  either use the Per-Pin APIs (primary method) or disable interrupts around 
  52:Generated_Source\PSoC5/CE.c **** *  this function.
  53:Generated_Source\PSoC5/CE.c **** *
  54:Generated_Source\PSoC5/CE.c **** * \funcusage
  55:Generated_Source\PSoC5/CE.c **** *  \snippet CE_SUT.c usage_CE_Write
  56:Generated_Source\PSoC5/CE.c **** *******************************************************************************/
  57:Generated_Source\PSoC5/CE.c **** void CE_Write(uint8 value)
  58:Generated_Source\PSoC5/CE.c **** {
  28              		.loc 1 58 0
  29              		.cfi_startproc
  30              		@ args = 0, pretend = 0, frame = 16
  31              		@ frame_needed = 1, uses_anonymous_args = 0
  32              		@ link register save eliminated.
  33 0000 80B4     		push	{r7}
  34              		.cfi_def_cfa_offset 4
  35              		.cfi_offset 7, -4
  36 0002 85B0     		sub	sp, sp, #20
  37              		.cfi_def_cfa_offset 24
  38 0004 00AF     		add	r7, sp, #0
  39              		.cfi_def_cfa_register 7
  40 0006 0346     		mov	r3, r0
  41 0008 FB71     		strb	r3, [r7, #7]
  59:Generated_Source\PSoC5/CE.c ****     uint8 staticBits = (CE_DR & (uint8)(~CE_MASK));
  42              		.loc 1 59 0
  43 000a 0A4B     		ldr	r3, .L2
  44 000c 1B78     		ldrb	r3, [r3]
  45 000e DBB2     		uxtb	r3, r3
  46 0010 23F00103 		bic	r3, r3, #1
  47 0014 FB73     		strb	r3, [r7, #15]
  60:Generated_Source\PSoC5/CE.c ****     CE_DR = staticBits | ((uint8)(value << CE_SHIFT) & CE_MASK);
  48              		.loc 1 60 0
  49 0016 0749     		ldr	r1, .L2
  50 0018 FB79     		ldrb	r3, [r7, #7]
  51 001a 03F00103 		and	r3, r3, #1
  52 001e DAB2     		uxtb	r2, r3
  53 0020 FB7B     		ldrb	r3, [r7, #15]
  54 0022 1343     		orrs	r3, r3, r2
ARM GAS  C:\Users\mikke\AppData\Local\Temp\cc06NcCL.s 			page 3


  55 0024 DBB2     		uxtb	r3, r3
  56 0026 0B70     		strb	r3, [r1]
  61:Generated_Source\PSoC5/CE.c **** }
  57              		.loc 1 61 0
  58 0028 00BF     		nop
  59 002a 1437     		adds	r7, r7, #20
  60              		.cfi_def_cfa_offset 4
  61 002c BD46     		mov	sp, r7
  62              		.cfi_def_cfa_register 13
  63              		@ sp needed
  64 002e 80BC     		pop	{r7}
  65              		.cfi_restore 7
  66              		.cfi_def_cfa_offset 0
  67 0030 7047     		bx	lr
  68              	.L3:
  69 0032 00BF     		.align	2
  70              	.L2:
  71 0034 C0510040 		.word	1073762752
  72              		.cfi_endproc
  73              	.LFE0:
  74              		.size	CE_Write, .-CE_Write
  75              		.section	.text.CE_SetDriveMode,"ax",%progbits
  76              		.align	2
  77              		.global	CE_SetDriveMode
  78              		.thumb
  79              		.thumb_func
  80              		.type	CE_SetDriveMode, %function
  81              	CE_SetDriveMode:
  82              	.LFB1:
  62:Generated_Source\PSoC5/CE.c **** 
  63:Generated_Source\PSoC5/CE.c **** 
  64:Generated_Source\PSoC5/CE.c **** /*******************************************************************************
  65:Generated_Source\PSoC5/CE.c **** * Function Name: CE_SetDriveMode
  66:Generated_Source\PSoC5/CE.c **** ****************************************************************************//**
  67:Generated_Source\PSoC5/CE.c **** *
  68:Generated_Source\PSoC5/CE.c **** * \brief Sets the drive mode for each of the Pins component's pins.
  69:Generated_Source\PSoC5/CE.c **** * 
  70:Generated_Source\PSoC5/CE.c **** * <b>Note</b> This affects all pins in the Pins component instance. Use the
  71:Generated_Source\PSoC5/CE.c **** * Per-Pin APIs if you wish to control individual pin's drive modes.
  72:Generated_Source\PSoC5/CE.c **** *
  73:Generated_Source\PSoC5/CE.c **** * \param mode
  74:Generated_Source\PSoC5/CE.c **** *  Mode for the selected signals. Valid options are documented in 
  75:Generated_Source\PSoC5/CE.c **** *  \ref driveMode.
  76:Generated_Source\PSoC5/CE.c **** *
  77:Generated_Source\PSoC5/CE.c **** * \return
  78:Generated_Source\PSoC5/CE.c **** *  None
  79:Generated_Source\PSoC5/CE.c **** *
  80:Generated_Source\PSoC5/CE.c **** * \sideeffect
  81:Generated_Source\PSoC5/CE.c **** *  If you use read-modify-write operations that are not atomic, the ISR can
  82:Generated_Source\PSoC5/CE.c **** *  cause corruption of this function. An ISR that interrupts this function 
  83:Generated_Source\PSoC5/CE.c **** *  and performs writes to the Pins component Drive Mode registers can cause 
  84:Generated_Source\PSoC5/CE.c **** *  corrupted port data. To avoid this issue, you should either use the Per-Pin
  85:Generated_Source\PSoC5/CE.c **** *  APIs (primary method) or disable interrupts around this function.
  86:Generated_Source\PSoC5/CE.c **** *
  87:Generated_Source\PSoC5/CE.c **** * \funcusage
  88:Generated_Source\PSoC5/CE.c **** *  \snippet CE_SUT.c usage_CE_SetDriveMode
  89:Generated_Source\PSoC5/CE.c **** *******************************************************************************/
ARM GAS  C:\Users\mikke\AppData\Local\Temp\cc06NcCL.s 			page 4


  90:Generated_Source\PSoC5/CE.c **** void CE_SetDriveMode(uint8 mode)
  91:Generated_Source\PSoC5/CE.c **** {
  83              		.loc 1 91 0
  84              		.cfi_startproc
  85              		@ args = 0, pretend = 0, frame = 8
  86              		@ frame_needed = 1, uses_anonymous_args = 0
  87              		@ link register save eliminated.
  88 0000 80B4     		push	{r7}
  89              		.cfi_def_cfa_offset 4
  90              		.cfi_offset 7, -4
  91 0002 83B0     		sub	sp, sp, #12
  92              		.cfi_def_cfa_offset 16
  93 0004 00AF     		add	r7, sp, #0
  94              		.cfi_def_cfa_register 7
  95 0006 0346     		mov	r3, r0
  96 0008 FB71     		strb	r3, [r7, #7]
  92:Generated_Source\PSoC5/CE.c **** 	CyPins_SetPinDriveMode(CE_0, mode);
  97              		.loc 1 92 0
  98 000a 0B49     		ldr	r1, .L5
  99 000c 0A4B     		ldr	r3, .L5
 100 000e 1B78     		ldrb	r3, [r3]
 101 0010 DBB2     		uxtb	r3, r3
 102 0012 5BB2     		sxtb	r3, r3
 103 0014 23F00E03 		bic	r3, r3, #14
 104 0018 5AB2     		sxtb	r2, r3
 105 001a 97F90730 		ldrsb	r3, [r7, #7]
 106 001e 03F00E03 		and	r3, r3, #14
 107 0022 5BB2     		sxtb	r3, r3
 108 0024 1343     		orrs	r3, r3, r2
 109 0026 5BB2     		sxtb	r3, r3
 110 0028 DBB2     		uxtb	r3, r3
 111 002a 0B70     		strb	r3, [r1]
  93:Generated_Source\PSoC5/CE.c **** }
 112              		.loc 1 93 0
 113 002c 00BF     		nop
 114 002e 0C37     		adds	r7, r7, #12
 115              		.cfi_def_cfa_offset 4
 116 0030 BD46     		mov	sp, r7
 117              		.cfi_def_cfa_register 13
 118              		@ sp needed
 119 0032 80BC     		pop	{r7}
 120              		.cfi_restore 7
 121              		.cfi_def_cfa_offset 0
 122 0034 7047     		bx	lr
 123              	.L6:
 124 0036 00BF     		.align	2
 125              	.L5:
 126 0038 60500040 		.word	1073762400
 127              		.cfi_endproc
 128              	.LFE1:
 129              		.size	CE_SetDriveMode, .-CE_SetDriveMode
 130              		.section	.text.CE_Read,"ax",%progbits
 131              		.align	2
 132              		.global	CE_Read
 133              		.thumb
 134              		.thumb_func
 135              		.type	CE_Read, %function
ARM GAS  C:\Users\mikke\AppData\Local\Temp\cc06NcCL.s 			page 5


 136              	CE_Read:
 137              	.LFB2:
  94:Generated_Source\PSoC5/CE.c **** 
  95:Generated_Source\PSoC5/CE.c **** 
  96:Generated_Source\PSoC5/CE.c **** /*******************************************************************************
  97:Generated_Source\PSoC5/CE.c **** * Function Name: CE_Read
  98:Generated_Source\PSoC5/CE.c **** ****************************************************************************//**
  99:Generated_Source\PSoC5/CE.c **** *
 100:Generated_Source\PSoC5/CE.c **** * \brief Reads the associated physical port (pin status register) and masks 
 101:Generated_Source\PSoC5/CE.c **** *  the required bits according to the width and bit position of the component
 102:Generated_Source\PSoC5/CE.c **** *  instance. 
 103:Generated_Source\PSoC5/CE.c **** *
 104:Generated_Source\PSoC5/CE.c **** * The pin's status register returns the current logic level present on the 
 105:Generated_Source\PSoC5/CE.c **** * physical pin.
 106:Generated_Source\PSoC5/CE.c **** *
 107:Generated_Source\PSoC5/CE.c **** * \return 
 108:Generated_Source\PSoC5/CE.c **** *  The current value for the pins in the component as a right justified number.
 109:Generated_Source\PSoC5/CE.c **** *
 110:Generated_Source\PSoC5/CE.c **** * \funcusage
 111:Generated_Source\PSoC5/CE.c **** *  \snippet CE_SUT.c usage_CE_Read  
 112:Generated_Source\PSoC5/CE.c **** *******************************************************************************/
 113:Generated_Source\PSoC5/CE.c **** uint8 CE_Read(void)
 114:Generated_Source\PSoC5/CE.c **** {
 138              		.loc 1 114 0
 139              		.cfi_startproc
 140              		@ args = 0, pretend = 0, frame = 0
 141              		@ frame_needed = 1, uses_anonymous_args = 0
 142              		@ link register save eliminated.
 143 0000 80B4     		push	{r7}
 144              		.cfi_def_cfa_offset 4
 145              		.cfi_offset 7, -4
 146 0002 00AF     		add	r7, sp, #0
 147              		.cfi_def_cfa_register 7
 115:Generated_Source\PSoC5/CE.c ****     return (CE_PS & CE_MASK) >> CE_SHIFT;
 148              		.loc 1 115 0
 149 0004 044B     		ldr	r3, .L9
 150 0006 1B78     		ldrb	r3, [r3]
 151 0008 DBB2     		uxtb	r3, r3
 152 000a 03F00103 		and	r3, r3, #1
 153 000e DBB2     		uxtb	r3, r3
 116:Generated_Source\PSoC5/CE.c **** }
 154              		.loc 1 116 0
 155 0010 1846     		mov	r0, r3
 156 0012 BD46     		mov	sp, r7
 157              		.cfi_def_cfa_register 13
 158              		@ sp needed
 159 0014 80BC     		pop	{r7}
 160              		.cfi_restore 7
 161              		.cfi_def_cfa_offset 0
 162 0016 7047     		bx	lr
 163              	.L10:
 164              		.align	2
 165              	.L9:
 166 0018 C1510040 		.word	1073762753
 167              		.cfi_endproc
 168              	.LFE2:
 169              		.size	CE_Read, .-CE_Read
ARM GAS  C:\Users\mikke\AppData\Local\Temp\cc06NcCL.s 			page 6


 170              		.section	.text.CE_ReadDataReg,"ax",%progbits
 171              		.align	2
 172              		.global	CE_ReadDataReg
 173              		.thumb
 174              		.thumb_func
 175              		.type	CE_ReadDataReg, %function
 176              	CE_ReadDataReg:
 177              	.LFB3:
 117:Generated_Source\PSoC5/CE.c **** 
 118:Generated_Source\PSoC5/CE.c **** 
 119:Generated_Source\PSoC5/CE.c **** /*******************************************************************************
 120:Generated_Source\PSoC5/CE.c **** * Function Name: CE_ReadDataReg
 121:Generated_Source\PSoC5/CE.c **** ****************************************************************************//**
 122:Generated_Source\PSoC5/CE.c **** *
 123:Generated_Source\PSoC5/CE.c **** * \brief Reads the associated physical port's data output register and masks 
 124:Generated_Source\PSoC5/CE.c **** *  the correct bits according to the width and bit position of the component 
 125:Generated_Source\PSoC5/CE.c **** *  instance. 
 126:Generated_Source\PSoC5/CE.c **** *
 127:Generated_Source\PSoC5/CE.c **** * The data output register controls the signal applied to the physical pin in 
 128:Generated_Source\PSoC5/CE.c **** * conjunction with the drive mode parameter. This is not the same as the 
 129:Generated_Source\PSoC5/CE.c **** * preferred CE_Read() API because the 
 130:Generated_Source\PSoC5/CE.c **** * CE_ReadDataReg() reads the data register instead of the status 
 131:Generated_Source\PSoC5/CE.c **** * register. For output pins this is a useful function to determine the value 
 132:Generated_Source\PSoC5/CE.c **** * just written to the pin.
 133:Generated_Source\PSoC5/CE.c **** *
 134:Generated_Source\PSoC5/CE.c **** * \return 
 135:Generated_Source\PSoC5/CE.c **** *  The current value of the data register masked and shifted into a right 
 136:Generated_Source\PSoC5/CE.c **** *  justified number for the component instance.
 137:Generated_Source\PSoC5/CE.c **** *
 138:Generated_Source\PSoC5/CE.c **** * \funcusage
 139:Generated_Source\PSoC5/CE.c **** *  \snippet CE_SUT.c usage_CE_ReadDataReg 
 140:Generated_Source\PSoC5/CE.c **** *******************************************************************************/
 141:Generated_Source\PSoC5/CE.c **** uint8 CE_ReadDataReg(void)
 142:Generated_Source\PSoC5/CE.c **** {
 178              		.loc 1 142 0
 179              		.cfi_startproc
 180              		@ args = 0, pretend = 0, frame = 0
 181              		@ frame_needed = 1, uses_anonymous_args = 0
 182              		@ link register save eliminated.
 183 0000 80B4     		push	{r7}
 184              		.cfi_def_cfa_offset 4
 185              		.cfi_offset 7, -4
 186 0002 00AF     		add	r7, sp, #0
 187              		.cfi_def_cfa_register 7
 143:Generated_Source\PSoC5/CE.c ****     return (CE_DR & CE_MASK) >> CE_SHIFT;
 188              		.loc 1 143 0
 189 0004 044B     		ldr	r3, .L13
 190 0006 1B78     		ldrb	r3, [r3]
 191 0008 DBB2     		uxtb	r3, r3
 192 000a 03F00103 		and	r3, r3, #1
 193 000e DBB2     		uxtb	r3, r3
 144:Generated_Source\PSoC5/CE.c **** }
 194              		.loc 1 144 0
 195 0010 1846     		mov	r0, r3
 196 0012 BD46     		mov	sp, r7
 197              		.cfi_def_cfa_register 13
 198              		@ sp needed
ARM GAS  C:\Users\mikke\AppData\Local\Temp\cc06NcCL.s 			page 7


 199 0014 80BC     		pop	{r7}
 200              		.cfi_restore 7
 201              		.cfi_def_cfa_offset 0
 202 0016 7047     		bx	lr
 203              	.L14:
 204              		.align	2
 205              	.L13:
 206 0018 C0510040 		.word	1073762752
 207              		.cfi_endproc
 208              	.LFE3:
 209              		.size	CE_ReadDataReg, .-CE_ReadDataReg
 210              		.text
 211              	.Letext0:
 212              		.file 2 "Generated_Source\\PSoC5\\cytypes.h"
 213              		.section	.debug_info,"",%progbits
 214              	.Ldebug_info0:
 215 0000 19010000 		.4byte	0x119
 216 0004 0400     		.2byte	0x4
 217 0006 00000000 		.4byte	.Ldebug_abbrev0
 218 000a 04       		.byte	0x4
 219 000b 01       		.uleb128 0x1
 220 000c 10000000 		.4byte	.LASF20
 221 0010 0C       		.byte	0xc
 222 0011 BB010000 		.4byte	.LASF21
 223 0015 AF000000 		.4byte	.LASF22
 224 0019 00000000 		.4byte	.Ldebug_ranges0+0
 225 001d 00000000 		.4byte	0
 226 0021 00000000 		.4byte	.Ldebug_line0
 227 0025 02       		.uleb128 0x2
 228 0026 01       		.byte	0x1
 229 0027 06       		.byte	0x6
 230 0028 E0010000 		.4byte	.LASF0
 231 002c 02       		.uleb128 0x2
 232 002d 01       		.byte	0x1
 233 002e 08       		.byte	0x8
 234 002f 1F010000 		.4byte	.LASF1
 235 0033 02       		.uleb128 0x2
 236 0034 02       		.byte	0x2
 237 0035 05       		.byte	0x5
 238 0036 AB010000 		.4byte	.LASF2
 239 003a 02       		.uleb128 0x2
 240 003b 02       		.byte	0x2
 241 003c 07       		.byte	0x7
 242 003d 44010000 		.4byte	.LASF3
 243 0041 02       		.uleb128 0x2
 244 0042 04       		.byte	0x4
 245 0043 05       		.byte	0x5
 246 0044 D7010000 		.4byte	.LASF4
 247 0048 02       		.uleb128 0x2
 248 0049 04       		.byte	0x4
 249 004a 07       		.byte	0x7
 250 004b 32010000 		.4byte	.LASF5
 251 004f 02       		.uleb128 0x2
 252 0050 08       		.byte	0x8
 253 0051 05       		.byte	0x5
 254 0052 8F010000 		.4byte	.LASF6
 255 0056 02       		.uleb128 0x2
ARM GAS  C:\Users\mikke\AppData\Local\Temp\cc06NcCL.s 			page 8


 256 0057 08       		.byte	0x8
 257 0058 07       		.byte	0x7
 258 0059 73010000 		.4byte	.LASF7
 259 005d 03       		.uleb128 0x3
 260 005e 04       		.byte	0x4
 261 005f 05       		.byte	0x5
 262 0060 696E7400 		.ascii	"int\000"
 263 0064 02       		.uleb128 0x2
 264 0065 04       		.byte	0x4
 265 0066 07       		.byte	0x7
 266 0067 66010000 		.4byte	.LASF8
 267 006b 04       		.uleb128 0x4
 268 006c B5010000 		.4byte	.LASF12
 269 0070 02       		.byte	0x2
 270 0071 A1       		.byte	0xa1
 271 0072 2C000000 		.4byte	0x2c
 272 0076 02       		.uleb128 0x2
 273 0077 04       		.byte	0x4
 274 0078 04       		.byte	0x4
 275 0079 19010000 		.4byte	.LASF9
 276 007d 02       		.uleb128 0x2
 277 007e 08       		.byte	0x8
 278 007f 04       		.byte	0x4
 279 0080 57010000 		.4byte	.LASF10
 280 0084 02       		.uleb128 0x2
 281 0085 01       		.byte	0x1
 282 0086 08       		.byte	0x8
 283 0087 9D010000 		.4byte	.LASF11
 284 008b 05       		.uleb128 0x5
 285 008c 2D010000 		.4byte	.LASF13
 286 0090 02       		.byte	0x2
 287 0091 4B01     		.2byte	0x14b
 288 0093 97000000 		.4byte	0x97
 289 0097 06       		.uleb128 0x6
 290 0098 6B000000 		.4byte	0x6b
 291 009c 07       		.uleb128 0x7
 292 009d A2010000 		.4byte	.LASF14
 293 00a1 01       		.byte	0x1
 294 00a2 39       		.byte	0x39
 295 00a3 00000000 		.4byte	.LFB0
 296 00a7 38000000 		.4byte	.LFE0-.LFB0
 297 00ab 01       		.uleb128 0x1
 298 00ac 9C       		.byte	0x9c
 299 00ad CE000000 		.4byte	0xce
 300 00b1 08       		.uleb128 0x8
 301 00b2 9E000000 		.4byte	.LASF16
 302 00b6 01       		.byte	0x1
 303 00b7 39       		.byte	0x39
 304 00b8 6B000000 		.4byte	0x6b
 305 00bc 02       		.uleb128 0x2
 306 00bd 91       		.byte	0x91
 307 00be 6F       		.sleb128 -17
 308 00bf 09       		.uleb128 0x9
 309 00c0 A4000000 		.4byte	.LASF23
 310 00c4 01       		.byte	0x1
 311 00c5 3B       		.byte	0x3b
 312 00c6 6B000000 		.4byte	0x6b
ARM GAS  C:\Users\mikke\AppData\Local\Temp\cc06NcCL.s 			page 9


 313 00ca 02       		.uleb128 0x2
 314 00cb 91       		.byte	0x91
 315 00cc 77       		.sleb128 -9
 316 00cd 00       		.byte	0
 317 00ce 07       		.uleb128 0x7
 318 00cf 00000000 		.4byte	.LASF15
 319 00d3 01       		.byte	0x1
 320 00d4 5A       		.byte	0x5a
 321 00d5 00000000 		.4byte	.LFB1
 322 00d9 3C000000 		.4byte	.LFE1-.LFB1
 323 00dd 01       		.uleb128 0x1
 324 00de 9C       		.byte	0x9c
 325 00df F2000000 		.4byte	0xf2
 326 00e3 08       		.uleb128 0x8
 327 00e4 8A010000 		.4byte	.LASF17
 328 00e8 01       		.byte	0x1
 329 00e9 5A       		.byte	0x5a
 330 00ea 6B000000 		.4byte	0x6b
 331 00ee 02       		.uleb128 0x2
 332 00ef 91       		.byte	0x91
 333 00f0 77       		.sleb128 -9
 334 00f1 00       		.byte	0
 335 00f2 0A       		.uleb128 0xa
 336 00f3 5E010000 		.4byte	.LASF18
 337 00f7 01       		.byte	0x1
 338 00f8 71       		.byte	0x71
 339 00f9 6B000000 		.4byte	0x6b
 340 00fd 00000000 		.4byte	.LFB2
 341 0101 1C000000 		.4byte	.LFE2-.LFB2
 342 0105 01       		.uleb128 0x1
 343 0106 9C       		.byte	0x9c
 344 0107 0A       		.uleb128 0xa
 345 0108 0A010000 		.4byte	.LASF19
 346 010c 01       		.byte	0x1
 347 010d 8D       		.byte	0x8d
 348 010e 6B000000 		.4byte	0x6b
 349 0112 00000000 		.4byte	.LFB3
 350 0116 1C000000 		.4byte	.LFE3-.LFB3
 351 011a 01       		.uleb128 0x1
 352 011b 9C       		.byte	0x9c
 353 011c 00       		.byte	0
 354              		.section	.debug_abbrev,"",%progbits
 355              	.Ldebug_abbrev0:
 356 0000 01       		.uleb128 0x1
 357 0001 11       		.uleb128 0x11
 358 0002 01       		.byte	0x1
 359 0003 25       		.uleb128 0x25
 360 0004 0E       		.uleb128 0xe
 361 0005 13       		.uleb128 0x13
 362 0006 0B       		.uleb128 0xb
 363 0007 03       		.uleb128 0x3
 364 0008 0E       		.uleb128 0xe
 365 0009 1B       		.uleb128 0x1b
 366 000a 0E       		.uleb128 0xe
 367 000b 55       		.uleb128 0x55
 368 000c 17       		.uleb128 0x17
 369 000d 11       		.uleb128 0x11
ARM GAS  C:\Users\mikke\AppData\Local\Temp\cc06NcCL.s 			page 10


 370 000e 01       		.uleb128 0x1
 371 000f 10       		.uleb128 0x10
 372 0010 17       		.uleb128 0x17
 373 0011 00       		.byte	0
 374 0012 00       		.byte	0
 375 0013 02       		.uleb128 0x2
 376 0014 24       		.uleb128 0x24
 377 0015 00       		.byte	0
 378 0016 0B       		.uleb128 0xb
 379 0017 0B       		.uleb128 0xb
 380 0018 3E       		.uleb128 0x3e
 381 0019 0B       		.uleb128 0xb
 382 001a 03       		.uleb128 0x3
 383 001b 0E       		.uleb128 0xe
 384 001c 00       		.byte	0
 385 001d 00       		.byte	0
 386 001e 03       		.uleb128 0x3
 387 001f 24       		.uleb128 0x24
 388 0020 00       		.byte	0
 389 0021 0B       		.uleb128 0xb
 390 0022 0B       		.uleb128 0xb
 391 0023 3E       		.uleb128 0x3e
 392 0024 0B       		.uleb128 0xb
 393 0025 03       		.uleb128 0x3
 394 0026 08       		.uleb128 0x8
 395 0027 00       		.byte	0
 396 0028 00       		.byte	0
 397 0029 04       		.uleb128 0x4
 398 002a 16       		.uleb128 0x16
 399 002b 00       		.byte	0
 400 002c 03       		.uleb128 0x3
 401 002d 0E       		.uleb128 0xe
 402 002e 3A       		.uleb128 0x3a
 403 002f 0B       		.uleb128 0xb
 404 0030 3B       		.uleb128 0x3b
 405 0031 0B       		.uleb128 0xb
 406 0032 49       		.uleb128 0x49
 407 0033 13       		.uleb128 0x13
 408 0034 00       		.byte	0
 409 0035 00       		.byte	0
 410 0036 05       		.uleb128 0x5
 411 0037 16       		.uleb128 0x16
 412 0038 00       		.byte	0
 413 0039 03       		.uleb128 0x3
 414 003a 0E       		.uleb128 0xe
 415 003b 3A       		.uleb128 0x3a
 416 003c 0B       		.uleb128 0xb
 417 003d 3B       		.uleb128 0x3b
 418 003e 05       		.uleb128 0x5
 419 003f 49       		.uleb128 0x49
 420 0040 13       		.uleb128 0x13
 421 0041 00       		.byte	0
 422 0042 00       		.byte	0
 423 0043 06       		.uleb128 0x6
 424 0044 35       		.uleb128 0x35
 425 0045 00       		.byte	0
 426 0046 49       		.uleb128 0x49
ARM GAS  C:\Users\mikke\AppData\Local\Temp\cc06NcCL.s 			page 11


 427 0047 13       		.uleb128 0x13
 428 0048 00       		.byte	0
 429 0049 00       		.byte	0
 430 004a 07       		.uleb128 0x7
 431 004b 2E       		.uleb128 0x2e
 432 004c 01       		.byte	0x1
 433 004d 3F       		.uleb128 0x3f
 434 004e 19       		.uleb128 0x19
 435 004f 03       		.uleb128 0x3
 436 0050 0E       		.uleb128 0xe
 437 0051 3A       		.uleb128 0x3a
 438 0052 0B       		.uleb128 0xb
 439 0053 3B       		.uleb128 0x3b
 440 0054 0B       		.uleb128 0xb
 441 0055 27       		.uleb128 0x27
 442 0056 19       		.uleb128 0x19
 443 0057 11       		.uleb128 0x11
 444 0058 01       		.uleb128 0x1
 445 0059 12       		.uleb128 0x12
 446 005a 06       		.uleb128 0x6
 447 005b 40       		.uleb128 0x40
 448 005c 18       		.uleb128 0x18
 449 005d 9742     		.uleb128 0x2117
 450 005f 19       		.uleb128 0x19
 451 0060 01       		.uleb128 0x1
 452 0061 13       		.uleb128 0x13
 453 0062 00       		.byte	0
 454 0063 00       		.byte	0
 455 0064 08       		.uleb128 0x8
 456 0065 05       		.uleb128 0x5
 457 0066 00       		.byte	0
 458 0067 03       		.uleb128 0x3
 459 0068 0E       		.uleb128 0xe
 460 0069 3A       		.uleb128 0x3a
 461 006a 0B       		.uleb128 0xb
 462 006b 3B       		.uleb128 0x3b
 463 006c 0B       		.uleb128 0xb
 464 006d 49       		.uleb128 0x49
 465 006e 13       		.uleb128 0x13
 466 006f 02       		.uleb128 0x2
 467 0070 18       		.uleb128 0x18
 468 0071 00       		.byte	0
 469 0072 00       		.byte	0
 470 0073 09       		.uleb128 0x9
 471 0074 34       		.uleb128 0x34
 472 0075 00       		.byte	0
 473 0076 03       		.uleb128 0x3
 474 0077 0E       		.uleb128 0xe
 475 0078 3A       		.uleb128 0x3a
 476 0079 0B       		.uleb128 0xb
 477 007a 3B       		.uleb128 0x3b
 478 007b 0B       		.uleb128 0xb
 479 007c 49       		.uleb128 0x49
 480 007d 13       		.uleb128 0x13
 481 007e 02       		.uleb128 0x2
 482 007f 18       		.uleb128 0x18
 483 0080 00       		.byte	0
ARM GAS  C:\Users\mikke\AppData\Local\Temp\cc06NcCL.s 			page 12


 484 0081 00       		.byte	0
 485 0082 0A       		.uleb128 0xa
 486 0083 2E       		.uleb128 0x2e
 487 0084 00       		.byte	0
 488 0085 3F       		.uleb128 0x3f
 489 0086 19       		.uleb128 0x19
 490 0087 03       		.uleb128 0x3
 491 0088 0E       		.uleb128 0xe
 492 0089 3A       		.uleb128 0x3a
 493 008a 0B       		.uleb128 0xb
 494 008b 3B       		.uleb128 0x3b
 495 008c 0B       		.uleb128 0xb
 496 008d 27       		.uleb128 0x27
 497 008e 19       		.uleb128 0x19
 498 008f 49       		.uleb128 0x49
 499 0090 13       		.uleb128 0x13
 500 0091 11       		.uleb128 0x11
 501 0092 01       		.uleb128 0x1
 502 0093 12       		.uleb128 0x12
 503 0094 06       		.uleb128 0x6
 504 0095 40       		.uleb128 0x40
 505 0096 18       		.uleb128 0x18
 506 0097 9742     		.uleb128 0x2117
 507 0099 19       		.uleb128 0x19
 508 009a 00       		.byte	0
 509 009b 00       		.byte	0
 510 009c 00       		.byte	0
 511              		.section	.debug_aranges,"",%progbits
 512 0000 34000000 		.4byte	0x34
 513 0004 0200     		.2byte	0x2
 514 0006 00000000 		.4byte	.Ldebug_info0
 515 000a 04       		.byte	0x4
 516 000b 00       		.byte	0
 517 000c 0000     		.2byte	0
 518 000e 0000     		.2byte	0
 519 0010 00000000 		.4byte	.LFB0
 520 0014 38000000 		.4byte	.LFE0-.LFB0
 521 0018 00000000 		.4byte	.LFB1
 522 001c 3C000000 		.4byte	.LFE1-.LFB1
 523 0020 00000000 		.4byte	.LFB2
 524 0024 1C000000 		.4byte	.LFE2-.LFB2
 525 0028 00000000 		.4byte	.LFB3
 526 002c 1C000000 		.4byte	.LFE3-.LFB3
 527 0030 00000000 		.4byte	0
 528 0034 00000000 		.4byte	0
 529              		.section	.debug_ranges,"",%progbits
 530              	.Ldebug_ranges0:
 531 0000 00000000 		.4byte	.LFB0
 532 0004 38000000 		.4byte	.LFE0
 533 0008 00000000 		.4byte	.LFB1
 534 000c 3C000000 		.4byte	.LFE1
 535 0010 00000000 		.4byte	.LFB2
 536 0014 1C000000 		.4byte	.LFE2
 537 0018 00000000 		.4byte	.LFB3
 538 001c 1C000000 		.4byte	.LFE3
 539 0020 00000000 		.4byte	0
 540 0024 00000000 		.4byte	0
ARM GAS  C:\Users\mikke\AppData\Local\Temp\cc06NcCL.s 			page 13


 541              		.section	.debug_line,"",%progbits
 542              	.Ldebug_line0:
 543 0000 8E000000 		.section	.debug_str,"MS",%progbits,1
 543      02003F00 
 543      00000201 
 543      FB0E0D00 
 543      01010101 
 544              	.LASF15:
 545 0000 43455F53 		.ascii	"CE_SetDriveMode\000"
 545      65744472 
 545      6976654D 
 545      6F646500 
 546              	.LASF20:
 547 0010 474E5520 		.ascii	"GNU C11 5.4.1 20160609 (release) [ARM/embedded-5-br"
 547      43313120 
 547      352E342E 
 547      31203230 
 547      31363036 
 548 0043 616E6368 		.ascii	"anch revision 237715] -mcpu=cortex-m3 -mthumb -g -O"
 548      20726576 
 548      6973696F 
 548      6E203233 
 548      37373135 
 549 0076 30202D66 		.ascii	"0 -ffunction-sections -ffat-lto-objects\000"
 549      66756E63 
 549      74696F6E 
 549      2D736563 
 549      74696F6E 
 550              	.LASF16:
 551 009e 76616C75 		.ascii	"value\000"
 551      6500
 552              	.LASF23:
 553 00a4 73746174 		.ascii	"staticBits\000"
 553      69634269 
 553      747300
 554              	.LASF22:
 555 00af 433A5C55 		.ascii	"C:\\Users\\mikke\\OneDrive\\Documents\\GitHub\\plat"
 555      73657273 
 555      5C6D696B 
 555      6B655C4F 
 555      6E654472 
 556 00dc 6F6F6E69 		.ascii	"ooning\\PSoC\\Platooning\\AngleMeasurement.cydsn\000"
 556      6E675C50 
 556      536F435C 
 556      506C6174 
 556      6F6F6E69 
 557              	.LASF19:
 558 010a 43455F52 		.ascii	"CE_ReadDataReg\000"
 558      65616444 
 558      61746152 
 558      656700
 559              	.LASF9:
 560 0119 666C6F61 		.ascii	"float\000"
 560      7400
 561              	.LASF1:
 562 011f 756E7369 		.ascii	"unsigned char\000"
 562      676E6564 
ARM GAS  C:\Users\mikke\AppData\Local\Temp\cc06NcCL.s 			page 14


 562      20636861 
 562      7200
 563              	.LASF13:
 564 012d 72656738 		.ascii	"reg8\000"
 564      00
 565              	.LASF5:
 566 0132 6C6F6E67 		.ascii	"long unsigned int\000"
 566      20756E73 
 566      69676E65 
 566      6420696E 
 566      7400
 567              	.LASF3:
 568 0144 73686F72 		.ascii	"short unsigned int\000"
 568      7420756E 
 568      7369676E 
 568      65642069 
 568      6E7400
 569              	.LASF10:
 570 0157 646F7562 		.ascii	"double\000"
 570      6C6500
 571              	.LASF18:
 572 015e 43455F52 		.ascii	"CE_Read\000"
 572      65616400 
 573              	.LASF8:
 574 0166 756E7369 		.ascii	"unsigned int\000"
 574      676E6564 
 574      20696E74 
 574      00
 575              	.LASF7:
 576 0173 6C6F6E67 		.ascii	"long long unsigned int\000"
 576      206C6F6E 
 576      6720756E 
 576      7369676E 
 576      65642069 
 577              	.LASF17:
 578 018a 6D6F6465 		.ascii	"mode\000"
 578      00
 579              	.LASF6:
 580 018f 6C6F6E67 		.ascii	"long long int\000"
 580      206C6F6E 
 580      6720696E 
 580      7400
 581              	.LASF11:
 582 019d 63686172 		.ascii	"char\000"
 582      00
 583              	.LASF14:
 584 01a2 43455F57 		.ascii	"CE_Write\000"
 584      72697465 
 584      00
 585              	.LASF2:
 586 01ab 73686F72 		.ascii	"short int\000"
 586      7420696E 
 586      7400
 587              	.LASF12:
 588 01b5 75696E74 		.ascii	"uint8\000"
 588      3800
 589              	.LASF21:
ARM GAS  C:\Users\mikke\AppData\Local\Temp\cc06NcCL.s 			page 15


 590 01bb 47656E65 		.ascii	"Generated_Source\\PSoC5\\CE.c\000"
 590      72617465 
 590      645F536F 
 590      75726365 
 590      5C50536F 
 591              	.LASF4:
 592 01d7 6C6F6E67 		.ascii	"long int\000"
 592      20696E74 
 592      00
 593              	.LASF0:
 594 01e0 7369676E 		.ascii	"signed char\000"
 594      65642063 
 594      68617200 
 595              		.ident	"GCC: (GNU Tools for ARM Embedded Processors) 5.4.1 20160609 (release) [ARM/embedded-5-bran
