ARM GAS  C:\Users\rens_\AppData\Local\Temp\ccVpSNm4.s 			page 1


   1              		.syntax unified
   2              		.cpu cortex-m3
   3              		.fpu softvfp
   4              		.eabi_attribute 20, 1
   5              		.eabi_attribute 21, 1
   6              		.eabi_attribute 23, 3
   7              		.eabi_attribute 24, 1
   8              		.eabi_attribute 25, 1
   9              		.eabi_attribute 26, 1
  10              		.eabi_attribute 30, 6
  11              		.eabi_attribute 34, 1
  12              		.eabi_attribute 18, 4
  13              		.thumb
  14              		.syntax unified
  15              		.file	"Control_Reg_PM.c"
  16              		.text
  17              	.Ltext0:
  18              		.cfi_sections	.debug_frame
  19              		.bss
  20              		.align	2
  21              	Control_Reg_backup:
  22 0000 00       		.space	1
  23              		.section	.text.Control_Reg_SaveConfig,"ax",%progbits
  24              		.align	2
  25              		.global	Control_Reg_SaveConfig
  26              		.thumb
  27              		.thumb_func
  28              		.type	Control_Reg_SaveConfig, %function
  29              	Control_Reg_SaveConfig:
  30              	.LFB0:
  31              		.file 1 "Generated_Source\\PSoC5\\Control_Reg_PM.c"
   1:Generated_Source\PSoC5/Control_Reg_PM.c **** /*******************************************************************************
   2:Generated_Source\PSoC5/Control_Reg_PM.c **** * File Name: Control_Reg_PM.c
   3:Generated_Source\PSoC5/Control_Reg_PM.c **** * Version 1.80
   4:Generated_Source\PSoC5/Control_Reg_PM.c **** *
   5:Generated_Source\PSoC5/Control_Reg_PM.c **** * Description:
   6:Generated_Source\PSoC5/Control_Reg_PM.c **** *  This file contains the setup, control, and status commands to support 
   7:Generated_Source\PSoC5/Control_Reg_PM.c **** *  the component operation in the low power mode. 
   8:Generated_Source\PSoC5/Control_Reg_PM.c **** *
   9:Generated_Source\PSoC5/Control_Reg_PM.c **** * Note:
  10:Generated_Source\PSoC5/Control_Reg_PM.c **** *
  11:Generated_Source\PSoC5/Control_Reg_PM.c **** ********************************************************************************
  12:Generated_Source\PSoC5/Control_Reg_PM.c **** * Copyright 2015, Cypress Semiconductor Corporation.  All rights reserved.
  13:Generated_Source\PSoC5/Control_Reg_PM.c **** * You may use this file only in accordance with the license, terms, conditions, 
  14:Generated_Source\PSoC5/Control_Reg_PM.c **** * disclaimers, and limitations in the end user license agreement accompanying 
  15:Generated_Source\PSoC5/Control_Reg_PM.c **** * the software package with which this file was provided.
  16:Generated_Source\PSoC5/Control_Reg_PM.c **** *******************************************************************************/
  17:Generated_Source\PSoC5/Control_Reg_PM.c **** 
  18:Generated_Source\PSoC5/Control_Reg_PM.c **** #include "Control_Reg.h"
  19:Generated_Source\PSoC5/Control_Reg_PM.c **** 
  20:Generated_Source\PSoC5/Control_Reg_PM.c **** /* Check for removal by optimization */
  21:Generated_Source\PSoC5/Control_Reg_PM.c **** #if !defined(Control_Reg_Sync_ctrl_reg__REMOVED)
  22:Generated_Source\PSoC5/Control_Reg_PM.c **** 
  23:Generated_Source\PSoC5/Control_Reg_PM.c **** static Control_Reg_BACKUP_STRUCT  Control_Reg_backup = {0u};
  24:Generated_Source\PSoC5/Control_Reg_PM.c **** 
  25:Generated_Source\PSoC5/Control_Reg_PM.c ****     
  26:Generated_Source\PSoC5/Control_Reg_PM.c **** /*******************************************************************************
ARM GAS  C:\Users\rens_\AppData\Local\Temp\ccVpSNm4.s 			page 2


  27:Generated_Source\PSoC5/Control_Reg_PM.c **** * Function Name: Control_Reg_SaveConfig
  28:Generated_Source\PSoC5/Control_Reg_PM.c **** ********************************************************************************
  29:Generated_Source\PSoC5/Control_Reg_PM.c **** *
  30:Generated_Source\PSoC5/Control_Reg_PM.c **** * Summary:
  31:Generated_Source\PSoC5/Control_Reg_PM.c **** *  Saves the control register value.
  32:Generated_Source\PSoC5/Control_Reg_PM.c **** *
  33:Generated_Source\PSoC5/Control_Reg_PM.c **** * Parameters:
  34:Generated_Source\PSoC5/Control_Reg_PM.c **** *  None
  35:Generated_Source\PSoC5/Control_Reg_PM.c **** *
  36:Generated_Source\PSoC5/Control_Reg_PM.c **** * Return:
  37:Generated_Source\PSoC5/Control_Reg_PM.c **** *  None
  38:Generated_Source\PSoC5/Control_Reg_PM.c **** *
  39:Generated_Source\PSoC5/Control_Reg_PM.c **** *******************************************************************************/
  40:Generated_Source\PSoC5/Control_Reg_PM.c **** void Control_Reg_SaveConfig(void) 
  41:Generated_Source\PSoC5/Control_Reg_PM.c **** {
  32              		.loc 1 41 0
  33              		.cfi_startproc
  34              		@ args = 0, pretend = 0, frame = 0
  35              		@ frame_needed = 1, uses_anonymous_args = 0
  36              		@ link register save eliminated.
  37 0000 80B4     		push	{r7}
  38              		.cfi_def_cfa_offset 4
  39              		.cfi_offset 7, -4
  40 0002 00AF     		add	r7, sp, #0
  41              		.cfi_def_cfa_register 7
  42:Generated_Source\PSoC5/Control_Reg_PM.c ****     Control_Reg_backup.controlState = Control_Reg_Control;
  42              		.loc 1 42 0
  43 0004 044B     		ldr	r3, .L2
  44 0006 1B78     		ldrb	r3, [r3]
  45 0008 DAB2     		uxtb	r2, r3
  46 000a 044B     		ldr	r3, .L2+4
  47 000c 1A70     		strb	r2, [r3]
  43:Generated_Source\PSoC5/Control_Reg_PM.c **** }
  48              		.loc 1 43 0
  49 000e 00BF     		nop
  50 0010 BD46     		mov	sp, r7
  51              		.cfi_def_cfa_register 13
  52              		@ sp needed
  53 0012 80BC     		pop	{r7}
  54              		.cfi_restore 7
  55              		.cfi_def_cfa_offset 0
  56 0014 7047     		bx	lr
  57              	.L3:
  58 0016 00BF     		.align	2
  59              	.L2:
  60 0018 79650040 		.word	1073767801
  61 001c 00000000 		.word	Control_Reg_backup
  62              		.cfi_endproc
  63              	.LFE0:
  64              		.size	Control_Reg_SaveConfig, .-Control_Reg_SaveConfig
  65              		.section	.text.Control_Reg_RestoreConfig,"ax",%progbits
  66              		.align	2
  67              		.global	Control_Reg_RestoreConfig
  68              		.thumb
  69              		.thumb_func
  70              		.type	Control_Reg_RestoreConfig, %function
  71              	Control_Reg_RestoreConfig:
ARM GAS  C:\Users\rens_\AppData\Local\Temp\ccVpSNm4.s 			page 3


  72              	.LFB1:
  44:Generated_Source\PSoC5/Control_Reg_PM.c **** 
  45:Generated_Source\PSoC5/Control_Reg_PM.c **** 
  46:Generated_Source\PSoC5/Control_Reg_PM.c **** /*******************************************************************************
  47:Generated_Source\PSoC5/Control_Reg_PM.c **** * Function Name: Control_Reg_RestoreConfig
  48:Generated_Source\PSoC5/Control_Reg_PM.c **** ********************************************************************************
  49:Generated_Source\PSoC5/Control_Reg_PM.c **** *
  50:Generated_Source\PSoC5/Control_Reg_PM.c **** * Summary:
  51:Generated_Source\PSoC5/Control_Reg_PM.c **** *  Restores the control register value.
  52:Generated_Source\PSoC5/Control_Reg_PM.c **** *
  53:Generated_Source\PSoC5/Control_Reg_PM.c **** * Parameters:
  54:Generated_Source\PSoC5/Control_Reg_PM.c **** *  None
  55:Generated_Source\PSoC5/Control_Reg_PM.c **** *
  56:Generated_Source\PSoC5/Control_Reg_PM.c **** * Return:
  57:Generated_Source\PSoC5/Control_Reg_PM.c **** *  None
  58:Generated_Source\PSoC5/Control_Reg_PM.c **** *
  59:Generated_Source\PSoC5/Control_Reg_PM.c **** *
  60:Generated_Source\PSoC5/Control_Reg_PM.c **** *******************************************************************************/
  61:Generated_Source\PSoC5/Control_Reg_PM.c **** void Control_Reg_RestoreConfig(void) 
  62:Generated_Source\PSoC5/Control_Reg_PM.c **** {
  73              		.loc 1 62 0
  74              		.cfi_startproc
  75              		@ args = 0, pretend = 0, frame = 0
  76              		@ frame_needed = 1, uses_anonymous_args = 0
  77              		@ link register save eliminated.
  78 0000 80B4     		push	{r7}
  79              		.cfi_def_cfa_offset 4
  80              		.cfi_offset 7, -4
  81 0002 00AF     		add	r7, sp, #0
  82              		.cfi_def_cfa_register 7
  63:Generated_Source\PSoC5/Control_Reg_PM.c ****      Control_Reg_Control = Control_Reg_backup.controlState;
  83              		.loc 1 63 0
  84 0004 034B     		ldr	r3, .L5
  85 0006 044A     		ldr	r2, .L5+4
  86 0008 1278     		ldrb	r2, [r2]	@ zero_extendqisi2
  87 000a 1A70     		strb	r2, [r3]
  64:Generated_Source\PSoC5/Control_Reg_PM.c **** }
  88              		.loc 1 64 0
  89 000c 00BF     		nop
  90 000e BD46     		mov	sp, r7
  91              		.cfi_def_cfa_register 13
  92              		@ sp needed
  93 0010 80BC     		pop	{r7}
  94              		.cfi_restore 7
  95              		.cfi_def_cfa_offset 0
  96 0012 7047     		bx	lr
  97              	.L6:
  98              		.align	2
  99              	.L5:
 100 0014 79650040 		.word	1073767801
 101 0018 00000000 		.word	Control_Reg_backup
 102              		.cfi_endproc
 103              	.LFE1:
 104              		.size	Control_Reg_RestoreConfig, .-Control_Reg_RestoreConfig
 105              		.section	.text.Control_Reg_Sleep,"ax",%progbits
 106              		.align	2
 107              		.global	Control_Reg_Sleep
ARM GAS  C:\Users\rens_\AppData\Local\Temp\ccVpSNm4.s 			page 4


 108              		.thumb
 109              		.thumb_func
 110              		.type	Control_Reg_Sleep, %function
 111              	Control_Reg_Sleep:
 112              	.LFB2:
  65:Generated_Source\PSoC5/Control_Reg_PM.c **** 
  66:Generated_Source\PSoC5/Control_Reg_PM.c **** 
  67:Generated_Source\PSoC5/Control_Reg_PM.c **** /*******************************************************************************
  68:Generated_Source\PSoC5/Control_Reg_PM.c **** * Function Name: Control_Reg_Sleep
  69:Generated_Source\PSoC5/Control_Reg_PM.c **** ********************************************************************************
  70:Generated_Source\PSoC5/Control_Reg_PM.c **** *
  71:Generated_Source\PSoC5/Control_Reg_PM.c **** * Summary:
  72:Generated_Source\PSoC5/Control_Reg_PM.c **** *  Prepares the component for entering the low power mode.
  73:Generated_Source\PSoC5/Control_Reg_PM.c **** *
  74:Generated_Source\PSoC5/Control_Reg_PM.c **** * Parameters:
  75:Generated_Source\PSoC5/Control_Reg_PM.c **** *  None
  76:Generated_Source\PSoC5/Control_Reg_PM.c **** *
  77:Generated_Source\PSoC5/Control_Reg_PM.c **** * Return:
  78:Generated_Source\PSoC5/Control_Reg_PM.c **** *  None
  79:Generated_Source\PSoC5/Control_Reg_PM.c **** *
  80:Generated_Source\PSoC5/Control_Reg_PM.c **** *******************************************************************************/
  81:Generated_Source\PSoC5/Control_Reg_PM.c **** void Control_Reg_Sleep(void) 
  82:Generated_Source\PSoC5/Control_Reg_PM.c **** {
 113              		.loc 1 82 0
 114              		.cfi_startproc
 115              		@ args = 0, pretend = 0, frame = 0
 116              		@ frame_needed = 1, uses_anonymous_args = 0
 117 0000 80B5     		push	{r7, lr}
 118              		.cfi_def_cfa_offset 8
 119              		.cfi_offset 7, -8
 120              		.cfi_offset 14, -4
 121 0002 00AF     		add	r7, sp, #0
 122              		.cfi_def_cfa_register 7
  83:Generated_Source\PSoC5/Control_Reg_PM.c ****     Control_Reg_SaveConfig();
 123              		.loc 1 83 0
 124 0004 FFF7FEFF 		bl	Control_Reg_SaveConfig
  84:Generated_Source\PSoC5/Control_Reg_PM.c **** }
 125              		.loc 1 84 0
 126 0008 00BF     		nop
 127 000a 80BD     		pop	{r7, pc}
 128              		.cfi_endproc
 129              	.LFE2:
 130              		.size	Control_Reg_Sleep, .-Control_Reg_Sleep
 131              		.section	.text.Control_Reg_Wakeup,"ax",%progbits
 132              		.align	2
 133              		.global	Control_Reg_Wakeup
 134              		.thumb
 135              		.thumb_func
 136              		.type	Control_Reg_Wakeup, %function
 137              	Control_Reg_Wakeup:
 138              	.LFB3:
  85:Generated_Source\PSoC5/Control_Reg_PM.c **** 
  86:Generated_Source\PSoC5/Control_Reg_PM.c **** 
  87:Generated_Source\PSoC5/Control_Reg_PM.c **** /*******************************************************************************
  88:Generated_Source\PSoC5/Control_Reg_PM.c **** * Function Name: Control_Reg_Wakeup
  89:Generated_Source\PSoC5/Control_Reg_PM.c **** ********************************************************************************
  90:Generated_Source\PSoC5/Control_Reg_PM.c **** *
ARM GAS  C:\Users\rens_\AppData\Local\Temp\ccVpSNm4.s 			page 5


  91:Generated_Source\PSoC5/Control_Reg_PM.c **** * Summary:
  92:Generated_Source\PSoC5/Control_Reg_PM.c **** *  Restores the component after waking up from the low power mode.
  93:Generated_Source\PSoC5/Control_Reg_PM.c **** *
  94:Generated_Source\PSoC5/Control_Reg_PM.c **** * Parameters:
  95:Generated_Source\PSoC5/Control_Reg_PM.c **** *  None
  96:Generated_Source\PSoC5/Control_Reg_PM.c **** *
  97:Generated_Source\PSoC5/Control_Reg_PM.c **** * Return:
  98:Generated_Source\PSoC5/Control_Reg_PM.c **** *  None
  99:Generated_Source\PSoC5/Control_Reg_PM.c **** *
 100:Generated_Source\PSoC5/Control_Reg_PM.c **** *******************************************************************************/
 101:Generated_Source\PSoC5/Control_Reg_PM.c **** void Control_Reg_Wakeup(void)  
 102:Generated_Source\PSoC5/Control_Reg_PM.c **** {
 139              		.loc 1 102 0
 140              		.cfi_startproc
 141              		@ args = 0, pretend = 0, frame = 0
 142              		@ frame_needed = 1, uses_anonymous_args = 0
 143 0000 80B5     		push	{r7, lr}
 144              		.cfi_def_cfa_offset 8
 145              		.cfi_offset 7, -8
 146              		.cfi_offset 14, -4
 147 0002 00AF     		add	r7, sp, #0
 148              		.cfi_def_cfa_register 7
 103:Generated_Source\PSoC5/Control_Reg_PM.c ****     Control_Reg_RestoreConfig();
 149              		.loc 1 103 0
 150 0004 FFF7FEFF 		bl	Control_Reg_RestoreConfig
 104:Generated_Source\PSoC5/Control_Reg_PM.c **** }
 151              		.loc 1 104 0
 152 0008 00BF     		nop
 153 000a 80BD     		pop	{r7, pc}
 154              		.cfi_endproc
 155              	.LFE3:
 156              		.size	Control_Reg_Wakeup, .-Control_Reg_Wakeup
 157              		.text
 158              	.Letext0:
 159              		.file 2 "Generated_Source\\PSoC5\\cytypes.h"
 160              		.file 3 "Generated_Source\\PSoC5\\Control_Reg.h"
 161              		.section	.debug_info,"",%progbits
 162              	.Ldebug_info0:
 163 0000 0E010000 		.4byte	0x10e
 164 0004 0400     		.2byte	0x4
 165 0006 00000000 		.4byte	.Ldebug_abbrev0
 166 000a 04       		.byte	0x4
 167 000b 01       		.uleb128 0x1
 168 000c 0E000000 		.4byte	.LASF19
 169 0010 0C       		.byte	0xc
 170 0011 57010000 		.4byte	.LASF20
 171 0015 BD010000 		.4byte	.LASF21
 172 0019 00000000 		.4byte	.Ldebug_ranges0+0
 173 001d 00000000 		.4byte	0
 174 0021 00000000 		.4byte	.Ldebug_line0
 175 0025 02       		.uleb128 0x2
 176 0026 01       		.byte	0x1
 177 0027 06       		.byte	0x6
 178 0028 3F020000 		.4byte	.LASF0
 179 002c 02       		.uleb128 0x2
 180 002d 01       		.byte	0x1
 181 002e 08       		.byte	0x8
ARM GAS  C:\Users\rens_\AppData\Local\Temp\ccVpSNm4.s 			page 6


 182 002f B5000000 		.4byte	.LASF1
 183 0033 02       		.uleb128 0x2
 184 0034 02       		.byte	0x2
 185 0035 05       		.byte	0x5
 186 0036 26020000 		.4byte	.LASF2
 187 003a 02       		.uleb128 0x2
 188 003b 02       		.byte	0x2
 189 003c 07       		.byte	0x7
 190 003d DA000000 		.4byte	.LASF3
 191 0041 02       		.uleb128 0x2
 192 0042 04       		.byte	0x4
 193 0043 05       		.byte	0x5
 194 0044 36020000 		.4byte	.LASF4
 195 0048 02       		.uleb128 0x2
 196 0049 04       		.byte	0x4
 197 004a 07       		.byte	0x7
 198 004b C8000000 		.4byte	.LASF5
 199 004f 02       		.uleb128 0x2
 200 0050 08       		.byte	0x8
 201 0051 05       		.byte	0x5
 202 0052 00000000 		.4byte	.LASF6
 203 0056 02       		.uleb128 0x2
 204 0057 08       		.byte	0x8
 205 0058 07       		.byte	0x7
 206 0059 A6010000 		.4byte	.LASF7
 207 005d 03       		.uleb128 0x3
 208 005e 04       		.byte	0x4
 209 005f 05       		.byte	0x5
 210 0060 696E7400 		.ascii	"int\000"
 211 0064 02       		.uleb128 0x2
 212 0065 04       		.byte	0x4
 213 0066 07       		.byte	0x7
 214 0067 7F010000 		.4byte	.LASF8
 215 006b 04       		.uleb128 0x4
 216 006c 30020000 		.4byte	.LASF12
 217 0070 02       		.byte	0x2
 218 0071 A1       		.byte	0xa1
 219 0072 2C000000 		.4byte	0x2c
 220 0076 02       		.uleb128 0x2
 221 0077 04       		.byte	0x4
 222 0078 04       		.byte	0x4
 223 0079 AF000000 		.4byte	.LASF9
 224 007d 02       		.uleb128 0x2
 225 007e 08       		.byte	0x8
 226 007f 04       		.byte	0x4
 227 0080 27010000 		.4byte	.LASF10
 228 0084 02       		.uleb128 0x2
 229 0085 01       		.byte	0x1
 230 0086 08       		.byte	0x8
 231 0087 21020000 		.4byte	.LASF11
 232 008b 05       		.uleb128 0x5
 233 008c C3000000 		.4byte	.LASF13
 234 0090 02       		.byte	0x2
 235 0091 4B01     		.2byte	0x14b
 236 0093 97000000 		.4byte	0x97
 237 0097 06       		.uleb128 0x6
 238 0098 6B000000 		.4byte	0x6b
ARM GAS  C:\Users\rens_\AppData\Local\Temp\ccVpSNm4.s 			page 7


 239 009c 07       		.uleb128 0x7
 240 009d 01       		.byte	0x1
 241 009e 03       		.byte	0x3
 242 009f 24       		.byte	0x24
 243 00a0 B1000000 		.4byte	0xb1
 244 00a4 08       		.uleb128 0x8
 245 00a5 07010000 		.4byte	.LASF22
 246 00a9 03       		.byte	0x3
 247 00aa 26       		.byte	0x26
 248 00ab 6B000000 		.4byte	0x6b
 249 00af 00       		.byte	0
 250 00b0 00       		.byte	0
 251 00b1 04       		.uleb128 0x4
 252 00b2 ED000000 		.4byte	.LASF14
 253 00b6 03       		.byte	0x3
 254 00b7 28       		.byte	0x28
 255 00b8 9C000000 		.4byte	0x9c
 256 00bc 09       		.uleb128 0x9
 257 00bd 40010000 		.4byte	.LASF15
 258 00c1 01       		.byte	0x1
 259 00c2 28       		.byte	0x28
 260 00c3 00000000 		.4byte	.LFB0
 261 00c7 20000000 		.4byte	.LFE0-.LFB0
 262 00cb 01       		.uleb128 0x1
 263 00cc 9C       		.byte	0x9c
 264 00cd 09       		.uleb128 0x9
 265 00ce 8C010000 		.4byte	.LASF16
 266 00d2 01       		.byte	0x1
 267 00d3 3D       		.byte	0x3d
 268 00d4 00000000 		.4byte	.LFB1
 269 00d8 1C000000 		.4byte	.LFE1-.LFB1
 270 00dc 01       		.uleb128 0x1
 271 00dd 9C       		.byte	0x9c
 272 00de 0A       		.uleb128 0xa
 273 00df 2E010000 		.4byte	.LASF17
 274 00e3 01       		.byte	0x1
 275 00e4 51       		.byte	0x51
 276 00e5 00000000 		.4byte	.LFB2
 277 00e9 0C000000 		.4byte	.LFE2-.LFB2
 278 00ed 01       		.uleb128 0x1
 279 00ee 9C       		.byte	0x9c
 280 00ef 0A       		.uleb128 0xa
 281 00f0 9C000000 		.4byte	.LASF18
 282 00f4 01       		.byte	0x1
 283 00f5 65       		.byte	0x65
 284 00f6 00000000 		.4byte	.LFB3
 285 00fa 0C000000 		.4byte	.LFE3-.LFB3
 286 00fe 01       		.uleb128 0x1
 287 00ff 9C       		.byte	0x9c
 288 0100 0B       		.uleb128 0xb
 289 0101 14010000 		.4byte	.LASF23
 290 0105 01       		.byte	0x1
 291 0106 17       		.byte	0x17
 292 0107 B1000000 		.4byte	0xb1
 293 010b 05       		.uleb128 0x5
 294 010c 03       		.byte	0x3
 295 010d 00000000 		.4byte	Control_Reg_backup
ARM GAS  C:\Users\rens_\AppData\Local\Temp\ccVpSNm4.s 			page 8


 296 0111 00       		.byte	0
 297              		.section	.debug_abbrev,"",%progbits
 298              	.Ldebug_abbrev0:
 299 0000 01       		.uleb128 0x1
 300 0001 11       		.uleb128 0x11
 301 0002 01       		.byte	0x1
 302 0003 25       		.uleb128 0x25
 303 0004 0E       		.uleb128 0xe
 304 0005 13       		.uleb128 0x13
 305 0006 0B       		.uleb128 0xb
 306 0007 03       		.uleb128 0x3
 307 0008 0E       		.uleb128 0xe
 308 0009 1B       		.uleb128 0x1b
 309 000a 0E       		.uleb128 0xe
 310 000b 55       		.uleb128 0x55
 311 000c 17       		.uleb128 0x17
 312 000d 11       		.uleb128 0x11
 313 000e 01       		.uleb128 0x1
 314 000f 10       		.uleb128 0x10
 315 0010 17       		.uleb128 0x17
 316 0011 00       		.byte	0
 317 0012 00       		.byte	0
 318 0013 02       		.uleb128 0x2
 319 0014 24       		.uleb128 0x24
 320 0015 00       		.byte	0
 321 0016 0B       		.uleb128 0xb
 322 0017 0B       		.uleb128 0xb
 323 0018 3E       		.uleb128 0x3e
 324 0019 0B       		.uleb128 0xb
 325 001a 03       		.uleb128 0x3
 326 001b 0E       		.uleb128 0xe
 327 001c 00       		.byte	0
 328 001d 00       		.byte	0
 329 001e 03       		.uleb128 0x3
 330 001f 24       		.uleb128 0x24
 331 0020 00       		.byte	0
 332 0021 0B       		.uleb128 0xb
 333 0022 0B       		.uleb128 0xb
 334 0023 3E       		.uleb128 0x3e
 335 0024 0B       		.uleb128 0xb
 336 0025 03       		.uleb128 0x3
 337 0026 08       		.uleb128 0x8
 338 0027 00       		.byte	0
 339 0028 00       		.byte	0
 340 0029 04       		.uleb128 0x4
 341 002a 16       		.uleb128 0x16
 342 002b 00       		.byte	0
 343 002c 03       		.uleb128 0x3
 344 002d 0E       		.uleb128 0xe
 345 002e 3A       		.uleb128 0x3a
 346 002f 0B       		.uleb128 0xb
 347 0030 3B       		.uleb128 0x3b
 348 0031 0B       		.uleb128 0xb
 349 0032 49       		.uleb128 0x49
 350 0033 13       		.uleb128 0x13
 351 0034 00       		.byte	0
 352 0035 00       		.byte	0
ARM GAS  C:\Users\rens_\AppData\Local\Temp\ccVpSNm4.s 			page 9


 353 0036 05       		.uleb128 0x5
 354 0037 16       		.uleb128 0x16
 355 0038 00       		.byte	0
 356 0039 03       		.uleb128 0x3
 357 003a 0E       		.uleb128 0xe
 358 003b 3A       		.uleb128 0x3a
 359 003c 0B       		.uleb128 0xb
 360 003d 3B       		.uleb128 0x3b
 361 003e 05       		.uleb128 0x5
 362 003f 49       		.uleb128 0x49
 363 0040 13       		.uleb128 0x13
 364 0041 00       		.byte	0
 365 0042 00       		.byte	0
 366 0043 06       		.uleb128 0x6
 367 0044 35       		.uleb128 0x35
 368 0045 00       		.byte	0
 369 0046 49       		.uleb128 0x49
 370 0047 13       		.uleb128 0x13
 371 0048 00       		.byte	0
 372 0049 00       		.byte	0
 373 004a 07       		.uleb128 0x7
 374 004b 13       		.uleb128 0x13
 375 004c 01       		.byte	0x1
 376 004d 0B       		.uleb128 0xb
 377 004e 0B       		.uleb128 0xb
 378 004f 3A       		.uleb128 0x3a
 379 0050 0B       		.uleb128 0xb
 380 0051 3B       		.uleb128 0x3b
 381 0052 0B       		.uleb128 0xb
 382 0053 01       		.uleb128 0x1
 383 0054 13       		.uleb128 0x13
 384 0055 00       		.byte	0
 385 0056 00       		.byte	0
 386 0057 08       		.uleb128 0x8
 387 0058 0D       		.uleb128 0xd
 388 0059 00       		.byte	0
 389 005a 03       		.uleb128 0x3
 390 005b 0E       		.uleb128 0xe
 391 005c 3A       		.uleb128 0x3a
 392 005d 0B       		.uleb128 0xb
 393 005e 3B       		.uleb128 0x3b
 394 005f 0B       		.uleb128 0xb
 395 0060 49       		.uleb128 0x49
 396 0061 13       		.uleb128 0x13
 397 0062 38       		.uleb128 0x38
 398 0063 0B       		.uleb128 0xb
 399 0064 00       		.byte	0
 400 0065 00       		.byte	0
 401 0066 09       		.uleb128 0x9
 402 0067 2E       		.uleb128 0x2e
 403 0068 00       		.byte	0
 404 0069 3F       		.uleb128 0x3f
 405 006a 19       		.uleb128 0x19
 406 006b 03       		.uleb128 0x3
 407 006c 0E       		.uleb128 0xe
 408 006d 3A       		.uleb128 0x3a
 409 006e 0B       		.uleb128 0xb
ARM GAS  C:\Users\rens_\AppData\Local\Temp\ccVpSNm4.s 			page 10


 410 006f 3B       		.uleb128 0x3b
 411 0070 0B       		.uleb128 0xb
 412 0071 27       		.uleb128 0x27
 413 0072 19       		.uleb128 0x19
 414 0073 11       		.uleb128 0x11
 415 0074 01       		.uleb128 0x1
 416 0075 12       		.uleb128 0x12
 417 0076 06       		.uleb128 0x6
 418 0077 40       		.uleb128 0x40
 419 0078 18       		.uleb128 0x18
 420 0079 9742     		.uleb128 0x2117
 421 007b 19       		.uleb128 0x19
 422 007c 00       		.byte	0
 423 007d 00       		.byte	0
 424 007e 0A       		.uleb128 0xa
 425 007f 2E       		.uleb128 0x2e
 426 0080 00       		.byte	0
 427 0081 3F       		.uleb128 0x3f
 428 0082 19       		.uleb128 0x19
 429 0083 03       		.uleb128 0x3
 430 0084 0E       		.uleb128 0xe
 431 0085 3A       		.uleb128 0x3a
 432 0086 0B       		.uleb128 0xb
 433 0087 3B       		.uleb128 0x3b
 434 0088 0B       		.uleb128 0xb
 435 0089 27       		.uleb128 0x27
 436 008a 19       		.uleb128 0x19
 437 008b 11       		.uleb128 0x11
 438 008c 01       		.uleb128 0x1
 439 008d 12       		.uleb128 0x12
 440 008e 06       		.uleb128 0x6
 441 008f 40       		.uleb128 0x40
 442 0090 18       		.uleb128 0x18
 443 0091 9642     		.uleb128 0x2116
 444 0093 19       		.uleb128 0x19
 445 0094 00       		.byte	0
 446 0095 00       		.byte	0
 447 0096 0B       		.uleb128 0xb
 448 0097 34       		.uleb128 0x34
 449 0098 00       		.byte	0
 450 0099 03       		.uleb128 0x3
 451 009a 0E       		.uleb128 0xe
 452 009b 3A       		.uleb128 0x3a
 453 009c 0B       		.uleb128 0xb
 454 009d 3B       		.uleb128 0x3b
 455 009e 0B       		.uleb128 0xb
 456 009f 49       		.uleb128 0x49
 457 00a0 13       		.uleb128 0x13
 458 00a1 02       		.uleb128 0x2
 459 00a2 18       		.uleb128 0x18
 460 00a3 00       		.byte	0
 461 00a4 00       		.byte	0
 462 00a5 00       		.byte	0
 463              		.section	.debug_aranges,"",%progbits
 464 0000 34000000 		.4byte	0x34
 465 0004 0200     		.2byte	0x2
 466 0006 00000000 		.4byte	.Ldebug_info0
ARM GAS  C:\Users\rens_\AppData\Local\Temp\ccVpSNm4.s 			page 11


 467 000a 04       		.byte	0x4
 468 000b 00       		.byte	0
 469 000c 0000     		.2byte	0
 470 000e 0000     		.2byte	0
 471 0010 00000000 		.4byte	.LFB0
 472 0014 20000000 		.4byte	.LFE0-.LFB0
 473 0018 00000000 		.4byte	.LFB1
 474 001c 1C000000 		.4byte	.LFE1-.LFB1
 475 0020 00000000 		.4byte	.LFB2
 476 0024 0C000000 		.4byte	.LFE2-.LFB2
 477 0028 00000000 		.4byte	.LFB3
 478 002c 0C000000 		.4byte	.LFE3-.LFB3
 479 0030 00000000 		.4byte	0
 480 0034 00000000 		.4byte	0
 481              		.section	.debug_ranges,"",%progbits
 482              	.Ldebug_ranges0:
 483 0000 00000000 		.4byte	.LFB0
 484 0004 20000000 		.4byte	.LFE0
 485 0008 00000000 		.4byte	.LFB1
 486 000c 1C000000 		.4byte	.LFE1
 487 0010 00000000 		.4byte	.LFB2
 488 0014 0C000000 		.4byte	.LFE2
 489 0018 00000000 		.4byte	.LFB3
 490 001c 0C000000 		.4byte	.LFE3
 491 0020 00000000 		.4byte	0
 492 0024 00000000 		.4byte	0
 493              		.section	.debug_line,"",%progbits
 494              	.Ldebug_line0:
 495 0000 A8000000 		.section	.debug_str,"MS",%progbits,1
 495      02005C00 
 495      00000201 
 495      FB0E0D00 
 495      01010101 
 496              	.LASF6:
 497 0000 6C6F6E67 		.ascii	"long long int\000"
 497      206C6F6E 
 497      6720696E 
 497      7400
 498              	.LASF19:
 499 000e 474E5520 		.ascii	"GNU C11 5.4.1 20160609 (release) [ARM/embedded-5-br"
 499      43313120 
 499      352E342E 
 499      31203230 
 499      31363036 
 500 0041 616E6368 		.ascii	"anch revision 237715] -mcpu=cortex-m3 -mthumb -g -O"
 500      20726576 
 500      6973696F 
 500      6E203233 
 500      37373135 
 501 0074 30202D66 		.ascii	"0 -ffunction-sections -ffat-lto-objects\000"
 501      66756E63 
 501      74696F6E 
 501      2D736563 
 501      74696F6E 
 502              	.LASF18:
 503 009c 436F6E74 		.ascii	"Control_Reg_Wakeup\000"
 503      726F6C5F 
ARM GAS  C:\Users\rens_\AppData\Local\Temp\ccVpSNm4.s 			page 12


 503      5265675F 
 503      57616B65 
 503      757000
 504              	.LASF9:
 505 00af 666C6F61 		.ascii	"float\000"
 505      7400
 506              	.LASF1:
 507 00b5 756E7369 		.ascii	"unsigned char\000"
 507      676E6564 
 507      20636861 
 507      7200
 508              	.LASF13:
 509 00c3 72656738 		.ascii	"reg8\000"
 509      00
 510              	.LASF5:
 511 00c8 6C6F6E67 		.ascii	"long unsigned int\000"
 511      20756E73 
 511      69676E65 
 511      6420696E 
 511      7400
 512              	.LASF3:
 513 00da 73686F72 		.ascii	"short unsigned int\000"
 513      7420756E 
 513      7369676E 
 513      65642069 
 513      6E7400
 514              	.LASF14:
 515 00ed 436F6E74 		.ascii	"Control_Reg_BACKUP_STRUCT\000"
 515      726F6C5F 
 515      5265675F 
 515      4241434B 
 515      55505F53 
 516              	.LASF22:
 517 0107 636F6E74 		.ascii	"controlState\000"
 517      726F6C53 
 517      74617465 
 517      00
 518              	.LASF23:
 519 0114 436F6E74 		.ascii	"Control_Reg_backup\000"
 519      726F6C5F 
 519      5265675F 
 519      6261636B 
 519      757000
 520              	.LASF10:
 521 0127 646F7562 		.ascii	"double\000"
 521      6C6500
 522              	.LASF17:
 523 012e 436F6E74 		.ascii	"Control_Reg_Sleep\000"
 523      726F6C5F 
 523      5265675F 
 523      536C6565 
 523      7000
 524              	.LASF15:
 525 0140 436F6E74 		.ascii	"Control_Reg_SaveConfig\000"
 525      726F6C5F 
 525      5265675F 
 525      53617665 
ARM GAS  C:\Users\rens_\AppData\Local\Temp\ccVpSNm4.s 			page 13


 525      436F6E66 
 526              	.LASF20:
 527 0157 47656E65 		.ascii	"Generated_Source\\PSoC5\\Control_Reg_PM.c\000"
 527      72617465 
 527      645F536F 
 527      75726365 
 527      5C50536F 
 528              	.LASF8:
 529 017f 756E7369 		.ascii	"unsigned int\000"
 529      676E6564 
 529      20696E74 
 529      00
 530              	.LASF16:
 531 018c 436F6E74 		.ascii	"Control_Reg_RestoreConfig\000"
 531      726F6C5F 
 531      5265675F 
 531      52657374 
 531      6F726543 
 532              	.LASF7:
 533 01a6 6C6F6E67 		.ascii	"long long unsigned int\000"
 533      206C6F6E 
 533      6720756E 
 533      7369676E 
 533      65642069 
 534              	.LASF21:
 535 01bd 433A5C55 		.ascii	"C:\\Users\\rens_\\Downloads\\platooning-master\\pla"
 535      73657273 
 535      5C72656E 
 535      735F5C44 
 535      6F776E6C 
 536 01eb 746F6F6E 		.ascii	"tooning-master\\PSoC\\Platooning\\AngleMeasurement."
 536      696E672D 
 536      6D617374 
 536      65725C50 
 536      536F435C 
 537 021b 63796473 		.ascii	"cydsn\000"
 537      6E00
 538              	.LASF11:
 539 0221 63686172 		.ascii	"char\000"
 539      00
 540              	.LASF2:
 541 0226 73686F72 		.ascii	"short int\000"
 541      7420696E 
 541      7400
 542              	.LASF12:
 543 0230 75696E74 		.ascii	"uint8\000"
 543      3800
 544              	.LASF4:
 545 0236 6C6F6E67 		.ascii	"long int\000"
 545      20696E74 
 545      00
 546              	.LASF0:
 547 023f 7369676E 		.ascii	"signed char\000"
 547      65642063 
 547      68617200 
 548              		.ident	"GCC: (GNU Tools for ARM Embedded Processors) 5.4.1 20160609 (release) [ARM/embedded-5-bran
