ARM GAS  C:\Users\rens_\AppData\Local\Temp\cc61duDH.s 			page 1


   1              		.syntax unified
   2              		.cpu cortex-m3
   3              		.fpu softvfp
   4              		.eabi_attribute 20, 1
   5              		.eabi_attribute 21, 1
   6              		.eabi_attribute 23, 3
   7              		.eabi_attribute 24, 1
   8              		.eabi_attribute 25, 1
   9              		.eabi_attribute 26, 1
  10              		.eabi_attribute 30, 6
  11              		.eabi_attribute 34, 1
  12              		.eabi_attribute 18, 4
  13              		.thumb
  14              		.syntax unified
  15              		.file	"cyutils.c"
  16              		.text
  17              	.Ltext0:
  18              		.cfi_sections	.debug_frame
  19              		.section	.text.CySetReg24,"ax",%progbits
  20              		.align	2
  21              		.global	CySetReg24
  22              		.thumb
  23              		.thumb_func
  24              		.type	CySetReg24, %function
  25              	CySetReg24:
  26              	.LFB0:
  27              		.file 1 "Generated_Source\\PSoC5\\cyutils.c"
   1:Generated_Source\PSoC5/cyutils.c **** /*******************************************************************************
   2:Generated_Source\PSoC5/cyutils.c **** * FILENAME: cyutils.c
   3:Generated_Source\PSoC5/cyutils.c **** * Version 4.20
   4:Generated_Source\PSoC5/cyutils.c **** *
   5:Generated_Source\PSoC5/cyutils.c **** *  Description:
   6:Generated_Source\PSoC5/cyutils.c **** *   CyUtils provides a function to handle 24-bit value writes.
   7:Generated_Source\PSoC5/cyutils.c **** *
   8:Generated_Source\PSoC5/cyutils.c **** ********************************************************************************
   9:Generated_Source\PSoC5/cyutils.c **** * Copyright 2008-2014, Cypress Semiconductor Corporation.  All rights reserved.
  10:Generated_Source\PSoC5/cyutils.c **** * You may use this file only in accordance with the license, terms, conditions,
  11:Generated_Source\PSoC5/cyutils.c **** * disclaimers, and limitations in the end user license agreement accompanying
  12:Generated_Source\PSoC5/cyutils.c **** * the software package with which this file was provided.
  13:Generated_Source\PSoC5/cyutils.c **** *******************************************************************************/
  14:Generated_Source\PSoC5/cyutils.c **** 
  15:Generated_Source\PSoC5/cyutils.c **** #include "cytypes.h"
  16:Generated_Source\PSoC5/cyutils.c **** 
  17:Generated_Source\PSoC5/cyutils.c **** #if (!CY_PSOC3)
  18:Generated_Source\PSoC5/cyutils.c **** 
  19:Generated_Source\PSoC5/cyutils.c ****     /***************************************************************************
  20:Generated_Source\PSoC5/cyutils.c ****     * Function Name: CySetReg24
  21:Generated_Source\PSoC5/cyutils.c ****     ****************************************************************************
  22:Generated_Source\PSoC5/cyutils.c ****     *
  23:Generated_Source\PSoC5/cyutils.c ****     * Summary:
  24:Generated_Source\PSoC5/cyutils.c ****     *  Writes a 24-bit value to the specified register.
  25:Generated_Source\PSoC5/cyutils.c ****     *
  26:Generated_Source\PSoC5/cyutils.c ****     * Parameters:
  27:Generated_Source\PSoC5/cyutils.c ****     *  addr : the address where data must be written.
  28:Generated_Source\PSoC5/cyutils.c ****     *  value: the data that must be written.
  29:Generated_Source\PSoC5/cyutils.c ****     *
  30:Generated_Source\PSoC5/cyutils.c ****     * Return:
ARM GAS  C:\Users\rens_\AppData\Local\Temp\cc61duDH.s 			page 2


  31:Generated_Source\PSoC5/cyutils.c ****     *  None
  32:Generated_Source\PSoC5/cyutils.c ****     *
  33:Generated_Source\PSoC5/cyutils.c ****     * Reentrant:
  34:Generated_Source\PSoC5/cyutils.c ****     *  No
  35:Generated_Source\PSoC5/cyutils.c ****     *
  36:Generated_Source\PSoC5/cyutils.c ****     ***************************************************************************/
  37:Generated_Source\PSoC5/cyutils.c ****     void CySetReg24(uint32 volatile * addr, uint32 value)
  38:Generated_Source\PSoC5/cyutils.c ****     {
  28              		.loc 1 38 0
  29              		.cfi_startproc
  30              		@ args = 0, pretend = 0, frame = 16
  31              		@ frame_needed = 1, uses_anonymous_args = 0
  32              		@ link register save eliminated.
  33 0000 80B4     		push	{r7}
  34              		.cfi_def_cfa_offset 4
  35              		.cfi_offset 7, -4
  36 0002 85B0     		sub	sp, sp, #20
  37              		.cfi_def_cfa_offset 24
  38 0004 00AF     		add	r7, sp, #0
  39              		.cfi_def_cfa_register 7
  40 0006 7860     		str	r0, [r7, #4]
  41 0008 3960     		str	r1, [r7]
  39:Generated_Source\PSoC5/cyutils.c ****         uint8 volatile *tmpAddr;
  40:Generated_Source\PSoC5/cyutils.c **** 
  41:Generated_Source\PSoC5/cyutils.c ****         tmpAddr = (uint8 volatile *) addr;
  42              		.loc 1 41 0
  43 000a 7B68     		ldr	r3, [r7, #4]
  44 000c FB60     		str	r3, [r7, #12]
  42:Generated_Source\PSoC5/cyutils.c **** 
  43:Generated_Source\PSoC5/cyutils.c ****         tmpAddr[0u] = (uint8) value;
  45              		.loc 1 43 0
  46 000e 3B68     		ldr	r3, [r7]
  47 0010 DAB2     		uxtb	r2, r3
  48 0012 FB68     		ldr	r3, [r7, #12]
  49 0014 1A70     		strb	r2, [r3]
  44:Generated_Source\PSoC5/cyutils.c ****         tmpAddr[1u] = (uint8) (value >> 8u);
  50              		.loc 1 44 0
  51 0016 FB68     		ldr	r3, [r7, #12]
  52 0018 0133     		adds	r3, r3, #1
  53 001a 3A68     		ldr	r2, [r7]
  54 001c 120A     		lsrs	r2, r2, #8
  55 001e D2B2     		uxtb	r2, r2
  56 0020 1A70     		strb	r2, [r3]
  45:Generated_Source\PSoC5/cyutils.c ****         tmpAddr[2u] = (uint8) (value >> 16u);
  57              		.loc 1 45 0
  58 0022 FB68     		ldr	r3, [r7, #12]
  59 0024 0233     		adds	r3, r3, #2
  60 0026 3A68     		ldr	r2, [r7]
  61 0028 120C     		lsrs	r2, r2, #16
  62 002a D2B2     		uxtb	r2, r2
  63 002c 1A70     		strb	r2, [r3]
  46:Generated_Source\PSoC5/cyutils.c ****     }
  64              		.loc 1 46 0
  65 002e 00BF     		nop
  66 0030 1437     		adds	r7, r7, #20
  67              		.cfi_def_cfa_offset 4
  68 0032 BD46     		mov	sp, r7
ARM GAS  C:\Users\rens_\AppData\Local\Temp\cc61duDH.s 			page 3


  69              		.cfi_def_cfa_register 13
  70              		@ sp needed
  71 0034 80BC     		pop	{r7}
  72              		.cfi_restore 7
  73              		.cfi_def_cfa_offset 0
  74 0036 7047     		bx	lr
  75              		.cfi_endproc
  76              	.LFE0:
  77              		.size	CySetReg24, .-CySetReg24
  78              		.text
  79              	.Letext0:
  80              		.file 2 "Generated_Source\\PSoC5\\cytypes.h"
  81              		.section	.debug_info,"",%progbits
  82              	.Ldebug_info0:
  83 0000 E9000000 		.4byte	0xe9
  84 0004 0400     		.2byte	0x4
  85 0006 00000000 		.4byte	.Ldebug_abbrev0
  86 000a 04       		.byte	0x4
  87 000b 01       		.uleb128 0x1
  88 000c 00000000 		.4byte	.LASF16
  89 0010 0C       		.byte	0xc
  90 0011 30010000 		.4byte	.LASF17
  91 0015 9F000000 		.4byte	.LASF18
  92 0019 00000000 		.4byte	.Ldebug_ranges0+0
  93 001d 00000000 		.4byte	0
  94 0021 00000000 		.4byte	.Ldebug_line0
  95 0025 02       		.uleb128 0x2
  96 0026 01       		.byte	0x1
  97 0027 06       		.byte	0x6
  98 0028 AF010000 		.4byte	.LASF0
  99 002c 02       		.uleb128 0x2
 100 002d 01       		.byte	0x1
 101 002e 08       		.byte	0x8
 102 002f F5000000 		.4byte	.LASF1
 103 0033 02       		.uleb128 0x2
 104 0034 02       		.byte	0x2
 105 0035 05       		.byte	0x5
 106 0036 96010000 		.4byte	.LASF2
 107 003a 02       		.uleb128 0x2
 108 003b 02       		.byte	0x2
 109 003c 07       		.byte	0x7
 110 003d 1D010000 		.4byte	.LASF3
 111 0041 02       		.uleb128 0x2
 112 0042 04       		.byte	0x4
 113 0043 05       		.byte	0x5
 114 0044 A6010000 		.4byte	.LASF4
 115 0048 02       		.uleb128 0x2
 116 0049 04       		.byte	0x4
 117 004a 07       		.byte	0x7
 118 004b 0B010000 		.4byte	.LASF5
 119 004f 02       		.uleb128 0x2
 120 0050 08       		.byte	0x8
 121 0051 05       		.byte	0x5
 122 0052 83010000 		.4byte	.LASF6
 123 0056 02       		.uleb128 0x2
 124 0057 08       		.byte	0x8
 125 0058 07       		.byte	0x7
ARM GAS  C:\Users\rens_\AppData\Local\Temp\cc61duDH.s 			page 4


 126 0059 6C010000 		.4byte	.LASF7
 127 005d 03       		.uleb128 0x3
 128 005e 04       		.byte	0x4
 129 005f 05       		.byte	0x5
 130 0060 696E7400 		.ascii	"int\000"
 131 0064 02       		.uleb128 0x2
 132 0065 04       		.byte	0x4
 133 0066 07       		.byte	0x7
 134 0067 5F010000 		.4byte	.LASF8
 135 006b 04       		.uleb128 0x4
 136 006c A0010000 		.4byte	.LASF9
 137 0070 02       		.byte	0x2
 138 0071 A1       		.byte	0xa1
 139 0072 2C000000 		.4byte	0x2c
 140 0076 04       		.uleb128 0x4
 141 0077 58010000 		.4byte	.LASF10
 142 007b 02       		.byte	0x2
 143 007c A3       		.byte	0xa3
 144 007d 48000000 		.4byte	0x48
 145 0081 02       		.uleb128 0x2
 146 0082 04       		.byte	0x4
 147 0083 04       		.byte	0x4
 148 0084 EF000000 		.4byte	.LASF11
 149 0088 02       		.uleb128 0x2
 150 0089 08       		.byte	0x8
 151 008a 04       		.byte	0x4
 152 008b 51010000 		.4byte	.LASF12
 153 008f 02       		.uleb128 0x2
 154 0090 01       		.byte	0x1
 155 0091 08       		.byte	0x8
 156 0092 91010000 		.4byte	.LASF13
 157 0096 05       		.uleb128 0x5
 158 0097 6B000000 		.4byte	0x6b
 159 009b 05       		.uleb128 0x5
 160 009c 76000000 		.4byte	0x76
 161 00a0 06       		.uleb128 0x6
 162 00a1 94000000 		.4byte	.LASF19
 163 00a5 01       		.byte	0x1
 164 00a6 25       		.byte	0x25
 165 00a7 00000000 		.4byte	.LFB0
 166 00ab 38000000 		.4byte	.LFE0-.LFB0
 167 00af 01       		.uleb128 0x1
 168 00b0 9C       		.byte	0x9c
 169 00b1 E0000000 		.4byte	0xe0
 170 00b5 07       		.uleb128 0x7
 171 00b6 EA000000 		.4byte	.LASF14
 172 00ba 01       		.byte	0x1
 173 00bb 25       		.byte	0x25
 174 00bc E0000000 		.4byte	0xe0
 175 00c0 02       		.uleb128 0x2
 176 00c1 91       		.byte	0x91
 177 00c2 6C       		.sleb128 -20
 178 00c3 07       		.uleb128 0x7
 179 00c4 8E000000 		.4byte	.LASF15
 180 00c8 01       		.byte	0x1
 181 00c9 25       		.byte	0x25
 182 00ca 76000000 		.4byte	0x76
ARM GAS  C:\Users\rens_\AppData\Local\Temp\cc61duDH.s 			page 5


 183 00ce 02       		.uleb128 0x2
 184 00cf 91       		.byte	0x91
 185 00d0 68       		.sleb128 -24
 186 00d1 08       		.uleb128 0x8
 187 00d2 03010000 		.4byte	.LASF20
 188 00d6 01       		.byte	0x1
 189 00d7 27       		.byte	0x27
 190 00d8 E6000000 		.4byte	0xe6
 191 00dc 02       		.uleb128 0x2
 192 00dd 91       		.byte	0x91
 193 00de 74       		.sleb128 -12
 194 00df 00       		.byte	0
 195 00e0 09       		.uleb128 0x9
 196 00e1 04       		.byte	0x4
 197 00e2 9B000000 		.4byte	0x9b
 198 00e6 09       		.uleb128 0x9
 199 00e7 04       		.byte	0x4
 200 00e8 96000000 		.4byte	0x96
 201 00ec 00       		.byte	0
 202              		.section	.debug_abbrev,"",%progbits
 203              	.Ldebug_abbrev0:
 204 0000 01       		.uleb128 0x1
 205 0001 11       		.uleb128 0x11
 206 0002 01       		.byte	0x1
 207 0003 25       		.uleb128 0x25
 208 0004 0E       		.uleb128 0xe
 209 0005 13       		.uleb128 0x13
 210 0006 0B       		.uleb128 0xb
 211 0007 03       		.uleb128 0x3
 212 0008 0E       		.uleb128 0xe
 213 0009 1B       		.uleb128 0x1b
 214 000a 0E       		.uleb128 0xe
 215 000b 55       		.uleb128 0x55
 216 000c 17       		.uleb128 0x17
 217 000d 11       		.uleb128 0x11
 218 000e 01       		.uleb128 0x1
 219 000f 10       		.uleb128 0x10
 220 0010 17       		.uleb128 0x17
 221 0011 00       		.byte	0
 222 0012 00       		.byte	0
 223 0013 02       		.uleb128 0x2
 224 0014 24       		.uleb128 0x24
 225 0015 00       		.byte	0
 226 0016 0B       		.uleb128 0xb
 227 0017 0B       		.uleb128 0xb
 228 0018 3E       		.uleb128 0x3e
 229 0019 0B       		.uleb128 0xb
 230 001a 03       		.uleb128 0x3
 231 001b 0E       		.uleb128 0xe
 232 001c 00       		.byte	0
 233 001d 00       		.byte	0
 234 001e 03       		.uleb128 0x3
 235 001f 24       		.uleb128 0x24
 236 0020 00       		.byte	0
 237 0021 0B       		.uleb128 0xb
 238 0022 0B       		.uleb128 0xb
 239 0023 3E       		.uleb128 0x3e
ARM GAS  C:\Users\rens_\AppData\Local\Temp\cc61duDH.s 			page 6


 240 0024 0B       		.uleb128 0xb
 241 0025 03       		.uleb128 0x3
 242 0026 08       		.uleb128 0x8
 243 0027 00       		.byte	0
 244 0028 00       		.byte	0
 245 0029 04       		.uleb128 0x4
 246 002a 16       		.uleb128 0x16
 247 002b 00       		.byte	0
 248 002c 03       		.uleb128 0x3
 249 002d 0E       		.uleb128 0xe
 250 002e 3A       		.uleb128 0x3a
 251 002f 0B       		.uleb128 0xb
 252 0030 3B       		.uleb128 0x3b
 253 0031 0B       		.uleb128 0xb
 254 0032 49       		.uleb128 0x49
 255 0033 13       		.uleb128 0x13
 256 0034 00       		.byte	0
 257 0035 00       		.byte	0
 258 0036 05       		.uleb128 0x5
 259 0037 35       		.uleb128 0x35
 260 0038 00       		.byte	0
 261 0039 49       		.uleb128 0x49
 262 003a 13       		.uleb128 0x13
 263 003b 00       		.byte	0
 264 003c 00       		.byte	0
 265 003d 06       		.uleb128 0x6
 266 003e 2E       		.uleb128 0x2e
 267 003f 01       		.byte	0x1
 268 0040 3F       		.uleb128 0x3f
 269 0041 19       		.uleb128 0x19
 270 0042 03       		.uleb128 0x3
 271 0043 0E       		.uleb128 0xe
 272 0044 3A       		.uleb128 0x3a
 273 0045 0B       		.uleb128 0xb
 274 0046 3B       		.uleb128 0x3b
 275 0047 0B       		.uleb128 0xb
 276 0048 27       		.uleb128 0x27
 277 0049 19       		.uleb128 0x19
 278 004a 11       		.uleb128 0x11
 279 004b 01       		.uleb128 0x1
 280 004c 12       		.uleb128 0x12
 281 004d 06       		.uleb128 0x6
 282 004e 40       		.uleb128 0x40
 283 004f 18       		.uleb128 0x18
 284 0050 9742     		.uleb128 0x2117
 285 0052 19       		.uleb128 0x19
 286 0053 01       		.uleb128 0x1
 287 0054 13       		.uleb128 0x13
 288 0055 00       		.byte	0
 289 0056 00       		.byte	0
 290 0057 07       		.uleb128 0x7
 291 0058 05       		.uleb128 0x5
 292 0059 00       		.byte	0
 293 005a 03       		.uleb128 0x3
 294 005b 0E       		.uleb128 0xe
 295 005c 3A       		.uleb128 0x3a
 296 005d 0B       		.uleb128 0xb
ARM GAS  C:\Users\rens_\AppData\Local\Temp\cc61duDH.s 			page 7


 297 005e 3B       		.uleb128 0x3b
 298 005f 0B       		.uleb128 0xb
 299 0060 49       		.uleb128 0x49
 300 0061 13       		.uleb128 0x13
 301 0062 02       		.uleb128 0x2
 302 0063 18       		.uleb128 0x18
 303 0064 00       		.byte	0
 304 0065 00       		.byte	0
 305 0066 08       		.uleb128 0x8
 306 0067 34       		.uleb128 0x34
 307 0068 00       		.byte	0
 308 0069 03       		.uleb128 0x3
 309 006a 0E       		.uleb128 0xe
 310 006b 3A       		.uleb128 0x3a
 311 006c 0B       		.uleb128 0xb
 312 006d 3B       		.uleb128 0x3b
 313 006e 0B       		.uleb128 0xb
 314 006f 49       		.uleb128 0x49
 315 0070 13       		.uleb128 0x13
 316 0071 02       		.uleb128 0x2
 317 0072 18       		.uleb128 0x18
 318 0073 00       		.byte	0
 319 0074 00       		.byte	0
 320 0075 09       		.uleb128 0x9
 321 0076 0F       		.uleb128 0xf
 322 0077 00       		.byte	0
 323 0078 0B       		.uleb128 0xb
 324 0079 0B       		.uleb128 0xb
 325 007a 49       		.uleb128 0x49
 326 007b 13       		.uleb128 0x13
 327 007c 00       		.byte	0
 328 007d 00       		.byte	0
 329 007e 00       		.byte	0
 330              		.section	.debug_aranges,"",%progbits
 331 0000 1C000000 		.4byte	0x1c
 332 0004 0200     		.2byte	0x2
 333 0006 00000000 		.4byte	.Ldebug_info0
 334 000a 04       		.byte	0x4
 335 000b 00       		.byte	0
 336 000c 0000     		.2byte	0
 337 000e 0000     		.2byte	0
 338 0010 00000000 		.4byte	.LFB0
 339 0014 38000000 		.4byte	.LFE0-.LFB0
 340 0018 00000000 		.4byte	0
 341 001c 00000000 		.4byte	0
 342              		.section	.debug_ranges,"",%progbits
 343              	.Ldebug_ranges0:
 344 0000 00000000 		.4byte	.LFB0
 345 0004 38000000 		.4byte	.LFE0
 346 0008 00000000 		.4byte	0
 347 000c 00000000 		.4byte	0
 348              		.section	.debug_line,"",%progbits
 349              	.Ldebug_line0:
 350 0000 5E000000 		.section	.debug_str,"MS",%progbits,1
 350      02004400 
 350      00000201 
 350      FB0E0D00 
ARM GAS  C:\Users\rens_\AppData\Local\Temp\cc61duDH.s 			page 8


 350      01010101 
 351              	.LASF16:
 352 0000 474E5520 		.ascii	"GNU C11 5.4.1 20160609 (release) [ARM/embedded-5-br"
 352      43313120 
 352      352E342E 
 352      31203230 
 352      31363036 
 353 0033 616E6368 		.ascii	"anch revision 237715] -mcpu=cortex-m3 -mthumb -g -O"
 353      20726576 
 353      6973696F 
 353      6E203233 
 353      37373135 
 354 0066 30202D66 		.ascii	"0 -ffunction-sections -ffat-lto-objects\000"
 354      66756E63 
 354      74696F6E 
 354      2D736563 
 354      74696F6E 
 355              	.LASF15:
 356 008e 76616C75 		.ascii	"value\000"
 356      6500
 357              	.LASF19:
 358 0094 43795365 		.ascii	"CySetReg24\000"
 358      74526567 
 358      323400
 359              	.LASF18:
 360 009f 433A5C55 		.ascii	"C:\\Users\\rens_\\Documents\\platooning\\PSoC\\Plat"
 360      73657273 
 360      5C72656E 
 360      735F5C44 
 360      6F63756D 
 361 00cc 6F6F6E69 		.ascii	"ooning\\AngleMeasurement.cydsn\000"
 361      6E675C41 
 361      6E676C65 
 361      4D656173 
 361      7572656D 
 362              	.LASF14:
 363 00ea 61646472 		.ascii	"addr\000"
 363      00
 364              	.LASF11:
 365 00ef 666C6F61 		.ascii	"float\000"
 365      7400
 366              	.LASF1:
 367 00f5 756E7369 		.ascii	"unsigned char\000"
 367      676E6564 
 367      20636861 
 367      7200
 368              	.LASF20:
 369 0103 746D7041 		.ascii	"tmpAddr\000"
 369      64647200 
 370              	.LASF5:
 371 010b 6C6F6E67 		.ascii	"long unsigned int\000"
 371      20756E73 
 371      69676E65 
 371      6420696E 
 371      7400
 372              	.LASF3:
 373 011d 73686F72 		.ascii	"short unsigned int\000"
ARM GAS  C:\Users\rens_\AppData\Local\Temp\cc61duDH.s 			page 9


 373      7420756E 
 373      7369676E 
 373      65642069 
 373      6E7400
 374              	.LASF17:
 375 0130 47656E65 		.ascii	"Generated_Source\\PSoC5\\cyutils.c\000"
 375      72617465 
 375      645F536F 
 375      75726365 
 375      5C50536F 
 376              	.LASF12:
 377 0151 646F7562 		.ascii	"double\000"
 377      6C6500
 378              	.LASF10:
 379 0158 75696E74 		.ascii	"uint32\000"
 379      333200
 380              	.LASF8:
 381 015f 756E7369 		.ascii	"unsigned int\000"
 381      676E6564 
 381      20696E74 
 381      00
 382              	.LASF7:
 383 016c 6C6F6E67 		.ascii	"long long unsigned int\000"
 383      206C6F6E 
 383      6720756E 
 383      7369676E 
 383      65642069 
 384              	.LASF6:
 385 0183 6C6F6E67 		.ascii	"long long int\000"
 385      206C6F6E 
 385      6720696E 
 385      7400
 386              	.LASF13:
 387 0191 63686172 		.ascii	"char\000"
 387      00
 388              	.LASF2:
 389 0196 73686F72 		.ascii	"short int\000"
 389      7420696E 
 389      7400
 390              	.LASF9:
 391 01a0 75696E74 		.ascii	"uint8\000"
 391      3800
 392              	.LASF4:
 393 01a6 6C6F6E67 		.ascii	"long int\000"
 393      20696E74 
 393      00
 394              	.LASF0:
 395 01af 7369676E 		.ascii	"signed char\000"
 395      65642063 
 395      68617200 
 396              		.ident	"GCC: (GNU Tools for ARM Embedded Processors) 5.4.1 20160609 (release) [ARM/embedded-5-bran
