ARM GAS  C:\Users\rens_\AppData\Local\Temp\cchceKPY.s 			page 1


   1              		.syntax unified
   2              		.cpu cortex-m3
   3              		.fpu softvfp
   4              		.eabi_attribute 20, 1
   5              		.eabi_attribute 21, 1
   6              		.eabi_attribute 23, 3
   7              		.eabi_attribute 24, 1
   8              		.eabi_attribute 25, 1
   9              		.eabi_attribute 26, 1
  10              		.eabi_attribute 30, 6
  11              		.eabi_attribute 34, 1
  12              		.eabi_attribute 18, 4
  13              		.thumb
  14              		.syntax unified
  15              		.file	"Filter_PVT.c"
  16              		.text
  17              	.Ltext0:
  18              		.cfi_sections	.debug_frame
  19              		.section	.text.Filter_SetInterruptMode,"ax",%progbits
  20              		.align	2
  21              		.global	Filter_SetInterruptMode
  22              		.thumb
  23              		.thumb_func
  24              		.type	Filter_SetInterruptMode, %function
  25              	Filter_SetInterruptMode:
  26              	.LFB0:
  27              		.file 1 "Generated_Source\\PSoC5\\Filter_PVT.c"
   1:Generated_Source\PSoC5/Filter_PVT.c **** /*******************************************************************************
   2:Generated_Source\PSoC5/Filter_PVT.c **** * File Name: Filter_PVT.c
   3:Generated_Source\PSoC5/Filter_PVT.c **** * Version 2.30
   4:Generated_Source\PSoC5/Filter_PVT.c **** *
   5:Generated_Source\PSoC5/Filter_PVT.c **** * Description:
   6:Generated_Source\PSoC5/Filter_PVT.c **** *  This file provides source code for FILT component internal functions.
   7:Generated_Source\PSoC5/Filter_PVT.c **** *
   8:Generated_Source\PSoC5/Filter_PVT.c **** * Note:
   9:Generated_Source\PSoC5/Filter_PVT.c **** *  
  10:Generated_Source\PSoC5/Filter_PVT.c **** *******************************************************************************
  11:Generated_Source\PSoC5/Filter_PVT.c **** * Copyright 2008-2013, Cypress Semiconductor Corporation.  All rights reserved.
  12:Generated_Source\PSoC5/Filter_PVT.c **** * You may use this file only in accordance with the license, terms, conditions, 
  13:Generated_Source\PSoC5/Filter_PVT.c **** * disclaimers, and limitations in the end user license agreement accompanying 
  14:Generated_Source\PSoC5/Filter_PVT.c **** * the software package with which this file was provided.
  15:Generated_Source\PSoC5/Filter_PVT.c **** ********************************************************************************/
  16:Generated_Source\PSoC5/Filter_PVT.c **** 
  17:Generated_Source\PSoC5/Filter_PVT.c **** #include "Filter_PVT.h"
  18:Generated_Source\PSoC5/Filter_PVT.c **** 
  19:Generated_Source\PSoC5/Filter_PVT.c **** 
  20:Generated_Source\PSoC5/Filter_PVT.c **** /*******************************************************************************
  21:Generated_Source\PSoC5/Filter_PVT.c **** * Function Name: Filter_SetInterruptMode
  22:Generated_Source\PSoC5/Filter_PVT.c **** ********************************************************************************
  23:Generated_Source\PSoC5/Filter_PVT.c **** *
  24:Generated_Source\PSoC5/Filter_PVT.c **** * Summary:
  25:Generated_Source\PSoC5/Filter_PVT.c **** *  Assign the events which will trigger a DFB interrupt to be triggered. 
  26:Generated_Source\PSoC5/Filter_PVT.c **** *
  27:Generated_Source\PSoC5/Filter_PVT.c **** * Parameters:  
  28:Generated_Source\PSoC5/Filter_PVT.c **** *  events:  Bits [0:5] of events represent the events which will trigger DFB
  29:Generated_Source\PSoC5/Filter_PVT.c **** *           interrupts.
  30:Generated_Source\PSoC5/Filter_PVT.c **** *            Bit 0 - Output value ready in the holding register on channel A
ARM GAS  C:\Users\rens_\AppData\Local\Temp\cchceKPY.s 			page 2


  31:Generated_Source\PSoC5/Filter_PVT.c **** *            Bit 1 - Output value ready in the holding register on channel B
  32:Generated_Source\PSoC5/Filter_PVT.c **** *            Bit 2 - '1' written to Semaphore 0  - See Note
  33:Generated_Source\PSoC5/Filter_PVT.c **** *            Bit 3 - '1' written to Semaphore 1  - See Note
  34:Generated_Source\PSoC5/Filter_PVT.c **** *            Bit 4 - '1' written to Semaphore 2
  35:Generated_Source\PSoC5/Filter_PVT.c **** *
  36:Generated_Source\PSoC5/Filter_PVT.c **** * Return: 
  37:Generated_Source\PSoC5/Filter_PVT.c **** *  void
  38:Generated_Source\PSoC5/Filter_PVT.c **** *
  39:Generated_Source\PSoC5/Filter_PVT.c **** * Note:
  40:Generated_Source\PSoC5/Filter_PVT.c **** *  Semaphore 0 and Semaphore 1 should not be configured as both a DMA request 
  41:Generated_Source\PSoC5/Filter_PVT.c **** *  and an interrupt event, because, after one clock cycle, the system 
  42:Generated_Source\PSoC5/Filter_PVT.c **** *  automatically clears any semaphore which triggered a DMA request.
  43:Generated_Source\PSoC5/Filter_PVT.c **** *
  44:Generated_Source\PSoC5/Filter_PVT.c **** *******************************************************************************/
  45:Generated_Source\PSoC5/Filter_PVT.c **** void Filter_SetInterruptMode(uint8 events) 
  46:Generated_Source\PSoC5/Filter_PVT.c **** {
  28              		.loc 1 46 0
  29              		.cfi_startproc
  30              		@ args = 0, pretend = 0, frame = 8
  31              		@ frame_needed = 1, uses_anonymous_args = 0
  32              		@ link register save eliminated.
  33 0000 80B4     		push	{r7}
  34              		.cfi_def_cfa_offset 4
  35              		.cfi_offset 7, -4
  36 0002 83B0     		sub	sp, sp, #12
  37              		.cfi_def_cfa_offset 16
  38 0004 00AF     		add	r7, sp, #0
  39              		.cfi_def_cfa_register 7
  40 0006 0346     		mov	r3, r0
  41 0008 FB71     		strb	r3, [r7, #7]
  47:Generated_Source\PSoC5/Filter_PVT.c ****     events &= Filter_EVENT_MASK;
  42              		.loc 1 47 0
  43 000a FB79     		ldrb	r3, [r7, #7]
  44 000c 03F01F03 		and	r3, r3, #31
  45 0010 FB71     		strb	r3, [r7, #7]
  48:Generated_Source\PSoC5/Filter_PVT.c ****     Filter_INT_CTRL_REG = events;
  46              		.loc 1 48 0
  47 0012 044A     		ldr	r2, .L2
  48 0014 FB79     		ldrb	r3, [r7, #7]
  49 0016 1370     		strb	r3, [r2]
  49:Generated_Source\PSoC5/Filter_PVT.c **** }
  50              		.loc 1 49 0
  51 0018 00BF     		nop
  52 001a 0C37     		adds	r7, r7, #12
  53              		.cfi_def_cfa_offset 4
  54 001c BD46     		mov	sp, r7
  55              		.cfi_def_cfa_register 13
  56              		@ sp needed
  57 001e 80BC     		pop	{r7}
  58              		.cfi_restore 7
  59              		.cfi_def_cfa_offset 0
  60 0020 7047     		bx	lr
  61              	.L3:
  62 0022 00BF     		.align	2
  63              	.L2:
  64 0024 98C70040 		.word	1073792920
  65              		.cfi_endproc
ARM GAS  C:\Users\rens_\AppData\Local\Temp\cchceKPY.s 			page 3


  66              	.LFE0:
  67              		.size	Filter_SetInterruptMode, .-Filter_SetInterruptMode
  68              		.section	.text.Filter_SetDMAMode,"ax",%progbits
  69              		.align	2
  70              		.global	Filter_SetDMAMode
  71              		.thumb
  72              		.thumb_func
  73              		.type	Filter_SetDMAMode, %function
  74              	Filter_SetDMAMode:
  75              	.LFB1:
  50:Generated_Source\PSoC5/Filter_PVT.c **** 
  51:Generated_Source\PSoC5/Filter_PVT.c **** 
  52:Generated_Source\PSoC5/Filter_PVT.c **** /*******************************************************************************
  53:Generated_Source\PSoC5/Filter_PVT.c **** * Function Name: Filter_SetDMAMode
  54:Generated_Source\PSoC5/Filter_PVT.c **** ********************************************************************************
  55:Generated_Source\PSoC5/Filter_PVT.c **** *
  56:Generated_Source\PSoC5/Filter_PVT.c **** * Summary:
  57:Generated_Source\PSoC5/Filter_PVT.c **** *  Assign the events which will trigger a DMA request for the DFB.  There are 
  58:Generated_Source\PSoC5/Filter_PVT.c **** *  two different DMA requests that can be triggered.
  59:Generated_Source\PSoC5/Filter_PVT.c **** *
  60:Generated_Source\PSoC5/Filter_PVT.c **** * Parameters:  
  61:Generated_Source\PSoC5/Filter_PVT.c **** *  events:  A set of 4 bits which configure what event, if any, triggers a DMA 
  62:Generated_Source\PSoC5/Filter_PVT.c **** *           request for the DFB.  
  63:Generated_Source\PSoC5/Filter_PVT.c **** *           Bits [0:1] configure the trigger for DMA Request 1
  64:Generated_Source\PSoC5/Filter_PVT.c **** *           Bits [2:3] configure the trigger for DMA Request 2
  65:Generated_Source\PSoC5/Filter_PVT.c **** *            DMA Request 1: 
  66:Generated_Source\PSoC5/Filter_PVT.c **** *               0 - no request will be generated
  67:Generated_Source\PSoC5/Filter_PVT.c **** *               1 - Output value ready in the holding register on channel A
  68:Generated_Source\PSoC5/Filter_PVT.c **** *               2 - Semaphore 0
  69:Generated_Source\PSoC5/Filter_PVT.c **** *               3 - Sempahore 1
  70:Generated_Source\PSoC5/Filter_PVT.c **** *            DMA Request 2: 
  71:Generated_Source\PSoC5/Filter_PVT.c **** *               0 - no request will be generated
  72:Generated_Source\PSoC5/Filter_PVT.c **** *               1 - Output value ready in the holding register on channel B
  73:Generated_Source\PSoC5/Filter_PVT.c **** *               2 - Semaphore 0
  74:Generated_Source\PSoC5/Filter_PVT.c **** *               3 - Sempahore 1
  75:Generated_Source\PSoC5/Filter_PVT.c **** *
  76:Generated_Source\PSoC5/Filter_PVT.c **** * Return: 
  77:Generated_Source\PSoC5/Filter_PVT.c **** *  void
  78:Generated_Source\PSoC5/Filter_PVT.c **** *
  79:Generated_Source\PSoC5/Filter_PVT.c **** * Note:
  80:Generated_Source\PSoC5/Filter_PVT.c **** *  Semaphore 0 and Semaphore 1 should not be configured as both a DMA request 
  81:Generated_Source\PSoC5/Filter_PVT.c **** *  and an interrupt event, because, after one clock cycle, the system 
  82:Generated_Source\PSoC5/Filter_PVT.c **** *  automatically clears any semaphore which triggered a DMA request.
  83:Generated_Source\PSoC5/Filter_PVT.c **** *
  84:Generated_Source\PSoC5/Filter_PVT.c **** *******************************************************************************/
  85:Generated_Source\PSoC5/Filter_PVT.c **** void Filter_SetDMAMode(uint8 events) 
  86:Generated_Source\PSoC5/Filter_PVT.c **** {
  76              		.loc 1 86 0
  77              		.cfi_startproc
  78              		@ args = 0, pretend = 0, frame = 8
  79              		@ frame_needed = 1, uses_anonymous_args = 0
  80              		@ link register save eliminated.
  81 0000 80B4     		push	{r7}
  82              		.cfi_def_cfa_offset 4
  83              		.cfi_offset 7, -4
  84 0002 83B0     		sub	sp, sp, #12
  85              		.cfi_def_cfa_offset 16
ARM GAS  C:\Users\rens_\AppData\Local\Temp\cchceKPY.s 			page 4


  86 0004 00AF     		add	r7, sp, #0
  87              		.cfi_def_cfa_register 7
  88 0006 0346     		mov	r3, r0
  89 0008 FB71     		strb	r3, [r7, #7]
  87:Generated_Source\PSoC5/Filter_PVT.c ****     events &= Filter_DMA_CTRL_MASK;
  90              		.loc 1 87 0
  91 000a FB79     		ldrb	r3, [r7, #7]
  92 000c 03F00F03 		and	r3, r3, #15
  93 0010 FB71     		strb	r3, [r7, #7]
  88:Generated_Source\PSoC5/Filter_PVT.c ****     Filter_DMA_CTRL_REG = events;
  94              		.loc 1 88 0
  95 0012 044A     		ldr	r2, .L5
  96 0014 FB79     		ldrb	r3, [r7, #7]
  97 0016 1370     		strb	r3, [r2]
  89:Generated_Source\PSoC5/Filter_PVT.c **** }
  98              		.loc 1 89 0
  99 0018 00BF     		nop
 100 001a 0C37     		adds	r7, r7, #12
 101              		.cfi_def_cfa_offset 4
 102 001c BD46     		mov	sp, r7
 103              		.cfi_def_cfa_register 13
 104              		@ sp needed
 105 001e 80BC     		pop	{r7}
 106              		.cfi_restore 7
 107              		.cfi_def_cfa_offset 0
 108 0020 7047     		bx	lr
 109              	.L6:
 110 0022 00BF     		.align	2
 111              	.L5:
 112 0024 9CC70040 		.word	1073792924
 113              		.cfi_endproc
 114              	.LFE1:
 115              		.size	Filter_SetDMAMode, .-Filter_SetDMAMode
 116              		.text
 117              	.Letext0:
 118              		.file 2 "Generated_Source\\PSoC5\\cytypes.h"
 119              		.section	.debug_info,"",%progbits
 120              	.Ldebug_info0:
 121 0000 EB000000 		.4byte	0xeb
 122 0004 0400     		.2byte	0x4
 123 0006 00000000 		.4byte	.Ldebug_abbrev0
 124 000a 04       		.byte	0x4
 125 000b 01       		.uleb128 0x1
 126 000c E1000000 		.4byte	.LASF17
 127 0010 0C       		.byte	0xc
 128 0011 81000000 		.4byte	.LASF18
 129 0015 1B000000 		.4byte	.LASF19
 130 0019 00000000 		.4byte	.Ldebug_ranges0+0
 131 001d 00000000 		.4byte	0
 132 0021 00000000 		.4byte	.Ldebug_line0
 133 0025 02       		.uleb128 0x2
 134 0026 04       		.byte	0x4
 135 0027 05       		.byte	0x5
 136 0028 696E7400 		.ascii	"int\000"
 137 002c 03       		.uleb128 0x3
 138 002d 04       		.byte	0x4
 139 002e 07       		.byte	0x7
ARM GAS  C:\Users\rens_\AppData\Local\Temp\cchceKPY.s 			page 5


 140 002f 0E000000 		.4byte	.LASF0
 141 0033 03       		.uleb128 0x3
 142 0034 08       		.byte	0x8
 143 0035 05       		.byte	0x5
 144 0036 00000000 		.4byte	.LASF1
 145 003a 03       		.uleb128 0x3
 146 003b 08       		.byte	0x8
 147 003c 04       		.byte	0x4
 148 003d B1010000 		.4byte	.LASF2
 149 0041 03       		.uleb128 0x3
 150 0042 01       		.byte	0x1
 151 0043 06       		.byte	0x6
 152 0044 A5010000 		.4byte	.LASF3
 153 0048 03       		.uleb128 0x3
 154 0049 01       		.byte	0x1
 155 004a 08       		.byte	0x8
 156 004b 6F010000 		.4byte	.LASF4
 157 004f 03       		.uleb128 0x3
 158 0050 02       		.byte	0x2
 159 0051 05       		.byte	0x5
 160 0052 D5010000 		.4byte	.LASF5
 161 0056 03       		.uleb128 0x3
 162 0057 02       		.byte	0x2
 163 0058 07       		.byte	0x7
 164 0059 92010000 		.4byte	.LASF6
 165 005d 03       		.uleb128 0x3
 166 005e 04       		.byte	0x4
 167 005f 05       		.byte	0x5
 168 0060 82010000 		.4byte	.LASF7
 169 0064 03       		.uleb128 0x3
 170 0065 04       		.byte	0x4
 171 0066 07       		.byte	0x7
 172 0067 AB000000 		.4byte	.LASF8
 173 006b 03       		.uleb128 0x3
 174 006c 08       		.byte	0x8
 175 006d 07       		.byte	0x7
 176 006e BD000000 		.4byte	.LASF9
 177 0072 03       		.uleb128 0x3
 178 0073 04       		.byte	0x4
 179 0074 07       		.byte	0x7
 180 0075 E4010000 		.4byte	.LASF10
 181 0079 03       		.uleb128 0x3
 182 007a 01       		.byte	0x1
 183 007b 08       		.byte	0x8
 184 007c 7D010000 		.4byte	.LASF11
 185 0080 04       		.uleb128 0x4
 186 0081 A5000000 		.4byte	.LASF14
 187 0085 02       		.byte	0x2
 188 0086 A1       		.byte	0xa1
 189 0087 48000000 		.4byte	0x48
 190 008b 03       		.uleb128 0x3
 191 008c 04       		.byte	0x4
 192 008d 04       		.byte	0x4
 193 008e DB000000 		.4byte	.LASF12
 194 0092 03       		.uleb128 0x3
 195 0093 08       		.byte	0x8
 196 0094 04       		.byte	0x4
ARM GAS  C:\Users\rens_\AppData\Local\Temp\cchceKPY.s 			page 6


 197 0095 8B010000 		.4byte	.LASF13
 198 0099 05       		.uleb128 0x5
 199 009a DF010000 		.4byte	.LASF15
 200 009e 02       		.byte	0x2
 201 009f 4B01     		.2byte	0x14b
 202 00a1 A5000000 		.4byte	0xa5
 203 00a5 06       		.uleb128 0x6
 204 00a6 80000000 		.4byte	0x80
 205 00aa 07       		.uleb128 0x7
 206 00ab BD010000 		.4byte	.LASF20
 207 00af 01       		.byte	0x1
 208 00b0 2D       		.byte	0x2d
 209 00b1 00000000 		.4byte	.LFB0
 210 00b5 28000000 		.4byte	.LFE0-.LFB0
 211 00b9 01       		.uleb128 0x1
 212 00ba 9C       		.byte	0x9c
 213 00bb CE000000 		.4byte	0xce
 214 00bf 08       		.uleb128 0x8
 215 00c0 D4000000 		.4byte	.LASF16
 216 00c4 01       		.byte	0x1
 217 00c5 2D       		.byte	0x2d
 218 00c6 80000000 		.4byte	0x80
 219 00ca 02       		.uleb128 0x2
 220 00cb 91       		.byte	0x91
 221 00cc 77       		.sleb128 -9
 222 00cd 00       		.byte	0
 223 00ce 09       		.uleb128 0x9
 224 00cf 6F000000 		.4byte	.LASF21
 225 00d3 01       		.byte	0x1
 226 00d4 55       		.byte	0x55
 227 00d5 00000000 		.4byte	.LFB1
 228 00d9 28000000 		.4byte	.LFE1-.LFB1
 229 00dd 01       		.uleb128 0x1
 230 00de 9C       		.byte	0x9c
 231 00df 08       		.uleb128 0x8
 232 00e0 D4000000 		.4byte	.LASF16
 233 00e4 01       		.byte	0x1
 234 00e5 55       		.byte	0x55
 235 00e6 80000000 		.4byte	0x80
 236 00ea 02       		.uleb128 0x2
 237 00eb 91       		.byte	0x91
 238 00ec 77       		.sleb128 -9
 239 00ed 00       		.byte	0
 240 00ee 00       		.byte	0
 241              		.section	.debug_abbrev,"",%progbits
 242              	.Ldebug_abbrev0:
 243 0000 01       		.uleb128 0x1
 244 0001 11       		.uleb128 0x11
 245 0002 01       		.byte	0x1
 246 0003 25       		.uleb128 0x25
 247 0004 0E       		.uleb128 0xe
 248 0005 13       		.uleb128 0x13
 249 0006 0B       		.uleb128 0xb
 250 0007 03       		.uleb128 0x3
 251 0008 0E       		.uleb128 0xe
 252 0009 1B       		.uleb128 0x1b
 253 000a 0E       		.uleb128 0xe
ARM GAS  C:\Users\rens_\AppData\Local\Temp\cchceKPY.s 			page 7


 254 000b 55       		.uleb128 0x55
 255 000c 17       		.uleb128 0x17
 256 000d 11       		.uleb128 0x11
 257 000e 01       		.uleb128 0x1
 258 000f 10       		.uleb128 0x10
 259 0010 17       		.uleb128 0x17
 260 0011 00       		.byte	0
 261 0012 00       		.byte	0
 262 0013 02       		.uleb128 0x2
 263 0014 24       		.uleb128 0x24
 264 0015 00       		.byte	0
 265 0016 0B       		.uleb128 0xb
 266 0017 0B       		.uleb128 0xb
 267 0018 3E       		.uleb128 0x3e
 268 0019 0B       		.uleb128 0xb
 269 001a 03       		.uleb128 0x3
 270 001b 08       		.uleb128 0x8
 271 001c 00       		.byte	0
 272 001d 00       		.byte	0
 273 001e 03       		.uleb128 0x3
 274 001f 24       		.uleb128 0x24
 275 0020 00       		.byte	0
 276 0021 0B       		.uleb128 0xb
 277 0022 0B       		.uleb128 0xb
 278 0023 3E       		.uleb128 0x3e
 279 0024 0B       		.uleb128 0xb
 280 0025 03       		.uleb128 0x3
 281 0026 0E       		.uleb128 0xe
 282 0027 00       		.byte	0
 283 0028 00       		.byte	0
 284 0029 04       		.uleb128 0x4
 285 002a 16       		.uleb128 0x16
 286 002b 00       		.byte	0
 287 002c 03       		.uleb128 0x3
 288 002d 0E       		.uleb128 0xe
 289 002e 3A       		.uleb128 0x3a
 290 002f 0B       		.uleb128 0xb
 291 0030 3B       		.uleb128 0x3b
 292 0031 0B       		.uleb128 0xb
 293 0032 49       		.uleb128 0x49
 294 0033 13       		.uleb128 0x13
 295 0034 00       		.byte	0
 296 0035 00       		.byte	0
 297 0036 05       		.uleb128 0x5
 298 0037 16       		.uleb128 0x16
 299 0038 00       		.byte	0
 300 0039 03       		.uleb128 0x3
 301 003a 0E       		.uleb128 0xe
 302 003b 3A       		.uleb128 0x3a
 303 003c 0B       		.uleb128 0xb
 304 003d 3B       		.uleb128 0x3b
 305 003e 05       		.uleb128 0x5
 306 003f 49       		.uleb128 0x49
 307 0040 13       		.uleb128 0x13
 308 0041 00       		.byte	0
 309 0042 00       		.byte	0
 310 0043 06       		.uleb128 0x6
ARM GAS  C:\Users\rens_\AppData\Local\Temp\cchceKPY.s 			page 8


 311 0044 35       		.uleb128 0x35
 312 0045 00       		.byte	0
 313 0046 49       		.uleb128 0x49
 314 0047 13       		.uleb128 0x13
 315 0048 00       		.byte	0
 316 0049 00       		.byte	0
 317 004a 07       		.uleb128 0x7
 318 004b 2E       		.uleb128 0x2e
 319 004c 01       		.byte	0x1
 320 004d 3F       		.uleb128 0x3f
 321 004e 19       		.uleb128 0x19
 322 004f 03       		.uleb128 0x3
 323 0050 0E       		.uleb128 0xe
 324 0051 3A       		.uleb128 0x3a
 325 0052 0B       		.uleb128 0xb
 326 0053 3B       		.uleb128 0x3b
 327 0054 0B       		.uleb128 0xb
 328 0055 27       		.uleb128 0x27
 329 0056 19       		.uleb128 0x19
 330 0057 11       		.uleb128 0x11
 331 0058 01       		.uleb128 0x1
 332 0059 12       		.uleb128 0x12
 333 005a 06       		.uleb128 0x6
 334 005b 40       		.uleb128 0x40
 335 005c 18       		.uleb128 0x18
 336 005d 9742     		.uleb128 0x2117
 337 005f 19       		.uleb128 0x19
 338 0060 01       		.uleb128 0x1
 339 0061 13       		.uleb128 0x13
 340 0062 00       		.byte	0
 341 0063 00       		.byte	0
 342 0064 08       		.uleb128 0x8
 343 0065 05       		.uleb128 0x5
 344 0066 00       		.byte	0
 345 0067 03       		.uleb128 0x3
 346 0068 0E       		.uleb128 0xe
 347 0069 3A       		.uleb128 0x3a
 348 006a 0B       		.uleb128 0xb
 349 006b 3B       		.uleb128 0x3b
 350 006c 0B       		.uleb128 0xb
 351 006d 49       		.uleb128 0x49
 352 006e 13       		.uleb128 0x13
 353 006f 02       		.uleb128 0x2
 354 0070 18       		.uleb128 0x18
 355 0071 00       		.byte	0
 356 0072 00       		.byte	0
 357 0073 09       		.uleb128 0x9
 358 0074 2E       		.uleb128 0x2e
 359 0075 01       		.byte	0x1
 360 0076 3F       		.uleb128 0x3f
 361 0077 19       		.uleb128 0x19
 362 0078 03       		.uleb128 0x3
 363 0079 0E       		.uleb128 0xe
 364 007a 3A       		.uleb128 0x3a
 365 007b 0B       		.uleb128 0xb
 366 007c 3B       		.uleb128 0x3b
 367 007d 0B       		.uleb128 0xb
ARM GAS  C:\Users\rens_\AppData\Local\Temp\cchceKPY.s 			page 9


 368 007e 27       		.uleb128 0x27
 369 007f 19       		.uleb128 0x19
 370 0080 11       		.uleb128 0x11
 371 0081 01       		.uleb128 0x1
 372 0082 12       		.uleb128 0x12
 373 0083 06       		.uleb128 0x6
 374 0084 40       		.uleb128 0x40
 375 0085 18       		.uleb128 0x18
 376 0086 9742     		.uleb128 0x2117
 377 0088 19       		.uleb128 0x19
 378 0089 00       		.byte	0
 379 008a 00       		.byte	0
 380 008b 00       		.byte	0
 381              		.section	.debug_aranges,"",%progbits
 382 0000 24000000 		.4byte	0x24
 383 0004 0200     		.2byte	0x2
 384 0006 00000000 		.4byte	.Ldebug_info0
 385 000a 04       		.byte	0x4
 386 000b 00       		.byte	0
 387 000c 0000     		.2byte	0
 388 000e 0000     		.2byte	0
 389 0010 00000000 		.4byte	.LFB0
 390 0014 28000000 		.4byte	.LFE0-.LFB0
 391 0018 00000000 		.4byte	.LFB1
 392 001c 28000000 		.4byte	.LFE1-.LFB1
 393 0020 00000000 		.4byte	0
 394 0024 00000000 		.4byte	0
 395              		.section	.debug_ranges,"",%progbits
 396              	.Ldebug_ranges0:
 397 0000 00000000 		.4byte	.LFB0
 398 0004 28000000 		.4byte	.LFE0
 399 0008 00000000 		.4byte	.LFB1
 400 000c 28000000 		.4byte	.LFE1
 401 0010 00000000 		.4byte	0
 402 0014 00000000 		.4byte	0
 403              		.section	.debug_line,"",%progbits
 404              	.Ldebug_line0:
 405 0000 72000000 		.section	.debug_str,"MS",%progbits,1
 405      02004700 
 405      00000201 
 405      FB0E0D00 
 405      01010101 
 406              	.LASF1:
 407 0000 6C6F6E67 		.ascii	"long long int\000"
 407      206C6F6E 
 407      6720696E 
 407      7400
 408              	.LASF0:
 409 000e 756E7369 		.ascii	"unsigned int\000"
 409      676E6564 
 409      20696E74 
 409      00
 410              	.LASF19:
 411 001b 433A5C55 		.ascii	"C:\\Users\\rens_\\Downloads\\AN60321\\AN60321\\AN60"
 411      73657273 
 411      5C72656E 
 411      735F5C44 
ARM GAS  C:\Users\rens_\AppData\Local\Temp\cchceKPY.s 			page 10


 411      6F776E6C 
 412 0048 3332312D 		.ascii	"321-Proj\\D_Maximum_Peak_Detector.cydsn\000"
 412      50726F6A 
 412      5C445F4D 
 412      6178696D 
 412      756D5F50 
 413              	.LASF21:
 414 006f 46696C74 		.ascii	"Filter_SetDMAMode\000"
 414      65725F53 
 414      6574444D 
 414      414D6F64 
 414      6500
 415              	.LASF18:
 416 0081 47656E65 		.ascii	"Generated_Source\\PSoC5\\Filter_PVT.c\000"
 416      72617465 
 416      645F536F 
 416      75726365 
 416      5C50536F 
 417              	.LASF14:
 418 00a5 75696E74 		.ascii	"uint8\000"
 418      3800
 419              	.LASF8:
 420 00ab 6C6F6E67 		.ascii	"long unsigned int\000"
 420      20756E73 
 420      69676E65 
 420      6420696E 
 420      7400
 421              	.LASF9:
 422 00bd 6C6F6E67 		.ascii	"long long unsigned int\000"
 422      206C6F6E 
 422      6720756E 
 422      7369676E 
 422      65642069 
 423              	.LASF16:
 424 00d4 6576656E 		.ascii	"events\000"
 424      747300
 425              	.LASF12:
 426 00db 666C6F61 		.ascii	"float\000"
 426      7400
 427              	.LASF17:
 428 00e1 474E5520 		.ascii	"GNU C11 5.4.1 20160609 (release) [ARM/embedded-5-br"
 428      43313120 
 428      352E342E 
 428      31203230 
 428      31363036 
 429 0114 616E6368 		.ascii	"anch revision 237715] -mcpu=cortex-m3 -mthumb -g -O"
 429      20726576 
 429      6973696F 
 429      6E203233 
 429      37373135 
 430 0147 30202D66 		.ascii	"0 -ffunction-sections -ffat-lto-objects\000"
 430      66756E63 
 430      74696F6E 
 430      2D736563 
 430      74696F6E 
 431              	.LASF4:
 432 016f 756E7369 		.ascii	"unsigned char\000"
ARM GAS  C:\Users\rens_\AppData\Local\Temp\cchceKPY.s 			page 11


 432      676E6564 
 432      20636861 
 432      7200
 433              	.LASF11:
 434 017d 63686172 		.ascii	"char\000"
 434      00
 435              	.LASF7:
 436 0182 6C6F6E67 		.ascii	"long int\000"
 436      20696E74 
 436      00
 437              	.LASF13:
 438 018b 646F7562 		.ascii	"double\000"
 438      6C6500
 439              	.LASF6:
 440 0192 73686F72 		.ascii	"short unsigned int\000"
 440      7420756E 
 440      7369676E 
 440      65642069 
 440      6E7400
 441              	.LASF3:
 442 01a5 7369676E 		.ascii	"signed char\000"
 442      65642063 
 442      68617200 
 443              	.LASF2:
 444 01b1 6C6F6E67 		.ascii	"long double\000"
 444      20646F75 
 444      626C6500 
 445              	.LASF20:
 446 01bd 46696C74 		.ascii	"Filter_SetInterruptMode\000"
 446      65725F53 
 446      6574496E 
 446      74657272 
 446      7570744D 
 447              	.LASF5:
 448 01d5 73686F72 		.ascii	"short int\000"
 448      7420696E 
 448      7400
 449              	.LASF15:
 450 01df 72656738 		.ascii	"reg8\000"
 450      00
 451              	.LASF10:
 452 01e4 73697A65 		.ascii	"sizetype\000"
 452      74797065 
 452      00
 453              		.ident	"GCC: (GNU Tools for ARM Embedded Processors) 5.4.1 20160609 (release) [ARM/embedded-5-bran
