ARM GAS  C:\Users\rens_\AppData\Local\Temp\ccgT4T5A.s 			page 1


   1              		.syntax unified
   2              		.cpu cortex-m3
   3              		.fpu softvfp
   4              		.eabi_attribute 20, 1
   5              		.eabi_attribute 21, 1
   6              		.eabi_attribute 23, 3
   7              		.eabi_attribute 24, 1
   8              		.eabi_attribute 25, 1
   9              		.eabi_attribute 26, 1
  10              		.eabi_attribute 30, 6
  11              		.eabi_attribute 34, 1
  12              		.eabi_attribute 18, 4
  13              		.thumb
  14              		.syntax unified
  15              		.file	"Filter_Coefficients.c"
  16              		.text
  17              	.Ltext0:
  18              		.cfi_sections	.debug_frame
  19              		.global	Filter_ChannelAFirCoefficients
  20              		.section	.rodata
  21              		.align	2
  22              		.type	Filter_ChannelAFirCoefficients, %object
  23              		.size	Filter_ChannelAFirCoefficients, 128
  24              	Filter_ChannelAFirCoefficients:
  25 0000 BE       		.byte	-66
  26 0001 CD       		.byte	-51
  27 0002 FF       		.byte	-1
  28 0003 00       		.byte	0
  29 0004 26       		.byte	38
  30 0005 C7       		.byte	-57
  31 0006 FF       		.byte	-1
  32 0007 00       		.byte	0
  33 0008 9B       		.byte	-101
  34 0009 C0       		.byte	-64
  35 000a FF       		.byte	-1
  36 000b 00       		.byte	0
  37 000c 0A       		.byte	10
  38 000d C6       		.byte	-58
  39 000e FF       		.byte	-1
  40 000f 00       		.byte	0
  41 0010 91       		.byte	-111
  42 0011 E7       		.byte	-25
  43 0012 FF       		.byte	-1
  44 0013 00       		.byte	0
  45 0014 C7       		.byte	-57
  46 0015 36       		.byte	54
  47 0016 00       		.byte	0
  48 0017 00       		.byte	0
  49 0018 50       		.byte	80
  50 0019 C3       		.byte	-61
  51 001a 00       		.byte	0
  52 001b 00       		.byte	0
  53 001c 3D       		.byte	61
  54 001d 97       		.byte	-105
  55 001e 01       		.byte	1
  56 001f 00       		.byte	0
  57 0020 08       		.byte	8
ARM GAS  C:\Users\rens_\AppData\Local\Temp\ccgT4T5A.s 			page 2


  58 0021 B4       		.byte	-76
  59 0022 02       		.byte	2
  60 0023 00       		.byte	0
  61 0024 B0       		.byte	-80
  62 0025 10       		.byte	16
  63 0026 04       		.byte	4
  64 0027 00       		.byte	0
  65 0028 7B       		.byte	123
  66 0029 99       		.byte	-103
  67 002a 05       		.byte	5
  68 002b 00       		.byte	0
  69 002c 7C       		.byte	124
  70 002d 31       		.byte	49
  71 002e 07       		.byte	7
  72 002f 00       		.byte	0
  73 0030 CB       		.byte	-53
  74 0031 B5       		.byte	-75
  75 0032 08       		.byte	8
  76 0033 00       		.byte	0
  77 0034 E6       		.byte	-26
  78 0035 01       		.byte	1
  79 0036 0A       		.byte	10
  80 0037 00       		.byte	0
  81 0038 9F       		.byte	-97
  82 0039 F4       		.byte	-12
  83 003a 0A       		.byte	10
  84 003b 00       		.byte	0
  85 003c C6       		.byte	-58
  86 003d 74       		.byte	116
  87 003e 0B       		.byte	11
  88 003f 00       		.byte	0
  89 0040 C6       		.byte	-58
  90 0041 74       		.byte	116
  91 0042 0B       		.byte	11
  92 0043 00       		.byte	0
  93 0044 9F       		.byte	-97
  94 0045 F4       		.byte	-12
  95 0046 0A       		.byte	10
  96 0047 00       		.byte	0
  97 0048 E6       		.byte	-26
  98 0049 01       		.byte	1
  99 004a 0A       		.byte	10
 100 004b 00       		.byte	0
 101 004c CB       		.byte	-53
 102 004d B5       		.byte	-75
 103 004e 08       		.byte	8
 104 004f 00       		.byte	0
 105 0050 7C       		.byte	124
 106 0051 31       		.byte	49
 107 0052 07       		.byte	7
 108 0053 00       		.byte	0
 109 0054 7B       		.byte	123
 110 0055 99       		.byte	-103
 111 0056 05       		.byte	5
 112 0057 00       		.byte	0
 113 0058 B0       		.byte	-80
 114 0059 10       		.byte	16
ARM GAS  C:\Users\rens_\AppData\Local\Temp\ccgT4T5A.s 			page 3


 115 005a 04       		.byte	4
 116 005b 00       		.byte	0
 117 005c 08       		.byte	8
 118 005d B4       		.byte	-76
 119 005e 02       		.byte	2
 120 005f 00       		.byte	0
 121 0060 3D       		.byte	61
 122 0061 97       		.byte	-105
 123 0062 01       		.byte	1
 124 0063 00       		.byte	0
 125 0064 50       		.byte	80
 126 0065 C3       		.byte	-61
 127 0066 00       		.byte	0
 128 0067 00       		.byte	0
 129 0068 C7       		.byte	-57
 130 0069 36       		.byte	54
 131 006a 00       		.byte	0
 132 006b 00       		.byte	0
 133 006c 91       		.byte	-111
 134 006d E7       		.byte	-25
 135 006e FF       		.byte	-1
 136 006f 00       		.byte	0
 137 0070 0A       		.byte	10
 138 0071 C6       		.byte	-58
 139 0072 FF       		.byte	-1
 140 0073 00       		.byte	0
 141 0074 9B       		.byte	-101
 142 0075 C0       		.byte	-64
 143 0076 FF       		.byte	-1
 144 0077 00       		.byte	0
 145 0078 26       		.byte	38
 146 0079 C7       		.byte	-57
 147 007a FF       		.byte	-1
 148 007b 00       		.byte	0
 149 007c BE       		.byte	-66
 150 007d CD       		.byte	-51
 151 007e FF       		.byte	-1
 152 007f 00       		.byte	0
 153              		.global	Filter_ChannelBFirCoefficients
 154              		.align	2
 155              		.type	Filter_ChannelBFirCoefficients, %object
 156              		.size	Filter_ChannelBFirCoefficients, 128
 157              	Filter_ChannelBFirCoefficients:
 158 0080 BE       		.byte	-66
 159 0081 CD       		.byte	-51
 160 0082 FF       		.byte	-1
 161 0083 00       		.byte	0
 162 0084 26       		.byte	38
 163 0085 C7       		.byte	-57
 164 0086 FF       		.byte	-1
 165 0087 00       		.byte	0
 166 0088 9B       		.byte	-101
 167 0089 C0       		.byte	-64
 168 008a FF       		.byte	-1
 169 008b 00       		.byte	0
 170 008c 0A       		.byte	10
 171 008d C6       		.byte	-58
ARM GAS  C:\Users\rens_\AppData\Local\Temp\ccgT4T5A.s 			page 4


 172 008e FF       		.byte	-1
 173 008f 00       		.byte	0
 174 0090 91       		.byte	-111
 175 0091 E7       		.byte	-25
 176 0092 FF       		.byte	-1
 177 0093 00       		.byte	0
 178 0094 C7       		.byte	-57
 179 0095 36       		.byte	54
 180 0096 00       		.byte	0
 181 0097 00       		.byte	0
 182 0098 50       		.byte	80
 183 0099 C3       		.byte	-61
 184 009a 00       		.byte	0
 185 009b 00       		.byte	0
 186 009c 3D       		.byte	61
 187 009d 97       		.byte	-105
 188 009e 01       		.byte	1
 189 009f 00       		.byte	0
 190 00a0 08       		.byte	8
 191 00a1 B4       		.byte	-76
 192 00a2 02       		.byte	2
 193 00a3 00       		.byte	0
 194 00a4 B0       		.byte	-80
 195 00a5 10       		.byte	16
 196 00a6 04       		.byte	4
 197 00a7 00       		.byte	0
 198 00a8 7B       		.byte	123
 199 00a9 99       		.byte	-103
 200 00aa 05       		.byte	5
 201 00ab 00       		.byte	0
 202 00ac 7C       		.byte	124
 203 00ad 31       		.byte	49
 204 00ae 07       		.byte	7
 205 00af 00       		.byte	0
 206 00b0 CB       		.byte	-53
 207 00b1 B5       		.byte	-75
 208 00b2 08       		.byte	8
 209 00b3 00       		.byte	0
 210 00b4 E6       		.byte	-26
 211 00b5 01       		.byte	1
 212 00b6 0A       		.byte	10
 213 00b7 00       		.byte	0
 214 00b8 9F       		.byte	-97
 215 00b9 F4       		.byte	-12
 216 00ba 0A       		.byte	10
 217 00bb 00       		.byte	0
 218 00bc C6       		.byte	-58
 219 00bd 74       		.byte	116
 220 00be 0B       		.byte	11
 221 00bf 00       		.byte	0
 222 00c0 C6       		.byte	-58
 223 00c1 74       		.byte	116
 224 00c2 0B       		.byte	11
 225 00c3 00       		.byte	0
 226 00c4 9F       		.byte	-97
 227 00c5 F4       		.byte	-12
 228 00c6 0A       		.byte	10
ARM GAS  C:\Users\rens_\AppData\Local\Temp\ccgT4T5A.s 			page 5


 229 00c7 00       		.byte	0
 230 00c8 E6       		.byte	-26
 231 00c9 01       		.byte	1
 232 00ca 0A       		.byte	10
 233 00cb 00       		.byte	0
 234 00cc CB       		.byte	-53
 235 00cd B5       		.byte	-75
 236 00ce 08       		.byte	8
 237 00cf 00       		.byte	0
 238 00d0 7C       		.byte	124
 239 00d1 31       		.byte	49
 240 00d2 07       		.byte	7
 241 00d3 00       		.byte	0
 242 00d4 7B       		.byte	123
 243 00d5 99       		.byte	-103
 244 00d6 05       		.byte	5
 245 00d7 00       		.byte	0
 246 00d8 B0       		.byte	-80
 247 00d9 10       		.byte	16
 248 00da 04       		.byte	4
 249 00db 00       		.byte	0
 250 00dc 08       		.byte	8
 251 00dd B4       		.byte	-76
 252 00de 02       		.byte	2
 253 00df 00       		.byte	0
 254 00e0 3D       		.byte	61
 255 00e1 97       		.byte	-105
 256 00e2 01       		.byte	1
 257 00e3 00       		.byte	0
 258 00e4 50       		.byte	80
 259 00e5 C3       		.byte	-61
 260 00e6 00       		.byte	0
 261 00e7 00       		.byte	0
 262 00e8 C7       		.byte	-57
 263 00e9 36       		.byte	54
 264 00ea 00       		.byte	0
 265 00eb 00       		.byte	0
 266 00ec 91       		.byte	-111
 267 00ed E7       		.byte	-25
 268 00ee FF       		.byte	-1
 269 00ef 00       		.byte	0
 270 00f0 0A       		.byte	10
 271 00f1 C6       		.byte	-58
 272 00f2 FF       		.byte	-1
 273 00f3 00       		.byte	0
 274 00f4 9B       		.byte	-101
 275 00f5 C0       		.byte	-64
 276 00f6 FF       		.byte	-1
 277 00f7 00       		.byte	0
 278 00f8 26       		.byte	38
 279 00f9 C7       		.byte	-57
 280 00fa FF       		.byte	-1
 281 00fb 00       		.byte	0
 282 00fc BE       		.byte	-66
 283 00fd CD       		.byte	-51
 284 00fe FF       		.byte	-1
 285 00ff 00       		.byte	0
ARM GAS  C:\Users\rens_\AppData\Local\Temp\ccgT4T5A.s 			page 6


 286              		.text
 287              	.Letext0:
 288              		.file 1 "Generated_Source\\PSoC5\\Filter_Coefficients.c"
 289              		.file 2 "Generated_Source\\PSoC5\\cytypes.h"
 290              		.section	.debug_info,"",%progbits
 291              	.Ldebug_info0:
 292 0000 D0000000 		.4byte	0xd0
 293 0004 0400     		.2byte	0x4
 294 0006 00000000 		.4byte	.Ldebug_abbrev0
 295 000a 04       		.byte	0x4
 296 000b 01       		.uleb128 0x1
 297 000c 6F000000 		.4byte	.LASF16
 298 0010 0C       		.byte	0xc
 299 0011 C8010000 		.4byte	.LASF17
 300 0015 19010000 		.4byte	.LASF18
 301 0019 00000000 		.4byte	.Ldebug_line0
 302 001d 02       		.uleb128 0x2
 303 001e 04       		.byte	0x4
 304 001f 05       		.byte	0x5
 305 0020 696E7400 		.ascii	"int\000"
 306 0024 03       		.uleb128 0x3
 307 0025 04       		.byte	0x4
 308 0026 07       		.byte	0x7
 309 0027 0E000000 		.4byte	.LASF0
 310 002b 03       		.uleb128 0x3
 311 002c 08       		.byte	0x8
 312 002d 05       		.byte	0x5
 313 002e 00000000 		.4byte	.LASF1
 314 0032 03       		.uleb128 0x3
 315 0033 08       		.byte	0x8
 316 0034 04       		.byte	0x4
 317 0035 8A010000 		.4byte	.LASF2
 318 0039 03       		.uleb128 0x3
 319 003a 01       		.byte	0x1
 320 003b 06       		.byte	0x6
 321 003c 7E010000 		.4byte	.LASF3
 322 0040 03       		.uleb128 0x3
 323 0041 01       		.byte	0x1
 324 0042 08       		.byte	0x8
 325 0043 FD000000 		.4byte	.LASF4
 326 0047 03       		.uleb128 0x3
 327 0048 02       		.byte	0x2
 328 0049 05       		.byte	0x5
 329 004a 96010000 		.4byte	.LASF5
 330 004e 03       		.uleb128 0x3
 331 004f 02       		.byte	0x2
 332 0050 07       		.byte	0x7
 333 0051 6B010000 		.4byte	.LASF6
 334 0055 03       		.uleb128 0x3
 335 0056 04       		.byte	0x4
 336 0057 05       		.byte	0x5
 337 0058 10010000 		.4byte	.LASF7
 338 005c 03       		.uleb128 0x3
 339 005d 04       		.byte	0x4
 340 005e 07       		.byte	0x7
 341 005f 21000000 		.4byte	.LASF8
 342 0063 03       		.uleb128 0x3
ARM GAS  C:\Users\rens_\AppData\Local\Temp\ccgT4T5A.s 			page 7


 343 0064 08       		.byte	0x8
 344 0065 07       		.byte	0x7
 345 0066 52000000 		.4byte	.LASF9
 346 006a 03       		.uleb128 0x3
 347 006b 04       		.byte	0x4
 348 006c 07       		.byte	0x7
 349 006d BF010000 		.4byte	.LASF10
 350 0071 03       		.uleb128 0x3
 351 0072 01       		.byte	0x1
 352 0073 08       		.byte	0x8
 353 0074 0B010000 		.4byte	.LASF11
 354 0078 04       		.uleb128 0x4
 355 0079 1B000000 		.4byte	.LASF19
 356 007d 02       		.byte	0x2
 357 007e 9201     		.2byte	0x192
 358 0080 40000000 		.4byte	0x40
 359 0084 03       		.uleb128 0x3
 360 0085 04       		.byte	0x4
 361 0086 04       		.byte	0x4
 362 0087 69000000 		.4byte	.LASF12
 363 008b 03       		.uleb128 0x3
 364 008c 08       		.byte	0x8
 365 008d 04       		.byte	0x4
 366 008e 64010000 		.4byte	.LASF13
 367 0092 05       		.uleb128 0x5
 368 0093 A2000000 		.4byte	0xa2
 369 0097 A2000000 		.4byte	0xa2
 370 009b 06       		.uleb128 0x6
 371 009c 6A000000 		.4byte	0x6a
 372 00a0 7F       		.byte	0x7f
 373 00a1 00       		.byte	0
 374 00a2 07       		.uleb128 0x7
 375 00a3 78000000 		.4byte	0x78
 376 00a7 08       		.uleb128 0x8
 377 00a8 A0010000 		.4byte	.LASF14
 378 00ac 01       		.byte	0x1
 379 00ad 11       		.byte	0x11
 380 00ae B8000000 		.4byte	0xb8
 381 00b2 05       		.uleb128 0x5
 382 00b3 03       		.byte	0x3
 383 00b4 00000000 		.4byte	Filter_ChannelAFirCoefficients
 384 00b8 07       		.uleb128 0x7
 385 00b9 92000000 		.4byte	0x92
 386 00bd 08       		.uleb128 0x8
 387 00be 33000000 		.4byte	.LASF15
 388 00c2 01       		.byte	0x1
 389 00c3 61       		.byte	0x61
 390 00c4 CE000000 		.4byte	0xce
 391 00c8 05       		.uleb128 0x5
 392 00c9 03       		.byte	0x3
 393 00ca 00000000 		.4byte	Filter_ChannelBFirCoefficients
 394 00ce 07       		.uleb128 0x7
 395 00cf 92000000 		.4byte	0x92
 396 00d3 00       		.byte	0
 397              		.section	.debug_abbrev,"",%progbits
 398              	.Ldebug_abbrev0:
 399 0000 01       		.uleb128 0x1
ARM GAS  C:\Users\rens_\AppData\Local\Temp\ccgT4T5A.s 			page 8


 400 0001 11       		.uleb128 0x11
 401 0002 01       		.byte	0x1
 402 0003 25       		.uleb128 0x25
 403 0004 0E       		.uleb128 0xe
 404 0005 13       		.uleb128 0x13
 405 0006 0B       		.uleb128 0xb
 406 0007 03       		.uleb128 0x3
 407 0008 0E       		.uleb128 0xe
 408 0009 1B       		.uleb128 0x1b
 409 000a 0E       		.uleb128 0xe
 410 000b 10       		.uleb128 0x10
 411 000c 17       		.uleb128 0x17
 412 000d 00       		.byte	0
 413 000e 00       		.byte	0
 414 000f 02       		.uleb128 0x2
 415 0010 24       		.uleb128 0x24
 416 0011 00       		.byte	0
 417 0012 0B       		.uleb128 0xb
 418 0013 0B       		.uleb128 0xb
 419 0014 3E       		.uleb128 0x3e
 420 0015 0B       		.uleb128 0xb
 421 0016 03       		.uleb128 0x3
 422 0017 08       		.uleb128 0x8
 423 0018 00       		.byte	0
 424 0019 00       		.byte	0
 425 001a 03       		.uleb128 0x3
 426 001b 24       		.uleb128 0x24
 427 001c 00       		.byte	0
 428 001d 0B       		.uleb128 0xb
 429 001e 0B       		.uleb128 0xb
 430 001f 3E       		.uleb128 0x3e
 431 0020 0B       		.uleb128 0xb
 432 0021 03       		.uleb128 0x3
 433 0022 0E       		.uleb128 0xe
 434 0023 00       		.byte	0
 435 0024 00       		.byte	0
 436 0025 04       		.uleb128 0x4
 437 0026 16       		.uleb128 0x16
 438 0027 00       		.byte	0
 439 0028 03       		.uleb128 0x3
 440 0029 0E       		.uleb128 0xe
 441 002a 3A       		.uleb128 0x3a
 442 002b 0B       		.uleb128 0xb
 443 002c 3B       		.uleb128 0x3b
 444 002d 05       		.uleb128 0x5
 445 002e 49       		.uleb128 0x49
 446 002f 13       		.uleb128 0x13
 447 0030 00       		.byte	0
 448 0031 00       		.byte	0
 449 0032 05       		.uleb128 0x5
 450 0033 01       		.uleb128 0x1
 451 0034 01       		.byte	0x1
 452 0035 49       		.uleb128 0x49
 453 0036 13       		.uleb128 0x13
 454 0037 01       		.uleb128 0x1
 455 0038 13       		.uleb128 0x13
 456 0039 00       		.byte	0
ARM GAS  C:\Users\rens_\AppData\Local\Temp\ccgT4T5A.s 			page 9


 457 003a 00       		.byte	0
 458 003b 06       		.uleb128 0x6
 459 003c 21       		.uleb128 0x21
 460 003d 00       		.byte	0
 461 003e 49       		.uleb128 0x49
 462 003f 13       		.uleb128 0x13
 463 0040 2F       		.uleb128 0x2f
 464 0041 0B       		.uleb128 0xb
 465 0042 00       		.byte	0
 466 0043 00       		.byte	0
 467 0044 07       		.uleb128 0x7
 468 0045 26       		.uleb128 0x26
 469 0046 00       		.byte	0
 470 0047 49       		.uleb128 0x49
 471 0048 13       		.uleb128 0x13
 472 0049 00       		.byte	0
 473 004a 00       		.byte	0
 474 004b 08       		.uleb128 0x8
 475 004c 34       		.uleb128 0x34
 476 004d 00       		.byte	0
 477 004e 03       		.uleb128 0x3
 478 004f 0E       		.uleb128 0xe
 479 0050 3A       		.uleb128 0x3a
 480 0051 0B       		.uleb128 0xb
 481 0052 3B       		.uleb128 0x3b
 482 0053 0B       		.uleb128 0xb
 483 0054 49       		.uleb128 0x49
 484 0055 13       		.uleb128 0x13
 485 0056 3F       		.uleb128 0x3f
 486 0057 19       		.uleb128 0x19
 487 0058 02       		.uleb128 0x2
 488 0059 18       		.uleb128 0x18
 489 005a 00       		.byte	0
 490 005b 00       		.byte	0
 491 005c 00       		.byte	0
 492              		.section	.debug_aranges,"",%progbits
 493 0000 14000000 		.4byte	0x14
 494 0004 0200     		.2byte	0x2
 495 0006 00000000 		.4byte	.Ldebug_info0
 496 000a 04       		.byte	0x4
 497 000b 00       		.byte	0
 498 000c 0000     		.2byte	0
 499 000e 0000     		.2byte	0
 500 0010 00000000 		.4byte	0
 501 0014 00000000 		.4byte	0
 502              		.section	.debug_line,"",%progbits
 503              	.Ldebug_line0:
 504 0000 56000000 		.section	.debug_str,"MS",%progbits,1
 504      02005000 
 504      00000201 
 504      FB0E0D00 
 504      01010101 
 505              	.LASF1:
 506 0000 6C6F6E67 		.ascii	"long long int\000"
 506      206C6F6E 
 506      6720696E 
 506      7400
ARM GAS  C:\Users\rens_\AppData\Local\Temp\ccgT4T5A.s 			page 10


 507              	.LASF0:
 508 000e 756E7369 		.ascii	"unsigned int\000"
 508      676E6564 
 508      20696E74 
 508      00
 509              	.LASF19:
 510 001b 75696E74 		.ascii	"uint8\000"
 510      3800
 511              	.LASF8:
 512 0021 6C6F6E67 		.ascii	"long unsigned int\000"
 512      20756E73 
 512      69676E65 
 512      6420696E 
 512      7400
 513              	.LASF15:
 514 0033 46696C74 		.ascii	"Filter_ChannelBFirCoefficients\000"
 514      65725F43 
 514      68616E6E 
 514      656C4246 
 514      6972436F 
 515              	.LASF9:
 516 0052 6C6F6E67 		.ascii	"long long unsigned int\000"
 516      206C6F6E 
 516      6720756E 
 516      7369676E 
 516      65642069 
 517              	.LASF12:
 518 0069 666C6F61 		.ascii	"float\000"
 518      7400
 519              	.LASF16:
 520 006f 474E5520 		.ascii	"GNU C11 5.4.1 20160609 (release) [ARM/embedded-5-br"
 520      43313120 
 520      352E342E 
 520      31203230 
 520      31363036 
 521 00a2 616E6368 		.ascii	"anch revision 237715] -mcpu=cortex-m3 -mthumb -g -O"
 521      20726576 
 521      6973696F 
 521      6E203233 
 521      37373135 
 522 00d5 30202D66 		.ascii	"0 -ffunction-sections -ffat-lto-objects\000"
 522      66756E63 
 522      74696F6E 
 522      2D736563 
 522      74696F6E 
 523              	.LASF4:
 524 00fd 756E7369 		.ascii	"unsigned char\000"
 524      676E6564 
 524      20636861 
 524      7200
 525              	.LASF11:
 526 010b 63686172 		.ascii	"char\000"
 526      00
 527              	.LASF7:
 528 0110 6C6F6E67 		.ascii	"long int\000"
 528      20696E74 
 528      00
ARM GAS  C:\Users\rens_\AppData\Local\Temp\ccgT4T5A.s 			page 11


 529              	.LASF18:
 530 0119 433A5C55 		.ascii	"C:\\Users\\rens_\\Documents\\platooning\\PSoC\\Plat"
 530      73657273 
 530      5C72656E 
 530      735F5C44 
 530      6F63756D 
 531 0146 6F6F6E69 		.ascii	"ooning\\AngleMeasurement.cydsn\000"
 531      6E675C41 
 531      6E676C65 
 531      4D656173 
 531      7572656D 
 532              	.LASF13:
 533 0164 646F7562 		.ascii	"double\000"
 533      6C6500
 534              	.LASF6:
 535 016b 73686F72 		.ascii	"short unsigned int\000"
 535      7420756E 
 535      7369676E 
 535      65642069 
 535      6E7400
 536              	.LASF3:
 537 017e 7369676E 		.ascii	"signed char\000"
 537      65642063 
 537      68617200 
 538              	.LASF2:
 539 018a 6C6F6E67 		.ascii	"long double\000"
 539      20646F75 
 539      626C6500 
 540              	.LASF5:
 541 0196 73686F72 		.ascii	"short int\000"
 541      7420696E 
 541      7400
 542              	.LASF14:
 543 01a0 46696C74 		.ascii	"Filter_ChannelAFirCoefficients\000"
 543      65725F43 
 543      68616E6E 
 543      656C4146 
 543      6972436F 
 544              	.LASF10:
 545 01bf 73697A65 		.ascii	"sizetype\000"
 545      74797065 
 545      00
 546              	.LASF17:
 547 01c8 47656E65 		.ascii	"Generated_Source\\PSoC5\\Filter_Coefficients.c\000"
 547      72617465 
 547      645F536F 
 547      75726365 
 547      5C50536F 
 548              		.ident	"GCC: (GNU Tools for ARM Embedded Processors) 5.4.1 20160609 (release) [ARM/embedded-5-bran
