ARM GAS  C:\Users\rens_\AppData\Local\Temp\ccPTitXi.s 			page 1


   1              		.syntax unified
   2              		.cpu cortex-m3
   3              		.fpu softvfp
   4              		.eabi_attribute 20, 1
   5              		.eabi_attribute 21, 1
   6              		.eabi_attribute 23, 3
   7              		.eabi_attribute 24, 1
   8              		.eabi_attribute 25, 1
   9              		.eabi_attribute 26, 1
  10              		.eabi_attribute 30, 6
  11              		.eabi_attribute 34, 1
  12              		.eabi_attribute 18, 4
  13              		.thumb
  14              		.syntax unified
  15              		.file	"Filter_1_RAM_Data.c"
  16              		.text
  17              	.Ltext0:
  18              		.cfi_sections	.debug_frame
  19              		.global	Filter_1_control
  20              		.section	.rodata
  21              		.align	2
  22              		.type	Filter_1_control, %object
  23              		.size	Filter_1_control, 256
  24              	Filter_1_control:
  25 0000 20       		.byte	32
  26 0001 13       		.byte	19
  27 0002 00       		.byte	0
  28 0003 25       		.byte	37
  29 0004 61       		.byte	97
  30 0005 17       		.byte	23
  31 0006 80       		.byte	-128
  32 0007 26       		.byte	38
  33 0008 01       		.byte	1
  34 0009 00       		.byte	0
  35 000a 80       		.byte	-128
  36 000b 26       		.byte	38
  37 000c E0       		.byte	-32
  38 000d 0E       		.byte	14
  39 000e 80       		.byte	-128
  40 000f 26       		.byte	38
  41 0010 C2       		.byte	-62
  42 0011 0C       		.byte	12
  43 0012 80       		.byte	-128
  44 0013 26       		.byte	38
  45 0014 00       		.byte	0
  46 0015 00       		.byte	0
  47 0016 80       		.byte	-128
  48 0017 06       		.byte	6
  49 0018 65       		.byte	101
  50 0019 87       		.byte	-121
  51 001a 18       		.byte	24
  52 001b 6D       		.byte	109
  53 001c 64       		.byte	100
  54 001d 09       		.byte	9
  55 001e 18       		.byte	24
  56 001f 3E       		.byte	62
  57 0020 00       		.byte	0
ARM GAS  C:\Users\rens_\AppData\Local\Temp\ccPTitXi.s 			page 2


  58 0021 00       		.byte	0
  59 0022 80       		.byte	-128
  60 0023 26       		.byte	38
  61 0024 01       		.byte	1
  62 0025 20       		.byte	32
  63 0026 80       		.byte	-128
  64 0027 26       		.byte	38
  65 0028 21       		.byte	33
  66 0029 02       		.byte	2
  67 002a 18       		.byte	24
  68 002b 7F       		.byte	127
  69 002c 00       		.byte	0
  70 002d 00       		.byte	0
  71 002e 00       		.byte	0
  72 002f 00       		.byte	0
  73 0030 00       		.byte	0
  74 0031 00       		.byte	0
  75 0032 00       		.byte	0
  76 0033 00       		.byte	0
  77 0034 00       		.byte	0
  78 0035 00       		.byte	0
  79 0036 00       		.byte	0
  80 0037 00       		.byte	0
  81 0038 00       		.byte	0
  82 0039 00       		.byte	0
  83 003a 00       		.byte	0
  84 003b 00       		.byte	0
  85 003c 00       		.byte	0
  86 003d 00       		.byte	0
  87 003e 00       		.byte	0
  88 003f 00       		.byte	0
  89 0040 00       		.byte	0
  90 0041 00       		.byte	0
  91 0042 00       		.byte	0
  92 0043 00       		.byte	0
  93 0044 00       		.byte	0
  94 0045 00       		.byte	0
  95 0046 00       		.byte	0
  96 0047 00       		.byte	0
  97 0048 00       		.byte	0
  98 0049 00       		.byte	0
  99 004a 00       		.byte	0
 100 004b 00       		.byte	0
 101 004c 00       		.byte	0
 102 004d 00       		.byte	0
 103 004e 00       		.byte	0
 104 004f 00       		.byte	0
 105 0050 00       		.byte	0
 106 0051 00       		.byte	0
 107 0052 00       		.byte	0
 108 0053 00       		.byte	0
 109 0054 00       		.byte	0
 110 0055 00       		.byte	0
 111 0056 00       		.byte	0
 112 0057 00       		.byte	0
 113 0058 00       		.byte	0
 114 0059 00       		.byte	0
ARM GAS  C:\Users\rens_\AppData\Local\Temp\ccPTitXi.s 			page 3


 115 005a 00       		.byte	0
 116 005b 00       		.byte	0
 117 005c 00       		.byte	0
 118 005d 00       		.byte	0
 119 005e 00       		.byte	0
 120 005f 00       		.byte	0
 121 0060 00       		.byte	0
 122 0061 00       		.byte	0
 123 0062 00       		.byte	0
 124 0063 00       		.byte	0
 125 0064 00       		.byte	0
 126 0065 00       		.byte	0
 127 0066 00       		.byte	0
 128 0067 00       		.byte	0
 129 0068 00       		.byte	0
 130 0069 00       		.byte	0
 131 006a 00       		.byte	0
 132 006b 00       		.byte	0
 133 006c 00       		.byte	0
 134 006d 00       		.byte	0
 135 006e 00       		.byte	0
 136 006f 00       		.byte	0
 137 0070 00       		.byte	0
 138 0071 00       		.byte	0
 139 0072 00       		.byte	0
 140 0073 00       		.byte	0
 141 0074 00       		.byte	0
 142 0075 00       		.byte	0
 143 0076 00       		.byte	0
 144 0077 00       		.byte	0
 145 0078 00       		.byte	0
 146 0079 00       		.byte	0
 147 007a 00       		.byte	0
 148 007b 00       		.byte	0
 149 007c 00       		.byte	0
 150 007d 00       		.byte	0
 151 007e 00       		.byte	0
 152 007f 00       		.byte	0
 153 0080 00       		.byte	0
 154 0081 00       		.byte	0
 155 0082 00       		.byte	0
 156 0083 00       		.byte	0
 157 0084 00       		.byte	0
 158 0085 00       		.byte	0
 159 0086 00       		.byte	0
 160 0087 00       		.byte	0
 161 0088 00       		.byte	0
 162 0089 00       		.byte	0
 163 008a 00       		.byte	0
 164 008b 00       		.byte	0
 165 008c 00       		.byte	0
 166 008d 00       		.byte	0
 167 008e 00       		.byte	0
 168 008f 00       		.byte	0
 169 0090 00       		.byte	0
 170 0091 00       		.byte	0
 171 0092 00       		.byte	0
ARM GAS  C:\Users\rens_\AppData\Local\Temp\ccPTitXi.s 			page 4


 172 0093 00       		.byte	0
 173 0094 00       		.byte	0
 174 0095 00       		.byte	0
 175 0096 00       		.byte	0
 176 0097 00       		.byte	0
 177 0098 00       		.byte	0
 178 0099 00       		.byte	0
 179 009a 00       		.byte	0
 180 009b 00       		.byte	0
 181 009c 00       		.byte	0
 182 009d 00       		.byte	0
 183 009e 00       		.byte	0
 184 009f 00       		.byte	0
 185 00a0 00       		.byte	0
 186 00a1 00       		.byte	0
 187 00a2 00       		.byte	0
 188 00a3 00       		.byte	0
 189 00a4 00       		.byte	0
 190 00a5 00       		.byte	0
 191 00a6 00       		.byte	0
 192 00a7 00       		.byte	0
 193 00a8 00       		.byte	0
 194 00a9 00       		.byte	0
 195 00aa 00       		.byte	0
 196 00ab 00       		.byte	0
 197 00ac 00       		.byte	0
 198 00ad 00       		.byte	0
 199 00ae 00       		.byte	0
 200 00af 00       		.byte	0
 201 00b0 00       		.byte	0
 202 00b1 00       		.byte	0
 203 00b2 00       		.byte	0
 204 00b3 00       		.byte	0
 205 00b4 00       		.byte	0
 206 00b5 00       		.byte	0
 207 00b6 00       		.byte	0
 208 00b7 00       		.byte	0
 209 00b8 00       		.byte	0
 210 00b9 00       		.byte	0
 211 00ba 00       		.byte	0
 212 00bb 00       		.byte	0
 213 00bc 00       		.byte	0
 214 00bd 00       		.byte	0
 215 00be 00       		.byte	0
 216 00bf 00       		.byte	0
 217 00c0 00       		.byte	0
 218 00c1 00       		.byte	0
 219 00c2 00       		.byte	0
 220 00c3 00       		.byte	0
 221 00c4 00       		.byte	0
 222 00c5 00       		.byte	0
 223 00c6 00       		.byte	0
 224 00c7 00       		.byte	0
 225 00c8 00       		.byte	0
 226 00c9 00       		.byte	0
 227 00ca 00       		.byte	0
 228 00cb 00       		.byte	0
ARM GAS  C:\Users\rens_\AppData\Local\Temp\ccPTitXi.s 			page 5


 229 00cc 00       		.byte	0
 230 00cd 00       		.byte	0
 231 00ce 00       		.byte	0
 232 00cf 00       		.byte	0
 233 00d0 00       		.byte	0
 234 00d1 00       		.byte	0
 235 00d2 00       		.byte	0
 236 00d3 00       		.byte	0
 237 00d4 00       		.byte	0
 238 00d5 00       		.byte	0
 239 00d6 00       		.byte	0
 240 00d7 00       		.byte	0
 241 00d8 00       		.byte	0
 242 00d9 00       		.byte	0
 243 00da 00       		.byte	0
 244 00db 00       		.byte	0
 245 00dc 00       		.byte	0
 246 00dd 00       		.byte	0
 247 00de 00       		.byte	0
 248 00df 00       		.byte	0
 249 00e0 00       		.byte	0
 250 00e1 00       		.byte	0
 251 00e2 00       		.byte	0
 252 00e3 00       		.byte	0
 253 00e4 00       		.byte	0
 254 00e5 00       		.byte	0
 255 00e6 00       		.byte	0
 256 00e7 00       		.byte	0
 257 00e8 00       		.byte	0
 258 00e9 00       		.byte	0
 259 00ea 00       		.byte	0
 260 00eb 00       		.byte	0
 261 00ec 00       		.byte	0
 262 00ed 00       		.byte	0
 263 00ee 00       		.byte	0
 264 00ef 00       		.byte	0
 265 00f0 00       		.byte	0
 266 00f1 00       		.byte	0
 267 00f2 00       		.byte	0
 268 00f3 00       		.byte	0
 269 00f4 00       		.byte	0
 270 00f5 00       		.byte	0
 271 00f6 00       		.byte	0
 272 00f7 00       		.byte	0
 273 00f8 00       		.byte	0
 274 00f9 00       		.byte	0
 275 00fa 00       		.byte	0
 276 00fb 00       		.byte	0
 277 00fc 00       		.byte	0
 278 00fd 00       		.byte	0
 279 00fe 00       		.byte	0
 280 00ff 00       		.byte	0
 281              		.global	Filter_1_data_a
 282              		.align	2
 283              		.type	Filter_1_data_a, %object
 284              		.size	Filter_1_data_a, 512
 285              	Filter_1_data_a:
ARM GAS  C:\Users\rens_\AppData\Local\Temp\ccPTitXi.s 			page 6


 286 0100 00000000 		.space	512
 286      00000000 
 286      00000000 
 286      00000000 
 286      00000000 
 287              		.global	Filter_1_data_b
 288              		.align	2
 289              		.type	Filter_1_data_b, %object
 290              		.size	Filter_1_data_b, 512
 291              	Filter_1_data_b:
 292 0300 2B       		.byte	43
 293 0301 54       		.byte	84
 294 0302 00       		.byte	0
 295 0303 00       		.byte	0
 296 0304 36       		.byte	54
 297 0305 D9       		.byte	-39
 298 0306 FF       		.byte	-1
 299 0307 00       		.byte	0
 300 0308 B0       		.byte	-80
 301 0309 23       		.byte	35
 302 030a FE       		.byte	-2
 303 030b 00       		.byte	0
 304 030c 29       		.byte	41
 305 030d 62       		.byte	98
 306 030e FC       		.byte	-4
 307 030f 00       		.byte	0
 308 0310 09       		.byte	9
 309 0311 DB       		.byte	-37
 310 0312 FE       		.byte	-2
 311 0313 00       		.byte	0
 312 0314 E2       		.byte	-30
 313 0315 28       		.byte	40
 314 0316 09       		.byte	9
 315 0317 00       		.byte	0
 316 0318 A5       		.byte	-91
 317 0319 BD       		.byte	-67
 318 031a 18       		.byte	24
 319 031b 00       		.byte	0
 320 031c 94       		.byte	-108
 321 031d AA       		.byte	-86
 322 031e 24       		.byte	36
 323 031f 00       		.byte	0
 324 0320 94       		.byte	-108
 325 0321 AA       		.byte	-86
 326 0322 24       		.byte	36
 327 0323 00       		.byte	0
 328 0324 A5       		.byte	-91
 329 0325 BD       		.byte	-67
 330 0326 18       		.byte	24
 331 0327 00       		.byte	0
 332 0328 E2       		.byte	-30
 333 0329 28       		.byte	40
 334 032a 09       		.byte	9
 335 032b 00       		.byte	0
 336 032c 09       		.byte	9
 337 032d DB       		.byte	-37
 338 032e FE       		.byte	-2
ARM GAS  C:\Users\rens_\AppData\Local\Temp\ccPTitXi.s 			page 7


 339 032f 00       		.byte	0
 340 0330 29       		.byte	41
 341 0331 62       		.byte	98
 342 0332 FC       		.byte	-4
 343 0333 00       		.byte	0
 344 0334 B0       		.byte	-80
 345 0335 23       		.byte	35
 346 0336 FE       		.byte	-2
 347 0337 00       		.byte	0
 348 0338 36       		.byte	54
 349 0339 D9       		.byte	-39
 350 033a FF       		.byte	-1
 351 033b 00       		.byte	0
 352 033c 2B       		.byte	43
 353 033d 54       		.byte	84
 354 033e 00       		.byte	0
 355 033f 00       		.byte	0
 356 0340 00       		.byte	0
 357 0341 00       		.byte	0
 358 0342 00       		.byte	0
 359 0343 00       		.byte	0
 360 0344 00       		.byte	0
 361 0345 00       		.byte	0
 362 0346 00       		.byte	0
 363 0347 00       		.byte	0
 364 0348 00       		.byte	0
 365 0349 00       		.byte	0
 366 034a 00       		.byte	0
 367 034b 00       		.byte	0
 368 034c 00       		.byte	0
 369 034d 00       		.byte	0
 370 034e 00       		.byte	0
 371 034f 00       		.byte	0
 372 0350 00       		.byte	0
 373 0351 00       		.byte	0
 374 0352 00       		.byte	0
 375 0353 00       		.byte	0
 376 0354 00       		.byte	0
 377 0355 00       		.byte	0
 378 0356 00       		.byte	0
 379 0357 00       		.byte	0
 380 0358 00       		.byte	0
 381 0359 00       		.byte	0
 382 035a 00       		.byte	0
 383 035b 00       		.byte	0
 384 035c 00       		.byte	0
 385 035d 00       		.byte	0
 386 035e 00       		.byte	0
 387 035f 00       		.byte	0
 388 0360 00       		.byte	0
 389 0361 00       		.byte	0
 390 0362 00       		.byte	0
 391 0363 00       		.byte	0
 392 0364 00       		.byte	0
 393 0365 00       		.byte	0
 394 0366 00       		.byte	0
 395 0367 00       		.byte	0
ARM GAS  C:\Users\rens_\AppData\Local\Temp\ccPTitXi.s 			page 8


 396 0368 00       		.byte	0
 397 0369 00       		.byte	0
 398 036a 00       		.byte	0
 399 036b 00       		.byte	0
 400 036c 00       		.byte	0
 401 036d 00       		.byte	0
 402 036e 00       		.byte	0
 403 036f 00       		.byte	0
 404 0370 00       		.byte	0
 405 0371 00       		.byte	0
 406 0372 00       		.byte	0
 407 0373 00       		.byte	0
 408 0374 00       		.byte	0
 409 0375 00       		.byte	0
 410 0376 00       		.byte	0
 411 0377 00       		.byte	0
 412 0378 00       		.byte	0
 413 0379 00       		.byte	0
 414 037a 00       		.byte	0
 415 037b 00       		.byte	0
 416 037c 00       		.byte	0
 417 037d 00       		.byte	0
 418 037e 00       		.byte	0
 419 037f 00       		.byte	0
 420 0380 00       		.byte	0
 421 0381 00       		.byte	0
 422 0382 00       		.byte	0
 423 0383 00       		.byte	0
 424 0384 00       		.byte	0
 425 0385 00       		.byte	0
 426 0386 00       		.byte	0
 427 0387 00       		.byte	0
 428 0388 00       		.byte	0
 429 0389 00       		.byte	0
 430 038a 00       		.byte	0
 431 038b 00       		.byte	0
 432 038c 00       		.byte	0
 433 038d 00       		.byte	0
 434 038e 00       		.byte	0
 435 038f 00       		.byte	0
 436 0390 00       		.byte	0
 437 0391 00       		.byte	0
 438 0392 00       		.byte	0
 439 0393 00       		.byte	0
 440 0394 00       		.byte	0
 441 0395 00       		.byte	0
 442 0396 00       		.byte	0
 443 0397 00       		.byte	0
 444 0398 00       		.byte	0
 445 0399 00       		.byte	0
 446 039a 00       		.byte	0
 447 039b 00       		.byte	0
 448 039c 00       		.byte	0
 449 039d 00       		.byte	0
 450 039e 00       		.byte	0
 451 039f 00       		.byte	0
 452 03a0 00       		.byte	0
ARM GAS  C:\Users\rens_\AppData\Local\Temp\ccPTitXi.s 			page 9


 453 03a1 00       		.byte	0
 454 03a2 00       		.byte	0
 455 03a3 00       		.byte	0
 456 03a4 00       		.byte	0
 457 03a5 00       		.byte	0
 458 03a6 00       		.byte	0
 459 03a7 00       		.byte	0
 460 03a8 00       		.byte	0
 461 03a9 00       		.byte	0
 462 03aa 00       		.byte	0
 463 03ab 00       		.byte	0
 464 03ac 00       		.byte	0
 465 03ad 00       		.byte	0
 466 03ae 00       		.byte	0
 467 03af 00       		.byte	0
 468 03b0 00       		.byte	0
 469 03b1 00       		.byte	0
 470 03b2 00       		.byte	0
 471 03b3 00       		.byte	0
 472 03b4 00       		.byte	0
 473 03b5 00       		.byte	0
 474 03b6 00       		.byte	0
 475 03b7 00       		.byte	0
 476 03b8 00       		.byte	0
 477 03b9 00       		.byte	0
 478 03ba 00       		.byte	0
 479 03bb 00       		.byte	0
 480 03bc 00       		.byte	0
 481 03bd 00       		.byte	0
 482 03be 00       		.byte	0
 483 03bf 00       		.byte	0
 484 03c0 00       		.byte	0
 485 03c1 00       		.byte	0
 486 03c2 00       		.byte	0
 487 03c3 00       		.byte	0
 488 03c4 00       		.byte	0
 489 03c5 00       		.byte	0
 490 03c6 00       		.byte	0
 491 03c7 00       		.byte	0
 492 03c8 00       		.byte	0
 493 03c9 00       		.byte	0
 494 03ca 00       		.byte	0
 495 03cb 00       		.byte	0
 496 03cc 00       		.byte	0
 497 03cd 00       		.byte	0
 498 03ce 00       		.byte	0
 499 03cf 00       		.byte	0
 500 03d0 00       		.byte	0
 501 03d1 00       		.byte	0
 502 03d2 00       		.byte	0
 503 03d3 00       		.byte	0
 504 03d4 00       		.byte	0
 505 03d5 00       		.byte	0
 506 03d6 00       		.byte	0
 507 03d7 00       		.byte	0
 508 03d8 00       		.byte	0
 509 03d9 00       		.byte	0
ARM GAS  C:\Users\rens_\AppData\Local\Temp\ccPTitXi.s 			page 10


 510 03da 00       		.byte	0
 511 03db 00       		.byte	0
 512 03dc 00       		.byte	0
 513 03dd 00       		.byte	0
 514 03de 00       		.byte	0
 515 03df 00       		.byte	0
 516 03e0 00       		.byte	0
 517 03e1 00       		.byte	0
 518 03e2 00       		.byte	0
 519 03e3 00       		.byte	0
 520 03e4 00       		.byte	0
 521 03e5 00       		.byte	0
 522 03e6 00       		.byte	0
 523 03e7 00       		.byte	0
 524 03e8 00       		.byte	0
 525 03e9 00       		.byte	0
 526 03ea 00       		.byte	0
 527 03eb 00       		.byte	0
 528 03ec 00       		.byte	0
 529 03ed 00       		.byte	0
 530 03ee 00       		.byte	0
 531 03ef 00       		.byte	0
 532 03f0 00       		.byte	0
 533 03f1 00       		.byte	0
 534 03f2 00       		.byte	0
 535 03f3 00       		.byte	0
 536 03f4 00       		.byte	0
 537 03f5 00       		.byte	0
 538 03f6 00       		.byte	0
 539 03f7 00       		.byte	0
 540 03f8 00       		.byte	0
 541 03f9 00       		.byte	0
 542 03fa 00       		.byte	0
 543 03fb 00       		.byte	0
 544 03fc 00       		.byte	0
 545 03fd 00       		.byte	0
 546 03fe 00       		.byte	0
 547 03ff 00       		.byte	0
 548 0400 00       		.byte	0
 549 0401 00       		.byte	0
 550 0402 00       		.byte	0
 551 0403 00       		.byte	0
 552 0404 00       		.byte	0
 553 0405 00       		.byte	0
 554 0406 00       		.byte	0
 555 0407 00       		.byte	0
 556 0408 00       		.byte	0
 557 0409 00       		.byte	0
 558 040a 00       		.byte	0
 559 040b 00       		.byte	0
 560 040c 00       		.byte	0
 561 040d 00       		.byte	0
 562 040e 00       		.byte	0
 563 040f 00       		.byte	0
 564 0410 00       		.byte	0
 565 0411 00       		.byte	0
 566 0412 00       		.byte	0
ARM GAS  C:\Users\rens_\AppData\Local\Temp\ccPTitXi.s 			page 11


 567 0413 00       		.byte	0
 568 0414 00       		.byte	0
 569 0415 00       		.byte	0
 570 0416 00       		.byte	0
 571 0417 00       		.byte	0
 572 0418 00       		.byte	0
 573 0419 00       		.byte	0
 574 041a 00       		.byte	0
 575 041b 00       		.byte	0
 576 041c 00       		.byte	0
 577 041d 00       		.byte	0
 578 041e 00       		.byte	0
 579 041f 00       		.byte	0
 580 0420 00       		.byte	0
 581 0421 00       		.byte	0
 582 0422 00       		.byte	0
 583 0423 00       		.byte	0
 584 0424 00       		.byte	0
 585 0425 00       		.byte	0
 586 0426 00       		.byte	0
 587 0427 00       		.byte	0
 588 0428 00       		.byte	0
 589 0429 00       		.byte	0
 590 042a 00       		.byte	0
 591 042b 00       		.byte	0
 592 042c 00       		.byte	0
 593 042d 00       		.byte	0
 594 042e 00       		.byte	0
 595 042f 00       		.byte	0
 596 0430 00       		.byte	0
 597 0431 00       		.byte	0
 598 0432 00       		.byte	0
 599 0433 00       		.byte	0
 600 0434 00       		.byte	0
 601 0435 00       		.byte	0
 602 0436 00       		.byte	0
 603 0437 00       		.byte	0
 604 0438 00       		.byte	0
 605 0439 00       		.byte	0
 606 043a 00       		.byte	0
 607 043b 00       		.byte	0
 608 043c 00       		.byte	0
 609 043d 00       		.byte	0
 610 043e 00       		.byte	0
 611 043f 00       		.byte	0
 612 0440 00       		.byte	0
 613 0441 00       		.byte	0
 614 0442 00       		.byte	0
 615 0443 00       		.byte	0
 616 0444 00       		.byte	0
 617 0445 00       		.byte	0
 618 0446 00       		.byte	0
 619 0447 00       		.byte	0
 620 0448 00       		.byte	0
 621 0449 00       		.byte	0
 622 044a 00       		.byte	0
 623 044b 00       		.byte	0
ARM GAS  C:\Users\rens_\AppData\Local\Temp\ccPTitXi.s 			page 12


 624 044c 00       		.byte	0
 625 044d 00       		.byte	0
 626 044e 00       		.byte	0
 627 044f 00       		.byte	0
 628 0450 00       		.byte	0
 629 0451 00       		.byte	0
 630 0452 00       		.byte	0
 631 0453 00       		.byte	0
 632 0454 00       		.byte	0
 633 0455 00       		.byte	0
 634 0456 00       		.byte	0
 635 0457 00       		.byte	0
 636 0458 00       		.byte	0
 637 0459 00       		.byte	0
 638 045a 00       		.byte	0
 639 045b 00       		.byte	0
 640 045c 00       		.byte	0
 641 045d 00       		.byte	0
 642 045e 00       		.byte	0
 643 045f 00       		.byte	0
 644 0460 00       		.byte	0
 645 0461 00       		.byte	0
 646 0462 00       		.byte	0
 647 0463 00       		.byte	0
 648 0464 00       		.byte	0
 649 0465 00       		.byte	0
 650 0466 00       		.byte	0
 651 0467 00       		.byte	0
 652 0468 00       		.byte	0
 653 0469 00       		.byte	0
 654 046a 00       		.byte	0
 655 046b 00       		.byte	0
 656 046c 00       		.byte	0
 657 046d 00       		.byte	0
 658 046e 00       		.byte	0
 659 046f 00       		.byte	0
 660 0470 00       		.byte	0
 661 0471 00       		.byte	0
 662 0472 00       		.byte	0
 663 0473 00       		.byte	0
 664 0474 00       		.byte	0
 665 0475 00       		.byte	0
 666 0476 00       		.byte	0
 667 0477 00       		.byte	0
 668 0478 00       		.byte	0
 669 0479 00       		.byte	0
 670 047a 00       		.byte	0
 671 047b 00       		.byte	0
 672 047c 00       		.byte	0
 673 047d 00       		.byte	0
 674 047e 00       		.byte	0
 675 047f 00       		.byte	0
 676 0480 00       		.byte	0
 677 0481 00       		.byte	0
 678 0482 00       		.byte	0
 679 0483 00       		.byte	0
 680 0484 00       		.byte	0
ARM GAS  C:\Users\rens_\AppData\Local\Temp\ccPTitXi.s 			page 13


 681 0485 00       		.byte	0
 682 0486 00       		.byte	0
 683 0487 00       		.byte	0
 684 0488 00       		.byte	0
 685 0489 00       		.byte	0
 686 048a 00       		.byte	0
 687 048b 00       		.byte	0
 688 048c 00       		.byte	0
 689 048d 00       		.byte	0
 690 048e 00       		.byte	0
 691 048f 00       		.byte	0
 692 0490 00       		.byte	0
 693 0491 00       		.byte	0
 694 0492 00       		.byte	0
 695 0493 00       		.byte	0
 696 0494 00       		.byte	0
 697 0495 00       		.byte	0
 698 0496 00       		.byte	0
 699 0497 00       		.byte	0
 700 0498 00       		.byte	0
 701 0499 00       		.byte	0
 702 049a 00       		.byte	0
 703 049b 00       		.byte	0
 704 049c 00       		.byte	0
 705 049d 00       		.byte	0
 706 049e 00       		.byte	0
 707 049f 00       		.byte	0
 708 04a0 00       		.byte	0
 709 04a1 00       		.byte	0
 710 04a2 00       		.byte	0
 711 04a3 00       		.byte	0
 712 04a4 00       		.byte	0
 713 04a5 00       		.byte	0
 714 04a6 00       		.byte	0
 715 04a7 00       		.byte	0
 716 04a8 00       		.byte	0
 717 04a9 00       		.byte	0
 718 04aa 00       		.byte	0
 719 04ab 00       		.byte	0
 720 04ac 00       		.byte	0
 721 04ad 00       		.byte	0
 722 04ae 00       		.byte	0
 723 04af 00       		.byte	0
 724 04b0 00       		.byte	0
 725 04b1 00       		.byte	0
 726 04b2 00       		.byte	0
 727 04b3 00       		.byte	0
 728 04b4 00       		.byte	0
 729 04b5 00       		.byte	0
 730 04b6 00       		.byte	0
 731 04b7 00       		.byte	0
 732 04b8 00       		.byte	0
 733 04b9 00       		.byte	0
 734 04ba 00       		.byte	0
 735 04bb 00       		.byte	0
 736 04bc 00       		.byte	0
 737 04bd 00       		.byte	0
ARM GAS  C:\Users\rens_\AppData\Local\Temp\ccPTitXi.s 			page 14


 738 04be 00       		.byte	0
 739 04bf 00       		.byte	0
 740 04c0 00       		.byte	0
 741 04c1 00       		.byte	0
 742 04c2 00       		.byte	0
 743 04c3 00       		.byte	0
 744 04c4 00       		.byte	0
 745 04c5 00       		.byte	0
 746 04c6 00       		.byte	0
 747 04c7 00       		.byte	0
 748 04c8 00       		.byte	0
 749 04c9 00       		.byte	0
 750 04ca 00       		.byte	0
 751 04cb 00       		.byte	0
 752 04cc 00       		.byte	0
 753 04cd 00       		.byte	0
 754 04ce 00       		.byte	0
 755 04cf 00       		.byte	0
 756 04d0 00       		.byte	0
 757 04d1 00       		.byte	0
 758 04d2 00       		.byte	0
 759 04d3 00       		.byte	0
 760 04d4 00       		.byte	0
 761 04d5 00       		.byte	0
 762 04d6 00       		.byte	0
 763 04d7 00       		.byte	0
 764 04d8 00       		.byte	0
 765 04d9 00       		.byte	0
 766 04da 00       		.byte	0
 767 04db 00       		.byte	0
 768 04dc 00       		.byte	0
 769 04dd 00       		.byte	0
 770 04de 00       		.byte	0
 771 04df 00       		.byte	0
 772 04e0 00       		.byte	0
 773 04e1 00       		.byte	0
 774 04e2 00       		.byte	0
 775 04e3 00       		.byte	0
 776 04e4 00       		.byte	0
 777 04e5 00       		.byte	0
 778 04e6 00       		.byte	0
 779 04e7 00       		.byte	0
 780 04e8 00       		.byte	0
 781 04e9 00       		.byte	0
 782 04ea 00       		.byte	0
 783 04eb 00       		.byte	0
 784 04ec 00       		.byte	0
 785 04ed 00       		.byte	0
 786 04ee 00       		.byte	0
 787 04ef 00       		.byte	0
 788 04f0 00       		.byte	0
 789 04f1 00       		.byte	0
 790 04f2 00       		.byte	0
 791 04f3 00       		.byte	0
 792 04f4 00       		.byte	0
 793 04f5 00       		.byte	0
 794 04f6 00       		.byte	0
ARM GAS  C:\Users\rens_\AppData\Local\Temp\ccPTitXi.s 			page 15


 795 04f7 00       		.byte	0
 796 04f8 00       		.byte	0
 797 04f9 00       		.byte	0
 798 04fa 00       		.byte	0
 799 04fb 00       		.byte	0
 800 04fc 00       		.byte	0
 801 04fd 00       		.byte	0
 802 04fe 00       		.byte	0
 803 04ff 00       		.byte	0
 804              		.global	Filter_1_acu
 805              		.align	2
 806              		.type	Filter_1_acu, %object
 807              		.size	Filter_1_acu, 64
 808              	Filter_1_acu:
 809 0500 8F       		.byte	-113
 810 0501 07       		.byte	7
 811 0502 00       		.byte	0
 812 0503 00       		.byte	0
 813 0504 00       		.byte	0
 814 0505 00       		.byte	0
 815 0506 00       		.byte	0
 816 0507 00       		.byte	0
 817 0508 00       		.byte	0
 818 0509 00       		.byte	0
 819 050a 00       		.byte	0
 820 050b 00       		.byte	0
 821 050c 00       		.byte	0
 822 050d 00       		.byte	0
 823 050e 00       		.byte	0
 824 050f 00       		.byte	0
 825 0510 00       		.byte	0
 826 0511 00       		.byte	0
 827 0512 00       		.byte	0
 828 0513 00       		.byte	0
 829 0514 00       		.byte	0
 830 0515 00       		.byte	0
 831 0516 00       		.byte	0
 832 0517 00       		.byte	0
 833 0518 00       		.byte	0
 834 0519 00       		.byte	0
 835 051a 00       		.byte	0
 836 051b 00       		.byte	0
 837 051c 00       		.byte	0
 838 051d 00       		.byte	0
 839 051e 00       		.byte	0
 840 051f 00       		.byte	0
 841 0520 00       		.byte	0
 842 0521 00       		.byte	0
 843 0522 00       		.byte	0
 844 0523 00       		.byte	0
 845 0524 00       		.byte	0
 846 0525 00       		.byte	0
 847 0526 00       		.byte	0
 848 0527 00       		.byte	0
 849 0528 00       		.byte	0
 850 0529 00       		.byte	0
 851 052a 00       		.byte	0
ARM GAS  C:\Users\rens_\AppData\Local\Temp\ccPTitXi.s 			page 16


 852 052b 00       		.byte	0
 853 052c 00       		.byte	0
 854 052d 00       		.byte	0
 855 052e 00       		.byte	0
 856 052f 00       		.byte	0
 857 0530 00       		.byte	0
 858 0531 00       		.byte	0
 859 0532 00       		.byte	0
 860 0533 00       		.byte	0
 861 0534 00       		.byte	0
 862 0535 00       		.byte	0
 863 0536 00       		.byte	0
 864 0537 00       		.byte	0
 865 0538 00       		.byte	0
 866 0539 00       		.byte	0
 867 053a 00       		.byte	0
 868 053b 00       		.byte	0
 869 053c 00       		.byte	0
 870 053d 00       		.byte	0
 871 053e 00       		.byte	0
 872 053f 00       		.byte	0
 873              		.global	Filter_1_cfsm
 874              		.align	2
 875              		.type	Filter_1_cfsm, %object
 876              		.size	Filter_1_cfsm, 256
 877              	Filter_1_cfsm:
 878 0540 21       		.byte	33
 879 0541 F8       		.byte	-8
 880 0542 05       		.byte	5
 881 0543 01       		.byte	1
 882 0544 42       		.byte	66
 883 0545 10       		.byte	16
 884 0546 86       		.byte	-122
 885 0547 80       		.byte	-128
 886 0548 64       		.byte	100
 887 0549 F8       		.byte	-8
 888 054a 15       		.byte	21
 889 054b 01       		.byte	1
 890 054c 81       		.byte	-127
 891 054d F8       		.byte	-8
 892 054e 05       		.byte	5
 893 054f 01       		.byte	1
 894 0550 43       		.byte	67
 895 0551 51       		.byte	81
 896 0552 8E       		.byte	-114
 897 0553 21       		.byte	33
 898 0554 00       		.byte	0
 899 0555 00       		.byte	0
 900 0556 00       		.byte	0
 901 0557 00       		.byte	0
 902 0558 00       		.byte	0
 903 0559 00       		.byte	0
 904 055a 00       		.byte	0
 905 055b 00       		.byte	0
 906 055c 00       		.byte	0
 907 055d 00       		.byte	0
 908 055e 00       		.byte	0
ARM GAS  C:\Users\rens_\AppData\Local\Temp\ccPTitXi.s 			page 17


 909 055f 00       		.byte	0
 910 0560 00       		.byte	0
 911 0561 00       		.byte	0
 912 0562 00       		.byte	0
 913 0563 00       		.byte	0
 914 0564 00       		.byte	0
 915 0565 00       		.byte	0
 916 0566 00       		.byte	0
 917 0567 00       		.byte	0
 918 0568 00       		.byte	0
 919 0569 00       		.byte	0
 920 056a 00       		.byte	0
 921 056b 00       		.byte	0
 922 056c 00       		.byte	0
 923 056d 00       		.byte	0
 924 056e 00       		.byte	0
 925 056f 00       		.byte	0
 926 0570 00       		.byte	0
 927 0571 00       		.byte	0
 928 0572 00       		.byte	0
 929 0573 00       		.byte	0
 930 0574 00       		.byte	0
 931 0575 00       		.byte	0
 932 0576 00       		.byte	0
 933 0577 00       		.byte	0
 934 0578 00       		.byte	0
 935 0579 00       		.byte	0
 936 057a 00       		.byte	0
 937 057b 00       		.byte	0
 938 057c 00       		.byte	0
 939 057d 00       		.byte	0
 940 057e 00       		.byte	0
 941 057f 00       		.byte	0
 942 0580 00       		.byte	0
 943 0581 00       		.byte	0
 944 0582 00       		.byte	0
 945 0583 00       		.byte	0
 946 0584 00       		.byte	0
 947 0585 00       		.byte	0
 948 0586 00       		.byte	0
 949 0587 00       		.byte	0
 950 0588 00       		.byte	0
 951 0589 00       		.byte	0
 952 058a 00       		.byte	0
 953 058b 00       		.byte	0
 954 058c 00       		.byte	0
 955 058d 00       		.byte	0
 956 058e 00       		.byte	0
 957 058f 00       		.byte	0
 958 0590 00       		.byte	0
 959 0591 00       		.byte	0
 960 0592 00       		.byte	0
 961 0593 00       		.byte	0
 962 0594 00       		.byte	0
 963 0595 00       		.byte	0
 964 0596 00       		.byte	0
 965 0597 00       		.byte	0
ARM GAS  C:\Users\rens_\AppData\Local\Temp\ccPTitXi.s 			page 18


 966 0598 00       		.byte	0
 967 0599 00       		.byte	0
 968 059a 00       		.byte	0
 969 059b 00       		.byte	0
 970 059c 00       		.byte	0
 971 059d 00       		.byte	0
 972 059e 00       		.byte	0
 973 059f 00       		.byte	0
 974 05a0 00       		.byte	0
 975 05a1 00       		.byte	0
 976 05a2 00       		.byte	0
 977 05a3 00       		.byte	0
 978 05a4 00       		.byte	0
 979 05a5 00       		.byte	0
 980 05a6 00       		.byte	0
 981 05a7 00       		.byte	0
 982 05a8 00       		.byte	0
 983 05a9 00       		.byte	0
 984 05aa 00       		.byte	0
 985 05ab 00       		.byte	0
 986 05ac 00       		.byte	0
 987 05ad 00       		.byte	0
 988 05ae 00       		.byte	0
 989 05af 00       		.byte	0
 990 05b0 00       		.byte	0
 991 05b1 00       		.byte	0
 992 05b2 00       		.byte	0
 993 05b3 00       		.byte	0
 994 05b4 00       		.byte	0
 995 05b5 00       		.byte	0
 996 05b6 00       		.byte	0
 997 05b7 00       		.byte	0
 998 05b8 00       		.byte	0
 999 05b9 00       		.byte	0
 1000 05ba 00       		.byte	0
 1001 05bb 00       		.byte	0
 1002 05bc 00       		.byte	0
 1003 05bd 00       		.byte	0
 1004 05be 00       		.byte	0
 1005 05bf 00       		.byte	0
 1006 05c0 00       		.byte	0
 1007 05c1 00       		.byte	0
 1008 05c2 00       		.byte	0
 1009 05c3 00       		.byte	0
 1010 05c4 00       		.byte	0
 1011 05c5 00       		.byte	0
 1012 05c6 00       		.byte	0
 1013 05c7 00       		.byte	0
 1014 05c8 00       		.byte	0
 1015 05c9 00       		.byte	0
 1016 05ca 00       		.byte	0
 1017 05cb 00       		.byte	0
 1018 05cc 00       		.byte	0
 1019 05cd 00       		.byte	0
 1020 05ce 00       		.byte	0
 1021 05cf 00       		.byte	0
 1022 05d0 00       		.byte	0
ARM GAS  C:\Users\rens_\AppData\Local\Temp\ccPTitXi.s 			page 19


 1023 05d1 00       		.byte	0
 1024 05d2 00       		.byte	0
 1025 05d3 00       		.byte	0
 1026 05d4 00       		.byte	0
 1027 05d5 00       		.byte	0
 1028 05d6 00       		.byte	0
 1029 05d7 00       		.byte	0
 1030 05d8 00       		.byte	0
 1031 05d9 00       		.byte	0
 1032 05da 00       		.byte	0
 1033 05db 00       		.byte	0
 1034 05dc 00       		.byte	0
 1035 05dd 00       		.byte	0
 1036 05de 00       		.byte	0
 1037 05df 00       		.byte	0
 1038 05e0 00       		.byte	0
 1039 05e1 00       		.byte	0
 1040 05e2 00       		.byte	0
 1041 05e3 00       		.byte	0
 1042 05e4 00       		.byte	0
 1043 05e5 00       		.byte	0
 1044 05e6 00       		.byte	0
 1045 05e7 00       		.byte	0
 1046 05e8 00       		.byte	0
 1047 05e9 00       		.byte	0
 1048 05ea 00       		.byte	0
 1049 05eb 00       		.byte	0
 1050 05ec 00       		.byte	0
 1051 05ed 00       		.byte	0
 1052 05ee 00       		.byte	0
 1053 05ef 00       		.byte	0
 1054 05f0 00       		.byte	0
 1055 05f1 00       		.byte	0
 1056 05f2 00       		.byte	0
 1057 05f3 00       		.byte	0
 1058 05f4 00       		.byte	0
 1059 05f5 00       		.byte	0
 1060 05f6 00       		.byte	0
 1061 05f7 00       		.byte	0
 1062 05f8 00       		.byte	0
 1063 05f9 00       		.byte	0
 1064 05fa 00       		.byte	0
 1065 05fb 00       		.byte	0
 1066 05fc 00       		.byte	0
 1067 05fd 00       		.byte	0
 1068 05fe 00       		.byte	0
 1069 05ff 00       		.byte	0
 1070 0600 00       		.byte	0
 1071 0601 00       		.byte	0
 1072 0602 00       		.byte	0
 1073 0603 00       		.byte	0
 1074 0604 00       		.byte	0
 1075 0605 00       		.byte	0
 1076 0606 00       		.byte	0
 1077 0607 00       		.byte	0
 1078 0608 00       		.byte	0
 1079 0609 00       		.byte	0
ARM GAS  C:\Users\rens_\AppData\Local\Temp\ccPTitXi.s 			page 20


 1080 060a 00       		.byte	0
 1081 060b 00       		.byte	0
 1082 060c 00       		.byte	0
 1083 060d 00       		.byte	0
 1084 060e 00       		.byte	0
 1085 060f 00       		.byte	0
 1086 0610 00       		.byte	0
 1087 0611 00       		.byte	0
 1088 0612 00       		.byte	0
 1089 0613 00       		.byte	0
 1090 0614 00       		.byte	0
 1091 0615 00       		.byte	0
 1092 0616 00       		.byte	0
 1093 0617 00       		.byte	0
 1094 0618 00       		.byte	0
 1095 0619 00       		.byte	0
 1096 061a 00       		.byte	0
 1097 061b 00       		.byte	0
 1098 061c 00       		.byte	0
 1099 061d 00       		.byte	0
 1100 061e 00       		.byte	0
 1101 061f 00       		.byte	0
 1102 0620 00       		.byte	0
 1103 0621 00       		.byte	0
 1104 0622 00       		.byte	0
 1105 0623 00       		.byte	0
 1106 0624 00       		.byte	0
 1107 0625 00       		.byte	0
 1108 0626 00       		.byte	0
 1109 0627 00       		.byte	0
 1110 0628 00       		.byte	0
 1111 0629 00       		.byte	0
 1112 062a 00       		.byte	0
 1113 062b 00       		.byte	0
 1114 062c 00       		.byte	0
 1115 062d 00       		.byte	0
 1116 062e 00       		.byte	0
 1117 062f 00       		.byte	0
 1118 0630 00       		.byte	0
 1119 0631 00       		.byte	0
 1120 0632 00       		.byte	0
 1121 0633 00       		.byte	0
 1122 0634 00       		.byte	0
 1123 0635 00       		.byte	0
 1124 0636 00       		.byte	0
 1125 0637 00       		.byte	0
 1126 0638 00       		.byte	0
 1127 0639 00       		.byte	0
 1128 063a 00       		.byte	0
 1129 063b 00       		.byte	0
 1130 063c 00       		.byte	0
 1131 063d 00       		.byte	0
 1132 063e 00       		.byte	0
 1133 063f 00       		.byte	0
 1134              		.text
 1135              	.Letext0:
 1136              		.file 1 "Generated_Source\\PSoC5\\Filter_1_RAM_Data.c"
ARM GAS  C:\Users\rens_\AppData\Local\Temp\ccPTitXi.s 			page 21


 1137              		.file 2 "Generated_Source\\PSoC5\\cytypes.h"
 1138              		.section	.debug_info,"",%progbits
 1139              	.Ldebug_info0:
 1140 0000 32010000 		.4byte	0x132
 1141 0004 0400     		.2byte	0x4
 1142 0006 00000000 		.4byte	.Ldebug_abbrev0
 1143 000a 04       		.byte	0x4
 1144 000b 01       		.uleb128 0x1
 1145 000c CF000000 		.4byte	.LASF19
 1146 0010 0C       		.byte	0xc
 1147 0011 6F000000 		.4byte	.LASF20
 1148 0015 1B000000 		.4byte	.LASF21
 1149 0019 00000000 		.4byte	.Ldebug_line0
 1150 001d 02       		.uleb128 0x2
 1151 001e 04       		.byte	0x4
 1152 001f 05       		.byte	0x5
 1153 0020 696E7400 		.ascii	"int\000"
 1154 0024 03       		.uleb128 0x3
 1155 0025 04       		.byte	0x4
 1156 0026 07       		.byte	0x7
 1157 0027 0E000000 		.4byte	.LASF0
 1158 002b 03       		.uleb128 0x3
 1159 002c 08       		.byte	0x8
 1160 002d 05       		.byte	0x5
 1161 002e 00000000 		.4byte	.LASF1
 1162 0032 03       		.uleb128 0x3
 1163 0033 08       		.byte	0x8
 1164 0034 04       		.byte	0x4
 1165 0035 CB010000 		.4byte	.LASF2
 1166 0039 03       		.uleb128 0x3
 1167 003a 01       		.byte	0x1
 1168 003b 06       		.byte	0x6
 1169 003c 93010000 		.4byte	.LASF3
 1170 0040 03       		.uleb128 0x3
 1171 0041 01       		.byte	0x1
 1172 0042 08       		.byte	0x8
 1173 0043 5D010000 		.4byte	.LASF4
 1174 0047 03       		.uleb128 0x3
 1175 0048 02       		.byte	0x2
 1176 0049 05       		.byte	0x5
 1177 004a D7010000 		.4byte	.LASF5
 1178 004e 03       		.uleb128 0x3
 1179 004f 02       		.byte	0x2
 1180 0050 07       		.byte	0x7
 1181 0051 80010000 		.4byte	.LASF6
 1182 0055 03       		.uleb128 0x3
 1183 0056 04       		.byte	0x4
 1184 0057 05       		.byte	0x5
 1185 0058 70010000 		.4byte	.LASF7
 1186 005c 03       		.uleb128 0x3
 1187 005d 04       		.byte	0x4
 1188 005e 07       		.byte	0x7
 1189 005f A0000000 		.4byte	.LASF8
 1190 0063 03       		.uleb128 0x3
 1191 0064 08       		.byte	0x8
 1192 0065 07       		.byte	0x7
 1193 0066 B2000000 		.4byte	.LASF9
ARM GAS  C:\Users\rens_\AppData\Local\Temp\ccPTitXi.s 			page 22


 1194 006a 03       		.uleb128 0x3
 1195 006b 04       		.byte	0x4
 1196 006c 07       		.byte	0x7
 1197 006d E1010000 		.4byte	.LASF10
 1198 0071 03       		.uleb128 0x3
 1199 0072 01       		.byte	0x1
 1200 0073 08       		.byte	0x8
 1201 0074 6B010000 		.4byte	.LASF11
 1202 0078 04       		.uleb128 0x4
 1203 0079 9A000000 		.4byte	.LASF22
 1204 007d 02       		.byte	0x2
 1205 007e A1       		.byte	0xa1
 1206 007f 40000000 		.4byte	0x40
 1207 0083 03       		.uleb128 0x3
 1208 0084 04       		.byte	0x4
 1209 0085 04       		.byte	0x4
 1210 0086 C9000000 		.4byte	.LASF12
 1211 008a 03       		.uleb128 0x3
 1212 008b 08       		.byte	0x8
 1213 008c 04       		.byte	0x4
 1214 008d 79010000 		.4byte	.LASF13
 1215 0091 05       		.uleb128 0x5
 1216 0092 A1000000 		.4byte	0xa1
 1217 0096 A1000000 		.4byte	0xa1
 1218 009a 06       		.uleb128 0x6
 1219 009b 6A000000 		.4byte	0x6a
 1220 009f FF       		.byte	0xff
 1221 00a0 00       		.byte	0
 1222 00a1 07       		.uleb128 0x7
 1223 00a2 78000000 		.4byte	0x78
 1224 00a6 08       		.uleb128 0x8
 1225 00a7 BA010000 		.4byte	.LASF14
 1226 00ab 01       		.byte	0x1
 1227 00ac 04       		.byte	0x4
 1228 00ad B7000000 		.4byte	0xb7
 1229 00b1 05       		.uleb128 0x5
 1230 00b2 03       		.byte	0x3
 1231 00b3 00000000 		.4byte	Filter_1_control
 1232 00b7 07       		.uleb128 0x7
 1233 00b8 91000000 		.4byte	0x91
 1234 00bc 05       		.uleb128 0x5
 1235 00bd A1000000 		.4byte	0xa1
 1236 00c1 CD000000 		.4byte	0xcd
 1237 00c5 09       		.uleb128 0x9
 1238 00c6 6A000000 		.4byte	0x6a
 1239 00ca FF01     		.2byte	0x1ff
 1240 00cc 00       		.byte	0
 1241 00cd 08       		.uleb128 0x8
 1242 00ce EA010000 		.4byte	.LASF15
 1243 00d2 01       		.byte	0x1
 1244 00d3 28       		.byte	0x28
 1245 00d4 DE000000 		.4byte	0xde
 1246 00d8 05       		.uleb128 0x5
 1247 00d9 03       		.byte	0x3
 1248 00da 00000000 		.4byte	Filter_1_data_a
 1249 00de 07       		.uleb128 0x7
 1250 00df BC000000 		.4byte	0xbc
ARM GAS  C:\Users\rens_\AppData\Local\Temp\ccPTitXi.s 			page 23


 1251 00e3 08       		.uleb128 0x8
 1252 00e4 FA010000 		.4byte	.LASF16
 1253 00e8 01       		.byte	0x1
 1254 00e9 6C       		.byte	0x6c
 1255 00ea F4000000 		.4byte	0xf4
 1256 00ee 05       		.uleb128 0x5
 1257 00ef 03       		.byte	0x3
 1258 00f0 00000000 		.4byte	Filter_1_data_b
 1259 00f4 07       		.uleb128 0x7
 1260 00f5 BC000000 		.4byte	0xbc
 1261 00f9 08       		.uleb128 0x8
 1262 00fa AC010000 		.4byte	.LASF17
 1263 00fe 01       		.byte	0x1
 1264 00ff BC       		.byte	0xbc
 1265 0100 0A010000 		.4byte	0x10a
 1266 0104 05       		.uleb128 0x5
 1267 0105 03       		.byte	0x3
 1268 0106 00000000 		.4byte	Filter_1_cfsm
 1269 010a 07       		.uleb128 0x7
 1270 010b 91000000 		.4byte	0x91
 1271 010f 05       		.uleb128 0x5
 1272 0110 A1000000 		.4byte	0xa1
 1273 0114 1F010000 		.4byte	0x11f
 1274 0118 06       		.uleb128 0x6
 1275 0119 6A000000 		.4byte	0x6a
 1276 011d 3F       		.byte	0x3f
 1277 011e 00       		.byte	0
 1278 011f 08       		.uleb128 0x8
 1279 0120 9F010000 		.4byte	.LASF18
 1280 0124 01       		.byte	0x1
 1281 0125 B0       		.byte	0xb0
 1282 0126 30010000 		.4byte	0x130
 1283 012a 05       		.uleb128 0x5
 1284 012b 03       		.byte	0x3
 1285 012c 00000000 		.4byte	Filter_1_acu
 1286 0130 07       		.uleb128 0x7
 1287 0131 0F010000 		.4byte	0x10f
 1288 0135 00       		.byte	0
 1289              		.section	.debug_abbrev,"",%progbits
 1290              	.Ldebug_abbrev0:
 1291 0000 01       		.uleb128 0x1
 1292 0001 11       		.uleb128 0x11
 1293 0002 01       		.byte	0x1
 1294 0003 25       		.uleb128 0x25
 1295 0004 0E       		.uleb128 0xe
 1296 0005 13       		.uleb128 0x13
 1297 0006 0B       		.uleb128 0xb
 1298 0007 03       		.uleb128 0x3
 1299 0008 0E       		.uleb128 0xe
 1300 0009 1B       		.uleb128 0x1b
 1301 000a 0E       		.uleb128 0xe
 1302 000b 10       		.uleb128 0x10
 1303 000c 17       		.uleb128 0x17
 1304 000d 00       		.byte	0
 1305 000e 00       		.byte	0
 1306 000f 02       		.uleb128 0x2
 1307 0010 24       		.uleb128 0x24
ARM GAS  C:\Users\rens_\AppData\Local\Temp\ccPTitXi.s 			page 24


 1308 0011 00       		.byte	0
 1309 0012 0B       		.uleb128 0xb
 1310 0013 0B       		.uleb128 0xb
 1311 0014 3E       		.uleb128 0x3e
 1312 0015 0B       		.uleb128 0xb
 1313 0016 03       		.uleb128 0x3
 1314 0017 08       		.uleb128 0x8
 1315 0018 00       		.byte	0
 1316 0019 00       		.byte	0
 1317 001a 03       		.uleb128 0x3
 1318 001b 24       		.uleb128 0x24
 1319 001c 00       		.byte	0
 1320 001d 0B       		.uleb128 0xb
 1321 001e 0B       		.uleb128 0xb
 1322 001f 3E       		.uleb128 0x3e
 1323 0020 0B       		.uleb128 0xb
 1324 0021 03       		.uleb128 0x3
 1325 0022 0E       		.uleb128 0xe
 1326 0023 00       		.byte	0
 1327 0024 00       		.byte	0
 1328 0025 04       		.uleb128 0x4
 1329 0026 16       		.uleb128 0x16
 1330 0027 00       		.byte	0
 1331 0028 03       		.uleb128 0x3
 1332 0029 0E       		.uleb128 0xe
 1333 002a 3A       		.uleb128 0x3a
 1334 002b 0B       		.uleb128 0xb
 1335 002c 3B       		.uleb128 0x3b
 1336 002d 0B       		.uleb128 0xb
 1337 002e 49       		.uleb128 0x49
 1338 002f 13       		.uleb128 0x13
 1339 0030 00       		.byte	0
 1340 0031 00       		.byte	0
 1341 0032 05       		.uleb128 0x5
 1342 0033 01       		.uleb128 0x1
 1343 0034 01       		.byte	0x1
 1344 0035 49       		.uleb128 0x49
 1345 0036 13       		.uleb128 0x13
 1346 0037 01       		.uleb128 0x1
 1347 0038 13       		.uleb128 0x13
 1348 0039 00       		.byte	0
 1349 003a 00       		.byte	0
 1350 003b 06       		.uleb128 0x6
 1351 003c 21       		.uleb128 0x21
 1352 003d 00       		.byte	0
 1353 003e 49       		.uleb128 0x49
 1354 003f 13       		.uleb128 0x13
 1355 0040 2F       		.uleb128 0x2f
 1356 0041 0B       		.uleb128 0xb
 1357 0042 00       		.byte	0
 1358 0043 00       		.byte	0
 1359 0044 07       		.uleb128 0x7
 1360 0045 26       		.uleb128 0x26
 1361 0046 00       		.byte	0
 1362 0047 49       		.uleb128 0x49
 1363 0048 13       		.uleb128 0x13
 1364 0049 00       		.byte	0
ARM GAS  C:\Users\rens_\AppData\Local\Temp\ccPTitXi.s 			page 25


 1365 004a 00       		.byte	0
 1366 004b 08       		.uleb128 0x8
 1367 004c 34       		.uleb128 0x34
 1368 004d 00       		.byte	0
 1369 004e 03       		.uleb128 0x3
 1370 004f 0E       		.uleb128 0xe
 1371 0050 3A       		.uleb128 0x3a
 1372 0051 0B       		.uleb128 0xb
 1373 0052 3B       		.uleb128 0x3b
 1374 0053 0B       		.uleb128 0xb
 1375 0054 49       		.uleb128 0x49
 1376 0055 13       		.uleb128 0x13
 1377 0056 3F       		.uleb128 0x3f
 1378 0057 19       		.uleb128 0x19
 1379 0058 02       		.uleb128 0x2
 1380 0059 18       		.uleb128 0x18
 1381 005a 00       		.byte	0
 1382 005b 00       		.byte	0
 1383 005c 09       		.uleb128 0x9
 1384 005d 21       		.uleb128 0x21
 1385 005e 00       		.byte	0
 1386 005f 49       		.uleb128 0x49
 1387 0060 13       		.uleb128 0x13
 1388 0061 2F       		.uleb128 0x2f
 1389 0062 05       		.uleb128 0x5
 1390 0063 00       		.byte	0
 1391 0064 00       		.byte	0
 1392 0065 00       		.byte	0
 1393              		.section	.debug_aranges,"",%progbits
 1394 0000 14000000 		.4byte	0x14
 1395 0004 0200     		.2byte	0x2
 1396 0006 00000000 		.4byte	.Ldebug_info0
 1397 000a 04       		.byte	0x4
 1398 000b 00       		.byte	0
 1399 000c 0000     		.2byte	0
 1400 000e 0000     		.2byte	0
 1401 0010 00000000 		.4byte	0
 1402 0014 00000000 		.4byte	0
 1403              		.section	.debug_line,"",%progbits
 1404              	.Ldebug_line0:
 1405 0000 54000000 		.section	.debug_str,"MS",%progbits,1
 1405      02004E00 
 1405      00000201 
 1405      FB0E0D00 
 1405      01010101 
 1406              	.LASF1:
 1407 0000 6C6F6E67 		.ascii	"long long int\000"
 1407      206C6F6E 
 1407      6720696E 
 1407      7400
 1408              	.LASF0:
 1409 000e 756E7369 		.ascii	"unsigned int\000"
 1409      676E6564 
 1409      20696E74 
 1409      00
 1410              	.LASF21:
 1411 001b 433A5C55 		.ascii	"C:\\Users\\rens_\\Downloads\\AN60321\\AN60321\\AN60"
ARM GAS  C:\Users\rens_\AppData\Local\Temp\ccPTitXi.s 			page 26


 1411      73657273 
 1411      5C72656E 
 1411      735F5C44 
 1411      6F776E6C 
 1412 0048 3332312D 		.ascii	"321-Proj\\D_Maximum_Peak_Detector.cydsn\000"
 1412      50726F6A 
 1412      5C445F4D 
 1412      6178696D 
 1412      756D5F50 
 1413              	.LASF20:
 1414 006f 47656E65 		.ascii	"Generated_Source\\PSoC5\\Filter_1_RAM_Data.c\000"
 1414      72617465 
 1414      645F536F 
 1414      75726365 
 1414      5C50536F 
 1415              	.LASF22:
 1416 009a 75696E74 		.ascii	"uint8\000"
 1416      3800
 1417              	.LASF8:
 1418 00a0 6C6F6E67 		.ascii	"long unsigned int\000"
 1418      20756E73 
 1418      69676E65 
 1418      6420696E 
 1418      7400
 1419              	.LASF9:
 1420 00b2 6C6F6E67 		.ascii	"long long unsigned int\000"
 1420      206C6F6E 
 1420      6720756E 
 1420      7369676E 
 1420      65642069 
 1421              	.LASF12:
 1422 00c9 666C6F61 		.ascii	"float\000"
 1422      7400
 1423              	.LASF19:
 1424 00cf 474E5520 		.ascii	"GNU C11 5.4.1 20160609 (release) [ARM/embedded-5-br"
 1424      43313120 
 1424      352E342E 
 1424      31203230 
 1424      31363036 
 1425 0102 616E6368 		.ascii	"anch revision 237715] -mcpu=cortex-m3 -mthumb -g -O"
 1425      20726576 
 1425      6973696F 
 1425      6E203233 
 1425      37373135 
 1426 0135 30202D66 		.ascii	"0 -ffunction-sections -ffat-lto-objects\000"
 1426      66756E63 
 1426      74696F6E 
 1426      2D736563 
 1426      74696F6E 
 1427              	.LASF4:
 1428 015d 756E7369 		.ascii	"unsigned char\000"
 1428      676E6564 
 1428      20636861 
 1428      7200
 1429              	.LASF11:
 1430 016b 63686172 		.ascii	"char\000"
 1430      00
ARM GAS  C:\Users\rens_\AppData\Local\Temp\ccPTitXi.s 			page 27


 1431              	.LASF7:
 1432 0170 6C6F6E67 		.ascii	"long int\000"
 1432      20696E74 
 1432      00
 1433              	.LASF13:
 1434 0179 646F7562 		.ascii	"double\000"
 1434      6C6500
 1435              	.LASF6:
 1436 0180 73686F72 		.ascii	"short unsigned int\000"
 1436      7420756E 
 1436      7369676E 
 1436      65642069 
 1436      6E7400
 1437              	.LASF3:
 1438 0193 7369676E 		.ascii	"signed char\000"
 1438      65642063 
 1438      68617200 
 1439              	.LASF18:
 1440 019f 46696C74 		.ascii	"Filter_1_acu\000"
 1440      65725F31 
 1440      5F616375 
 1440      00
 1441              	.LASF17:
 1442 01ac 46696C74 		.ascii	"Filter_1_cfsm\000"
 1442      65725F31 
 1442      5F636673 
 1442      6D00
 1443              	.LASF14:
 1444 01ba 46696C74 		.ascii	"Filter_1_control\000"
 1444      65725F31 
 1444      5F636F6E 
 1444      74726F6C 
 1444      00
 1445              	.LASF2:
 1446 01cb 6C6F6E67 		.ascii	"long double\000"
 1446      20646F75 
 1446      626C6500 
 1447              	.LASF5:
 1448 01d7 73686F72 		.ascii	"short int\000"
 1448      7420696E 
 1448      7400
 1449              	.LASF10:
 1450 01e1 73697A65 		.ascii	"sizetype\000"
 1450      74797065 
 1450      00
 1451              	.LASF15:
 1452 01ea 46696C74 		.ascii	"Filter_1_data_a\000"
 1452      65725F31 
 1452      5F646174 
 1452      615F6100 
 1453              	.LASF16:
 1454 01fa 46696C74 		.ascii	"Filter_1_data_b\000"
 1454      65725F31 
 1454      5F646174 
 1454      615F6200 
 1455              		.ident	"GCC: (GNU Tools for ARM Embedded Processors) 5.4.1 20160609 (release) [ARM/embedded-5-bran
