ARM GAS  C:\Users\rens_\AppData\Local\Temp\ccFy4VSI.s 			page 1


   1              		.syntax unified
   2              		.cpu cortex-m3
   3              		.fpu softvfp
   4              		.eabi_attribute 20, 1
   5              		.eabi_attribute 21, 1
   6              		.eabi_attribute 23, 3
   7              		.eabi_attribute 24, 1
   8              		.eabi_attribute 25, 1
   9              		.eabi_attribute 26, 1
  10              		.eabi_attribute 30, 6
  11              		.eabi_attribute 34, 1
  12              		.eabi_attribute 18, 4
  13              		.thumb
  14              		.syntax unified
  15              		.file	"Filter_RAM_Data.c"
  16              		.text
  17              	.Ltext0:
  18              		.cfi_sections	.debug_frame
  19              		.global	Filter_control
  20              		.section	.rodata
  21              		.align	2
  22              		.type	Filter_control, %object
  23              		.size	Filter_control, 256
  24              	Filter_control:
  25 0000 20       		.byte	32
  26 0001 13       		.byte	19
  27 0002 00       		.byte	0
  28 0003 25       		.byte	37
  29 0004 61       		.byte	97
  30 0005 17       		.byte	23
  31 0006 80       		.byte	-128
  32 0007 26       		.byte	38
  33 0008 01       		.byte	1
  34 0009 00       		.byte	0
  35 000a 80       		.byte	-128
  36 000b 26       		.byte	38
  37 000c 01       		.byte	1
  38 000d 00       		.byte	0
  39 000e 80       		.byte	-128
  40 000f 26       		.byte	38
  41 0010 01       		.byte	1
  42 0011 00       		.byte	0
  43 0012 80       		.byte	-128
  44 0013 26       		.byte	38
  45 0014 E0       		.byte	-32
  46 0015 0E       		.byte	14
  47 0016 80       		.byte	-128
  48 0017 26       		.byte	38
  49 0018 C2       		.byte	-62
  50 0019 0C       		.byte	12
  51 001a 80       		.byte	-128
  52 001b 26       		.byte	38
  53 001c 02       		.byte	2
  54 001d 00       		.byte	0
  55 001e 80       		.byte	-128
  56 001f 06       		.byte	6
  57 0020 65       		.byte	101
ARM GAS  C:\Users\rens_\AppData\Local\Temp\ccFy4VSI.s 			page 2


  58 0021 87       		.byte	-121
  59 0022 18       		.byte	24
  60 0023 6D       		.byte	109
  61 0024 64       		.byte	100
  62 0025 09       		.byte	9
  63 0026 18       		.byte	24
  64 0027 3E       		.byte	62
  65 0028 00       		.byte	0
  66 0029 00       		.byte	0
  67 002a 80       		.byte	-128
  68 002b 26       		.byte	38
  69 002c 03       		.byte	3
  70 002d 20       		.byte	32
  71 002e 80       		.byte	-128
  72 002f 26       		.byte	38
  73 0030 21       		.byte	33
  74 0031 02       		.byte	2
  75 0032 18       		.byte	24
  76 0033 7F       		.byte	127
  77 0034 E6       		.byte	-26
  78 0035 0E       		.byte	14
  79 0036 80       		.byte	-128
  80 0037 26       		.byte	38
  81 0038 C8       		.byte	-56
  82 0039 0C       		.byte	12
  83 003a 80       		.byte	-128
  84 003b 26       		.byte	38
  85 003c 00       		.byte	0
  86 003d 00       		.byte	0
  87 003e 80       		.byte	-128
  88 003f 06       		.byte	6
  89 0040 6B       		.byte	107
  90 0041 87       		.byte	-121
  91 0042 18       		.byte	24
  92 0043 6D       		.byte	109
  93 0044 6A       		.byte	106
  94 0045 09       		.byte	9
  95 0046 18       		.byte	24
  96 0047 3E       		.byte	62
  97 0048 00       		.byte	0
  98 0049 00       		.byte	0
  99 004a 80       		.byte	-128
 100 004b 26       		.byte	38
 101 004c 01       		.byte	1
 102 004d 20       		.byte	32
 103 004e 80       		.byte	-128
 104 004f 26       		.byte	38
 105 0050 21       		.byte	33
 106 0051 02       		.byte	2
 107 0052 18       		.byte	24
 108 0053 7F       		.byte	127
 109 0054 00       		.byte	0
 110 0055 00       		.byte	0
 111 0056 00       		.byte	0
 112 0057 00       		.byte	0
 113 0058 00       		.byte	0
 114 0059 00       		.byte	0
ARM GAS  C:\Users\rens_\AppData\Local\Temp\ccFy4VSI.s 			page 3


 115 005a 00       		.byte	0
 116 005b 00       		.byte	0
 117 005c 00       		.byte	0
 118 005d 00       		.byte	0
 119 005e 00       		.byte	0
 120 005f 00       		.byte	0
 121 0060 00       		.byte	0
 122 0061 00       		.byte	0
 123 0062 00       		.byte	0
 124 0063 00       		.byte	0
 125 0064 00       		.byte	0
 126 0065 00       		.byte	0
 127 0066 00       		.byte	0
 128 0067 00       		.byte	0
 129 0068 00       		.byte	0
 130 0069 00       		.byte	0
 131 006a 00       		.byte	0
 132 006b 00       		.byte	0
 133 006c 00       		.byte	0
 134 006d 00       		.byte	0
 135 006e 00       		.byte	0
 136 006f 00       		.byte	0
 137 0070 00       		.byte	0
 138 0071 00       		.byte	0
 139 0072 00       		.byte	0
 140 0073 00       		.byte	0
 141 0074 00       		.byte	0
 142 0075 00       		.byte	0
 143 0076 00       		.byte	0
 144 0077 00       		.byte	0
 145 0078 00       		.byte	0
 146 0079 00       		.byte	0
 147 007a 00       		.byte	0
 148 007b 00       		.byte	0
 149 007c 00       		.byte	0
 150 007d 00       		.byte	0
 151 007e 00       		.byte	0
 152 007f 00       		.byte	0
 153 0080 00       		.byte	0
 154 0081 00       		.byte	0
 155 0082 00       		.byte	0
 156 0083 00       		.byte	0
 157 0084 00       		.byte	0
 158 0085 00       		.byte	0
 159 0086 00       		.byte	0
 160 0087 00       		.byte	0
 161 0088 00       		.byte	0
 162 0089 00       		.byte	0
 163 008a 00       		.byte	0
 164 008b 00       		.byte	0
 165 008c 00       		.byte	0
 166 008d 00       		.byte	0
 167 008e 00       		.byte	0
 168 008f 00       		.byte	0
 169 0090 00       		.byte	0
 170 0091 00       		.byte	0
 171 0092 00       		.byte	0
ARM GAS  C:\Users\rens_\AppData\Local\Temp\ccFy4VSI.s 			page 4


 172 0093 00       		.byte	0
 173 0094 00       		.byte	0
 174 0095 00       		.byte	0
 175 0096 00       		.byte	0
 176 0097 00       		.byte	0
 177 0098 00       		.byte	0
 178 0099 00       		.byte	0
 179 009a 00       		.byte	0
 180 009b 00       		.byte	0
 181 009c 00       		.byte	0
 182 009d 00       		.byte	0
 183 009e 00       		.byte	0
 184 009f 00       		.byte	0
 185 00a0 00       		.byte	0
 186 00a1 00       		.byte	0
 187 00a2 00       		.byte	0
 188 00a3 00       		.byte	0
 189 00a4 00       		.byte	0
 190 00a5 00       		.byte	0
 191 00a6 00       		.byte	0
 192 00a7 00       		.byte	0
 193 00a8 00       		.byte	0
 194 00a9 00       		.byte	0
 195 00aa 00       		.byte	0
 196 00ab 00       		.byte	0
 197 00ac 00       		.byte	0
 198 00ad 00       		.byte	0
 199 00ae 00       		.byte	0
 200 00af 00       		.byte	0
 201 00b0 00       		.byte	0
 202 00b1 00       		.byte	0
 203 00b2 00       		.byte	0
 204 00b3 00       		.byte	0
 205 00b4 00       		.byte	0
 206 00b5 00       		.byte	0
 207 00b6 00       		.byte	0
 208 00b7 00       		.byte	0
 209 00b8 00       		.byte	0
 210 00b9 00       		.byte	0
 211 00ba 00       		.byte	0
 212 00bb 00       		.byte	0
 213 00bc 00       		.byte	0
 214 00bd 00       		.byte	0
 215 00be 00       		.byte	0
 216 00bf 00       		.byte	0
 217 00c0 00       		.byte	0
 218 00c1 00       		.byte	0
 219 00c2 00       		.byte	0
 220 00c3 00       		.byte	0
 221 00c4 00       		.byte	0
 222 00c5 00       		.byte	0
 223 00c6 00       		.byte	0
 224 00c7 00       		.byte	0
 225 00c8 00       		.byte	0
 226 00c9 00       		.byte	0
 227 00ca 00       		.byte	0
 228 00cb 00       		.byte	0
ARM GAS  C:\Users\rens_\AppData\Local\Temp\ccFy4VSI.s 			page 5


 229 00cc 00       		.byte	0
 230 00cd 00       		.byte	0
 231 00ce 00       		.byte	0
 232 00cf 00       		.byte	0
 233 00d0 00       		.byte	0
 234 00d1 00       		.byte	0
 235 00d2 00       		.byte	0
 236 00d3 00       		.byte	0
 237 00d4 00       		.byte	0
 238 00d5 00       		.byte	0
 239 00d6 00       		.byte	0
 240 00d7 00       		.byte	0
 241 00d8 00       		.byte	0
 242 00d9 00       		.byte	0
 243 00da 00       		.byte	0
 244 00db 00       		.byte	0
 245 00dc 00       		.byte	0
 246 00dd 00       		.byte	0
 247 00de 00       		.byte	0
 248 00df 00       		.byte	0
 249 00e0 00       		.byte	0
 250 00e1 00       		.byte	0
 251 00e2 00       		.byte	0
 252 00e3 00       		.byte	0
 253 00e4 00       		.byte	0
 254 00e5 00       		.byte	0
 255 00e6 00       		.byte	0
 256 00e7 00       		.byte	0
 257 00e8 00       		.byte	0
 258 00e9 00       		.byte	0
 259 00ea 00       		.byte	0
 260 00eb 00       		.byte	0
 261 00ec 00       		.byte	0
 262 00ed 00       		.byte	0
 263 00ee 00       		.byte	0
 264 00ef 00       		.byte	0
 265 00f0 00       		.byte	0
 266 00f1 00       		.byte	0
 267 00f2 00       		.byte	0
 268 00f3 00       		.byte	0
 269 00f4 00       		.byte	0
 270 00f5 00       		.byte	0
 271 00f6 00       		.byte	0
 272 00f7 00       		.byte	0
 273 00f8 00       		.byte	0
 274 00f9 00       		.byte	0
 275 00fa 00       		.byte	0
 276 00fb 00       		.byte	0
 277 00fc 00       		.byte	0
 278 00fd 00       		.byte	0
 279 00fe 00       		.byte	0
 280 00ff 00       		.byte	0
 281              		.global	Filter_data_a
 282              		.align	2
 283              		.type	Filter_data_a, %object
 284              		.size	Filter_data_a, 512
 285              	Filter_data_a:
ARM GAS  C:\Users\rens_\AppData\Local\Temp\ccFy4VSI.s 			page 6


 286 0100 00000000 		.space	512
 286      00000000 
 286      00000000 
 286      00000000 
 286      00000000 
 287              		.global	Filter_data_b
 288              		.align	2
 289              		.type	Filter_data_b, %object
 290              		.size	Filter_data_b, 512
 291              	Filter_data_b:
 292 0300 BE       		.byte	-66
 293 0301 CD       		.byte	-51
 294 0302 FF       		.byte	-1
 295 0303 00       		.byte	0
 296 0304 26       		.byte	38
 297 0305 C7       		.byte	-57
 298 0306 FF       		.byte	-1
 299 0307 00       		.byte	0
 300 0308 9B       		.byte	-101
 301 0309 C0       		.byte	-64
 302 030a FF       		.byte	-1
 303 030b 00       		.byte	0
 304 030c 0A       		.byte	10
 305 030d C6       		.byte	-58
 306 030e FF       		.byte	-1
 307 030f 00       		.byte	0
 308 0310 91       		.byte	-111
 309 0311 E7       		.byte	-25
 310 0312 FF       		.byte	-1
 311 0313 00       		.byte	0
 312 0314 C7       		.byte	-57
 313 0315 36       		.byte	54
 314 0316 00       		.byte	0
 315 0317 00       		.byte	0
 316 0318 50       		.byte	80
 317 0319 C3       		.byte	-61
 318 031a 00       		.byte	0
 319 031b 00       		.byte	0
 320 031c 3D       		.byte	61
 321 031d 97       		.byte	-105
 322 031e 01       		.byte	1
 323 031f 00       		.byte	0
 324 0320 08       		.byte	8
 325 0321 B4       		.byte	-76
 326 0322 02       		.byte	2
 327 0323 00       		.byte	0
 328 0324 B0       		.byte	-80
 329 0325 10       		.byte	16
 330 0326 04       		.byte	4
 331 0327 00       		.byte	0
 332 0328 7B       		.byte	123
 333 0329 99       		.byte	-103
 334 032a 05       		.byte	5
 335 032b 00       		.byte	0
 336 032c 7C       		.byte	124
 337 032d 31       		.byte	49
 338 032e 07       		.byte	7
ARM GAS  C:\Users\rens_\AppData\Local\Temp\ccFy4VSI.s 			page 7


 339 032f 00       		.byte	0
 340 0330 CB       		.byte	-53
 341 0331 B5       		.byte	-75
 342 0332 08       		.byte	8
 343 0333 00       		.byte	0
 344 0334 E6       		.byte	-26
 345 0335 01       		.byte	1
 346 0336 0A       		.byte	10
 347 0337 00       		.byte	0
 348 0338 9F       		.byte	-97
 349 0339 F4       		.byte	-12
 350 033a 0A       		.byte	10
 351 033b 00       		.byte	0
 352 033c C6       		.byte	-58
 353 033d 74       		.byte	116
 354 033e 0B       		.byte	11
 355 033f 00       		.byte	0
 356 0340 C6       		.byte	-58
 357 0341 74       		.byte	116
 358 0342 0B       		.byte	11
 359 0343 00       		.byte	0
 360 0344 9F       		.byte	-97
 361 0345 F4       		.byte	-12
 362 0346 0A       		.byte	10
 363 0347 00       		.byte	0
 364 0348 E6       		.byte	-26
 365 0349 01       		.byte	1
 366 034a 0A       		.byte	10
 367 034b 00       		.byte	0
 368 034c CB       		.byte	-53
 369 034d B5       		.byte	-75
 370 034e 08       		.byte	8
 371 034f 00       		.byte	0
 372 0350 7C       		.byte	124
 373 0351 31       		.byte	49
 374 0352 07       		.byte	7
 375 0353 00       		.byte	0
 376 0354 7B       		.byte	123
 377 0355 99       		.byte	-103
 378 0356 05       		.byte	5
 379 0357 00       		.byte	0
 380 0358 B0       		.byte	-80
 381 0359 10       		.byte	16
 382 035a 04       		.byte	4
 383 035b 00       		.byte	0
 384 035c 08       		.byte	8
 385 035d B4       		.byte	-76
 386 035e 02       		.byte	2
 387 035f 00       		.byte	0
 388 0360 3D       		.byte	61
 389 0361 97       		.byte	-105
 390 0362 01       		.byte	1
 391 0363 00       		.byte	0
 392 0364 50       		.byte	80
 393 0365 C3       		.byte	-61
 394 0366 00       		.byte	0
 395 0367 00       		.byte	0
ARM GAS  C:\Users\rens_\AppData\Local\Temp\ccFy4VSI.s 			page 8


 396 0368 C7       		.byte	-57
 397 0369 36       		.byte	54
 398 036a 00       		.byte	0
 399 036b 00       		.byte	0
 400 036c 91       		.byte	-111
 401 036d E7       		.byte	-25
 402 036e FF       		.byte	-1
 403 036f 00       		.byte	0
 404 0370 0A       		.byte	10
 405 0371 C6       		.byte	-58
 406 0372 FF       		.byte	-1
 407 0373 00       		.byte	0
 408 0374 9B       		.byte	-101
 409 0375 C0       		.byte	-64
 410 0376 FF       		.byte	-1
 411 0377 00       		.byte	0
 412 0378 26       		.byte	38
 413 0379 C7       		.byte	-57
 414 037a FF       		.byte	-1
 415 037b 00       		.byte	0
 416 037c BE       		.byte	-66
 417 037d CD       		.byte	-51
 418 037e FF       		.byte	-1
 419 037f 00       		.byte	0
 420 0380 BE       		.byte	-66
 421 0381 CD       		.byte	-51
 422 0382 FF       		.byte	-1
 423 0383 00       		.byte	0
 424 0384 26       		.byte	38
 425 0385 C7       		.byte	-57
 426 0386 FF       		.byte	-1
 427 0387 00       		.byte	0
 428 0388 9B       		.byte	-101
 429 0389 C0       		.byte	-64
 430 038a FF       		.byte	-1
 431 038b 00       		.byte	0
 432 038c 0A       		.byte	10
 433 038d C6       		.byte	-58
 434 038e FF       		.byte	-1
 435 038f 00       		.byte	0
 436 0390 91       		.byte	-111
 437 0391 E7       		.byte	-25
 438 0392 FF       		.byte	-1
 439 0393 00       		.byte	0
 440 0394 C7       		.byte	-57
 441 0395 36       		.byte	54
 442 0396 00       		.byte	0
 443 0397 00       		.byte	0
 444 0398 50       		.byte	80
 445 0399 C3       		.byte	-61
 446 039a 00       		.byte	0
 447 039b 00       		.byte	0
 448 039c 3D       		.byte	61
 449 039d 97       		.byte	-105
 450 039e 01       		.byte	1
 451 039f 00       		.byte	0
 452 03a0 08       		.byte	8
ARM GAS  C:\Users\rens_\AppData\Local\Temp\ccFy4VSI.s 			page 9


 453 03a1 B4       		.byte	-76
 454 03a2 02       		.byte	2
 455 03a3 00       		.byte	0
 456 03a4 B0       		.byte	-80
 457 03a5 10       		.byte	16
 458 03a6 04       		.byte	4
 459 03a7 00       		.byte	0
 460 03a8 7B       		.byte	123
 461 03a9 99       		.byte	-103
 462 03aa 05       		.byte	5
 463 03ab 00       		.byte	0
 464 03ac 7C       		.byte	124
 465 03ad 31       		.byte	49
 466 03ae 07       		.byte	7
 467 03af 00       		.byte	0
 468 03b0 CB       		.byte	-53
 469 03b1 B5       		.byte	-75
 470 03b2 08       		.byte	8
 471 03b3 00       		.byte	0
 472 03b4 E6       		.byte	-26
 473 03b5 01       		.byte	1
 474 03b6 0A       		.byte	10
 475 03b7 00       		.byte	0
 476 03b8 9F       		.byte	-97
 477 03b9 F4       		.byte	-12
 478 03ba 0A       		.byte	10
 479 03bb 00       		.byte	0
 480 03bc C6       		.byte	-58
 481 03bd 74       		.byte	116
 482 03be 0B       		.byte	11
 483 03bf 00       		.byte	0
 484 03c0 C6       		.byte	-58
 485 03c1 74       		.byte	116
 486 03c2 0B       		.byte	11
 487 03c3 00       		.byte	0
 488 03c4 9F       		.byte	-97
 489 03c5 F4       		.byte	-12
 490 03c6 0A       		.byte	10
 491 03c7 00       		.byte	0
 492 03c8 E6       		.byte	-26
 493 03c9 01       		.byte	1
 494 03ca 0A       		.byte	10
 495 03cb 00       		.byte	0
 496 03cc CB       		.byte	-53
 497 03cd B5       		.byte	-75
 498 03ce 08       		.byte	8
 499 03cf 00       		.byte	0
 500 03d0 7C       		.byte	124
 501 03d1 31       		.byte	49
 502 03d2 07       		.byte	7
 503 03d3 00       		.byte	0
 504 03d4 7B       		.byte	123
 505 03d5 99       		.byte	-103
 506 03d6 05       		.byte	5
 507 03d7 00       		.byte	0
 508 03d8 B0       		.byte	-80
 509 03d9 10       		.byte	16
ARM GAS  C:\Users\rens_\AppData\Local\Temp\ccFy4VSI.s 			page 10


 510 03da 04       		.byte	4
 511 03db 00       		.byte	0
 512 03dc 08       		.byte	8
 513 03dd B4       		.byte	-76
 514 03de 02       		.byte	2
 515 03df 00       		.byte	0
 516 03e0 3D       		.byte	61
 517 03e1 97       		.byte	-105
 518 03e2 01       		.byte	1
 519 03e3 00       		.byte	0
 520 03e4 50       		.byte	80
 521 03e5 C3       		.byte	-61
 522 03e6 00       		.byte	0
 523 03e7 00       		.byte	0
 524 03e8 C7       		.byte	-57
 525 03e9 36       		.byte	54
 526 03ea 00       		.byte	0
 527 03eb 00       		.byte	0
 528 03ec 91       		.byte	-111
 529 03ed E7       		.byte	-25
 530 03ee FF       		.byte	-1
 531 03ef 00       		.byte	0
 532 03f0 0A       		.byte	10
 533 03f1 C6       		.byte	-58
 534 03f2 FF       		.byte	-1
 535 03f3 00       		.byte	0
 536 03f4 9B       		.byte	-101
 537 03f5 C0       		.byte	-64
 538 03f6 FF       		.byte	-1
 539 03f7 00       		.byte	0
 540 03f8 26       		.byte	38
 541 03f9 C7       		.byte	-57
 542 03fa FF       		.byte	-1
 543 03fb 00       		.byte	0
 544 03fc BE       		.byte	-66
 545 03fd CD       		.byte	-51
 546 03fe FF       		.byte	-1
 547 03ff 00       		.byte	0
 548 0400 00       		.byte	0
 549 0401 00       		.byte	0
 550 0402 00       		.byte	0
 551 0403 00       		.byte	0
 552 0404 00       		.byte	0
 553 0405 00       		.byte	0
 554 0406 00       		.byte	0
 555 0407 00       		.byte	0
 556 0408 00       		.byte	0
 557 0409 00       		.byte	0
 558 040a 00       		.byte	0
 559 040b 00       		.byte	0
 560 040c 00       		.byte	0
 561 040d 00       		.byte	0
 562 040e 00       		.byte	0
 563 040f 00       		.byte	0
 564 0410 00       		.byte	0
 565 0411 00       		.byte	0
 566 0412 00       		.byte	0
ARM GAS  C:\Users\rens_\AppData\Local\Temp\ccFy4VSI.s 			page 11


 567 0413 00       		.byte	0
 568 0414 00       		.byte	0
 569 0415 00       		.byte	0
 570 0416 00       		.byte	0
 571 0417 00       		.byte	0
 572 0418 00       		.byte	0
 573 0419 00       		.byte	0
 574 041a 00       		.byte	0
 575 041b 00       		.byte	0
 576 041c 00       		.byte	0
 577 041d 00       		.byte	0
 578 041e 00       		.byte	0
 579 041f 00       		.byte	0
 580 0420 00       		.byte	0
 581 0421 00       		.byte	0
 582 0422 00       		.byte	0
 583 0423 00       		.byte	0
 584 0424 00       		.byte	0
 585 0425 00       		.byte	0
 586 0426 00       		.byte	0
 587 0427 00       		.byte	0
 588 0428 00       		.byte	0
 589 0429 00       		.byte	0
 590 042a 00       		.byte	0
 591 042b 00       		.byte	0
 592 042c 00       		.byte	0
 593 042d 00       		.byte	0
 594 042e 00       		.byte	0
 595 042f 00       		.byte	0
 596 0430 00       		.byte	0
 597 0431 00       		.byte	0
 598 0432 00       		.byte	0
 599 0433 00       		.byte	0
 600 0434 00       		.byte	0
 601 0435 00       		.byte	0
 602 0436 00       		.byte	0
 603 0437 00       		.byte	0
 604 0438 00       		.byte	0
 605 0439 00       		.byte	0
 606 043a 00       		.byte	0
 607 043b 00       		.byte	0
 608 043c 00       		.byte	0
 609 043d 00       		.byte	0
 610 043e 00       		.byte	0
 611 043f 00       		.byte	0
 612 0440 00       		.byte	0
 613 0441 00       		.byte	0
 614 0442 00       		.byte	0
 615 0443 00       		.byte	0
 616 0444 00       		.byte	0
 617 0445 00       		.byte	0
 618 0446 00       		.byte	0
 619 0447 00       		.byte	0
 620 0448 00       		.byte	0
 621 0449 00       		.byte	0
 622 044a 00       		.byte	0
 623 044b 00       		.byte	0
ARM GAS  C:\Users\rens_\AppData\Local\Temp\ccFy4VSI.s 			page 12


 624 044c 00       		.byte	0
 625 044d 00       		.byte	0
 626 044e 00       		.byte	0
 627 044f 00       		.byte	0
 628 0450 00       		.byte	0
 629 0451 00       		.byte	0
 630 0452 00       		.byte	0
 631 0453 00       		.byte	0
 632 0454 00       		.byte	0
 633 0455 00       		.byte	0
 634 0456 00       		.byte	0
 635 0457 00       		.byte	0
 636 0458 00       		.byte	0
 637 0459 00       		.byte	0
 638 045a 00       		.byte	0
 639 045b 00       		.byte	0
 640 045c 00       		.byte	0
 641 045d 00       		.byte	0
 642 045e 00       		.byte	0
 643 045f 00       		.byte	0
 644 0460 00       		.byte	0
 645 0461 00       		.byte	0
 646 0462 00       		.byte	0
 647 0463 00       		.byte	0
 648 0464 00       		.byte	0
 649 0465 00       		.byte	0
 650 0466 00       		.byte	0
 651 0467 00       		.byte	0
 652 0468 00       		.byte	0
 653 0469 00       		.byte	0
 654 046a 00       		.byte	0
 655 046b 00       		.byte	0
 656 046c 00       		.byte	0
 657 046d 00       		.byte	0
 658 046e 00       		.byte	0
 659 046f 00       		.byte	0
 660 0470 00       		.byte	0
 661 0471 00       		.byte	0
 662 0472 00       		.byte	0
 663 0473 00       		.byte	0
 664 0474 00       		.byte	0
 665 0475 00       		.byte	0
 666 0476 00       		.byte	0
 667 0477 00       		.byte	0
 668 0478 00       		.byte	0
 669 0479 00       		.byte	0
 670 047a 00       		.byte	0
 671 047b 00       		.byte	0
 672 047c 00       		.byte	0
 673 047d 00       		.byte	0
 674 047e 00       		.byte	0
 675 047f 00       		.byte	0
 676 0480 00       		.byte	0
 677 0481 00       		.byte	0
 678 0482 00       		.byte	0
 679 0483 00       		.byte	0
 680 0484 00       		.byte	0
ARM GAS  C:\Users\rens_\AppData\Local\Temp\ccFy4VSI.s 			page 13


 681 0485 00       		.byte	0
 682 0486 00       		.byte	0
 683 0487 00       		.byte	0
 684 0488 00       		.byte	0
 685 0489 00       		.byte	0
 686 048a 00       		.byte	0
 687 048b 00       		.byte	0
 688 048c 00       		.byte	0
 689 048d 00       		.byte	0
 690 048e 00       		.byte	0
 691 048f 00       		.byte	0
 692 0490 00       		.byte	0
 693 0491 00       		.byte	0
 694 0492 00       		.byte	0
 695 0493 00       		.byte	0
 696 0494 00       		.byte	0
 697 0495 00       		.byte	0
 698 0496 00       		.byte	0
 699 0497 00       		.byte	0
 700 0498 00       		.byte	0
 701 0499 00       		.byte	0
 702 049a 00       		.byte	0
 703 049b 00       		.byte	0
 704 049c 00       		.byte	0
 705 049d 00       		.byte	0
 706 049e 00       		.byte	0
 707 049f 00       		.byte	0
 708 04a0 00       		.byte	0
 709 04a1 00       		.byte	0
 710 04a2 00       		.byte	0
 711 04a3 00       		.byte	0
 712 04a4 00       		.byte	0
 713 04a5 00       		.byte	0
 714 04a6 00       		.byte	0
 715 04a7 00       		.byte	0
 716 04a8 00       		.byte	0
 717 04a9 00       		.byte	0
 718 04aa 00       		.byte	0
 719 04ab 00       		.byte	0
 720 04ac 00       		.byte	0
 721 04ad 00       		.byte	0
 722 04ae 00       		.byte	0
 723 04af 00       		.byte	0
 724 04b0 00       		.byte	0
 725 04b1 00       		.byte	0
 726 04b2 00       		.byte	0
 727 04b3 00       		.byte	0
 728 04b4 00       		.byte	0
 729 04b5 00       		.byte	0
 730 04b6 00       		.byte	0
 731 04b7 00       		.byte	0
 732 04b8 00       		.byte	0
 733 04b9 00       		.byte	0
 734 04ba 00       		.byte	0
 735 04bb 00       		.byte	0
 736 04bc 00       		.byte	0
 737 04bd 00       		.byte	0
ARM GAS  C:\Users\rens_\AppData\Local\Temp\ccFy4VSI.s 			page 14


 738 04be 00       		.byte	0
 739 04bf 00       		.byte	0
 740 04c0 00       		.byte	0
 741 04c1 00       		.byte	0
 742 04c2 00       		.byte	0
 743 04c3 00       		.byte	0
 744 04c4 00       		.byte	0
 745 04c5 00       		.byte	0
 746 04c6 00       		.byte	0
 747 04c7 00       		.byte	0
 748 04c8 00       		.byte	0
 749 04c9 00       		.byte	0
 750 04ca 00       		.byte	0
 751 04cb 00       		.byte	0
 752 04cc 00       		.byte	0
 753 04cd 00       		.byte	0
 754 04ce 00       		.byte	0
 755 04cf 00       		.byte	0
 756 04d0 00       		.byte	0
 757 04d1 00       		.byte	0
 758 04d2 00       		.byte	0
 759 04d3 00       		.byte	0
 760 04d4 00       		.byte	0
 761 04d5 00       		.byte	0
 762 04d6 00       		.byte	0
 763 04d7 00       		.byte	0
 764 04d8 00       		.byte	0
 765 04d9 00       		.byte	0
 766 04da 00       		.byte	0
 767 04db 00       		.byte	0
 768 04dc 00       		.byte	0
 769 04dd 00       		.byte	0
 770 04de 00       		.byte	0
 771 04df 00       		.byte	0
 772 04e0 00       		.byte	0
 773 04e1 00       		.byte	0
 774 04e2 00       		.byte	0
 775 04e3 00       		.byte	0
 776 04e4 00       		.byte	0
 777 04e5 00       		.byte	0
 778 04e6 00       		.byte	0
 779 04e7 00       		.byte	0
 780 04e8 00       		.byte	0
 781 04e9 00       		.byte	0
 782 04ea 00       		.byte	0
 783 04eb 00       		.byte	0
 784 04ec 00       		.byte	0
 785 04ed 00       		.byte	0
 786 04ee 00       		.byte	0
 787 04ef 00       		.byte	0
 788 04f0 00       		.byte	0
 789 04f1 00       		.byte	0
 790 04f2 00       		.byte	0
 791 04f3 00       		.byte	0
 792 04f4 00       		.byte	0
 793 04f5 00       		.byte	0
 794 04f6 00       		.byte	0
ARM GAS  C:\Users\rens_\AppData\Local\Temp\ccFy4VSI.s 			page 15


 795 04f7 00       		.byte	0
 796 04f8 00       		.byte	0
 797 04f9 00       		.byte	0
 798 04fa 00       		.byte	0
 799 04fb 00       		.byte	0
 800 04fc 00       		.byte	0
 801 04fd 00       		.byte	0
 802 04fe 00       		.byte	0
 803 04ff 00       		.byte	0
 804              		.global	Filter_acu
 805              		.align	2
 806              		.type	Filter_acu, %object
 807              		.size	Filter_acu, 64
 808              	Filter_acu:
 809 0500 9F       		.byte	-97
 810 0501 0F       		.byte	15
 811 0502 00       		.byte	0
 812 0503 00       		.byte	0
 813 0504 00       		.byte	0
 814 0505 00       		.byte	0
 815 0506 00       		.byte	0
 816 0507 00       		.byte	0
 817 0508 00       		.byte	0
 818 0509 00       		.byte	0
 819 050a 00       		.byte	0
 820 050b 00       		.byte	0
 821 050c BF       		.byte	-65
 822 050d 1F       		.byte	31
 823 050e 00       		.byte	0
 824 050f 00       		.byte	0
 825 0510 20       		.byte	32
 826 0511 10       		.byte	16
 827 0512 00       		.byte	0
 828 0513 00       		.byte	0
 829 0514 20       		.byte	32
 830 0515 10       		.byte	16
 831 0516 00       		.byte	0
 832 0517 00       		.byte	0
 833 0518 00       		.byte	0
 834 0519 00       		.byte	0
 835 051a 00       		.byte	0
 836 051b 00       		.byte	0
 837 051c 00       		.byte	0
 838 051d 00       		.byte	0
 839 051e 00       		.byte	0
 840 051f 00       		.byte	0
 841 0520 00       		.byte	0
 842 0521 00       		.byte	0
 843 0522 00       		.byte	0
 844 0523 00       		.byte	0
 845 0524 00       		.byte	0
 846 0525 00       		.byte	0
 847 0526 00       		.byte	0
 848 0527 00       		.byte	0
 849 0528 00       		.byte	0
 850 0529 00       		.byte	0
 851 052a 00       		.byte	0
ARM GAS  C:\Users\rens_\AppData\Local\Temp\ccFy4VSI.s 			page 16


 852 052b 00       		.byte	0
 853 052c 00       		.byte	0
 854 052d 00       		.byte	0
 855 052e 00       		.byte	0
 856 052f 00       		.byte	0
 857 0530 00       		.byte	0
 858 0531 00       		.byte	0
 859 0532 00       		.byte	0
 860 0533 00       		.byte	0
 861 0534 00       		.byte	0
 862 0535 00       		.byte	0
 863 0536 00       		.byte	0
 864 0537 00       		.byte	0
 865 0538 00       		.byte	0
 866 0539 00       		.byte	0
 867 053a 00       		.byte	0
 868 053b 00       		.byte	0
 869 053c 00       		.byte	0
 870 053d 00       		.byte	0
 871 053e 00       		.byte	0
 872 053f 00       		.byte	0
 873              		.global	Filter_cfsm
 874              		.align	2
 875              		.type	Filter_cfsm, %object
 876              		.size	Filter_cfsm, 256
 877              	Filter_cfsm:
 878 0540 21       		.byte	33
 879 0541 F8       		.byte	-8
 880 0542 05       		.byte	5
 881 0543 01       		.byte	1
 882 0544 44       		.byte	68
 883 0545 F8       		.byte	-8
 884 0546 0B       		.byte	11
 885 0547 40       		.byte	64
 886 0548 67       		.byte	103
 887 0549 F8       		.byte	-8
 888 054a 1B       		.byte	27
 889 054b 80       		.byte	-128
 890 054c 81       		.byte	-127
 891 054d F8       		.byte	-8
 892 054e 05       		.byte	5
 893 054f 01       		.byte	1
 894 0550 A6       		.byte	-90
 895 0551 F8       		.byte	-8
 896 0552 19       		.byte	25
 897 0553 01       		.byte	1
 898 0554 C2       		.byte	-62
 899 0555 F8       		.byte	-8
 900 0556 07       		.byte	7
 901 0557 01       		.byte	1
 902 0558 85       		.byte	-123
 903 0559 61       		.byte	97
 904 055a 92       		.byte	-110
 905 055b 21       		.byte	33
 906 055c 09       		.byte	9
 907 055d F9       		.byte	-7
 908 055e 29       		.byte	41
ARM GAS  C:\Users\rens_\AppData\Local\Temp\ccFy4VSI.s 			page 17


 909 055f 01       		.byte	1
 910 0560 21       		.byte	33
 911 0561 F9       		.byte	-7
 912 0562 05       		.byte	5
 913 0563 01       		.byte	1
 914 0564 88       		.byte	-120
 915 0565 A2       		.byte	-94
 916 0566 A2       		.byte	-94
 917 0567 21       		.byte	33
 918 0568 00       		.byte	0
 919 0569 00       		.byte	0
 920 056a 00       		.byte	0
 921 056b 00       		.byte	0
 922 056c 00       		.byte	0
 923 056d 00       		.byte	0
 924 056e 00       		.byte	0
 925 056f 00       		.byte	0
 926 0570 00       		.byte	0
 927 0571 00       		.byte	0
 928 0572 00       		.byte	0
 929 0573 00       		.byte	0
 930 0574 00       		.byte	0
 931 0575 00       		.byte	0
 932 0576 00       		.byte	0
 933 0577 00       		.byte	0
 934 0578 00       		.byte	0
 935 0579 00       		.byte	0
 936 057a 00       		.byte	0
 937 057b 00       		.byte	0
 938 057c 00       		.byte	0
 939 057d 00       		.byte	0
 940 057e 00       		.byte	0
 941 057f 00       		.byte	0
 942 0580 00       		.byte	0
 943 0581 00       		.byte	0
 944 0582 00       		.byte	0
 945 0583 00       		.byte	0
 946 0584 00       		.byte	0
 947 0585 00       		.byte	0
 948 0586 00       		.byte	0
 949 0587 00       		.byte	0
 950 0588 00       		.byte	0
 951 0589 00       		.byte	0
 952 058a 00       		.byte	0
 953 058b 00       		.byte	0
 954 058c 00       		.byte	0
 955 058d 00       		.byte	0
 956 058e 00       		.byte	0
 957 058f 00       		.byte	0
 958 0590 00       		.byte	0
 959 0591 00       		.byte	0
 960 0592 00       		.byte	0
 961 0593 00       		.byte	0
 962 0594 00       		.byte	0
 963 0595 00       		.byte	0
 964 0596 00       		.byte	0
 965 0597 00       		.byte	0
ARM GAS  C:\Users\rens_\AppData\Local\Temp\ccFy4VSI.s 			page 18


 966 0598 00       		.byte	0
 967 0599 00       		.byte	0
 968 059a 00       		.byte	0
 969 059b 00       		.byte	0
 970 059c 00       		.byte	0
 971 059d 00       		.byte	0
 972 059e 00       		.byte	0
 973 059f 00       		.byte	0
 974 05a0 00       		.byte	0
 975 05a1 00       		.byte	0
 976 05a2 00       		.byte	0
 977 05a3 00       		.byte	0
 978 05a4 00       		.byte	0
 979 05a5 00       		.byte	0
 980 05a6 00       		.byte	0
 981 05a7 00       		.byte	0
 982 05a8 00       		.byte	0
 983 05a9 00       		.byte	0
 984 05aa 00       		.byte	0
 985 05ab 00       		.byte	0
 986 05ac 00       		.byte	0
 987 05ad 00       		.byte	0
 988 05ae 00       		.byte	0
 989 05af 00       		.byte	0
 990 05b0 00       		.byte	0
 991 05b1 00       		.byte	0
 992 05b2 00       		.byte	0
 993 05b3 00       		.byte	0
 994 05b4 00       		.byte	0
 995 05b5 00       		.byte	0
 996 05b6 00       		.byte	0
 997 05b7 00       		.byte	0
 998 05b8 00       		.byte	0
 999 05b9 00       		.byte	0
 1000 05ba 00       		.byte	0
 1001 05bb 00       		.byte	0
 1002 05bc 00       		.byte	0
 1003 05bd 00       		.byte	0
 1004 05be 00       		.byte	0
 1005 05bf 00       		.byte	0
 1006 05c0 00       		.byte	0
 1007 05c1 00       		.byte	0
 1008 05c2 00       		.byte	0
 1009 05c3 00       		.byte	0
 1010 05c4 00       		.byte	0
 1011 05c5 00       		.byte	0
 1012 05c6 00       		.byte	0
 1013 05c7 00       		.byte	0
 1014 05c8 00       		.byte	0
 1015 05c9 00       		.byte	0
 1016 05ca 00       		.byte	0
 1017 05cb 00       		.byte	0
 1018 05cc 00       		.byte	0
 1019 05cd 00       		.byte	0
 1020 05ce 00       		.byte	0
 1021 05cf 00       		.byte	0
 1022 05d0 00       		.byte	0
ARM GAS  C:\Users\rens_\AppData\Local\Temp\ccFy4VSI.s 			page 19


 1023 05d1 00       		.byte	0
 1024 05d2 00       		.byte	0
 1025 05d3 00       		.byte	0
 1026 05d4 00       		.byte	0
 1027 05d5 00       		.byte	0
 1028 05d6 00       		.byte	0
 1029 05d7 00       		.byte	0
 1030 05d8 00       		.byte	0
 1031 05d9 00       		.byte	0
 1032 05da 00       		.byte	0
 1033 05db 00       		.byte	0
 1034 05dc 00       		.byte	0
 1035 05dd 00       		.byte	0
 1036 05de 00       		.byte	0
 1037 05df 00       		.byte	0
 1038 05e0 00       		.byte	0
 1039 05e1 00       		.byte	0
 1040 05e2 00       		.byte	0
 1041 05e3 00       		.byte	0
 1042 05e4 00       		.byte	0
 1043 05e5 00       		.byte	0
 1044 05e6 00       		.byte	0
 1045 05e7 00       		.byte	0
 1046 05e8 00       		.byte	0
 1047 05e9 00       		.byte	0
 1048 05ea 00       		.byte	0
 1049 05eb 00       		.byte	0
 1050 05ec 00       		.byte	0
 1051 05ed 00       		.byte	0
 1052 05ee 00       		.byte	0
 1053 05ef 00       		.byte	0
 1054 05f0 00       		.byte	0
 1055 05f1 00       		.byte	0
 1056 05f2 00       		.byte	0
 1057 05f3 00       		.byte	0
 1058 05f4 00       		.byte	0
 1059 05f5 00       		.byte	0
 1060 05f6 00       		.byte	0
 1061 05f7 00       		.byte	0
 1062 05f8 00       		.byte	0
 1063 05f9 00       		.byte	0
 1064 05fa 00       		.byte	0
 1065 05fb 00       		.byte	0
 1066 05fc 00       		.byte	0
 1067 05fd 00       		.byte	0
 1068 05fe 00       		.byte	0
 1069 05ff 00       		.byte	0
 1070 0600 00       		.byte	0
 1071 0601 00       		.byte	0
 1072 0602 00       		.byte	0
 1073 0603 00       		.byte	0
 1074 0604 00       		.byte	0
 1075 0605 00       		.byte	0
 1076 0606 00       		.byte	0
 1077 0607 00       		.byte	0
 1078 0608 00       		.byte	0
 1079 0609 00       		.byte	0
ARM GAS  C:\Users\rens_\AppData\Local\Temp\ccFy4VSI.s 			page 20


 1080 060a 00       		.byte	0
 1081 060b 00       		.byte	0
 1082 060c 00       		.byte	0
 1083 060d 00       		.byte	0
 1084 060e 00       		.byte	0
 1085 060f 00       		.byte	0
 1086 0610 00       		.byte	0
 1087 0611 00       		.byte	0
 1088 0612 00       		.byte	0
 1089 0613 00       		.byte	0
 1090 0614 00       		.byte	0
 1091 0615 00       		.byte	0
 1092 0616 00       		.byte	0
 1093 0617 00       		.byte	0
 1094 0618 00       		.byte	0
 1095 0619 00       		.byte	0
 1096 061a 00       		.byte	0
 1097 061b 00       		.byte	0
 1098 061c 00       		.byte	0
 1099 061d 00       		.byte	0
 1100 061e 00       		.byte	0
 1101 061f 00       		.byte	0
 1102 0620 00       		.byte	0
 1103 0621 00       		.byte	0
 1104 0622 00       		.byte	0
 1105 0623 00       		.byte	0
 1106 0624 00       		.byte	0
 1107 0625 00       		.byte	0
 1108 0626 00       		.byte	0
 1109 0627 00       		.byte	0
 1110 0628 00       		.byte	0
 1111 0629 00       		.byte	0
 1112 062a 00       		.byte	0
 1113 062b 00       		.byte	0
 1114 062c 00       		.byte	0
 1115 062d 00       		.byte	0
 1116 062e 00       		.byte	0
 1117 062f 00       		.byte	0
 1118 0630 00       		.byte	0
 1119 0631 00       		.byte	0
 1120 0632 00       		.byte	0
 1121 0633 00       		.byte	0
 1122 0634 00       		.byte	0
 1123 0635 00       		.byte	0
 1124 0636 00       		.byte	0
 1125 0637 00       		.byte	0
 1126 0638 00       		.byte	0
 1127 0639 00       		.byte	0
 1128 063a 00       		.byte	0
 1129 063b 00       		.byte	0
 1130 063c 00       		.byte	0
 1131 063d 00       		.byte	0
 1132 063e 00       		.byte	0
 1133 063f 00       		.byte	0
 1134              		.text
 1135              	.Letext0:
 1136              		.file 1 "Generated_Source\\PSoC5\\Filter_RAM_Data.c"
ARM GAS  C:\Users\rens_\AppData\Local\Temp\ccFy4VSI.s 			page 21


 1137              		.file 2 "Generated_Source\\PSoC5\\cytypes.h"
 1138              		.section	.debug_info,"",%progbits
 1139              	.Ldebug_info0:
 1140 0000 33010000 		.4byte	0x133
 1141 0004 0400     		.2byte	0x4
 1142 0006 00000000 		.4byte	.Ldebug_abbrev0
 1143 000a 04       		.byte	0x4
 1144 000b 01       		.uleb128 0x1
 1145 000c 5B000000 		.4byte	.LASF19
 1146 0010 0C       		.byte	0xc
 1147 0011 E9000000 		.4byte	.LASF20
 1148 0015 2E010000 		.4byte	.LASF21
 1149 0019 00000000 		.4byte	.Ldebug_line0
 1150 001d 02       		.uleb128 0x2
 1151 001e 04       		.byte	0x4
 1152 001f 05       		.byte	0x5
 1153 0020 696E7400 		.ascii	"int\000"
 1154 0024 03       		.uleb128 0x3
 1155 0025 04       		.byte	0x4
 1156 0026 07       		.byte	0x7
 1157 0027 0E000000 		.4byte	.LASF0
 1158 002b 03       		.uleb128 0x3
 1159 002c 08       		.byte	0x8
 1160 002d 05       		.byte	0x5
 1161 002e 00000000 		.4byte	.LASF1
 1162 0032 03       		.uleb128 0x3
 1163 0033 08       		.byte	0x8
 1164 0034 04       		.byte	0x4
 1165 0035 CA010000 		.4byte	.LASF2
 1166 0039 03       		.uleb128 0x3
 1167 003a 01       		.byte	0x1
 1168 003b 06       		.byte	0x6
 1169 003c AF010000 		.4byte	.LASF3
 1170 0040 03       		.uleb128 0x3
 1171 0041 01       		.byte	0x1
 1172 0042 08       		.byte	0x8
 1173 0043 12010000 		.4byte	.LASF4
 1174 0047 03       		.uleb128 0x3
 1175 0048 02       		.byte	0x2
 1176 0049 05       		.byte	0x5
 1177 004a D6010000 		.4byte	.LASF5
 1178 004e 03       		.uleb128 0x3
 1179 004f 02       		.byte	0x2
 1180 0050 07       		.byte	0x7
 1181 0051 9C010000 		.4byte	.LASF6
 1182 0055 03       		.uleb128 0x3
 1183 0056 04       		.byte	0x4
 1184 0057 05       		.byte	0x5
 1185 0058 25010000 		.4byte	.LASF7
 1186 005c 03       		.uleb128 0x3
 1187 005d 04       		.byte	0x4
 1188 005e 07       		.byte	0x7
 1189 005f 2C000000 		.4byte	.LASF8
 1190 0063 03       		.uleb128 0x3
 1191 0064 08       		.byte	0x8
 1192 0065 07       		.byte	0x7
 1193 0066 3E000000 		.4byte	.LASF9
ARM GAS  C:\Users\rens_\AppData\Local\Temp\ccFy4VSI.s 			page 22


 1194 006a 03       		.uleb128 0x3
 1195 006b 04       		.byte	0x4
 1196 006c 07       		.byte	0x7
 1197 006d EC010000 		.4byte	.LASF10
 1198 0071 03       		.uleb128 0x3
 1199 0072 01       		.byte	0x1
 1200 0073 08       		.byte	0x8
 1201 0074 20010000 		.4byte	.LASF11
 1202 0078 04       		.uleb128 0x4
 1203 0079 26000000 		.4byte	.LASF22
 1204 007d 02       		.byte	0x2
 1205 007e 9201     		.2byte	0x192
 1206 0080 40000000 		.4byte	0x40
 1207 0084 03       		.uleb128 0x3
 1208 0085 04       		.byte	0x4
 1209 0086 04       		.byte	0x4
 1210 0087 55000000 		.4byte	.LASF12
 1211 008b 03       		.uleb128 0x3
 1212 008c 08       		.byte	0x8
 1213 008d 04       		.byte	0x4
 1214 008e 79010000 		.4byte	.LASF13
 1215 0092 05       		.uleb128 0x5
 1216 0093 A2000000 		.4byte	0xa2
 1217 0097 A2000000 		.4byte	0xa2
 1218 009b 06       		.uleb128 0x6
 1219 009c 6A000000 		.4byte	0x6a
 1220 00a0 FF       		.byte	0xff
 1221 00a1 00       		.byte	0
 1222 00a2 07       		.uleb128 0x7
 1223 00a3 78000000 		.4byte	0x78
 1224 00a7 08       		.uleb128 0x8
 1225 00a8 BB010000 		.4byte	.LASF14
 1226 00ac 01       		.byte	0x1
 1227 00ad 04       		.byte	0x4
 1228 00ae B8000000 		.4byte	0xb8
 1229 00b2 05       		.uleb128 0x5
 1230 00b3 03       		.byte	0x3
 1231 00b4 00000000 		.4byte	Filter_control
 1232 00b8 07       		.uleb128 0x7
 1233 00b9 92000000 		.4byte	0x92
 1234 00bd 05       		.uleb128 0x5
 1235 00be A2000000 		.4byte	0xa2
 1236 00c2 CE000000 		.4byte	0xce
 1237 00c6 09       		.uleb128 0x9
 1238 00c7 6A000000 		.4byte	0x6a
 1239 00cb FF01     		.2byte	0x1ff
 1240 00cd 00       		.byte	0
 1241 00ce 08       		.uleb128 0x8
 1242 00cf 80010000 		.4byte	.LASF15
 1243 00d3 01       		.byte	0x1
 1244 00d4 28       		.byte	0x28
 1245 00d5 DF000000 		.4byte	0xdf
 1246 00d9 05       		.uleb128 0x5
 1247 00da 03       		.byte	0x3
 1248 00db 00000000 		.4byte	Filter_data_a
 1249 00df 07       		.uleb128 0x7
 1250 00e0 BD000000 		.4byte	0xbd
ARM GAS  C:\Users\rens_\AppData\Local\Temp\ccFy4VSI.s 			page 23


 1251 00e4 08       		.uleb128 0x8
 1252 00e5 8E010000 		.4byte	.LASF16
 1253 00e9 01       		.byte	0x1
 1254 00ea 6C       		.byte	0x6c
 1255 00eb F5000000 		.4byte	0xf5
 1256 00ef 05       		.uleb128 0x5
 1257 00f0 03       		.byte	0x3
 1258 00f1 00000000 		.4byte	Filter_data_b
 1259 00f5 07       		.uleb128 0x7
 1260 00f6 BD000000 		.4byte	0xbd
 1261 00fa 08       		.uleb128 0x8
 1262 00fb E0010000 		.4byte	.LASF17
 1263 00ff 01       		.byte	0x1
 1264 0100 BC       		.byte	0xbc
 1265 0101 0B010000 		.4byte	0x10b
 1266 0105 05       		.uleb128 0x5
 1267 0106 03       		.byte	0x3
 1268 0107 00000000 		.4byte	Filter_cfsm
 1269 010b 07       		.uleb128 0x7
 1270 010c 92000000 		.4byte	0x92
 1271 0110 05       		.uleb128 0x5
 1272 0111 A2000000 		.4byte	0xa2
 1273 0115 20010000 		.4byte	0x120
 1274 0119 06       		.uleb128 0x6
 1275 011a 6A000000 		.4byte	0x6a
 1276 011e 3F       		.byte	0x3f
 1277 011f 00       		.byte	0
 1278 0120 08       		.uleb128 0x8
 1279 0121 1B000000 		.4byte	.LASF18
 1280 0125 01       		.byte	0x1
 1281 0126 B0       		.byte	0xb0
 1282 0127 31010000 		.4byte	0x131
 1283 012b 05       		.uleb128 0x5
 1284 012c 03       		.byte	0x3
 1285 012d 00000000 		.4byte	Filter_acu
 1286 0131 07       		.uleb128 0x7
 1287 0132 10010000 		.4byte	0x110
 1288 0136 00       		.byte	0
 1289              		.section	.debug_abbrev,"",%progbits
 1290              	.Ldebug_abbrev0:
 1291 0000 01       		.uleb128 0x1
 1292 0001 11       		.uleb128 0x11
 1293 0002 01       		.byte	0x1
 1294 0003 25       		.uleb128 0x25
 1295 0004 0E       		.uleb128 0xe
 1296 0005 13       		.uleb128 0x13
 1297 0006 0B       		.uleb128 0xb
 1298 0007 03       		.uleb128 0x3
 1299 0008 0E       		.uleb128 0xe
 1300 0009 1B       		.uleb128 0x1b
 1301 000a 0E       		.uleb128 0xe
 1302 000b 10       		.uleb128 0x10
 1303 000c 17       		.uleb128 0x17
 1304 000d 00       		.byte	0
 1305 000e 00       		.byte	0
 1306 000f 02       		.uleb128 0x2
 1307 0010 24       		.uleb128 0x24
ARM GAS  C:\Users\rens_\AppData\Local\Temp\ccFy4VSI.s 			page 24


 1308 0011 00       		.byte	0
 1309 0012 0B       		.uleb128 0xb
 1310 0013 0B       		.uleb128 0xb
 1311 0014 3E       		.uleb128 0x3e
 1312 0015 0B       		.uleb128 0xb
 1313 0016 03       		.uleb128 0x3
 1314 0017 08       		.uleb128 0x8
 1315 0018 00       		.byte	0
 1316 0019 00       		.byte	0
 1317 001a 03       		.uleb128 0x3
 1318 001b 24       		.uleb128 0x24
 1319 001c 00       		.byte	0
 1320 001d 0B       		.uleb128 0xb
 1321 001e 0B       		.uleb128 0xb
 1322 001f 3E       		.uleb128 0x3e
 1323 0020 0B       		.uleb128 0xb
 1324 0021 03       		.uleb128 0x3
 1325 0022 0E       		.uleb128 0xe
 1326 0023 00       		.byte	0
 1327 0024 00       		.byte	0
 1328 0025 04       		.uleb128 0x4
 1329 0026 16       		.uleb128 0x16
 1330 0027 00       		.byte	0
 1331 0028 03       		.uleb128 0x3
 1332 0029 0E       		.uleb128 0xe
 1333 002a 3A       		.uleb128 0x3a
 1334 002b 0B       		.uleb128 0xb
 1335 002c 3B       		.uleb128 0x3b
 1336 002d 05       		.uleb128 0x5
 1337 002e 49       		.uleb128 0x49
 1338 002f 13       		.uleb128 0x13
 1339 0030 00       		.byte	0
 1340 0031 00       		.byte	0
 1341 0032 05       		.uleb128 0x5
 1342 0033 01       		.uleb128 0x1
 1343 0034 01       		.byte	0x1
 1344 0035 49       		.uleb128 0x49
 1345 0036 13       		.uleb128 0x13
 1346 0037 01       		.uleb128 0x1
 1347 0038 13       		.uleb128 0x13
 1348 0039 00       		.byte	0
 1349 003a 00       		.byte	0
 1350 003b 06       		.uleb128 0x6
 1351 003c 21       		.uleb128 0x21
 1352 003d 00       		.byte	0
 1353 003e 49       		.uleb128 0x49
 1354 003f 13       		.uleb128 0x13
 1355 0040 2F       		.uleb128 0x2f
 1356 0041 0B       		.uleb128 0xb
 1357 0042 00       		.byte	0
 1358 0043 00       		.byte	0
 1359 0044 07       		.uleb128 0x7
 1360 0045 26       		.uleb128 0x26
 1361 0046 00       		.byte	0
 1362 0047 49       		.uleb128 0x49
 1363 0048 13       		.uleb128 0x13
 1364 0049 00       		.byte	0
ARM GAS  C:\Users\rens_\AppData\Local\Temp\ccFy4VSI.s 			page 25


 1365 004a 00       		.byte	0
 1366 004b 08       		.uleb128 0x8
 1367 004c 34       		.uleb128 0x34
 1368 004d 00       		.byte	0
 1369 004e 03       		.uleb128 0x3
 1370 004f 0E       		.uleb128 0xe
 1371 0050 3A       		.uleb128 0x3a
 1372 0051 0B       		.uleb128 0xb
 1373 0052 3B       		.uleb128 0x3b
 1374 0053 0B       		.uleb128 0xb
 1375 0054 49       		.uleb128 0x49
 1376 0055 13       		.uleb128 0x13
 1377 0056 3F       		.uleb128 0x3f
 1378 0057 19       		.uleb128 0x19
 1379 0058 02       		.uleb128 0x2
 1380 0059 18       		.uleb128 0x18
 1381 005a 00       		.byte	0
 1382 005b 00       		.byte	0
 1383 005c 09       		.uleb128 0x9
 1384 005d 21       		.uleb128 0x21
 1385 005e 00       		.byte	0
 1386 005f 49       		.uleb128 0x49
 1387 0060 13       		.uleb128 0x13
 1388 0061 2F       		.uleb128 0x2f
 1389 0062 05       		.uleb128 0x5
 1390 0063 00       		.byte	0
 1391 0064 00       		.byte	0
 1392 0065 00       		.byte	0
 1393              		.section	.debug_aranges,"",%progbits
 1394 0000 14000000 		.4byte	0x14
 1395 0004 0200     		.2byte	0x2
 1396 0006 00000000 		.4byte	.Ldebug_info0
 1397 000a 04       		.byte	0x4
 1398 000b 00       		.byte	0
 1399 000c 0000     		.2byte	0
 1400 000e 0000     		.2byte	0
 1401 0010 00000000 		.4byte	0
 1402 0014 00000000 		.4byte	0
 1403              		.section	.debug_line,"",%progbits
 1404              	.Ldebug_line0:
 1405 0000 52000000 		.section	.debug_str,"MS",%progbits,1
 1405      02004C00 
 1405      00000201 
 1405      FB0E0D00 
 1405      01010101 
 1406              	.LASF1:
 1407 0000 6C6F6E67 		.ascii	"long long int\000"
 1407      206C6F6E 
 1407      6720696E 
 1407      7400
 1408              	.LASF0:
 1409 000e 756E7369 		.ascii	"unsigned int\000"
 1409      676E6564 
 1409      20696E74 
 1409      00
 1410              	.LASF18:
 1411 001b 46696C74 		.ascii	"Filter_acu\000"
ARM GAS  C:\Users\rens_\AppData\Local\Temp\ccFy4VSI.s 			page 26


 1411      65725F61 
 1411      637500
 1412              	.LASF22:
 1413 0026 75696E74 		.ascii	"uint8\000"
 1413      3800
 1414              	.LASF8:
 1415 002c 6C6F6E67 		.ascii	"long unsigned int\000"
 1415      20756E73 
 1415      69676E65 
 1415      6420696E 
 1415      7400
 1416              	.LASF9:
 1417 003e 6C6F6E67 		.ascii	"long long unsigned int\000"
 1417      206C6F6E 
 1417      6720756E 
 1417      7369676E 
 1417      65642069 
 1418              	.LASF12:
 1419 0055 666C6F61 		.ascii	"float\000"
 1419      7400
 1420              	.LASF19:
 1421 005b 474E5520 		.ascii	"GNU C11 5.4.1 20160609 (release) [ARM/embedded-5-br"
 1421      43313120 
 1421      352E342E 
 1421      31203230 
 1421      31363036 
 1422 008e 616E6368 		.ascii	"anch revision 237715] -mcpu=cortex-m3 -mthumb -g -O"
 1422      20726576 
 1422      6973696F 
 1422      6E203233 
 1422      37373135 
 1423 00c1 30202D66 		.ascii	"0 -ffunction-sections -ffat-lto-objects\000"
 1423      66756E63 
 1423      74696F6E 
 1423      2D736563 
 1423      74696F6E 
 1424              	.LASF20:
 1425 00e9 47656E65 		.ascii	"Generated_Source\\PSoC5\\Filter_RAM_Data.c\000"
 1425      72617465 
 1425      645F536F 
 1425      75726365 
 1425      5C50536F 
 1426              	.LASF4:
 1427 0112 756E7369 		.ascii	"unsigned char\000"
 1427      676E6564 
 1427      20636861 
 1427      7200
 1428              	.LASF11:
 1429 0120 63686172 		.ascii	"char\000"
 1429      00
 1430              	.LASF7:
 1431 0125 6C6F6E67 		.ascii	"long int\000"
 1431      20696E74 
 1431      00
 1432              	.LASF21:
 1433 012e 433A5C55 		.ascii	"C:\\Users\\rens_\\Documents\\platooning\\PSoC\\Plat"
 1433      73657273 
ARM GAS  C:\Users\rens_\AppData\Local\Temp\ccFy4VSI.s 			page 27


 1433      5C72656E 
 1433      735F5C44 
 1433      6F63756D 
 1434 015b 6F6F6E69 		.ascii	"ooning\\AngleMeasurement.cydsn\000"
 1434      6E675C41 
 1434      6E676C65 
 1434      4D656173 
 1434      7572656D 
 1435              	.LASF13:
 1436 0179 646F7562 		.ascii	"double\000"
 1436      6C6500
 1437              	.LASF15:
 1438 0180 46696C74 		.ascii	"Filter_data_a\000"
 1438      65725F64 
 1438      6174615F 
 1438      6100
 1439              	.LASF16:
 1440 018e 46696C74 		.ascii	"Filter_data_b\000"
 1440      65725F64 
 1440      6174615F 
 1440      6200
 1441              	.LASF6:
 1442 019c 73686F72 		.ascii	"short unsigned int\000"
 1442      7420756E 
 1442      7369676E 
 1442      65642069 
 1442      6E7400
 1443              	.LASF3:
 1444 01af 7369676E 		.ascii	"signed char\000"
 1444      65642063 
 1444      68617200 
 1445              	.LASF14:
 1446 01bb 46696C74 		.ascii	"Filter_control\000"
 1446      65725F63 
 1446      6F6E7472 
 1446      6F6C00
 1447              	.LASF2:
 1448 01ca 6C6F6E67 		.ascii	"long double\000"
 1448      20646F75 
 1448      626C6500 
 1449              	.LASF5:
 1450 01d6 73686F72 		.ascii	"short int\000"
 1450      7420696E 
 1450      7400
 1451              	.LASF17:
 1452 01e0 46696C74 		.ascii	"Filter_cfsm\000"
 1452      65725F63 
 1452      66736D00 
 1453              	.LASF10:
 1454 01ec 73697A65 		.ascii	"sizetype\000"
 1454      74797065 
 1454      00
 1455              		.ident	"GCC: (GNU Tools for ARM Embedded Processors) 5.4.1 20160609 (release) [ARM/embedded-5-bran
