ARM GAS  C:\Users\Krist\AppData\Local\Temp\cc4SgLg4.s 			page 1


   1              		.syntax unified
   2              		.cpu cortex-m3
   3              		.fpu softvfp
   4              		.eabi_attribute 20, 1
   5              		.eabi_attribute 21, 1
   6              		.eabi_attribute 23, 3
   7              		.eabi_attribute 24, 1
   8              		.eabi_attribute 25, 1
   9              		.eabi_attribute 26, 1
  10              		.eabi_attribute 30, 6
  11              		.eabi_attribute 34, 1
  12              		.eabi_attribute 18, 4
  13              		.thumb
  14              		.syntax unified
  15              		.file	"Maximum_Peak_Detector_A.c"
  16              		.text
  17              	.Ltext0:
  18              		.cfi_sections	.debug_frame
  19              		.section	.text.Maximum_Peak_Detector_A_Start,"ax",%progbits
  20              		.align	2
  21              		.global	Maximum_Peak_Detector_A_Start
  22              		.thumb
  23              		.thumb_func
  24              		.type	Maximum_Peak_Detector_A_Start, %function
  25              	Maximum_Peak_Detector_A_Start:
  26              	.LFB0:
  27              		.file 1 "Generated_Source\\PSoC5\\Maximum_Peak_Detector_A.c"
   1:Generated_Source\PSoC5/Maximum_Peak_Detector_A.c **** /******************************************************************************
   2:Generated_Source\PSoC5/Maximum_Peak_Detector_A.c **** * File Name: Maximum_Peak_Detector_A.c
   3:Generated_Source\PSoC5/Maximum_Peak_Detector_A.c **** * Version 1.0
   4:Generated_Source\PSoC5/Maximum_Peak_Detector_A.c **** *
   5:Generated_Source\PSoC5/Maximum_Peak_Detector_A.c **** *  Description: 
   6:Generated_Source\PSoC5/Maximum_Peak_Detector_A.c **** *   API for controlling the maximum peak detector.
   7:Generated_Source\PSoC5/Maximum_Peak_Detector_A.c **** *
   8:Generated_Source\PSoC5/Maximum_Peak_Detector_A.c **** *
   9:Generated_Source\PSoC5/Maximum_Peak_Detector_A.c **** ********************************************************************************
  10:Generated_Source\PSoC5/Maximum_Peak_Detector_A.c **** * Copyright 2008-2010, Cypress Semiconductor Corporation.  All rights reserved.
  11:Generated_Source\PSoC5/Maximum_Peak_Detector_A.c **** * You may use this file only in accordance with the license, terms, conditions, 
  12:Generated_Source\PSoC5/Maximum_Peak_Detector_A.c **** * disclaimers, and limitations in the end user license agreement accompanying 
  13:Generated_Source\PSoC5/Maximum_Peak_Detector_A.c **** * the software package with which this file was provided.
  14:Generated_Source\PSoC5/Maximum_Peak_Detector_A.c **** ********************************************************************************/
  15:Generated_Source\PSoC5/Maximum_Peak_Detector_A.c **** 
  16:Generated_Source\PSoC5/Maximum_Peak_Detector_A.c **** #include <CYDEVICE.H>
  17:Generated_Source\PSoC5/Maximum_Peak_Detector_A.c **** #include "Maximum_Peak_Detector_A.h"
  18:Generated_Source\PSoC5/Maximum_Peak_Detector_A.c **** #include "Maximum_Peak_Detector_A_Comp_1.h"
  19:Generated_Source\PSoC5/Maximum_Peak_Detector_A.c **** #include "Maximum_Peak_Detector_A_Sample_Hold.h"
  20:Generated_Source\PSoC5/Maximum_Peak_Detector_A.c **** 
  21:Generated_Source\PSoC5/Maximum_Peak_Detector_A.c **** /*******************************************************************************
  22:Generated_Source\PSoC5/Maximum_Peak_Detector_A.c **** * Function Name: Maximum_Peak_Detector_A_Start
  23:Generated_Source\PSoC5/Maximum_Peak_Detector_A.c **** ********************************************************************************
  24:Generated_Source\PSoC5/Maximum_Peak_Detector_A.c **** * Summary:
  25:Generated_Source\PSoC5/Maximum_Peak_Detector_A.c **** *   Enables the peak detector component.
  26:Generated_Source\PSoC5/Maximum_Peak_Detector_A.c **** *
  27:Generated_Source\PSoC5/Maximum_Peak_Detector_A.c **** *
  28:Generated_Source\PSoC5/Maximum_Peak_Detector_A.c **** * Parameters:
  29:Generated_Source\PSoC5/Maximum_Peak_Detector_A.c **** *   void.
  30:Generated_Source\PSoC5/Maximum_Peak_Detector_A.c **** *
ARM GAS  C:\Users\Krist\AppData\Local\Temp\cc4SgLg4.s 			page 2


  31:Generated_Source\PSoC5/Maximum_Peak_Detector_A.c **** * Return:
  32:Generated_Source\PSoC5/Maximum_Peak_Detector_A.c **** *   void.
  33:Generated_Source\PSoC5/Maximum_Peak_Detector_A.c **** *   
  34:Generated_Source\PSoC5/Maximum_Peak_Detector_A.c **** *
  35:Generated_Source\PSoC5/Maximum_Peak_Detector_A.c **** *******************************************************************************/
  36:Generated_Source\PSoC5/Maximum_Peak_Detector_A.c **** void Maximum_Peak_Detector_A_Start(void)
  37:Generated_Source\PSoC5/Maximum_Peak_Detector_A.c **** {
  28              		.loc 1 37 0
  29              		.cfi_startproc
  30              		@ args = 0, pretend = 0, frame = 0
  31              		@ frame_needed = 1, uses_anonymous_args = 0
  32 0000 80B5     		push	{r7, lr}
  33              		.cfi_def_cfa_offset 8
  34              		.cfi_offset 7, -8
  35              		.cfi_offset 14, -4
  36 0002 00AF     		add	r7, sp, #0
  37              		.cfi_def_cfa_register 7
  38:Generated_Source\PSoC5/Maximum_Peak_Detector_A.c **** 	Maximum_Peak_Detector_A_Sample_Hold_Start();
  38              		.loc 1 38 0
  39 0004 FFF7FEFF 		bl	Maximum_Peak_Detector_A_Sample_Hold_Start
  39:Generated_Source\PSoC5/Maximum_Peak_Detector_A.c **** 	Maximum_Peak_Detector_A_Comp_1_Start();
  40              		.loc 1 39 0
  41 0008 FFF7FEFF 		bl	Maximum_Peak_Detector_A_Comp_1_Start
  40:Generated_Source\PSoC5/Maximum_Peak_Detector_A.c **** }
  42              		.loc 1 40 0
  43 000c 00BF     		nop
  44 000e 80BD     		pop	{r7, pc}
  45              		.cfi_endproc
  46              	.LFE0:
  47              		.size	Maximum_Peak_Detector_A_Start, .-Maximum_Peak_Detector_A_Start
  48              		.section	.text.Maximum_Peak_Detector_A_Stop,"ax",%progbits
  49              		.align	2
  50              		.global	Maximum_Peak_Detector_A_Stop
  51              		.thumb
  52              		.thumb_func
  53              		.type	Maximum_Peak_Detector_A_Stop, %function
  54              	Maximum_Peak_Detector_A_Stop:
  55              	.LFB1:
  41:Generated_Source\PSoC5/Maximum_Peak_Detector_A.c **** 
  42:Generated_Source\PSoC5/Maximum_Peak_Detector_A.c **** /*******************************************************************************
  43:Generated_Source\PSoC5/Maximum_Peak_Detector_A.c **** * Function Name: Maximum_Peak_Detector_A_Stop
  44:Generated_Source\PSoC5/Maximum_Peak_Detector_A.c **** ********************************************************************************
  45:Generated_Source\PSoC5/Maximum_Peak_Detector_A.c **** * Summary:
  46:Generated_Source\PSoC5/Maximum_Peak_Detector_A.c **** *   Disables the peak detector component.
  47:Generated_Source\PSoC5/Maximum_Peak_Detector_A.c **** *
  48:Generated_Source\PSoC5/Maximum_Peak_Detector_A.c **** *
  49:Generated_Source\PSoC5/Maximum_Peak_Detector_A.c **** * Parameters:
  50:Generated_Source\PSoC5/Maximum_Peak_Detector_A.c **** *   void.
  51:Generated_Source\PSoC5/Maximum_Peak_Detector_A.c **** *
  52:Generated_Source\PSoC5/Maximum_Peak_Detector_A.c **** * Return:
  53:Generated_Source\PSoC5/Maximum_Peak_Detector_A.c **** *   void.
  54:Generated_Source\PSoC5/Maximum_Peak_Detector_A.c **** *   
  55:Generated_Source\PSoC5/Maximum_Peak_Detector_A.c **** *
  56:Generated_Source\PSoC5/Maximum_Peak_Detector_A.c **** *******************************************************************************/
  57:Generated_Source\PSoC5/Maximum_Peak_Detector_A.c **** void Maximum_Peak_Detector_A_Stop(void)
  58:Generated_Source\PSoC5/Maximum_Peak_Detector_A.c **** {
  56              		.loc 1 58 0
ARM GAS  C:\Users\Krist\AppData\Local\Temp\cc4SgLg4.s 			page 3


  57              		.cfi_startproc
  58              		@ args = 0, pretend = 0, frame = 0
  59              		@ frame_needed = 1, uses_anonymous_args = 0
  60 0000 80B5     		push	{r7, lr}
  61              		.cfi_def_cfa_offset 8
  62              		.cfi_offset 7, -8
  63              		.cfi_offset 14, -4
  64 0002 00AF     		add	r7, sp, #0
  65              		.cfi_def_cfa_register 7
  59:Generated_Source\PSoC5/Maximum_Peak_Detector_A.c **** 	Maximum_Peak_Detector_A_Sample_Hold_Stop();
  66              		.loc 1 59 0
  67 0004 FFF7FEFF 		bl	Maximum_Peak_Detector_A_Sample_Hold_Stop
  60:Generated_Source\PSoC5/Maximum_Peak_Detector_A.c **** 	Maximum_Peak_Detector_A_Comp_1_Stop();
  68              		.loc 1 60 0
  69 0008 FFF7FEFF 		bl	Maximum_Peak_Detector_A_Comp_1_Stop
  61:Generated_Source\PSoC5/Maximum_Peak_Detector_A.c **** }
  70              		.loc 1 61 0
  71 000c 00BF     		nop
  72 000e 80BD     		pop	{r7, pc}
  73              		.cfi_endproc
  74              	.LFE1:
  75              		.size	Maximum_Peak_Detector_A_Stop, .-Maximum_Peak_Detector_A_Stop
  76              		.text
  77              	.Letext0:
  78              		.section	.debug_info,"",%progbits
  79              	.Ldebug_info0:
  80 0000 AD000000 		.4byte	0xad
  81 0004 0400     		.2byte	0x4
  82 0006 00000000 		.4byte	.Ldebug_abbrev0
  83 000a 04       		.byte	0x4
  84 000b 01       		.uleb128 0x1
  85 000c 4A000000 		.4byte	.LASF16
  86 0010 0C       		.byte	0xc
  87 0011 1A010000 		.4byte	.LASF17
  88 0015 7F010000 		.4byte	.LASF18
  89 0019 00000000 		.4byte	.Ldebug_ranges0+0
  90 001d 00000000 		.4byte	0
  91 0021 00000000 		.4byte	.Ldebug_line0
  92 0025 02       		.uleb128 0x2
  93 0026 01       		.byte	0x1
  94 0027 06       		.byte	0x6
  95 0028 0E010000 		.4byte	.LASF0
  96 002c 02       		.uleb128 0x2
  97 002d 01       		.byte	0x1
  98 002e 08       		.byte	0x8
  99 002f D8000000 		.4byte	.LASF1
 100 0033 02       		.uleb128 0x2
 101 0034 02       		.byte	0x2
 102 0035 05       		.byte	0x5
 103 0036 75010000 		.4byte	.LASF2
 104 003a 02       		.uleb128 0x2
 105 003b 02       		.byte	0x2
 106 003c 07       		.byte	0x7
 107 003d FB000000 		.4byte	.LASF3
 108 0041 02       		.uleb128 0x2
 109 0042 04       		.byte	0x4
 110 0043 05       		.byte	0x5
ARM GAS  C:\Users\Krist\AppData\Local\Temp\cc4SgLg4.s 			page 4


 111 0044 EB000000 		.4byte	.LASF4
 112 0048 02       		.uleb128 0x2
 113 0049 04       		.byte	0x4
 114 004a 07       		.byte	0x7
 115 004b 1B000000 		.4byte	.LASF5
 116 004f 02       		.uleb128 0x2
 117 0050 08       		.byte	0x8
 118 0051 05       		.byte	0x5
 119 0052 00000000 		.4byte	.LASF6
 120 0056 02       		.uleb128 0x2
 121 0057 08       		.byte	0x8
 122 0058 07       		.byte	0x7
 123 0059 2D000000 		.4byte	.LASF7
 124 005d 03       		.uleb128 0x3
 125 005e 04       		.byte	0x4
 126 005f 05       		.byte	0x5
 127 0060 696E7400 		.ascii	"int\000"
 128 0064 02       		.uleb128 0x2
 129 0065 04       		.byte	0x4
 130 0066 07       		.byte	0x7
 131 0067 0E000000 		.4byte	.LASF8
 132 006b 02       		.uleb128 0x2
 133 006c 04       		.byte	0x4
 134 006d 04       		.byte	0x4
 135 006e 44000000 		.4byte	.LASF9
 136 0072 02       		.uleb128 0x2
 137 0073 08       		.byte	0x8
 138 0074 04       		.byte	0x4
 139 0075 F4000000 		.4byte	.LASF10
 140 0079 02       		.uleb128 0x2
 141 007a 01       		.byte	0x1
 142 007b 08       		.byte	0x8
 143 007c E6000000 		.4byte	.LASF11
 144 0080 02       		.uleb128 0x2
 145 0081 08       		.byte	0x8
 146 0082 04       		.byte	0x4
 147 0083 4B010000 		.4byte	.LASF12
 148 0087 02       		.uleb128 0x2
 149 0088 04       		.byte	0x4
 150 0089 07       		.byte	0x7
 151 008a DB010000 		.4byte	.LASF13
 152 008e 04       		.uleb128 0x4
 153 008f 57010000 		.4byte	.LASF14
 154 0093 01       		.byte	0x1
 155 0094 24       		.byte	0x24
 156 0095 00000000 		.4byte	.LFB0
 157 0099 10000000 		.4byte	.LFE0-.LFB0
 158 009d 01       		.uleb128 0x1
 159 009e 9C       		.byte	0x9c
 160 009f 04       		.uleb128 0x4
 161 00a0 E4010000 		.4byte	.LASF15
 162 00a4 01       		.byte	0x1
 163 00a5 39       		.byte	0x39
 164 00a6 00000000 		.4byte	.LFB1
 165 00aa 10000000 		.4byte	.LFE1-.LFB1
 166 00ae 01       		.uleb128 0x1
 167 00af 9C       		.byte	0x9c
ARM GAS  C:\Users\Krist\AppData\Local\Temp\cc4SgLg4.s 			page 5


 168 00b0 00       		.byte	0
 169              		.section	.debug_abbrev,"",%progbits
 170              	.Ldebug_abbrev0:
 171 0000 01       		.uleb128 0x1
 172 0001 11       		.uleb128 0x11
 173 0002 01       		.byte	0x1
 174 0003 25       		.uleb128 0x25
 175 0004 0E       		.uleb128 0xe
 176 0005 13       		.uleb128 0x13
 177 0006 0B       		.uleb128 0xb
 178 0007 03       		.uleb128 0x3
 179 0008 0E       		.uleb128 0xe
 180 0009 1B       		.uleb128 0x1b
 181 000a 0E       		.uleb128 0xe
 182 000b 55       		.uleb128 0x55
 183 000c 17       		.uleb128 0x17
 184 000d 11       		.uleb128 0x11
 185 000e 01       		.uleb128 0x1
 186 000f 10       		.uleb128 0x10
 187 0010 17       		.uleb128 0x17
 188 0011 00       		.byte	0
 189 0012 00       		.byte	0
 190 0013 02       		.uleb128 0x2
 191 0014 24       		.uleb128 0x24
 192 0015 00       		.byte	0
 193 0016 0B       		.uleb128 0xb
 194 0017 0B       		.uleb128 0xb
 195 0018 3E       		.uleb128 0x3e
 196 0019 0B       		.uleb128 0xb
 197 001a 03       		.uleb128 0x3
 198 001b 0E       		.uleb128 0xe
 199 001c 00       		.byte	0
 200 001d 00       		.byte	0
 201 001e 03       		.uleb128 0x3
 202 001f 24       		.uleb128 0x24
 203 0020 00       		.byte	0
 204 0021 0B       		.uleb128 0xb
 205 0022 0B       		.uleb128 0xb
 206 0023 3E       		.uleb128 0x3e
 207 0024 0B       		.uleb128 0xb
 208 0025 03       		.uleb128 0x3
 209 0026 08       		.uleb128 0x8
 210 0027 00       		.byte	0
 211 0028 00       		.byte	0
 212 0029 04       		.uleb128 0x4
 213 002a 2E       		.uleb128 0x2e
 214 002b 00       		.byte	0
 215 002c 3F       		.uleb128 0x3f
 216 002d 19       		.uleb128 0x19
 217 002e 03       		.uleb128 0x3
 218 002f 0E       		.uleb128 0xe
 219 0030 3A       		.uleb128 0x3a
 220 0031 0B       		.uleb128 0xb
 221 0032 3B       		.uleb128 0x3b
 222 0033 0B       		.uleb128 0xb
 223 0034 27       		.uleb128 0x27
 224 0035 19       		.uleb128 0x19
ARM GAS  C:\Users\Krist\AppData\Local\Temp\cc4SgLg4.s 			page 6


 225 0036 11       		.uleb128 0x11
 226 0037 01       		.uleb128 0x1
 227 0038 12       		.uleb128 0x12
 228 0039 06       		.uleb128 0x6
 229 003a 40       		.uleb128 0x40
 230 003b 18       		.uleb128 0x18
 231 003c 9642     		.uleb128 0x2116
 232 003e 19       		.uleb128 0x19
 233 003f 00       		.byte	0
 234 0040 00       		.byte	0
 235 0041 00       		.byte	0
 236              		.section	.debug_aranges,"",%progbits
 237 0000 24000000 		.4byte	0x24
 238 0004 0200     		.2byte	0x2
 239 0006 00000000 		.4byte	.Ldebug_info0
 240 000a 04       		.byte	0x4
 241 000b 00       		.byte	0
 242 000c 0000     		.2byte	0
 243 000e 0000     		.2byte	0
 244 0010 00000000 		.4byte	.LFB0
 245 0014 10000000 		.4byte	.LFE0-.LFB0
 246 0018 00000000 		.4byte	.LFB1
 247 001c 10000000 		.4byte	.LFE1-.LFB1
 248 0020 00000000 		.4byte	0
 249 0024 00000000 		.4byte	0
 250              		.section	.debug_ranges,"",%progbits
 251              	.Ldebug_ranges0:
 252 0000 00000000 		.4byte	.LFB0
 253 0004 10000000 		.4byte	.LFE0
 254 0008 00000000 		.4byte	.LFB1
 255 000c 10000000 		.4byte	.LFE1
 256 0010 00000000 		.4byte	0
 257 0014 00000000 		.4byte	0
 258              		.section	.debug_line,"",%progbits
 259              	.Ldebug_line0:
 260 0000 71000000 		.section	.debug_str,"MS",%progbits,1
 260      02004700 
 260      00000201 
 260      FB0E0D00 
 260      01010101 
 261              	.LASF6:
 262 0000 6C6F6E67 		.ascii	"long long int\000"
 262      206C6F6E 
 262      6720696E 
 262      7400
 263              	.LASF8:
 264 000e 756E7369 		.ascii	"unsigned int\000"
 264      676E6564 
 264      20696E74 
 264      00
 265              	.LASF5:
 266 001b 6C6F6E67 		.ascii	"long unsigned int\000"
 266      20756E73 
 266      69676E65 
 266      6420696E 
 266      7400
 267              	.LASF7:
ARM GAS  C:\Users\Krist\AppData\Local\Temp\cc4SgLg4.s 			page 7


 268 002d 6C6F6E67 		.ascii	"long long unsigned int\000"
 268      206C6F6E 
 268      6720756E 
 268      7369676E 
 268      65642069 
 269              	.LASF9:
 270 0044 666C6F61 		.ascii	"float\000"
 270      7400
 271              	.LASF16:
 272 004a 474E5520 		.ascii	"GNU C11 5.4.1 20160609 (release) [ARM/embedded-5-br"
 272      43313120 
 272      352E342E 
 272      31203230 
 272      31363036 
 273 007d 616E6368 		.ascii	"anch revision 237715] -mcpu=cortex-m3 -mthumb -g -O"
 273      20726576 
 273      6973696F 
 273      6E203233 
 273      37373135 
 274 00b0 30202D66 		.ascii	"0 -ffunction-sections -ffat-lto-objects\000"
 274      66756E63 
 274      74696F6E 
 274      2D736563 
 274      74696F6E 
 275              	.LASF1:
 276 00d8 756E7369 		.ascii	"unsigned char\000"
 276      676E6564 
 276      20636861 
 276      7200
 277              	.LASF11:
 278 00e6 63686172 		.ascii	"char\000"
 278      00
 279              	.LASF4:
 280 00eb 6C6F6E67 		.ascii	"long int\000"
 280      20696E74 
 280      00
 281              	.LASF10:
 282 00f4 646F7562 		.ascii	"double\000"
 282      6C6500
 283              	.LASF3:
 284 00fb 73686F72 		.ascii	"short unsigned int\000"
 284      7420756E 
 284      7369676E 
 284      65642069 
 284      6E7400
 285              	.LASF0:
 286 010e 7369676E 		.ascii	"signed char\000"
 286      65642063 
 286      68617200 
 287              	.LASF17:
 288 011a 47656E65 		.ascii	"Generated_Source\\PSoC5\\Maximum_Peak_Detector_A.c\000"
 288      72617465 
 288      645F536F 
 288      75726365 
 288      5C50536F 
 289              	.LASF12:
 290 014b 6C6F6E67 		.ascii	"long double\000"
ARM GAS  C:\Users\Krist\AppData\Local\Temp\cc4SgLg4.s 			page 8


 290      20646F75 
 290      626C6500 
 291              	.LASF14:
 292 0157 4D617869 		.ascii	"Maximum_Peak_Detector_A_Start\000"
 292      6D756D5F 
 292      5065616B 
 292      5F446574 
 292      6563746F 
 293              	.LASF2:
 294 0175 73686F72 		.ascii	"short int\000"
 294      7420696E 
 294      7400
 295              	.LASF18:
 296 017f 433A5C55 		.ascii	"C:\\Users\\Krist\\OneDrive\\Dokumenter\\GitHub\\pla"
 296      73657273 
 296      5C4B7269 
 296      73745C4F 
 296      6E654472 
 297 01ac 746F6F6E 		.ascii	"tooning\\PSoC\\Platooning\\AngleMeasurement.cydsn\000"
 297      696E675C 
 297      50536F43 
 297      5C506C61 
 297      746F6F6E 
 298              	.LASF13:
 299 01db 73697A65 		.ascii	"sizetype\000"
 299      74797065 
 299      00
 300              	.LASF15:
 301 01e4 4D617869 		.ascii	"Maximum_Peak_Detector_A_Stop\000"
 301      6D756D5F 
 301      5065616B 
 301      5F446574 
 301      6563746F 
 302              		.ident	"GCC: (GNU Tools for ARM Embedded Processors) 5.4.1 20160609 (release) [ARM/embedded-5-bran
