ARM GAS  C:\Users\Krist\AppData\Local\Temp\cctPUfq6.s 			page 1


   1              		.syntax unified
   2              		.cpu cortex-m3
   3              		.fpu softvfp
   4              		.eabi_attribute 20, 1
   5              		.eabi_attribute 21, 1
   6              		.eabi_attribute 23, 3
   7              		.eabi_attribute 24, 1
   8              		.eabi_attribute 25, 1
   9              		.eabi_attribute 26, 1
  10              		.eabi_attribute 30, 6
  11              		.eabi_attribute 34, 1
  12              		.eabi_attribute 18, 4
  13              		.thumb
  14              		.syntax unified
  15              		.file	"Maximum_Peak_Detector_A_Sample_Hold.c"
  16              		.text
  17              	.Ltext0:
  18              		.cfi_sections	.debug_frame
  19              		.global	Maximum_Peak_Detector_A_Sample_Hold_initVar
  20              		.bss
  21              		.type	Maximum_Peak_Detector_A_Sample_Hold_initVar, %object
  22              		.size	Maximum_Peak_Detector_A_Sample_Hold_initVar, 1
  23              	Maximum_Peak_Detector_A_Sample_Hold_initVar:
  24 0000 00       		.space	1
  25              		.global	__aeabi_fcmplt
  26              		.section	.text.Maximum_Peak_Detector_A_Sample_Hold_Init,"ax",%progbits
  27              		.align	2
  28              		.global	Maximum_Peak_Detector_A_Sample_Hold_Init
  29              		.thumb
  30              		.thumb_func
  31              		.type	Maximum_Peak_Detector_A_Sample_Hold_Init, %function
  32              	Maximum_Peak_Detector_A_Sample_Hold_Init:
  33              	.LFB0:
  34              		.file 1 "Generated_Source\\PSoC5\\Maximum_Peak_Detector_A_Sample_Hold.c"
   1:Generated_Source\PSoC5/Maximum_Peak_Detector_A_Sample_Hold.c **** /*******************************************************************************
   2:Generated_Source\PSoC5/Maximum_Peak_Detector_A_Sample_Hold.c **** * File Name: Maximum_Peak_Detector_A_Sample_Hold.c  
   3:Generated_Source\PSoC5/Maximum_Peak_Detector_A_Sample_Hold.c **** * Version 2.0
   4:Generated_Source\PSoC5/Maximum_Peak_Detector_A_Sample_Hold.c **** *
   5:Generated_Source\PSoC5/Maximum_Peak_Detector_A_Sample_Hold.c **** * Description:
   6:Generated_Source\PSoC5/Maximum_Peak_Detector_A_Sample_Hold.c **** *  This file provides the source code to the API for the MIXER Component.
   7:Generated_Source\PSoC5/Maximum_Peak_Detector_A_Sample_Hold.c **** *
   8:Generated_Source\PSoC5/Maximum_Peak_Detector_A_Sample_Hold.c **** * Note:
   9:Generated_Source\PSoC5/Maximum_Peak_Detector_A_Sample_Hold.c **** *
  10:Generated_Source\PSoC5/Maximum_Peak_Detector_A_Sample_Hold.c **** *******************************************************************************
  11:Generated_Source\PSoC5/Maximum_Peak_Detector_A_Sample_Hold.c **** * Copyright 2008-2012, Cypress Semiconductor Corporation.  All rights reserved.
  12:Generated_Source\PSoC5/Maximum_Peak_Detector_A_Sample_Hold.c **** * You may use this file only in accordance with the license, terms, conditions, 
  13:Generated_Source\PSoC5/Maximum_Peak_Detector_A_Sample_Hold.c **** * disclaimers, and limitations in the end user license agreement accompanying 
  14:Generated_Source\PSoC5/Maximum_Peak_Detector_A_Sample_Hold.c **** * the software package with which this file was provided.
  15:Generated_Source\PSoC5/Maximum_Peak_Detector_A_Sample_Hold.c **** *******************************************************************************/
  16:Generated_Source\PSoC5/Maximum_Peak_Detector_A_Sample_Hold.c **** 
  17:Generated_Source\PSoC5/Maximum_Peak_Detector_A_Sample_Hold.c **** #include "Maximum_Peak_Detector_A_Sample_Hold.h"
  18:Generated_Source\PSoC5/Maximum_Peak_Detector_A_Sample_Hold.c **** 
  19:Generated_Source\PSoC5/Maximum_Peak_Detector_A_Sample_Hold.c **** #if (!CY_PSOC5A)
  20:Generated_Source\PSoC5/Maximum_Peak_Detector_A_Sample_Hold.c ****     #if (CYDEV_VARIABLE_VDDA == 1u)
  21:Generated_Source\PSoC5/Maximum_Peak_Detector_A_Sample_Hold.c ****         #include "CyScBoostClk.h"
  22:Generated_Source\PSoC5/Maximum_Peak_Detector_A_Sample_Hold.c ****     #endif /* (CYDEV_VARIABLE_VDDA == 1u) */
  23:Generated_Source\PSoC5/Maximum_Peak_Detector_A_Sample_Hold.c **** #endif /* (!CY_PSOC5A) */
ARM GAS  C:\Users\Krist\AppData\Local\Temp\cctPUfq6.s 			page 2


  24:Generated_Source\PSoC5/Maximum_Peak_Detector_A_Sample_Hold.c **** 
  25:Generated_Source\PSoC5/Maximum_Peak_Detector_A_Sample_Hold.c **** #if (Maximum_Peak_Detector_A_Sample_Hold_LO_SOURCE == Maximum_Peak_Detector_A_Sample_Hold_LO_SOURCE
  26:Generated_Source\PSoC5/Maximum_Peak_Detector_A_Sample_Hold.c ****     #include "Maximum_Peak_Detector_A_Sample_Hold_aclk.h"
  27:Generated_Source\PSoC5/Maximum_Peak_Detector_A_Sample_Hold.c **** #endif /* Maximum_Peak_Detector_A_Sample_Hold_LO_SOURCE */
  28:Generated_Source\PSoC5/Maximum_Peak_Detector_A_Sample_Hold.c **** 
  29:Generated_Source\PSoC5/Maximum_Peak_Detector_A_Sample_Hold.c **** /* Fixed configuration of SC Block only performed once */
  30:Generated_Source\PSoC5/Maximum_Peak_Detector_A_Sample_Hold.c **** uint8 Maximum_Peak_Detector_A_Sample_Hold_initVar = 0u;
  31:Generated_Source\PSoC5/Maximum_Peak_Detector_A_Sample_Hold.c **** 
  32:Generated_Source\PSoC5/Maximum_Peak_Detector_A_Sample_Hold.c **** /* Only for PSoC5A */
  33:Generated_Source\PSoC5/Maximum_Peak_Detector_A_Sample_Hold.c **** #if (CY_PSOC5A)
  34:Generated_Source\PSoC5/Maximum_Peak_Detector_A_Sample_Hold.c ****     static Maximum_Peak_Detector_A_Sample_Hold_backupStruct Maximum_Peak_Detector_A_Sample_Hold_P5b
  35:Generated_Source\PSoC5/Maximum_Peak_Detector_A_Sample_Hold.c **** #endif /* CY_PSOC5A */
  36:Generated_Source\PSoC5/Maximum_Peak_Detector_A_Sample_Hold.c **** 
  37:Generated_Source\PSoC5/Maximum_Peak_Detector_A_Sample_Hold.c **** 
  38:Generated_Source\PSoC5/Maximum_Peak_Detector_A_Sample_Hold.c **** /*******************************************************************************
  39:Generated_Source\PSoC5/Maximum_Peak_Detector_A_Sample_Hold.c **** * Function Name: Maximum_Peak_Detector_A_Sample_Hold_Init
  40:Generated_Source\PSoC5/Maximum_Peak_Detector_A_Sample_Hold.c **** ********************************************************************************
  41:Generated_Source\PSoC5/Maximum_Peak_Detector_A_Sample_Hold.c **** *
  42:Generated_Source\PSoC5/Maximum_Peak_Detector_A_Sample_Hold.c **** * Summary:
  43:Generated_Source\PSoC5/Maximum_Peak_Detector_A_Sample_Hold.c **** *  Initialize component's parameters to the parameters set by user in the 
  44:Generated_Source\PSoC5/Maximum_Peak_Detector_A_Sample_Hold.c **** *  customizer of the component placed onto schematic. Usually called in 
  45:Generated_Source\PSoC5/Maximum_Peak_Detector_A_Sample_Hold.c **** *  Maximum_Peak_Detector_A_Sample_Hold_Start().
  46:Generated_Source\PSoC5/Maximum_Peak_Detector_A_Sample_Hold.c **** *
  47:Generated_Source\PSoC5/Maximum_Peak_Detector_A_Sample_Hold.c **** * Parameters:  
  48:Generated_Source\PSoC5/Maximum_Peak_Detector_A_Sample_Hold.c **** *  void
  49:Generated_Source\PSoC5/Maximum_Peak_Detector_A_Sample_Hold.c **** *
  50:Generated_Source\PSoC5/Maximum_Peak_Detector_A_Sample_Hold.c **** * Return: 
  51:Generated_Source\PSoC5/Maximum_Peak_Detector_A_Sample_Hold.c **** *  void
  52:Generated_Source\PSoC5/Maximum_Peak_Detector_A_Sample_Hold.c **** *
  53:Generated_Source\PSoC5/Maximum_Peak_Detector_A_Sample_Hold.c **** *******************************************************************************/
  54:Generated_Source\PSoC5/Maximum_Peak_Detector_A_Sample_Hold.c **** void Maximum_Peak_Detector_A_Sample_Hold_Init(void) 
  55:Generated_Source\PSoC5/Maximum_Peak_Detector_A_Sample_Hold.c **** {
  35              		.loc 1 55 0
  36              		.cfi_startproc
  37              		@ args = 0, pretend = 0, frame = 8
  38              		@ frame_needed = 1, uses_anonymous_args = 0
  39 0000 80B5     		push	{r7, lr}
  40              		.cfi_def_cfa_offset 8
  41              		.cfi_offset 7, -8
  42              		.cfi_offset 14, -4
  43 0002 82B0     		sub	sp, sp, #8
  44              		.cfi_def_cfa_offset 16
  45 0004 00AF     		add	r7, sp, #0
  46              		.cfi_def_cfa_register 7
  56:Generated_Source\PSoC5/Maximum_Peak_Detector_A_Sample_Hold.c ****     float LOf = Maximum_Peak_Detector_A_Sample_Hold_LO_CLOCK_FREQ;
  47              		.loc 1 56 0
  48 0006 124B     		ldr	r3, .L7
  49 0008 7B60     		str	r3, [r7, #4]	@ float
  57:Generated_Source\PSoC5/Maximum_Peak_Detector_A_Sample_Hold.c ****     
  58:Generated_Source\PSoC5/Maximum_Peak_Detector_A_Sample_Hold.c ****     /* Configure SC Block based on selected Mixer type */
  59:Generated_Source\PSoC5/Maximum_Peak_Detector_A_Sample_Hold.c ****     /* Continuous Time (up) mixer */
  60:Generated_Source\PSoC5/Maximum_Peak_Detector_A_Sample_Hold.c ****     #if (Maximum_Peak_Detector_A_Sample_Hold_MIXER_TYPE == Maximum_Peak_Detector_A_Sample_Hold_CTMI
  61:Generated_Source\PSoC5/Maximum_Peak_Detector_A_Sample_Hold.c ****         /* SC Block mode -  - SCxx_CR0[3:1] */
  62:Generated_Source\PSoC5/Maximum_Peak_Detector_A_Sample_Hold.c ****         Maximum_Peak_Detector_A_Sample_Hold_CR0_REG = Maximum_Peak_Detector_A_Sample_Hold_MODE_CTMI
  63:Generated_Source\PSoC5/Maximum_Peak_Detector_A_Sample_Hold.c **** 
  64:Generated_Source\PSoC5/Maximum_Peak_Detector_A_Sample_Hold.c ****         /* SC Block CR1 */ 
  65:Generated_Source\PSoC5/Maximum_Peak_Detector_A_Sample_Hold.c ****         Maximum_Peak_Detector_A_Sample_Hold_CR1_REG = (Maximum_Peak_Detector_A_Sample_Hold_COMP_4P3
ARM GAS  C:\Users\Krist\AppData\Local\Temp\cctPUfq6.s 			page 3


  66:Generated_Source\PSoC5/Maximum_Peak_Detector_A_Sample_Hold.c ****                                 Maximum_Peak_Detector_A_Sample_Hold_DIV2_DISABLE |
  67:Generated_Source\PSoC5/Maximum_Peak_Detector_A_Sample_Hold.c ****                                 Maximum_Peak_Detector_A_Sample_Hold_GAIN_0DB);                     
  68:Generated_Source\PSoC5/Maximum_Peak_Detector_A_Sample_Hold.c **** 
  69:Generated_Source\PSoC5/Maximum_Peak_Detector_A_Sample_Hold.c ****         /* 
  70:Generated_Source\PSoC5/Maximum_Peak_Detector_A_Sample_Hold.c ****             Set SC Block resistor values based on Local Oscillator being above 
  71:Generated_Source\PSoC5/Maximum_Peak_Detector_A_Sample_Hold.c ****             or below 100kHz - controled by r20_40 (Rmix) bit for CT mode mixer
  72:Generated_Source\PSoC5/Maximum_Peak_Detector_A_Sample_Hold.c ****             and SC Block
  73:Generated_Source\PSoC5/Maximum_Peak_Detector_A_Sample_Hold.c ****         */
  74:Generated_Source\PSoC5/Maximum_Peak_Detector_A_Sample_Hold.c **** 
  75:Generated_Source\PSoC5/Maximum_Peak_Detector_A_Sample_Hold.c ****         if (LOf < Maximum_Peak_Detector_A_Sample_Hold_LO_CLOCK_FREQ_100_KHz)
  76:Generated_Source\PSoC5/Maximum_Peak_Detector_A_Sample_Hold.c ****         {
  77:Generated_Source\PSoC5/Maximum_Peak_Detector_A_Sample_Hold.c ****             Maximum_Peak_Detector_A_Sample_Hold_CR2_REG = (Maximum_Peak_Detector_A_Sample_Hold_BIAS
  78:Generated_Source\PSoC5/Maximum_Peak_Detector_A_Sample_Hold.c **** 										Maximum_Peak_Detector_A_Sample_Hold_REDC_01 |
  79:Generated_Source\PSoC5/Maximum_Peak_Detector_A_Sample_Hold.c **** 										Maximum_Peak_Detector_A_Sample_Hold_GNDVREF_DI |
  80:Generated_Source\PSoC5/Maximum_Peak_Detector_A_Sample_Hold.c **** 										Maximum_Peak_Detector_A_Sample_Hold_R20_40B_40K);
  81:Generated_Source\PSoC5/Maximum_Peak_Detector_A_Sample_Hold.c ****         }
  82:Generated_Source\PSoC5/Maximum_Peak_Detector_A_Sample_Hold.c ****         else
  83:Generated_Source\PSoC5/Maximum_Peak_Detector_A_Sample_Hold.c ****         {
  84:Generated_Source\PSoC5/Maximum_Peak_Detector_A_Sample_Hold.c ****             Maximum_Peak_Detector_A_Sample_Hold_CR2_REG = (Maximum_Peak_Detector_A_Sample_Hold_BIAS
  85:Generated_Source\PSoC5/Maximum_Peak_Detector_A_Sample_Hold.c **** 										Maximum_Peak_Detector_A_Sample_Hold_REDC_01 |
  86:Generated_Source\PSoC5/Maximum_Peak_Detector_A_Sample_Hold.c **** 										Maximum_Peak_Detector_A_Sample_Hold_GNDVREF_DI |
  87:Generated_Source\PSoC5/Maximum_Peak_Detector_A_Sample_Hold.c **** 										Maximum_Peak_Detector_A_Sample_Hold_R20_40B_20K);
  88:Generated_Source\PSoC5/Maximum_Peak_Detector_A_Sample_Hold.c ****         }
  89:Generated_Source\PSoC5/Maximum_Peak_Detector_A_Sample_Hold.c ****     #else
  90:Generated_Source\PSoC5/Maximum_Peak_Detector_A_Sample_Hold.c ****         /* Discrete Time (down) mixer */
  91:Generated_Source\PSoC5/Maximum_Peak_Detector_A_Sample_Hold.c ****         /* SC Block mode -  - SCxx_CR0[3:1] */
  92:Generated_Source\PSoC5/Maximum_Peak_Detector_A_Sample_Hold.c ****         Maximum_Peak_Detector_A_Sample_Hold_CR0_REG = Maximum_Peak_Detector_A_Sample_Hold_MODE_DTMI
  50              		.loc 1 92 0
  51 000a 124B     		ldr	r3, .L7+4
  52 000c 0622     		movs	r2, #6
  53 000e 1A70     		strb	r2, [r3]
  93:Generated_Source\PSoC5/Maximum_Peak_Detector_A_Sample_Hold.c **** 
  94:Generated_Source\PSoC5/Maximum_Peak_Detector_A_Sample_Hold.c ****         /* SC Block CR1 */ 
  95:Generated_Source\PSoC5/Maximum_Peak_Detector_A_Sample_Hold.c ****         Maximum_Peak_Detector_A_Sample_Hold_CR1_REG = (Maximum_Peak_Detector_A_Sample_Hold_COMP_4P3
  54              		.loc 1 95 0
  55 0010 114B     		ldr	r3, .L7+8
  56 0012 1822     		movs	r2, #24
  57 0014 1A70     		strb	r2, [r3]
  96:Generated_Source\PSoC5/Maximum_Peak_Detector_A_Sample_Hold.c ****                                 Maximum_Peak_Detector_A_Sample_Hold_DIV2_ENABLE |
  97:Generated_Source\PSoC5/Maximum_Peak_Detector_A_Sample_Hold.c ****                                 Maximum_Peak_Detector_A_Sample_Hold_GAIN_0DB);
  98:Generated_Source\PSoC5/Maximum_Peak_Detector_A_Sample_Hold.c **** 
  99:Generated_Source\PSoC5/Maximum_Peak_Detector_A_Sample_Hold.c ****         /* 
 100:Generated_Source\PSoC5/Maximum_Peak_Detector_A_Sample_Hold.c ****             Set SC Block resistor values based on Local Oscillator beign above 
 101:Generated_Source\PSoC5/Maximum_Peak_Detector_A_Sample_Hold.c ****             or below 100kHz - set r20_40 (input resitance) and rval (feedback) 
 102:Generated_Source\PSoC5/Maximum_Peak_Detector_A_Sample_Hold.c ****             resistor values seperately for DT mode and SC Block
 103:Generated_Source\PSoC5/Maximum_Peak_Detector_A_Sample_Hold.c ****         */
 104:Generated_Source\PSoC5/Maximum_Peak_Detector_A_Sample_Hold.c ****         if (LOf < Maximum_Peak_Detector_A_Sample_Hold_LO_CLOCK_FREQ_100_KHz)
  58              		.loc 1 104 0
  59 0016 1149     		ldr	r1, .L7+12
  60 0018 7868     		ldr	r0, [r7, #4]	@ float
  61 001a FFF7FEFF 		bl	__aeabi_fcmplt
  62 001e 0346     		mov	r3, r0
  63 0020 002B     		cmp	r3, #0
  64 0022 03D0     		beq	.L6
 105:Generated_Source\PSoC5/Maximum_Peak_Detector_A_Sample_Hold.c ****         {
 106:Generated_Source\PSoC5/Maximum_Peak_Detector_A_Sample_Hold.c ****             Maximum_Peak_Detector_A_Sample_Hold_CR2_REG = (Maximum_Peak_Detector_A_Sample_Hold_BIAS
  65              		.loc 1 106 0
ARM GAS  C:\Users\Krist\AppData\Local\Temp\cctPUfq6.s 			page 4


  66 0024 0E4B     		ldr	r3, .L7+16
  67 0026 2122     		movs	r2, #33
  68 0028 1A70     		strb	r2, [r3]
  69 002a 02E0     		b	.L4
  70              	.L6:
 107:Generated_Source\PSoC5/Maximum_Peak_Detector_A_Sample_Hold.c **** 										Maximum_Peak_Detector_A_Sample_Hold_GNDVREF_DI |
 108:Generated_Source\PSoC5/Maximum_Peak_Detector_A_Sample_Hold.c **** 										Maximum_Peak_Detector_A_Sample_Hold_R20_40B_40K |
 109:Generated_Source\PSoC5/Maximum_Peak_Detector_A_Sample_Hold.c **** 										Maximum_Peak_Detector_A_Sample_Hold_RVAL_40K); 
 110:Generated_Source\PSoC5/Maximum_Peak_Detector_A_Sample_Hold.c ****         }
 111:Generated_Source\PSoC5/Maximum_Peak_Detector_A_Sample_Hold.c ****         else
 112:Generated_Source\PSoC5/Maximum_Peak_Detector_A_Sample_Hold.c ****         {
 113:Generated_Source\PSoC5/Maximum_Peak_Detector_A_Sample_Hold.c ****             Maximum_Peak_Detector_A_Sample_Hold_CR2_REG = (Maximum_Peak_Detector_A_Sample_Hold_BIAS
  71              		.loc 1 113 0
  72 002c 0C4B     		ldr	r3, .L7+16
  73 002e 0322     		movs	r2, #3
  74 0030 1A70     		strb	r2, [r3]
  75              	.L4:
 114:Generated_Source\PSoC5/Maximum_Peak_Detector_A_Sample_Hold.c **** 										Maximum_Peak_Detector_A_Sample_Hold_GNDVREF_DI |
 115:Generated_Source\PSoC5/Maximum_Peak_Detector_A_Sample_Hold.c **** 										Maximum_Peak_Detector_A_Sample_Hold_R20_40B_20K |
 116:Generated_Source\PSoC5/Maximum_Peak_Detector_A_Sample_Hold.c **** 										Maximum_Peak_Detector_A_Sample_Hold_RVAL_20K);
 117:Generated_Source\PSoC5/Maximum_Peak_Detector_A_Sample_Hold.c ****         }
 118:Generated_Source\PSoC5/Maximum_Peak_Detector_A_Sample_Hold.c ****     #endif /* end if - Mixer Type */
 119:Generated_Source\PSoC5/Maximum_Peak_Detector_A_Sample_Hold.c **** 
 120:Generated_Source\PSoC5/Maximum_Peak_Detector_A_Sample_Hold.c ****     /* Enable SC Block clocking */
 121:Generated_Source\PSoC5/Maximum_Peak_Detector_A_Sample_Hold.c ****     Maximum_Peak_Detector_A_Sample_Hold_CLK_REG |= Maximum_Peak_Detector_A_Sample_Hold_CLK_EN;
  76              		.loc 1 121 0
  77 0032 0C4A     		ldr	r2, .L7+20
  78 0034 0B4B     		ldr	r3, .L7+20
  79 0036 1B78     		ldrb	r3, [r3]
  80 0038 DBB2     		uxtb	r3, r3
  81 003a 43F00803 		orr	r3, r3, #8
  82 003e DBB2     		uxtb	r3, r3
  83 0040 1370     		strb	r3, [r2]
 122:Generated_Source\PSoC5/Maximum_Peak_Detector_A_Sample_Hold.c **** 
 123:Generated_Source\PSoC5/Maximum_Peak_Detector_A_Sample_Hold.c ****     /* Set default power */
 124:Generated_Source\PSoC5/Maximum_Peak_Detector_A_Sample_Hold.c ****     Maximum_Peak_Detector_A_Sample_Hold_SetPower(Maximum_Peak_Detector_A_Sample_Hold_INIT_POWER);
  84              		.loc 1 124 0
  85 0042 0320     		movs	r0, #3
  86 0044 FFF7FEFF 		bl	Maximum_Peak_Detector_A_Sample_Hold_SetPower
 125:Generated_Source\PSoC5/Maximum_Peak_Detector_A_Sample_Hold.c ****     
 126:Generated_Source\PSoC5/Maximum_Peak_Detector_A_Sample_Hold.c ****     /* Set 50 % Duty cycle for LO clock if LO source is internal */
 127:Generated_Source\PSoC5/Maximum_Peak_Detector_A_Sample_Hold.c ****     #if(Maximum_Peak_Detector_A_Sample_Hold_LO_SOURCE == Maximum_Peak_Detector_A_Sample_Hold_LO_SOU
 128:Generated_Source\PSoC5/Maximum_Peak_Detector_A_Sample_Hold.c ****         Maximum_Peak_Detector_A_Sample_Hold_aclk_SetMode(CYCLK_DUTY);
 129:Generated_Source\PSoC5/Maximum_Peak_Detector_A_Sample_Hold.c ****     #endif /* Maximum_Peak_Detector_A_Sample_Hold_LO_SOURCE == Maximum_Peak_Detector_A_Sample_Hold_
 130:Generated_Source\PSoC5/Maximum_Peak_Detector_A_Sample_Hold.c **** 
 131:Generated_Source\PSoC5/Maximum_Peak_Detector_A_Sample_Hold.c **** }
  87              		.loc 1 131 0
  88 0048 00BF     		nop
  89 004a 0837     		adds	r7, r7, #8
  90              		.cfi_def_cfa_offset 8
  91 004c BD46     		mov	sp, r7
  92              		.cfi_def_cfa_register 13
  93              		@ sp needed
  94 004e 80BD     		pop	{r7, pc}
  95              	.L8:
  96              		.align	2
  97              	.L7:
ARM GAS  C:\Users\Krist\AppData\Local\Temp\cctPUfq6.s 			page 5


  98 0050 00002442 		.word	1109655552
  99 0054 0C580040 		.word	1073764364
 100 0058 0D580040 		.word	1073764365
 101 005c 0000C842 		.word	1120403456
 102 0060 0E580040 		.word	1073764366
 103 0064 3B5A0040 		.word	1073764923
 104              		.cfi_endproc
 105              	.LFE0:
 106              		.size	Maximum_Peak_Detector_A_Sample_Hold_Init, .-Maximum_Peak_Detector_A_Sample_Hold_Init
 107              		.section	.text.Maximum_Peak_Detector_A_Sample_Hold_Enable,"ax",%progbits
 108              		.align	2
 109              		.global	Maximum_Peak_Detector_A_Sample_Hold_Enable
 110              		.thumb
 111              		.thumb_func
 112              		.type	Maximum_Peak_Detector_A_Sample_Hold_Enable, %function
 113              	Maximum_Peak_Detector_A_Sample_Hold_Enable:
 114              	.LFB1:
 132:Generated_Source\PSoC5/Maximum_Peak_Detector_A_Sample_Hold.c **** 
 133:Generated_Source\PSoC5/Maximum_Peak_Detector_A_Sample_Hold.c **** 
 134:Generated_Source\PSoC5/Maximum_Peak_Detector_A_Sample_Hold.c **** /*******************************************************************************
 135:Generated_Source\PSoC5/Maximum_Peak_Detector_A_Sample_Hold.c **** * Function Name: Maximum_Peak_Detector_A_Sample_Hold_Enable
 136:Generated_Source\PSoC5/Maximum_Peak_Detector_A_Sample_Hold.c **** ********************************************************************************
 137:Generated_Source\PSoC5/Maximum_Peak_Detector_A_Sample_Hold.c **** *  
 138:Generated_Source\PSoC5/Maximum_Peak_Detector_A_Sample_Hold.c **** * Summary: 
 139:Generated_Source\PSoC5/Maximum_Peak_Detector_A_Sample_Hold.c **** *  Enables the Mixer block operation
 140:Generated_Source\PSoC5/Maximum_Peak_Detector_A_Sample_Hold.c **** *
 141:Generated_Source\PSoC5/Maximum_Peak_Detector_A_Sample_Hold.c **** * Parameters:  
 142:Generated_Source\PSoC5/Maximum_Peak_Detector_A_Sample_Hold.c **** *  void
 143:Generated_Source\PSoC5/Maximum_Peak_Detector_A_Sample_Hold.c **** *
 144:Generated_Source\PSoC5/Maximum_Peak_Detector_A_Sample_Hold.c **** * Return: 
 145:Generated_Source\PSoC5/Maximum_Peak_Detector_A_Sample_Hold.c **** *  void
 146:Generated_Source\PSoC5/Maximum_Peak_Detector_A_Sample_Hold.c **** *
 147:Generated_Source\PSoC5/Maximum_Peak_Detector_A_Sample_Hold.c **** *******************************************************************************/
 148:Generated_Source\PSoC5/Maximum_Peak_Detector_A_Sample_Hold.c **** void Maximum_Peak_Detector_A_Sample_Hold_Enable(void) 
 149:Generated_Source\PSoC5/Maximum_Peak_Detector_A_Sample_Hold.c **** {
 115              		.loc 1 149 0
 116              		.cfi_startproc
 117              		@ args = 0, pretend = 0, frame = 0
 118              		@ frame_needed = 1, uses_anonymous_args = 0
 119              		@ link register save eliminated.
 120 0000 80B4     		push	{r7}
 121              		.cfi_def_cfa_offset 4
 122              		.cfi_offset 7, -4
 123 0002 00AF     		add	r7, sp, #0
 124              		.cfi_def_cfa_register 7
 150:Generated_Source\PSoC5/Maximum_Peak_Detector_A_Sample_Hold.c ****     /* This is to restore the value of register CR1 and CR2 which is saved 
 151:Generated_Source\PSoC5/Maximum_Peak_Detector_A_Sample_Hold.c ****       in prior to the modifications in stop() API */
 152:Generated_Source\PSoC5/Maximum_Peak_Detector_A_Sample_Hold.c ****     #if (CY_PSOC5A)
 153:Generated_Source\PSoC5/Maximum_Peak_Detector_A_Sample_Hold.c ****         if(Maximum_Peak_Detector_A_Sample_Hold_P5backup.enableState == 1u)
 154:Generated_Source\PSoC5/Maximum_Peak_Detector_A_Sample_Hold.c ****         {
 155:Generated_Source\PSoC5/Maximum_Peak_Detector_A_Sample_Hold.c ****             Maximum_Peak_Detector_A_Sample_Hold_CR1_REG = Maximum_Peak_Detector_A_Sample_Hold_P5bac
 156:Generated_Source\PSoC5/Maximum_Peak_Detector_A_Sample_Hold.c ****             Maximum_Peak_Detector_A_Sample_Hold_CR2_REG = Maximum_Peak_Detector_A_Sample_Hold_P5bac
 157:Generated_Source\PSoC5/Maximum_Peak_Detector_A_Sample_Hold.c ****             Maximum_Peak_Detector_A_Sample_Hold_P5backup.enableState = 0u;
 158:Generated_Source\PSoC5/Maximum_Peak_Detector_A_Sample_Hold.c ****         }
 159:Generated_Source\PSoC5/Maximum_Peak_Detector_A_Sample_Hold.c ****     #endif /* CY_PSOC5A */
 160:Generated_Source\PSoC5/Maximum_Peak_Detector_A_Sample_Hold.c ****     
 161:Generated_Source\PSoC5/Maximum_Peak_Detector_A_Sample_Hold.c ****     /* Enable power to SC block in active mode */
ARM GAS  C:\Users\Krist\AppData\Local\Temp\cctPUfq6.s 			page 6


 162:Generated_Source\PSoC5/Maximum_Peak_Detector_A_Sample_Hold.c ****     Maximum_Peak_Detector_A_Sample_Hold_PM_ACT_CFG_REG |= Maximum_Peak_Detector_A_Sample_Hold_ACT_P
 125              		.loc 1 162 0
 126 0004 0D4A     		ldr	r2, .L10
 127 0006 0D4B     		ldr	r3, .L10
 128 0008 1B78     		ldrb	r3, [r3]
 129 000a DBB2     		uxtb	r3, r3
 130 000c 43F00803 		orr	r3, r3, #8
 131 0010 DBB2     		uxtb	r3, r3
 132 0012 1370     		strb	r3, [r2]
 163:Generated_Source\PSoC5/Maximum_Peak_Detector_A_Sample_Hold.c **** 
 164:Generated_Source\PSoC5/Maximum_Peak_Detector_A_Sample_Hold.c ****     /* Enable power to SC block in Alternative active mode */
 165:Generated_Source\PSoC5/Maximum_Peak_Detector_A_Sample_Hold.c ****     Maximum_Peak_Detector_A_Sample_Hold_PM_STBY_CFG_REG |= Maximum_Peak_Detector_A_Sample_Hold_STBY
 133              		.loc 1 165 0
 134 0014 0A4A     		ldr	r2, .L10+4
 135 0016 0A4B     		ldr	r3, .L10+4
 136 0018 1B78     		ldrb	r3, [r3]
 137 001a DBB2     		uxtb	r3, r3
 138 001c 43F00803 		orr	r3, r3, #8
 139 0020 DBB2     		uxtb	r3, r3
 140 0022 1370     		strb	r3, [r2]
 166:Generated_Source\PSoC5/Maximum_Peak_Detector_A_Sample_Hold.c ****     
 167:Generated_Source\PSoC5/Maximum_Peak_Detector_A_Sample_Hold.c ****     /* Enable LO_Internal clock if LO source is choosen as internal */
 168:Generated_Source\PSoC5/Maximum_Peak_Detector_A_Sample_Hold.c ****     #if(Maximum_Peak_Detector_A_Sample_Hold_LO_SOURCE == Maximum_Peak_Detector_A_Sample_Hold_LO_SOU
 169:Generated_Source\PSoC5/Maximum_Peak_Detector_A_Sample_Hold.c ****         /* Enable power to the LO clock */
 170:Generated_Source\PSoC5/Maximum_Peak_Detector_A_Sample_Hold.c ****         Maximum_Peak_Detector_A_Sample_Hold_PWRMGR_ACLK_REG |= Maximum_Peak_Detector_A_Sample_Hold_
 171:Generated_Source\PSoC5/Maximum_Peak_Detector_A_Sample_Hold.c ****         Maximum_Peak_Detector_A_Sample_Hold_STBY_PWRMGR_ACLK_REG |= Maximum_Peak_Detector_A_Sample_
 172:Generated_Source\PSoC5/Maximum_Peak_Detector_A_Sample_Hold.c ****         /* Enable the clock */
 173:Generated_Source\PSoC5/Maximum_Peak_Detector_A_Sample_Hold.c ****         Maximum_Peak_Detector_A_Sample_Hold_aclk_Enable();        
 174:Generated_Source\PSoC5/Maximum_Peak_Detector_A_Sample_Hold.c ****     #endif /* Maximum_Peak_Detector_A_Sample_Hold_LO_SOURCE == Maximum_Peak_Detector_A_Sample_Hold_
 175:Generated_Source\PSoC5/Maximum_Peak_Detector_A_Sample_Hold.c **** 
 176:Generated_Source\PSoC5/Maximum_Peak_Detector_A_Sample_Hold.c ****     Maximum_Peak_Detector_A_Sample_Hold_PUMP_CR1_REG |= Maximum_Peak_Detector_A_Sample_Hold_PUMP_CR
 141              		.loc 1 176 0
 142 0024 074A     		ldr	r2, .L10+8
 143 0026 074B     		ldr	r3, .L10+8
 144 0028 1B78     		ldrb	r3, [r3]
 145 002a DBB2     		uxtb	r3, r3
 146 002c 63F07F03 		orn	r3, r3, #127
 147 0030 DBB2     		uxtb	r3, r3
 148 0032 1370     		strb	r3, [r2]
 177:Generated_Source\PSoC5/Maximum_Peak_Detector_A_Sample_Hold.c ****     
 178:Generated_Source\PSoC5/Maximum_Peak_Detector_A_Sample_Hold.c ****     #if (!CY_PSOC5A)
 179:Generated_Source\PSoC5/Maximum_Peak_Detector_A_Sample_Hold.c ****         #if (CYDEV_VARIABLE_VDDA == 1u)
 180:Generated_Source\PSoC5/Maximum_Peak_Detector_A_Sample_Hold.c ****             if(CyScPumpEnabled == 1u)
 181:Generated_Source\PSoC5/Maximum_Peak_Detector_A_Sample_Hold.c ****             {
 182:Generated_Source\PSoC5/Maximum_Peak_Detector_A_Sample_Hold.c ****                 Maximum_Peak_Detector_A_Sample_Hold_BSTCLK_REG &= (uint8)(~Maximum_Peak_Detector_A_
 183:Generated_Source\PSoC5/Maximum_Peak_Detector_A_Sample_Hold.c ****                 Maximum_Peak_Detector_A_Sample_Hold_BSTCLK_REG |= Maximum_Peak_Detector_A_Sample_Ho
 184:Generated_Source\PSoC5/Maximum_Peak_Detector_A_Sample_Hold.c ****                 Maximum_Peak_Detector_A_Sample_Hold_SC_MISC_REG |= Maximum_Peak_Detector_A_Sample_H
 185:Generated_Source\PSoC5/Maximum_Peak_Detector_A_Sample_Hold.c ****                 CyScBoostClk_Start();
 186:Generated_Source\PSoC5/Maximum_Peak_Detector_A_Sample_Hold.c ****             }
 187:Generated_Source\PSoC5/Maximum_Peak_Detector_A_Sample_Hold.c ****             else
 188:Generated_Source\PSoC5/Maximum_Peak_Detector_A_Sample_Hold.c ****             {
 189:Generated_Source\PSoC5/Maximum_Peak_Detector_A_Sample_Hold.c ****                 Maximum_Peak_Detector_A_Sample_Hold_BSTCLK_REG &= (uint8)(~Maximum_Peak_Detector_A_
 190:Generated_Source\PSoC5/Maximum_Peak_Detector_A_Sample_Hold.c ****                 Maximum_Peak_Detector_A_Sample_Hold_SC_MISC_REG &= (uint8)(~Maximum_Peak_Detector_A
 191:Generated_Source\PSoC5/Maximum_Peak_Detector_A_Sample_Hold.c ****             }
 192:Generated_Source\PSoC5/Maximum_Peak_Detector_A_Sample_Hold.c ****         #endif /* (CYDEV_VARIABLE_VDDA == 1u) */
 193:Generated_Source\PSoC5/Maximum_Peak_Detector_A_Sample_Hold.c ****     #endif /* (!CY_PSOC5A) */
 194:Generated_Source\PSoC5/Maximum_Peak_Detector_A_Sample_Hold.c **** }
ARM GAS  C:\Users\Krist\AppData\Local\Temp\cctPUfq6.s 			page 7


 149              		.loc 1 194 0
 150 0034 00BF     		nop
 151 0036 BD46     		mov	sp, r7
 152              		.cfi_def_cfa_register 13
 153              		@ sp needed
 154 0038 80BC     		pop	{r7}
 155              		.cfi_restore 7
 156              		.cfi_def_cfa_offset 0
 157 003a 7047     		bx	lr
 158              	.L11:
 159              		.align	2
 160              	.L10:
 161 003c A9430040 		.word	1073759145
 162 0040 B9430040 		.word	1073759161
 163 0044 77580040 		.word	1073764471
 164              		.cfi_endproc
 165              	.LFE1:
 166              		.size	Maximum_Peak_Detector_A_Sample_Hold_Enable, .-Maximum_Peak_Detector_A_Sample_Hold_Enable
 167              		.section	.text.Maximum_Peak_Detector_A_Sample_Hold_Start,"ax",%progbits
 168              		.align	2
 169              		.global	Maximum_Peak_Detector_A_Sample_Hold_Start
 170              		.thumb
 171              		.thumb_func
 172              		.type	Maximum_Peak_Detector_A_Sample_Hold_Start, %function
 173              	Maximum_Peak_Detector_A_Sample_Hold_Start:
 174              	.LFB2:
 195:Generated_Source\PSoC5/Maximum_Peak_Detector_A_Sample_Hold.c **** 
 196:Generated_Source\PSoC5/Maximum_Peak_Detector_A_Sample_Hold.c **** 
 197:Generated_Source\PSoC5/Maximum_Peak_Detector_A_Sample_Hold.c **** /*******************************************************************************
 198:Generated_Source\PSoC5/Maximum_Peak_Detector_A_Sample_Hold.c **** * Function Name: Maximum_Peak_Detector_A_Sample_Hold_Start
 199:Generated_Source\PSoC5/Maximum_Peak_Detector_A_Sample_Hold.c **** ********************************************************************************
 200:Generated_Source\PSoC5/Maximum_Peak_Detector_A_Sample_Hold.c **** *
 201:Generated_Source\PSoC5/Maximum_Peak_Detector_A_Sample_Hold.c **** * Summary:
 202:Generated_Source\PSoC5/Maximum_Peak_Detector_A_Sample_Hold.c **** *  The start function initializes the SC block control registers based on the
 203:Generated_Source\PSoC5/Maximum_Peak_Detector_A_Sample_Hold.c **** *  Mixer type selected and and enables power to the SC block
 204:Generated_Source\PSoC5/Maximum_Peak_Detector_A_Sample_Hold.c **** *
 205:Generated_Source\PSoC5/Maximum_Peak_Detector_A_Sample_Hold.c **** * Parameters:  
 206:Generated_Source\PSoC5/Maximum_Peak_Detector_A_Sample_Hold.c **** *  void
 207:Generated_Source\PSoC5/Maximum_Peak_Detector_A_Sample_Hold.c **** *
 208:Generated_Source\PSoC5/Maximum_Peak_Detector_A_Sample_Hold.c **** * Return: 
 209:Generated_Source\PSoC5/Maximum_Peak_Detector_A_Sample_Hold.c **** *  void 
 210:Generated_Source\PSoC5/Maximum_Peak_Detector_A_Sample_Hold.c **** *
 211:Generated_Source\PSoC5/Maximum_Peak_Detector_A_Sample_Hold.c **** * Global variables:
 212:Generated_Source\PSoC5/Maximum_Peak_Detector_A_Sample_Hold.c **** *  Maximum_Peak_Detector_A_Sample_Hold_initVar:  Used to check the initial configuration,
 213:Generated_Source\PSoC5/Maximum_Peak_Detector_A_Sample_Hold.c **** *  modified when this function is called for the first time.
 214:Generated_Source\PSoC5/Maximum_Peak_Detector_A_Sample_Hold.c **** *
 215:Generated_Source\PSoC5/Maximum_Peak_Detector_A_Sample_Hold.c **** * Theory: 
 216:Generated_Source\PSoC5/Maximum_Peak_Detector_A_Sample_Hold.c **** *  Full initialization of the SC Block configuration registers is only perfomed 
 217:Generated_Source\PSoC5/Maximum_Peak_Detector_A_Sample_Hold.c **** *  the first time the routine executes - global variable 
 218:Generated_Source\PSoC5/Maximum_Peak_Detector_A_Sample_Hold.c **** *  Maximum_Peak_Detector_A_Sample_Hold_initVar is used indicate that the static configuration has 
 219:Generated_Source\PSoC5/Maximum_Peak_Detector_A_Sample_Hold.c **** *  been completed.
 220:Generated_Source\PSoC5/Maximum_Peak_Detector_A_Sample_Hold.c **** *
 221:Generated_Source\PSoC5/Maximum_Peak_Detector_A_Sample_Hold.c **** *******************************************************************************/
 222:Generated_Source\PSoC5/Maximum_Peak_Detector_A_Sample_Hold.c **** void Maximum_Peak_Detector_A_Sample_Hold_Start(void) 
 223:Generated_Source\PSoC5/Maximum_Peak_Detector_A_Sample_Hold.c **** {
 175              		.loc 1 223 0
 176              		.cfi_startproc
ARM GAS  C:\Users\Krist\AppData\Local\Temp\cctPUfq6.s 			page 8


 177              		@ args = 0, pretend = 0, frame = 0
 178              		@ frame_needed = 1, uses_anonymous_args = 0
 179 0000 80B5     		push	{r7, lr}
 180              		.cfi_def_cfa_offset 8
 181              		.cfi_offset 7, -8
 182              		.cfi_offset 14, -4
 183 0002 00AF     		add	r7, sp, #0
 184              		.cfi_def_cfa_register 7
 224:Generated_Source\PSoC5/Maximum_Peak_Detector_A_Sample_Hold.c ****     /* If not Initialized then initialize all required hardware and software */
 225:Generated_Source\PSoC5/Maximum_Peak_Detector_A_Sample_Hold.c ****     if(Maximum_Peak_Detector_A_Sample_Hold_initVar == 0u)
 185              		.loc 1 225 0
 186 0004 064B     		ldr	r3, .L14
 187 0006 1B78     		ldrb	r3, [r3]	@ zero_extendqisi2
 188 0008 002B     		cmp	r3, #0
 189 000a 04D1     		bne	.L13
 226:Generated_Source\PSoC5/Maximum_Peak_Detector_A_Sample_Hold.c ****     {
 227:Generated_Source\PSoC5/Maximum_Peak_Detector_A_Sample_Hold.c ****         Maximum_Peak_Detector_A_Sample_Hold_Init();
 190              		.loc 1 227 0
 191 000c FFF7FEFF 		bl	Maximum_Peak_Detector_A_Sample_Hold_Init
 228:Generated_Source\PSoC5/Maximum_Peak_Detector_A_Sample_Hold.c ****         Maximum_Peak_Detector_A_Sample_Hold_initVar = 1u;
 192              		.loc 1 228 0
 193 0010 034B     		ldr	r3, .L14
 194 0012 0122     		movs	r2, #1
 195 0014 1A70     		strb	r2, [r3]
 196              	.L13:
 229:Generated_Source\PSoC5/Maximum_Peak_Detector_A_Sample_Hold.c ****     }
 230:Generated_Source\PSoC5/Maximum_Peak_Detector_A_Sample_Hold.c ****     /* Enable the power to the block */
 231:Generated_Source\PSoC5/Maximum_Peak_Detector_A_Sample_Hold.c ****     Maximum_Peak_Detector_A_Sample_Hold_Enable();
 197              		.loc 1 231 0
 198 0016 FFF7FEFF 		bl	Maximum_Peak_Detector_A_Sample_Hold_Enable
 232:Generated_Source\PSoC5/Maximum_Peak_Detector_A_Sample_Hold.c ****     
 233:Generated_Source\PSoC5/Maximum_Peak_Detector_A_Sample_Hold.c **** }
 199              		.loc 1 233 0
 200 001a 00BF     		nop
 201 001c 80BD     		pop	{r7, pc}
 202              	.L15:
 203 001e 00BF     		.align	2
 204              	.L14:
 205 0020 00000000 		.word	Maximum_Peak_Detector_A_Sample_Hold_initVar
 206              		.cfi_endproc
 207              	.LFE2:
 208              		.size	Maximum_Peak_Detector_A_Sample_Hold_Start, .-Maximum_Peak_Detector_A_Sample_Hold_Start
 209              		.section	.text.Maximum_Peak_Detector_A_Sample_Hold_Stop,"ax",%progbits
 210              		.align	2
 211              		.global	Maximum_Peak_Detector_A_Sample_Hold_Stop
 212              		.thumb
 213              		.thumb_func
 214              		.type	Maximum_Peak_Detector_A_Sample_Hold_Stop, %function
 215              	Maximum_Peak_Detector_A_Sample_Hold_Stop:
 216              	.LFB3:
 234:Generated_Source\PSoC5/Maximum_Peak_Detector_A_Sample_Hold.c **** 
 235:Generated_Source\PSoC5/Maximum_Peak_Detector_A_Sample_Hold.c **** 
 236:Generated_Source\PSoC5/Maximum_Peak_Detector_A_Sample_Hold.c **** /*******************************************************************************
 237:Generated_Source\PSoC5/Maximum_Peak_Detector_A_Sample_Hold.c **** * Function Name: Maximum_Peak_Detector_A_Sample_Hold_Stop
 238:Generated_Source\PSoC5/Maximum_Peak_Detector_A_Sample_Hold.c **** ********************************************************************************
 239:Generated_Source\PSoC5/Maximum_Peak_Detector_A_Sample_Hold.c **** *
 240:Generated_Source\PSoC5/Maximum_Peak_Detector_A_Sample_Hold.c **** * Summary:
ARM GAS  C:\Users\Krist\AppData\Local\Temp\cctPUfq6.s 			page 9


 241:Generated_Source\PSoC5/Maximum_Peak_Detector_A_Sample_Hold.c **** *  Disables power to SC block.
 242:Generated_Source\PSoC5/Maximum_Peak_Detector_A_Sample_Hold.c **** *
 243:Generated_Source\PSoC5/Maximum_Peak_Detector_A_Sample_Hold.c **** * Parameters:  
 244:Generated_Source\PSoC5/Maximum_Peak_Detector_A_Sample_Hold.c **** *  void 
 245:Generated_Source\PSoC5/Maximum_Peak_Detector_A_Sample_Hold.c **** *
 246:Generated_Source\PSoC5/Maximum_Peak_Detector_A_Sample_Hold.c **** * Return: 
 247:Generated_Source\PSoC5/Maximum_Peak_Detector_A_Sample_Hold.c **** *  void 
 248:Generated_Source\PSoC5/Maximum_Peak_Detector_A_Sample_Hold.c **** *
 249:Generated_Source\PSoC5/Maximum_Peak_Detector_A_Sample_Hold.c **** *******************************************************************************/
 250:Generated_Source\PSoC5/Maximum_Peak_Detector_A_Sample_Hold.c **** void Maximum_Peak_Detector_A_Sample_Hold_Stop(void) 
 251:Generated_Source\PSoC5/Maximum_Peak_Detector_A_Sample_Hold.c **** {       
 217              		.loc 1 251 0
 218              		.cfi_startproc
 219              		@ args = 0, pretend = 0, frame = 0
 220              		@ frame_needed = 1, uses_anonymous_args = 0
 221              		@ link register save eliminated.
 222 0000 80B4     		push	{r7}
 223              		.cfi_def_cfa_offset 4
 224              		.cfi_offset 7, -4
 225 0002 00AF     		add	r7, sp, #0
 226              		.cfi_def_cfa_register 7
 252:Generated_Source\PSoC5/Maximum_Peak_Detector_A_Sample_Hold.c ****     /* Disble power to the Amp in Active mode template */
 253:Generated_Source\PSoC5/Maximum_Peak_Detector_A_Sample_Hold.c ****     Maximum_Peak_Detector_A_Sample_Hold_PM_ACT_CFG_REG &= (uint8)(~Maximum_Peak_Detector_A_Sample_H
 227              		.loc 1 253 0
 228 0004 094A     		ldr	r2, .L17
 229 0006 094B     		ldr	r3, .L17
 230 0008 1B78     		ldrb	r3, [r3]
 231 000a DBB2     		uxtb	r3, r3
 232 000c 23F00803 		bic	r3, r3, #8
 233 0010 DBB2     		uxtb	r3, r3
 234 0012 1370     		strb	r3, [r2]
 254:Generated_Source\PSoC5/Maximum_Peak_Detector_A_Sample_Hold.c **** 
 255:Generated_Source\PSoC5/Maximum_Peak_Detector_A_Sample_Hold.c ****     /* Disble power to the Amp in Alternative Active mode template */
 256:Generated_Source\PSoC5/Maximum_Peak_Detector_A_Sample_Hold.c ****     Maximum_Peak_Detector_A_Sample_Hold_PM_STBY_CFG_REG &= (uint8)(~Maximum_Peak_Detector_A_Sample_
 235              		.loc 1 256 0
 236 0014 064A     		ldr	r2, .L17+4
 237 0016 064B     		ldr	r3, .L17+4
 238 0018 1B78     		ldrb	r3, [r3]
 239 001a DBB2     		uxtb	r3, r3
 240 001c 23F00803 		bic	r3, r3, #8
 241 0020 DBB2     		uxtb	r3, r3
 242 0022 1370     		strb	r3, [r2]
 257:Generated_Source\PSoC5/Maximum_Peak_Detector_A_Sample_Hold.c ****     
 258:Generated_Source\PSoC5/Maximum_Peak_Detector_A_Sample_Hold.c ****     #if (!CY_PSOC5A)
 259:Generated_Source\PSoC5/Maximum_Peak_Detector_A_Sample_Hold.c ****         #if (CYDEV_VARIABLE_VDDA == 1u)
 260:Generated_Source\PSoC5/Maximum_Peak_Detector_A_Sample_Hold.c ****             Maximum_Peak_Detector_A_Sample_Hold_BSTCLK_REG &= (uint8)(~Maximum_Peak_Detector_A_Samp
 261:Generated_Source\PSoC5/Maximum_Peak_Detector_A_Sample_Hold.c ****             /* Disable pumps only if there aren't any SC block in use */
 262:Generated_Source\PSoC5/Maximum_Peak_Detector_A_Sample_Hold.c ****             if ((Maximum_Peak_Detector_A_Sample_Hold_PM_ACT_CFG_REG & Maximum_Peak_Detector_A_Sampl
 263:Generated_Source\PSoC5/Maximum_Peak_Detector_A_Sample_Hold.c ****             {
 264:Generated_Source\PSoC5/Maximum_Peak_Detector_A_Sample_Hold.c ****                 Maximum_Peak_Detector_A_Sample_Hold_SC_MISC_REG &= (uint8)(~Maximum_Peak_Detector_A
 265:Generated_Source\PSoC5/Maximum_Peak_Detector_A_Sample_Hold.c ****                 Maximum_Peak_Detector_A_Sample_Hold_PUMP_CR1_REG &= (uint8)(~Maximum_Peak_Detector_
 266:Generated_Source\PSoC5/Maximum_Peak_Detector_A_Sample_Hold.c ****                 CyScBoostClk_Stop();
 267:Generated_Source\PSoC5/Maximum_Peak_Detector_A_Sample_Hold.c ****             }
 268:Generated_Source\PSoC5/Maximum_Peak_Detector_A_Sample_Hold.c ****         #endif /* CYDEV_VARIABLE_VDDA == 1u */
 269:Generated_Source\PSoC5/Maximum_Peak_Detector_A_Sample_Hold.c ****     #endif /* (CY_PSOC3 || CY_PSOC5LP) */
 270:Generated_Source\PSoC5/Maximum_Peak_Detector_A_Sample_Hold.c ****     
 271:Generated_Source\PSoC5/Maximum_Peak_Detector_A_Sample_Hold.c ****     /* This sets Sample and hold in zero current mode and output routes are valid */
ARM GAS  C:\Users\Krist\AppData\Local\Temp\cctPUfq6.s 			page 10


 272:Generated_Source\PSoC5/Maximum_Peak_Detector_A_Sample_Hold.c ****     #if (CY_PSOC5A)
 273:Generated_Source\PSoC5/Maximum_Peak_Detector_A_Sample_Hold.c ****         Maximum_Peak_Detector_A_Sample_Hold_P5backup.scCR1Reg = Maximum_Peak_Detector_A_Sample_Hold
 274:Generated_Source\PSoC5/Maximum_Peak_Detector_A_Sample_Hold.c ****         Maximum_Peak_Detector_A_Sample_Hold_P5backup.scCR2Reg = Maximum_Peak_Detector_A_Sample_Hold
 275:Generated_Source\PSoC5/Maximum_Peak_Detector_A_Sample_Hold.c ****         Maximum_Peak_Detector_A_Sample_Hold_CR1_REG = 0x00u;
 276:Generated_Source\PSoC5/Maximum_Peak_Detector_A_Sample_Hold.c ****         Maximum_Peak_Detector_A_Sample_Hold_CR2_REG = 0x00u;
 277:Generated_Source\PSoC5/Maximum_Peak_Detector_A_Sample_Hold.c ****         Maximum_Peak_Detector_A_Sample_Hold_P5backup.enableState = 1u;
 278:Generated_Source\PSoC5/Maximum_Peak_Detector_A_Sample_Hold.c ****     #endif /* CY_PSOC5A */  
 279:Generated_Source\PSoC5/Maximum_Peak_Detector_A_Sample_Hold.c ****     
 280:Generated_Source\PSoC5/Maximum_Peak_Detector_A_Sample_Hold.c ****     /* Disable aclk */
 281:Generated_Source\PSoC5/Maximum_Peak_Detector_A_Sample_Hold.c ****     #if(Maximum_Peak_Detector_A_Sample_Hold_LO_SOURCE == Maximum_Peak_Detector_A_Sample_Hold_LO_SOU
 282:Generated_Source\PSoC5/Maximum_Peak_Detector_A_Sample_Hold.c ****         /* Disable power to clock */
 283:Generated_Source\PSoC5/Maximum_Peak_Detector_A_Sample_Hold.c ****         Maximum_Peak_Detector_A_Sample_Hold_PWRMGR_ACLK_REG &= (uint8)(~Maximum_Peak_Detector_A_Sam
 284:Generated_Source\PSoC5/Maximum_Peak_Detector_A_Sample_Hold.c ****         Maximum_Peak_Detector_A_Sample_Hold_STBY_PWRMGR_ACLK_REG &= (uint8)(~Maximum_Peak_Detector_
 285:Generated_Source\PSoC5/Maximum_Peak_Detector_A_Sample_Hold.c ****         /* Disable the clock */
 286:Generated_Source\PSoC5/Maximum_Peak_Detector_A_Sample_Hold.c ****         Maximum_Peak_Detector_A_Sample_Hold_aclk_Disable();
 287:Generated_Source\PSoC5/Maximum_Peak_Detector_A_Sample_Hold.c ****     #endif /* Maximum_Peak_Detector_A_Sample_Hold_LO_SOURCE == Maximum_Peak_Detector_A_Sample_Hold_
 288:Generated_Source\PSoC5/Maximum_Peak_Detector_A_Sample_Hold.c **** }
 243              		.loc 1 288 0
 244 0024 00BF     		nop
 245 0026 BD46     		mov	sp, r7
 246              		.cfi_def_cfa_register 13
 247              		@ sp needed
 248 0028 80BC     		pop	{r7}
 249              		.cfi_restore 7
 250              		.cfi_def_cfa_offset 0
 251 002a 7047     		bx	lr
 252              	.L18:
 253              		.align	2
 254              	.L17:
 255 002c A9430040 		.word	1073759145
 256 0030 B9430040 		.word	1073759161
 257              		.cfi_endproc
 258              	.LFE3:
 259              		.size	Maximum_Peak_Detector_A_Sample_Hold_Stop, .-Maximum_Peak_Detector_A_Sample_Hold_Stop
 260              		.section	.text.Maximum_Peak_Detector_A_Sample_Hold_SetPower,"ax",%progbits
 261              		.align	2
 262              		.global	Maximum_Peak_Detector_A_Sample_Hold_SetPower
 263              		.thumb
 264              		.thumb_func
 265              		.type	Maximum_Peak_Detector_A_Sample_Hold_SetPower, %function
 266              	Maximum_Peak_Detector_A_Sample_Hold_SetPower:
 267              	.LFB4:
 289:Generated_Source\PSoC5/Maximum_Peak_Detector_A_Sample_Hold.c **** 
 290:Generated_Source\PSoC5/Maximum_Peak_Detector_A_Sample_Hold.c **** 
 291:Generated_Source\PSoC5/Maximum_Peak_Detector_A_Sample_Hold.c **** /*******************************************************************************
 292:Generated_Source\PSoC5/Maximum_Peak_Detector_A_Sample_Hold.c **** * Function Name: Maximum_Peak_Detector_A_Sample_Hold_SetPower
 293:Generated_Source\PSoC5/Maximum_Peak_Detector_A_Sample_Hold.c **** ********************************************************************************
 294:Generated_Source\PSoC5/Maximum_Peak_Detector_A_Sample_Hold.c **** *
 295:Generated_Source\PSoC5/Maximum_Peak_Detector_A_Sample_Hold.c **** * Summary:
 296:Generated_Source\PSoC5/Maximum_Peak_Detector_A_Sample_Hold.c **** *  Set the drive power of the MIXER
 297:Generated_Source\PSoC5/Maximum_Peak_Detector_A_Sample_Hold.c **** *
 298:Generated_Source\PSoC5/Maximum_Peak_Detector_A_Sample_Hold.c **** * Parameters:  
 299:Generated_Source\PSoC5/Maximum_Peak_Detector_A_Sample_Hold.c **** *  power:  Sets power level between (0) and (3) high power
 300:Generated_Source\PSoC5/Maximum_Peak_Detector_A_Sample_Hold.c **** *
 301:Generated_Source\PSoC5/Maximum_Peak_Detector_A_Sample_Hold.c **** * Return: 
 302:Generated_Source\PSoC5/Maximum_Peak_Detector_A_Sample_Hold.c **** *  void 
 303:Generated_Source\PSoC5/Maximum_Peak_Detector_A_Sample_Hold.c **** *
ARM GAS  C:\Users\Krist\AppData\Local\Temp\cctPUfq6.s 			page 11


 304:Generated_Source\PSoC5/Maximum_Peak_Detector_A_Sample_Hold.c **** *******************************************************************************/
 305:Generated_Source\PSoC5/Maximum_Peak_Detector_A_Sample_Hold.c **** void Maximum_Peak_Detector_A_Sample_Hold_SetPower(uint8 power) 
 306:Generated_Source\PSoC5/Maximum_Peak_Detector_A_Sample_Hold.c **** {
 268              		.loc 1 306 0
 269              		.cfi_startproc
 270              		@ args = 0, pretend = 0, frame = 16
 271              		@ frame_needed = 1, uses_anonymous_args = 0
 272              		@ link register save eliminated.
 273 0000 80B4     		push	{r7}
 274              		.cfi_def_cfa_offset 4
 275              		.cfi_offset 7, -4
 276 0002 85B0     		sub	sp, sp, #20
 277              		.cfi_def_cfa_offset 24
 278 0004 00AF     		add	r7, sp, #0
 279              		.cfi_def_cfa_register 7
 280 0006 0346     		mov	r3, r0
 281 0008 FB71     		strb	r3, [r7, #7]
 307:Generated_Source\PSoC5/Maximum_Peak_Detector_A_Sample_Hold.c ****     uint8 tmpCR;
 308:Generated_Source\PSoC5/Maximum_Peak_Detector_A_Sample_Hold.c **** 
 309:Generated_Source\PSoC5/Maximum_Peak_Detector_A_Sample_Hold.c ****     /* Sets drive bits in SC Block Control Register 1:  SCxx_CR[1:0] */    
 310:Generated_Source\PSoC5/Maximum_Peak_Detector_A_Sample_Hold.c ****     tmpCR = Maximum_Peak_Detector_A_Sample_Hold_CR1_REG & (uint8)(~Maximum_Peak_Detector_A_Sample_H
 282              		.loc 1 310 0
 283 000a 0A4B     		ldr	r3, .L20
 284 000c 1B78     		ldrb	r3, [r3]
 285 000e DBB2     		uxtb	r3, r3
 286 0010 23F00303 		bic	r3, r3, #3
 287 0014 FB73     		strb	r3, [r7, #15]
 311:Generated_Source\PSoC5/Maximum_Peak_Detector_A_Sample_Hold.c ****     tmpCR |= (power & Maximum_Peak_Detector_A_Sample_Hold_DRIVE_MASK);
 288              		.loc 1 311 0
 289 0016 FB79     		ldrb	r3, [r7, #7]
 290 0018 03F00303 		and	r3, r3, #3
 291 001c DAB2     		uxtb	r2, r3
 292 001e FB7B     		ldrb	r3, [r7, #15]
 293 0020 1343     		orrs	r3, r3, r2
 294 0022 FB73     		strb	r3, [r7, #15]
 312:Generated_Source\PSoC5/Maximum_Peak_Detector_A_Sample_Hold.c ****     Maximum_Peak_Detector_A_Sample_Hold_CR1_REG = tmpCR;  
 295              		.loc 1 312 0
 296 0024 034A     		ldr	r2, .L20
 297 0026 FB7B     		ldrb	r3, [r7, #15]
 298 0028 1370     		strb	r3, [r2]
 313:Generated_Source\PSoC5/Maximum_Peak_Detector_A_Sample_Hold.c **** }
 299              		.loc 1 313 0
 300 002a 00BF     		nop
 301 002c 1437     		adds	r7, r7, #20
 302              		.cfi_def_cfa_offset 4
 303 002e BD46     		mov	sp, r7
 304              		.cfi_def_cfa_register 13
 305              		@ sp needed
 306 0030 80BC     		pop	{r7}
 307              		.cfi_restore 7
 308              		.cfi_def_cfa_offset 0
 309 0032 7047     		bx	lr
 310              	.L21:
 311              		.align	2
 312              	.L20:
 313 0034 0D580040 		.word	1073764365
 314              		.cfi_endproc
ARM GAS  C:\Users\Krist\AppData\Local\Temp\cctPUfq6.s 			page 12


 315              	.LFE4:
 316              		.size	Maximum_Peak_Detector_A_Sample_Hold_SetPower, .-Maximum_Peak_Detector_A_Sample_Hold_SetPower
 317              		.text
 318              	.Letext0:
 319              		.file 2 "Generated_Source\\PSoC5\\cytypes.h"
 320              		.section	.debug_info,"",%progbits
 321              	.Ldebug_info0:
 322 0000 45010000 		.4byte	0x145
 323 0004 0400     		.2byte	0x4
 324 0006 00000000 		.4byte	.Ldebug_abbrev0
 325 000a 04       		.byte	0x4
 326 000b 01       		.uleb128 0x1
 327 000c 3F010000 		.4byte	.LASF22
 328 0010 0C       		.byte	0xc
 329 0011 D5000000 		.4byte	.LASF23
 330 0015 81020000 		.4byte	.LASF24
 331 0019 00000000 		.4byte	.Ldebug_ranges0+0
 332 001d 00000000 		.4byte	0
 333 0021 00000000 		.4byte	.Ldebug_line0
 334 0025 02       		.uleb128 0x2
 335 0026 01       		.byte	0x1
 336 0027 06       		.byte	0x6
 337 0028 03020000 		.4byte	.LASF0
 338 002c 02       		.uleb128 0x2
 339 002d 01       		.byte	0x1
 340 002e 08       		.byte	0x8
 341 002f CD010000 		.4byte	.LASF1
 342 0033 02       		.uleb128 0x2
 343 0034 02       		.byte	0x2
 344 0035 05       		.byte	0x5
 345 0036 4E020000 		.4byte	.LASF2
 346 003a 02       		.uleb128 0x2
 347 003b 02       		.byte	0x2
 348 003c 07       		.byte	0x7
 349 003d F0010000 		.4byte	.LASF3
 350 0041 02       		.uleb128 0x2
 351 0042 04       		.byte	0x4
 352 0043 05       		.byte	0x5
 353 0044 E0010000 		.4byte	.LASF4
 354 0048 02       		.uleb128 0x2
 355 0049 04       		.byte	0x4
 356 004a 07       		.byte	0x7
 357 004b 7D000000 		.4byte	.LASF5
 358 004f 02       		.uleb128 0x2
 359 0050 08       		.byte	0x8
 360 0051 05       		.byte	0x5
 361 0052 00000000 		.4byte	.LASF6
 362 0056 02       		.uleb128 0x2
 363 0057 08       		.byte	0x8
 364 0058 07       		.byte	0x7
 365 0059 8F000000 		.4byte	.LASF7
 366 005d 03       		.uleb128 0x3
 367 005e 04       		.byte	0x4
 368 005f 05       		.byte	0x5
 369 0060 696E7400 		.ascii	"int\000"
 370 0064 02       		.uleb128 0x2
 371 0065 04       		.byte	0x4
ARM GAS  C:\Users\Krist\AppData\Local\Temp\cctPUfq6.s 			page 13


 372 0066 07       		.byte	0x7
 373 0067 3A000000 		.4byte	.LASF8
 374 006b 04       		.uleb128 0x4
 375 006c 77000000 		.4byte	.LASF12
 376 0070 02       		.byte	0x2
 377 0071 9201     		.2byte	0x192
 378 0073 2C000000 		.4byte	0x2c
 379 0077 02       		.uleb128 0x2
 380 0078 04       		.byte	0x4
 381 0079 04       		.byte	0x4
 382 007a A6000000 		.4byte	.LASF9
 383 007e 02       		.uleb128 0x2
 384 007f 08       		.byte	0x8
 385 0080 04       		.byte	0x4
 386 0081 E9010000 		.4byte	.LASF10
 387 0085 02       		.uleb128 0x2
 388 0086 01       		.byte	0x1
 389 0087 08       		.byte	0x8
 390 0088 DB010000 		.4byte	.LASF11
 391 008c 04       		.uleb128 0x4
 392 008d 72000000 		.4byte	.LASF13
 393 0091 02       		.byte	0x2
 394 0092 3C02     		.2byte	0x23c
 395 0094 98000000 		.4byte	0x98
 396 0098 05       		.uleb128 0x5
 397 0099 6B000000 		.4byte	0x6b
 398 009d 02       		.uleb128 0x2
 399 009e 08       		.byte	0x8
 400 009f 04       		.byte	0x4
 401 00a0 0F020000 		.4byte	.LASF14
 402 00a4 02       		.uleb128 0x2
 403 00a5 04       		.byte	0x4
 404 00a6 07       		.byte	0x7
 405 00a7 45020000 		.4byte	.LASF15
 406 00ab 06       		.uleb128 0x6
 407 00ac 58020000 		.4byte	.LASF19
 408 00b0 01       		.byte	0x1
 409 00b1 36       		.byte	0x36
 410 00b2 00000000 		.4byte	.LFB0
 411 00b6 68000000 		.4byte	.LFE0-.LFB0
 412 00ba 01       		.uleb128 0x1
 413 00bb 9C       		.byte	0x9c
 414 00bc CF000000 		.4byte	0xcf
 415 00c0 07       		.uleb128 0x7
 416 00c1 4C4F6600 		.ascii	"LOf\000"
 417 00c5 01       		.byte	0x1
 418 00c6 38       		.byte	0x38
 419 00c7 77000000 		.4byte	0x77
 420 00cb 02       		.uleb128 0x2
 421 00cc 91       		.byte	0x91
 422 00cd 74       		.sleb128 -12
 423 00ce 00       		.byte	0
 424 00cf 08       		.uleb128 0x8
 425 00d0 47000000 		.4byte	.LASF16
 426 00d4 01       		.byte	0x1
 427 00d5 94       		.byte	0x94
 428 00d6 00000000 		.4byte	.LFB1
ARM GAS  C:\Users\Krist\AppData\Local\Temp\cctPUfq6.s 			page 14


 429 00da 48000000 		.4byte	.LFE1-.LFB1
 430 00de 01       		.uleb128 0x1
 431 00df 9C       		.byte	0x9c
 432 00e0 09       		.uleb128 0x9
 433 00e1 1B020000 		.4byte	.LASF17
 434 00e5 01       		.byte	0x1
 435 00e6 DE       		.byte	0xde
 436 00e7 00000000 		.4byte	.LFB2
 437 00eb 24000000 		.4byte	.LFE2-.LFB2
 438 00ef 01       		.uleb128 0x1
 439 00f0 9C       		.byte	0x9c
 440 00f1 08       		.uleb128 0x8
 441 00f2 AC000000 		.4byte	.LASF18
 442 00f6 01       		.byte	0x1
 443 00f7 FA       		.byte	0xfa
 444 00f8 00000000 		.4byte	.LFB3
 445 00fc 34000000 		.4byte	.LFE3-.LFB3
 446 0100 01       		.uleb128 0x1
 447 0101 9C       		.byte	0x9c
 448 0102 0A       		.uleb128 0xa
 449 0103 12010000 		.4byte	.LASF20
 450 0107 01       		.byte	0x1
 451 0108 3101     		.2byte	0x131
 452 010a 00000000 		.4byte	.LFB4
 453 010e 38000000 		.4byte	.LFE4-.LFB4
 454 0112 01       		.uleb128 0x1
 455 0113 9C       		.byte	0x9c
 456 0114 37010000 		.4byte	0x137
 457 0118 0B       		.uleb128 0xb
 458 0119 E3020000 		.4byte	.LASF25
 459 011d 01       		.byte	0x1
 460 011e 3101     		.2byte	0x131
 461 0120 6B000000 		.4byte	0x6b
 462 0124 02       		.uleb128 0x2
 463 0125 91       		.byte	0x91
 464 0126 6F       		.sleb128 -17
 465 0127 0C       		.uleb128 0xc
 466 0128 DD020000 		.4byte	.LASF21
 467 012c 01       		.byte	0x1
 468 012d 3301     		.2byte	0x133
 469 012f 6B000000 		.4byte	0x6b
 470 0133 02       		.uleb128 0x2
 471 0134 91       		.byte	0x91
 472 0135 77       		.sleb128 -9
 473 0136 00       		.byte	0
 474 0137 0D       		.uleb128 0xd
 475 0138 0E000000 		.4byte	.LASF26
 476 013c 01       		.byte	0x1
 477 013d 1E       		.byte	0x1e
 478 013e 6B000000 		.4byte	0x6b
 479 0142 05       		.uleb128 0x5
 480 0143 03       		.byte	0x3
 481 0144 00000000 		.4byte	Maximum_Peak_Detector_A_Sample_Hold_initVar
 482 0148 00       		.byte	0
 483              		.section	.debug_abbrev,"",%progbits
 484              	.Ldebug_abbrev0:
 485 0000 01       		.uleb128 0x1
ARM GAS  C:\Users\Krist\AppData\Local\Temp\cctPUfq6.s 			page 15


 486 0001 11       		.uleb128 0x11
 487 0002 01       		.byte	0x1
 488 0003 25       		.uleb128 0x25
 489 0004 0E       		.uleb128 0xe
 490 0005 13       		.uleb128 0x13
 491 0006 0B       		.uleb128 0xb
 492 0007 03       		.uleb128 0x3
 493 0008 0E       		.uleb128 0xe
 494 0009 1B       		.uleb128 0x1b
 495 000a 0E       		.uleb128 0xe
 496 000b 55       		.uleb128 0x55
 497 000c 17       		.uleb128 0x17
 498 000d 11       		.uleb128 0x11
 499 000e 01       		.uleb128 0x1
 500 000f 10       		.uleb128 0x10
 501 0010 17       		.uleb128 0x17
 502 0011 00       		.byte	0
 503 0012 00       		.byte	0
 504 0013 02       		.uleb128 0x2
 505 0014 24       		.uleb128 0x24
 506 0015 00       		.byte	0
 507 0016 0B       		.uleb128 0xb
 508 0017 0B       		.uleb128 0xb
 509 0018 3E       		.uleb128 0x3e
 510 0019 0B       		.uleb128 0xb
 511 001a 03       		.uleb128 0x3
 512 001b 0E       		.uleb128 0xe
 513 001c 00       		.byte	0
 514 001d 00       		.byte	0
 515 001e 03       		.uleb128 0x3
 516 001f 24       		.uleb128 0x24
 517 0020 00       		.byte	0
 518 0021 0B       		.uleb128 0xb
 519 0022 0B       		.uleb128 0xb
 520 0023 3E       		.uleb128 0x3e
 521 0024 0B       		.uleb128 0xb
 522 0025 03       		.uleb128 0x3
 523 0026 08       		.uleb128 0x8
 524 0027 00       		.byte	0
 525 0028 00       		.byte	0
 526 0029 04       		.uleb128 0x4
 527 002a 16       		.uleb128 0x16
 528 002b 00       		.byte	0
 529 002c 03       		.uleb128 0x3
 530 002d 0E       		.uleb128 0xe
 531 002e 3A       		.uleb128 0x3a
 532 002f 0B       		.uleb128 0xb
 533 0030 3B       		.uleb128 0x3b
 534 0031 05       		.uleb128 0x5
 535 0032 49       		.uleb128 0x49
 536 0033 13       		.uleb128 0x13
 537 0034 00       		.byte	0
 538 0035 00       		.byte	0
 539 0036 05       		.uleb128 0x5
 540 0037 35       		.uleb128 0x35
 541 0038 00       		.byte	0
 542 0039 49       		.uleb128 0x49
ARM GAS  C:\Users\Krist\AppData\Local\Temp\cctPUfq6.s 			page 16


 543 003a 13       		.uleb128 0x13
 544 003b 00       		.byte	0
 545 003c 00       		.byte	0
 546 003d 06       		.uleb128 0x6
 547 003e 2E       		.uleb128 0x2e
 548 003f 01       		.byte	0x1
 549 0040 3F       		.uleb128 0x3f
 550 0041 19       		.uleb128 0x19
 551 0042 03       		.uleb128 0x3
 552 0043 0E       		.uleb128 0xe
 553 0044 3A       		.uleb128 0x3a
 554 0045 0B       		.uleb128 0xb
 555 0046 3B       		.uleb128 0x3b
 556 0047 0B       		.uleb128 0xb
 557 0048 27       		.uleb128 0x27
 558 0049 19       		.uleb128 0x19
 559 004a 11       		.uleb128 0x11
 560 004b 01       		.uleb128 0x1
 561 004c 12       		.uleb128 0x12
 562 004d 06       		.uleb128 0x6
 563 004e 40       		.uleb128 0x40
 564 004f 18       		.uleb128 0x18
 565 0050 9642     		.uleb128 0x2116
 566 0052 19       		.uleb128 0x19
 567 0053 01       		.uleb128 0x1
 568 0054 13       		.uleb128 0x13
 569 0055 00       		.byte	0
 570 0056 00       		.byte	0
 571 0057 07       		.uleb128 0x7
 572 0058 34       		.uleb128 0x34
 573 0059 00       		.byte	0
 574 005a 03       		.uleb128 0x3
 575 005b 08       		.uleb128 0x8
 576 005c 3A       		.uleb128 0x3a
 577 005d 0B       		.uleb128 0xb
 578 005e 3B       		.uleb128 0x3b
 579 005f 0B       		.uleb128 0xb
 580 0060 49       		.uleb128 0x49
 581 0061 13       		.uleb128 0x13
 582 0062 02       		.uleb128 0x2
 583 0063 18       		.uleb128 0x18
 584 0064 00       		.byte	0
 585 0065 00       		.byte	0
 586 0066 08       		.uleb128 0x8
 587 0067 2E       		.uleb128 0x2e
 588 0068 00       		.byte	0
 589 0069 3F       		.uleb128 0x3f
 590 006a 19       		.uleb128 0x19
 591 006b 03       		.uleb128 0x3
 592 006c 0E       		.uleb128 0xe
 593 006d 3A       		.uleb128 0x3a
 594 006e 0B       		.uleb128 0xb
 595 006f 3B       		.uleb128 0x3b
 596 0070 0B       		.uleb128 0xb
 597 0071 27       		.uleb128 0x27
 598 0072 19       		.uleb128 0x19
 599 0073 11       		.uleb128 0x11
ARM GAS  C:\Users\Krist\AppData\Local\Temp\cctPUfq6.s 			page 17


 600 0074 01       		.uleb128 0x1
 601 0075 12       		.uleb128 0x12
 602 0076 06       		.uleb128 0x6
 603 0077 40       		.uleb128 0x40
 604 0078 18       		.uleb128 0x18
 605 0079 9742     		.uleb128 0x2117
 606 007b 19       		.uleb128 0x19
 607 007c 00       		.byte	0
 608 007d 00       		.byte	0
 609 007e 09       		.uleb128 0x9
 610 007f 2E       		.uleb128 0x2e
 611 0080 00       		.byte	0
 612 0081 3F       		.uleb128 0x3f
 613 0082 19       		.uleb128 0x19
 614 0083 03       		.uleb128 0x3
 615 0084 0E       		.uleb128 0xe
 616 0085 3A       		.uleb128 0x3a
 617 0086 0B       		.uleb128 0xb
 618 0087 3B       		.uleb128 0x3b
 619 0088 0B       		.uleb128 0xb
 620 0089 27       		.uleb128 0x27
 621 008a 19       		.uleb128 0x19
 622 008b 11       		.uleb128 0x11
 623 008c 01       		.uleb128 0x1
 624 008d 12       		.uleb128 0x12
 625 008e 06       		.uleb128 0x6
 626 008f 40       		.uleb128 0x40
 627 0090 18       		.uleb128 0x18
 628 0091 9642     		.uleb128 0x2116
 629 0093 19       		.uleb128 0x19
 630 0094 00       		.byte	0
 631 0095 00       		.byte	0
 632 0096 0A       		.uleb128 0xa
 633 0097 2E       		.uleb128 0x2e
 634 0098 01       		.byte	0x1
 635 0099 3F       		.uleb128 0x3f
 636 009a 19       		.uleb128 0x19
 637 009b 03       		.uleb128 0x3
 638 009c 0E       		.uleb128 0xe
 639 009d 3A       		.uleb128 0x3a
 640 009e 0B       		.uleb128 0xb
 641 009f 3B       		.uleb128 0x3b
 642 00a0 05       		.uleb128 0x5
 643 00a1 27       		.uleb128 0x27
 644 00a2 19       		.uleb128 0x19
 645 00a3 11       		.uleb128 0x11
 646 00a4 01       		.uleb128 0x1
 647 00a5 12       		.uleb128 0x12
 648 00a6 06       		.uleb128 0x6
 649 00a7 40       		.uleb128 0x40
 650 00a8 18       		.uleb128 0x18
 651 00a9 9742     		.uleb128 0x2117
 652 00ab 19       		.uleb128 0x19
 653 00ac 01       		.uleb128 0x1
 654 00ad 13       		.uleb128 0x13
 655 00ae 00       		.byte	0
 656 00af 00       		.byte	0
ARM GAS  C:\Users\Krist\AppData\Local\Temp\cctPUfq6.s 			page 18


 657 00b0 0B       		.uleb128 0xb
 658 00b1 05       		.uleb128 0x5
 659 00b2 00       		.byte	0
 660 00b3 03       		.uleb128 0x3
 661 00b4 0E       		.uleb128 0xe
 662 00b5 3A       		.uleb128 0x3a
 663 00b6 0B       		.uleb128 0xb
 664 00b7 3B       		.uleb128 0x3b
 665 00b8 05       		.uleb128 0x5
 666 00b9 49       		.uleb128 0x49
 667 00ba 13       		.uleb128 0x13
 668 00bb 02       		.uleb128 0x2
 669 00bc 18       		.uleb128 0x18
 670 00bd 00       		.byte	0
 671 00be 00       		.byte	0
 672 00bf 0C       		.uleb128 0xc
 673 00c0 34       		.uleb128 0x34
 674 00c1 00       		.byte	0
 675 00c2 03       		.uleb128 0x3
 676 00c3 0E       		.uleb128 0xe
 677 00c4 3A       		.uleb128 0x3a
 678 00c5 0B       		.uleb128 0xb
 679 00c6 3B       		.uleb128 0x3b
 680 00c7 05       		.uleb128 0x5
 681 00c8 49       		.uleb128 0x49
 682 00c9 13       		.uleb128 0x13
 683 00ca 02       		.uleb128 0x2
 684 00cb 18       		.uleb128 0x18
 685 00cc 00       		.byte	0
 686 00cd 00       		.byte	0
 687 00ce 0D       		.uleb128 0xd
 688 00cf 34       		.uleb128 0x34
 689 00d0 00       		.byte	0
 690 00d1 03       		.uleb128 0x3
 691 00d2 0E       		.uleb128 0xe
 692 00d3 3A       		.uleb128 0x3a
 693 00d4 0B       		.uleb128 0xb
 694 00d5 3B       		.uleb128 0x3b
 695 00d6 0B       		.uleb128 0xb
 696 00d7 49       		.uleb128 0x49
 697 00d8 13       		.uleb128 0x13
 698 00d9 3F       		.uleb128 0x3f
 699 00da 19       		.uleb128 0x19
 700 00db 02       		.uleb128 0x2
 701 00dc 18       		.uleb128 0x18
 702 00dd 00       		.byte	0
 703 00de 00       		.byte	0
 704 00df 00       		.byte	0
 705              		.section	.debug_aranges,"",%progbits
 706 0000 3C000000 		.4byte	0x3c
 707 0004 0200     		.2byte	0x2
 708 0006 00000000 		.4byte	.Ldebug_info0
 709 000a 04       		.byte	0x4
 710 000b 00       		.byte	0
 711 000c 0000     		.2byte	0
 712 000e 0000     		.2byte	0
 713 0010 00000000 		.4byte	.LFB0
ARM GAS  C:\Users\Krist\AppData\Local\Temp\cctPUfq6.s 			page 19


 714 0014 68000000 		.4byte	.LFE0-.LFB0
 715 0018 00000000 		.4byte	.LFB1
 716 001c 48000000 		.4byte	.LFE1-.LFB1
 717 0020 00000000 		.4byte	.LFB2
 718 0024 24000000 		.4byte	.LFE2-.LFB2
 719 0028 00000000 		.4byte	.LFB3
 720 002c 34000000 		.4byte	.LFE3-.LFB3
 721 0030 00000000 		.4byte	.LFB4
 722 0034 38000000 		.4byte	.LFE4-.LFB4
 723 0038 00000000 		.4byte	0
 724 003c 00000000 		.4byte	0
 725              		.section	.debug_ranges,"",%progbits
 726              	.Ldebug_ranges0:
 727 0000 00000000 		.4byte	.LFB0
 728 0004 68000000 		.4byte	.LFE0
 729 0008 00000000 		.4byte	.LFB1
 730 000c 48000000 		.4byte	.LFE1
 731 0010 00000000 		.4byte	.LFB2
 732 0014 24000000 		.4byte	.LFE2
 733 0018 00000000 		.4byte	.LFB3
 734 001c 34000000 		.4byte	.LFE3
 735 0020 00000000 		.4byte	.LFB4
 736 0024 38000000 		.4byte	.LFE4
 737 0028 00000000 		.4byte	0
 738 002c 00000000 		.4byte	0
 739              		.section	.debug_line,"",%progbits
 740              	.Ldebug_line0:
 741 0000 DA000000 		.section	.debug_str,"MS",%progbits,1
 741      02006000 
 741      00000201 
 741      FB0E0D00 
 741      01010101 
 742              	.LASF6:
 743 0000 6C6F6E67 		.ascii	"long long int\000"
 743      206C6F6E 
 743      6720696E 
 743      7400
 744              	.LASF26:
 745 000e 4D617869 		.ascii	"Maximum_Peak_Detector_A_Sample_Hold_initVar\000"
 745      6D756D5F 
 745      5065616B 
 745      5F446574 
 745      6563746F 
 746              	.LASF8:
 747 003a 756E7369 		.ascii	"unsigned int\000"
 747      676E6564 
 747      20696E74 
 747      00
 748              	.LASF16:
 749 0047 4D617869 		.ascii	"Maximum_Peak_Detector_A_Sample_Hold_Enable\000"
 749      6D756D5F 
 749      5065616B 
 749      5F446574 
 749      6563746F 
 750              	.LASF13:
 751 0072 72656738 		.ascii	"reg8\000"
 751      00
ARM GAS  C:\Users\Krist\AppData\Local\Temp\cctPUfq6.s 			page 20


 752              	.LASF12:
 753 0077 75696E74 		.ascii	"uint8\000"
 753      3800
 754              	.LASF5:
 755 007d 6C6F6E67 		.ascii	"long unsigned int\000"
 755      20756E73 
 755      69676E65 
 755      6420696E 
 755      7400
 756              	.LASF7:
 757 008f 6C6F6E67 		.ascii	"long long unsigned int\000"
 757      206C6F6E 
 757      6720756E 
 757      7369676E 
 757      65642069 
 758              	.LASF9:
 759 00a6 666C6F61 		.ascii	"float\000"
 759      7400
 760              	.LASF18:
 761 00ac 4D617869 		.ascii	"Maximum_Peak_Detector_A_Sample_Hold_Stop\000"
 761      6D756D5F 
 761      5065616B 
 761      5F446574 
 761      6563746F 
 762              	.LASF23:
 763 00d5 47656E65 		.ascii	"Generated_Source\\PSoC5\\Maximum_Peak_Detector_A_Sa"
 763      72617465 
 763      645F536F 
 763      75726365 
 763      5C50536F 
 764 0106 6D706C65 		.ascii	"mple_Hold.c\000"
 764      5F486F6C 
 764      642E6300 
 765              	.LASF20:
 766 0112 4D617869 		.ascii	"Maximum_Peak_Detector_A_Sample_Hold_SetPower\000"
 766      6D756D5F 
 766      5065616B 
 766      5F446574 
 766      6563746F 
 767              	.LASF22:
 768 013f 474E5520 		.ascii	"GNU C11 5.4.1 20160609 (release) [ARM/embedded-5-br"
 768      43313120 
 768      352E342E 
 768      31203230 
 768      31363036 
 769 0172 616E6368 		.ascii	"anch revision 237715] -mcpu=cortex-m3 -mthumb -g -O"
 769      20726576 
 769      6973696F 
 769      6E203233 
 769      37373135 
 770 01a5 30202D66 		.ascii	"0 -ffunction-sections -ffat-lto-objects\000"
 770      66756E63 
 770      74696F6E 
 770      2D736563 
 770      74696F6E 
 771              	.LASF1:
 772 01cd 756E7369 		.ascii	"unsigned char\000"
ARM GAS  C:\Users\Krist\AppData\Local\Temp\cctPUfq6.s 			page 21


 772      676E6564 
 772      20636861 
 772      7200
 773              	.LASF11:
 774 01db 63686172 		.ascii	"char\000"
 774      00
 775              	.LASF4:
 776 01e0 6C6F6E67 		.ascii	"long int\000"
 776      20696E74 
 776      00
 777              	.LASF10:
 778 01e9 646F7562 		.ascii	"double\000"
 778      6C6500
 779              	.LASF3:
 780 01f0 73686F72 		.ascii	"short unsigned int\000"
 780      7420756E 
 780      7369676E 
 780      65642069 
 780      6E7400
 781              	.LASF0:
 782 0203 7369676E 		.ascii	"signed char\000"
 782      65642063 
 782      68617200 
 783              	.LASF14:
 784 020f 6C6F6E67 		.ascii	"long double\000"
 784      20646F75 
 784      626C6500 
 785              	.LASF17:
 786 021b 4D617869 		.ascii	"Maximum_Peak_Detector_A_Sample_Hold_Start\000"
 786      6D756D5F 
 786      5065616B 
 786      5F446574 
 786      6563746F 
 787              	.LASF15:
 788 0245 73697A65 		.ascii	"sizetype\000"
 788      74797065 
 788      00
 789              	.LASF2:
 790 024e 73686F72 		.ascii	"short int\000"
 790      7420696E 
 790      7400
 791              	.LASF19:
 792 0258 4D617869 		.ascii	"Maximum_Peak_Detector_A_Sample_Hold_Init\000"
 792      6D756D5F 
 792      5065616B 
 792      5F446574 
 792      6563746F 
 793              	.LASF24:
 794 0281 433A5C55 		.ascii	"C:\\Users\\Krist\\OneDrive\\Dokumenter\\GitHub\\pla"
 794      73657273 
 794      5C4B7269 
 794      73745C4F 
 794      6E654472 
 795 02ae 746F6F6E 		.ascii	"tooning\\PSoC\\Platooning\\AngleMeasurement.cydsn\000"
 795      696E675C 
 795      50536F43 
 795      5C506C61 
ARM GAS  C:\Users\Krist\AppData\Local\Temp\cctPUfq6.s 			page 22


 795      746F6F6E 
 796              	.LASF21:
 797 02dd 746D7043 		.ascii	"tmpCR\000"
 797      5200
 798              	.LASF25:
 799 02e3 706F7765 		.ascii	"power\000"
 799      7200
 800              		.ident	"GCC: (GNU Tools for ARM Embedded Processors) 5.4.1 20160609 (release) [ARM/embedded-5-bran
