ARM GAS  C:\Users\Krist\AppData\Local\Temp\ccQuW0v9.s 			page 1


   1              		.syntax unified
   2              		.cpu cortex-m3
   3              		.fpu softvfp
   4              		.eabi_attribute 20, 1
   5              		.eabi_attribute 21, 1
   6              		.eabi_attribute 23, 3
   7              		.eabi_attribute 24, 1
   8              		.eabi_attribute 25, 1
   9              		.eabi_attribute 26, 1
  10              		.eabi_attribute 30, 6
  11              		.eabi_attribute 34, 1
  12              		.eabi_attribute 18, 4
  13              		.thumb
  14              		.syntax unified
  15              		.file	"PWM_H_BRIDGE_PM.c"
  16              		.text
  17              	.Ltext0:
  18              		.cfi_sections	.debug_frame
  19              		.bss
  20              		.align	2
  21              	PWM_H_BRIDGE_backup:
  22 0000 00000000 		.space	5
  22      00
  23              		.section	.text.PWM_H_BRIDGE_SaveConfig,"ax",%progbits
  24              		.align	2
  25              		.global	PWM_H_BRIDGE_SaveConfig
  26              		.thumb
  27              		.thumb_func
  28              		.type	PWM_H_BRIDGE_SaveConfig, %function
  29              	PWM_H_BRIDGE_SaveConfig:
  30              	.LFB0:
  31              		.file 1 "Generated_Source\\PSoC5\\PWM_H_BRIDGE_PM.c"
   1:Generated_Source\PSoC5/PWM_H_BRIDGE_PM.c **** /*******************************************************************************
   2:Generated_Source\PSoC5/PWM_H_BRIDGE_PM.c **** * File Name: PWM_H_BRIDGE_PM.c
   3:Generated_Source\PSoC5/PWM_H_BRIDGE_PM.c **** * Version 3.30
   4:Generated_Source\PSoC5/PWM_H_BRIDGE_PM.c **** *
   5:Generated_Source\PSoC5/PWM_H_BRIDGE_PM.c **** * Description:
   6:Generated_Source\PSoC5/PWM_H_BRIDGE_PM.c **** *  This file provides the power management source code to API for the
   7:Generated_Source\PSoC5/PWM_H_BRIDGE_PM.c **** *  PWM.
   8:Generated_Source\PSoC5/PWM_H_BRIDGE_PM.c **** *
   9:Generated_Source\PSoC5/PWM_H_BRIDGE_PM.c **** * Note:
  10:Generated_Source\PSoC5/PWM_H_BRIDGE_PM.c **** *
  11:Generated_Source\PSoC5/PWM_H_BRIDGE_PM.c **** ********************************************************************************
  12:Generated_Source\PSoC5/PWM_H_BRIDGE_PM.c **** * Copyright 2008-2014, Cypress Semiconductor Corporation.  All rights reserved.
  13:Generated_Source\PSoC5/PWM_H_BRIDGE_PM.c **** * You may use this file only in accordance with the license, terms, conditions,
  14:Generated_Source\PSoC5/PWM_H_BRIDGE_PM.c **** * disclaimers, and limitations in the end user license agreement accompanying
  15:Generated_Source\PSoC5/PWM_H_BRIDGE_PM.c **** * the software package with which this file was provided.
  16:Generated_Source\PSoC5/PWM_H_BRIDGE_PM.c **** *******************************************************************************/
  17:Generated_Source\PSoC5/PWM_H_BRIDGE_PM.c **** 
  18:Generated_Source\PSoC5/PWM_H_BRIDGE_PM.c **** #include "PWM_H_BRIDGE.h"
  19:Generated_Source\PSoC5/PWM_H_BRIDGE_PM.c **** 
  20:Generated_Source\PSoC5/PWM_H_BRIDGE_PM.c **** static PWM_H_BRIDGE_backupStruct PWM_H_BRIDGE_backup;
  21:Generated_Source\PSoC5/PWM_H_BRIDGE_PM.c **** 
  22:Generated_Source\PSoC5/PWM_H_BRIDGE_PM.c **** 
  23:Generated_Source\PSoC5/PWM_H_BRIDGE_PM.c **** /*******************************************************************************
  24:Generated_Source\PSoC5/PWM_H_BRIDGE_PM.c **** * Function Name: PWM_H_BRIDGE_SaveConfig
  25:Generated_Source\PSoC5/PWM_H_BRIDGE_PM.c **** ********************************************************************************
ARM GAS  C:\Users\Krist\AppData\Local\Temp\ccQuW0v9.s 			page 2


  26:Generated_Source\PSoC5/PWM_H_BRIDGE_PM.c **** *
  27:Generated_Source\PSoC5/PWM_H_BRIDGE_PM.c **** * Summary:
  28:Generated_Source\PSoC5/PWM_H_BRIDGE_PM.c **** *  Saves the current user configuration of the component.
  29:Generated_Source\PSoC5/PWM_H_BRIDGE_PM.c **** *
  30:Generated_Source\PSoC5/PWM_H_BRIDGE_PM.c **** * Parameters:
  31:Generated_Source\PSoC5/PWM_H_BRIDGE_PM.c **** *  None
  32:Generated_Source\PSoC5/PWM_H_BRIDGE_PM.c **** *
  33:Generated_Source\PSoC5/PWM_H_BRIDGE_PM.c **** * Return:
  34:Generated_Source\PSoC5/PWM_H_BRIDGE_PM.c **** *  None
  35:Generated_Source\PSoC5/PWM_H_BRIDGE_PM.c **** *
  36:Generated_Source\PSoC5/PWM_H_BRIDGE_PM.c **** * Global variables:
  37:Generated_Source\PSoC5/PWM_H_BRIDGE_PM.c **** *  PWM_H_BRIDGE_backup:  Variables of this global structure are modified to
  38:Generated_Source\PSoC5/PWM_H_BRIDGE_PM.c **** *  store the values of non retention configuration registers when Sleep() API is
  39:Generated_Source\PSoC5/PWM_H_BRIDGE_PM.c **** *  called.
  40:Generated_Source\PSoC5/PWM_H_BRIDGE_PM.c **** *
  41:Generated_Source\PSoC5/PWM_H_BRIDGE_PM.c **** *******************************************************************************/
  42:Generated_Source\PSoC5/PWM_H_BRIDGE_PM.c **** void PWM_H_BRIDGE_SaveConfig(void) 
  43:Generated_Source\PSoC5/PWM_H_BRIDGE_PM.c **** {
  32              		.loc 1 43 0
  33              		.cfi_startproc
  34              		@ args = 0, pretend = 0, frame = 0
  35              		@ frame_needed = 1, uses_anonymous_args = 0
  36 0000 80B5     		push	{r7, lr}
  37              		.cfi_def_cfa_offset 8
  38              		.cfi_offset 7, -8
  39              		.cfi_offset 14, -4
  40 0002 00AF     		add	r7, sp, #0
  41              		.cfi_def_cfa_register 7
  44:Generated_Source\PSoC5/PWM_H_BRIDGE_PM.c **** 
  45:Generated_Source\PSoC5/PWM_H_BRIDGE_PM.c ****     #if(!PWM_H_BRIDGE_UsingFixedFunction)
  46:Generated_Source\PSoC5/PWM_H_BRIDGE_PM.c ****         #if(!PWM_H_BRIDGE_PWMModeIsCenterAligned)
  47:Generated_Source\PSoC5/PWM_H_BRIDGE_PM.c ****             PWM_H_BRIDGE_backup.PWMPeriod = PWM_H_BRIDGE_ReadPeriod();
  42              		.loc 1 47 0
  43 0004 FFF7FEFF 		bl	PWM_H_BRIDGE_ReadPeriod
  44 0008 0346     		mov	r3, r0
  45 000a 1A46     		mov	r2, r3
  46 000c 0A4B     		ldr	r3, .L2
  47 000e 9A70     		strb	r2, [r3, #2]
  48:Generated_Source\PSoC5/PWM_H_BRIDGE_PM.c ****         #endif /* (!PWM_H_BRIDGE_PWMModeIsCenterAligned) */
  49:Generated_Source\PSoC5/PWM_H_BRIDGE_PM.c ****         PWM_H_BRIDGE_backup.PWMUdb = PWM_H_BRIDGE_ReadCounter();
  48              		.loc 1 49 0
  49 0010 FFF7FEFF 		bl	PWM_H_BRIDGE_ReadCounter
  50 0014 0346     		mov	r3, r0
  51 0016 1A46     		mov	r2, r3
  52 0018 074B     		ldr	r3, .L2
  53 001a 5A70     		strb	r2, [r3, #1]
  50:Generated_Source\PSoC5/PWM_H_BRIDGE_PM.c ****         #if (PWM_H_BRIDGE_UseStatus)
  51:Generated_Source\PSoC5/PWM_H_BRIDGE_PM.c ****             PWM_H_BRIDGE_backup.InterruptMaskValue = PWM_H_BRIDGE_STATUS_MASK;
  54              		.loc 1 51 0
  55 001c 074B     		ldr	r3, .L2+4
  56 001e 1B78     		ldrb	r3, [r3]
  57 0020 DAB2     		uxtb	r2, r3
  58 0022 054B     		ldr	r3, .L2
  59 0024 DA70     		strb	r2, [r3, #3]
  52:Generated_Source\PSoC5/PWM_H_BRIDGE_PM.c ****         #endif /* (PWM_H_BRIDGE_UseStatus) */
  53:Generated_Source\PSoC5/PWM_H_BRIDGE_PM.c **** 
  54:Generated_Source\PSoC5/PWM_H_BRIDGE_PM.c ****         #if(PWM_H_BRIDGE_DeadBandMode == PWM_H_BRIDGE__B_PWM__DBM_256_CLOCKS || \
ARM GAS  C:\Users\Krist\AppData\Local\Temp\ccQuW0v9.s 			page 3


  55:Generated_Source\PSoC5/PWM_H_BRIDGE_PM.c ****             PWM_H_BRIDGE_DeadBandMode == PWM_H_BRIDGE__B_PWM__DBM_2_4_CLOCKS)
  56:Generated_Source\PSoC5/PWM_H_BRIDGE_PM.c ****             PWM_H_BRIDGE_backup.PWMdeadBandValue = PWM_H_BRIDGE_ReadDeadTime();
  57:Generated_Source\PSoC5/PWM_H_BRIDGE_PM.c ****         #endif /*  deadband count is either 2-4 clocks or 256 clocks */
  58:Generated_Source\PSoC5/PWM_H_BRIDGE_PM.c **** 
  59:Generated_Source\PSoC5/PWM_H_BRIDGE_PM.c ****         #if(PWM_H_BRIDGE_KillModeMinTime)
  60:Generated_Source\PSoC5/PWM_H_BRIDGE_PM.c ****              PWM_H_BRIDGE_backup.PWMKillCounterPeriod = PWM_H_BRIDGE_ReadKillTime();
  61:Generated_Source\PSoC5/PWM_H_BRIDGE_PM.c ****         #endif /* (PWM_H_BRIDGE_KillModeMinTime) */
  62:Generated_Source\PSoC5/PWM_H_BRIDGE_PM.c **** 
  63:Generated_Source\PSoC5/PWM_H_BRIDGE_PM.c ****         #if(PWM_H_BRIDGE_UseControl)
  64:Generated_Source\PSoC5/PWM_H_BRIDGE_PM.c ****             PWM_H_BRIDGE_backup.PWMControlRegister = PWM_H_BRIDGE_ReadControlRegister();
  60              		.loc 1 64 0
  61 0026 FFF7FEFF 		bl	PWM_H_BRIDGE_ReadControlRegister
  62 002a 0346     		mov	r3, r0
  63 002c 1A46     		mov	r2, r3
  64 002e 024B     		ldr	r3, .L2
  65 0030 1A71     		strb	r2, [r3, #4]
  65:Generated_Source\PSoC5/PWM_H_BRIDGE_PM.c ****         #endif /* (PWM_H_BRIDGE_UseControl) */
  66:Generated_Source\PSoC5/PWM_H_BRIDGE_PM.c ****     #endif  /* (!PWM_H_BRIDGE_UsingFixedFunction) */
  67:Generated_Source\PSoC5/PWM_H_BRIDGE_PM.c **** }
  66              		.loc 1 67 0
  67 0032 00BF     		nop
  68 0034 80BD     		pop	{r7, pc}
  69              	.L3:
  70 0036 00BF     		.align	2
  71              	.L2:
  72 0038 00000000 		.word	PWM_H_BRIDGE_backup
  73 003c 88640040 		.word	1073767560
  74              		.cfi_endproc
  75              	.LFE0:
  76              		.size	PWM_H_BRIDGE_SaveConfig, .-PWM_H_BRIDGE_SaveConfig
  77              		.section	.text.PWM_H_BRIDGE_RestoreConfig,"ax",%progbits
  78              		.align	2
  79              		.global	PWM_H_BRIDGE_RestoreConfig
  80              		.thumb
  81              		.thumb_func
  82              		.type	PWM_H_BRIDGE_RestoreConfig, %function
  83              	PWM_H_BRIDGE_RestoreConfig:
  84              	.LFB1:
  68:Generated_Source\PSoC5/PWM_H_BRIDGE_PM.c **** 
  69:Generated_Source\PSoC5/PWM_H_BRIDGE_PM.c **** 
  70:Generated_Source\PSoC5/PWM_H_BRIDGE_PM.c **** /*******************************************************************************
  71:Generated_Source\PSoC5/PWM_H_BRIDGE_PM.c **** * Function Name: PWM_H_BRIDGE_RestoreConfig
  72:Generated_Source\PSoC5/PWM_H_BRIDGE_PM.c **** ********************************************************************************
  73:Generated_Source\PSoC5/PWM_H_BRIDGE_PM.c **** *
  74:Generated_Source\PSoC5/PWM_H_BRIDGE_PM.c **** * Summary:
  75:Generated_Source\PSoC5/PWM_H_BRIDGE_PM.c **** *  Restores the current user configuration of the component.
  76:Generated_Source\PSoC5/PWM_H_BRIDGE_PM.c **** *
  77:Generated_Source\PSoC5/PWM_H_BRIDGE_PM.c **** * Parameters:
  78:Generated_Source\PSoC5/PWM_H_BRIDGE_PM.c **** *  None
  79:Generated_Source\PSoC5/PWM_H_BRIDGE_PM.c **** *
  80:Generated_Source\PSoC5/PWM_H_BRIDGE_PM.c **** * Return:
  81:Generated_Source\PSoC5/PWM_H_BRIDGE_PM.c **** *  None
  82:Generated_Source\PSoC5/PWM_H_BRIDGE_PM.c **** *
  83:Generated_Source\PSoC5/PWM_H_BRIDGE_PM.c **** * Global variables:
  84:Generated_Source\PSoC5/PWM_H_BRIDGE_PM.c **** *  PWM_H_BRIDGE_backup:  Variables of this global structure are used to
  85:Generated_Source\PSoC5/PWM_H_BRIDGE_PM.c **** *  restore the values of non retention registers on wakeup from sleep mode.
  86:Generated_Source\PSoC5/PWM_H_BRIDGE_PM.c **** *
ARM GAS  C:\Users\Krist\AppData\Local\Temp\ccQuW0v9.s 			page 4


  87:Generated_Source\PSoC5/PWM_H_BRIDGE_PM.c **** *******************************************************************************/
  88:Generated_Source\PSoC5/PWM_H_BRIDGE_PM.c **** void PWM_H_BRIDGE_RestoreConfig(void) 
  89:Generated_Source\PSoC5/PWM_H_BRIDGE_PM.c **** {
  85              		.loc 1 89 0
  86              		.cfi_startproc
  87              		@ args = 0, pretend = 0, frame = 0
  88              		@ frame_needed = 1, uses_anonymous_args = 0
  89 0000 80B5     		push	{r7, lr}
  90              		.cfi_def_cfa_offset 8
  91              		.cfi_offset 7, -8
  92              		.cfi_offset 14, -4
  93 0002 00AF     		add	r7, sp, #0
  94              		.cfi_def_cfa_register 7
  90:Generated_Source\PSoC5/PWM_H_BRIDGE_PM.c ****         #if(!PWM_H_BRIDGE_UsingFixedFunction)
  91:Generated_Source\PSoC5/PWM_H_BRIDGE_PM.c ****             #if(!PWM_H_BRIDGE_PWMModeIsCenterAligned)
  92:Generated_Source\PSoC5/PWM_H_BRIDGE_PM.c ****                 PWM_H_BRIDGE_WritePeriod(PWM_H_BRIDGE_backup.PWMPeriod);
  95              		.loc 1 92 0
  96 0004 0A4B     		ldr	r3, .L5
  97 0006 9B78     		ldrb	r3, [r3, #2]	@ zero_extendqisi2
  98 0008 1846     		mov	r0, r3
  99 000a FFF7FEFF 		bl	PWM_H_BRIDGE_WritePeriod
  93:Generated_Source\PSoC5/PWM_H_BRIDGE_PM.c ****             #endif /* (!PWM_H_BRIDGE_PWMModeIsCenterAligned) */
  94:Generated_Source\PSoC5/PWM_H_BRIDGE_PM.c **** 
  95:Generated_Source\PSoC5/PWM_H_BRIDGE_PM.c ****             PWM_H_BRIDGE_WriteCounter(PWM_H_BRIDGE_backup.PWMUdb);
 100              		.loc 1 95 0
 101 000e 084B     		ldr	r3, .L5
 102 0010 5B78     		ldrb	r3, [r3, #1]	@ zero_extendqisi2
 103 0012 1846     		mov	r0, r3
 104 0014 FFF7FEFF 		bl	PWM_H_BRIDGE_WriteCounter
  96:Generated_Source\PSoC5/PWM_H_BRIDGE_PM.c **** 
  97:Generated_Source\PSoC5/PWM_H_BRIDGE_PM.c ****             #if (PWM_H_BRIDGE_UseStatus)
  98:Generated_Source\PSoC5/PWM_H_BRIDGE_PM.c ****                 PWM_H_BRIDGE_STATUS_MASK = PWM_H_BRIDGE_backup.InterruptMaskValue;
 105              		.loc 1 98 0
 106 0018 064B     		ldr	r3, .L5+4
 107 001a 054A     		ldr	r2, .L5
 108 001c D278     		ldrb	r2, [r2, #3]	@ zero_extendqisi2
 109 001e 1A70     		strb	r2, [r3]
  99:Generated_Source\PSoC5/PWM_H_BRIDGE_PM.c ****             #endif /* (PWM_H_BRIDGE_UseStatus) */
 100:Generated_Source\PSoC5/PWM_H_BRIDGE_PM.c **** 
 101:Generated_Source\PSoC5/PWM_H_BRIDGE_PM.c ****             #if(PWM_H_BRIDGE_DeadBandMode == PWM_H_BRIDGE__B_PWM__DBM_256_CLOCKS || \
 102:Generated_Source\PSoC5/PWM_H_BRIDGE_PM.c ****                 PWM_H_BRIDGE_DeadBandMode == PWM_H_BRIDGE__B_PWM__DBM_2_4_CLOCKS)
 103:Generated_Source\PSoC5/PWM_H_BRIDGE_PM.c ****                 PWM_H_BRIDGE_WriteDeadTime(PWM_H_BRIDGE_backup.PWMdeadBandValue);
 104:Generated_Source\PSoC5/PWM_H_BRIDGE_PM.c ****             #endif /* deadband count is either 2-4 clocks or 256 clocks */
 105:Generated_Source\PSoC5/PWM_H_BRIDGE_PM.c **** 
 106:Generated_Source\PSoC5/PWM_H_BRIDGE_PM.c ****             #if(PWM_H_BRIDGE_KillModeMinTime)
 107:Generated_Source\PSoC5/PWM_H_BRIDGE_PM.c ****                 PWM_H_BRIDGE_WriteKillTime(PWM_H_BRIDGE_backup.PWMKillCounterPeriod);
 108:Generated_Source\PSoC5/PWM_H_BRIDGE_PM.c ****             #endif /* (PWM_H_BRIDGE_KillModeMinTime) */
 109:Generated_Source\PSoC5/PWM_H_BRIDGE_PM.c **** 
 110:Generated_Source\PSoC5/PWM_H_BRIDGE_PM.c ****             #if(PWM_H_BRIDGE_UseControl)
 111:Generated_Source\PSoC5/PWM_H_BRIDGE_PM.c ****                 PWM_H_BRIDGE_WriteControlRegister(PWM_H_BRIDGE_backup.PWMControlRegister);
 110              		.loc 1 111 0
 111 0020 034B     		ldr	r3, .L5
 112 0022 1B79     		ldrb	r3, [r3, #4]	@ zero_extendqisi2
 113 0024 1846     		mov	r0, r3
 114 0026 FFF7FEFF 		bl	PWM_H_BRIDGE_WriteControlRegister
 112:Generated_Source\PSoC5/PWM_H_BRIDGE_PM.c ****             #endif /* (PWM_H_BRIDGE_UseControl) */
 113:Generated_Source\PSoC5/PWM_H_BRIDGE_PM.c ****         #endif  /* (!PWM_H_BRIDGE_UsingFixedFunction) */
ARM GAS  C:\Users\Krist\AppData\Local\Temp\ccQuW0v9.s 			page 5


 114:Generated_Source\PSoC5/PWM_H_BRIDGE_PM.c ****     }
 115              		.loc 1 114 0
 116 002a 00BF     		nop
 117 002c 80BD     		pop	{r7, pc}
 118              	.L6:
 119 002e 00BF     		.align	2
 120              	.L5:
 121 0030 00000000 		.word	PWM_H_BRIDGE_backup
 122 0034 88640040 		.word	1073767560
 123              		.cfi_endproc
 124              	.LFE1:
 125              		.size	PWM_H_BRIDGE_RestoreConfig, .-PWM_H_BRIDGE_RestoreConfig
 126              		.section	.text.PWM_H_BRIDGE_Sleep,"ax",%progbits
 127              		.align	2
 128              		.global	PWM_H_BRIDGE_Sleep
 129              		.thumb
 130              		.thumb_func
 131              		.type	PWM_H_BRIDGE_Sleep, %function
 132              	PWM_H_BRIDGE_Sleep:
 133              	.LFB2:
 115:Generated_Source\PSoC5/PWM_H_BRIDGE_PM.c **** 
 116:Generated_Source\PSoC5/PWM_H_BRIDGE_PM.c **** 
 117:Generated_Source\PSoC5/PWM_H_BRIDGE_PM.c **** /*******************************************************************************
 118:Generated_Source\PSoC5/PWM_H_BRIDGE_PM.c **** * Function Name: PWM_H_BRIDGE_Sleep
 119:Generated_Source\PSoC5/PWM_H_BRIDGE_PM.c **** ********************************************************************************
 120:Generated_Source\PSoC5/PWM_H_BRIDGE_PM.c **** *
 121:Generated_Source\PSoC5/PWM_H_BRIDGE_PM.c **** * Summary:
 122:Generated_Source\PSoC5/PWM_H_BRIDGE_PM.c **** *  Disables block's operation and saves the user configuration. Should be called
 123:Generated_Source\PSoC5/PWM_H_BRIDGE_PM.c **** *  just prior to entering sleep.
 124:Generated_Source\PSoC5/PWM_H_BRIDGE_PM.c **** *
 125:Generated_Source\PSoC5/PWM_H_BRIDGE_PM.c **** * Parameters:
 126:Generated_Source\PSoC5/PWM_H_BRIDGE_PM.c **** *  None
 127:Generated_Source\PSoC5/PWM_H_BRIDGE_PM.c **** *
 128:Generated_Source\PSoC5/PWM_H_BRIDGE_PM.c **** * Return:
 129:Generated_Source\PSoC5/PWM_H_BRIDGE_PM.c **** *  None
 130:Generated_Source\PSoC5/PWM_H_BRIDGE_PM.c **** *
 131:Generated_Source\PSoC5/PWM_H_BRIDGE_PM.c **** * Global variables:
 132:Generated_Source\PSoC5/PWM_H_BRIDGE_PM.c **** *  PWM_H_BRIDGE_backup.PWMEnableState:  Is modified depending on the enable
 133:Generated_Source\PSoC5/PWM_H_BRIDGE_PM.c **** *  state of the block before entering sleep mode.
 134:Generated_Source\PSoC5/PWM_H_BRIDGE_PM.c **** *
 135:Generated_Source\PSoC5/PWM_H_BRIDGE_PM.c **** *******************************************************************************/
 136:Generated_Source\PSoC5/PWM_H_BRIDGE_PM.c **** void PWM_H_BRIDGE_Sleep(void) 
 137:Generated_Source\PSoC5/PWM_H_BRIDGE_PM.c **** {
 134              		.loc 1 137 0
 135              		.cfi_startproc
 136              		@ args = 0, pretend = 0, frame = 0
 137              		@ frame_needed = 1, uses_anonymous_args = 0
 138 0000 80B5     		push	{r7, lr}
 139              		.cfi_def_cfa_offset 8
 140              		.cfi_offset 7, -8
 141              		.cfi_offset 14, -4
 142 0002 00AF     		add	r7, sp, #0
 143              		.cfi_def_cfa_register 7
 138:Generated_Source\PSoC5/PWM_H_BRIDGE_PM.c ****     #if(PWM_H_BRIDGE_UseControl)
 139:Generated_Source\PSoC5/PWM_H_BRIDGE_PM.c ****         if(PWM_H_BRIDGE_CTRL_ENABLE == (PWM_H_BRIDGE_CONTROL & PWM_H_BRIDGE_CTRL_ENABLE))
 144              		.loc 1 139 0
 145 0004 094B     		ldr	r3, .L10
ARM GAS  C:\Users\Krist\AppData\Local\Temp\ccQuW0v9.s 			page 6


 146 0006 1B78     		ldrb	r3, [r3]
 147 0008 DBB2     		uxtb	r3, r3
 148 000a 5BB2     		sxtb	r3, r3
 149 000c 002B     		cmp	r3, #0
 150 000e 03DA     		bge	.L8
 140:Generated_Source\PSoC5/PWM_H_BRIDGE_PM.c ****         {
 141:Generated_Source\PSoC5/PWM_H_BRIDGE_PM.c ****             /*Component is enabled */
 142:Generated_Source\PSoC5/PWM_H_BRIDGE_PM.c ****             PWM_H_BRIDGE_backup.PWMEnableState = 1u;
 151              		.loc 1 142 0
 152 0010 074B     		ldr	r3, .L10+4
 153 0012 0122     		movs	r2, #1
 154 0014 1A70     		strb	r2, [r3]
 155 0016 02E0     		b	.L9
 156              	.L8:
 143:Generated_Source\PSoC5/PWM_H_BRIDGE_PM.c ****         }
 144:Generated_Source\PSoC5/PWM_H_BRIDGE_PM.c ****         else
 145:Generated_Source\PSoC5/PWM_H_BRIDGE_PM.c ****         {
 146:Generated_Source\PSoC5/PWM_H_BRIDGE_PM.c ****             /* Component is disabled */
 147:Generated_Source\PSoC5/PWM_H_BRIDGE_PM.c ****             PWM_H_BRIDGE_backup.PWMEnableState = 0u;
 157              		.loc 1 147 0
 158 0018 054B     		ldr	r3, .L10+4
 159 001a 0022     		movs	r2, #0
 160 001c 1A70     		strb	r2, [r3]
 161              	.L9:
 148:Generated_Source\PSoC5/PWM_H_BRIDGE_PM.c ****         }
 149:Generated_Source\PSoC5/PWM_H_BRIDGE_PM.c ****     #endif /* (PWM_H_BRIDGE_UseControl) */
 150:Generated_Source\PSoC5/PWM_H_BRIDGE_PM.c **** 
 151:Generated_Source\PSoC5/PWM_H_BRIDGE_PM.c ****     /* Stop component */
 152:Generated_Source\PSoC5/PWM_H_BRIDGE_PM.c ****     PWM_H_BRIDGE_Stop();
 162              		.loc 1 152 0
 163 001e FFF7FEFF 		bl	PWM_H_BRIDGE_Stop
 153:Generated_Source\PSoC5/PWM_H_BRIDGE_PM.c **** 
 154:Generated_Source\PSoC5/PWM_H_BRIDGE_PM.c ****     /* Save registers configuration */
 155:Generated_Source\PSoC5/PWM_H_BRIDGE_PM.c ****     PWM_H_BRIDGE_SaveConfig();
 164              		.loc 1 155 0
 165 0022 FFF7FEFF 		bl	PWM_H_BRIDGE_SaveConfig
 156:Generated_Source\PSoC5/PWM_H_BRIDGE_PM.c **** }
 166              		.loc 1 156 0
 167 0026 00BF     		nop
 168 0028 80BD     		pop	{r7, pc}
 169              	.L11:
 170 002a 00BF     		.align	2
 171              	.L10:
 172 002c 7A650040 		.word	1073767802
 173 0030 00000000 		.word	PWM_H_BRIDGE_backup
 174              		.cfi_endproc
 175              	.LFE2:
 176              		.size	PWM_H_BRIDGE_Sleep, .-PWM_H_BRIDGE_Sleep
 177              		.section	.text.PWM_H_BRIDGE_Wakeup,"ax",%progbits
 178              		.align	2
 179              		.global	PWM_H_BRIDGE_Wakeup
 180              		.thumb
 181              		.thumb_func
 182              		.type	PWM_H_BRIDGE_Wakeup, %function
 183              	PWM_H_BRIDGE_Wakeup:
 184              	.LFB3:
 157:Generated_Source\PSoC5/PWM_H_BRIDGE_PM.c **** 
ARM GAS  C:\Users\Krist\AppData\Local\Temp\ccQuW0v9.s 			page 7


 158:Generated_Source\PSoC5/PWM_H_BRIDGE_PM.c **** 
 159:Generated_Source\PSoC5/PWM_H_BRIDGE_PM.c **** /*******************************************************************************
 160:Generated_Source\PSoC5/PWM_H_BRIDGE_PM.c **** * Function Name: PWM_H_BRIDGE_Wakeup
 161:Generated_Source\PSoC5/PWM_H_BRIDGE_PM.c **** ********************************************************************************
 162:Generated_Source\PSoC5/PWM_H_BRIDGE_PM.c **** *
 163:Generated_Source\PSoC5/PWM_H_BRIDGE_PM.c **** * Summary:
 164:Generated_Source\PSoC5/PWM_H_BRIDGE_PM.c **** *  Restores and enables the user configuration. Should be called just after
 165:Generated_Source\PSoC5/PWM_H_BRIDGE_PM.c **** *  awaking from sleep.
 166:Generated_Source\PSoC5/PWM_H_BRIDGE_PM.c **** *
 167:Generated_Source\PSoC5/PWM_H_BRIDGE_PM.c **** * Parameters:
 168:Generated_Source\PSoC5/PWM_H_BRIDGE_PM.c **** *  None
 169:Generated_Source\PSoC5/PWM_H_BRIDGE_PM.c **** *
 170:Generated_Source\PSoC5/PWM_H_BRIDGE_PM.c **** * Return:
 171:Generated_Source\PSoC5/PWM_H_BRIDGE_PM.c **** *  None
 172:Generated_Source\PSoC5/PWM_H_BRIDGE_PM.c **** *
 173:Generated_Source\PSoC5/PWM_H_BRIDGE_PM.c **** * Global variables:
 174:Generated_Source\PSoC5/PWM_H_BRIDGE_PM.c **** *  PWM_H_BRIDGE_backup.pwmEnable:  Is used to restore the enable state of
 175:Generated_Source\PSoC5/PWM_H_BRIDGE_PM.c **** *  block on wakeup from sleep mode.
 176:Generated_Source\PSoC5/PWM_H_BRIDGE_PM.c **** *
 177:Generated_Source\PSoC5/PWM_H_BRIDGE_PM.c **** *******************************************************************************/
 178:Generated_Source\PSoC5/PWM_H_BRIDGE_PM.c **** void PWM_H_BRIDGE_Wakeup(void) 
 179:Generated_Source\PSoC5/PWM_H_BRIDGE_PM.c **** {
 185              		.loc 1 179 0
 186              		.cfi_startproc
 187              		@ args = 0, pretend = 0, frame = 0
 188              		@ frame_needed = 1, uses_anonymous_args = 0
 189 0000 80B5     		push	{r7, lr}
 190              		.cfi_def_cfa_offset 8
 191              		.cfi_offset 7, -8
 192              		.cfi_offset 14, -4
 193 0002 00AF     		add	r7, sp, #0
 194              		.cfi_def_cfa_register 7
 180:Generated_Source\PSoC5/PWM_H_BRIDGE_PM.c ****      /* Restore registers values */
 181:Generated_Source\PSoC5/PWM_H_BRIDGE_PM.c ****     PWM_H_BRIDGE_RestoreConfig();
 195              		.loc 1 181 0
 196 0004 FFF7FEFF 		bl	PWM_H_BRIDGE_RestoreConfig
 182:Generated_Source\PSoC5/PWM_H_BRIDGE_PM.c **** 
 183:Generated_Source\PSoC5/PWM_H_BRIDGE_PM.c ****     if(PWM_H_BRIDGE_backup.PWMEnableState != 0u)
 197              		.loc 1 183 0
 198 0008 034B     		ldr	r3, .L15
 199 000a 1B78     		ldrb	r3, [r3]	@ zero_extendqisi2
 200 000c 002B     		cmp	r3, #0
 201 000e 01D0     		beq	.L14
 184:Generated_Source\PSoC5/PWM_H_BRIDGE_PM.c ****     {
 185:Generated_Source\PSoC5/PWM_H_BRIDGE_PM.c ****         /* Enable component's operation */
 186:Generated_Source\PSoC5/PWM_H_BRIDGE_PM.c ****         PWM_H_BRIDGE_Enable();
 202              		.loc 1 186 0
 203 0010 FFF7FEFF 		bl	PWM_H_BRIDGE_Enable
 204              	.L14:
 187:Generated_Source\PSoC5/PWM_H_BRIDGE_PM.c ****     } /* Do nothing if component's block was disabled before */
 188:Generated_Source\PSoC5/PWM_H_BRIDGE_PM.c **** 
 189:Generated_Source\PSoC5/PWM_H_BRIDGE_PM.c **** }
 205              		.loc 1 189 0
 206 0014 00BF     		nop
 207 0016 80BD     		pop	{r7, pc}
 208              	.L16:
 209              		.align	2
ARM GAS  C:\Users\Krist\AppData\Local\Temp\ccQuW0v9.s 			page 8


 210              	.L15:
 211 0018 00000000 		.word	PWM_H_BRIDGE_backup
 212              		.cfi_endproc
 213              	.LFE3:
 214              		.size	PWM_H_BRIDGE_Wakeup, .-PWM_H_BRIDGE_Wakeup
 215              		.text
 216              	.Letext0:
 217              		.file 2 "Generated_Source\\PSoC5\\cytypes.h"
 218              		.file 3 "Generated_Source\\PSoC5\\PWM_H_BRIDGE.h"
 219              		.section	.debug_info,"",%progbits
 220              	.Ldebug_info0:
 221 0000 4D010000 		.4byte	0x14d
 222 0004 0400     		.2byte	0x4
 223 0006 00000000 		.4byte	.Ldebug_abbrev0
 224 000a 04       		.byte	0x4
 225 000b 01       		.uleb128 0x1
 226 000c 09020000 		.4byte	.LASF26
 227 0010 0C       		.byte	0xc
 228 0011 CD010000 		.4byte	.LASF27
 229 0015 00000000 		.4byte	.LASF28
 230 0019 00000000 		.4byte	.Ldebug_ranges0+0
 231 001d 00000000 		.4byte	0
 232 0021 00000000 		.4byte	.Ldebug_line0
 233 0025 02       		.uleb128 0x2
 234 0026 01       		.byte	0x1
 235 0027 06       		.byte	0x6
 236 0028 AD010000 		.4byte	.LASF0
 237 002c 02       		.uleb128 0x2
 238 002d 01       		.byte	0x1
 239 002e 08       		.byte	0x8
 240 002f A1000000 		.4byte	.LASF1
 241 0033 02       		.uleb128 0x2
 242 0034 02       		.byte	0x2
 243 0035 05       		.byte	0x5
 244 0036 8E010000 		.4byte	.LASF2
 245 003a 02       		.uleb128 0x2
 246 003b 02       		.byte	0x2
 247 003c 07       		.byte	0x7
 248 003d 6D000000 		.4byte	.LASF3
 249 0041 02       		.uleb128 0x2
 250 0042 04       		.byte	0x4
 251 0043 05       		.byte	0x5
 252 0044 98010000 		.4byte	.LASF4
 253 0048 02       		.uleb128 0x2
 254 0049 04       		.byte	0x4
 255 004a 07       		.byte	0x7
 256 004b BE000000 		.4byte	.LASF5
 257 004f 02       		.uleb128 0x2
 258 0050 08       		.byte	0x8
 259 0051 05       		.byte	0x5
 260 0052 61010000 		.4byte	.LASF6
 261 0056 02       		.uleb128 0x2
 262 0057 08       		.byte	0x8
 263 0058 07       		.byte	0x7
 264 0059 11010000 		.4byte	.LASF7
 265 005d 03       		.uleb128 0x3
 266 005e 04       		.byte	0x4
ARM GAS  C:\Users\Krist\AppData\Local\Temp\ccQuW0v9.s 			page 9


 267 005f 05       		.byte	0x5
 268 0060 696E7400 		.ascii	"int\000"
 269 0064 02       		.uleb128 0x2
 270 0065 04       		.byte	0x4
 271 0066 07       		.byte	0x7
 272 0067 04010000 		.4byte	.LASF8
 273 006b 04       		.uleb128 0x4
 274 006c D0000000 		.4byte	.LASF12
 275 0070 02       		.byte	0x2
 276 0071 9201     		.2byte	0x192
 277 0073 2C000000 		.4byte	0x2c
 278 0077 02       		.uleb128 0x2
 279 0078 04       		.byte	0x4
 280 0079 04       		.byte	0x4
 281 007a 9B000000 		.4byte	.LASF9
 282 007e 02       		.uleb128 0x2
 283 007f 08       		.byte	0x8
 284 0080 04       		.byte	0x4
 285 0081 FD000000 		.4byte	.LASF10
 286 0085 02       		.uleb128 0x2
 287 0086 01       		.byte	0x1
 288 0087 08       		.byte	0x8
 289 0088 6F010000 		.4byte	.LASF11
 290 008c 04       		.uleb128 0x4
 291 008d 40010000 		.4byte	.LASF13
 292 0091 02       		.byte	0x2
 293 0092 3C02     		.2byte	0x23c
 294 0094 98000000 		.4byte	0x98
 295 0098 05       		.uleb128 0x5
 296 0099 6B000000 		.4byte	0x6b
 297 009d 02       		.uleb128 0x2
 298 009e 08       		.byte	0x8
 299 009f 04       		.byte	0x4
 300 00a0 A1010000 		.4byte	.LASF14
 301 00a4 02       		.uleb128 0x2
 302 00a5 04       		.byte	0x4
 303 00a6 07       		.byte	0x7
 304 00a7 45010000 		.4byte	.LASF15
 305 00ab 06       		.uleb128 0x6
 306 00ac 05       		.byte	0x5
 307 00ad 03       		.byte	0x3
 308 00ae 6B       		.byte	0x6b
 309 00af F0000000 		.4byte	0xf0
 310 00b3 07       		.uleb128 0x7
 311 00b4 AF000000 		.4byte	.LASF16
 312 00b8 03       		.byte	0x3
 313 00b9 6E       		.byte	0x6e
 314 00ba 6B000000 		.4byte	0x6b
 315 00be 00       		.byte	0
 316 00bf 07       		.uleb128 0x7
 317 00c0 5C000000 		.4byte	.LASF17
 318 00c4 03       		.byte	0x3
 319 00c5 71       		.byte	0x71
 320 00c6 6B000000 		.4byte	0x6b
 321 00ca 01       		.byte	0x1
 322 00cb 07       		.uleb128 0x7
 323 00cc 63000000 		.4byte	.LASF18
ARM GAS  C:\Users\Krist\AppData\Local\Temp\ccQuW0v9.s 			page 10


 324 00d0 03       		.byte	0x3
 325 00d1 73       		.byte	0x73
 326 00d2 6B000000 		.4byte	0x6b
 327 00d6 02       		.byte	0x2
 328 00d7 07       		.uleb128 0x7
 329 00d8 F6010000 		.4byte	.LASF19
 330 00dc 03       		.byte	0x3
 331 00dd 76       		.byte	0x76
 332 00de 6B000000 		.4byte	0x6b
 333 00e2 03       		.byte	0x3
 334 00e3 07       		.uleb128 0x7
 335 00e4 D6000000 		.4byte	.LASF20
 336 00e8 03       		.byte	0x3
 337 00e9 86       		.byte	0x86
 338 00ea 6B000000 		.4byte	0x6b
 339 00ee 04       		.byte	0x4
 340 00ef 00       		.byte	0
 341 00f0 08       		.uleb128 0x8
 342 00f1 74010000 		.4byte	.LASF21
 343 00f5 03       		.byte	0x3
 344 00f6 8B       		.byte	0x8b
 345 00f7 AB000000 		.4byte	0xab
 346 00fb 09       		.uleb128 0x9
 347 00fc 28010000 		.4byte	.LASF22
 348 0100 01       		.byte	0x1
 349 0101 2A       		.byte	0x2a
 350 0102 00000000 		.4byte	.LFB0
 351 0106 40000000 		.4byte	.LFE0-.LFB0
 352 010a 01       		.uleb128 0x1
 353 010b 9C       		.byte	0x9c
 354 010c 09       		.uleb128 0x9
 355 010d 80000000 		.4byte	.LASF23
 356 0111 01       		.byte	0x1
 357 0112 58       		.byte	0x58
 358 0113 00000000 		.4byte	.LFB1
 359 0117 38000000 		.4byte	.LFE1-.LFB1
 360 011b 01       		.uleb128 0x1
 361 011c 9C       		.byte	0x9c
 362 011d 09       		.uleb128 0x9
 363 011e 4E010000 		.4byte	.LASF24
 364 0122 01       		.byte	0x1
 365 0123 88       		.byte	0x88
 366 0124 00000000 		.4byte	.LFB2
 367 0128 34000000 		.4byte	.LFE2-.LFB2
 368 012c 01       		.uleb128 0x1
 369 012d 9C       		.byte	0x9c
 370 012e 09       		.uleb128 0x9
 371 012f B9010000 		.4byte	.LASF25
 372 0133 01       		.byte	0x1
 373 0134 B2       		.byte	0xb2
 374 0135 00000000 		.4byte	.LFB3
 375 0139 1C000000 		.4byte	.LFE3-.LFB3
 376 013d 01       		.uleb128 0x1
 377 013e 9C       		.byte	0x9c
 378 013f 0A       		.uleb128 0xa
 379 0140 E9000000 		.4byte	.LASF29
 380 0144 01       		.byte	0x1
ARM GAS  C:\Users\Krist\AppData\Local\Temp\ccQuW0v9.s 			page 11


 381 0145 14       		.byte	0x14
 382 0146 F0000000 		.4byte	0xf0
 383 014a 05       		.uleb128 0x5
 384 014b 03       		.byte	0x3
 385 014c 00000000 		.4byte	PWM_H_BRIDGE_backup
 386 0150 00       		.byte	0
 387              		.section	.debug_abbrev,"",%progbits
 388              	.Ldebug_abbrev0:
 389 0000 01       		.uleb128 0x1
 390 0001 11       		.uleb128 0x11
 391 0002 01       		.byte	0x1
 392 0003 25       		.uleb128 0x25
 393 0004 0E       		.uleb128 0xe
 394 0005 13       		.uleb128 0x13
 395 0006 0B       		.uleb128 0xb
 396 0007 03       		.uleb128 0x3
 397 0008 0E       		.uleb128 0xe
 398 0009 1B       		.uleb128 0x1b
 399 000a 0E       		.uleb128 0xe
 400 000b 55       		.uleb128 0x55
 401 000c 17       		.uleb128 0x17
 402 000d 11       		.uleb128 0x11
 403 000e 01       		.uleb128 0x1
 404 000f 10       		.uleb128 0x10
 405 0010 17       		.uleb128 0x17
 406 0011 00       		.byte	0
 407 0012 00       		.byte	0
 408 0013 02       		.uleb128 0x2
 409 0014 24       		.uleb128 0x24
 410 0015 00       		.byte	0
 411 0016 0B       		.uleb128 0xb
 412 0017 0B       		.uleb128 0xb
 413 0018 3E       		.uleb128 0x3e
 414 0019 0B       		.uleb128 0xb
 415 001a 03       		.uleb128 0x3
 416 001b 0E       		.uleb128 0xe
 417 001c 00       		.byte	0
 418 001d 00       		.byte	0
 419 001e 03       		.uleb128 0x3
 420 001f 24       		.uleb128 0x24
 421 0020 00       		.byte	0
 422 0021 0B       		.uleb128 0xb
 423 0022 0B       		.uleb128 0xb
 424 0023 3E       		.uleb128 0x3e
 425 0024 0B       		.uleb128 0xb
 426 0025 03       		.uleb128 0x3
 427 0026 08       		.uleb128 0x8
 428 0027 00       		.byte	0
 429 0028 00       		.byte	0
 430 0029 04       		.uleb128 0x4
 431 002a 16       		.uleb128 0x16
 432 002b 00       		.byte	0
 433 002c 03       		.uleb128 0x3
 434 002d 0E       		.uleb128 0xe
 435 002e 3A       		.uleb128 0x3a
 436 002f 0B       		.uleb128 0xb
 437 0030 3B       		.uleb128 0x3b
ARM GAS  C:\Users\Krist\AppData\Local\Temp\ccQuW0v9.s 			page 12


 438 0031 05       		.uleb128 0x5
 439 0032 49       		.uleb128 0x49
 440 0033 13       		.uleb128 0x13
 441 0034 00       		.byte	0
 442 0035 00       		.byte	0
 443 0036 05       		.uleb128 0x5
 444 0037 35       		.uleb128 0x35
 445 0038 00       		.byte	0
 446 0039 49       		.uleb128 0x49
 447 003a 13       		.uleb128 0x13
 448 003b 00       		.byte	0
 449 003c 00       		.byte	0
 450 003d 06       		.uleb128 0x6
 451 003e 13       		.uleb128 0x13
 452 003f 01       		.byte	0x1
 453 0040 0B       		.uleb128 0xb
 454 0041 0B       		.uleb128 0xb
 455 0042 3A       		.uleb128 0x3a
 456 0043 0B       		.uleb128 0xb
 457 0044 3B       		.uleb128 0x3b
 458 0045 0B       		.uleb128 0xb
 459 0046 01       		.uleb128 0x1
 460 0047 13       		.uleb128 0x13
 461 0048 00       		.byte	0
 462 0049 00       		.byte	0
 463 004a 07       		.uleb128 0x7
 464 004b 0D       		.uleb128 0xd
 465 004c 00       		.byte	0
 466 004d 03       		.uleb128 0x3
 467 004e 0E       		.uleb128 0xe
 468 004f 3A       		.uleb128 0x3a
 469 0050 0B       		.uleb128 0xb
 470 0051 3B       		.uleb128 0x3b
 471 0052 0B       		.uleb128 0xb
 472 0053 49       		.uleb128 0x49
 473 0054 13       		.uleb128 0x13
 474 0055 38       		.uleb128 0x38
 475 0056 0B       		.uleb128 0xb
 476 0057 00       		.byte	0
 477 0058 00       		.byte	0
 478 0059 08       		.uleb128 0x8
 479 005a 16       		.uleb128 0x16
 480 005b 00       		.byte	0
 481 005c 03       		.uleb128 0x3
 482 005d 0E       		.uleb128 0xe
 483 005e 3A       		.uleb128 0x3a
 484 005f 0B       		.uleb128 0xb
 485 0060 3B       		.uleb128 0x3b
 486 0061 0B       		.uleb128 0xb
 487 0062 49       		.uleb128 0x49
 488 0063 13       		.uleb128 0x13
 489 0064 00       		.byte	0
 490 0065 00       		.byte	0
 491 0066 09       		.uleb128 0x9
 492 0067 2E       		.uleb128 0x2e
 493 0068 00       		.byte	0
 494 0069 3F       		.uleb128 0x3f
ARM GAS  C:\Users\Krist\AppData\Local\Temp\ccQuW0v9.s 			page 13


 495 006a 19       		.uleb128 0x19
 496 006b 03       		.uleb128 0x3
 497 006c 0E       		.uleb128 0xe
 498 006d 3A       		.uleb128 0x3a
 499 006e 0B       		.uleb128 0xb
 500 006f 3B       		.uleb128 0x3b
 501 0070 0B       		.uleb128 0xb
 502 0071 27       		.uleb128 0x27
 503 0072 19       		.uleb128 0x19
 504 0073 11       		.uleb128 0x11
 505 0074 01       		.uleb128 0x1
 506 0075 12       		.uleb128 0x12
 507 0076 06       		.uleb128 0x6
 508 0077 40       		.uleb128 0x40
 509 0078 18       		.uleb128 0x18
 510 0079 9642     		.uleb128 0x2116
 511 007b 19       		.uleb128 0x19
 512 007c 00       		.byte	0
 513 007d 00       		.byte	0
 514 007e 0A       		.uleb128 0xa
 515 007f 34       		.uleb128 0x34
 516 0080 00       		.byte	0
 517 0081 03       		.uleb128 0x3
 518 0082 0E       		.uleb128 0xe
 519 0083 3A       		.uleb128 0x3a
 520 0084 0B       		.uleb128 0xb
 521 0085 3B       		.uleb128 0x3b
 522 0086 0B       		.uleb128 0xb
 523 0087 49       		.uleb128 0x49
 524 0088 13       		.uleb128 0x13
 525 0089 02       		.uleb128 0x2
 526 008a 18       		.uleb128 0x18
 527 008b 00       		.byte	0
 528 008c 00       		.byte	0
 529 008d 00       		.byte	0
 530              		.section	.debug_aranges,"",%progbits
 531 0000 34000000 		.4byte	0x34
 532 0004 0200     		.2byte	0x2
 533 0006 00000000 		.4byte	.Ldebug_info0
 534 000a 04       		.byte	0x4
 535 000b 00       		.byte	0
 536 000c 0000     		.2byte	0
 537 000e 0000     		.2byte	0
 538 0010 00000000 		.4byte	.LFB0
 539 0014 40000000 		.4byte	.LFE0-.LFB0
 540 0018 00000000 		.4byte	.LFB1
 541 001c 38000000 		.4byte	.LFE1-.LFB1
 542 0020 00000000 		.4byte	.LFB2
 543 0024 34000000 		.4byte	.LFE2-.LFB2
 544 0028 00000000 		.4byte	.LFB3
 545 002c 1C000000 		.4byte	.LFE3-.LFB3
 546 0030 00000000 		.4byte	0
 547 0034 00000000 		.4byte	0
 548              		.section	.debug_ranges,"",%progbits
 549              	.Ldebug_ranges0:
 550 0000 00000000 		.4byte	.LFB0
 551 0004 40000000 		.4byte	.LFE0
ARM GAS  C:\Users\Krist\AppData\Local\Temp\ccQuW0v9.s 			page 14


 552 0008 00000000 		.4byte	.LFB1
 553 000c 38000000 		.4byte	.LFE1
 554 0010 00000000 		.4byte	.LFB2
 555 0014 34000000 		.4byte	.LFE2
 556 0018 00000000 		.4byte	.LFB3
 557 001c 1C000000 		.4byte	.LFE3
 558 0020 00000000 		.4byte	0
 559 0024 00000000 		.4byte	0
 560              		.section	.debug_line,"",%progbits
 561              	.Ldebug_line0:
 562 0000 BB000000 		.section	.debug_str,"MS",%progbits,1
 562      02005E00 
 562      00000201 
 562      FB0E0D00 
 562      01010101 
 563              	.LASF28:
 564 0000 433A5C55 		.ascii	"C:\\Users\\Krist\\OneDrive\\Dokumenter\\GitHub\\pla"
 564      73657273 
 564      5C4B7269 
 564      73745C4F 
 564      6E654472 
 565 002d 746F6F6E 		.ascii	"tooning\\PSoC\\Platooning\\AngleMeasurement.cydsn\000"
 565      696E675C 
 565      50536F43 
 565      5C506C61 
 565      746F6F6E 
 566              	.LASF17:
 567 005c 50574D55 		.ascii	"PWMUdb\000"
 567      646200
 568              	.LASF18:
 569 0063 50574D50 		.ascii	"PWMPeriod\000"
 569      6572696F 
 569      6400
 570              	.LASF3:
 571 006d 73686F72 		.ascii	"short unsigned int\000"
 571      7420756E 
 571      7369676E 
 571      65642069 
 571      6E7400
 572              	.LASF23:
 573 0080 50574D5F 		.ascii	"PWM_H_BRIDGE_RestoreConfig\000"
 573      485F4252 
 573      49444745 
 573      5F526573 
 573      746F7265 
 574              	.LASF9:
 575 009b 666C6F61 		.ascii	"float\000"
 575      7400
 576              	.LASF1:
 577 00a1 756E7369 		.ascii	"unsigned char\000"
 577      676E6564 
 577      20636861 
 577      7200
 578              	.LASF16:
 579 00af 50574D45 		.ascii	"PWMEnableState\000"
 579      6E61626C 
 579      65537461 
ARM GAS  C:\Users\Krist\AppData\Local\Temp\ccQuW0v9.s 			page 15


 579      746500
 580              	.LASF5:
 581 00be 6C6F6E67 		.ascii	"long unsigned int\000"
 581      20756E73 
 581      69676E65 
 581      6420696E 
 581      7400
 582              	.LASF12:
 583 00d0 75696E74 		.ascii	"uint8\000"
 583      3800
 584              	.LASF20:
 585 00d6 50574D43 		.ascii	"PWMControlRegister\000"
 585      6F6E7472 
 585      6F6C5265 
 585      67697374 
 585      657200
 586              	.LASF29:
 587 00e9 50574D5F 		.ascii	"PWM_H_BRIDGE_backup\000"
 587      485F4252 
 587      49444745 
 587      5F626163 
 587      6B757000 
 588              	.LASF10:
 589 00fd 646F7562 		.ascii	"double\000"
 589      6C6500
 590              	.LASF8:
 591 0104 756E7369 		.ascii	"unsigned int\000"
 591      676E6564 
 591      20696E74 
 591      00
 592              	.LASF7:
 593 0111 6C6F6E67 		.ascii	"long long unsigned int\000"
 593      206C6F6E 
 593      6720756E 
 593      7369676E 
 593      65642069 
 594              	.LASF22:
 595 0128 50574D5F 		.ascii	"PWM_H_BRIDGE_SaveConfig\000"
 595      485F4252 
 595      49444745 
 595      5F536176 
 595      65436F6E 
 596              	.LASF13:
 597 0140 72656738 		.ascii	"reg8\000"
 597      00
 598              	.LASF15:
 599 0145 73697A65 		.ascii	"sizetype\000"
 599      74797065 
 599      00
 600              	.LASF24:
 601 014e 50574D5F 		.ascii	"PWM_H_BRIDGE_Sleep\000"
 601      485F4252 
 601      49444745 
 601      5F536C65 
 601      657000
 602              	.LASF6:
 603 0161 6C6F6E67 		.ascii	"long long int\000"
ARM GAS  C:\Users\Krist\AppData\Local\Temp\ccQuW0v9.s 			page 16


 603      206C6F6E 
 603      6720696E 
 603      7400
 604              	.LASF11:
 605 016f 63686172 		.ascii	"char\000"
 605      00
 606              	.LASF21:
 607 0174 50574D5F 		.ascii	"PWM_H_BRIDGE_backupStruct\000"
 607      485F4252 
 607      49444745 
 607      5F626163 
 607      6B757053 
 608              	.LASF2:
 609 018e 73686F72 		.ascii	"short int\000"
 609      7420696E 
 609      7400
 610              	.LASF4:
 611 0198 6C6F6E67 		.ascii	"long int\000"
 611      20696E74 
 611      00
 612              	.LASF14:
 613 01a1 6C6F6E67 		.ascii	"long double\000"
 613      20646F75 
 613      626C6500 
 614              	.LASF0:
 615 01ad 7369676E 		.ascii	"signed char\000"
 615      65642063 
 615      68617200 
 616              	.LASF25:
 617 01b9 50574D5F 		.ascii	"PWM_H_BRIDGE_Wakeup\000"
 617      485F4252 
 617      49444745 
 617      5F57616B 
 617      65757000 
 618              	.LASF27:
 619 01cd 47656E65 		.ascii	"Generated_Source\\PSoC5\\PWM_H_BRIDGE_PM.c\000"
 619      72617465 
 619      645F536F 
 619      75726365 
 619      5C50536F 
 620              	.LASF19:
 621 01f6 496E7465 		.ascii	"InterruptMaskValue\000"
 621      72727570 
 621      744D6173 
 621      6B56616C 
 621      756500
 622              	.LASF26:
 623 0209 474E5520 		.ascii	"GNU C11 5.4.1 20160609 (release) [ARM/embedded-5-br"
 623      43313120 
 623      352E342E 
 623      31203230 
 623      31363036 
 624 023c 616E6368 		.ascii	"anch revision 237715] -mcpu=cortex-m3 -mthumb -g -O"
 624      20726576 
 624      6973696F 
 624      6E203233 
 624      37373135 
ARM GAS  C:\Users\Krist\AppData\Local\Temp\ccQuW0v9.s 			page 17


 625 026f 30202D66 		.ascii	"0 -ffunction-sections -ffat-lto-objects\000"
 625      66756E63 
 625      74696F6E 
 625      2D736563 
 625      74696F6E 
 626              		.ident	"GCC: (GNU Tools for ARM Embedded Processors) 5.4.1 20160609 (release) [ARM/embedded-5-bran
