ARM GAS  C:\Users\mikke\AppData\Local\Temp\ccFNxbRT.s 			page 1


   1              		.syntax unified
   2              		.cpu cortex-m3
   3              		.fpu softvfp
   4              		.eabi_attribute 20, 1
   5              		.eabi_attribute 21, 1
   6              		.eabi_attribute 23, 3
   7              		.eabi_attribute 24, 1
   8              		.eabi_attribute 25, 1
   9              		.eabi_attribute 26, 1
  10              		.eabi_attribute 30, 6
  11              		.eabi_attribute 34, 1
  12              		.eabi_attribute 18, 4
  13              		.thumb
  14              		.syntax unified
  15              		.file	"SCLK.c"
  16              		.text
  17              	.Ltext0:
  18              		.cfi_sections	.debug_frame
  19              		.section	.text.SCLK_Write,"ax",%progbits
  20              		.align	2
  21              		.global	SCLK_Write
  22              		.thumb
  23              		.thumb_func
  24              		.type	SCLK_Write, %function
  25              	SCLK_Write:
  26              	.LFB0:
  27              		.file 1 "Generated_Source\\PSoC5\\SCLK.c"
   1:Generated_Source\PSoC5/SCLK.c **** /*******************************************************************************
   2:Generated_Source\PSoC5/SCLK.c **** * File Name: SCLK.c  
   3:Generated_Source\PSoC5/SCLK.c **** * Version 2.20
   4:Generated_Source\PSoC5/SCLK.c **** *
   5:Generated_Source\PSoC5/SCLK.c **** * Description:
   6:Generated_Source\PSoC5/SCLK.c **** *  This file contains API to enable firmware control of a Pins component.
   7:Generated_Source\PSoC5/SCLK.c **** *
   8:Generated_Source\PSoC5/SCLK.c **** * Note:
   9:Generated_Source\PSoC5/SCLK.c **** *
  10:Generated_Source\PSoC5/SCLK.c **** ********************************************************************************
  11:Generated_Source\PSoC5/SCLK.c **** * Copyright 2008-2015, Cypress Semiconductor Corporation.  All rights reserved.
  12:Generated_Source\PSoC5/SCLK.c **** * You may use this file only in accordance with the license, terms, conditions, 
  13:Generated_Source\PSoC5/SCLK.c **** * disclaimers, and limitations in the end user license agreement accompanying 
  14:Generated_Source\PSoC5/SCLK.c **** * the software package with which this file was provided.
  15:Generated_Source\PSoC5/SCLK.c **** *******************************************************************************/
  16:Generated_Source\PSoC5/SCLK.c **** 
  17:Generated_Source\PSoC5/SCLK.c **** #include "cytypes.h"
  18:Generated_Source\PSoC5/SCLK.c **** #include "SCLK.h"
  19:Generated_Source\PSoC5/SCLK.c **** 
  20:Generated_Source\PSoC5/SCLK.c **** /* APIs are not generated for P15[7:6] on PSoC 5 */
  21:Generated_Source\PSoC5/SCLK.c **** #if !(CY_PSOC5A &&\
  22:Generated_Source\PSoC5/SCLK.c **** 	 SCLK__PORT == 15 && ((SCLK__MASK & 0xC0) != 0))
  23:Generated_Source\PSoC5/SCLK.c **** 
  24:Generated_Source\PSoC5/SCLK.c **** 
  25:Generated_Source\PSoC5/SCLK.c **** /*******************************************************************************
  26:Generated_Source\PSoC5/SCLK.c **** * Function Name: SCLK_Write
  27:Generated_Source\PSoC5/SCLK.c **** ****************************************************************************//**
  28:Generated_Source\PSoC5/SCLK.c **** *
  29:Generated_Source\PSoC5/SCLK.c **** * \brief Writes the value to the physical port (data output register), masking
  30:Generated_Source\PSoC5/SCLK.c **** *  and shifting the bits appropriately. 
ARM GAS  C:\Users\mikke\AppData\Local\Temp\ccFNxbRT.s 			page 2


  31:Generated_Source\PSoC5/SCLK.c **** *
  32:Generated_Source\PSoC5/SCLK.c **** * The data output register controls the signal applied to the physical pin in 
  33:Generated_Source\PSoC5/SCLK.c **** * conjunction with the drive mode parameter. This function avoids changing 
  34:Generated_Source\PSoC5/SCLK.c **** * other bits in the port by using the appropriate method (read-modify-write or
  35:Generated_Source\PSoC5/SCLK.c **** * bit banding).
  36:Generated_Source\PSoC5/SCLK.c **** *
  37:Generated_Source\PSoC5/SCLK.c **** * <b>Note</b> This function should not be used on a hardware digital output pin 
  38:Generated_Source\PSoC5/SCLK.c **** * as it is driven by the hardware signal attached to it.
  39:Generated_Source\PSoC5/SCLK.c **** *
  40:Generated_Source\PSoC5/SCLK.c **** * \param value
  41:Generated_Source\PSoC5/SCLK.c **** *  Value to write to the component instance.
  42:Generated_Source\PSoC5/SCLK.c **** *
  43:Generated_Source\PSoC5/SCLK.c **** * \return 
  44:Generated_Source\PSoC5/SCLK.c **** *  None 
  45:Generated_Source\PSoC5/SCLK.c **** *
  46:Generated_Source\PSoC5/SCLK.c **** * \sideeffect
  47:Generated_Source\PSoC5/SCLK.c **** *  If you use read-modify-write operations that are not atomic; the Interrupt 
  48:Generated_Source\PSoC5/SCLK.c **** *  Service Routines (ISR) can cause corruption of this function. An ISR that 
  49:Generated_Source\PSoC5/SCLK.c **** *  interrupts this function and performs writes to the Pins component data 
  50:Generated_Source\PSoC5/SCLK.c **** *  register can cause corrupted port data. To avoid this issue, you should 
  51:Generated_Source\PSoC5/SCLK.c **** *  either use the Per-Pin APIs (primary method) or disable interrupts around 
  52:Generated_Source\PSoC5/SCLK.c **** *  this function.
  53:Generated_Source\PSoC5/SCLK.c **** *
  54:Generated_Source\PSoC5/SCLK.c **** * \funcusage
  55:Generated_Source\PSoC5/SCLK.c **** *  \snippet SCLK_SUT.c usage_SCLK_Write
  56:Generated_Source\PSoC5/SCLK.c **** *******************************************************************************/
  57:Generated_Source\PSoC5/SCLK.c **** void SCLK_Write(uint8 value)
  58:Generated_Source\PSoC5/SCLK.c **** {
  28              		.loc 1 58 0
  29              		.cfi_startproc
  30              		@ args = 0, pretend = 0, frame = 16
  31              		@ frame_needed = 1, uses_anonymous_args = 0
  32              		@ link register save eliminated.
  33 0000 80B4     		push	{r7}
  34              		.cfi_def_cfa_offset 4
  35              		.cfi_offset 7, -4
  36 0002 85B0     		sub	sp, sp, #20
  37              		.cfi_def_cfa_offset 24
  38 0004 00AF     		add	r7, sp, #0
  39              		.cfi_def_cfa_register 7
  40 0006 0346     		mov	r3, r0
  41 0008 FB71     		strb	r3, [r7, #7]
  59:Generated_Source\PSoC5/SCLK.c ****     uint8 staticBits = (SCLK_DR & (uint8)(~SCLK_MASK));
  42              		.loc 1 59 0
  43 000a 0B4B     		ldr	r3, .L2
  44 000c 1B78     		ldrb	r3, [r3]
  45 000e DBB2     		uxtb	r3, r3
  46 0010 23F01003 		bic	r3, r3, #16
  47 0014 FB73     		strb	r3, [r7, #15]
  60:Generated_Source\PSoC5/SCLK.c ****     SCLK_DR = staticBits | ((uint8)(value << SCLK_SHIFT) & SCLK_MASK);
  48              		.loc 1 60 0
  49 0016 0849     		ldr	r1, .L2
  50 0018 FB79     		ldrb	r3, [r7, #7]
  51 001a 1B01     		lsls	r3, r3, #4
  52 001c DBB2     		uxtb	r3, r3
  53 001e 03F01003 		and	r3, r3, #16
  54 0022 DAB2     		uxtb	r2, r3
ARM GAS  C:\Users\mikke\AppData\Local\Temp\ccFNxbRT.s 			page 3


  55 0024 FB7B     		ldrb	r3, [r7, #15]
  56 0026 1343     		orrs	r3, r3, r2
  57 0028 DBB2     		uxtb	r3, r3
  58 002a 0B70     		strb	r3, [r1]
  61:Generated_Source\PSoC5/SCLK.c **** }
  59              		.loc 1 61 0
  60 002c 00BF     		nop
  61 002e 1437     		adds	r7, r7, #20
  62              		.cfi_def_cfa_offset 4
  63 0030 BD46     		mov	sp, r7
  64              		.cfi_def_cfa_register 13
  65              		@ sp needed
  66 0032 80BC     		pop	{r7}
  67              		.cfi_restore 7
  68              		.cfi_def_cfa_offset 0
  69 0034 7047     		bx	lr
  70              	.L3:
  71 0036 00BF     		.align	2
  72              	.L2:
  73 0038 C0510040 		.word	1073762752
  74              		.cfi_endproc
  75              	.LFE0:
  76              		.size	SCLK_Write, .-SCLK_Write
  77              		.section	.text.SCLK_SetDriveMode,"ax",%progbits
  78              		.align	2
  79              		.global	SCLK_SetDriveMode
  80              		.thumb
  81              		.thumb_func
  82              		.type	SCLK_SetDriveMode, %function
  83              	SCLK_SetDriveMode:
  84              	.LFB1:
  62:Generated_Source\PSoC5/SCLK.c **** 
  63:Generated_Source\PSoC5/SCLK.c **** 
  64:Generated_Source\PSoC5/SCLK.c **** /*******************************************************************************
  65:Generated_Source\PSoC5/SCLK.c **** * Function Name: SCLK_SetDriveMode
  66:Generated_Source\PSoC5/SCLK.c **** ****************************************************************************//**
  67:Generated_Source\PSoC5/SCLK.c **** *
  68:Generated_Source\PSoC5/SCLK.c **** * \brief Sets the drive mode for each of the Pins component's pins.
  69:Generated_Source\PSoC5/SCLK.c **** * 
  70:Generated_Source\PSoC5/SCLK.c **** * <b>Note</b> This affects all pins in the Pins component instance. Use the
  71:Generated_Source\PSoC5/SCLK.c **** * Per-Pin APIs if you wish to control individual pin's drive modes.
  72:Generated_Source\PSoC5/SCLK.c **** *
  73:Generated_Source\PSoC5/SCLK.c **** * \param mode
  74:Generated_Source\PSoC5/SCLK.c **** *  Mode for the selected signals. Valid options are documented in 
  75:Generated_Source\PSoC5/SCLK.c **** *  \ref driveMode.
  76:Generated_Source\PSoC5/SCLK.c **** *
  77:Generated_Source\PSoC5/SCLK.c **** * \return
  78:Generated_Source\PSoC5/SCLK.c **** *  None
  79:Generated_Source\PSoC5/SCLK.c **** *
  80:Generated_Source\PSoC5/SCLK.c **** * \sideeffect
  81:Generated_Source\PSoC5/SCLK.c **** *  If you use read-modify-write operations that are not atomic, the ISR can
  82:Generated_Source\PSoC5/SCLK.c **** *  cause corruption of this function. An ISR that interrupts this function 
  83:Generated_Source\PSoC5/SCLK.c **** *  and performs writes to the Pins component Drive Mode registers can cause 
  84:Generated_Source\PSoC5/SCLK.c **** *  corrupted port data. To avoid this issue, you should either use the Per-Pin
  85:Generated_Source\PSoC5/SCLK.c **** *  APIs (primary method) or disable interrupts around this function.
  86:Generated_Source\PSoC5/SCLK.c **** *
  87:Generated_Source\PSoC5/SCLK.c **** * \funcusage
ARM GAS  C:\Users\mikke\AppData\Local\Temp\ccFNxbRT.s 			page 4


  88:Generated_Source\PSoC5/SCLK.c **** *  \snippet SCLK_SUT.c usage_SCLK_SetDriveMode
  89:Generated_Source\PSoC5/SCLK.c **** *******************************************************************************/
  90:Generated_Source\PSoC5/SCLK.c **** void SCLK_SetDriveMode(uint8 mode)
  91:Generated_Source\PSoC5/SCLK.c **** {
  85              		.loc 1 91 0
  86              		.cfi_startproc
  87              		@ args = 0, pretend = 0, frame = 8
  88              		@ frame_needed = 1, uses_anonymous_args = 0
  89              		@ link register save eliminated.
  90 0000 80B4     		push	{r7}
  91              		.cfi_def_cfa_offset 4
  92              		.cfi_offset 7, -4
  93 0002 83B0     		sub	sp, sp, #12
  94              		.cfi_def_cfa_offset 16
  95 0004 00AF     		add	r7, sp, #0
  96              		.cfi_def_cfa_register 7
  97 0006 0346     		mov	r3, r0
  98 0008 FB71     		strb	r3, [r7, #7]
  92:Generated_Source\PSoC5/SCLK.c **** 	CyPins_SetPinDriveMode(SCLK_0, mode);
  99              		.loc 1 92 0
 100 000a 0B49     		ldr	r1, .L5
 101 000c 0A4B     		ldr	r3, .L5
 102 000e 1B78     		ldrb	r3, [r3]
 103 0010 DBB2     		uxtb	r3, r3
 104 0012 5BB2     		sxtb	r3, r3
 105 0014 23F00E03 		bic	r3, r3, #14
 106 0018 5AB2     		sxtb	r2, r3
 107 001a 97F90730 		ldrsb	r3, [r7, #7]
 108 001e 03F00E03 		and	r3, r3, #14
 109 0022 5BB2     		sxtb	r3, r3
 110 0024 1343     		orrs	r3, r3, r2
 111 0026 5BB2     		sxtb	r3, r3
 112 0028 DBB2     		uxtb	r3, r3
 113 002a 0B70     		strb	r3, [r1]
  93:Generated_Source\PSoC5/SCLK.c **** }
 114              		.loc 1 93 0
 115 002c 00BF     		nop
 116 002e 0C37     		adds	r7, r7, #12
 117              		.cfi_def_cfa_offset 4
 118 0030 BD46     		mov	sp, r7
 119              		.cfi_def_cfa_register 13
 120              		@ sp needed
 121 0032 80BC     		pop	{r7}
 122              		.cfi_restore 7
 123              		.cfi_def_cfa_offset 0
 124 0034 7047     		bx	lr
 125              	.L6:
 126 0036 00BF     		.align	2
 127              	.L5:
 128 0038 64500040 		.word	1073762404
 129              		.cfi_endproc
 130              	.LFE1:
 131              		.size	SCLK_SetDriveMode, .-SCLK_SetDriveMode
 132              		.section	.text.SCLK_Read,"ax",%progbits
 133              		.align	2
 134              		.global	SCLK_Read
 135              		.thumb
ARM GAS  C:\Users\mikke\AppData\Local\Temp\ccFNxbRT.s 			page 5


 136              		.thumb_func
 137              		.type	SCLK_Read, %function
 138              	SCLK_Read:
 139              	.LFB2:
  94:Generated_Source\PSoC5/SCLK.c **** 
  95:Generated_Source\PSoC5/SCLK.c **** 
  96:Generated_Source\PSoC5/SCLK.c **** /*******************************************************************************
  97:Generated_Source\PSoC5/SCLK.c **** * Function Name: SCLK_Read
  98:Generated_Source\PSoC5/SCLK.c **** ****************************************************************************//**
  99:Generated_Source\PSoC5/SCLK.c **** *
 100:Generated_Source\PSoC5/SCLK.c **** * \brief Reads the associated physical port (pin status register) and masks 
 101:Generated_Source\PSoC5/SCLK.c **** *  the required bits according to the width and bit position of the component
 102:Generated_Source\PSoC5/SCLK.c **** *  instance. 
 103:Generated_Source\PSoC5/SCLK.c **** *
 104:Generated_Source\PSoC5/SCLK.c **** * The pin's status register returns the current logic level present on the 
 105:Generated_Source\PSoC5/SCLK.c **** * physical pin.
 106:Generated_Source\PSoC5/SCLK.c **** *
 107:Generated_Source\PSoC5/SCLK.c **** * \return 
 108:Generated_Source\PSoC5/SCLK.c **** *  The current value for the pins in the component as a right justified number.
 109:Generated_Source\PSoC5/SCLK.c **** *
 110:Generated_Source\PSoC5/SCLK.c **** * \funcusage
 111:Generated_Source\PSoC5/SCLK.c **** *  \snippet SCLK_SUT.c usage_SCLK_Read  
 112:Generated_Source\PSoC5/SCLK.c **** *******************************************************************************/
 113:Generated_Source\PSoC5/SCLK.c **** uint8 SCLK_Read(void)
 114:Generated_Source\PSoC5/SCLK.c **** {
 140              		.loc 1 114 0
 141              		.cfi_startproc
 142              		@ args = 0, pretend = 0, frame = 0
 143              		@ frame_needed = 1, uses_anonymous_args = 0
 144              		@ link register save eliminated.
 145 0000 80B4     		push	{r7}
 146              		.cfi_def_cfa_offset 4
 147              		.cfi_offset 7, -4
 148 0002 00AF     		add	r7, sp, #0
 149              		.cfi_def_cfa_register 7
 115:Generated_Source\PSoC5/SCLK.c ****     return (SCLK_PS & SCLK_MASK) >> SCLK_SHIFT;
 150              		.loc 1 115 0
 151 0004 054B     		ldr	r3, .L9
 152 0006 1B78     		ldrb	r3, [r3]
 153 0008 DBB2     		uxtb	r3, r3
 154 000a 03F01003 		and	r3, r3, #16
 155 000e 1B09     		lsrs	r3, r3, #4
 156 0010 DBB2     		uxtb	r3, r3
 116:Generated_Source\PSoC5/SCLK.c **** }
 157              		.loc 1 116 0
 158 0012 1846     		mov	r0, r3
 159 0014 BD46     		mov	sp, r7
 160              		.cfi_def_cfa_register 13
 161              		@ sp needed
 162 0016 80BC     		pop	{r7}
 163              		.cfi_restore 7
 164              		.cfi_def_cfa_offset 0
 165 0018 7047     		bx	lr
 166              	.L10:
 167 001a 00BF     		.align	2
 168              	.L9:
 169 001c C1510040 		.word	1073762753
ARM GAS  C:\Users\mikke\AppData\Local\Temp\ccFNxbRT.s 			page 6


 170              		.cfi_endproc
 171              	.LFE2:
 172              		.size	SCLK_Read, .-SCLK_Read
 173              		.section	.text.SCLK_ReadDataReg,"ax",%progbits
 174              		.align	2
 175              		.global	SCLK_ReadDataReg
 176              		.thumb
 177              		.thumb_func
 178              		.type	SCLK_ReadDataReg, %function
 179              	SCLK_ReadDataReg:
 180              	.LFB3:
 117:Generated_Source\PSoC5/SCLK.c **** 
 118:Generated_Source\PSoC5/SCLK.c **** 
 119:Generated_Source\PSoC5/SCLK.c **** /*******************************************************************************
 120:Generated_Source\PSoC5/SCLK.c **** * Function Name: SCLK_ReadDataReg
 121:Generated_Source\PSoC5/SCLK.c **** ****************************************************************************//**
 122:Generated_Source\PSoC5/SCLK.c **** *
 123:Generated_Source\PSoC5/SCLK.c **** * \brief Reads the associated physical port's data output register and masks 
 124:Generated_Source\PSoC5/SCLK.c **** *  the correct bits according to the width and bit position of the component 
 125:Generated_Source\PSoC5/SCLK.c **** *  instance. 
 126:Generated_Source\PSoC5/SCLK.c **** *
 127:Generated_Source\PSoC5/SCLK.c **** * The data output register controls the signal applied to the physical pin in 
 128:Generated_Source\PSoC5/SCLK.c **** * conjunction with the drive mode parameter. This is not the same as the 
 129:Generated_Source\PSoC5/SCLK.c **** * preferred SCLK_Read() API because the 
 130:Generated_Source\PSoC5/SCLK.c **** * SCLK_ReadDataReg() reads the data register instead of the status 
 131:Generated_Source\PSoC5/SCLK.c **** * register. For output pins this is a useful function to determine the value 
 132:Generated_Source\PSoC5/SCLK.c **** * just written to the pin.
 133:Generated_Source\PSoC5/SCLK.c **** *
 134:Generated_Source\PSoC5/SCLK.c **** * \return 
 135:Generated_Source\PSoC5/SCLK.c **** *  The current value of the data register masked and shifted into a right 
 136:Generated_Source\PSoC5/SCLK.c **** *  justified number for the component instance.
 137:Generated_Source\PSoC5/SCLK.c **** *
 138:Generated_Source\PSoC5/SCLK.c **** * \funcusage
 139:Generated_Source\PSoC5/SCLK.c **** *  \snippet SCLK_SUT.c usage_SCLK_ReadDataReg 
 140:Generated_Source\PSoC5/SCLK.c **** *******************************************************************************/
 141:Generated_Source\PSoC5/SCLK.c **** uint8 SCLK_ReadDataReg(void)
 142:Generated_Source\PSoC5/SCLK.c **** {
 181              		.loc 1 142 0
 182              		.cfi_startproc
 183              		@ args = 0, pretend = 0, frame = 0
 184              		@ frame_needed = 1, uses_anonymous_args = 0
 185              		@ link register save eliminated.
 186 0000 80B4     		push	{r7}
 187              		.cfi_def_cfa_offset 4
 188              		.cfi_offset 7, -4
 189 0002 00AF     		add	r7, sp, #0
 190              		.cfi_def_cfa_register 7
 143:Generated_Source\PSoC5/SCLK.c ****     return (SCLK_DR & SCLK_MASK) >> SCLK_SHIFT;
 191              		.loc 1 143 0
 192 0004 054B     		ldr	r3, .L13
 193 0006 1B78     		ldrb	r3, [r3]
 194 0008 DBB2     		uxtb	r3, r3
 195 000a 03F01003 		and	r3, r3, #16
 196 000e 1B09     		lsrs	r3, r3, #4
 197 0010 DBB2     		uxtb	r3, r3
 144:Generated_Source\PSoC5/SCLK.c **** }
 198              		.loc 1 144 0
ARM GAS  C:\Users\mikke\AppData\Local\Temp\ccFNxbRT.s 			page 7


 199 0012 1846     		mov	r0, r3
 200 0014 BD46     		mov	sp, r7
 201              		.cfi_def_cfa_register 13
 202              		@ sp needed
 203 0016 80BC     		pop	{r7}
 204              		.cfi_restore 7
 205              		.cfi_def_cfa_offset 0
 206 0018 7047     		bx	lr
 207              	.L14:
 208 001a 00BF     		.align	2
 209              	.L13:
 210 001c C0510040 		.word	1073762752
 211              		.cfi_endproc
 212              	.LFE3:
 213              		.size	SCLK_ReadDataReg, .-SCLK_ReadDataReg
 214              		.text
 215              	.Letext0:
 216              		.file 2 "Generated_Source\\PSoC5\\cytypes.h"
 217              		.section	.debug_info,"",%progbits
 218              	.Ldebug_info0:
 219 0000 19010000 		.4byte	0x119
 220 0004 0400     		.2byte	0x4
 221 0006 00000000 		.4byte	.Ldebug_abbrev0
 222 000a 04       		.byte	0x4
 223 000b 01       		.uleb128 0x1
 224 000c 0B000000 		.4byte	.LASF20
 225 0010 0C       		.byte	0xc
 226 0011 C3010000 		.4byte	.LASF21
 227 0015 AA000000 		.4byte	.LASF22
 228 0019 00000000 		.4byte	.Ldebug_ranges0+0
 229 001d 00000000 		.4byte	0
 230 0021 00000000 		.4byte	.Ldebug_line0
 231 0025 02       		.uleb128 0x2
 232 0026 01       		.byte	0x1
 233 0027 06       		.byte	0x6
 234 0028 EA010000 		.4byte	.LASF0
 235 002c 02       		.uleb128 0x2
 236 002d 01       		.byte	0x1
 237 002e 08       		.byte	0x8
 238 002f 26010000 		.4byte	.LASF1
 239 0033 02       		.uleb128 0x2
 240 0034 02       		.byte	0x2
 241 0035 05       		.byte	0x5
 242 0036 B3010000 		.4byte	.LASF2
 243 003a 02       		.uleb128 0x2
 244 003b 02       		.byte	0x2
 245 003c 07       		.byte	0x7
 246 003d 4B010000 		.4byte	.LASF3
 247 0041 02       		.uleb128 0x2
 248 0042 04       		.byte	0x4
 249 0043 05       		.byte	0x5
 250 0044 E1010000 		.4byte	.LASF4
 251 0048 02       		.uleb128 0x2
 252 0049 04       		.byte	0x4
 253 004a 07       		.byte	0x7
 254 004b 39010000 		.4byte	.LASF5
 255 004f 02       		.uleb128 0x2
ARM GAS  C:\Users\mikke\AppData\Local\Temp\ccFNxbRT.s 			page 8


 256 0050 08       		.byte	0x8
 257 0051 05       		.byte	0x5
 258 0052 8E010000 		.4byte	.LASF6
 259 0056 02       		.uleb128 0x2
 260 0057 08       		.byte	0x8
 261 0058 07       		.byte	0x7
 262 0059 72010000 		.4byte	.LASF7
 263 005d 03       		.uleb128 0x3
 264 005e 04       		.byte	0x4
 265 005f 05       		.byte	0x5
 266 0060 696E7400 		.ascii	"int\000"
 267 0064 02       		.uleb128 0x2
 268 0065 04       		.byte	0x4
 269 0066 07       		.byte	0x7
 270 0067 65010000 		.4byte	.LASF8
 271 006b 04       		.uleb128 0x4
 272 006c BD010000 		.4byte	.LASF12
 273 0070 02       		.byte	0x2
 274 0071 A1       		.byte	0xa1
 275 0072 2C000000 		.4byte	0x2c
 276 0076 02       		.uleb128 0x2
 277 0077 04       		.byte	0x4
 278 0078 04       		.byte	0x4
 279 0079 0F010000 		.4byte	.LASF9
 280 007d 02       		.uleb128 0x2
 281 007e 08       		.byte	0x8
 282 007f 04       		.byte	0x4
 283 0080 5E010000 		.4byte	.LASF10
 284 0084 02       		.uleb128 0x2
 285 0085 01       		.byte	0x1
 286 0086 08       		.byte	0x8
 287 0087 9C010000 		.4byte	.LASF11
 288 008b 05       		.uleb128 0x5
 289 008c 34010000 		.4byte	.LASF13
 290 0090 02       		.byte	0x2
 291 0091 4B01     		.2byte	0x14b
 292 0093 97000000 		.4byte	0x97
 293 0097 06       		.uleb128 0x6
 294 0098 6B000000 		.4byte	0x6b
 295 009c 07       		.uleb128 0x7
 296 009d 00000000 		.4byte	.LASF14
 297 00a1 01       		.byte	0x1
 298 00a2 39       		.byte	0x39
 299 00a3 00000000 		.4byte	.LFB0
 300 00a7 3C000000 		.4byte	.LFE0-.LFB0
 301 00ab 01       		.uleb128 0x1
 302 00ac 9C       		.byte	0x9c
 303 00ad CE000000 		.4byte	0xce
 304 00b1 08       		.uleb128 0x8
 305 00b2 99000000 		.4byte	.LASF16
 306 00b6 01       		.byte	0x1
 307 00b7 39       		.byte	0x39
 308 00b8 6B000000 		.4byte	0x6b
 309 00bc 02       		.uleb128 0x2
 310 00bd 91       		.byte	0x91
 311 00be 6F       		.sleb128 -17
 312 00bf 09       		.uleb128 0x9
ARM GAS  C:\Users\mikke\AppData\Local\Temp\ccFNxbRT.s 			page 9


 313 00c0 9F000000 		.4byte	.LASF23
 314 00c4 01       		.byte	0x1
 315 00c5 3B       		.byte	0x3b
 316 00c6 6B000000 		.4byte	0x6b
 317 00ca 02       		.uleb128 0x2
 318 00cb 91       		.byte	0x91
 319 00cc 77       		.sleb128 -9
 320 00cd 00       		.byte	0
 321 00ce 07       		.uleb128 0x7
 322 00cf A1010000 		.4byte	.LASF15
 323 00d3 01       		.byte	0x1
 324 00d4 5A       		.byte	0x5a
 325 00d5 00000000 		.4byte	.LFB1
 326 00d9 3C000000 		.4byte	.LFE1-.LFB1
 327 00dd 01       		.uleb128 0x1
 328 00de 9C       		.byte	0x9c
 329 00df F2000000 		.4byte	0xf2
 330 00e3 08       		.uleb128 0x8
 331 00e4 89010000 		.4byte	.LASF17
 332 00e8 01       		.byte	0x1
 333 00e9 5A       		.byte	0x5a
 334 00ea 6B000000 		.4byte	0x6b
 335 00ee 02       		.uleb128 0x2
 336 00ef 91       		.byte	0x91
 337 00f0 77       		.sleb128 -9
 338 00f1 00       		.byte	0
 339 00f2 0A       		.uleb128 0xa
 340 00f3 05010000 		.4byte	.LASF18
 341 00f7 01       		.byte	0x1
 342 00f8 71       		.byte	0x71
 343 00f9 6B000000 		.4byte	0x6b
 344 00fd 00000000 		.4byte	.LFB2
 345 0101 20000000 		.4byte	.LFE2-.LFB2
 346 0105 01       		.uleb128 0x1
 347 0106 9C       		.byte	0x9c
 348 0107 0A       		.uleb128 0xa
 349 0108 15010000 		.4byte	.LASF19
 350 010c 01       		.byte	0x1
 351 010d 8D       		.byte	0x8d
 352 010e 6B000000 		.4byte	0x6b
 353 0112 00000000 		.4byte	.LFB3
 354 0116 20000000 		.4byte	.LFE3-.LFB3
 355 011a 01       		.uleb128 0x1
 356 011b 9C       		.byte	0x9c
 357 011c 00       		.byte	0
 358              		.section	.debug_abbrev,"",%progbits
 359              	.Ldebug_abbrev0:
 360 0000 01       		.uleb128 0x1
 361 0001 11       		.uleb128 0x11
 362 0002 01       		.byte	0x1
 363 0003 25       		.uleb128 0x25
 364 0004 0E       		.uleb128 0xe
 365 0005 13       		.uleb128 0x13
 366 0006 0B       		.uleb128 0xb
 367 0007 03       		.uleb128 0x3
 368 0008 0E       		.uleb128 0xe
 369 0009 1B       		.uleb128 0x1b
ARM GAS  C:\Users\mikke\AppData\Local\Temp\ccFNxbRT.s 			page 10


 370 000a 0E       		.uleb128 0xe
 371 000b 55       		.uleb128 0x55
 372 000c 17       		.uleb128 0x17
 373 000d 11       		.uleb128 0x11
 374 000e 01       		.uleb128 0x1
 375 000f 10       		.uleb128 0x10
 376 0010 17       		.uleb128 0x17
 377 0011 00       		.byte	0
 378 0012 00       		.byte	0
 379 0013 02       		.uleb128 0x2
 380 0014 24       		.uleb128 0x24
 381 0015 00       		.byte	0
 382 0016 0B       		.uleb128 0xb
 383 0017 0B       		.uleb128 0xb
 384 0018 3E       		.uleb128 0x3e
 385 0019 0B       		.uleb128 0xb
 386 001a 03       		.uleb128 0x3
 387 001b 0E       		.uleb128 0xe
 388 001c 00       		.byte	0
 389 001d 00       		.byte	0
 390 001e 03       		.uleb128 0x3
 391 001f 24       		.uleb128 0x24
 392 0020 00       		.byte	0
 393 0021 0B       		.uleb128 0xb
 394 0022 0B       		.uleb128 0xb
 395 0023 3E       		.uleb128 0x3e
 396 0024 0B       		.uleb128 0xb
 397 0025 03       		.uleb128 0x3
 398 0026 08       		.uleb128 0x8
 399 0027 00       		.byte	0
 400 0028 00       		.byte	0
 401 0029 04       		.uleb128 0x4
 402 002a 16       		.uleb128 0x16
 403 002b 00       		.byte	0
 404 002c 03       		.uleb128 0x3
 405 002d 0E       		.uleb128 0xe
 406 002e 3A       		.uleb128 0x3a
 407 002f 0B       		.uleb128 0xb
 408 0030 3B       		.uleb128 0x3b
 409 0031 0B       		.uleb128 0xb
 410 0032 49       		.uleb128 0x49
 411 0033 13       		.uleb128 0x13
 412 0034 00       		.byte	0
 413 0035 00       		.byte	0
 414 0036 05       		.uleb128 0x5
 415 0037 16       		.uleb128 0x16
 416 0038 00       		.byte	0
 417 0039 03       		.uleb128 0x3
 418 003a 0E       		.uleb128 0xe
 419 003b 3A       		.uleb128 0x3a
 420 003c 0B       		.uleb128 0xb
 421 003d 3B       		.uleb128 0x3b
 422 003e 05       		.uleb128 0x5
 423 003f 49       		.uleb128 0x49
 424 0040 13       		.uleb128 0x13
 425 0041 00       		.byte	0
 426 0042 00       		.byte	0
ARM GAS  C:\Users\mikke\AppData\Local\Temp\ccFNxbRT.s 			page 11


 427 0043 06       		.uleb128 0x6
 428 0044 35       		.uleb128 0x35
 429 0045 00       		.byte	0
 430 0046 49       		.uleb128 0x49
 431 0047 13       		.uleb128 0x13
 432 0048 00       		.byte	0
 433 0049 00       		.byte	0
 434 004a 07       		.uleb128 0x7
 435 004b 2E       		.uleb128 0x2e
 436 004c 01       		.byte	0x1
 437 004d 3F       		.uleb128 0x3f
 438 004e 19       		.uleb128 0x19
 439 004f 03       		.uleb128 0x3
 440 0050 0E       		.uleb128 0xe
 441 0051 3A       		.uleb128 0x3a
 442 0052 0B       		.uleb128 0xb
 443 0053 3B       		.uleb128 0x3b
 444 0054 0B       		.uleb128 0xb
 445 0055 27       		.uleb128 0x27
 446 0056 19       		.uleb128 0x19
 447 0057 11       		.uleb128 0x11
 448 0058 01       		.uleb128 0x1
 449 0059 12       		.uleb128 0x12
 450 005a 06       		.uleb128 0x6
 451 005b 40       		.uleb128 0x40
 452 005c 18       		.uleb128 0x18
 453 005d 9742     		.uleb128 0x2117
 454 005f 19       		.uleb128 0x19
 455 0060 01       		.uleb128 0x1
 456 0061 13       		.uleb128 0x13
 457 0062 00       		.byte	0
 458 0063 00       		.byte	0
 459 0064 08       		.uleb128 0x8
 460 0065 05       		.uleb128 0x5
 461 0066 00       		.byte	0
 462 0067 03       		.uleb128 0x3
 463 0068 0E       		.uleb128 0xe
 464 0069 3A       		.uleb128 0x3a
 465 006a 0B       		.uleb128 0xb
 466 006b 3B       		.uleb128 0x3b
 467 006c 0B       		.uleb128 0xb
 468 006d 49       		.uleb128 0x49
 469 006e 13       		.uleb128 0x13
 470 006f 02       		.uleb128 0x2
 471 0070 18       		.uleb128 0x18
 472 0071 00       		.byte	0
 473 0072 00       		.byte	0
 474 0073 09       		.uleb128 0x9
 475 0074 34       		.uleb128 0x34
 476 0075 00       		.byte	0
 477 0076 03       		.uleb128 0x3
 478 0077 0E       		.uleb128 0xe
 479 0078 3A       		.uleb128 0x3a
 480 0079 0B       		.uleb128 0xb
 481 007a 3B       		.uleb128 0x3b
 482 007b 0B       		.uleb128 0xb
 483 007c 49       		.uleb128 0x49
ARM GAS  C:\Users\mikke\AppData\Local\Temp\ccFNxbRT.s 			page 12


 484 007d 13       		.uleb128 0x13
 485 007e 02       		.uleb128 0x2
 486 007f 18       		.uleb128 0x18
 487 0080 00       		.byte	0
 488 0081 00       		.byte	0
 489 0082 0A       		.uleb128 0xa
 490 0083 2E       		.uleb128 0x2e
 491 0084 00       		.byte	0
 492 0085 3F       		.uleb128 0x3f
 493 0086 19       		.uleb128 0x19
 494 0087 03       		.uleb128 0x3
 495 0088 0E       		.uleb128 0xe
 496 0089 3A       		.uleb128 0x3a
 497 008a 0B       		.uleb128 0xb
 498 008b 3B       		.uleb128 0x3b
 499 008c 0B       		.uleb128 0xb
 500 008d 27       		.uleb128 0x27
 501 008e 19       		.uleb128 0x19
 502 008f 49       		.uleb128 0x49
 503 0090 13       		.uleb128 0x13
 504 0091 11       		.uleb128 0x11
 505 0092 01       		.uleb128 0x1
 506 0093 12       		.uleb128 0x12
 507 0094 06       		.uleb128 0x6
 508 0095 40       		.uleb128 0x40
 509 0096 18       		.uleb128 0x18
 510 0097 9742     		.uleb128 0x2117
 511 0099 19       		.uleb128 0x19
 512 009a 00       		.byte	0
 513 009b 00       		.byte	0
 514 009c 00       		.byte	0
 515              		.section	.debug_aranges,"",%progbits
 516 0000 34000000 		.4byte	0x34
 517 0004 0200     		.2byte	0x2
 518 0006 00000000 		.4byte	.Ldebug_info0
 519 000a 04       		.byte	0x4
 520 000b 00       		.byte	0
 521 000c 0000     		.2byte	0
 522 000e 0000     		.2byte	0
 523 0010 00000000 		.4byte	.LFB0
 524 0014 3C000000 		.4byte	.LFE0-.LFB0
 525 0018 00000000 		.4byte	.LFB1
 526 001c 3C000000 		.4byte	.LFE1-.LFB1
 527 0020 00000000 		.4byte	.LFB2
 528 0024 20000000 		.4byte	.LFE2-.LFB2
 529 0028 00000000 		.4byte	.LFB3
 530 002c 20000000 		.4byte	.LFE3-.LFB3
 531 0030 00000000 		.4byte	0
 532 0034 00000000 		.4byte	0
 533              		.section	.debug_ranges,"",%progbits
 534              	.Ldebug_ranges0:
 535 0000 00000000 		.4byte	.LFB0
 536 0004 3C000000 		.4byte	.LFE0
 537 0008 00000000 		.4byte	.LFB1
 538 000c 3C000000 		.4byte	.LFE1
 539 0010 00000000 		.4byte	.LFB2
 540 0014 20000000 		.4byte	.LFE2
ARM GAS  C:\Users\mikke\AppData\Local\Temp\ccFNxbRT.s 			page 13


 541 0018 00000000 		.4byte	.LFB3
 542 001c 20000000 		.4byte	.LFE3
 543 0020 00000000 		.4byte	0
 544 0024 00000000 		.4byte	0
 545              		.section	.debug_line,"",%progbits
 546              	.Ldebug_line0:
 547 0000 90000000 		.section	.debug_str,"MS",%progbits,1
 547      02004100 
 547      00000201 
 547      FB0E0D00 
 547      01010101 
 548              	.LASF14:
 549 0000 53434C4B 		.ascii	"SCLK_Write\000"
 549      5F577269 
 549      746500
 550              	.LASF20:
 551 000b 474E5520 		.ascii	"GNU C11 5.4.1 20160609 (release) [ARM/embedded-5-br"
 551      43313120 
 551      352E342E 
 551      31203230 
 551      31363036 
 552 003e 616E6368 		.ascii	"anch revision 237715] -mcpu=cortex-m3 -mthumb -g -O"
 552      20726576 
 552      6973696F 
 552      6E203233 
 552      37373135 
 553 0071 30202D66 		.ascii	"0 -ffunction-sections -ffat-lto-objects\000"
 553      66756E63 
 553      74696F6E 
 553      2D736563 
 553      74696F6E 
 554              	.LASF16:
 555 0099 76616C75 		.ascii	"value\000"
 555      6500
 556              	.LASF23:
 557 009f 73746174 		.ascii	"staticBits\000"
 557      69634269 
 557      747300
 558              	.LASF22:
 559 00aa 433A5C55 		.ascii	"C:\\Users\\mikke\\OneDrive\\Documents\\GitHub\\plat"
 559      73657273 
 559      5C6D696B 
 559      6B655C4F 
 559      6E654472 
 560 00d7 6F6F6E69 		.ascii	"ooning\\PSoC\\Platooning\\AngleMeasurement.cydsn\000"
 560      6E675C50 
 560      536F435C 
 560      506C6174 
 560      6F6F6E69 
 561              	.LASF18:
 562 0105 53434C4B 		.ascii	"SCLK_Read\000"
 562      5F526561 
 562      6400
 563              	.LASF9:
 564 010f 666C6F61 		.ascii	"float\000"
 564      7400
 565              	.LASF19:
ARM GAS  C:\Users\mikke\AppData\Local\Temp\ccFNxbRT.s 			page 14


 566 0115 53434C4B 		.ascii	"SCLK_ReadDataReg\000"
 566      5F526561 
 566      64446174 
 566      61526567 
 566      00
 567              	.LASF1:
 568 0126 756E7369 		.ascii	"unsigned char\000"
 568      676E6564 
 568      20636861 
 568      7200
 569              	.LASF13:
 570 0134 72656738 		.ascii	"reg8\000"
 570      00
 571              	.LASF5:
 572 0139 6C6F6E67 		.ascii	"long unsigned int\000"
 572      20756E73 
 572      69676E65 
 572      6420696E 
 572      7400
 573              	.LASF3:
 574 014b 73686F72 		.ascii	"short unsigned int\000"
 574      7420756E 
 574      7369676E 
 574      65642069 
 574      6E7400
 575              	.LASF10:
 576 015e 646F7562 		.ascii	"double\000"
 576      6C6500
 577              	.LASF8:
 578 0165 756E7369 		.ascii	"unsigned int\000"
 578      676E6564 
 578      20696E74 
 578      00
 579              	.LASF7:
 580 0172 6C6F6E67 		.ascii	"long long unsigned int\000"
 580      206C6F6E 
 580      6720756E 
 580      7369676E 
 580      65642069 
 581              	.LASF17:
 582 0189 6D6F6465 		.ascii	"mode\000"
 582      00
 583              	.LASF6:
 584 018e 6C6F6E67 		.ascii	"long long int\000"
 584      206C6F6E 
 584      6720696E 
 584      7400
 585              	.LASF11:
 586 019c 63686172 		.ascii	"char\000"
 586      00
 587              	.LASF15:
 588 01a1 53434C4B 		.ascii	"SCLK_SetDriveMode\000"
 588      5F536574 
 588      44726976 
 588      654D6F64 
 588      6500
 589              	.LASF2:
ARM GAS  C:\Users\mikke\AppData\Local\Temp\ccFNxbRT.s 			page 15


 590 01b3 73686F72 		.ascii	"short int\000"
 590      7420696E 
 590      7400
 591              	.LASF12:
 592 01bd 75696E74 		.ascii	"uint8\000"
 592      3800
 593              	.LASF21:
 594 01c3 47656E65 		.ascii	"Generated_Source\\PSoC5\\SCLK.c\000"
 594      72617465 
 594      645F536F 
 594      75726365 
 594      5C50536F 
 595              	.LASF4:
 596 01e1 6C6F6E67 		.ascii	"long int\000"
 596      20696E74 
 596      00
 597              	.LASF0:
 598 01ea 7369676E 		.ascii	"signed char\000"
 598      65642063 
 598      68617200 
 599              		.ident	"GCC: (GNU Tools for ARM Embedded Processors) 5.4.1 20160609 (release) [ARM/embedded-5-bran
