ARM GAS  C:\Users\mikke\AppData\Local\Temp\ccrdJ8zj.s 			page 1


   1              		.syntax unified
   2              		.cpu cortex-m3
   3              		.fpu softvfp
   4              		.eabi_attribute 20, 1
   5              		.eabi_attribute 21, 1
   6              		.eabi_attribute 23, 3
   7              		.eabi_attribute 24, 1
   8              		.eabi_attribute 25, 1
   9              		.eabi_attribute 26, 1
  10              		.eabi_attribute 30, 6
  11              		.eabi_attribute 34, 1
  12              		.eabi_attribute 18, 4
  13              		.thumb
  14              		.syntax unified
  15              		.file	"Signal_B.c"
  16              		.text
  17              	.Ltext0:
  18              		.cfi_sections	.debug_frame
  19              		.section	.text.Signal_B_Write,"ax",%progbits
  20              		.align	2
  21              		.global	Signal_B_Write
  22              		.thumb
  23              		.thumb_func
  24              		.type	Signal_B_Write, %function
  25              	Signal_B_Write:
  26              	.LFB0:
  27              		.file 1 "Generated_Source\\PSoC5\\Signal_B.c"
   1:Generated_Source\PSoC5/Signal_B.c **** /*******************************************************************************
   2:Generated_Source\PSoC5/Signal_B.c **** * File Name: Signal_B.c  
   3:Generated_Source\PSoC5/Signal_B.c **** * Version 2.10
   4:Generated_Source\PSoC5/Signal_B.c **** *
   5:Generated_Source\PSoC5/Signal_B.c **** * Description:
   6:Generated_Source\PSoC5/Signal_B.c **** *  This file contains API to enable firmware control of a Pins component.
   7:Generated_Source\PSoC5/Signal_B.c **** *
   8:Generated_Source\PSoC5/Signal_B.c **** * Note:
   9:Generated_Source\PSoC5/Signal_B.c **** *
  10:Generated_Source\PSoC5/Signal_B.c **** ********************************************************************************
  11:Generated_Source\PSoC5/Signal_B.c **** * Copyright 2008-2014, Cypress Semiconductor Corporation.  All rights reserved.
  12:Generated_Source\PSoC5/Signal_B.c **** * You may use this file only in accordance with the license, terms, conditions, 
  13:Generated_Source\PSoC5/Signal_B.c **** * disclaimers, and limitations in the end user license agreement accompanying 
  14:Generated_Source\PSoC5/Signal_B.c **** * the software package with which this file was provided.
  15:Generated_Source\PSoC5/Signal_B.c **** *******************************************************************************/
  16:Generated_Source\PSoC5/Signal_B.c **** 
  17:Generated_Source\PSoC5/Signal_B.c **** #include "cytypes.h"
  18:Generated_Source\PSoC5/Signal_B.c **** #include "Signal_B.h"
  19:Generated_Source\PSoC5/Signal_B.c **** 
  20:Generated_Source\PSoC5/Signal_B.c **** /* APIs are not generated for P15[7:6] on PSoC 5 */
  21:Generated_Source\PSoC5/Signal_B.c **** #if !(CY_PSOC5A &&\
  22:Generated_Source\PSoC5/Signal_B.c **** 	 Signal_B__PORT == 15 && ((Signal_B__MASK & 0xC0) != 0))
  23:Generated_Source\PSoC5/Signal_B.c **** 
  24:Generated_Source\PSoC5/Signal_B.c **** 
  25:Generated_Source\PSoC5/Signal_B.c **** /*******************************************************************************
  26:Generated_Source\PSoC5/Signal_B.c **** * Function Name: Signal_B_Write
  27:Generated_Source\PSoC5/Signal_B.c **** ********************************************************************************
  28:Generated_Source\PSoC5/Signal_B.c **** *
  29:Generated_Source\PSoC5/Signal_B.c **** * Summary:
  30:Generated_Source\PSoC5/Signal_B.c **** *  Assign a new value to the digital port's data output register.  
ARM GAS  C:\Users\mikke\AppData\Local\Temp\ccrdJ8zj.s 			page 2


  31:Generated_Source\PSoC5/Signal_B.c **** *
  32:Generated_Source\PSoC5/Signal_B.c **** * Parameters:  
  33:Generated_Source\PSoC5/Signal_B.c **** *  prtValue:  The value to be assigned to the Digital Port. 
  34:Generated_Source\PSoC5/Signal_B.c **** *
  35:Generated_Source\PSoC5/Signal_B.c **** * Return: 
  36:Generated_Source\PSoC5/Signal_B.c **** *  None
  37:Generated_Source\PSoC5/Signal_B.c **** *  
  38:Generated_Source\PSoC5/Signal_B.c **** *******************************************************************************/
  39:Generated_Source\PSoC5/Signal_B.c **** void Signal_B_Write(uint8 value) 
  40:Generated_Source\PSoC5/Signal_B.c **** {
  28              		.loc 1 40 0
  29              		.cfi_startproc
  30              		@ args = 0, pretend = 0, frame = 16
  31              		@ frame_needed = 1, uses_anonymous_args = 0
  32              		@ link register save eliminated.
  33 0000 80B4     		push	{r7}
  34              		.cfi_def_cfa_offset 4
  35              		.cfi_offset 7, -4
  36 0002 85B0     		sub	sp, sp, #20
  37              		.cfi_def_cfa_offset 24
  38 0004 00AF     		add	r7, sp, #0
  39              		.cfi_def_cfa_register 7
  40 0006 0346     		mov	r3, r0
  41 0008 FB71     		strb	r3, [r7, #7]
  41:Generated_Source\PSoC5/Signal_B.c ****     uint8 staticBits = (Signal_B_DR & (uint8)(~Signal_B_MASK));
  42              		.loc 1 41 0
  43 000a 094B     		ldr	r3, .L2
  44 000c 1B78     		ldrb	r3, [r3]
  45 000e DBB2     		uxtb	r3, r3
  46 0010 03F07F03 		and	r3, r3, #127
  47 0014 FB73     		strb	r3, [r7, #15]
  42:Generated_Source\PSoC5/Signal_B.c ****     Signal_B_DR = staticBits | ((uint8)(value << Signal_B_SHIFT) & Signal_B_MASK);
  48              		.loc 1 42 0
  49 0016 0649     		ldr	r1, .L2
  50 0018 FB79     		ldrb	r3, [r7, #7]
  51 001a DB01     		lsls	r3, r3, #7
  52 001c DAB2     		uxtb	r2, r3
  53 001e FB7B     		ldrb	r3, [r7, #15]
  54 0020 1343     		orrs	r3, r3, r2
  55 0022 DBB2     		uxtb	r3, r3
  56 0024 0B70     		strb	r3, [r1]
  43:Generated_Source\PSoC5/Signal_B.c **** }
  57              		.loc 1 43 0
  58 0026 00BF     		nop
  59 0028 1437     		adds	r7, r7, #20
  60              		.cfi_def_cfa_offset 4
  61 002a BD46     		mov	sp, r7
  62              		.cfi_def_cfa_register 13
  63              		@ sp needed
  64 002c 80BC     		pop	{r7}
  65              		.cfi_restore 7
  66              		.cfi_def_cfa_offset 0
  67 002e 7047     		bx	lr
  68              	.L3:
  69              		.align	2
  70              	.L2:
  71 0030 00510040 		.word	1073762560
ARM GAS  C:\Users\mikke\AppData\Local\Temp\ccrdJ8zj.s 			page 3


  72              		.cfi_endproc
  73              	.LFE0:
  74              		.size	Signal_B_Write, .-Signal_B_Write
  75              		.section	.text.Signal_B_SetDriveMode,"ax",%progbits
  76              		.align	2
  77              		.global	Signal_B_SetDriveMode
  78              		.thumb
  79              		.thumb_func
  80              		.type	Signal_B_SetDriveMode, %function
  81              	Signal_B_SetDriveMode:
  82              	.LFB1:
  44:Generated_Source\PSoC5/Signal_B.c **** 
  45:Generated_Source\PSoC5/Signal_B.c **** 
  46:Generated_Source\PSoC5/Signal_B.c **** /*******************************************************************************
  47:Generated_Source\PSoC5/Signal_B.c **** * Function Name: Signal_B_SetDriveMode
  48:Generated_Source\PSoC5/Signal_B.c **** ********************************************************************************
  49:Generated_Source\PSoC5/Signal_B.c **** *
  50:Generated_Source\PSoC5/Signal_B.c **** * Summary:
  51:Generated_Source\PSoC5/Signal_B.c **** *  Change the drive mode on the pins of the port.
  52:Generated_Source\PSoC5/Signal_B.c **** * 
  53:Generated_Source\PSoC5/Signal_B.c **** * Parameters:  
  54:Generated_Source\PSoC5/Signal_B.c **** *  mode:  Change the pins to one of the following drive modes.
  55:Generated_Source\PSoC5/Signal_B.c **** *
  56:Generated_Source\PSoC5/Signal_B.c **** *  Signal_B_DM_STRONG     Strong Drive 
  57:Generated_Source\PSoC5/Signal_B.c **** *  Signal_B_DM_OD_HI      Open Drain, Drives High 
  58:Generated_Source\PSoC5/Signal_B.c **** *  Signal_B_DM_OD_LO      Open Drain, Drives Low 
  59:Generated_Source\PSoC5/Signal_B.c **** *  Signal_B_DM_RES_UP     Resistive Pull Up 
  60:Generated_Source\PSoC5/Signal_B.c **** *  Signal_B_DM_RES_DWN    Resistive Pull Down 
  61:Generated_Source\PSoC5/Signal_B.c **** *  Signal_B_DM_RES_UPDWN  Resistive Pull Up/Down 
  62:Generated_Source\PSoC5/Signal_B.c **** *  Signal_B_DM_DIG_HIZ    High Impedance Digital 
  63:Generated_Source\PSoC5/Signal_B.c **** *  Signal_B_DM_ALG_HIZ    High Impedance Analog 
  64:Generated_Source\PSoC5/Signal_B.c **** *
  65:Generated_Source\PSoC5/Signal_B.c **** * Return: 
  66:Generated_Source\PSoC5/Signal_B.c **** *  None
  67:Generated_Source\PSoC5/Signal_B.c **** *
  68:Generated_Source\PSoC5/Signal_B.c **** *******************************************************************************/
  69:Generated_Source\PSoC5/Signal_B.c **** void Signal_B_SetDriveMode(uint8 mode) 
  70:Generated_Source\PSoC5/Signal_B.c **** {
  83              		.loc 1 70 0
  84              		.cfi_startproc
  85              		@ args = 0, pretend = 0, frame = 8
  86              		@ frame_needed = 1, uses_anonymous_args = 0
  87              		@ link register save eliminated.
  88 0000 80B4     		push	{r7}
  89              		.cfi_def_cfa_offset 4
  90              		.cfi_offset 7, -4
  91 0002 83B0     		sub	sp, sp, #12
  92              		.cfi_def_cfa_offset 16
  93 0004 00AF     		add	r7, sp, #0
  94              		.cfi_def_cfa_register 7
  95 0006 0346     		mov	r3, r0
  96 0008 FB71     		strb	r3, [r7, #7]
  71:Generated_Source\PSoC5/Signal_B.c **** 	CyPins_SetPinDriveMode(Signal_B_0, mode);
  97              		.loc 1 71 0
  98 000a 0B49     		ldr	r1, .L5
  99 000c 0A4B     		ldr	r3, .L5
 100 000e 1B78     		ldrb	r3, [r3]
ARM GAS  C:\Users\mikke\AppData\Local\Temp\ccrdJ8zj.s 			page 4


 101 0010 DBB2     		uxtb	r3, r3
 102 0012 5BB2     		sxtb	r3, r3
 103 0014 23F00E03 		bic	r3, r3, #14
 104 0018 5AB2     		sxtb	r2, r3
 105 001a 97F90730 		ldrsb	r3, [r7, #7]
 106 001e 03F00E03 		and	r3, r3, #14
 107 0022 5BB2     		sxtb	r3, r3
 108 0024 1343     		orrs	r3, r3, r2
 109 0026 5BB2     		sxtb	r3, r3
 110 0028 DBB2     		uxtb	r3, r3
 111 002a 0B70     		strb	r3, [r1]
  72:Generated_Source\PSoC5/Signal_B.c **** }
 112              		.loc 1 72 0
 113 002c 00BF     		nop
 114 002e 0C37     		adds	r7, r7, #12
 115              		.cfi_def_cfa_offset 4
 116 0030 BD46     		mov	sp, r7
 117              		.cfi_def_cfa_register 13
 118              		@ sp needed
 119 0032 80BC     		pop	{r7}
 120              		.cfi_restore 7
 121              		.cfi_def_cfa_offset 0
 122 0034 7047     		bx	lr
 123              	.L6:
 124 0036 00BF     		.align	2
 125              	.L5:
 126 0038 07500040 		.word	1073762311
 127              		.cfi_endproc
 128              	.LFE1:
 129              		.size	Signal_B_SetDriveMode, .-Signal_B_SetDriveMode
 130              		.section	.text.Signal_B_Read,"ax",%progbits
 131              		.align	2
 132              		.global	Signal_B_Read
 133              		.thumb
 134              		.thumb_func
 135              		.type	Signal_B_Read, %function
 136              	Signal_B_Read:
 137              	.LFB2:
  73:Generated_Source\PSoC5/Signal_B.c **** 
  74:Generated_Source\PSoC5/Signal_B.c **** 
  75:Generated_Source\PSoC5/Signal_B.c **** /*******************************************************************************
  76:Generated_Source\PSoC5/Signal_B.c **** * Function Name: Signal_B_Read
  77:Generated_Source\PSoC5/Signal_B.c **** ********************************************************************************
  78:Generated_Source\PSoC5/Signal_B.c **** *
  79:Generated_Source\PSoC5/Signal_B.c **** * Summary:
  80:Generated_Source\PSoC5/Signal_B.c **** *  Read the current value on the pins of the Digital Port in right justified 
  81:Generated_Source\PSoC5/Signal_B.c **** *  form.
  82:Generated_Source\PSoC5/Signal_B.c **** *
  83:Generated_Source\PSoC5/Signal_B.c **** * Parameters:  
  84:Generated_Source\PSoC5/Signal_B.c **** *  None
  85:Generated_Source\PSoC5/Signal_B.c **** *
  86:Generated_Source\PSoC5/Signal_B.c **** * Return: 
  87:Generated_Source\PSoC5/Signal_B.c **** *  Returns the current value of the Digital Port as a right justified number
  88:Generated_Source\PSoC5/Signal_B.c **** *  
  89:Generated_Source\PSoC5/Signal_B.c **** * Note:
  90:Generated_Source\PSoC5/Signal_B.c **** *  Macro Signal_B_ReadPS calls this function. 
  91:Generated_Source\PSoC5/Signal_B.c **** *  
ARM GAS  C:\Users\mikke\AppData\Local\Temp\ccrdJ8zj.s 			page 5


  92:Generated_Source\PSoC5/Signal_B.c **** *******************************************************************************/
  93:Generated_Source\PSoC5/Signal_B.c **** uint8 Signal_B_Read(void) 
  94:Generated_Source\PSoC5/Signal_B.c **** {
 138              		.loc 1 94 0
 139              		.cfi_startproc
 140              		@ args = 0, pretend = 0, frame = 0
 141              		@ frame_needed = 1, uses_anonymous_args = 0
 142              		@ link register save eliminated.
 143 0000 80B4     		push	{r7}
 144              		.cfi_def_cfa_offset 4
 145              		.cfi_offset 7, -4
 146 0002 00AF     		add	r7, sp, #0
 147              		.cfi_def_cfa_register 7
  95:Generated_Source\PSoC5/Signal_B.c ****     return (Signal_B_PS & Signal_B_MASK) >> Signal_B_SHIFT;
 148              		.loc 1 95 0
 149 0004 054B     		ldr	r3, .L9
 150 0006 1B78     		ldrb	r3, [r3]
 151 0008 DBB2     		uxtb	r3, r3
 152 000a 03F08003 		and	r3, r3, #128
 153 000e DB09     		lsrs	r3, r3, #7
 154 0010 DBB2     		uxtb	r3, r3
  96:Generated_Source\PSoC5/Signal_B.c **** }
 155              		.loc 1 96 0
 156 0012 1846     		mov	r0, r3
 157 0014 BD46     		mov	sp, r7
 158              		.cfi_def_cfa_register 13
 159              		@ sp needed
 160 0016 80BC     		pop	{r7}
 161              		.cfi_restore 7
 162              		.cfi_def_cfa_offset 0
 163 0018 7047     		bx	lr
 164              	.L10:
 165 001a 00BF     		.align	2
 166              	.L9:
 167 001c 01510040 		.word	1073762561
 168              		.cfi_endproc
 169              	.LFE2:
 170              		.size	Signal_B_Read, .-Signal_B_Read
 171              		.section	.text.Signal_B_ReadDataReg,"ax",%progbits
 172              		.align	2
 173              		.global	Signal_B_ReadDataReg
 174              		.thumb
 175              		.thumb_func
 176              		.type	Signal_B_ReadDataReg, %function
 177              	Signal_B_ReadDataReg:
 178              	.LFB3:
  97:Generated_Source\PSoC5/Signal_B.c **** 
  98:Generated_Source\PSoC5/Signal_B.c **** 
  99:Generated_Source\PSoC5/Signal_B.c **** /*******************************************************************************
 100:Generated_Source\PSoC5/Signal_B.c **** * Function Name: Signal_B_ReadDataReg
 101:Generated_Source\PSoC5/Signal_B.c **** ********************************************************************************
 102:Generated_Source\PSoC5/Signal_B.c **** *
 103:Generated_Source\PSoC5/Signal_B.c **** * Summary:
 104:Generated_Source\PSoC5/Signal_B.c **** *  Read the current value assigned to a Digital Port's data output register
 105:Generated_Source\PSoC5/Signal_B.c **** *
 106:Generated_Source\PSoC5/Signal_B.c **** * Parameters:  
 107:Generated_Source\PSoC5/Signal_B.c **** *  None 
ARM GAS  C:\Users\mikke\AppData\Local\Temp\ccrdJ8zj.s 			page 6


 108:Generated_Source\PSoC5/Signal_B.c **** *
 109:Generated_Source\PSoC5/Signal_B.c **** * Return: 
 110:Generated_Source\PSoC5/Signal_B.c **** *  Returns the current value assigned to the Digital Port's data output register
 111:Generated_Source\PSoC5/Signal_B.c **** *  
 112:Generated_Source\PSoC5/Signal_B.c **** *******************************************************************************/
 113:Generated_Source\PSoC5/Signal_B.c **** uint8 Signal_B_ReadDataReg(void) 
 114:Generated_Source\PSoC5/Signal_B.c **** {
 179              		.loc 1 114 0
 180              		.cfi_startproc
 181              		@ args = 0, pretend = 0, frame = 0
 182              		@ frame_needed = 1, uses_anonymous_args = 0
 183              		@ link register save eliminated.
 184 0000 80B4     		push	{r7}
 185              		.cfi_def_cfa_offset 4
 186              		.cfi_offset 7, -4
 187 0002 00AF     		add	r7, sp, #0
 188              		.cfi_def_cfa_register 7
 115:Generated_Source\PSoC5/Signal_B.c ****     return (Signal_B_DR & Signal_B_MASK) >> Signal_B_SHIFT;
 189              		.loc 1 115 0
 190 0004 054B     		ldr	r3, .L13
 191 0006 1B78     		ldrb	r3, [r3]
 192 0008 DBB2     		uxtb	r3, r3
 193 000a 03F08003 		and	r3, r3, #128
 194 000e DB09     		lsrs	r3, r3, #7
 195 0010 DBB2     		uxtb	r3, r3
 116:Generated_Source\PSoC5/Signal_B.c **** }
 196              		.loc 1 116 0
 197 0012 1846     		mov	r0, r3
 198 0014 BD46     		mov	sp, r7
 199              		.cfi_def_cfa_register 13
 200              		@ sp needed
 201 0016 80BC     		pop	{r7}
 202              		.cfi_restore 7
 203              		.cfi_def_cfa_offset 0
 204 0018 7047     		bx	lr
 205              	.L14:
 206 001a 00BF     		.align	2
 207              	.L13:
 208 001c 00510040 		.word	1073762560
 209              		.cfi_endproc
 210              	.LFE3:
 211              		.size	Signal_B_ReadDataReg, .-Signal_B_ReadDataReg
 212              		.text
 213              	.Letext0:
 214              		.file 2 "Generated_Source\\PSoC5\\cytypes.h"
 215              		.section	.debug_info,"",%progbits
 216              	.Ldebug_info0:
 217 0000 19010000 		.4byte	0x119
 218 0004 0400     		.2byte	0x4
 219 0006 00000000 		.4byte	.Ldebug_abbrev0
 220 000a 04       		.byte	0x4
 221 000b 01       		.uleb128 0x1
 222 000c 00000000 		.4byte	.LASF20
 223 0010 0C       		.byte	0xc
 224 0011 78010000 		.4byte	.LASF21
 225 0015 B4000000 		.4byte	.LASF22
 226 0019 00000000 		.4byte	.Ldebug_ranges0+0
ARM GAS  C:\Users\mikke\AppData\Local\Temp\ccrdJ8zj.s 			page 7


 227 001d 00000000 		.4byte	0
 228 0021 00000000 		.4byte	.Ldebug_line0
 229 0025 02       		.uleb128 0x2
 230 0026 01       		.byte	0x1
 231 0027 06       		.byte	0x6
 232 0028 FE010000 		.4byte	.LASF0
 233 002c 02       		.uleb128 0x2
 234 002d 01       		.byte	0x1
 235 002e 08       		.byte	0x8
 236 002f 15010000 		.4byte	.LASF1
 237 0033 02       		.uleb128 0x2
 238 0034 02       		.byte	0x2
 239 0035 05       		.byte	0x5
 240 0036 E5010000 		.4byte	.LASF2
 241 003a 02       		.uleb128 0x2
 242 003b 02       		.byte	0x2
 243 003c 07       		.byte	0x7
 244 003d 48010000 		.4byte	.LASF3
 245 0041 02       		.uleb128 0x2
 246 0042 04       		.byte	0x4
 247 0043 05       		.byte	0x5
 248 0044 F5010000 		.4byte	.LASF4
 249 0048 02       		.uleb128 0x2
 250 0049 04       		.byte	0x4
 251 004a 07       		.byte	0x7
 252 004b 28010000 		.4byte	.LASF5
 253 004f 02       		.uleb128 0x2
 254 0050 08       		.byte	0x8
 255 0051 05       		.byte	0x5
 256 0052 D2010000 		.4byte	.LASF6
 257 0056 02       		.uleb128 0x2
 258 0057 08       		.byte	0x8
 259 0058 07       		.byte	0x7
 260 0059 B6010000 		.4byte	.LASF7
 261 005d 03       		.uleb128 0x3
 262 005e 04       		.byte	0x4
 263 005f 05       		.byte	0x5
 264 0060 696E7400 		.ascii	"int\000"
 265 0064 02       		.uleb128 0x2
 266 0065 04       		.byte	0x4
 267 0066 07       		.byte	0x7
 268 0067 9A010000 		.4byte	.LASF8
 269 006b 04       		.uleb128 0x4
 270 006c EF010000 		.4byte	.LASF12
 271 0070 02       		.byte	0x2
 272 0071 A1       		.byte	0xa1
 273 0072 2C000000 		.4byte	0x2c
 274 0076 02       		.uleb128 0x2
 275 0077 04       		.byte	0x4
 276 0078 04       		.byte	0x4
 277 0079 0F010000 		.4byte	.LASF9
 278 007d 02       		.uleb128 0x2
 279 007e 08       		.byte	0x8
 280 007f 04       		.byte	0x4
 281 0080 71010000 		.4byte	.LASF10
 282 0084 02       		.uleb128 0x2
 283 0085 01       		.byte	0x1
ARM GAS  C:\Users\mikke\AppData\Local\Temp\ccrdJ8zj.s 			page 8


 284 0086 08       		.byte	0x8
 285 0087 E0010000 		.4byte	.LASF11
 286 008b 05       		.uleb128 0x5
 287 008c 23010000 		.4byte	.LASF13
 288 0090 02       		.byte	0x2
 289 0091 4B01     		.2byte	0x14b
 290 0093 97000000 		.4byte	0x97
 291 0097 06       		.uleb128 0x6
 292 0098 6B000000 		.4byte	0x6b
 293 009c 07       		.uleb128 0x7
 294 009d A7010000 		.4byte	.LASF14
 295 00a1 01       		.byte	0x1
 296 00a2 27       		.byte	0x27
 297 00a3 00000000 		.4byte	.LFB0
 298 00a7 34000000 		.4byte	.LFE0-.LFB0
 299 00ab 01       		.uleb128 0x1
 300 00ac 9C       		.byte	0x9c
 301 00ad CE000000 		.4byte	0xce
 302 00b1 08       		.uleb128 0x8
 303 00b2 A3000000 		.4byte	.LASF16
 304 00b6 01       		.byte	0x1
 305 00b7 27       		.byte	0x27
 306 00b8 6B000000 		.4byte	0x6b
 307 00bc 02       		.uleb128 0x2
 308 00bd 91       		.byte	0x91
 309 00be 6F       		.sleb128 -17
 310 00bf 09       		.uleb128 0x9
 311 00c0 A9000000 		.4byte	.LASF23
 312 00c4 01       		.byte	0x1
 313 00c5 29       		.byte	0x29
 314 00c6 6B000000 		.4byte	0x6b
 315 00ca 02       		.uleb128 0x2
 316 00cb 91       		.byte	0x91
 317 00cc 77       		.sleb128 -9
 318 00cd 00       		.byte	0
 319 00ce 07       		.uleb128 0x7
 320 00cf 5B010000 		.4byte	.LASF15
 321 00d3 01       		.byte	0x1
 322 00d4 45       		.byte	0x45
 323 00d5 00000000 		.4byte	.LFB1
 324 00d9 3C000000 		.4byte	.LFE1-.LFB1
 325 00dd 01       		.uleb128 0x1
 326 00de 9C       		.byte	0x9c
 327 00df F2000000 		.4byte	0xf2
 328 00e3 08       		.uleb128 0x8
 329 00e4 CD010000 		.4byte	.LASF17
 330 00e8 01       		.byte	0x1
 331 00e9 45       		.byte	0x45
 332 00ea 6B000000 		.4byte	0x6b
 333 00ee 02       		.uleb128 0x2
 334 00ef 91       		.byte	0x91
 335 00f0 77       		.sleb128 -9
 336 00f1 00       		.byte	0
 337 00f2 0A       		.uleb128 0xa
 338 00f3 3A010000 		.4byte	.LASF18
 339 00f7 01       		.byte	0x1
 340 00f8 5D       		.byte	0x5d
ARM GAS  C:\Users\mikke\AppData\Local\Temp\ccrdJ8zj.s 			page 9


 341 00f9 6B000000 		.4byte	0x6b
 342 00fd 00000000 		.4byte	.LFB2
 343 0101 20000000 		.4byte	.LFE2-.LFB2
 344 0105 01       		.uleb128 0x1
 345 0106 9C       		.byte	0x9c
 346 0107 0A       		.uleb128 0xa
 347 0108 8E000000 		.4byte	.LASF19
 348 010c 01       		.byte	0x1
 349 010d 71       		.byte	0x71
 350 010e 6B000000 		.4byte	0x6b
 351 0112 00000000 		.4byte	.LFB3
 352 0116 20000000 		.4byte	.LFE3-.LFB3
 353 011a 01       		.uleb128 0x1
 354 011b 9C       		.byte	0x9c
 355 011c 00       		.byte	0
 356              		.section	.debug_abbrev,"",%progbits
 357              	.Ldebug_abbrev0:
 358 0000 01       		.uleb128 0x1
 359 0001 11       		.uleb128 0x11
 360 0002 01       		.byte	0x1
 361 0003 25       		.uleb128 0x25
 362 0004 0E       		.uleb128 0xe
 363 0005 13       		.uleb128 0x13
 364 0006 0B       		.uleb128 0xb
 365 0007 03       		.uleb128 0x3
 366 0008 0E       		.uleb128 0xe
 367 0009 1B       		.uleb128 0x1b
 368 000a 0E       		.uleb128 0xe
 369 000b 55       		.uleb128 0x55
 370 000c 17       		.uleb128 0x17
 371 000d 11       		.uleb128 0x11
 372 000e 01       		.uleb128 0x1
 373 000f 10       		.uleb128 0x10
 374 0010 17       		.uleb128 0x17
 375 0011 00       		.byte	0
 376 0012 00       		.byte	0
 377 0013 02       		.uleb128 0x2
 378 0014 24       		.uleb128 0x24
 379 0015 00       		.byte	0
 380 0016 0B       		.uleb128 0xb
 381 0017 0B       		.uleb128 0xb
 382 0018 3E       		.uleb128 0x3e
 383 0019 0B       		.uleb128 0xb
 384 001a 03       		.uleb128 0x3
 385 001b 0E       		.uleb128 0xe
 386 001c 00       		.byte	0
 387 001d 00       		.byte	0
 388 001e 03       		.uleb128 0x3
 389 001f 24       		.uleb128 0x24
 390 0020 00       		.byte	0
 391 0021 0B       		.uleb128 0xb
 392 0022 0B       		.uleb128 0xb
 393 0023 3E       		.uleb128 0x3e
 394 0024 0B       		.uleb128 0xb
 395 0025 03       		.uleb128 0x3
 396 0026 08       		.uleb128 0x8
 397 0027 00       		.byte	0
ARM GAS  C:\Users\mikke\AppData\Local\Temp\ccrdJ8zj.s 			page 10


 398 0028 00       		.byte	0
 399 0029 04       		.uleb128 0x4
 400 002a 16       		.uleb128 0x16
 401 002b 00       		.byte	0
 402 002c 03       		.uleb128 0x3
 403 002d 0E       		.uleb128 0xe
 404 002e 3A       		.uleb128 0x3a
 405 002f 0B       		.uleb128 0xb
 406 0030 3B       		.uleb128 0x3b
 407 0031 0B       		.uleb128 0xb
 408 0032 49       		.uleb128 0x49
 409 0033 13       		.uleb128 0x13
 410 0034 00       		.byte	0
 411 0035 00       		.byte	0
 412 0036 05       		.uleb128 0x5
 413 0037 16       		.uleb128 0x16
 414 0038 00       		.byte	0
 415 0039 03       		.uleb128 0x3
 416 003a 0E       		.uleb128 0xe
 417 003b 3A       		.uleb128 0x3a
 418 003c 0B       		.uleb128 0xb
 419 003d 3B       		.uleb128 0x3b
 420 003e 05       		.uleb128 0x5
 421 003f 49       		.uleb128 0x49
 422 0040 13       		.uleb128 0x13
 423 0041 00       		.byte	0
 424 0042 00       		.byte	0
 425 0043 06       		.uleb128 0x6
 426 0044 35       		.uleb128 0x35
 427 0045 00       		.byte	0
 428 0046 49       		.uleb128 0x49
 429 0047 13       		.uleb128 0x13
 430 0048 00       		.byte	0
 431 0049 00       		.byte	0
 432 004a 07       		.uleb128 0x7
 433 004b 2E       		.uleb128 0x2e
 434 004c 01       		.byte	0x1
 435 004d 3F       		.uleb128 0x3f
 436 004e 19       		.uleb128 0x19
 437 004f 03       		.uleb128 0x3
 438 0050 0E       		.uleb128 0xe
 439 0051 3A       		.uleb128 0x3a
 440 0052 0B       		.uleb128 0xb
 441 0053 3B       		.uleb128 0x3b
 442 0054 0B       		.uleb128 0xb
 443 0055 27       		.uleb128 0x27
 444 0056 19       		.uleb128 0x19
 445 0057 11       		.uleb128 0x11
 446 0058 01       		.uleb128 0x1
 447 0059 12       		.uleb128 0x12
 448 005a 06       		.uleb128 0x6
 449 005b 40       		.uleb128 0x40
 450 005c 18       		.uleb128 0x18
 451 005d 9742     		.uleb128 0x2117
 452 005f 19       		.uleb128 0x19
 453 0060 01       		.uleb128 0x1
 454 0061 13       		.uleb128 0x13
ARM GAS  C:\Users\mikke\AppData\Local\Temp\ccrdJ8zj.s 			page 11


 455 0062 00       		.byte	0
 456 0063 00       		.byte	0
 457 0064 08       		.uleb128 0x8
 458 0065 05       		.uleb128 0x5
 459 0066 00       		.byte	0
 460 0067 03       		.uleb128 0x3
 461 0068 0E       		.uleb128 0xe
 462 0069 3A       		.uleb128 0x3a
 463 006a 0B       		.uleb128 0xb
 464 006b 3B       		.uleb128 0x3b
 465 006c 0B       		.uleb128 0xb
 466 006d 49       		.uleb128 0x49
 467 006e 13       		.uleb128 0x13
 468 006f 02       		.uleb128 0x2
 469 0070 18       		.uleb128 0x18
 470 0071 00       		.byte	0
 471 0072 00       		.byte	0
 472 0073 09       		.uleb128 0x9
 473 0074 34       		.uleb128 0x34
 474 0075 00       		.byte	0
 475 0076 03       		.uleb128 0x3
 476 0077 0E       		.uleb128 0xe
 477 0078 3A       		.uleb128 0x3a
 478 0079 0B       		.uleb128 0xb
 479 007a 3B       		.uleb128 0x3b
 480 007b 0B       		.uleb128 0xb
 481 007c 49       		.uleb128 0x49
 482 007d 13       		.uleb128 0x13
 483 007e 02       		.uleb128 0x2
 484 007f 18       		.uleb128 0x18
 485 0080 00       		.byte	0
 486 0081 00       		.byte	0
 487 0082 0A       		.uleb128 0xa
 488 0083 2E       		.uleb128 0x2e
 489 0084 00       		.byte	0
 490 0085 3F       		.uleb128 0x3f
 491 0086 19       		.uleb128 0x19
 492 0087 03       		.uleb128 0x3
 493 0088 0E       		.uleb128 0xe
 494 0089 3A       		.uleb128 0x3a
 495 008a 0B       		.uleb128 0xb
 496 008b 3B       		.uleb128 0x3b
 497 008c 0B       		.uleb128 0xb
 498 008d 27       		.uleb128 0x27
 499 008e 19       		.uleb128 0x19
 500 008f 49       		.uleb128 0x49
 501 0090 13       		.uleb128 0x13
 502 0091 11       		.uleb128 0x11
 503 0092 01       		.uleb128 0x1
 504 0093 12       		.uleb128 0x12
 505 0094 06       		.uleb128 0x6
 506 0095 40       		.uleb128 0x40
 507 0096 18       		.uleb128 0x18
 508 0097 9742     		.uleb128 0x2117
 509 0099 19       		.uleb128 0x19
 510 009a 00       		.byte	0
 511 009b 00       		.byte	0
ARM GAS  C:\Users\mikke\AppData\Local\Temp\ccrdJ8zj.s 			page 12


 512 009c 00       		.byte	0
 513              		.section	.debug_aranges,"",%progbits
 514 0000 34000000 		.4byte	0x34
 515 0004 0200     		.2byte	0x2
 516 0006 00000000 		.4byte	.Ldebug_info0
 517 000a 04       		.byte	0x4
 518 000b 00       		.byte	0
 519 000c 0000     		.2byte	0
 520 000e 0000     		.2byte	0
 521 0010 00000000 		.4byte	.LFB0
 522 0014 34000000 		.4byte	.LFE0-.LFB0
 523 0018 00000000 		.4byte	.LFB1
 524 001c 3C000000 		.4byte	.LFE1-.LFB1
 525 0020 00000000 		.4byte	.LFB2
 526 0024 20000000 		.4byte	.LFE2-.LFB2
 527 0028 00000000 		.4byte	.LFB3
 528 002c 20000000 		.4byte	.LFE3-.LFB3
 529 0030 00000000 		.4byte	0
 530 0034 00000000 		.4byte	0
 531              		.section	.debug_ranges,"",%progbits
 532              	.Ldebug_ranges0:
 533 0000 00000000 		.4byte	.LFB0
 534 0004 34000000 		.4byte	.LFE0
 535 0008 00000000 		.4byte	.LFB1
 536 000c 3C000000 		.4byte	.LFE1
 537 0010 00000000 		.4byte	.LFB2
 538 0014 20000000 		.4byte	.LFE2
 539 0018 00000000 		.4byte	.LFB3
 540 001c 20000000 		.4byte	.LFE3
 541 0020 00000000 		.4byte	0
 542 0024 00000000 		.4byte	0
 543              		.section	.debug_line,"",%progbits
 544              	.Ldebug_line0:
 545 0000 94000000 		.section	.debug_str,"MS",%progbits,1
 545      02004500 
 545      00000201 
 545      FB0E0D00 
 545      01010101 
 546              	.LASF20:
 547 0000 474E5520 		.ascii	"GNU C11 5.4.1 20160609 (release) [ARM/embedded-5-br"
 547      43313120 
 547      352E342E 
 547      31203230 
 547      31363036 
 548 0033 616E6368 		.ascii	"anch revision 237715] -mcpu=cortex-m3 -mthumb -g -O"
 548      20726576 
 548      6973696F 
 548      6E203233 
 548      37373135 
 549 0066 30202D66 		.ascii	"0 -ffunction-sections -ffat-lto-objects\000"
 549      66756E63 
 549      74696F6E 
 549      2D736563 
 549      74696F6E 
 550              	.LASF19:
 551 008e 5369676E 		.ascii	"Signal_B_ReadDataReg\000"
 551      616C5F42 
ARM GAS  C:\Users\mikke\AppData\Local\Temp\ccrdJ8zj.s 			page 13


 551      5F526561 
 551      64446174 
 551      61526567 
 552              	.LASF16:
 553 00a3 76616C75 		.ascii	"value\000"
 553      6500
 554              	.LASF23:
 555 00a9 73746174 		.ascii	"staticBits\000"
 555      69634269 
 555      747300
 556              	.LASF22:
 557 00b4 433A5C55 		.ascii	"C:\\Users\\mikke\\OneDrive\\Documents\\GitHub\\plat"
 557      73657273 
 557      5C6D696B 
 557      6B655C4F 
 557      6E654472 
 558 00e1 6F6F6E69 		.ascii	"ooning\\PSoC\\Platooning\\AngleMeasurement.cydsn\000"
 558      6E675C50 
 558      536F435C 
 558      506C6174 
 558      6F6F6E69 
 559              	.LASF9:
 560 010f 666C6F61 		.ascii	"float\000"
 560      7400
 561              	.LASF1:
 562 0115 756E7369 		.ascii	"unsigned char\000"
 562      676E6564 
 562      20636861 
 562      7200
 563              	.LASF13:
 564 0123 72656738 		.ascii	"reg8\000"
 564      00
 565              	.LASF5:
 566 0128 6C6F6E67 		.ascii	"long unsigned int\000"
 566      20756E73 
 566      69676E65 
 566      6420696E 
 566      7400
 567              	.LASF18:
 568 013a 5369676E 		.ascii	"Signal_B_Read\000"
 568      616C5F42 
 568      5F526561 
 568      6400
 569              	.LASF3:
 570 0148 73686F72 		.ascii	"short unsigned int\000"
 570      7420756E 
 570      7369676E 
 570      65642069 
 570      6E7400
 571              	.LASF15:
 572 015b 5369676E 		.ascii	"Signal_B_SetDriveMode\000"
 572      616C5F42 
 572      5F536574 
 572      44726976 
 572      654D6F64 
 573              	.LASF10:
 574 0171 646F7562 		.ascii	"double\000"
ARM GAS  C:\Users\mikke\AppData\Local\Temp\ccrdJ8zj.s 			page 14


 574      6C6500
 575              	.LASF21:
 576 0178 47656E65 		.ascii	"Generated_Source\\PSoC5\\Signal_B.c\000"
 576      72617465 
 576      645F536F 
 576      75726365 
 576      5C50536F 
 577              	.LASF8:
 578 019a 756E7369 		.ascii	"unsigned int\000"
 578      676E6564 
 578      20696E74 
 578      00
 579              	.LASF14:
 580 01a7 5369676E 		.ascii	"Signal_B_Write\000"
 580      616C5F42 
 580      5F577269 
 580      746500
 581              	.LASF7:
 582 01b6 6C6F6E67 		.ascii	"long long unsigned int\000"
 582      206C6F6E 
 582      6720756E 
 582      7369676E 
 582      65642069 
 583              	.LASF17:
 584 01cd 6D6F6465 		.ascii	"mode\000"
 584      00
 585              	.LASF6:
 586 01d2 6C6F6E67 		.ascii	"long long int\000"
 586      206C6F6E 
 586      6720696E 
 586      7400
 587              	.LASF11:
 588 01e0 63686172 		.ascii	"char\000"
 588      00
 589              	.LASF2:
 590 01e5 73686F72 		.ascii	"short int\000"
 590      7420696E 
 590      7400
 591              	.LASF12:
 592 01ef 75696E74 		.ascii	"uint8\000"
 592      3800
 593              	.LASF4:
 594 01f5 6C6F6E67 		.ascii	"long int\000"
 594      20696E74 
 594      00
 595              	.LASF0:
 596 01fe 7369676E 		.ascii	"signed char\000"
 596      65642063 
 596      68617200 
 597              		.ident	"GCC: (GNU Tools for ARM Embedded Processors) 5.4.1 20160609 (release) [ARM/embedded-5-bran
