ARM GAS  C:\Users\Krist\AppData\Local\Temp\cc8JhTFg.s 			page 1


   1              		.syntax unified
   2              		.cpu cortex-m3
   3              		.fpu softvfp
   4              		.eabi_attribute 20, 1
   5              		.eabi_attribute 21, 1
   6              		.eabi_attribute 23, 3
   7              		.eabi_attribute 24, 1
   8              		.eabi_attribute 25, 1
   9              		.eabi_attribute 26, 1
  10              		.eabi_attribute 30, 1
  11              		.eabi_attribute 34, 1
  12              		.eabi_attribute 18, 4
  13              		.thumb
  14              		.syntax unified
  15              		.file	"cymetadata.c"
  16              		.text
  17              	.Ltext0:
  18              		.cfi_sections	.debug_frame
  19              		.global	cy_metadata
  20              		.global	cy_meta_flashprotect
  21              		.global	cy_meta_wonvl
  22              		.global	cy_meta_custnvl
  23              		.global	cy_meta_configecc
  24              		.section	.cyconfigecc,"a",%progbits
  25              		.align	2
  26              		.type	cy_meta_configecc, %object
  27              		.size	cy_meta_configecc, 368
  28              	cy_meta_configecc:
  29 0000 01       		.byte	1
  30 0001 45       		.byte	69
  31 0002 00       		.byte	0
  32 0003 40       		.byte	64
  33 0004 02       		.byte	2
  34 0005 4F       		.byte	79
  35 0006 00       		.byte	0
  36 0007 40       		.byte	64
  37 0008 01       		.byte	1
  38 0009 52       		.byte	82
  39 000a 00       		.byte	0
  40 000b 40       		.byte	64
  41 000c 06       		.byte	6
  42 000d 5A       		.byte	90
  43 000e 00       		.byte	0
  44 000f 40       		.byte	64
  45 0010 02       		.byte	2
  46 0011 5B       		.byte	91
  47 0012 00       		.byte	0
  48 0013 40       		.byte	64
  49 0014 03       		.byte	3
  50 0015 07       		.byte	7
  51 0016 01       		.byte	1
  52 0017 40       		.byte	64
  53 0018 04       		.byte	4
  54 0019 09       		.byte	9
  55 001a 01       		.byte	1
  56 001b 40       		.byte	64
  57 001c 03       		.byte	3
ARM GAS  C:\Users\Krist\AppData\Local\Temp\cc8JhTFg.s 			page 2


  58 001d 0A       		.byte	10
  59 001e 01       		.byte	1
  60 001f 40       		.byte	64
  61 0020 01       		.byte	1
  62 0021 0B       		.byte	11
  63 0022 01       		.byte	1
  64 0023 40       		.byte	64
  65 0024 03       		.byte	3
  66 0025 15       		.byte	21
  67 0026 01       		.byte	1
  68 0027 40       		.byte	64
  69 0028 02       		.byte	2
  70 0029 17       		.byte	23
  71 002a 01       		.byte	1
  72 002b 40       		.byte	64
  73 002c 02       		.byte	2
  74 002d 19       		.byte	25
  75 002e 01       		.byte	1
  76 002f 40       		.byte	64
  77 0030 03       		.byte	3
  78 0031 1B       		.byte	27
  79 0032 01       		.byte	1
  80 0033 40       		.byte	64
  81 0034 06       		.byte	6
  82 0035 40       		.byte	64
  83 0036 01       		.byte	1
  84 0037 40       		.byte	64
  85 0038 07       		.byte	7
  86 0039 41       		.byte	65
  87 003a 01       		.byte	1
  88 003b 40       		.byte	64
  89 003c 06       		.byte	6
  90 003d 42       		.byte	66
  91 003e 01       		.byte	1
  92 003f 40       		.byte	64
  93 0040 09       		.byte	9
  94 0041 43       		.byte	67
  95 0042 01       		.byte	1
  96 0043 40       		.byte	64
  97 0044 02       		.byte	2
  98 0045 44       		.byte	68
  99 0046 01       		.byte	1
 100 0047 40       		.byte	64
 101 0048 03       		.byte	3
 102 0049 45       		.byte	69
 103 004a 01       		.byte	1
 104 004b 40       		.byte	64
 105 004c 08       		.byte	8
 106 004d 46       		.byte	70
 107 004e 01       		.byte	1
 108 004f 40       		.byte	64
 109 0050 0F       		.byte	15
 110 0051 47       		.byte	71
 111 0052 01       		.byte	1
 112 0053 40       		.byte	64
 113 0054 09       		.byte	9
 114 0055 48       		.byte	72
ARM GAS  C:\Users\Krist\AppData\Local\Temp\cc8JhTFg.s 			page 3


 115 0056 01       		.byte	1
 116 0057 40       		.byte	64
 117 0058 05       		.byte	5
 118 0059 49       		.byte	73
 119 005a 01       		.byte	1
 120 005b 40       		.byte	64
 121 005c 06       		.byte	6
 122 005d 4C       		.byte	76
 123 005e 01       		.byte	1
 124 005f 40       		.byte	64
 125 0060 05       		.byte	5
 126 0061 4D       		.byte	77
 127 0062 01       		.byte	1
 128 0063 40       		.byte	64
 129 0064 02       		.byte	2
 130 0065 51       		.byte	81
 131 0066 01       		.byte	1
 132 0067 40       		.byte	64
 133 0068 7E       		.byte	126
 134 0069 02       		.byte	2
 135 006a 01       		.byte	1
 136 006b 20       		.byte	32
 137 006c 0A       		.byte	10
 138 006d 4B       		.byte	75
 139 006e 7C       		.byte	124
 140 006f 40       		.byte	64
 141 0070 0C       		.byte	12
 142 0071 04       		.byte	4
 143 0072 1C       		.byte	28
 144 0073 04       		.byte	4
 145 0074 2B       		.byte	43
 146 0075 04       		.byte	4
 147 0076 2C       		.byte	44
 148 0077 04       		.byte	4
 149 0078 3B       		.byte	59
 150 0079 04       		.byte	4
 151 007a 3C       		.byte	60
 152 007b 04       		.byte	4
 153 007c 27       		.byte	39
 154 007d 84       		.byte	-124
 155 007e 2F       		.byte	47
 156 007f 84       		.byte	-124
 157 0080 E2       		.byte	-30
 158 0081 04       		.byte	4
 159 0082 EA       		.byte	-22
 160 0083 02       		.byte	2
 161 0084 EE       		.byte	-18
 162 0085 0C       		.byte	12
 163 0086 AF       		.byte	-81
 164 0087 20       		.byte	32
 165 0088 E2       		.byte	-30
 166 0089 04       		.byte	4
 167 008a EA       		.byte	-22
 168 008b 02       		.byte	2
 169 008c EE       		.byte	-18
 170 008d 04       		.byte	4
 171 008e BE       		.byte	-66
ARM GAS  C:\Users\Krist\AppData\Local\Temp\cc8JhTFg.s 			page 4


 172 008f 10       		.byte	16
 173 0090 D8       		.byte	-40
 174 0091 04       		.byte	4
 175 0092 DF       		.byte	-33
 176 0093 01       		.byte	1
 177 0094 1F       		.byte	31
 178 0095 20       		.byte	32
 179 0096 E8       		.byte	-24
 180 0097 10       		.byte	16
 181 0098 EC       		.byte	-20
 182 0099 A0       		.byte	-96
 183 009a EE       		.byte	-18
 184 009b 02       		.byte	2
 185 009c EA       		.byte	-22
 186 009d 02       		.byte	2
 187 009e EE       		.byte	-18
 188 009f 0A       		.byte	10
 189 00a0 EA       		.byte	-22
 190 00a1 02       		.byte	2
 191 00a2 EE       		.byte	-18
 192 00a3 0A       		.byte	10
 193 00a4 E8       		.byte	-24
 194 00a5 10       		.byte	16
 195 00a6 EC       		.byte	-20
 196 00a7 A0       		.byte	-96
 197 00a8 EE       		.byte	-18
 198 00a9 02       		.byte	2
 199 00aa 33       		.byte	51
 200 00ab 88       		.byte	-120
 201 00ac 36       		.byte	54
 202 00ad 04       		.byte	4
 203 00ae 37       		.byte	55
 204 00af 80       		.byte	-128
 205 00b0 3B       		.byte	59
 206 00b1 20       		.byte	32
 207 00b2 CC       		.byte	-52
 208 00b3 F0       		.byte	-16
 209 00b4 CE       		.byte	-50
 210 00b5 10       		.byte	16
 211 00b6 33       		.byte	51
 212 00b7 10       		.byte	16
 213 00b8 37       		.byte	55
 214 00b9 20       		.byte	32
 215 00ba 97       		.byte	-105
 216 00bb 20       		.byte	32
 217 00bc 9F       		.byte	-97
 218 00bd 80       		.byte	-128
 219 00be A6       		.byte	-90
 220 00bf 04       		.byte	4
 221 00c0 A7       		.byte	-89
 222 00c1 88       		.byte	-120
 223 00c2 CC       		.byte	-52
 224 00c3 30       		.byte	48
 225 00c4 63       		.byte	99
 226 00c5 02       		.byte	2
 227 00c6 97       		.byte	-105
 228 00c7 20       		.byte	32
ARM GAS  C:\Users\Krist\AppData\Local\Temp\cc8JhTFg.s 			page 5


 229 00c8 9F       		.byte	-97
 230 00c9 B0       		.byte	-80
 231 00ca A6       		.byte	-90
 232 00cb 04       		.byte	4
 233 00cc A7       		.byte	-89
 234 00cd 88       		.byte	-120
 235 00ce D6       		.byte	-42
 236 00cf 40       		.byte	64
 237 00d0 83       		.byte	-125
 238 00d1 10       		.byte	16
 239 00d2 97       		.byte	-105
 240 00d3 20       		.byte	32
 241 00d4 9F       		.byte	-97
 242 00d5 30       		.byte	48
 243 00d6 A7       		.byte	-89
 244 00d7 88       		.byte	-120
 245 00d8 AA       		.byte	-86
 246 00d9 04       		.byte	4
 247 00da AF       		.byte	-81
 248 00db 81       		.byte	-127
 249 00dc E2       		.byte	-30
 250 00dd 20       		.byte	32
 251 00de EA       		.byte	-22
 252 00df 40       		.byte	64
 253 00e0 EE       		.byte	-18
 254 00e1 30       		.byte	48
 255 00e2 30       		.byte	48
 256 00e3 04       		.byte	4
 257 00e4 CC       		.byte	-52
 258 00e5 02       		.byte	2
 259 00e6 30       		.byte	48
 260 00e7 04       		.byte	4
 261 00e8 9C       		.byte	-100
 262 00e9 04       		.byte	4
 263 00ea CC       		.byte	-52
 264 00eb 02       		.byte	2
 265 00ec 02       		.byte	2
 266 00ed 02       		.byte	2
 267 00ee 03       		.byte	3
 268 00ef 01       		.byte	1
 269 00f0 1B       		.byte	27
 270 00f1 04       		.byte	4
 271 00f2 32       		.byte	50
 272 00f3 02       		.byte	2
 273 00f4 9C       		.byte	-100
 274 00f5 04       		.byte	4
 275 00f6 C0       		.byte	-64
 276 00f7 02       		.byte	2
 277 00f8 C6       		.byte	-58
 278 00f9 08       		.byte	8
 279 00fa CC       		.byte	-52
 280 00fb 02       		.byte	2
 281 00fc 02       		.byte	2
 282 00fd 80       		.byte	-128
 283 00fe 03       		.byte	3
 284 00ff 20       		.byte	32
 285 0100 0B       		.byte	11
ARM GAS  C:\Users\Krist\AppData\Local\Temp\cc8JhTFg.s 			page 6


 286 0101 44       		.byte	68
 287 0102 0F       		.byte	15
 288 0103 80       		.byte	-128
 289 0104 32       		.byte	50
 290 0105 04       		.byte	4
 291 0106 44       		.byte	68
 292 0107 02       		.byte	2
 293 0108 83       		.byte	-125
 294 0109 40       		.byte	64
 295 010a 8A       		.byte	-118
 296 010b 84       		.byte	-124
 297 010c 9C       		.byte	-100
 298 010d 04       		.byte	4
 299 010e AB       		.byte	-85
 300 010f 04       		.byte	4
 301 0110 AF       		.byte	-81
 302 0111 01       		.byte	1
 303 0112 C0       		.byte	-64
 304 0113 08       		.byte	8
 305 0114 C2       		.byte	-62
 306 0115 0E       		.byte	14
 307 0116 CC       		.byte	-52
 308 0117 02       		.byte	2
 309 0118 D0       		.byte	-48
 310 0119 04       		.byte	4
 311 011a 15       		.byte	21
 312 011b 08       		.byte	8
 313 011c 20       		.byte	32
 314 011d 80       		.byte	-128
 315 011e 24       		.byte	36
 316 011f 08       		.byte	8
 317 0120 A7       		.byte	-89
 318 0121 08       		.byte	8
 319 0122 AF       		.byte	-81
 320 0123 B0       		.byte	-80
 321 0124 C4       		.byte	-60
 322 0125 20       		.byte	32
 323 0126 C8       		.byte	-56
 324 0127 60       		.byte	96
 325 0128 EA       		.byte	-22
 326 0129 40       		.byte	64
 327 012a EE       		.byte	-18
 328 012b 50       		.byte	80
 329 012c AF       		.byte	-81
 330 012d 08       		.byte	8
 331 012e B0       		.byte	-80
 332 012f 40       		.byte	64
 333 0130 B1       		.byte	-79
 334 0131 04       		.byte	4
 335 0132 B4       		.byte	-76
 336 0133 04       		.byte	4
 337 0134 EE       		.byte	-18
 338 0135 40       		.byte	64
 339 0136 1F       		.byte	31
 340 0137 10       		.byte	16
 341 0138 34       		.byte	52
 342 0139 01       		.byte	1
ARM GAS  C:\Users\Krist\AppData\Local\Temp\cc8JhTFg.s 			page 7


 343 013a 9C       		.byte	-100
 344 013b 06       		.byte	6
 345 013c AF       		.byte	-81
 346 013d 64       		.byte	100
 347 013e C6       		.byte	-58
 348 013f 01       		.byte	1
 349 0140 CC       		.byte	-52
 350 0141 01       		.byte	1
 351 0142 AF       		.byte	-81
 352 0143 10       		.byte	16
 353 0144 B0       		.byte	-80
 354 0145 05       		.byte	5
 355 0146 B4       		.byte	-76
 356 0147 02       		.byte	2
 357 0148 E8       		.byte	-24
 358 0149 08       		.byte	8
 359 014a EC       		.byte	-20
 360 014b 05       		.byte	5
 361 014c 00       		.byte	0
 362 014d FA       		.byte	-6
 363 014e 01       		.byte	1
 364 014f 2A       		.byte	42
 365 0150 40       		.byte	64
 366 0151 00       		.byte	0
 367 0152 00       		.byte	0
 368 0153 00       		.byte	0
 369 0154 00       		.byte	0
 370 0155 00       		.byte	0
 371 0156 00       		.byte	0
 372 0157 00       		.byte	0
 373 0158 C0       		.byte	-64
 374 0159 00       		.byte	0
 375 015a 00       		.byte	0
 376 015b 00       		.byte	0
 377 015c 00       		.byte	0
 378 015d 0B       		.byte	11
 379 015e 0B       		.byte	11
 380 015f 00       		.byte	0
 381 0160 00       		.byte	0
 382 0161 00       		.byte	0
 383 0162 40       		.byte	64
 384 0163 00       		.byte	0
 385 0164 00       		.byte	0
 386 0165 00       		.byte	0
 387 0166 00       		.byte	0
 388 0167 00       		.byte	0
 389 0168 00       		.byte	0
 390 0169 00       		.byte	0
 391 016a 40       		.byte	64
 392 016b 00       		.byte	0
 393 016c 1D       		.byte	29
 394 016d 00       		.byte	0
 395 016e 18       		.byte	24
 396 016f 01       		.byte	1
 397              		.section	.cywolatch,"a",%progbits
 398              		.align	2
 399              		.type	cy_meta_wonvl, %object
ARM GAS  C:\Users\Krist\AppData\Local\Temp\cc8JhTFg.s 			page 8


 400              		.size	cy_meta_wonvl, 4
 401              	cy_meta_wonvl:
 402 0000 BC       		.byte	-68
 403 0001 90       		.byte	-112
 404 0002 AC       		.byte	-84
 405 0003 AF       		.byte	-81
 406              		.section	.cycustnvl,"a",%progbits
 407              		.align	2
 408              		.type	cy_meta_custnvl, %object
 409              		.size	cy_meta_custnvl, 4
 410              	cy_meta_custnvl:
 411 0000 00       		.byte	0
 412 0001 00       		.byte	0
 413 0002 40       		.byte	64
 414 0003 05       		.byte	5
 415              		.section	.cymeta,"a",%progbits
 416              		.align	2
 417              		.type	cy_metadata, %object
 418              		.size	cy_metadata, 12
 419              	cy_metadata:
 420 0000 00       		.byte	0
 421 0001 01       		.byte	1
 422 0002 2E       		.byte	46
 423 0003 16       		.byte	22
 424 0004 10       		.byte	16
 425 0005 69       		.byte	105
 426 0006 00       		.byte	0
 427 0007 01       		.byte	1
 428 0008 00       		.byte	0
 429 0009 00       		.byte	0
 430 000a 00       		.byte	0
 431 000b 00       		.byte	0
 432              		.section	.cyflashprotect,"a",%progbits
 433              		.align	2
 434              		.type	cy_meta_flashprotect, %object
 435              		.size	cy_meta_flashprotect, 256
 436              	cy_meta_flashprotect:
 437 0000 00000000 		.space	256
 437      00000000 
 437      00000000 
 437      00000000 
 437      00000000 
 438              		.text
 439              	.Letext0:
 440              		.file 1 "c:\\program files (x86)\\cypress\\psoc creator\\4.1\\psoc creator\\import\\gnu\\arm\\5.4.
 441              		.file 2 "c:\\program files (x86)\\cypress\\psoc creator\\4.1\\psoc creator\\import\\gnu\\arm\\5.4.
 442              		.file 3 "Generated_Source\\PSoC5\\cymetadata.c"
 443              		.section	.debug_info,"",%progbits
 444              	.Ldebug_info0:
 445 0000 31010000 		.4byte	0x131
 446 0004 0400     		.2byte	0x4
 447 0006 00000000 		.4byte	.Ldebug_abbrev0
 448 000a 04       		.byte	0x4
 449 000b 01       		.uleb128 0x1
 450 000c 7A000000 		.4byte	.LASF17
 451 0010 0C       		.byte	0xc
 452 0011 D4010000 		.4byte	.LASF18
ARM GAS  C:\Users\Krist\AppData\Local\Temp\cc8JhTFg.s 			page 9


 453 0015 0A000000 		.4byte	.LASF19
 454 0019 00000000 		.4byte	.Ldebug_line0
 455 001d 02       		.uleb128 0x2
 456 001e 01       		.byte	0x1
 457 001f 06       		.byte	0x6
 458 0020 C8010000 		.4byte	.LASF0
 459 0024 03       		.uleb128 0x3
 460 0025 00000000 		.4byte	.LASF9
 461 0029 01       		.byte	0x1
 462 002a 1D       		.byte	0x1d
 463 002b 2F000000 		.4byte	0x2f
 464 002f 02       		.uleb128 0x2
 465 0030 01       		.byte	0x1
 466 0031 08       		.byte	0x8
 467 0032 6C000000 		.4byte	.LASF1
 468 0036 02       		.uleb128 0x2
 469 0037 02       		.byte	0x2
 470 0038 05       		.byte	0x5
 471 0039 B5010000 		.4byte	.LASF2
 472 003d 02       		.uleb128 0x2
 473 003e 02       		.byte	0x2
 474 003f 07       		.byte	0x7
 475 0040 1A010000 		.4byte	.LASF3
 476 0044 02       		.uleb128 0x2
 477 0045 04       		.byte	0x4
 478 0046 05       		.byte	0x5
 479 0047 BF010000 		.4byte	.LASF4
 480 004b 02       		.uleb128 0x2
 481 004c 04       		.byte	0x4
 482 004d 07       		.byte	0x7
 483 004e 08010000 		.4byte	.LASF5
 484 0052 02       		.uleb128 0x2
 485 0053 08       		.byte	0x8
 486 0054 05       		.byte	0x5
 487 0055 A7010000 		.4byte	.LASF6
 488 0059 02       		.uleb128 0x2
 489 005a 08       		.byte	0x8
 490 005b 07       		.byte	0x7
 491 005c 5C010000 		.4byte	.LASF7
 492 0060 04       		.uleb128 0x4
 493 0061 04       		.byte	0x4
 494 0062 05       		.byte	0x5
 495 0063 696E7400 		.ascii	"int\000"
 496 0067 02       		.uleb128 0x2
 497 0068 04       		.byte	0x4
 498 0069 07       		.byte	0x7
 499 006a 4F010000 		.4byte	.LASF8
 500 006e 03       		.uleb128 0x3
 501 006f 73010000 		.4byte	.LASF10
 502 0073 02       		.byte	0x2
 503 0074 18       		.byte	0x18
 504 0075 24000000 		.4byte	0x24
 505 0079 05       		.uleb128 0x5
 506 007a 91000000 		.4byte	0x91
 507 007e 8A000000 		.4byte	0x8a
 508 0082 06       		.uleb128 0x6
 509 0083 8A000000 		.4byte	0x8a
ARM GAS  C:\Users\Krist\AppData\Local\Temp\cc8JhTFg.s 			page 10


 510 0087 6F01     		.2byte	0x16f
 511 0089 00       		.byte	0
 512 008a 02       		.uleb128 0x2
 513 008b 04       		.byte	0x4
 514 008c 07       		.byte	0x7
 515 008d 9E010000 		.4byte	.LASF11
 516 0091 07       		.uleb128 0x7
 517 0092 6E000000 		.4byte	0x6e
 518 0096 08       		.uleb128 0x8
 519 0097 3D010000 		.4byte	.LASF12
 520 009b 03       		.byte	0x3
 521 009c 1F       		.byte	0x1f
 522 009d A7000000 		.4byte	0xa7
 523 00a1 05       		.uleb128 0x5
 524 00a2 03       		.byte	0x3
 525 00a3 00000000 		.4byte	cy_meta_configecc
 526 00a7 07       		.uleb128 0x7
 527 00a8 79000000 		.4byte	0x79
 528 00ac 05       		.uleb128 0x5
 529 00ad 91000000 		.4byte	0x91
 530 00b1 BC000000 		.4byte	0xbc
 531 00b5 09       		.uleb128 0x9
 532 00b6 8A000000 		.4byte	0x8a
 533 00ba 03       		.byte	0x3
 534 00bb 00       		.byte	0
 535 00bc 08       		.uleb128 0x8
 536 00bd 2D010000 		.4byte	.LASF13
 537 00c1 03       		.byte	0x3
 538 00c2 5A       		.byte	0x5a
 539 00c3 CD000000 		.4byte	0xcd
 540 00c7 05       		.uleb128 0x5
 541 00c8 03       		.byte	0x3
 542 00c9 00000000 		.4byte	cy_meta_custnvl
 543 00cd 07       		.uleb128 0x7
 544 00ce AC000000 		.4byte	0xac
 545 00d2 08       		.uleb128 0x8
 546 00d3 90010000 		.4byte	.LASF14
 547 00d7 03       		.byte	0x3
 548 00d8 68       		.byte	0x68
 549 00d9 E3000000 		.4byte	0xe3
 550 00dd 05       		.uleb128 0x5
 551 00de 03       		.byte	0x3
 552 00df 00000000 		.4byte	cy_meta_wonvl
 553 00e3 07       		.uleb128 0x7
 554 00e4 AC000000 		.4byte	0xac
 555 00e8 05       		.uleb128 0x5
 556 00e9 91000000 		.4byte	0x91
 557 00ed F8000000 		.4byte	0xf8
 558 00f1 09       		.uleb128 0x9
 559 00f2 8A000000 		.4byte	0x8a
 560 00f6 FF       		.byte	0xff
 561 00f7 00       		.byte	0
 562 00f8 08       		.uleb128 0x8
 563 00f9 7B010000 		.4byte	.LASF15
 564 00fd 03       		.byte	0x3
 565 00fe 76       		.byte	0x76
 566 00ff 09010000 		.4byte	0x109
ARM GAS  C:\Users\Krist\AppData\Local\Temp\cc8JhTFg.s 			page 11


 567 0103 05       		.uleb128 0x5
 568 0104 03       		.byte	0x3
 569 0105 00000000 		.4byte	cy_meta_flashprotect
 570 0109 07       		.uleb128 0x7
 571 010a E8000000 		.4byte	0xe8
 572 010e 05       		.uleb128 0x5
 573 010f 91000000 		.4byte	0x91
 574 0113 1E010000 		.4byte	0x11e
 575 0117 09       		.uleb128 0x9
 576 0118 8A000000 		.4byte	0x8a
 577 011c 0B       		.byte	0xb
 578 011d 00       		.byte	0
 579 011e 08       		.uleb128 0x8
 580 011f 60000000 		.4byte	.LASF16
 581 0123 03       		.byte	0x3
 582 0124 A3       		.byte	0xa3
 583 0125 2F010000 		.4byte	0x12f
 584 0129 05       		.uleb128 0x5
 585 012a 03       		.byte	0x3
 586 012b 00000000 		.4byte	cy_metadata
 587 012f 07       		.uleb128 0x7
 588 0130 0E010000 		.4byte	0x10e
 589 0134 00       		.byte	0
 590              		.section	.debug_abbrev,"",%progbits
 591              	.Ldebug_abbrev0:
 592 0000 01       		.uleb128 0x1
 593 0001 11       		.uleb128 0x11
 594 0002 01       		.byte	0x1
 595 0003 25       		.uleb128 0x25
 596 0004 0E       		.uleb128 0xe
 597 0005 13       		.uleb128 0x13
 598 0006 0B       		.uleb128 0xb
 599 0007 03       		.uleb128 0x3
 600 0008 0E       		.uleb128 0xe
 601 0009 1B       		.uleb128 0x1b
 602 000a 0E       		.uleb128 0xe
 603 000b 10       		.uleb128 0x10
 604 000c 17       		.uleb128 0x17
 605 000d 00       		.byte	0
 606 000e 00       		.byte	0
 607 000f 02       		.uleb128 0x2
 608 0010 24       		.uleb128 0x24
 609 0011 00       		.byte	0
 610 0012 0B       		.uleb128 0xb
 611 0013 0B       		.uleb128 0xb
 612 0014 3E       		.uleb128 0x3e
 613 0015 0B       		.uleb128 0xb
 614 0016 03       		.uleb128 0x3
 615 0017 0E       		.uleb128 0xe
 616 0018 00       		.byte	0
 617 0019 00       		.byte	0
 618 001a 03       		.uleb128 0x3
 619 001b 16       		.uleb128 0x16
 620 001c 00       		.byte	0
 621 001d 03       		.uleb128 0x3
 622 001e 0E       		.uleb128 0xe
 623 001f 3A       		.uleb128 0x3a
ARM GAS  C:\Users\Krist\AppData\Local\Temp\cc8JhTFg.s 			page 12


 624 0020 0B       		.uleb128 0xb
 625 0021 3B       		.uleb128 0x3b
 626 0022 0B       		.uleb128 0xb
 627 0023 49       		.uleb128 0x49
 628 0024 13       		.uleb128 0x13
 629 0025 00       		.byte	0
 630 0026 00       		.byte	0
 631 0027 04       		.uleb128 0x4
 632 0028 24       		.uleb128 0x24
 633 0029 00       		.byte	0
 634 002a 0B       		.uleb128 0xb
 635 002b 0B       		.uleb128 0xb
 636 002c 3E       		.uleb128 0x3e
 637 002d 0B       		.uleb128 0xb
 638 002e 03       		.uleb128 0x3
 639 002f 08       		.uleb128 0x8
 640 0030 00       		.byte	0
 641 0031 00       		.byte	0
 642 0032 05       		.uleb128 0x5
 643 0033 01       		.uleb128 0x1
 644 0034 01       		.byte	0x1
 645 0035 49       		.uleb128 0x49
 646 0036 13       		.uleb128 0x13
 647 0037 01       		.uleb128 0x1
 648 0038 13       		.uleb128 0x13
 649 0039 00       		.byte	0
 650 003a 00       		.byte	0
 651 003b 06       		.uleb128 0x6
 652 003c 21       		.uleb128 0x21
 653 003d 00       		.byte	0
 654 003e 49       		.uleb128 0x49
 655 003f 13       		.uleb128 0x13
 656 0040 2F       		.uleb128 0x2f
 657 0041 05       		.uleb128 0x5
 658 0042 00       		.byte	0
 659 0043 00       		.byte	0
 660 0044 07       		.uleb128 0x7
 661 0045 26       		.uleb128 0x26
 662 0046 00       		.byte	0
 663 0047 49       		.uleb128 0x49
 664 0048 13       		.uleb128 0x13
 665 0049 00       		.byte	0
 666 004a 00       		.byte	0
 667 004b 08       		.uleb128 0x8
 668 004c 34       		.uleb128 0x34
 669 004d 00       		.byte	0
 670 004e 03       		.uleb128 0x3
 671 004f 0E       		.uleb128 0xe
 672 0050 3A       		.uleb128 0x3a
 673 0051 0B       		.uleb128 0xb
 674 0052 3B       		.uleb128 0x3b
 675 0053 0B       		.uleb128 0xb
 676 0054 49       		.uleb128 0x49
 677 0055 13       		.uleb128 0x13
 678 0056 3F       		.uleb128 0x3f
 679 0057 19       		.uleb128 0x19
 680 0058 02       		.uleb128 0x2
ARM GAS  C:\Users\Krist\AppData\Local\Temp\cc8JhTFg.s 			page 13


 681 0059 18       		.uleb128 0x18
 682 005a 00       		.byte	0
 683 005b 00       		.byte	0
 684 005c 09       		.uleb128 0x9
 685 005d 21       		.uleb128 0x21
 686 005e 00       		.byte	0
 687 005f 49       		.uleb128 0x49
 688 0060 13       		.uleb128 0x13
 689 0061 2F       		.uleb128 0x2f
 690 0062 0B       		.uleb128 0xb
 691 0063 00       		.byte	0
 692 0064 00       		.byte	0
 693 0065 00       		.byte	0
 694              		.section	.debug_aranges,"",%progbits
 695 0000 14000000 		.4byte	0x14
 696 0004 0200     		.2byte	0x2
 697 0006 00000000 		.4byte	.Ldebug_info0
 698 000a 04       		.byte	0x4
 699 000b 00       		.byte	0
 700 000c 0000     		.2byte	0
 701 000e 0000     		.2byte	0
 702 0010 00000000 		.4byte	0
 703 0014 00000000 		.4byte	0
 704              		.section	.debug_line,"",%progbits
 705              	.Ldebug_line0:
 706 0000 3D010000 		.section	.debug_str,"MS",%progbits,1
 706      02003701 
 706      00000201 
 706      FB0E0D00 
 706      01010101 
 707              	.LASF9:
 708 0000 5F5F7569 		.ascii	"__uint8_t\000"
 708      6E74385F 
 708      7400
 709              	.LASF19:
 710 000a 433A5C55 		.ascii	"C:\\Users\\Krist\\OneDrive\\Dokumenter\\GitHub\\pla"
 710      73657273 
 710      5C4B7269 
 710      73745C4F 
 710      6E654472 
 711 0037 746F6F6E 		.ascii	"tooning\\PSoC\\PeakDetector\\FirstTry.cydsn\000"
 711      696E675C 
 711      50536F43 
 711      5C506561 
 711      6B446574 
 712              	.LASF16:
 713 0060 63795F6D 		.ascii	"cy_metadata\000"
 713      65746164 
 713      61746100 
 714              	.LASF1:
 715 006c 756E7369 		.ascii	"unsigned char\000"
 715      676E6564 
 715      20636861 
 715      7200
 716              	.LASF17:
 717 007a 474E5520 		.ascii	"GNU C11 5.4.1 20160609 (release) [ARM/embedded-5-br"
 717      43313120 
ARM GAS  C:\Users\Krist\AppData\Local\Temp\cc8JhTFg.s 			page 14


 717      352E342E 
 717      31203230 
 717      31363036 
 718 00ad 616E6368 		.ascii	"anch revision 237715] -mcpu=cortex-m3 -mthumb -g -O"
 718      20726576 
 718      6973696F 
 718      6E203233 
 718      37373135 
 719 00e0 67202D66 		.ascii	"g -ffunction-sections -ffat-lto-objects\000"
 719      66756E63 
 719      74696F6E 
 719      2D736563 
 719      74696F6E 
 720              	.LASF5:
 721 0108 6C6F6E67 		.ascii	"long unsigned int\000"
 721      20756E73 
 721      69676E65 
 721      6420696E 
 721      7400
 722              	.LASF3:
 723 011a 73686F72 		.ascii	"short unsigned int\000"
 723      7420756E 
 723      7369676E 
 723      65642069 
 723      6E7400
 724              	.LASF13:
 725 012d 63795F6D 		.ascii	"cy_meta_custnvl\000"
 725      6574615F 
 725      63757374 
 725      6E766C00 
 726              	.LASF12:
 727 013d 63795F6D 		.ascii	"cy_meta_configecc\000"
 727      6574615F 
 727      636F6E66 
 727      69676563 
 727      6300
 728              	.LASF8:
 729 014f 756E7369 		.ascii	"unsigned int\000"
 729      676E6564 
 729      20696E74 
 729      00
 730              	.LASF7:
 731 015c 6C6F6E67 		.ascii	"long long unsigned int\000"
 731      206C6F6E 
 731      6720756E 
 731      7369676E 
 731      65642069 
 732              	.LASF10:
 733 0173 75696E74 		.ascii	"uint8_t\000"
 733      385F7400 
 734              	.LASF15:
 735 017b 63795F6D 		.ascii	"cy_meta_flashprotect\000"
 735      6574615F 
 735      666C6173 
 735      6870726F 
 735      74656374 
 736              	.LASF14:
ARM GAS  C:\Users\Krist\AppData\Local\Temp\cc8JhTFg.s 			page 15


 737 0190 63795F6D 		.ascii	"cy_meta_wonvl\000"
 737      6574615F 
 737      776F6E76 
 737      6C00
 738              	.LASF11:
 739 019e 73697A65 		.ascii	"sizetype\000"
 739      74797065 
 739      00
 740              	.LASF6:
 741 01a7 6C6F6E67 		.ascii	"long long int\000"
 741      206C6F6E 
 741      6720696E 
 741      7400
 742              	.LASF2:
 743 01b5 73686F72 		.ascii	"short int\000"
 743      7420696E 
 743      7400
 744              	.LASF4:
 745 01bf 6C6F6E67 		.ascii	"long int\000"
 745      20696E74 
 745      00
 746              	.LASF0:
 747 01c8 7369676E 		.ascii	"signed char\000"
 747      65642063 
 747      68617200 
 748              	.LASF18:
 749 01d4 47656E65 		.ascii	"Generated_Source\\PSoC5\\cymetadata.c\000"
 749      72617465 
 749      645F536F 
 749      75726365 
 749      5C50536F 
 750              		.ident	"GCC: (GNU Tools for ARM Embedded Processors) 5.4.1 20160609 (release) [ARM/embedded-5-bran
