ARM GAS  C:\Users\Krist\AppData\Local\Temp\ccsDnOFR.s 			page 1


   1              		.syntax unified
   2              		.cpu cortex-m3
   3              		.fpu softvfp
   4              		.eabi_attribute 20, 1
   5              		.eabi_attribute 21, 1
   6              		.eabi_attribute 23, 3
   7              		.eabi_attribute 24, 1
   8              		.eabi_attribute 25, 1
   9              		.eabi_attribute 26, 1
  10              		.eabi_attribute 30, 1
  11              		.eabi_attribute 34, 1
  12              		.eabi_attribute 18, 4
  13              		.thumb
  14              		.syntax unified
  15              		.file	"main.c"
  16              		.text
  17              	.Ltext0:
  18              		.cfi_sections	.debug_frame
  19              		.section	.text.ISR_A_Interrupt,"ax",%progbits
  20              		.align	2
  21              		.global	ISR_A_Interrupt
  22              		.thumb
  23              		.thumb_func
  24              		.type	ISR_A_Interrupt, %function
  25              	ISR_A_Interrupt:
  26              	.LFB64:
  27              		.file 1 "main.c"
   1:main.c        **** /* ========================================
   2:main.c        ****  *
   3:main.c        ****  * Copyright YOUR COMPANY, THE YEAR
   4:main.c        ****  * All Rights Reserved
   5:main.c        ****  * UNPUBLISHED, LICENSED SOFTWARE.
   6:main.c        ****  *
   7:main.c        ****  * CONFIDENTIAL AND PROPRIETARY INFORMATION
   8:main.c        ****  * WHICH IS THE PROPERTY OF your company.
   9:main.c        ****  *
  10:main.c        ****  * ========================================
  11:main.c        **** */
  12:main.c        **** #include "project.h"
  13:main.c        **** #include <stdint.h>
  14:main.c        **** #include "stdio.h"
  15:main.c        **** 
  16:main.c        **** 
  17:main.c        **** char TransmitBufferUSB[16];
  18:main.c        **** #define DATA_LENGTH 100
  19:main.c        **** 
  20:main.c        **** typedef struct {
  21:main.c        ****     uint16_t time;
  22:main.c        ****     int16 value;
  23:main.c        **** } datapoint;
  24:main.c        **** 
  25:main.c        **** datapoint DataA[DATA_LENGTH];
  26:main.c        **** datapoint DataB[DATA_LENGTH];
  27:main.c        **** uint8 indexA = 0;
  28:main.c        **** uint8 indexB = 0;
  29:main.c        **** 
  30:main.c        **** 
ARM GAS  C:\Users\Krist\AppData\Local\Temp\ccsDnOFR.s 			page 2


  31:main.c        **** CY_ISR(ISR_A_Interrupt){
  28              		.loc 1 31 0
  29              		.cfi_startproc
  30              		@ args = 0, pretend = 0, frame = 0
  31              		@ frame_needed = 0, uses_anonymous_args = 0
  32 0000 F8B5     		push	{r3, r4, r5, r6, r7, lr}
  33              		.cfi_def_cfa_offset 24
  34              		.cfi_offset 3, -24
  35              		.cfi_offset 4, -20
  36              		.cfi_offset 5, -16
  37              		.cfi_offset 6, -12
  38              		.cfi_offset 7, -8
  39              		.cfi_offset 14, -4
  32:main.c        ****     sprintf(TransmitBufferUSB, "Entered ISR_A - A:%d - B:%d\n\r",indexA, indexB);
  40              		.loc 1 32 0
  41 0002 3D4C     		ldr	r4, .L6
  42 0004 3D4D     		ldr	r5, .L6+4
  43 0006 2378     		ldrb	r3, [r4]	@ zero_extendqisi2
  44 0008 6278     		ldrb	r2, [r4, #1]	@ zero_extendqisi2
  45 000a 3D49     		ldr	r1, .L6+8
  46 000c 2846     		mov	r0, r5
  47 000e FFF7FEFF 		bl	sprintf
  48              	.LVL0:
  33:main.c        ****     UART_1_PutString(TransmitBufferUSB);
  49              		.loc 1 33 0
  50 0012 2846     		mov	r0, r5
  51 0014 FFF7FEFF 		bl	UART_1_PutString
  52              	.LVL1:
  34:main.c        ****     
  35:main.c        ****     if (!indexA && !indexB) {
  53              		.loc 1 35 0
  54 0018 6378     		ldrb	r3, [r4, #1]	@ zero_extendqisi2
  55 001a EBB9     		cbnz	r3, .L2
  56              		.loc 1 35 0 is_stmt 0 discriminator 1
  57 001c 2378     		ldrb	r3, [r4]	@ zero_extendqisi2
  58 001e DBB9     		cbnz	r3, .L2
  36:main.c        ****         
  37:main.c        ****         sprintf(TransmitBufferUSB, "resetting counter... ");
  59              		.loc 1 37 0 is_stmt 1
  60 0020 2C46     		mov	r4, r5
  61 0022 384D     		ldr	r5, .L6+12
  62 0024 0FCD     		ldmia	r5!, {r0, r1, r2, r3}
  63 0026 2060     		str	r0, [r4]	@ unaligned
  64 0028 6160     		str	r1, [r4, #4]	@ unaligned
  65 002a A260     		str	r2, [r4, #8]	@ unaligned
  66 002c E360     		str	r3, [r4, #12]	@ unaligned
  67 002e 2868     		ldr	r0, [r5]	@ unaligned
  68 0030 2061     		str	r0, [r4, #16]	@ unaligned
  69 0032 AB88     		ldrh	r3, [r5, #4]	@ unaligned
  70 0034 A382     		strh	r3, [r4, #20]	@ unaligned
  38:main.c        ****         UART_1_PutString(TransmitBufferUSB);
  71              		.loc 1 38 0
  72 0036 2046     		mov	r0, r4
  73 0038 FFF7FEFF 		bl	UART_1_PutString
  74              	.LVL2:
  39:main.c        ****         Counter_WriteCounter(0);
  75              		.loc 1 39 0
ARM GAS  C:\Users\Krist\AppData\Local\Temp\ccsDnOFR.s 			page 3


  76 003c 0020     		movs	r0, #0
  77 003e FFF7FEFF 		bl	Counter_WriteCounter
  78              	.LVL3:
  40:main.c        ****         
  41:main.c        ****     sprintf(TransmitBufferUSB, "Counter reset.\n\r");
  79              		.loc 1 41 0
  80 0042 314D     		ldr	r5, .L6+16
  81 0044 0FCD     		ldmia	r5!, {r0, r1, r2, r3}
  82 0046 2060     		str	r0, [r4]	@ unaligned
  83 0048 6160     		str	r1, [r4, #4]	@ unaligned
  84 004a A260     		str	r2, [r4, #8]	@ unaligned
  85 004c E360     		str	r3, [r4, #12]	@ unaligned
  86 004e 2B78     		ldrb	r3, [r5]	@ zero_extendqisi2
  87 0050 2374     		strb	r3, [r4, #16]
  42:main.c        ****     UART_1_PutString(TransmitBufferUSB);
  88              		.loc 1 42 0
  89 0052 2046     		mov	r0, r4
  90 0054 FFF7FEFF 		bl	UART_1_PutString
  91              	.LVL4:
  92              	.L2:
  43:main.c        ****     }
  44:main.c        ****     
  45:main.c        ****     sprintf(TransmitBufferUSB, "Starting sample...");
  93              		.loc 1 45 0
  94 0058 284C     		ldr	r4, .L6+4
  95 005a 2C4D     		ldr	r5, .L6+20
  96 005c 0FCD     		ldmia	r5!, {r0, r1, r2, r3}
  97 005e 2060     		str	r0, [r4]	@ unaligned
  98 0060 6160     		str	r1, [r4, #4]	@ unaligned
  99 0062 A260     		str	r2, [r4, #8]	@ unaligned
 100 0064 E360     		str	r3, [r4, #12]	@ unaligned
 101 0066 2A88     		ldrh	r2, [r5]	@ unaligned
 102 0068 AB78     		ldrb	r3, [r5, #2]	@ zero_extendqisi2
 103 006a 2282     		strh	r2, [r4, #16]	@ unaligned
 104 006c A374     		strb	r3, [r4, #18]
  46:main.c        ****     UART_1_PutString(TransmitBufferUSB);
 105              		.loc 1 46 0
 106 006e 2046     		mov	r0, r4
 107 0070 FFF7FEFF 		bl	UART_1_PutString
 108              	.LVL5:
  47:main.c        ****     //Sample 1 value
  48:main.c        ****     ADC_A_StartConvert();
 109              		.loc 1 48 0
 110 0074 FFF7FEFF 		bl	ADC_A_StartConvert
 111              	.LVL6:
  49:main.c        ****     sprintf(TransmitBufferUSB, "Sample started...");
 112              		.loc 1 49 0
 113 0078 254D     		ldr	r5, .L6+24
 114 007a 0FCD     		ldmia	r5!, {r0, r1, r2, r3}
 115 007c 2060     		str	r0, [r4]	@ unaligned
 116 007e 6160     		str	r1, [r4, #4]	@ unaligned
 117 0080 A260     		str	r2, [r4, #8]	@ unaligned
 118 0082 E360     		str	r3, [r4, #12]	@ unaligned
 119 0084 2B88     		ldrh	r3, [r5]	@ unaligned
 120 0086 2382     		strh	r3, [r4, #16]	@ unaligned
  50:main.c        ****     UART_1_PutString(TransmitBufferUSB);
 121              		.loc 1 50 0
ARM GAS  C:\Users\Krist\AppData\Local\Temp\ccsDnOFR.s 			page 4


 122 0088 2046     		mov	r0, r4
 123 008a FFF7FEFF 		bl	UART_1_PutString
 124              	.LVL7:
 125              	.L3:
  51:main.c        ****     
  52:main.c        ****     //Wait for result
  53:main.c        ****     while(!ADC_A_IsEndConversion(ADC_A_WAIT_FOR_RESULT)){}
 126              		.loc 1 53 0 discriminator 1
 127 008e 0020     		movs	r0, #0
 128 0090 FFF7FEFF 		bl	ADC_A_IsEndConversion
 129              	.LVL8:
 130 0094 0028     		cmp	r0, #0
 131 0096 FAD0     		beq	.L3
  54:main.c        ****     sprintf(TransmitBufferUSB, "Sample ended.\n\rGetting results...");
 132              		.loc 1 54 0
 133 0098 1E4E     		ldr	r6, .L6+28
 134 009a 184C     		ldr	r4, .L6+4
 135 009c 06F12007 		add	r7, r6, #32
 136              	.L4:
 137 00a0 3546     		mov	r5, r6
 138 00a2 0FCD     		ldmia	r5!, {r0, r1, r2, r3}
 139 00a4 2060     		str	r0, [r4]	@ unaligned
 140 00a6 6160     		str	r1, [r4, #4]	@ unaligned
 141 00a8 A260     		str	r2, [r4, #8]	@ unaligned
 142 00aa E360     		str	r3, [r4, #12]	@ unaligned
 143 00ac 2E46     		mov	r6, r5
 144 00ae 1034     		adds	r4, r4, #16
 145 00b0 BD42     		cmp	r5, r7
 146 00b2 F5D1     		bne	.L4
 147 00b4 2B88     		ldrh	r3, [r5]	@ unaligned
 148 00b6 2380     		strh	r3, [r4]	@ unaligned
  55:main.c        ****     UART_1_PutString(TransmitBufferUSB);
 149              		.loc 1 55 0
 150 00b8 104D     		ldr	r5, .L6+4
 151 00ba 2846     		mov	r0, r5
 152 00bc FFF7FEFF 		bl	UART_1_PutString
 153              	.LVL9:
  56:main.c        ****     
  57:main.c        ****     //Save result to 'value'
  58:main.c        ****     
  59:main.c        ****     DataA[indexA] = (datapoint) {ADC_A_GetResult16(), 
 154              		.loc 1 59 0
 155 00c0 0D4E     		ldr	r6, .L6
 156 00c2 7478     		ldrb	r4, [r6, #1]	@ zero_extendqisi2
 157 00c4 FFF7FEFF 		bl	ADC_A_GetResult16
 158              	.LVL10:
 159 00c8 0746     		mov	r7, r0
  60:main.c        ****                                  Counter_ReadCounter()};
 160              		.loc 1 60 0
 161 00ca FFF7FEFF 		bl	Counter_ReadCounter
 162              	.LVL11:
  59:main.c        ****                                  Counter_ReadCounter()};
 163              		.loc 1 59 0
 164 00ce 124B     		ldr	r3, .L6+32
 165 00d0 23F82470 		strh	r7, [r3, r4, lsl #2]	@ movhi
 166 00d4 03EB8404 		add	r4, r3, r4, lsl #2
 167 00d8 6080     		strh	r0, [r4, #2]	@ movhi
ARM GAS  C:\Users\Krist\AppData\Local\Temp\ccsDnOFR.s 			page 5


  61:main.c        ****     indexA++;
 168              		.loc 1 61 0
 169 00da 7278     		ldrb	r2, [r6, #1]	@ zero_extendqisi2
 170 00dc 0132     		adds	r2, r2, #1
 171 00de D2B2     		uxtb	r2, r2
 172 00e0 7270     		strb	r2, [r6, #1]
  62:main.c        ****     sprintf(TransmitBufferUSB, "Got results okay. DataA[%d].time = %d\n\r", indexA, DataA[indexA].t
 173              		.loc 1 62 0
 174 00e2 33F82230 		ldrh	r3, [r3, r2, lsl #2]
 175 00e6 0D49     		ldr	r1, .L6+36
 176 00e8 2846     		mov	r0, r5
 177 00ea FFF7FEFF 		bl	sprintf
 178              	.LVL12:
  63:main.c        ****     UART_1_PutString(TransmitBufferUSB);
 179              		.loc 1 63 0
 180 00ee 2846     		mov	r0, r5
 181 00f0 FFF7FEFF 		bl	UART_1_PutString
 182              	.LVL13:
 183 00f4 F8BD     		pop	{r3, r4, r5, r6, r7, pc}
 184              	.L7:
 185 00f6 00BF     		.align	2
 186              	.L6:
 187 00f8 00000000 		.word	.LANCHOR0
 188 00fc 00000000 		.word	TransmitBufferUSB
 189 0100 00000000 		.word	.LC0
 190 0104 20000000 		.word	.LC1
 191 0108 38000000 		.word	.LC2
 192 010c 4C000000 		.word	.LC3
 193 0110 60000000 		.word	.LC4
 194 0114 74000000 		.word	.LC5
 195 0118 00000000 		.word	DataA
 196 011c 98000000 		.word	.LC6
 197              		.cfi_endproc
 198              	.LFE64:
 199              		.size	ISR_A_Interrupt, .-ISR_A_Interrupt
 200              		.section	.text.ISR_B_Interrupt,"ax",%progbits
 201              		.align	2
 202              		.global	ISR_B_Interrupt
 203              		.thumb
 204              		.thumb_func
 205              		.type	ISR_B_Interrupt, %function
 206              	ISR_B_Interrupt:
 207              	.LFB65:
  64:main.c        ****     
  65:main.c        **** }
  66:main.c        **** 
  67:main.c        **** CY_ISR(ISR_B_Interrupt){
 208              		.loc 1 67 0
 209              		.cfi_startproc
 210              		@ args = 0, pretend = 0, frame = 0
 211              		@ frame_needed = 0, uses_anonymous_args = 0
 212 0000 70B5     		push	{r4, r5, r6, lr}
 213              		.cfi_def_cfa_offset 16
 214              		.cfi_offset 4, -16
 215              		.cfi_offset 5, -12
 216              		.cfi_offset 6, -8
 217              		.cfi_offset 14, -4
ARM GAS  C:\Users\Krist\AppData\Local\Temp\ccsDnOFR.s 			page 6


  68:main.c        ****     sprintf(TransmitBufferUSB, "Entered ISR_B - A:%d - B:%d\n\r",indexA, indexB);
 218              		.loc 1 68 0
 219 0002 144C     		ldr	r4, .L12
 220 0004 144D     		ldr	r5, .L12+4
 221 0006 2378     		ldrb	r3, [r4]	@ zero_extendqisi2
 222 0008 6278     		ldrb	r2, [r4, #1]	@ zero_extendqisi2
 223 000a 1449     		ldr	r1, .L12+8
 224 000c 2846     		mov	r0, r5
 225 000e FFF7FEFF 		bl	sprintf
 226              	.LVL14:
  69:main.c        ****     UART_1_PutString(TransmitBufferUSB);
 227              		.loc 1 69 0
 228 0012 2846     		mov	r0, r5
 229 0014 FFF7FEFF 		bl	UART_1_PutString
 230              	.LVL15:
  70:main.c        ****     
  71:main.c        ****     
  72:main.c        ****     if (!indexB && !indexB) {
 231              		.loc 1 72 0
 232 0018 2378     		ldrb	r3, [r4]	@ zero_extendqisi2
 233 001a 13B9     		cbnz	r3, .L9
  73:main.c        ****         Counter_WriteCounter(0);
 234              		.loc 1 73 0
 235 001c 0020     		movs	r0, #0
 236 001e FFF7FEFF 		bl	Counter_WriteCounter
 237              	.LVL16:
 238              	.L9:
  74:main.c        ****     }
  75:main.c        ****     
  76:main.c        ****     //Sample 1 value
  77:main.c        ****     ADC_B_StartConvert();
 239              		.loc 1 77 0
 240 0022 FFF7FEFF 		bl	ADC_B_StartConvert
 241              	.LVL17:
 242              	.L10:
  78:main.c        ****     //Wait for result
  79:main.c        ****     while(!ADC_B_IsEndConversion(ADC_B_WAIT_FOR_RESULT)){}
 243              		.loc 1 79 0 discriminator 1
 244 0026 0020     		movs	r0, #0
 245 0028 FFF7FEFF 		bl	ADC_B_IsEndConversion
 246              	.LVL18:
 247 002c 0028     		cmp	r0, #0
 248 002e FAD0     		beq	.L10
  80:main.c        ****     
  81:main.c        ****     
  82:main.c        ****     //Save result to 'value'
  83:main.c        ****     DataB[indexB] = (datapoint) {ADC_B_GetResult16(),
 249              		.loc 1 83 0
 250 0030 084C     		ldr	r4, .L12
 251 0032 2578     		ldrb	r5, [r4]	@ zero_extendqisi2
 252 0034 FFF7FEFF 		bl	ADC_B_GetResult16
 253              	.LVL19:
 254 0038 0646     		mov	r6, r0
  84:main.c        ****                                  Counter_ReadCounter()};
 255              		.loc 1 84 0
 256 003a FFF7FEFF 		bl	Counter_ReadCounter
 257              	.LVL20:
ARM GAS  C:\Users\Krist\AppData\Local\Temp\ccsDnOFR.s 			page 7


  83:main.c        ****                                  Counter_ReadCounter()};
 258              		.loc 1 83 0
 259 003e 084B     		ldr	r3, .L12+12
 260 0040 23F82560 		strh	r6, [r3, r5, lsl #2]	@ movhi
 261 0044 03EB8503 		add	r3, r3, r5, lsl #2
 262 0048 5880     		strh	r0, [r3, #2]	@ movhi
  85:main.c        ****     indexB++;
 263              		.loc 1 85 0
 264 004a 2378     		ldrb	r3, [r4]	@ zero_extendqisi2
 265 004c 0133     		adds	r3, r3, #1
 266 004e 2370     		strb	r3, [r4]
 267 0050 70BD     		pop	{r4, r5, r6, pc}
 268              	.L13:
 269 0052 00BF     		.align	2
 270              	.L12:
 271 0054 00000000 		.word	.LANCHOR0
 272 0058 00000000 		.word	TransmitBufferUSB
 273 005c C0000000 		.word	.LC7
 274 0060 00000000 		.word	DataB
 275              		.cfi_endproc
 276              	.LFE65:
 277              		.size	ISR_B_Interrupt, .-ISR_B_Interrupt
 278              		.section	.text.calc_delta_time,"ax",%progbits
 279              		.align	2
 280              		.global	calc_delta_time
 281              		.thumb
 282              		.thumb_func
 283              		.type	calc_delta_time, %function
 284              	calc_delta_time:
 285              	.LFB66:
  86:main.c        ****     
  87:main.c        **** }
  88:main.c        **** 
  89:main.c        **** int32_t calc_delta_time() {
 286              		.loc 1 89 0
 287              		.cfi_startproc
 288              		@ args = 0, pretend = 0, frame = 0
 289              		@ frame_needed = 0, uses_anonymous_args = 0
 290              		@ link register save eliminated.
 291              	.LVL21:
 292              	.LBB2:
  90:main.c        ****     uint8_t DataA_Pos = 0;
  91:main.c        ****     uint8_t DataB_Pos = 0;
  92:main.c        ****     
  93:main.c        ****     int16_t tmp_amp = 0;
  94:main.c        ****     
  95:main.c        ****     for (uint8_t i = 0; i < DATA_LENGTH; i++) {
 293              		.loc 1 95 0
 294 0000 0023     		movs	r3, #0
 295              	.LBE2:
  90:main.c        ****     uint8_t DataA_Pos = 0;
 296              		.loc 1 90 0
 297 0002 1846     		mov	r0, r3
 298              	.LBB3:
 299              		.loc 1 95 0
 300 0004 09E0     		b	.L15
 301              	.LVL22:
ARM GAS  C:\Users\Krist\AppData\Local\Temp\ccsDnOFR.s 			page 8


 302              	.L17:
  96:main.c        ****         if (DataA[i].value > tmp_amp) {
 303              		.loc 1 96 0
 304 0006 114A     		ldr	r2, .L23
 305 0008 02EB8302 		add	r2, r2, r3, lsl #2
 306 000c B2F90220 		ldrsh	r2, [r2, #2]
 307 0010 002A     		cmp	r2, #0
 308 0012 00DD     		ble	.L16
  97:main.c        ****             DataA_Pos = i;
 309              		.loc 1 97 0
 310 0014 1846     		mov	r0, r3
 311              	.LVL23:
 312              	.L16:
  95:main.c        ****         if (DataA[i].value > tmp_amp) {
 313              		.loc 1 95 0 discriminator 2
 314 0016 0133     		adds	r3, r3, #1
 315              	.LVL24:
 316 0018 DBB2     		uxtb	r3, r3
 317              	.LVL25:
 318              	.L15:
  95:main.c        ****         if (DataA[i].value > tmp_amp) {
 319              		.loc 1 95 0 is_stmt 0 discriminator 1
 320 001a 632B     		cmp	r3, #99
 321 001c F3D9     		bls	.L17
 322 001e 0023     		movs	r3, #0
 323              	.LVL26:
 324 0020 1946     		mov	r1, r3
 325 0022 09E0     		b	.L18
 326              	.LVL27:
 327              	.L20:
 328              	.LBE3:
 329              	.LBB4:
  98:main.c        ****         }
  99:main.c        ****     }
 100:main.c        ****     
 101:main.c        ****     tmp_amp = 0;
 102:main.c        ****     
 103:main.c        ****     for (uint8_t i = 0; i < DATA_LENGTH; i++) {
 104:main.c        ****         if (DataB[i].value > tmp_amp) {
 330              		.loc 1 104 0 is_stmt 1
 331 0024 0A4A     		ldr	r2, .L23+4
 332 0026 02EB8302 		add	r2, r2, r3, lsl #2
 333 002a B2F90220 		ldrsh	r2, [r2, #2]
 334 002e 002A     		cmp	r2, #0
 335 0030 00DD     		ble	.L19
 105:main.c        ****             DataB_Pos = i;
 336              		.loc 1 105 0
 337 0032 1946     		mov	r1, r3
 338              	.LVL28:
 339              	.L19:
 103:main.c        ****         if (DataB[i].value > tmp_amp) {
 340              		.loc 1 103 0 discriminator 2
 341 0034 0133     		adds	r3, r3, #1
 342              	.LVL29:
 343 0036 DBB2     		uxtb	r3, r3
 344              	.LVL30:
 345              	.L18:
ARM GAS  C:\Users\Krist\AppData\Local\Temp\ccsDnOFR.s 			page 9


 103:main.c        ****         if (DataB[i].value > tmp_amp) {
 346              		.loc 1 103 0 is_stmt 0 discriminator 1
 347 0038 632B     		cmp	r3, #99
 348 003a F3D9     		bls	.L20
 349              	.LBE4:
 106:main.c        ****         }
 107:main.c        ****     }
 108:main.c        ****     
 109:main.c        ****     return DataA[DataA_Pos].time - DataB[DataB_Pos].time;
 350              		.loc 1 109 0 is_stmt 1
 351 003c 034B     		ldr	r3, .L23
 352              	.LVL31:
 353 003e 33F82000 		ldrh	r0, [r3, r0, lsl #2]
 354              	.LVL32:
 355 0042 034B     		ldr	r3, .L23+4
 356 0044 33F82130 		ldrh	r3, [r3, r1, lsl #2]
 110:main.c        **** }
 357              		.loc 1 110 0
 358 0048 C01A     		subs	r0, r0, r3
 359 004a 7047     		bx	lr
 360              	.L24:
 361              		.align	2
 362              	.L23:
 363 004c 00000000 		.word	DataA
 364 0050 00000000 		.word	DataB
 365              		.cfi_endproc
 366              	.LFE66:
 367              		.size	calc_delta_time, .-calc_delta_time
 368              		.global	__aeabi_i2f
 369              		.global	__aeabi_fmul
 370              		.global	__aeabi_f2iz
 371              		.section	.text.convert_time_to_angle,"ax",%progbits
 372              		.align	2
 373              		.global	convert_time_to_angle
 374              		.thumb
 375              		.thumb_func
 376              		.type	convert_time_to_angle, %function
 377              	convert_time_to_angle:
 378              	.LFB67:
 111:main.c        **** 
 112:main.c        **** int8_t convert_time_to_angle(float time_to_angle_factor, 
 113:main.c        ****                                     int32_t time_delta) {
 379              		.loc 1 113 0
 380              		.cfi_startproc
 381              		@ args = 0, pretend = 0, frame = 0
 382              		@ frame_needed = 0, uses_anonymous_args = 0
 383              	.LVL33:
 384 0000 10B5     		push	{r4, lr}
 385              		.cfi_def_cfa_offset 8
 386              		.cfi_offset 4, -8
 387              		.cfi_offset 14, -4
 388 0002 0446     		mov	r4, r0
 114:main.c        ****     return (int8_t)(time_to_angle_factor * time_delta);
 389              		.loc 1 114 0
 390 0004 0846     		mov	r0, r1
 391              	.LVL34:
 392 0006 FFF7FEFF 		bl	__aeabi_i2f
ARM GAS  C:\Users\Krist\AppData\Local\Temp\ccsDnOFR.s 			page 10


 393              	.LVL35:
 394 000a 2146     		mov	r1, r4
 395 000c FFF7FEFF 		bl	__aeabi_fmul
 396              	.LVL36:
 397 0010 FFF7FEFF 		bl	__aeabi_f2iz
 398              	.LVL37:
 115:main.c        **** }
 399              		.loc 1 115 0
 400 0014 40B2     		sxtb	r0, r0
 401 0016 10BD     		pop	{r4, pc}
 402              		.cfi_endproc
 403              	.LFE67:
 404              		.size	convert_time_to_angle, .-convert_time_to_angle
 405              		.section	.text.main,"ax",%progbits
 406              		.align	2
 407              		.global	main
 408              		.thumb
 409              		.thumb_func
 410              		.type	main, %function
 411              	main:
 412              	.LFB68:
 116:main.c        **** 
 117:main.c        **** int main(void)
 118:main.c        **** {    
 413              		.loc 1 118 0
 414              		.cfi_startproc
 415              		@ args = 0, pretend = 0, frame = 0
 416              		@ frame_needed = 0, uses_anonymous_args = 0
 417 0000 70B5     		push	{r4, r5, r6, lr}
 418              		.cfi_def_cfa_offset 16
 419              		.cfi_offset 4, -16
 420              		.cfi_offset 5, -12
 421              		.cfi_offset 6, -8
 422              		.cfi_offset 14, -4
 119:main.c        ****     Mixer_PD_A_Start();
 423              		.loc 1 119 0
 424 0002 FFF7FEFF 		bl	Mixer_PD_A_Start
 425              	.LVL38:
 120:main.c        ****     Mixer_PD_A_Start();
 426              		.loc 1 120 0
 427 0006 FFF7FEFF 		bl	Mixer_PD_A_Start
 428              	.LVL39:
 121:main.c        ****     Comp_PD_A_Start();
 429              		.loc 1 121 0
 430 000a FFF7FEFF 		bl	Comp_PD_A_Start
 431              	.LVL40:
 122:main.c        ****     Comp_PD_B_Start();
 432              		.loc 1 122 0
 433 000e FFF7FEFF 		bl	Comp_PD_B_Start
 434              	.LVL41:
 123:main.c        ****     Mixer_A_Start();
 435              		.loc 1 123 0
 436 0012 FFF7FEFF 		bl	Mixer_A_Start
 437              	.LVL42:
 124:main.c        ****     Mixer_B_Start();
 438              		.loc 1 124 0
 439 0016 FFF7FEFF 		bl	Mixer_B_Start
ARM GAS  C:\Users\Krist\AppData\Local\Temp\ccsDnOFR.s 			page 11


 440              	.LVL43:
 125:main.c        ****     VDAC_Start();
 441              		.loc 1 125 0
 442 001a FFF7FEFF 		bl	VDAC_Start
 443              	.LVL44:
 126:main.c        ****     ADC_A_Start();
 444              		.loc 1 126 0
 445 001e FFF7FEFF 		bl	ADC_A_Start
 446              	.LVL45:
 127:main.c        ****     ADC_B_Start();
 447              		.loc 1 127 0
 448 0022 FFF7FEFF 		bl	ADC_B_Start
 449              	.LVL46:
 128:main.c        ****     UART_1_Start();
 450              		.loc 1 128 0
 451 0026 FFF7FEFF 		bl	UART_1_Start
 452              	.LVL47:
 129:main.c        ****     sprintf(TransmitBufferUSB,"\n\n\n\n\rHello World\n\r");
 453              		.loc 1 129 0
 454 002a 2D4C     		ldr	r4, .L31
 455 002c 2D4D     		ldr	r5, .L31+4
 456 002e 0FCD     		ldmia	r5!, {r0, r1, r2, r3}
 457 0030 2060     		str	r0, [r4]	@ unaligned
 458 0032 6160     		str	r1, [r4, #4]	@ unaligned
 459 0034 A260     		str	r2, [r4, #8]	@ unaligned
 460 0036 E360     		str	r3, [r4, #12]	@ unaligned
 461 0038 2A88     		ldrh	r2, [r5]	@ unaligned
 462 003a AB78     		ldrb	r3, [r5, #2]	@ zero_extendqisi2
 463 003c 2282     		strh	r2, [r4, #16]	@ unaligned
 464 003e A374     		strb	r3, [r4, #18]
 130:main.c        ****     UART_1_PutString(TransmitBufferUSB);
 465              		.loc 1 130 0
 466 0040 2046     		mov	r0, r4
 467 0042 FFF7FEFF 		bl	UART_1_PutString
 468              	.LVL48:
 131:main.c        ****     
 132:main.c        ****     ISR_PIN_A_StartEx(ISR_A_Interrupt);
 469              		.loc 1 132 0
 470 0046 2848     		ldr	r0, .L31+8
 471 0048 FFF7FEFF 		bl	ISR_PIN_A_StartEx
 472              	.LVL49:
 133:main.c        ****     ISR_PIN_B_StartEx(ISR_B_Interrupt);
 473              		.loc 1 133 0
 474 004c 2748     		ldr	r0, .L31+12
 475 004e FFF7FEFF 		bl	ISR_PIN_B_StartEx
 476              	.LVL50:
 134:main.c        ****     
 135:main.c        ****     
 136:main.c        ****     sprintf(TransmitBufferUSB, "A:%d - B:%d\n\r",indexA, indexB);
 477              		.loc 1 136 0
 478 0052 274E     		ldr	r6, .L31+16
 479 0054 3378     		ldrb	r3, [r6]	@ zero_extendqisi2
 480 0056 7278     		ldrb	r2, [r6, #1]	@ zero_extendqisi2
 481 0058 2649     		ldr	r1, .L31+20
 482 005a 2046     		mov	r0, r4
 483 005c FFF7FEFF 		bl	sprintf
 484              	.LVL51:
ARM GAS  C:\Users\Krist\AppData\Local\Temp\ccsDnOFR.s 			page 12


 137:main.c        ****     UART_1_PutString(TransmitBufferUSB);
 485              		.loc 1 137 0
 486 0060 2046     		mov	r0, r4
 487 0062 FFF7FEFF 		bl	UART_1_PutString
 488              	.LVL52:
 138:main.c        ****     CyGlobalIntEnable; /* Enable global interrupts. */
 489              		.loc 1 138 0
 490              		.syntax unified
 491              	@ 138 "main.c" 1
 492 0066 62B6     		CPSIE   i
 493              	@ 0 "" 2
 139:main.c        ****     sprintf(TransmitBufferUSB, "\n\n\n\rISR IS FIXED\n\r");
 494              		.loc 1 139 0
 495              		.thumb
 496              		.syntax unified
 497 0068 234D     		ldr	r5, .L31+24
 498 006a 0FCD     		ldmia	r5!, {r0, r1, r2, r3}
 499 006c 2060     		str	r0, [r4]	@ unaligned
 500 006e 6160     		str	r1, [r4, #4]	@ unaligned
 501 0070 A260     		str	r2, [r4, #8]	@ unaligned
 502 0072 E360     		str	r3, [r4, #12]	@ unaligned
 503 0074 2A88     		ldrh	r2, [r5]	@ unaligned
 504 0076 AB78     		ldrb	r3, [r5, #2]	@ zero_extendqisi2
 505 0078 2282     		strh	r2, [r4, #16]	@ unaligned
 506 007a A374     		strb	r3, [r4, #18]
 140:main.c        ****     UART_1_PutString(TransmitBufferUSB);
 507              		.loc 1 140 0
 508 007c 2046     		mov	r0, r4
 509 007e FFF7FEFF 		bl	UART_1_PutString
 510              	.LVL53:
 141:main.c        ****     
 142:main.c        ****     
 143:main.c        ****     /* Place your initialization/startup code here (e.g. MyInst_Start()) */
 144:main.c        **** 
 145:main.c        ****     const float time_to_angle_factor = 0.2058;
 146:main.c        ****     int8_t angle = 0;
 147:main.c        ****     sprintf(TransmitBufferUSB, "A:%d - B:%d\n",indexA, indexB);
 511              		.loc 1 147 0
 512 0082 3378     		ldrb	r3, [r6]	@ zero_extendqisi2
 513 0084 7278     		ldrb	r2, [r6, #1]	@ zero_extendqisi2
 514 0086 1D49     		ldr	r1, .L31+28
 515 0088 2046     		mov	r0, r4
 516 008a FFF7FEFF 		bl	sprintf
 517              	.LVL54:
 148:main.c        ****     UART_1_PutString(TransmitBufferUSB);
 518              		.loc 1 148 0
 519 008e 2046     		mov	r0, r4
 520 0090 FFF7FEFF 		bl	UART_1_PutString
 521              	.LVL55:
 522              	.L28:
 149:main.c        ****     
 150:main.c        ****     for(;;)
 151:main.c        ****     {
 152:main.c        ****         /* if DataA and DataB are full,
 153:main.c        ****          * then calculate the angle and reset indices
 154:main.c        ****          */
 155:main.c        ****         sprintf(TransmitBufferUSB, "A:%d - B:%d\n",indexA, indexB);
ARM GAS  C:\Users\Krist\AppData\Local\Temp\ccsDnOFR.s 			page 13


 523              		.loc 1 155 0
 524 0094 164C     		ldr	r4, .L31+16
 525 0096 124D     		ldr	r5, .L31
 526 0098 2378     		ldrb	r3, [r4]	@ zero_extendqisi2
 527 009a 6278     		ldrb	r2, [r4, #1]	@ zero_extendqisi2
 528 009c 1749     		ldr	r1, .L31+28
 529 009e 2846     		mov	r0, r5
 530 00a0 FFF7FEFF 		bl	sprintf
 531              	.LVL56:
 156:main.c        ****         UART_1_PutString(TransmitBufferUSB);
 532              		.loc 1 156 0
 533 00a4 2846     		mov	r0, r5
 534 00a6 FFF7FEFF 		bl	UART_1_PutString
 535              	.LVL57:
 157:main.c        ****         if (indexA == 100 && indexB == 100) {
 536              		.loc 1 157 0
 537 00aa 6378     		ldrb	r3, [r4, #1]	@ zero_extendqisi2
 538 00ac 642B     		cmp	r3, #100
 539 00ae F1D1     		bne	.L28
 540              		.loc 1 157 0 is_stmt 0 discriminator 1
 541 00b0 2378     		ldrb	r3, [r4]	@ zero_extendqisi2
 542 00b2 642B     		cmp	r3, #100
 543 00b4 EED1     		bne	.L28
 544              	.LBB5:
 158:main.c        ****             CyGlobalIntDisable;
 545              		.loc 1 158 0 is_stmt 1
 546              		.syntax unified
 547              	@ 158 "main.c" 1
 548 00b6 72B6     		CPSID   i
 549              	@ 0 "" 2
 159:main.c        ****             int32_t time_delta = calc_delta_time();
 550              		.loc 1 159 0
 551              		.thumb
 552              		.syntax unified
 553 00b8 FFF7FEFF 		bl	calc_delta_time
 554              	.LVL58:
 160:main.c        ****             angle = convert_time_to_angle(time_to_angle_factor, 
 555              		.loc 1 160 0
 556 00bc 0146     		mov	r1, r0
 557 00be 1048     		ldr	r0, .L31+32
 558              	.LVL59:
 559 00c0 FFF7FEFF 		bl	convert_time_to_angle
 560              	.LVL60:
 161:main.c        ****                                           time_delta);
 162:main.c        ****             sprintf(TransmitBufferUSB, "%d\n", angle);
 561              		.loc 1 162 0
 562 00c4 0246     		mov	r2, r0
 563 00c6 0F49     		ldr	r1, .L31+36
 564 00c8 2846     		mov	r0, r5
 565              	.LVL61:
 566 00ca FFF7FEFF 		bl	sprintf
 567              	.LVL62:
 163:main.c        ****             UART_1_PutString(TransmitBufferUSB);
 568              		.loc 1 163 0
 569 00ce 2846     		mov	r0, r5
 570 00d0 FFF7FEFF 		bl	UART_1_PutString
 571              	.LVL63:
ARM GAS  C:\Users\Krist\AppData\Local\Temp\ccsDnOFR.s 			page 14


 164:main.c        ****             
 165:main.c        ****             indexA = indexB = 0;
 572              		.loc 1 165 0
 573 00d4 064B     		ldr	r3, .L31+16
 574 00d6 0022     		movs	r2, #0
 575 00d8 1A70     		strb	r2, [r3]
 576 00da 5A70     		strb	r2, [r3, #1]
 166:main.c        ****             CyGlobalIntEnable;
 577              		.loc 1 166 0
 578              		.syntax unified
 579              	@ 166 "main.c" 1
 580 00dc 62B6     		CPSIE   i
 581              	@ 0 "" 2
 582              		.thumb
 583              		.syntax unified
 584 00de D9E7     		b	.L28
 585              	.L32:
 586              		.align	2
 587              	.L31:
 588 00e0 00000000 		.word	TransmitBufferUSB
 589 00e4 E0000000 		.word	.LC8
 590 00e8 00000000 		.word	ISR_A_Interrupt
 591 00ec 00000000 		.word	ISR_B_Interrupt
 592 00f0 00000000 		.word	.LANCHOR0
 593 00f4 F4000000 		.word	.LC9
 594 00f8 04010000 		.word	.LC10
 595 00fc 18010000 		.word	.LC11
 596 0100 3CBD523E 		.word	1045609788
 597 0104 28010000 		.word	.LC12
 598              	.LBE5:
 599              		.cfi_endproc
 600              	.LFE68:
 601              		.size	main, .-main
 602              		.global	indexB
 603              		.global	indexA
 604              		.comm	DataB,400,4
 605              		.comm	DataA,400,4
 606              		.comm	TransmitBufferUSB,16,4
 607              		.section	.rodata.str1.4,"aMS",%progbits,1
 608              		.align	2
 609              	.LC0:
 610 0000 456E7465 		.ascii	"Entered ISR_A - A:%d - B:%d\012\015\000"
 610      72656420 
 610      4953525F 
 610      41202D20 
 610      413A2564 
 611 001e 0000     		.space	2
 612              	.LC1:
 613 0020 72657365 		.ascii	"resetting counter... \000"
 613      7474696E 
 613      6720636F 
 613      756E7465 
 613      722E2E2E 
 614 0036 0000     		.space	2
 615              	.LC2:
 616 0038 436F756E 		.ascii	"Counter reset.\012\015\000"
 616      74657220 
ARM GAS  C:\Users\Krist\AppData\Local\Temp\ccsDnOFR.s 			page 15


 616      72657365 
 616      742E0A0D 
 616      00
 617 0049 000000   		.space	3
 618              	.LC3:
 619 004c 53746172 		.ascii	"Starting sample...\000"
 619      74696E67 
 619      2073616D 
 619      706C652E 
 619      2E2E00
 620 005f 00       		.space	1
 621              	.LC4:
 622 0060 53616D70 		.ascii	"Sample started...\000"
 622      6C652073 
 622      74617274 
 622      65642E2E 
 622      2E00
 623 0072 0000     		.space	2
 624              	.LC5:
 625 0074 53616D70 		.ascii	"Sample ended.\012\015Getting results...\000"
 625      6C652065 
 625      6E646564 
 625      2E0A0D47 
 625      65747469 
 626 0096 0000     		.space	2
 627              	.LC6:
 628 0098 476F7420 		.ascii	"Got results okay. DataA[%d].time = %d\012\015\000"
 628      72657375 
 628      6C747320 
 628      6F6B6179 
 628      2E204461 
 629              	.LC7:
 630 00c0 456E7465 		.ascii	"Entered ISR_B - A:%d - B:%d\012\015\000"
 630      72656420 
 630      4953525F 
 630      42202D20 
 630      413A2564 
 631 00de 0000     		.space	2
 632              	.LC8:
 633 00e0 0A0A0A0A 		.ascii	"\012\012\012\012\015Hello World\012\015\000"
 633      0D48656C 
 633      6C6F2057 
 633      6F726C64 
 633      0A0D00
 634 00f3 00       		.space	1
 635              	.LC9:
 636 00f4 413A2564 		.ascii	"A:%d - B:%d\012\015\000"
 636      202D2042 
 636      3A25640A 
 636      0D00
 637 0102 0000     		.space	2
 638              	.LC10:
 639 0104 0A0A0A0D 		.ascii	"\012\012\012\015ISR IS FIXED\012\015\000"
 639      49535220 
 639      49532046 
 639      49584544 
 639      0A0D00
ARM GAS  C:\Users\Krist\AppData\Local\Temp\ccsDnOFR.s 			page 16


 640 0117 00       		.space	1
 641              	.LC11:
 642 0118 413A2564 		.ascii	"A:%d - B:%d\012\000"
 642      202D2042 
 642      3A25640A 
 642      00
 643 0125 000000   		.space	3
 644              	.LC12:
 645 0128 25640A00 		.ascii	"%d\012\000"
 646              		.bss
 647              		.set	.LANCHOR0,. + 0
 648              		.type	indexB, %object
 649              		.size	indexB, 1
 650              	indexB:
 651 0000 00       		.space	1
 652              		.type	indexA, %object
 653              		.size	indexA, 1
 654              	indexA:
 655 0001 00       		.space	1
 656              		.text
 657              	.Letext0:
 658              		.file 2 "c:\\program files (x86)\\cypress\\psoc creator\\4.1\\psoc creator\\import\\gnu\\arm\\5.4.
 659              		.file 3 "c:\\program files (x86)\\cypress\\psoc creator\\4.1\\psoc creator\\import\\gnu\\arm\\5.4.
 660              		.file 4 "Generated_Source\\PSoC5/cytypes.h"
 661              		.file 5 "Generated_Source\\PSoC5/core_cm3.h"
 662              		.file 6 "c:\\program files (x86)\\cypress\\psoc creator\\4.1\\psoc creator\\import\\gnu\\arm\\5.4.
 663              		.file 7 "Generated_Source\\PSoC5/UART_1.h"
 664              		.file 8 "Generated_Source\\PSoC5/Counter.h"
 665              		.file 9 "Generated_Source\\PSoC5/ADC_A.h"
 666              		.file 10 "Generated_Source\\PSoC5/ADC_B.h"
 667              		.file 11 "Generated_Source\\PSoC5/Mixer_PD_A.h"
 668              		.file 12 "Generated_Source\\PSoC5/Comp_PD_A.h"
 669              		.file 13 "Generated_Source\\PSoC5/Comp_PD_B.h"
 670              		.file 14 "Generated_Source\\PSoC5/Mixer_A.h"
 671              		.file 15 "Generated_Source\\PSoC5/Mixer_B.h"
 672              		.file 16 "Generated_Source\\PSoC5/VDAC.h"
 673              		.file 17 "Generated_Source\\PSoC5/ISR_PIN_A.h"
 674              		.file 18 "Generated_Source\\PSoC5/ISR_PIN_B.h"
 675              		.section	.debug_info,"",%progbits
 676              	.Ldebug_info0:
 677 0000 CE060000 		.4byte	0x6ce
 678 0004 0400     		.2byte	0x4
 679 0006 00000000 		.4byte	.Ldebug_abbrev0
 680 000a 04       		.byte	0x4
 681 000b 01       		.uleb128 0x1
 682 000c 8C030000 		.4byte	.LASF65
 683 0010 0C       		.byte	0xc
 684 0011 BE020000 		.4byte	.LASF66
 685 0015 8C010000 		.4byte	.LASF67
 686 0019 18000000 		.4byte	.Ldebug_ranges0+0x18
 687 001d 00000000 		.4byte	0
 688 0021 00000000 		.4byte	.Ldebug_line0
 689 0025 02       		.uleb128 0x2
 690 0026 94020000 		.4byte	.LASF0
 691 002a 02       		.byte	0x2
 692 002b 1B       		.byte	0x1b
 693 002c 30000000 		.4byte	0x30
ARM GAS  C:\Users\Krist\AppData\Local\Temp\ccsDnOFR.s 			page 17


 694 0030 03       		.uleb128 0x3
 695 0031 01       		.byte	0x1
 696 0032 06       		.byte	0x6
 697 0033 14020000 		.4byte	.LASF2
 698 0037 02       		.uleb128 0x2
 699 0038 7A010000 		.4byte	.LASF1
 700 003c 02       		.byte	0x2
 701 003d 1D       		.byte	0x1d
 702 003e 42000000 		.4byte	0x42
 703 0042 03       		.uleb128 0x3
 704 0043 01       		.byte	0x1
 705 0044 08       		.byte	0x8
 706 0045 FE010000 		.4byte	.LASF3
 707 0049 02       		.uleb128 0x2
 708 004a 2B030000 		.4byte	.LASF4
 709 004e 02       		.byte	0x2
 710 004f 29       		.byte	0x29
 711 0050 54000000 		.4byte	0x54
 712 0054 03       		.uleb128 0x3
 713 0055 02       		.byte	0x2
 714 0056 05       		.byte	0x5
 715 0057 5B000000 		.4byte	.LASF5
 716 005b 02       		.uleb128 0x2
 717 005c B5000000 		.4byte	.LASF6
 718 0060 02       		.byte	0x2
 719 0061 2B       		.byte	0x2b
 720 0062 66000000 		.4byte	0x66
 721 0066 03       		.uleb128 0x3
 722 0067 02       		.byte	0x2
 723 0068 07       		.byte	0x7
 724 0069 81020000 		.4byte	.LASF7
 725 006d 02       		.uleb128 0x2
 726 006e 21030000 		.4byte	.LASF8
 727 0072 02       		.byte	0x2
 728 0073 3F       		.byte	0x3f
 729 0074 78000000 		.4byte	0x78
 730 0078 03       		.uleb128 0x3
 731 0079 04       		.byte	0x4
 732 007a 05       		.byte	0x5
 733 007b 5E010000 		.4byte	.LASF9
 734 007f 03       		.uleb128 0x3
 735 0080 04       		.byte	0x4
 736 0081 07       		.byte	0x7
 737 0082 C5020000 		.4byte	.LASF10
 738 0086 03       		.uleb128 0x3
 739 0087 08       		.byte	0x8
 740 0088 05       		.byte	0x5
 741 0089 2A010000 		.4byte	.LASF11
 742 008d 03       		.uleb128 0x3
 743 008e 08       		.byte	0x8
 744 008f 07       		.byte	0x7
 745 0090 20020000 		.4byte	.LASF12
 746 0094 04       		.uleb128 0x4
 747 0095 04       		.byte	0x4
 748 0096 05       		.byte	0x5
 749 0097 696E7400 		.ascii	"int\000"
 750 009b 03       		.uleb128 0x3
ARM GAS  C:\Users\Krist\AppData\Local\Temp\ccsDnOFR.s 			page 18


 751 009c 04       		.byte	0x4
 752 009d 07       		.byte	0x7
 753 009e 41020000 		.4byte	.LASF13
 754 00a2 02       		.uleb128 0x2
 755 00a3 37000000 		.4byte	.LASF14
 756 00a7 03       		.byte	0x3
 757 00a8 14       		.byte	0x14
 758 00a9 25000000 		.4byte	0x25
 759 00ad 02       		.uleb128 0x2
 760 00ae E9000000 		.4byte	.LASF15
 761 00b2 03       		.byte	0x3
 762 00b3 18       		.byte	0x18
 763 00b4 37000000 		.4byte	0x37
 764 00b8 02       		.uleb128 0x2
 765 00b9 AA020000 		.4byte	.LASF16
 766 00bd 03       		.byte	0x3
 767 00be 20       		.byte	0x20
 768 00bf 49000000 		.4byte	0x49
 769 00c3 02       		.uleb128 0x2
 770 00c4 4E020000 		.4byte	.LASF17
 771 00c8 03       		.byte	0x3
 772 00c9 24       		.byte	0x24
 773 00ca 5B000000 		.4byte	0x5b
 774 00ce 02       		.uleb128 0x2
 775 00cf A2020000 		.4byte	.LASF18
 776 00d3 03       		.byte	0x3
 777 00d4 2C       		.byte	0x2c
 778 00d5 6D000000 		.4byte	0x6d
 779 00d9 05       		.uleb128 0x5
 780 00da F7000000 		.4byte	.LASF19
 781 00de 04       		.byte	0x4
 782 00df 9201     		.2byte	0x192
 783 00e1 42000000 		.4byte	0x42
 784 00e5 05       		.uleb128 0x5
 785 00e6 F1000000 		.4byte	.LASF20
 786 00ea 04       		.byte	0x4
 787 00eb 9601     		.2byte	0x196
 788 00ed 54000000 		.4byte	0x54
 789 00f1 03       		.uleb128 0x3
 790 00f2 04       		.byte	0x4
 791 00f3 04       		.byte	0x4
 792 00f4 14010000 		.4byte	.LASF21
 793 00f8 03       		.uleb128 0x3
 794 00f9 08       		.byte	0x8
 795 00fa 04       		.byte	0x4
 796 00fb 4C030000 		.4byte	.LASF22
 797 00ff 03       		.uleb128 0x3
 798 0100 01       		.byte	0x1
 799 0101 08       		.byte	0x8
 800 0102 9D020000 		.4byte	.LASF23
 801 0106 03       		.uleb128 0x3
 802 0107 08       		.byte	0x8
 803 0108 04       		.byte	0x4
 804 0109 F2010000 		.4byte	.LASF24
 805 010d 03       		.uleb128 0x3
 806 010e 04       		.byte	0x4
 807 010f 07       		.byte	0x7
ARM GAS  C:\Users\Krist\AppData\Local\Temp\ccsDnOFR.s 			page 19


 808 0110 65000000 		.4byte	.LASF25
 809 0114 06       		.uleb128 0x6
 810 0115 04       		.byte	0x4
 811 0116 01       		.byte	0x1
 812 0117 14       		.byte	0x14
 813 0118 35010000 		.4byte	0x135
 814 011c 07       		.uleb128 0x7
 815 011d 57020000 		.4byte	.LASF26
 816 0121 01       		.byte	0x1
 817 0122 15       		.byte	0x15
 818 0123 C3000000 		.4byte	0xc3
 819 0127 00       		.byte	0
 820 0128 07       		.uleb128 0x7
 821 0129 D3000000 		.4byte	.LASF27
 822 012d 01       		.byte	0x1
 823 012e 16       		.byte	0x16
 824 012f E5000000 		.4byte	0xe5
 825 0133 02       		.byte	0x2
 826 0134 00       		.byte	0
 827 0135 02       		.uleb128 0x2
 828 0136 37020000 		.4byte	.LASF28
 829 013a 01       		.byte	0x1
 830 013b 17       		.byte	0x17
 831 013c 14010000 		.4byte	0x114
 832 0140 08       		.uleb128 0x8
 833 0141 E2010000 		.4byte	.LASF29
 834 0145 01       		.byte	0x1
 835 0146 1F       		.byte	0x1f
 836 0147 00000000 		.4byte	.LFB64
 837 014b 20010000 		.4byte	.LFE64-.LFB64
 838 014f 01       		.uleb128 0x1
 839 0150 9C       		.byte	0x9c
 840 0151 59020000 		.4byte	0x259
 841 0155 09       		.uleb128 0x9
 842 0156 12000000 		.4byte	.LVL0
 843 015a EA050000 		.4byte	0x5ea
 844 015e 72010000 		.4byte	0x172
 845 0162 0A       		.uleb128 0xa
 846 0163 01       		.uleb128 0x1
 847 0164 50       		.byte	0x50
 848 0165 02       		.uleb128 0x2
 849 0166 75       		.byte	0x75
 850 0167 00       		.sleb128 0
 851 0168 0A       		.uleb128 0xa
 852 0169 01       		.uleb128 0x1
 853 016a 51       		.byte	0x51
 854 016b 05       		.uleb128 0x5
 855 016c 03       		.byte	0x3
 856 016d 00000000 		.4byte	.LC0
 857 0171 00       		.byte	0
 858 0172 09       		.uleb128 0x9
 859 0173 18000000 		.4byte	.LVL1
 860 0177 F5050000 		.4byte	0x5f5
 861 017b 86010000 		.4byte	0x186
 862 017f 0A       		.uleb128 0xa
 863 0180 01       		.uleb128 0x1
 864 0181 50       		.byte	0x50
ARM GAS  C:\Users\Krist\AppData\Local\Temp\ccsDnOFR.s 			page 20


 865 0182 02       		.uleb128 0x2
 866 0183 75       		.byte	0x75
 867 0184 00       		.sleb128 0
 868 0185 00       		.byte	0
 869 0186 09       		.uleb128 0x9
 870 0187 3C000000 		.4byte	.LVL2
 871 018b F5050000 		.4byte	0x5f5
 872 018f 9A010000 		.4byte	0x19a
 873 0193 0A       		.uleb128 0xa
 874 0194 01       		.uleb128 0x1
 875 0195 50       		.byte	0x50
 876 0196 02       		.uleb128 0x2
 877 0197 74       		.byte	0x74
 878 0198 00       		.sleb128 0
 879 0199 00       		.byte	0
 880 019a 09       		.uleb128 0x9
 881 019b 42000000 		.4byte	.LVL3
 882 019f 00060000 		.4byte	0x600
 883 01a3 AD010000 		.4byte	0x1ad
 884 01a7 0A       		.uleb128 0xa
 885 01a8 01       		.uleb128 0x1
 886 01a9 50       		.byte	0x50
 887 01aa 01       		.uleb128 0x1
 888 01ab 30       		.byte	0x30
 889 01ac 00       		.byte	0
 890 01ad 09       		.uleb128 0x9
 891 01ae 58000000 		.4byte	.LVL4
 892 01b2 F5050000 		.4byte	0x5f5
 893 01b6 C1010000 		.4byte	0x1c1
 894 01ba 0A       		.uleb128 0xa
 895 01bb 01       		.uleb128 0x1
 896 01bc 50       		.byte	0x50
 897 01bd 02       		.uleb128 0x2
 898 01be 74       		.byte	0x74
 899 01bf 00       		.sleb128 0
 900 01c0 00       		.byte	0
 901 01c1 09       		.uleb128 0x9
 902 01c2 74000000 		.4byte	.LVL5
 903 01c6 F5050000 		.4byte	0x5f5
 904 01ca D5010000 		.4byte	0x1d5
 905 01ce 0A       		.uleb128 0xa
 906 01cf 01       		.uleb128 0x1
 907 01d0 50       		.byte	0x50
 908 01d1 02       		.uleb128 0x2
 909 01d2 74       		.byte	0x74
 910 01d3 00       		.sleb128 0
 911 01d4 00       		.byte	0
 912 01d5 0B       		.uleb128 0xb
 913 01d6 78000000 		.4byte	.LVL6
 914 01da 0B060000 		.4byte	0x60b
 915 01de 09       		.uleb128 0x9
 916 01df 8E000000 		.4byte	.LVL7
 917 01e3 F5050000 		.4byte	0x5f5
 918 01e7 F2010000 		.4byte	0x1f2
 919 01eb 0A       		.uleb128 0xa
 920 01ec 01       		.uleb128 0x1
 921 01ed 50       		.byte	0x50
ARM GAS  C:\Users\Krist\AppData\Local\Temp\ccsDnOFR.s 			page 21


 922 01ee 02       		.uleb128 0x2
 923 01ef 74       		.byte	0x74
 924 01f0 00       		.sleb128 0
 925 01f1 00       		.byte	0
 926 01f2 09       		.uleb128 0x9
 927 01f3 94000000 		.4byte	.LVL8
 928 01f7 16060000 		.4byte	0x616
 929 01fb 05020000 		.4byte	0x205
 930 01ff 0A       		.uleb128 0xa
 931 0200 01       		.uleb128 0x1
 932 0201 50       		.byte	0x50
 933 0202 01       		.uleb128 0x1
 934 0203 30       		.byte	0x30
 935 0204 00       		.byte	0
 936 0205 09       		.uleb128 0x9
 937 0206 C0000000 		.4byte	.LVL9
 938 020a F5050000 		.4byte	0x5f5
 939 020e 19020000 		.4byte	0x219
 940 0212 0A       		.uleb128 0xa
 941 0213 01       		.uleb128 0x1
 942 0214 50       		.byte	0x50
 943 0215 02       		.uleb128 0x2
 944 0216 75       		.byte	0x75
 945 0217 00       		.sleb128 0
 946 0218 00       		.byte	0
 947 0219 0B       		.uleb128 0xb
 948 021a C8000000 		.4byte	.LVL10
 949 021e 21060000 		.4byte	0x621
 950 0222 0B       		.uleb128 0xb
 951 0223 CE000000 		.4byte	.LVL11
 952 0227 2C060000 		.4byte	0x62c
 953 022b 09       		.uleb128 0x9
 954 022c EE000000 		.4byte	.LVL12
 955 0230 EA050000 		.4byte	0x5ea
 956 0234 48020000 		.4byte	0x248
 957 0238 0A       		.uleb128 0xa
 958 0239 01       		.uleb128 0x1
 959 023a 50       		.byte	0x50
 960 023b 02       		.uleb128 0x2
 961 023c 75       		.byte	0x75
 962 023d 00       		.sleb128 0
 963 023e 0A       		.uleb128 0xa
 964 023f 01       		.uleb128 0x1
 965 0240 51       		.byte	0x51
 966 0241 05       		.uleb128 0x5
 967 0242 03       		.byte	0x3
 968 0243 98000000 		.4byte	.LC6
 969 0247 00       		.byte	0
 970 0248 0C       		.uleb128 0xc
 971 0249 F4000000 		.4byte	.LVL13
 972 024d F5050000 		.4byte	0x5f5
 973 0251 0A       		.uleb128 0xa
 974 0252 01       		.uleb128 0x1
 975 0253 50       		.byte	0x50
 976 0254 02       		.uleb128 0x2
 977 0255 75       		.byte	0x75
 978 0256 00       		.sleb128 0
ARM GAS  C:\Users\Krist\AppData\Local\Temp\ccsDnOFR.s 			page 22


 979 0257 00       		.byte	0
 980 0258 00       		.byte	0
 981 0259 08       		.uleb128 0x8
 982 025a D9000000 		.4byte	.LASF30
 983 025e 01       		.byte	0x1
 984 025f 43       		.byte	0x43
 985 0260 00000000 		.4byte	.LFB65
 986 0264 64000000 		.4byte	.LFE65-.LFB65
 987 0268 01       		.uleb128 0x1
 988 0269 9C       		.byte	0x9c
 989 026a E1020000 		.4byte	0x2e1
 990 026e 09       		.uleb128 0x9
 991 026f 12000000 		.4byte	.LVL14
 992 0273 EA050000 		.4byte	0x5ea
 993 0277 8B020000 		.4byte	0x28b
 994 027b 0A       		.uleb128 0xa
 995 027c 01       		.uleb128 0x1
 996 027d 50       		.byte	0x50
 997 027e 02       		.uleb128 0x2
 998 027f 75       		.byte	0x75
 999 0280 00       		.sleb128 0
 1000 0281 0A       		.uleb128 0xa
 1001 0282 01       		.uleb128 0x1
 1002 0283 51       		.byte	0x51
 1003 0284 05       		.uleb128 0x5
 1004 0285 03       		.byte	0x3
 1005 0286 C0000000 		.4byte	.LC7
 1006 028a 00       		.byte	0
 1007 028b 09       		.uleb128 0x9
 1008 028c 18000000 		.4byte	.LVL15
 1009 0290 F5050000 		.4byte	0x5f5
 1010 0294 9F020000 		.4byte	0x29f
 1011 0298 0A       		.uleb128 0xa
 1012 0299 01       		.uleb128 0x1
 1013 029a 50       		.byte	0x50
 1014 029b 02       		.uleb128 0x2
 1015 029c 75       		.byte	0x75
 1016 029d 00       		.sleb128 0
 1017 029e 00       		.byte	0
 1018 029f 09       		.uleb128 0x9
 1019 02a0 22000000 		.4byte	.LVL16
 1020 02a4 00060000 		.4byte	0x600
 1021 02a8 B2020000 		.4byte	0x2b2
 1022 02ac 0A       		.uleb128 0xa
 1023 02ad 01       		.uleb128 0x1
 1024 02ae 50       		.byte	0x50
 1025 02af 01       		.uleb128 0x1
 1026 02b0 30       		.byte	0x30
 1027 02b1 00       		.byte	0
 1028 02b2 0B       		.uleb128 0xb
 1029 02b3 26000000 		.4byte	.LVL17
 1030 02b7 37060000 		.4byte	0x637
 1031 02bb 09       		.uleb128 0x9
 1032 02bc 2C000000 		.4byte	.LVL18
 1033 02c0 42060000 		.4byte	0x642
 1034 02c4 CE020000 		.4byte	0x2ce
 1035 02c8 0A       		.uleb128 0xa
ARM GAS  C:\Users\Krist\AppData\Local\Temp\ccsDnOFR.s 			page 23


 1036 02c9 01       		.uleb128 0x1
 1037 02ca 50       		.byte	0x50
 1038 02cb 01       		.uleb128 0x1
 1039 02cc 30       		.byte	0x30
 1040 02cd 00       		.byte	0
 1041 02ce 0B       		.uleb128 0xb
 1042 02cf 38000000 		.4byte	.LVL19
 1043 02d3 4D060000 		.4byte	0x64d
 1044 02d7 0B       		.uleb128 0xb
 1045 02d8 3E000000 		.4byte	.LVL20
 1046 02dc 2C060000 		.4byte	0x62c
 1047 02e0 00       		.byte	0
 1048 02e1 0D       		.uleb128 0xd
 1049 02e2 1A010000 		.4byte	.LASF31
 1050 02e6 01       		.byte	0x1
 1051 02e7 59       		.byte	0x59
 1052 02e8 CE000000 		.4byte	0xce
 1053 02ec 00000000 		.4byte	.LFB66
 1054 02f0 54000000 		.4byte	.LFE66-.LFB66
 1055 02f4 01       		.uleb128 0x1
 1056 02f5 9C       		.byte	0x9c
 1057 02f6 53030000 		.4byte	0x353
 1058 02fa 0E       		.uleb128 0xe
 1059 02fb 65030000 		.4byte	.LASF32
 1060 02ff 01       		.byte	0x1
 1061 0300 5A       		.byte	0x5a
 1062 0301 AD000000 		.4byte	0xad
 1063 0305 00000000 		.4byte	.LLST0
 1064 0309 0E       		.uleb128 0xe
 1065 030a FD000000 		.4byte	.LASF33
 1066 030e 01       		.byte	0x1
 1067 030f 5B       		.byte	0x5b
 1068 0310 AD000000 		.4byte	0xad
 1069 0314 1F000000 		.4byte	.LLST1
 1070 0318 0F       		.uleb128 0xf
 1071 0319 84010000 		.4byte	.LASF34
 1072 031d 01       		.byte	0x1
 1073 031e 5D       		.byte	0x5d
 1074 031f B8000000 		.4byte	0xb8
 1075 0323 00       		.byte	0
 1076 0324 10       		.uleb128 0x10
 1077 0325 00000000 		.4byte	.Ldebug_ranges0+0
 1078 0329 3B030000 		.4byte	0x33b
 1079 032d 11       		.uleb128 0x11
 1080 032e 6900     		.ascii	"i\000"
 1081 0330 01       		.byte	0x1
 1082 0331 5F       		.byte	0x5f
 1083 0332 AD000000 		.4byte	0xad
 1084 0336 3E000000 		.4byte	.LLST2
 1085 033a 00       		.byte	0
 1086 033b 12       		.uleb128 0x12
 1087 033c 24000000 		.4byte	.LBB4
 1088 0340 18000000 		.4byte	.LBE4-.LBB4
 1089 0344 11       		.uleb128 0x11
 1090 0345 6900     		.ascii	"i\000"
 1091 0347 01       		.byte	0x1
 1092 0348 67       		.byte	0x67
ARM GAS  C:\Users\Krist\AppData\Local\Temp\ccsDnOFR.s 			page 24


 1093 0349 AD000000 		.4byte	0xad
 1094 034d 68000000 		.4byte	.LLST3
 1095 0351 00       		.byte	0
 1096 0352 00       		.byte	0
 1097 0353 13       		.uleb128 0x13
 1098 0354 0E000000 		.4byte	.LASF68
 1099 0358 01       		.byte	0x1
 1100 0359 70       		.byte	0x70
 1101 035a A2000000 		.4byte	0xa2
 1102 035e 00000000 		.4byte	.LFB67
 1103 0362 18000000 		.4byte	.LFE67-.LFB67
 1104 0366 01       		.uleb128 0x1
 1105 0367 9C       		.byte	0x9c
 1106 0368 8B030000 		.4byte	0x38b
 1107 036c 14       		.uleb128 0x14
 1108 036d 0C030000 		.4byte	.LASF35
 1109 0371 01       		.byte	0x1
 1110 0372 70       		.byte	0x70
 1111 0373 F1000000 		.4byte	0xf1
 1112 0377 86000000 		.4byte	.LLST4
 1113 037b 14       		.uleb128 0x14
 1114 037c 01030000 		.4byte	.LASF36
 1115 0380 01       		.byte	0x1
 1116 0381 71       		.byte	0x71
 1117 0382 CE000000 		.4byte	0xce
 1118 0386 A4000000 		.4byte	.LLST5
 1119 038a 00       		.byte	0
 1120 038b 15       		.uleb128 0x15
 1121 038c 8C000000 		.4byte	.LASF69
 1122 0390 01       		.byte	0x1
 1123 0391 75       		.byte	0x75
 1124 0392 94000000 		.4byte	0x94
 1125 0396 00000000 		.4byte	.LFB68
 1126 039a 08010000 		.4byte	.LFE68-.LFB68
 1127 039e 01       		.uleb128 0x1
 1128 039f 9C       		.byte	0x9c
 1129 03a0 5F050000 		.4byte	0x55f
 1130 03a4 16       		.uleb128 0x16
 1131 03a5 0C030000 		.4byte	.LASF35
 1132 03a9 01       		.byte	0x1
 1133 03aa 91       		.byte	0x91
 1134 03ab 5F050000 		.4byte	0x55f
 1135 03af 04       		.byte	0x4
 1136 03b0 3CBD523E 		.4byte	0x3e52bd3c
 1137 03b4 0E       		.uleb128 0xe
 1138 03b5 46030000 		.4byte	.LASF37
 1139 03b9 01       		.byte	0x1
 1140 03ba 92       		.byte	0x92
 1141 03bb A2000000 		.4byte	0xa2
 1142 03bf C5000000 		.4byte	.LLST6
 1143 03c3 17       		.uleb128 0x17
 1144 03c4 B6000000 		.4byte	.LBB5
 1145 03c8 52000000 		.4byte	.LBE5-.LBB5
 1146 03cc 1F040000 		.4byte	0x41f
 1147 03d0 0E       		.uleb128 0xe
 1148 03d1 01030000 		.4byte	.LASF36
 1149 03d5 01       		.byte	0x1
ARM GAS  C:\Users\Krist\AppData\Local\Temp\ccsDnOFR.s 			page 25


 1150 03d6 9F       		.byte	0x9f
 1151 03d7 CE000000 		.4byte	0xce
 1152 03db E4000000 		.4byte	.LLST7
 1153 03df 0B       		.uleb128 0xb
 1154 03e0 BC000000 		.4byte	.LVL58
 1155 03e4 E1020000 		.4byte	0x2e1
 1156 03e8 0B       		.uleb128 0xb
 1157 03e9 C4000000 		.4byte	.LVL60
 1158 03ed 53030000 		.4byte	0x353
 1159 03f1 09       		.uleb128 0x9
 1160 03f2 CE000000 		.4byte	.LVL62
 1161 03f6 EA050000 		.4byte	0x5ea
 1162 03fa 0E040000 		.4byte	0x40e
 1163 03fe 0A       		.uleb128 0xa
 1164 03ff 01       		.uleb128 0x1
 1165 0400 50       		.byte	0x50
 1166 0401 02       		.uleb128 0x2
 1167 0402 75       		.byte	0x75
 1168 0403 00       		.sleb128 0
 1169 0404 0A       		.uleb128 0xa
 1170 0405 01       		.uleb128 0x1
 1171 0406 51       		.byte	0x51
 1172 0407 05       		.uleb128 0x5
 1173 0408 03       		.byte	0x3
 1174 0409 28010000 		.4byte	.LC12
 1175 040d 00       		.byte	0
 1176 040e 0C       		.uleb128 0xc
 1177 040f D4000000 		.4byte	.LVL63
 1178 0413 F5050000 		.4byte	0x5f5
 1179 0417 0A       		.uleb128 0xa
 1180 0418 01       		.uleb128 0x1
 1181 0419 50       		.byte	0x50
 1182 041a 02       		.uleb128 0x2
 1183 041b 75       		.byte	0x75
 1184 041c 00       		.sleb128 0
 1185 041d 00       		.byte	0
 1186 041e 00       		.byte	0
 1187 041f 0B       		.uleb128 0xb
 1188 0420 06000000 		.4byte	.LVL38
 1189 0424 58060000 		.4byte	0x658
 1190 0428 0B       		.uleb128 0xb
 1191 0429 0A000000 		.4byte	.LVL39
 1192 042d 58060000 		.4byte	0x658
 1193 0431 0B       		.uleb128 0xb
 1194 0432 0E000000 		.4byte	.LVL40
 1195 0436 63060000 		.4byte	0x663
 1196 043a 0B       		.uleb128 0xb
 1197 043b 12000000 		.4byte	.LVL41
 1198 043f 6E060000 		.4byte	0x66e
 1199 0443 0B       		.uleb128 0xb
 1200 0444 16000000 		.4byte	.LVL42
 1201 0448 79060000 		.4byte	0x679
 1202 044c 0B       		.uleb128 0xb
 1203 044d 1A000000 		.4byte	.LVL43
 1204 0451 84060000 		.4byte	0x684
 1205 0455 0B       		.uleb128 0xb
 1206 0456 1E000000 		.4byte	.LVL44
ARM GAS  C:\Users\Krist\AppData\Local\Temp\ccsDnOFR.s 			page 26


 1207 045a 8F060000 		.4byte	0x68f
 1208 045e 0B       		.uleb128 0xb
 1209 045f 22000000 		.4byte	.LVL45
 1210 0463 9A060000 		.4byte	0x69a
 1211 0467 0B       		.uleb128 0xb
 1212 0468 26000000 		.4byte	.LVL46
 1213 046c A5060000 		.4byte	0x6a5
 1214 0470 0B       		.uleb128 0xb
 1215 0471 2A000000 		.4byte	.LVL47
 1216 0475 B0060000 		.4byte	0x6b0
 1217 0479 09       		.uleb128 0x9
 1218 047a 46000000 		.4byte	.LVL48
 1219 047e F5050000 		.4byte	0x5f5
 1220 0482 8D040000 		.4byte	0x48d
 1221 0486 0A       		.uleb128 0xa
 1222 0487 01       		.uleb128 0x1
 1223 0488 50       		.byte	0x50
 1224 0489 02       		.uleb128 0x2
 1225 048a 74       		.byte	0x74
 1226 048b 00       		.sleb128 0
 1227 048c 00       		.byte	0
 1228 048d 09       		.uleb128 0x9
 1229 048e 4C000000 		.4byte	.LVL49
 1230 0492 BB060000 		.4byte	0x6bb
 1231 0496 A4040000 		.4byte	0x4a4
 1232 049a 0A       		.uleb128 0xa
 1233 049b 01       		.uleb128 0x1
 1234 049c 50       		.byte	0x50
 1235 049d 05       		.uleb128 0x5
 1236 049e 03       		.byte	0x3
 1237 049f 00000000 		.4byte	ISR_A_Interrupt
 1238 04a3 00       		.byte	0
 1239 04a4 09       		.uleb128 0x9
 1240 04a5 52000000 		.4byte	.LVL50
 1241 04a9 C6060000 		.4byte	0x6c6
 1242 04ad BB040000 		.4byte	0x4bb
 1243 04b1 0A       		.uleb128 0xa
 1244 04b2 01       		.uleb128 0x1
 1245 04b3 50       		.byte	0x50
 1246 04b4 05       		.uleb128 0x5
 1247 04b5 03       		.byte	0x3
 1248 04b6 00000000 		.4byte	ISR_B_Interrupt
 1249 04ba 00       		.byte	0
 1250 04bb 09       		.uleb128 0x9
 1251 04bc 60000000 		.4byte	.LVL51
 1252 04c0 EA050000 		.4byte	0x5ea
 1253 04c4 D8040000 		.4byte	0x4d8
 1254 04c8 0A       		.uleb128 0xa
 1255 04c9 01       		.uleb128 0x1
 1256 04ca 50       		.byte	0x50
 1257 04cb 02       		.uleb128 0x2
 1258 04cc 74       		.byte	0x74
 1259 04cd 00       		.sleb128 0
 1260 04ce 0A       		.uleb128 0xa
 1261 04cf 01       		.uleb128 0x1
 1262 04d0 51       		.byte	0x51
 1263 04d1 05       		.uleb128 0x5
ARM GAS  C:\Users\Krist\AppData\Local\Temp\ccsDnOFR.s 			page 27


 1264 04d2 03       		.byte	0x3
 1265 04d3 F4000000 		.4byte	.LC9
 1266 04d7 00       		.byte	0
 1267 04d8 09       		.uleb128 0x9
 1268 04d9 66000000 		.4byte	.LVL52
 1269 04dd F5050000 		.4byte	0x5f5
 1270 04e1 EC040000 		.4byte	0x4ec
 1271 04e5 0A       		.uleb128 0xa
 1272 04e6 01       		.uleb128 0x1
 1273 04e7 50       		.byte	0x50
 1274 04e8 02       		.uleb128 0x2
 1275 04e9 74       		.byte	0x74
 1276 04ea 00       		.sleb128 0
 1277 04eb 00       		.byte	0
 1278 04ec 09       		.uleb128 0x9
 1279 04ed 82000000 		.4byte	.LVL53
 1280 04f1 F5050000 		.4byte	0x5f5
 1281 04f5 00050000 		.4byte	0x500
 1282 04f9 0A       		.uleb128 0xa
 1283 04fa 01       		.uleb128 0x1
 1284 04fb 50       		.byte	0x50
 1285 04fc 02       		.uleb128 0x2
 1286 04fd 74       		.byte	0x74
 1287 04fe 00       		.sleb128 0
 1288 04ff 00       		.byte	0
 1289 0500 09       		.uleb128 0x9
 1290 0501 8E000000 		.4byte	.LVL54
 1291 0505 EA050000 		.4byte	0x5ea
 1292 0509 1D050000 		.4byte	0x51d
 1293 050d 0A       		.uleb128 0xa
 1294 050e 01       		.uleb128 0x1
 1295 050f 50       		.byte	0x50
 1296 0510 02       		.uleb128 0x2
 1297 0511 74       		.byte	0x74
 1298 0512 00       		.sleb128 0
 1299 0513 0A       		.uleb128 0xa
 1300 0514 01       		.uleb128 0x1
 1301 0515 51       		.byte	0x51
 1302 0516 05       		.uleb128 0x5
 1303 0517 03       		.byte	0x3
 1304 0518 18010000 		.4byte	.LC11
 1305 051c 00       		.byte	0
 1306 051d 09       		.uleb128 0x9
 1307 051e 94000000 		.4byte	.LVL55
 1308 0522 F5050000 		.4byte	0x5f5
 1309 0526 31050000 		.4byte	0x531
 1310 052a 0A       		.uleb128 0xa
 1311 052b 01       		.uleb128 0x1
 1312 052c 50       		.byte	0x50
 1313 052d 02       		.uleb128 0x2
 1314 052e 74       		.byte	0x74
 1315 052f 00       		.sleb128 0
 1316 0530 00       		.byte	0
 1317 0531 09       		.uleb128 0x9
 1318 0532 A4000000 		.4byte	.LVL56
 1319 0536 EA050000 		.4byte	0x5ea
 1320 053a 4E050000 		.4byte	0x54e
ARM GAS  C:\Users\Krist\AppData\Local\Temp\ccsDnOFR.s 			page 28


 1321 053e 0A       		.uleb128 0xa
 1322 053f 01       		.uleb128 0x1
 1323 0540 50       		.byte	0x50
 1324 0541 02       		.uleb128 0x2
 1325 0542 75       		.byte	0x75
 1326 0543 00       		.sleb128 0
 1327 0544 0A       		.uleb128 0xa
 1328 0545 01       		.uleb128 0x1
 1329 0546 51       		.byte	0x51
 1330 0547 05       		.uleb128 0x5
 1331 0548 03       		.byte	0x3
 1332 0549 18010000 		.4byte	.LC11
 1333 054d 00       		.byte	0
 1334 054e 0C       		.uleb128 0xc
 1335 054f AA000000 		.4byte	.LVL57
 1336 0553 F5050000 		.4byte	0x5f5
 1337 0557 0A       		.uleb128 0xa
 1338 0558 01       		.uleb128 0x1
 1339 0559 50       		.byte	0x50
 1340 055a 02       		.uleb128 0x2
 1341 055b 75       		.byte	0x75
 1342 055c 00       		.sleb128 0
 1343 055d 00       		.byte	0
 1344 055e 00       		.byte	0
 1345 055f 18       		.uleb128 0x18
 1346 0560 F1000000 		.4byte	0xf1
 1347 0564 19       		.uleb128 0x19
 1348 0565 F4020000 		.4byte	.LASF38
 1349 0569 05       		.byte	0x5
 1350 056a 1207     		.2byte	0x712
 1351 056c 70050000 		.4byte	0x570
 1352 0570 1A       		.uleb128 0x1a
 1353 0571 CE000000 		.4byte	0xce
 1354 0575 1B       		.uleb128 0x1b
 1355 0576 FF000000 		.4byte	0xff
 1356 057a 85050000 		.4byte	0x585
 1357 057e 1C       		.uleb128 0x1c
 1358 057f 0D010000 		.4byte	0x10d
 1359 0583 0F       		.byte	0xf
 1360 0584 00       		.byte	0
 1361 0585 1D       		.uleb128 0x1d
 1362 0586 3E000000 		.4byte	.LASF39
 1363 058a 01       		.byte	0x1
 1364 058b 11       		.byte	0x11
 1365 058c 75050000 		.4byte	0x575
 1366 0590 05       		.uleb128 0x5
 1367 0591 03       		.byte	0x3
 1368 0592 00000000 		.4byte	TransmitBufferUSB
 1369 0596 1B       		.uleb128 0x1b
 1370 0597 35010000 		.4byte	0x135
 1371 059b A6050000 		.4byte	0x5a6
 1372 059f 1C       		.uleb128 0x1c
 1373 05a0 0D010000 		.4byte	0x10d
 1374 05a4 63       		.byte	0x63
 1375 05a5 00       		.byte	0
 1376 05a6 1D       		.uleb128 0x1d
 1377 05a7 D7020000 		.4byte	.LASF40
ARM GAS  C:\Users\Krist\AppData\Local\Temp\ccsDnOFR.s 			page 29


 1378 05ab 01       		.byte	0x1
 1379 05ac 19       		.byte	0x19
 1380 05ad 96050000 		.4byte	0x596
 1381 05b1 05       		.uleb128 0x5
 1382 05b2 03       		.byte	0x3
 1383 05b3 00000000 		.4byte	DataA
 1384 05b7 1D       		.uleb128 0x1d
 1385 05b8 DD020000 		.4byte	.LASF41
 1386 05bc 01       		.byte	0x1
 1387 05bd 1A       		.byte	0x1a
 1388 05be 96050000 		.4byte	0x596
 1389 05c2 05       		.uleb128 0x5
 1390 05c3 03       		.byte	0x3
 1391 05c4 00000000 		.4byte	DataB
 1392 05c8 1D       		.uleb128 0x1d
 1393 05c9 6F030000 		.4byte	.LASF42
 1394 05cd 01       		.byte	0x1
 1395 05ce 1B       		.byte	0x1b
 1396 05cf D9000000 		.4byte	0xd9
 1397 05d3 05       		.uleb128 0x5
 1398 05d4 03       		.byte	0x3
 1399 05d5 00000000 		.4byte	indexA
 1400 05d9 1D       		.uleb128 0x1d
 1401 05da CC000000 		.4byte	.LASF43
 1402 05de 01       		.byte	0x1
 1403 05df 1C       		.byte	0x1c
 1404 05e0 D9000000 		.4byte	0xd9
 1405 05e4 05       		.uleb128 0x5
 1406 05e5 03       		.byte	0x3
 1407 05e6 00000000 		.4byte	indexB
 1408 05ea 1E       		.uleb128 0x1e
 1409 05eb 0C020000 		.4byte	.LASF44
 1410 05ef 0C020000 		.4byte	.LASF44
 1411 05f3 06       		.byte	0x6
 1412 05f4 E7       		.byte	0xe7
 1413 05f5 1E       		.uleb128 0x1e
 1414 05f6 E3020000 		.4byte	.LASF45
 1415 05fa E3020000 		.4byte	.LASF45
 1416 05fe 07       		.byte	0x7
 1417 05ff 8B       		.byte	0x8b
 1418 0600 1E       		.uleb128 0x1e
 1419 0601 5C020000 		.4byte	.LASF46
 1420 0605 5C020000 		.4byte	.LASF46
 1421 0609 08       		.byte	0x8
 1422 060a 5A       		.byte	0x5a
 1423 060b 1E       		.uleb128 0x1e
 1424 060c 67010000 		.4byte	.LASF47
 1425 0610 67010000 		.4byte	.LASF47
 1426 0614 09       		.byte	0x9
 1427 0615 D1       		.byte	0xd1
 1428 0616 1E       		.uleb128 0x1e
 1429 0617 76030000 		.4byte	.LASF48
 1430 061b 76030000 		.4byte	.LASF48
 1431 061f 09       		.byte	0x9
 1432 0620 39       		.byte	0x39
 1433 0621 1E       		.uleb128 0x1e
 1434 0622 53030000 		.4byte	.LASF49
ARM GAS  C:\Users\Krist\AppData\Local\Temp\ccsDnOFR.s 			page 30


 1435 0626 53030000 		.4byte	.LASF49
 1436 062a 09       		.byte	0x9
 1437 062b 3B       		.byte	0x3b
 1438 062c 1E       		.uleb128 0x1e
 1439 062d 38010000 		.4byte	.LASF50
 1440 0631 38010000 		.4byte	.LASF50
 1441 0635 08       		.byte	0x8
 1442 0636 5D       		.byte	0x5d
 1443 0637 1E       		.uleb128 0x1e
 1444 0638 24000000 		.4byte	.LASF51
 1445 063c 24000000 		.4byte	.LASF51
 1446 0640 0A       		.byte	0xa
 1447 0641 D1       		.byte	0xd1
 1448 0642 1E       		.uleb128 0x1e
 1449 0643 1A040000 		.4byte	.LASF52
 1450 0647 1A040000 		.4byte	.LASF52
 1451 064b 0A       		.byte	0xa
 1452 064c 39       		.byte	0x39
 1453 064d 1E       		.uleb128 0x1e
 1454 064e A3000000 		.4byte	.LASF53
 1455 0652 A3000000 		.4byte	.LASF53
 1456 0656 0A       		.byte	0xa
 1457 0657 3B       		.byte	0x3b
 1458 0658 1E       		.uleb128 0x1e
 1459 0659 35030000 		.4byte	.LASF54
 1460 065d 35030000 		.4byte	.LASF54
 1461 0661 0B       		.byte	0xb
 1462 0662 3D       		.byte	0x3d
 1463 0663 1E       		.uleb128 0x1e
 1464 0664 71020000 		.4byte	.LASF55
 1465 0668 71020000 		.4byte	.LASF55
 1466 066c 0C       		.byte	0xc
 1467 066d 3F       		.byte	0x3f
 1468 066e 1E       		.uleb128 0x1e
 1469 066f 7C000000 		.4byte	.LASF56
 1470 0673 7C000000 		.4byte	.LASF56
 1471 0677 0D       		.byte	0xd
 1472 0678 3F       		.byte	0x3f
 1473 0679 1E       		.uleb128 0x1e
 1474 067a 6E000000 		.4byte	.LASF57
 1475 067e 6E000000 		.4byte	.LASF57
 1476 0682 0E       		.byte	0xe
 1477 0683 3D       		.byte	0x3d
 1478 0684 1E       		.uleb128 0x1e
 1479 0685 00000000 		.4byte	.LASF58
 1480 0689 00000000 		.4byte	.LASF58
 1481 068d 0F       		.byte	0xf
 1482 068e 3D       		.byte	0x3d
 1483 068f 1E       		.uleb128 0x1e
 1484 0690 50000000 		.4byte	.LASF59
 1485 0694 50000000 		.4byte	.LASF59
 1486 0698 10       		.byte	0x10
 1487 0699 33       		.byte	0x33
 1488 069a 1E       		.uleb128 0x1e
 1489 069b C0000000 		.4byte	.LASF60
 1490 069f C0000000 		.4byte	.LASF60
 1491 06a3 09       		.byte	0x9
ARM GAS  C:\Users\Krist\AppData\Local\Temp\ccsDnOFR.s 			page 31


 1492 06a4 34       		.byte	0x34
 1493 06a5 1E       		.uleb128 0x1e
 1494 06a6 B2020000 		.4byte	.LASF61
 1495 06aa B2020000 		.4byte	.LASF61
 1496 06ae 0A       		.byte	0xa
 1497 06af 34       		.byte	0x34
 1498 06b0 1E       		.uleb128 0x1e
 1499 06b1 07010000 		.4byte	.LASF62
 1500 06b5 07010000 		.4byte	.LASF62
 1501 06b9 07       		.byte	0x7
 1502 06ba 54       		.byte	0x54
 1503 06bb 1E       		.uleb128 0x1e
 1504 06bc 4C010000 		.4byte	.LASF63
 1505 06c0 4C010000 		.4byte	.LASF63
 1506 06c4 11       		.byte	0x11
 1507 06c5 18       		.byte	0x18
 1508 06c6 1E       		.uleb128 0x1e
 1509 06c7 91000000 		.4byte	.LASF64
 1510 06cb 91000000 		.4byte	.LASF64
 1511 06cf 12       		.byte	0x12
 1512 06d0 18       		.byte	0x18
 1513 06d1 00       		.byte	0
 1514              		.section	.debug_abbrev,"",%progbits
 1515              	.Ldebug_abbrev0:
 1516 0000 01       		.uleb128 0x1
 1517 0001 11       		.uleb128 0x11
 1518 0002 01       		.byte	0x1
 1519 0003 25       		.uleb128 0x25
 1520 0004 0E       		.uleb128 0xe
 1521 0005 13       		.uleb128 0x13
 1522 0006 0B       		.uleb128 0xb
 1523 0007 03       		.uleb128 0x3
 1524 0008 0E       		.uleb128 0xe
 1525 0009 1B       		.uleb128 0x1b
 1526 000a 0E       		.uleb128 0xe
 1527 000b 55       		.uleb128 0x55
 1528 000c 17       		.uleb128 0x17
 1529 000d 11       		.uleb128 0x11
 1530 000e 01       		.uleb128 0x1
 1531 000f 10       		.uleb128 0x10
 1532 0010 17       		.uleb128 0x17
 1533 0011 00       		.byte	0
 1534 0012 00       		.byte	0
 1535 0013 02       		.uleb128 0x2
 1536 0014 16       		.uleb128 0x16
 1537 0015 00       		.byte	0
 1538 0016 03       		.uleb128 0x3
 1539 0017 0E       		.uleb128 0xe
 1540 0018 3A       		.uleb128 0x3a
 1541 0019 0B       		.uleb128 0xb
 1542 001a 3B       		.uleb128 0x3b
 1543 001b 0B       		.uleb128 0xb
 1544 001c 49       		.uleb128 0x49
 1545 001d 13       		.uleb128 0x13
 1546 001e 00       		.byte	0
 1547 001f 00       		.byte	0
 1548 0020 03       		.uleb128 0x3
ARM GAS  C:\Users\Krist\AppData\Local\Temp\ccsDnOFR.s 			page 32


 1549 0021 24       		.uleb128 0x24
 1550 0022 00       		.byte	0
 1551 0023 0B       		.uleb128 0xb
 1552 0024 0B       		.uleb128 0xb
 1553 0025 3E       		.uleb128 0x3e
 1554 0026 0B       		.uleb128 0xb
 1555 0027 03       		.uleb128 0x3
 1556 0028 0E       		.uleb128 0xe
 1557 0029 00       		.byte	0
 1558 002a 00       		.byte	0
 1559 002b 04       		.uleb128 0x4
 1560 002c 24       		.uleb128 0x24
 1561 002d 00       		.byte	0
 1562 002e 0B       		.uleb128 0xb
 1563 002f 0B       		.uleb128 0xb
 1564 0030 3E       		.uleb128 0x3e
 1565 0031 0B       		.uleb128 0xb
 1566 0032 03       		.uleb128 0x3
 1567 0033 08       		.uleb128 0x8
 1568 0034 00       		.byte	0
 1569 0035 00       		.byte	0
 1570 0036 05       		.uleb128 0x5
 1571 0037 16       		.uleb128 0x16
 1572 0038 00       		.byte	0
 1573 0039 03       		.uleb128 0x3
 1574 003a 0E       		.uleb128 0xe
 1575 003b 3A       		.uleb128 0x3a
 1576 003c 0B       		.uleb128 0xb
 1577 003d 3B       		.uleb128 0x3b
 1578 003e 05       		.uleb128 0x5
 1579 003f 49       		.uleb128 0x49
 1580 0040 13       		.uleb128 0x13
 1581 0041 00       		.byte	0
 1582 0042 00       		.byte	0
 1583 0043 06       		.uleb128 0x6
 1584 0044 13       		.uleb128 0x13
 1585 0045 01       		.byte	0x1
 1586 0046 0B       		.uleb128 0xb
 1587 0047 0B       		.uleb128 0xb
 1588 0048 3A       		.uleb128 0x3a
 1589 0049 0B       		.uleb128 0xb
 1590 004a 3B       		.uleb128 0x3b
 1591 004b 0B       		.uleb128 0xb
 1592 004c 01       		.uleb128 0x1
 1593 004d 13       		.uleb128 0x13
 1594 004e 00       		.byte	0
 1595 004f 00       		.byte	0
 1596 0050 07       		.uleb128 0x7
 1597 0051 0D       		.uleb128 0xd
 1598 0052 00       		.byte	0
 1599 0053 03       		.uleb128 0x3
 1600 0054 0E       		.uleb128 0xe
 1601 0055 3A       		.uleb128 0x3a
 1602 0056 0B       		.uleb128 0xb
 1603 0057 3B       		.uleb128 0x3b
 1604 0058 0B       		.uleb128 0xb
 1605 0059 49       		.uleb128 0x49
ARM GAS  C:\Users\Krist\AppData\Local\Temp\ccsDnOFR.s 			page 33


 1606 005a 13       		.uleb128 0x13
 1607 005b 38       		.uleb128 0x38
 1608 005c 0B       		.uleb128 0xb
 1609 005d 00       		.byte	0
 1610 005e 00       		.byte	0
 1611 005f 08       		.uleb128 0x8
 1612 0060 2E       		.uleb128 0x2e
 1613 0061 01       		.byte	0x1
 1614 0062 3F       		.uleb128 0x3f
 1615 0063 19       		.uleb128 0x19
 1616 0064 03       		.uleb128 0x3
 1617 0065 0E       		.uleb128 0xe
 1618 0066 3A       		.uleb128 0x3a
 1619 0067 0B       		.uleb128 0xb
 1620 0068 3B       		.uleb128 0x3b
 1621 0069 0B       		.uleb128 0xb
 1622 006a 27       		.uleb128 0x27
 1623 006b 19       		.uleb128 0x19
 1624 006c 11       		.uleb128 0x11
 1625 006d 01       		.uleb128 0x1
 1626 006e 12       		.uleb128 0x12
 1627 006f 06       		.uleb128 0x6
 1628 0070 40       		.uleb128 0x40
 1629 0071 18       		.uleb128 0x18
 1630 0072 9742     		.uleb128 0x2117
 1631 0074 19       		.uleb128 0x19
 1632 0075 01       		.uleb128 0x1
 1633 0076 13       		.uleb128 0x13
 1634 0077 00       		.byte	0
 1635 0078 00       		.byte	0
 1636 0079 09       		.uleb128 0x9
 1637 007a 898201   		.uleb128 0x4109
 1638 007d 01       		.byte	0x1
 1639 007e 11       		.uleb128 0x11
 1640 007f 01       		.uleb128 0x1
 1641 0080 31       		.uleb128 0x31
 1642 0081 13       		.uleb128 0x13
 1643 0082 01       		.uleb128 0x1
 1644 0083 13       		.uleb128 0x13
 1645 0084 00       		.byte	0
 1646 0085 00       		.byte	0
 1647 0086 0A       		.uleb128 0xa
 1648 0087 8A8201   		.uleb128 0x410a
 1649 008a 00       		.byte	0
 1650 008b 02       		.uleb128 0x2
 1651 008c 18       		.uleb128 0x18
 1652 008d 9142     		.uleb128 0x2111
 1653 008f 18       		.uleb128 0x18
 1654 0090 00       		.byte	0
 1655 0091 00       		.byte	0
 1656 0092 0B       		.uleb128 0xb
 1657 0093 898201   		.uleb128 0x4109
 1658 0096 00       		.byte	0
 1659 0097 11       		.uleb128 0x11
 1660 0098 01       		.uleb128 0x1
 1661 0099 31       		.uleb128 0x31
 1662 009a 13       		.uleb128 0x13
ARM GAS  C:\Users\Krist\AppData\Local\Temp\ccsDnOFR.s 			page 34


 1663 009b 00       		.byte	0
 1664 009c 00       		.byte	0
 1665 009d 0C       		.uleb128 0xc
 1666 009e 898201   		.uleb128 0x4109
 1667 00a1 01       		.byte	0x1
 1668 00a2 11       		.uleb128 0x11
 1669 00a3 01       		.uleb128 0x1
 1670 00a4 31       		.uleb128 0x31
 1671 00a5 13       		.uleb128 0x13
 1672 00a6 00       		.byte	0
 1673 00a7 00       		.byte	0
 1674 00a8 0D       		.uleb128 0xd
 1675 00a9 2E       		.uleb128 0x2e
 1676 00aa 01       		.byte	0x1
 1677 00ab 3F       		.uleb128 0x3f
 1678 00ac 19       		.uleb128 0x19
 1679 00ad 03       		.uleb128 0x3
 1680 00ae 0E       		.uleb128 0xe
 1681 00af 3A       		.uleb128 0x3a
 1682 00b0 0B       		.uleb128 0xb
 1683 00b1 3B       		.uleb128 0x3b
 1684 00b2 0B       		.uleb128 0xb
 1685 00b3 49       		.uleb128 0x49
 1686 00b4 13       		.uleb128 0x13
 1687 00b5 11       		.uleb128 0x11
 1688 00b6 01       		.uleb128 0x1
 1689 00b7 12       		.uleb128 0x12
 1690 00b8 06       		.uleb128 0x6
 1691 00b9 40       		.uleb128 0x40
 1692 00ba 18       		.uleb128 0x18
 1693 00bb 9742     		.uleb128 0x2117
 1694 00bd 19       		.uleb128 0x19
 1695 00be 01       		.uleb128 0x1
 1696 00bf 13       		.uleb128 0x13
 1697 00c0 00       		.byte	0
 1698 00c1 00       		.byte	0
 1699 00c2 0E       		.uleb128 0xe
 1700 00c3 34       		.uleb128 0x34
 1701 00c4 00       		.byte	0
 1702 00c5 03       		.uleb128 0x3
 1703 00c6 0E       		.uleb128 0xe
 1704 00c7 3A       		.uleb128 0x3a
 1705 00c8 0B       		.uleb128 0xb
 1706 00c9 3B       		.uleb128 0x3b
 1707 00ca 0B       		.uleb128 0xb
 1708 00cb 49       		.uleb128 0x49
 1709 00cc 13       		.uleb128 0x13
 1710 00cd 02       		.uleb128 0x2
 1711 00ce 17       		.uleb128 0x17
 1712 00cf 00       		.byte	0
 1713 00d0 00       		.byte	0
 1714 00d1 0F       		.uleb128 0xf
 1715 00d2 34       		.uleb128 0x34
 1716 00d3 00       		.byte	0
 1717 00d4 03       		.uleb128 0x3
 1718 00d5 0E       		.uleb128 0xe
 1719 00d6 3A       		.uleb128 0x3a
ARM GAS  C:\Users\Krist\AppData\Local\Temp\ccsDnOFR.s 			page 35


 1720 00d7 0B       		.uleb128 0xb
 1721 00d8 3B       		.uleb128 0x3b
 1722 00d9 0B       		.uleb128 0xb
 1723 00da 49       		.uleb128 0x49
 1724 00db 13       		.uleb128 0x13
 1725 00dc 1C       		.uleb128 0x1c
 1726 00dd 0B       		.uleb128 0xb
 1727 00de 00       		.byte	0
 1728 00df 00       		.byte	0
 1729 00e0 10       		.uleb128 0x10
 1730 00e1 0B       		.uleb128 0xb
 1731 00e2 01       		.byte	0x1
 1732 00e3 55       		.uleb128 0x55
 1733 00e4 17       		.uleb128 0x17
 1734 00e5 01       		.uleb128 0x1
 1735 00e6 13       		.uleb128 0x13
 1736 00e7 00       		.byte	0
 1737 00e8 00       		.byte	0
 1738 00e9 11       		.uleb128 0x11
 1739 00ea 34       		.uleb128 0x34
 1740 00eb 00       		.byte	0
 1741 00ec 03       		.uleb128 0x3
 1742 00ed 08       		.uleb128 0x8
 1743 00ee 3A       		.uleb128 0x3a
 1744 00ef 0B       		.uleb128 0xb
 1745 00f0 3B       		.uleb128 0x3b
 1746 00f1 0B       		.uleb128 0xb
 1747 00f2 49       		.uleb128 0x49
 1748 00f3 13       		.uleb128 0x13
 1749 00f4 02       		.uleb128 0x2
 1750 00f5 17       		.uleb128 0x17
 1751 00f6 00       		.byte	0
 1752 00f7 00       		.byte	0
 1753 00f8 12       		.uleb128 0x12
 1754 00f9 0B       		.uleb128 0xb
 1755 00fa 01       		.byte	0x1
 1756 00fb 11       		.uleb128 0x11
 1757 00fc 01       		.uleb128 0x1
 1758 00fd 12       		.uleb128 0x12
 1759 00fe 06       		.uleb128 0x6
 1760 00ff 00       		.byte	0
 1761 0100 00       		.byte	0
 1762 0101 13       		.uleb128 0x13
 1763 0102 2E       		.uleb128 0x2e
 1764 0103 01       		.byte	0x1
 1765 0104 3F       		.uleb128 0x3f
 1766 0105 19       		.uleb128 0x19
 1767 0106 03       		.uleb128 0x3
 1768 0107 0E       		.uleb128 0xe
 1769 0108 3A       		.uleb128 0x3a
 1770 0109 0B       		.uleb128 0xb
 1771 010a 3B       		.uleb128 0x3b
 1772 010b 0B       		.uleb128 0xb
 1773 010c 27       		.uleb128 0x27
 1774 010d 19       		.uleb128 0x19
 1775 010e 49       		.uleb128 0x49
 1776 010f 13       		.uleb128 0x13
ARM GAS  C:\Users\Krist\AppData\Local\Temp\ccsDnOFR.s 			page 36


 1777 0110 11       		.uleb128 0x11
 1778 0111 01       		.uleb128 0x1
 1779 0112 12       		.uleb128 0x12
 1780 0113 06       		.uleb128 0x6
 1781 0114 40       		.uleb128 0x40
 1782 0115 18       		.uleb128 0x18
 1783 0116 9642     		.uleb128 0x2116
 1784 0118 19       		.uleb128 0x19
 1785 0119 01       		.uleb128 0x1
 1786 011a 13       		.uleb128 0x13
 1787 011b 00       		.byte	0
 1788 011c 00       		.byte	0
 1789 011d 14       		.uleb128 0x14
 1790 011e 05       		.uleb128 0x5
 1791 011f 00       		.byte	0
 1792 0120 03       		.uleb128 0x3
 1793 0121 0E       		.uleb128 0xe
 1794 0122 3A       		.uleb128 0x3a
 1795 0123 0B       		.uleb128 0xb
 1796 0124 3B       		.uleb128 0x3b
 1797 0125 0B       		.uleb128 0xb
 1798 0126 49       		.uleb128 0x49
 1799 0127 13       		.uleb128 0x13
 1800 0128 02       		.uleb128 0x2
 1801 0129 17       		.uleb128 0x17
 1802 012a 00       		.byte	0
 1803 012b 00       		.byte	0
 1804 012c 15       		.uleb128 0x15
 1805 012d 2E       		.uleb128 0x2e
 1806 012e 01       		.byte	0x1
 1807 012f 3F       		.uleb128 0x3f
 1808 0130 19       		.uleb128 0x19
 1809 0131 03       		.uleb128 0x3
 1810 0132 0E       		.uleb128 0xe
 1811 0133 3A       		.uleb128 0x3a
 1812 0134 0B       		.uleb128 0xb
 1813 0135 3B       		.uleb128 0x3b
 1814 0136 0B       		.uleb128 0xb
 1815 0137 27       		.uleb128 0x27
 1816 0138 19       		.uleb128 0x19
 1817 0139 49       		.uleb128 0x49
 1818 013a 13       		.uleb128 0x13
 1819 013b 8701     		.uleb128 0x87
 1820 013d 19       		.uleb128 0x19
 1821 013e 11       		.uleb128 0x11
 1822 013f 01       		.uleb128 0x1
 1823 0140 12       		.uleb128 0x12
 1824 0141 06       		.uleb128 0x6
 1825 0142 40       		.uleb128 0x40
 1826 0143 18       		.uleb128 0x18
 1827 0144 9742     		.uleb128 0x2117
 1828 0146 19       		.uleb128 0x19
 1829 0147 01       		.uleb128 0x1
 1830 0148 13       		.uleb128 0x13
 1831 0149 00       		.byte	0
 1832 014a 00       		.byte	0
 1833 014b 16       		.uleb128 0x16
ARM GAS  C:\Users\Krist\AppData\Local\Temp\ccsDnOFR.s 			page 37


 1834 014c 34       		.uleb128 0x34
 1835 014d 00       		.byte	0
 1836 014e 03       		.uleb128 0x3
 1837 014f 0E       		.uleb128 0xe
 1838 0150 3A       		.uleb128 0x3a
 1839 0151 0B       		.uleb128 0xb
 1840 0152 3B       		.uleb128 0x3b
 1841 0153 0B       		.uleb128 0xb
 1842 0154 49       		.uleb128 0x49
 1843 0155 13       		.uleb128 0x13
 1844 0156 1C       		.uleb128 0x1c
 1845 0157 0A       		.uleb128 0xa
 1846 0158 00       		.byte	0
 1847 0159 00       		.byte	0
 1848 015a 17       		.uleb128 0x17
 1849 015b 0B       		.uleb128 0xb
 1850 015c 01       		.byte	0x1
 1851 015d 11       		.uleb128 0x11
 1852 015e 01       		.uleb128 0x1
 1853 015f 12       		.uleb128 0x12
 1854 0160 06       		.uleb128 0x6
 1855 0161 01       		.uleb128 0x1
 1856 0162 13       		.uleb128 0x13
 1857 0163 00       		.byte	0
 1858 0164 00       		.byte	0
 1859 0165 18       		.uleb128 0x18
 1860 0166 26       		.uleb128 0x26
 1861 0167 00       		.byte	0
 1862 0168 49       		.uleb128 0x49
 1863 0169 13       		.uleb128 0x13
 1864 016a 00       		.byte	0
 1865 016b 00       		.byte	0
 1866 016c 19       		.uleb128 0x19
 1867 016d 34       		.uleb128 0x34
 1868 016e 00       		.byte	0
 1869 016f 03       		.uleb128 0x3
 1870 0170 0E       		.uleb128 0xe
 1871 0171 3A       		.uleb128 0x3a
 1872 0172 0B       		.uleb128 0xb
 1873 0173 3B       		.uleb128 0x3b
 1874 0174 05       		.uleb128 0x5
 1875 0175 49       		.uleb128 0x49
 1876 0176 13       		.uleb128 0x13
 1877 0177 3F       		.uleb128 0x3f
 1878 0178 19       		.uleb128 0x19
 1879 0179 3C       		.uleb128 0x3c
 1880 017a 19       		.uleb128 0x19
 1881 017b 00       		.byte	0
 1882 017c 00       		.byte	0
 1883 017d 1A       		.uleb128 0x1a
 1884 017e 35       		.uleb128 0x35
 1885 017f 00       		.byte	0
 1886 0180 49       		.uleb128 0x49
 1887 0181 13       		.uleb128 0x13
 1888 0182 00       		.byte	0
 1889 0183 00       		.byte	0
 1890 0184 1B       		.uleb128 0x1b
ARM GAS  C:\Users\Krist\AppData\Local\Temp\ccsDnOFR.s 			page 38


 1891 0185 01       		.uleb128 0x1
 1892 0186 01       		.byte	0x1
 1893 0187 49       		.uleb128 0x49
 1894 0188 13       		.uleb128 0x13
 1895 0189 01       		.uleb128 0x1
 1896 018a 13       		.uleb128 0x13
 1897 018b 00       		.byte	0
 1898 018c 00       		.byte	0
 1899 018d 1C       		.uleb128 0x1c
 1900 018e 21       		.uleb128 0x21
 1901 018f 00       		.byte	0
 1902 0190 49       		.uleb128 0x49
 1903 0191 13       		.uleb128 0x13
 1904 0192 2F       		.uleb128 0x2f
 1905 0193 0B       		.uleb128 0xb
 1906 0194 00       		.byte	0
 1907 0195 00       		.byte	0
 1908 0196 1D       		.uleb128 0x1d
 1909 0197 34       		.uleb128 0x34
 1910 0198 00       		.byte	0
 1911 0199 03       		.uleb128 0x3
 1912 019a 0E       		.uleb128 0xe
 1913 019b 3A       		.uleb128 0x3a
 1914 019c 0B       		.uleb128 0xb
 1915 019d 3B       		.uleb128 0x3b
 1916 019e 0B       		.uleb128 0xb
 1917 019f 49       		.uleb128 0x49
 1918 01a0 13       		.uleb128 0x13
 1919 01a1 3F       		.uleb128 0x3f
 1920 01a2 19       		.uleb128 0x19
 1921 01a3 02       		.uleb128 0x2
 1922 01a4 18       		.uleb128 0x18
 1923 01a5 00       		.byte	0
 1924 01a6 00       		.byte	0
 1925 01a7 1E       		.uleb128 0x1e
 1926 01a8 2E       		.uleb128 0x2e
 1927 01a9 00       		.byte	0
 1928 01aa 3F       		.uleb128 0x3f
 1929 01ab 19       		.uleb128 0x19
 1930 01ac 3C       		.uleb128 0x3c
 1931 01ad 19       		.uleb128 0x19
 1932 01ae 6E       		.uleb128 0x6e
 1933 01af 0E       		.uleb128 0xe
 1934 01b0 03       		.uleb128 0x3
 1935 01b1 0E       		.uleb128 0xe
 1936 01b2 3A       		.uleb128 0x3a
 1937 01b3 0B       		.uleb128 0xb
 1938 01b4 3B       		.uleb128 0x3b
 1939 01b5 0B       		.uleb128 0xb
 1940 01b6 00       		.byte	0
 1941 01b7 00       		.byte	0
 1942 01b8 00       		.byte	0
 1943              		.section	.debug_loc,"",%progbits
 1944              	.Ldebug_loc0:
 1945              	.LLST0:
 1946 0000 00000000 		.4byte	.LVL21
 1947 0004 06000000 		.4byte	.LVL22
ARM GAS  C:\Users\Krist\AppData\Local\Temp\ccsDnOFR.s 			page 39


 1948 0008 0200     		.2byte	0x2
 1949 000a 30       		.byte	0x30
 1950 000b 9F       		.byte	0x9f
 1951 000c 06000000 		.4byte	.LVL22
 1952 0010 42000000 		.4byte	.LVL32
 1953 0014 0100     		.2byte	0x1
 1954 0016 50       		.byte	0x50
 1955 0017 00000000 		.4byte	0
 1956 001b 00000000 		.4byte	0
 1957              	.LLST1:
 1958 001f 00000000 		.4byte	.LVL21
 1959 0023 24000000 		.4byte	.LVL27
 1960 0027 0200     		.2byte	0x2
 1961 0029 30       		.byte	0x30
 1962 002a 9F       		.byte	0x9f
 1963 002b 24000000 		.4byte	.LVL27
 1964 002f 54000000 		.4byte	.LFE66
 1965 0033 0100     		.2byte	0x1
 1966 0035 51       		.byte	0x51
 1967 0036 00000000 		.4byte	0
 1968 003a 00000000 		.4byte	0
 1969              	.LLST2:
 1970 003e 00000000 		.4byte	.LVL21
 1971 0042 06000000 		.4byte	.LVL22
 1972 0046 0200     		.2byte	0x2
 1973 0048 30       		.byte	0x30
 1974 0049 9F       		.byte	0x9f
 1975 004a 06000000 		.4byte	.LVL22
 1976 004e 18000000 		.4byte	.LVL24
 1977 0052 0100     		.2byte	0x1
 1978 0054 53       		.byte	0x53
 1979 0055 1A000000 		.4byte	.LVL25
 1980 0059 20000000 		.4byte	.LVL26
 1981 005d 0100     		.2byte	0x1
 1982 005f 53       		.byte	0x53
 1983 0060 00000000 		.4byte	0
 1984 0064 00000000 		.4byte	0
 1985              	.LLST3:
 1986 0068 24000000 		.4byte	.LVL27
 1987 006c 36000000 		.4byte	.LVL29
 1988 0070 0100     		.2byte	0x1
 1989 0072 53       		.byte	0x53
 1990 0073 38000000 		.4byte	.LVL30
 1991 0077 3E000000 		.4byte	.LVL31
 1992 007b 0100     		.2byte	0x1
 1993 007d 53       		.byte	0x53
 1994 007e 00000000 		.4byte	0
 1995 0082 00000000 		.4byte	0
 1996              	.LLST4:
 1997 0086 00000000 		.4byte	.LVL33
 1998 008a 06000000 		.4byte	.LVL34
 1999 008e 0100     		.2byte	0x1
 2000 0090 50       		.byte	0x50
 2001 0091 06000000 		.4byte	.LVL34
 2002 0095 18000000 		.4byte	.LFE67
 2003 0099 0100     		.2byte	0x1
 2004 009b 54       		.byte	0x54
ARM GAS  C:\Users\Krist\AppData\Local\Temp\ccsDnOFR.s 			page 40


 2005 009c 00000000 		.4byte	0
 2006 00a0 00000000 		.4byte	0
 2007              	.LLST5:
 2008 00a4 00000000 		.4byte	.LVL33
 2009 00a8 09000000 		.4byte	.LVL35-1
 2010 00ac 0100     		.2byte	0x1
 2011 00ae 51       		.byte	0x51
 2012 00af 09000000 		.4byte	.LVL35-1
 2013 00b3 18000000 		.4byte	.LFE67
 2014 00b7 0400     		.2byte	0x4
 2015 00b9 F3       		.byte	0xf3
 2016 00ba 01       		.uleb128 0x1
 2017 00bb 51       		.byte	0x51
 2018 00bc 9F       		.byte	0x9f
 2019 00bd 00000000 		.4byte	0
 2020 00c1 00000000 		.4byte	0
 2021              	.LLST6:
 2022 00c5 82000000 		.4byte	.LVL53
 2023 00c9 94000000 		.4byte	.LVL55
 2024 00cd 0200     		.2byte	0x2
 2025 00cf 30       		.byte	0x30
 2026 00d0 9F       		.byte	0x9f
 2027 00d1 C4000000 		.4byte	.LVL60
 2028 00d5 CA000000 		.4byte	.LVL61
 2029 00d9 0100     		.2byte	0x1
 2030 00db 50       		.byte	0x50
 2031 00dc 00000000 		.4byte	0
 2032 00e0 00000000 		.4byte	0
 2033              	.LLST7:
 2034 00e4 BC000000 		.4byte	.LVL58
 2035 00e8 C0000000 		.4byte	.LVL59
 2036 00ec 0100     		.2byte	0x1
 2037 00ee 50       		.byte	0x50
 2038 00ef C0000000 		.4byte	.LVL59
 2039 00f3 C3000000 		.4byte	.LVL60-1
 2040 00f7 0100     		.2byte	0x1
 2041 00f9 51       		.byte	0x51
 2042 00fa 00000000 		.4byte	0
 2043 00fe 00000000 		.4byte	0
 2044              		.section	.debug_aranges,"",%progbits
 2045 0000 3C000000 		.4byte	0x3c
 2046 0004 0200     		.2byte	0x2
 2047 0006 00000000 		.4byte	.Ldebug_info0
 2048 000a 04       		.byte	0x4
 2049 000b 00       		.byte	0
 2050 000c 0000     		.2byte	0
 2051 000e 0000     		.2byte	0
 2052 0010 00000000 		.4byte	.LFB64
 2053 0014 20010000 		.4byte	.LFE64-.LFB64
 2054 0018 00000000 		.4byte	.LFB65
 2055 001c 64000000 		.4byte	.LFE65-.LFB65
 2056 0020 00000000 		.4byte	.LFB66
 2057 0024 54000000 		.4byte	.LFE66-.LFB66
 2058 0028 00000000 		.4byte	.LFB67
 2059 002c 18000000 		.4byte	.LFE67-.LFB67
 2060 0030 00000000 		.4byte	.LFB68
 2061 0034 08010000 		.4byte	.LFE68-.LFB68
ARM GAS  C:\Users\Krist\AppData\Local\Temp\ccsDnOFR.s 			page 41


 2062 0038 00000000 		.4byte	0
 2063 003c 00000000 		.4byte	0
 2064              		.section	.debug_ranges,"",%progbits
 2065              	.Ldebug_ranges0:
 2066 0000 00000000 		.4byte	.LBB2
 2067 0004 02000000 		.4byte	.LBE2
 2068 0008 04000000 		.4byte	.LBB3
 2069 000c 24000000 		.4byte	.LBE3
 2070 0010 00000000 		.4byte	0
 2071 0014 00000000 		.4byte	0
 2072 0018 00000000 		.4byte	.LFB64
 2073 001c 20010000 		.4byte	.LFE64
 2074 0020 00000000 		.4byte	.LFB65
 2075 0024 64000000 		.4byte	.LFE65
 2076 0028 00000000 		.4byte	.LFB66
 2077 002c 54000000 		.4byte	.LFE66
 2078 0030 00000000 		.4byte	.LFB67
 2079 0034 18000000 		.4byte	.LFE67
 2080 0038 00000000 		.4byte	.LFB68
 2081 003c 08010000 		.4byte	.LFE68
 2082 0040 00000000 		.4byte	0
 2083 0044 00000000 		.4byte	0
 2084              		.section	.debug_line,"",%progbits
 2085              	.Ldebug_line0:
 2086 0000 2D030000 		.section	.debug_str,"MS",%progbits,1
 2086      02005E02 
 2086      00000201 
 2086      FB0E0D00 
 2086      01010101 
 2087              	.LASF58:
 2088 0000 4D697865 		.ascii	"Mixer_B_Start\000"
 2088      725F425F 
 2088      53746172 
 2088      7400
 2089              	.LASF68:
 2090 000e 636F6E76 		.ascii	"convert_time_to_angle\000"
 2090      6572745F 
 2090      74696D65 
 2090      5F746F5F 
 2090      616E676C 
 2091              	.LASF51:
 2092 0024 4144435F 		.ascii	"ADC_B_StartConvert\000"
 2092      425F5374 
 2092      61727443 
 2092      6F6E7665 
 2092      727400
 2093              	.LASF14:
 2094 0037 696E7438 		.ascii	"int8_t\000"
 2094      5F7400
 2095              	.LASF39:
 2096 003e 5472616E 		.ascii	"TransmitBufferUSB\000"
 2096      736D6974 
 2096      42756666 
 2096      65725553 
 2096      4200
 2097              	.LASF59:
 2098 0050 56444143 		.ascii	"VDAC_Start\000"
ARM GAS  C:\Users\Krist\AppData\Local\Temp\ccsDnOFR.s 			page 42


 2098      5F537461 
 2098      727400
 2099              	.LASF5:
 2100 005b 73686F72 		.ascii	"short int\000"
 2100      7420696E 
 2100      7400
 2101              	.LASF25:
 2102 0065 73697A65 		.ascii	"sizetype\000"
 2102      74797065 
 2102      00
 2103              	.LASF57:
 2104 006e 4D697865 		.ascii	"Mixer_A_Start\000"
 2104      725F415F 
 2104      53746172 
 2104      7400
 2105              	.LASF56:
 2106 007c 436F6D70 		.ascii	"Comp_PD_B_Start\000"
 2106      5F50445F 
 2106      425F5374 
 2106      61727400 
 2107              	.LASF69:
 2108 008c 6D61696E 		.ascii	"main\000"
 2108      00
 2109              	.LASF64:
 2110 0091 4953525F 		.ascii	"ISR_PIN_B_StartEx\000"
 2110      50494E5F 
 2110      425F5374 
 2110      61727445 
 2110      7800
 2111              	.LASF53:
 2112 00a3 4144435F 		.ascii	"ADC_B_GetResult16\000"
 2112      425F4765 
 2112      74526573 
 2112      756C7431 
 2112      3600
 2113              	.LASF6:
 2114 00b5 5F5F7569 		.ascii	"__uint16_t\000"
 2114      6E743136 
 2114      5F7400
 2115              	.LASF60:
 2116 00c0 4144435F 		.ascii	"ADC_A_Start\000"
 2116      415F5374 
 2116      61727400 
 2117              	.LASF43:
 2118 00cc 696E6465 		.ascii	"indexB\000"
 2118      784200
 2119              	.LASF27:
 2120 00d3 76616C75 		.ascii	"value\000"
 2120      6500
 2121              	.LASF30:
 2122 00d9 4953525F 		.ascii	"ISR_B_Interrupt\000"
 2122      425F496E 
 2122      74657272 
 2122      75707400 
 2123              	.LASF15:
 2124 00e9 75696E74 		.ascii	"uint8_t\000"
 2124      385F7400 
ARM GAS  C:\Users\Krist\AppData\Local\Temp\ccsDnOFR.s 			page 43


 2125              	.LASF20:
 2126 00f1 696E7431 		.ascii	"int16\000"
 2126      3600
 2127              	.LASF19:
 2128 00f7 75696E74 		.ascii	"uint8\000"
 2128      3800
 2129              	.LASF33:
 2130 00fd 44617461 		.ascii	"DataB_Pos\000"
 2130      425F506F 
 2130      7300
 2131              	.LASF62:
 2132 0107 55415254 		.ascii	"UART_1_Start\000"
 2132      5F315F53 
 2132      74617274 
 2132      00
 2133              	.LASF21:
 2134 0114 666C6F61 		.ascii	"float\000"
 2134      7400
 2135              	.LASF31:
 2136 011a 63616C63 		.ascii	"calc_delta_time\000"
 2136      5F64656C 
 2136      74615F74 
 2136      696D6500 
 2137              	.LASF11:
 2138 012a 6C6F6E67 		.ascii	"long long int\000"
 2138      206C6F6E 
 2138      6720696E 
 2138      7400
 2139              	.LASF50:
 2140 0138 436F756E 		.ascii	"Counter_ReadCounter\000"
 2140      7465725F 
 2140      52656164 
 2140      436F756E 
 2140      74657200 
 2141              	.LASF63:
 2142 014c 4953525F 		.ascii	"ISR_PIN_A_StartEx\000"
 2142      50494E5F 
 2142      415F5374 
 2142      61727445 
 2142      7800
 2143              	.LASF9:
 2144 015e 6C6F6E67 		.ascii	"long int\000"
 2144      20696E74 
 2144      00
 2145              	.LASF47:
 2146 0167 4144435F 		.ascii	"ADC_A_StartConvert\000"
 2146      415F5374 
 2146      61727443 
 2146      6F6E7665 
 2146      727400
 2147              	.LASF1:
 2148 017a 5F5F7569 		.ascii	"__uint8_t\000"
 2148      6E74385F 
 2148      7400
 2149              	.LASF34:
 2150 0184 746D705F 		.ascii	"tmp_amp\000"
 2150      616D7000 
ARM GAS  C:\Users\Krist\AppData\Local\Temp\ccsDnOFR.s 			page 44


 2151              	.LASF67:
 2152 018c 433A5C55 		.ascii	"C:\\Users\\Krist\\OneDrive\\Dokumenter\\GitHub\\pla"
 2152      73657273 
 2152      5C4B7269 
 2152      73745C4F 
 2152      6E654472 
 2153 01b9 746F6F6E 		.ascii	"tooning\\PSoC\\PeakDetector\\FirstTry.cydsn\000"
 2153      696E675C 
 2153      50536F43 
 2153      5C506561 
 2153      6B446574 
 2154              	.LASF29:
 2155 01e2 4953525F 		.ascii	"ISR_A_Interrupt\000"
 2155      415F496E 
 2155      74657272 
 2155      75707400 
 2156              	.LASF24:
 2157 01f2 6C6F6E67 		.ascii	"long double\000"
 2157      20646F75 
 2157      626C6500 
 2158              	.LASF3:
 2159 01fe 756E7369 		.ascii	"unsigned char\000"
 2159      676E6564 
 2159      20636861 
 2159      7200
 2160              	.LASF44:
 2161 020c 73707269 		.ascii	"sprintf\000"
 2161      6E746600 
 2162              	.LASF2:
 2163 0214 7369676E 		.ascii	"signed char\000"
 2163      65642063 
 2163      68617200 
 2164              	.LASF12:
 2165 0220 6C6F6E67 		.ascii	"long long unsigned int\000"
 2165      206C6F6E 
 2165      6720756E 
 2165      7369676E 
 2165      65642069 
 2166              	.LASF28:
 2167 0237 64617461 		.ascii	"datapoint\000"
 2167      706F696E 
 2167      7400
 2168              	.LASF13:
 2169 0241 756E7369 		.ascii	"unsigned int\000"
 2169      676E6564 
 2169      20696E74 
 2169      00
 2170              	.LASF17:
 2171 024e 75696E74 		.ascii	"uint16_t\000"
 2171      31365F74 
 2171      00
 2172              	.LASF26:
 2173 0257 74696D65 		.ascii	"time\000"
 2173      00
 2174              	.LASF46:
 2175 025c 436F756E 		.ascii	"Counter_WriteCounter\000"
 2175      7465725F 
ARM GAS  C:\Users\Krist\AppData\Local\Temp\ccsDnOFR.s 			page 45


 2175      57726974 
 2175      65436F75 
 2175      6E746572 
 2176              	.LASF55:
 2177 0271 436F6D70 		.ascii	"Comp_PD_A_Start\000"
 2177      5F50445F 
 2177      415F5374 
 2177      61727400 
 2178              	.LASF7:
 2179 0281 73686F72 		.ascii	"short unsigned int\000"
 2179      7420756E 
 2179      7369676E 
 2179      65642069 
 2179      6E7400
 2180              	.LASF0:
 2181 0294 5F5F696E 		.ascii	"__int8_t\000"
 2181      74385F74 
 2181      00
 2182              	.LASF23:
 2183 029d 63686172 		.ascii	"char\000"
 2183      00
 2184              	.LASF18:
 2185 02a2 696E7433 		.ascii	"int32_t\000"
 2185      325F7400 
 2186              	.LASF16:
 2187 02aa 696E7431 		.ascii	"int16_t\000"
 2187      365F7400 
 2188              	.LASF61:
 2189 02b2 4144435F 		.ascii	"ADC_B_Start\000"
 2189      425F5374 
 2189      61727400 
 2190              	.LASF66:
 2191 02be 6D61696E 		.ascii	"main.c\000"
 2191      2E6300
 2192              	.LASF10:
 2193 02c5 6C6F6E67 		.ascii	"long unsigned int\000"
 2193      20756E73 
 2193      69676E65 
 2193      6420696E 
 2193      7400
 2194              	.LASF40:
 2195 02d7 44617461 		.ascii	"DataA\000"
 2195      4100
 2196              	.LASF41:
 2197 02dd 44617461 		.ascii	"DataB\000"
 2197      4200
 2198              	.LASF45:
 2199 02e3 55415254 		.ascii	"UART_1_PutString\000"
 2199      5F315F50 
 2199      75745374 
 2199      72696E67 
 2199      00
 2200              	.LASF38:
 2201 02f4 49544D5F 		.ascii	"ITM_RxBuffer\000"
 2201      52784275 
 2201      66666572 
 2201      00
ARM GAS  C:\Users\Krist\AppData\Local\Temp\ccsDnOFR.s 			page 46


 2202              	.LASF36:
 2203 0301 74696D65 		.ascii	"time_delta\000"
 2203      5F64656C 
 2203      746100
 2204              	.LASF35:
 2205 030c 74696D65 		.ascii	"time_to_angle_factor\000"
 2205      5F746F5F 
 2205      616E676C 
 2205      655F6661 
 2205      63746F72 
 2206              	.LASF8:
 2207 0321 5F5F696E 		.ascii	"__int32_t\000"
 2207      7433325F 
 2207      7400
 2208              	.LASF4:
 2209 032b 5F5F696E 		.ascii	"__int16_t\000"
 2209      7431365F 
 2209      7400
 2210              	.LASF54:
 2211 0335 4D697865 		.ascii	"Mixer_PD_A_Start\000"
 2211      725F5044 
 2211      5F415F53 
 2211      74617274 
 2211      00
 2212              	.LASF37:
 2213 0346 616E676C 		.ascii	"angle\000"
 2213      6500
 2214              	.LASF22:
 2215 034c 646F7562 		.ascii	"double\000"
 2215      6C6500
 2216              	.LASF49:
 2217 0353 4144435F 		.ascii	"ADC_A_GetResult16\000"
 2217      415F4765 
 2217      74526573 
 2217      756C7431 
 2217      3600
 2218              	.LASF32:
 2219 0365 44617461 		.ascii	"DataA_Pos\000"
 2219      415F506F 
 2219      7300
 2220              	.LASF42:
 2221 036f 696E6465 		.ascii	"indexA\000"
 2221      784100
 2222              	.LASF48:
 2223 0376 4144435F 		.ascii	"ADC_A_IsEndConversion\000"
 2223      415F4973 
 2223      456E6443 
 2223      6F6E7665 
 2223      7273696F 
 2224              	.LASF65:
 2225 038c 474E5520 		.ascii	"GNU C11 5.4.1 20160609 (release) [ARM/embedded-5-br"
 2225      43313120 
 2225      352E342E 
 2225      31203230 
 2225      31363036 
 2226 03bf 616E6368 		.ascii	"anch revision 237715] -mcpu=cortex-m3 -mthumb -g -O"
 2226      20726576 
ARM GAS  C:\Users\Krist\AppData\Local\Temp\ccsDnOFR.s 			page 47


 2226      6973696F 
 2226      6E203233 
 2226      37373135 
 2227 03f2 67202D66 		.ascii	"g -ffunction-sections -ffat-lto-objects\000"
 2227      66756E63 
 2227      74696F6E 
 2227      2D736563 
 2227      74696F6E 
 2228              	.LASF52:
 2229 041a 4144435F 		.ascii	"ADC_B_IsEndConversion\000"
 2229      425F4973 
 2229      456E6443 
 2229      6F6E7665 
 2229      7273696F 
 2230              		.ident	"GCC: (GNU Tools for ARM Embedded Processors) 5.4.1 20160609 (release) [ARM/embedded-5-bran
